[0.017s] Invoking command in '/home/autoware/Autoware/build/integrated_viewer': CMAKE_PREFIX_PATH=/home/autoware/Autoware/install/autoware_msgs:/home/autoware/Autoware/install/autoware_build_flags:${CMAKE_PREFIX_PATH} PKG_CONFIG_PATH=/home/autoware/Autoware/install/autoware_msgs/lib/x86_64-linux-gnu/pkgconfig:/home/autoware/Autoware/install/autoware_msgs/lib/pkgconfig:/home/autoware/Autoware/install/autoware_build_flags/lib/x86_64-linux-gnu/pkgconfig:/home/autoware/Autoware/install/autoware_build_flags/lib/pkgconfig:${PKG_CONFIG_PATH} PYTHONPATH=/home/autoware/Autoware/install/autoware_msgs/lib/python2.7/dist-packages:${PYTHONPATH} ROS_PACKAGE_PATH=/home/autoware/Autoware/install/autoware_msgs/share:/home/autoware/Autoware/install/autoware_build_flags/share:${ROS_PACKAGE_PATH} /usr/bin/cmake /home/autoware/Autoware/src/autoware/visualization/integrated_viewer -DCMAKE_BUILD_TYPE=Release -DCATKIN_INSTALL_INTO_PREFIX_ROOT=0 -DCMAKE_INSTALL_PREFIX=/home/autoware/Autoware/install/integrated_viewer
[0.110s] -- The C compiler identification is GNU 7.5.0
[0.194s] -- The CXX compiler identification is GNU 7.5.0
[0.202s] -- Check for working C compiler: /usr/bin/cc
[0.283s] -- Check for working C compiler: /usr/bin/cc -- works
[0.283s] -- Detecting C compiler ABI info
[0.357s] -- Detecting C compiler ABI info - done
[0.366s] -- Detecting C compile features
[0.614s] -- Detecting C compile features - done
[0.617s] -- Check for working CXX compiler: /usr/bin/c++
[0.719s] -- Check for working CXX compiler: /usr/bin/c++ -- works
[0.719s] -- Detecting CXX compiler ABI info
[0.803s] -- Detecting CXX compiler ABI info - done
[0.810s] -- Detecting CXX compile features
[1.212s] -- Detecting CXX compile features - done
[1.214s] -- CUDA compilation status: ON.
[1.215s] -- Using CATKIN_DEVEL_PREFIX: /home/autoware/Autoware/build/integrated_viewer/devel
[1.215s] -- Using CMAKE_PREFIX_PATH: /home/autoware/Autoware/install/autoware_msgs;/home/autoware/Autoware/install/autoware_build_flags;/opt/ros/melodic
[1.215s] -- This workspace overlays: /home/autoware/Autoware/install/autoware_msgs;/home/autoware/Autoware/install/autoware_build_flags;/opt/ros/melodic
[1.231s] -- Found PythonInterp: /usr/bin/python2 (found suitable version "2.7.17", minimum required is "2") 
[1.231s] -- Using PYTHON_EXECUTABLE: /usr/bin/python2
[1.231s] -- Using Debian Python package layout
[1.231s] -- Using empy: /usr/bin/empy
[1.388s] -- Using CATKIN_ENABLE_TESTING: ON
[1.388s] -- Call enable_testing()
[1.395s] -- Using CATKIN_TEST_RESULTS_DIR: /home/autoware/Autoware/build/integrated_viewer/test_results
[1.419s] -- Found gtest sources under '/usr/src/googletest': gtests will be built
[1.419s] -- Found gmock sources under '/usr/src/googletest': gmock will be built
[1.439s] -- Found PythonInterp: /usr/bin/python2 (found version "2.7.17") 
[1.439s] -- Looking for pthread.h
[1.530s] -- Looking for pthread.h - found
[1.530s] -- Looking for pthread_create
[1.623s] -- Looking for pthread_create - not found
[1.623s] -- Looking for pthread_create in pthreads
[1.688s] -- Looking for pthread_create in pthreads - not found
[1.688s] -- Looking for pthread_create in pthread
[1.765s] -- Looking for pthread_create in pthread - found
[1.765s] -- Found Threads: TRUE  
[1.771s] -- Using Python nosetests: /usr/bin/nosetests-2.7
[1.819s] -- catkin 0.7.26
[1.819s] -- BUILD_SHARED_LIBS is on
[2.000s] -- Using these message generators: gencpp;geneus;genlisp;gennodejs;genpy
[2.608s] -- Configuring done
[2.672s] -- Generating done
[2.686s] -- Build files have been written to: /home/autoware/Autoware/build/integrated_viewer
[2.695s] Invoked command in '/home/autoware/Autoware/build/integrated_viewer' returned '0': CMAKE_PREFIX_PATH=/home/autoware/Autoware/install/autoware_msgs:/home/autoware/Autoware/install/autoware_build_flags:${CMAKE_PREFIX_PATH} PKG_CONFIG_PATH=/home/autoware/Autoware/install/autoware_msgs/lib/x86_64-linux-gnu/pkgconfig:/home/autoware/Autoware/install/autoware_msgs/lib/pkgconfig:/home/autoware/Autoware/install/autoware_build_flags/lib/x86_64-linux-gnu/pkgconfig:/home/autoware/Autoware/install/autoware_build_flags/lib/pkgconfig:${PKG_CONFIG_PATH} PYTHONPATH=/home/autoware/Autoware/install/autoware_msgs/lib/python2.7/dist-packages:${PYTHONPATH} ROS_PACKAGE_PATH=/home/autoware/Autoware/install/autoware_msgs/share:/home/autoware/Autoware/install/autoware_build_flags/share:${ROS_PACKAGE_PATH} /usr/bin/cmake /home/autoware/Autoware/src/autoware/visualization/integrated_viewer -DCMAKE_BUILD_TYPE=Release -DCATKIN_INSTALL_INTO_PREFIX_ROOT=0 -DCMAKE_INSTALL_PREFIX=/home/autoware/Autoware/install/integrated_viewer
[2.699s] Invoking command in '/home/autoware/Autoware/build/integrated_viewer': CMAKE_PREFIX_PATH=/home/autoware/Autoware/install/autoware_msgs:/home/autoware/Autoware/install/autoware_build_flags:${CMAKE_PREFIX_PATH} PKG_CONFIG_PATH=/home/autoware/Autoware/install/autoware_msgs/lib/x86_64-linux-gnu/pkgconfig:/home/autoware/Autoware/install/autoware_msgs/lib/pkgconfig:/home/autoware/Autoware/install/autoware_build_flags/lib/x86_64-linux-gnu/pkgconfig:/home/autoware/Autoware/install/autoware_build_flags/lib/pkgconfig:${PKG_CONFIG_PATH} PYTHONPATH=/home/autoware/Autoware/install/autoware_msgs/lib/python2.7/dist-packages:${PYTHONPATH} ROS_PACKAGE_PATH=/home/autoware/Autoware/install/autoware_msgs/share:/home/autoware/Autoware/install/autoware_build_flags/share:${ROS_PACKAGE_PATH} /usr/bin/cmake --build /home/autoware/Autoware/build/integrated_viewer -- -j2 -l2
[2.756s] Scanning dependencies of target visualization_msgs_generate_messages_eus
[2.769s] [  0%] Built target visualization_msgs_generate_messages_eus
[2.782s] Scanning dependencies of target std_srvs_generate_messages_py
[2.795s] [  0%] Built target std_srvs_generate_messages_py
[2.807s] Scanning dependencies of target std_srvs_generate_messages_nodejs
[2.819s] [  0%] Built target std_srvs_generate_messages_nodejs
[2.832s] Scanning dependencies of target nav_msgs_generate_messages_nodejs
[2.844s] [  0%] Built target nav_msgs_generate_messages_nodejs
[2.856s] Scanning dependencies of target map_msgs_generate_messages_py
[2.869s] [  0%] Built target map_msgs_generate_messages_py
[2.881s] Scanning dependencies of target map_msgs_generate_messages_lisp
[2.894s] [  0%] Built target map_msgs_generate_messages_lisp
[2.907s] Scanning dependencies of target map_msgs_generate_messages_eus
[2.920s] [  0%] Built target map_msgs_generate_messages_eus
[2.932s] Scanning dependencies of target visualization_msgs_generate_messages_py
[2.943s] [  0%] Built target visualization_msgs_generate_messages_py
[2.955s] Scanning dependencies of target visualization_msgs_generate_messages_nodejs
[2.967s] [  0%] Built target visualization_msgs_generate_messages_nodejs
[2.979s] Scanning dependencies of target geometry_msgs_generate_messages_py
[2.991s] [  0%] Built target geometry_msgs_generate_messages_py
[3.004s] Scanning dependencies of target sensor_msgs_generate_messages_nodejs
[3.016s] [  0%] Built target sensor_msgs_generate_messages_nodejs
[3.029s] Scanning dependencies of target roscpp_generate_messages_cpp
[3.042s] [  0%] Built target roscpp_generate_messages_cpp
[3.054s] Scanning dependencies of target actionlib_generate_messages_cpp
[3.066s] [  0%] Built target actionlib_generate_messages_cpp
[3.079s] Scanning dependencies of target pcl_msgs_generate_messages_eus
[3.091s] [  0%] Built target pcl_msgs_generate_messages_eus
[3.103s] Scanning dependencies of target rosgraph_msgs_generate_messages_eus
[3.116s] [  0%] Built target rosgraph_msgs_generate_messages_eus
[3.130s] Scanning dependencies of target jsk_recognition_msgs_generate_messages_lisp
[3.144s] [  0%] Built target jsk_recognition_msgs_generate_messages_lisp
[3.159s] Scanning dependencies of target jsk_recognition_msgs_generate_messages_eus
[3.176s] [  0%] Built target jsk_recognition_msgs_generate_messages_eus
[3.190s] Scanning dependencies of target tf2_msgs_generate_messages_cpp
[3.203s] [  0%] Built target tf2_msgs_generate_messages_cpp
[3.216s] Scanning dependencies of target std_msgs_generate_messages_py
[3.228s] [  0%] Built target std_msgs_generate_messages_py
[3.241s] Scanning dependencies of target autoware_msgs_generate_messages_py
[3.253s] [  0%] Built target autoware_msgs_generate_messages_py
[3.265s] Scanning dependencies of target std_msgs_generate_messages_nodejs
[3.277s] [  0%] Built target std_msgs_generate_messages_nodejs
[3.291s] Scanning dependencies of target sensor_msgs_generate_messages_eus
[3.304s] [  0%] Built target sensor_msgs_generate_messages_eus
[3.317s] Scanning dependencies of target std_srvs_generate_messages_lisp
[3.329s] [  0%] Built target std_srvs_generate_messages_lisp
[3.343s] Scanning dependencies of target _catkin_empty_exported_target
[3.355s] [  0%] Built target _catkin_empty_exported_target
[3.369s] Scanning dependencies of target sensor_msgs_generate_messages_cpp
[3.381s] [  0%] Built target sensor_msgs_generate_messages_cpp
[3.391s] Scanning dependencies of target autoware_msgs_generate_messages_cpp
[3.405s] [  0%] Built target autoware_msgs_generate_messages_cpp
[3.419s] Scanning dependencies of target rosgraph_msgs_generate_messages_cpp
[3.430s] [  0%] Built target rosgraph_msgs_generate_messages_cpp
[3.442s] Scanning dependencies of target nav_msgs_generate_messages_lisp
[3.454s] [  0%] Built target nav_msgs_generate_messages_lisp
[3.465s] Scanning dependencies of target pcl_msgs_generate_messages_nodejs
[3.475s] [  0%] Built target pcl_msgs_generate_messages_nodejs
[3.487s] Scanning dependencies of target jsk_recognition_msgs_generate_messages_py
[3.498s] [  0%] Built target jsk_recognition_msgs_generate_messages_py
[3.508s] Scanning dependencies of target std_srvs_generate_messages_cpp
[3.519s] [  0%] Built target std_srvs_generate_messages_cpp
[3.531s] Scanning dependencies of target nav_msgs_generate_messages_cpp
[3.541s] [  0%] Built target nav_msgs_generate_messages_cpp
[3.553s] Scanning dependencies of target sensor_msgs_generate_messages_lisp
[3.565s] [  0%] Built target sensor_msgs_generate_messages_lisp
[3.579s] Scanning dependencies of target sensor_msgs_generate_messages_py
[3.592s] [  0%] Built target sensor_msgs_generate_messages_py
[3.604s] Scanning dependencies of target tf_generate_messages_py
[3.615s] [  0%] Built target tf_generate_messages_py
[3.626s] Scanning dependencies of target std_msgs_generate_messages_cpp
[3.637s] [  0%] Built target std_msgs_generate_messages_cpp
[3.650s] Scanning dependencies of target jsk_footstep_msgs_generate_messages_py
[3.662s] [  0%] Built target jsk_footstep_msgs_generate_messages_py
[3.674s] Scanning dependencies of target map_msgs_generate_messages_nodejs
[3.686s] [  0%] Built target map_msgs_generate_messages_nodejs
[3.699s] Scanning dependencies of target actionlib_msgs_generate_messages_nodejs
[3.711s] [  0%] Built target actionlib_msgs_generate_messages_nodejs
[3.722s] Scanning dependencies of target geometry_msgs_generate_messages_eus
[3.735s] [  0%] Built target geometry_msgs_generate_messages_eus
[3.748s] Scanning dependencies of target std_msgs_generate_messages_lisp
[3.760s] [  0%] Built target std_msgs_generate_messages_lisp
[3.772s] Scanning dependencies of target roscpp_generate_messages_nodejs
[3.784s] [  0%] Built target roscpp_generate_messages_nodejs
[3.795s] Scanning dependencies of target geometry_msgs_generate_messages_nodejs
[3.806s] [  0%] Built target geometry_msgs_generate_messages_nodejs
[3.816s] Scanning dependencies of target geometry_msgs_generate_messages_lisp
[3.827s] [  0%] Built target geometry_msgs_generate_messages_lisp
[3.838s] Scanning dependencies of target pcl_msgs_generate_messages_cpp
[3.849s] [  0%] Built target pcl_msgs_generate_messages_cpp
[3.859s] Scanning dependencies of target jsk_recognition_msgs_generate_messages_cpp
[3.871s] [  0%] Built target jsk_recognition_msgs_generate_messages_cpp
[3.881s] Scanning dependencies of target autoware_msgs_generate_messages_eus
[3.891s] [  0%] Built target autoware_msgs_generate_messages_eus
[3.902s] Scanning dependencies of target autoware_msgs_generate_messages_lisp
[3.912s] [  0%] Built target autoware_msgs_generate_messages_lisp
[3.922s] Scanning dependencies of target rviz_generate_messages_cpp
[3.934s] [  0%] Built target rviz_generate_messages_cpp
[3.946s] Scanning dependencies of target visualization_msgs_generate_messages_lisp
[3.959s] [  0%] Built target visualization_msgs_generate_messages_lisp
[3.972s] Scanning dependencies of target std_msgs_generate_messages_eus
[3.985s] [  0%] Built target std_msgs_generate_messages_eus
[3.998s] Scanning dependencies of target rviz_generate_messages_nodejs
[4.011s] [  0%] Built target rviz_generate_messages_nodejs
[4.024s] Scanning dependencies of target autoware_msgs_generate_messages_nodejs
[4.038s] [  0%] Built target autoware_msgs_generate_messages_nodejs
[4.050s] Scanning dependencies of target jsk_footstep_msgs_generate_messages_eus
[4.064s] [  0%] Built target jsk_footstep_msgs_generate_messages_eus
[4.076s] Scanning dependencies of target actionlib_msgs_generate_messages_py
[4.087s] [  0%] Built target actionlib_msgs_generate_messages_py
[4.098s] Scanning dependencies of target jsk_footstep_msgs_generate_messages_lisp
[4.111s] [  0%] Built target jsk_footstep_msgs_generate_messages_lisp
[4.129s] Scanning dependencies of target jsk_footstep_msgs_generate_messages_nodejs
[4.140s] [  0%] Built target jsk_footstep_msgs_generate_messages_nodejs
[4.155s] Scanning dependencies of target actionlib_msgs_generate_messages_lisp
[4.167s] [  0%] Built target actionlib_msgs_generate_messages_lisp
[4.179s] Scanning dependencies of target std_srvs_generate_messages_eus
[4.191s] [  0%] Built target std_srvs_generate_messages_eus
[4.214s] Scanning dependencies of target jsk_recognition_msgs_generate_messages_nodejs
[4.227s] [  0%] Built target jsk_recognition_msgs_generate_messages_nodejs
[4.239s] Scanning dependencies of target roscpp_generate_messages_lisp
[4.252s] [  0%] Built target roscpp_generate_messages_lisp
[4.265s] Scanning dependencies of target roscpp_generate_messages_py
[4.277s] [  0%] Built target roscpp_generate_messages_py
[4.291s] Scanning dependencies of target rosgraph_msgs_generate_messages_lisp
[4.303s] [  0%] Built target rosgraph_msgs_generate_messages_lisp
[4.315s] Scanning dependencies of target rosgraph_msgs_generate_messages_nodejs
[4.327s] [  0%] Built target rosgraph_msgs_generate_messages_nodejs
[4.340s] Scanning dependencies of target roscpp_generate_messages_eus
[4.353s] [  0%] Built target roscpp_generate_messages_eus
[4.366s] Scanning dependencies of target actionlib_msgs_generate_messages_eus
[4.378s] [  0%] Built target actionlib_msgs_generate_messages_eus
[4.390s] Scanning dependencies of target rosgraph_msgs_generate_messages_py
[4.403s] [  0%] Built target rosgraph_msgs_generate_messages_py
[4.418s] Scanning dependencies of target rviz_generate_messages_eus
[4.428s] [  0%] Built target rviz_generate_messages_eus
[4.440s] Scanning dependencies of target geometry_msgs_generate_messages_cpp
[4.452s] [  0%] Built target geometry_msgs_generate_messages_cpp
[4.464s] Scanning dependencies of target actionlib_generate_messages_lisp
[4.475s] [  0%] Built target actionlib_generate_messages_lisp
[4.486s] Scanning dependencies of target rviz_generate_messages_lisp
[4.499s] [  0%] Built target rviz_generate_messages_lisp
[4.514s] Scanning dependencies of target rviz_generate_messages_py
[4.527s] [  0%] Built target rviz_generate_messages_py
[4.542s] Scanning dependencies of target tf2_msgs_generate_messages_nodejs
[4.553s] [  0%] Built target tf2_msgs_generate_messages_nodejs
[4.564s] Scanning dependencies of target jsk_footstep_msgs_generate_messages_cpp
[4.575s] [  0%] Built target jsk_footstep_msgs_generate_messages_cpp
[4.587s] Scanning dependencies of target actionlib_msgs_generate_messages_cpp
[4.598s] [  0%] Built target actionlib_msgs_generate_messages_cpp
[4.610s] Scanning dependencies of target tf_generate_messages_eus
[4.621s] [  0%] Built target tf_generate_messages_eus
[4.632s] Scanning dependencies of target tf_generate_messages_lisp
[4.644s] [  0%] Built target tf_generate_messages_lisp
[4.657s] Scanning dependencies of target tf_generate_messages_nodejs
[4.668s] [  0%] Built target tf_generate_messages_nodejs
[4.679s] Scanning dependencies of target pcl_msgs_generate_messages_py
[4.690s] [  0%] Built target pcl_msgs_generate_messages_py
[4.703s] Scanning dependencies of target actionlib_generate_messages_eus
[4.716s] [  0%] Built target actionlib_generate_messages_eus
[4.729s] Scanning dependencies of target pcl_msgs_generate_messages_lisp
[4.743s] [  0%] Built target pcl_msgs_generate_messages_lisp
[4.756s] Scanning dependencies of target tf_generate_messages_cpp
[4.770s] [  0%] Built target tf_generate_messages_cpp
[4.781s] Scanning dependencies of target actionlib_generate_messages_nodejs
[4.792s] [  0%] Built target actionlib_generate_messages_nodejs
[4.804s] Scanning dependencies of target nav_msgs_generate_messages_py
[4.815s] [  0%] Built target nav_msgs_generate_messages_py
[4.828s] Scanning dependencies of target tf2_msgs_generate_messages_lisp
[4.840s] [  0%] Built target tf2_msgs_generate_messages_lisp
[4.851s] Scanning dependencies of target map_msgs_generate_messages_cpp
[4.861s] [  0%] Built target map_msgs_generate_messages_cpp
[4.872s] Scanning dependencies of target actionlib_generate_messages_py
[4.882s] [  0%] Built target actionlib_generate_messages_py
[4.893s] Scanning dependencies of target tf2_msgs_generate_messages_py
[4.903s] [  0%] Built target tf2_msgs_generate_messages_py
[4.914s] Scanning dependencies of target nav_msgs_generate_messages_eus
[4.924s] [  0%] Built target nav_msgs_generate_messages_eus
[4.936s] Scanning dependencies of target tf2_msgs_generate_messages_eus
[4.947s] [  0%] Built target tf2_msgs_generate_messages_eus
[4.959s] Scanning dependencies of target visualization_msgs_generate_messages_cpp
[4.972s] [  0%] Built target visualization_msgs_generate_messages_cpp
[4.984s] [  6%] Generating ui_data_rate_checker_form.h
[5.001s] [ 12%] Generating node/traffic_light_plugin/moc_traffic_light_plugin.cpp
[5.015s] [ 18%] Generating node/image_viewer_plugin/moc_image_viewer_plugin.cpp
[5.031s] [ 25%] Generating node/data_rate_checker_plugin/moc_data_rate_checker_plugin.cpp
[5.045s] [ 31%] Generating ui_form.h
[5.063s] [ 37%] Generating ui_image_viewer_form.h
[5.157s] Scanning dependencies of target integrated_viewer
[5.179s] [ 43%] Building CXX object CMakeFiles/integrated_viewer.dir/node/traffic_light_plugin/traffic_light_plugin.cpp.o
[8.970s] [ 50%] Building CXX object CMakeFiles/integrated_viewer.dir/node/image_viewer_plugin/image_viewer_plugin.cpp.o
[14.564s] [ 56%] Building CXX object CMakeFiles/integrated_viewer.dir/node/image_viewer_plugin/draw_rects.cpp.o
[16.896s] [ 62%] Building CXX object CMakeFiles/integrated_viewer.dir/node/image_viewer_plugin/draw_points.cpp.o
[18.768s] [ 68%] Building CXX object CMakeFiles/integrated_viewer.dir/node/image_viewer_plugin/draw_lane.cpp.o
[19.976s] [ 75%] Building CXX object CMakeFiles/integrated_viewer.dir/node/data_rate_checker_plugin/data_rate_checker_plugin.cpp.o
[23.896s] [ 81%] Building CXX object CMakeFiles/integrated_viewer.dir/node/traffic_light_plugin/moc_traffic_light_plugin.cpp.o
[26.486s] [ 87%] Building CXX object CMakeFiles/integrated_viewer.dir/node/image_viewer_plugin/moc_image_viewer_plugin.cpp.o
[29.280s] [ 93%] Building CXX object CMakeFiles/integrated_viewer.dir/node/data_rate_checker_plugin/moc_data_rate_checker_plugin.cpp.o
[31.800s] [100%] Linking CXX shared library devel/lib/libintegrated_viewer.so
[32.298s] [100%] Built target integrated_viewer
[32.315s] Invoked command in '/home/autoware/Autoware/build/integrated_viewer' returned '0': CMAKE_PREFIX_PATH=/home/autoware/Autoware/install/autoware_msgs:/home/autoware/Autoware/install/autoware_build_flags:${CMAKE_PREFIX_PATH} PKG_CONFIG_PATH=/home/autoware/Autoware/install/autoware_msgs/lib/x86_64-linux-gnu/pkgconfig:/home/autoware/Autoware/install/autoware_msgs/lib/pkgconfig:/home/autoware/Autoware/install/autoware_build_flags/lib/x86_64-linux-gnu/pkgconfig:/home/autoware/Autoware/install/autoware_build_flags/lib/pkgconfig:${PKG_CONFIG_PATH} PYTHONPATH=/home/autoware/Autoware/install/autoware_msgs/lib/python2.7/dist-packages:${PYTHONPATH} ROS_PACKAGE_PATH=/home/autoware/Autoware/install/autoware_msgs/share:/home/autoware/Autoware/install/autoware_build_flags/share:${ROS_PACKAGE_PATH} /usr/bin/cmake --build /home/autoware/Autoware/build/integrated_viewer -- -j2 -l2
[32.454s] Invoking command in '/home/autoware/Autoware/build/integrated_viewer': CMAKE_PREFIX_PATH=/home/autoware/Autoware/install/autoware_msgs:/home/autoware/Autoware/install/autoware_build_flags:${CMAKE_PREFIX_PATH} PKG_CONFIG_PATH=/home/autoware/Autoware/install/autoware_msgs/lib/x86_64-linux-gnu/pkgconfig:/home/autoware/Autoware/install/autoware_msgs/lib/pkgconfig:/home/autoware/Autoware/install/autoware_build_flags/lib/x86_64-linux-gnu/pkgconfig:/home/autoware/Autoware/install/autoware_build_flags/lib/pkgconfig:${PKG_CONFIG_PATH} PYTHONPATH=/home/autoware/Autoware/install/autoware_msgs/lib/python2.7/dist-packages:${PYTHONPATH} ROS_PACKAGE_PATH=/home/autoware/Autoware/install/autoware_msgs/share:/home/autoware/Autoware/install/autoware_build_flags/share:${ROS_PACKAGE_PATH} /usr/bin/cmake --build /home/autoware/Autoware/build/integrated_viewer --target tests -- -j2 -l2
[32.519s] Scanning dependencies of target tests
[32.530s] Built target tests
[32.543s] Invoked command in '/home/autoware/Autoware/build/integrated_viewer' returned '0': CMAKE_PREFIX_PATH=/home/autoware/Autoware/install/autoware_msgs:/home/autoware/Autoware/install/autoware_build_flags:${CMAKE_PREFIX_PATH} PKG_CONFIG_PATH=/home/autoware/Autoware/install/autoware_msgs/lib/x86_64-linux-gnu/pkgconfig:/home/autoware/Autoware/install/autoware_msgs/lib/pkgconfig:/home/autoware/Autoware/install/autoware_build_flags/lib/x86_64-linux-gnu/pkgconfig:/home/autoware/Autoware/install/autoware_build_flags/lib/pkgconfig:${PKG_CONFIG_PATH} PYTHONPATH=/home/autoware/Autoware/install/autoware_msgs/lib/python2.7/dist-packages:${PYTHONPATH} ROS_PACKAGE_PATH=/home/autoware/Autoware/install/autoware_msgs/share:/home/autoware/Autoware/install/autoware_build_flags/share:${ROS_PACKAGE_PATH} /usr/bin/cmake --build /home/autoware/Autoware/build/integrated_viewer --target tests -- -j2 -l2
[32.696s] Invoking command in '/home/autoware/Autoware/build/integrated_viewer': CMAKE_PREFIX_PATH=/home/autoware/Autoware/install/autoware_msgs:/home/autoware/Autoware/install/autoware_build_flags:${CMAKE_PREFIX_PATH} PKG_CONFIG_PATH=/home/autoware/Autoware/install/autoware_msgs/lib/x86_64-linux-gnu/pkgconfig:/home/autoware/Autoware/install/autoware_msgs/lib/pkgconfig:/home/autoware/Autoware/install/autoware_build_flags/lib/x86_64-linux-gnu/pkgconfig:/home/autoware/Autoware/install/autoware_build_flags/lib/pkgconfig:${PKG_CONFIG_PATH} PYTHONPATH=/home/autoware/Autoware/install/autoware_msgs/lib/python2.7/dist-packages:${PYTHONPATH} ROS_PACKAGE_PATH=/home/autoware/Autoware/install/autoware_msgs/share:/home/autoware/Autoware/install/autoware_build_flags/share:${ROS_PACKAGE_PATH} /usr/bin/cmake --build /home/autoware/Autoware/build/integrated_viewer --target install -- -j2 -l2
[32.766s] [  0%] Built target visualization_msgs_generate_messages_eus
[32.792s] [  0%] Built target std_srvs_generate_messages_py
[32.818s] [  0%] Built target std_srvs_generate_messages_nodejs
[32.843s] [  0%] Built target nav_msgs_generate_messages_nodejs
[32.870s] [  0%] Built target map_msgs_generate_messages_py
[32.895s] [  0%] Built target map_msgs_generate_messages_lisp
[32.922s] [  0%] Built target map_msgs_generate_messages_eus
[32.947s] [  0%] Built target visualization_msgs_generate_messages_py
[32.972s] [  0%] Built target visualization_msgs_generate_messages_nodejs
[32.996s] [  0%] Built target geometry_msgs_generate_messages_py
[33.021s] [  0%] Built target sensor_msgs_generate_messages_nodejs
[33.045s] [  0%] Built target roscpp_generate_messages_cpp
[33.069s] [  0%] Built target actionlib_generate_messages_cpp
[33.091s] [  0%] Built target pcl_msgs_generate_messages_eus
[33.118s] [  0%] Built target rosgraph_msgs_generate_messages_eus
[33.143s] [  0%] Built target jsk_recognition_msgs_generate_messages_lisp
[33.167s] [  0%] Built target jsk_recognition_msgs_generate_messages_eus
[33.190s] [  0%] Built target tf2_msgs_generate_messages_cpp
[33.215s] [  0%] Built target std_msgs_generate_messages_py
[33.240s] [  0%] Built target autoware_msgs_generate_messages_py
[33.266s] [  0%] Built target std_msgs_generate_messages_nodejs
[33.289s] [  0%] Built target sensor_msgs_generate_messages_eus
[33.311s] [  0%] Built target std_srvs_generate_messages_lisp
[33.340s] [  0%] Built target _catkin_empty_exported_target
[33.368s] [  0%] Built target sensor_msgs_generate_messages_cpp
[33.389s] [  0%] Built target autoware_msgs_generate_messages_cpp
[33.413s] [  0%] Built target rosgraph_msgs_generate_messages_cpp
[33.436s] [  0%] Built target nav_msgs_generate_messages_lisp
[33.457s] [  0%] Built target pcl_msgs_generate_messages_nodejs
[33.478s] [  0%] Built target jsk_recognition_msgs_generate_messages_py
[33.498s] [  0%] Built target std_srvs_generate_messages_cpp
[33.518s] [  0%] Built target nav_msgs_generate_messages_cpp
[33.539s] [  0%] Built target sensor_msgs_generate_messages_lisp
[33.560s] [  0%] Built target sensor_msgs_generate_messages_py
[33.580s] [  0%] Built target tf_generate_messages_py
[33.601s] [  0%] Built target std_msgs_generate_messages_cpp
[33.624s] [  0%] Built target jsk_footstep_msgs_generate_messages_py
[33.645s] [  0%] Built target map_msgs_generate_messages_nodejs
[33.666s] [  0%] Built target actionlib_msgs_generate_messages_nodejs
[33.687s] [  0%] Built target geometry_msgs_generate_messages_eus
[33.710s] [  0%] Built target std_msgs_generate_messages_lisp
[33.733s] [  0%] Built target roscpp_generate_messages_nodejs
[33.757s] [  0%] Built target geometry_msgs_generate_messages_nodejs
[33.779s] [  0%] Built target geometry_msgs_generate_messages_lisp
[33.802s] [  0%] Built target pcl_msgs_generate_messages_cpp
[33.826s] [  0%] Built target jsk_recognition_msgs_generate_messages_cpp
[33.847s] [  0%] Built target autoware_msgs_generate_messages_eus
[33.869s] [  0%] Built target autoware_msgs_generate_messages_lisp
[33.891s] [  0%] Built target rviz_generate_messages_cpp
[33.914s] [  0%] Built target visualization_msgs_generate_messages_lisp
[33.936s] [  0%] Built target std_msgs_generate_messages_eus
[33.960s] [  0%] Built target rviz_generate_messages_nodejs
[33.982s] [  0%] Built target autoware_msgs_generate_messages_nodejs
[34.006s] [  0%] Built target jsk_footstep_msgs_generate_messages_eus
[34.029s] [  0%] Built target actionlib_msgs_generate_messages_py
[34.052s] [  0%] Built target jsk_footstep_msgs_generate_messages_lisp
[34.074s] [  0%] Built target jsk_footstep_msgs_generate_messages_nodejs
[34.095s] [  0%] Built target actionlib_msgs_generate_messages_lisp
[34.117s] [  0%] Built target std_srvs_generate_messages_eus
[34.139s] [  0%] Built target jsk_recognition_msgs_generate_messages_nodejs
[34.164s] [  0%] Built target roscpp_generate_messages_lisp
[34.194s] [  0%] Built target roscpp_generate_messages_py
[34.217s] [  0%] Built target rosgraph_msgs_generate_messages_lisp
[34.239s] [  0%] Built target rosgraph_msgs_generate_messages_nodejs
[34.265s] [  0%] Built target roscpp_generate_messages_eus
[34.288s] [  0%] Built target actionlib_msgs_generate_messages_eus
[34.312s] [  0%] Built target rosgraph_msgs_generate_messages_py
[34.336s] [  0%] Built target rviz_generate_messages_eus
[34.361s] [  0%] Built target geometry_msgs_generate_messages_cpp
[34.387s] [  0%] Built target actionlib_generate_messages_lisp
[34.412s] [  0%] Built target rviz_generate_messages_lisp
[34.437s] [  0%] Built target rviz_generate_messages_py
[34.465s] [  0%] Built target tf2_msgs_generate_messages_nodejs
[34.489s] [  0%] Built target jsk_footstep_msgs_generate_messages_cpp
[34.513s] [  0%] Built target actionlib_msgs_generate_messages_cpp
[34.534s] [  0%] Built target tf_generate_messages_eus
[34.561s] [  0%] Built target tf_generate_messages_lisp
[34.584s] [  0%] Built target tf_generate_messages_nodejs
[34.606s] [  0%] Built target pcl_msgs_generate_messages_py
[34.626s] [  0%] Built target actionlib_generate_messages_eus
[34.651s] [  0%] Built target pcl_msgs_generate_messages_lisp
[34.672s] [  0%] Built target tf_generate_messages_cpp
[34.695s] [  0%] Built target actionlib_generate_messages_nodejs
[34.718s] [  0%] Built target nav_msgs_generate_messages_py
[34.741s] [  0%] Built target tf2_msgs_generate_messages_lisp
[34.766s] [  0%] Built target map_msgs_generate_messages_cpp
[34.793s] [  0%] Built target actionlib_generate_messages_py
[34.820s] [  0%] Built target tf2_msgs_generate_messages_py
[34.844s] [  0%] Built target nav_msgs_generate_messages_eus
[34.865s] [  0%] Built target tf2_msgs_generate_messages_eus
[34.886s] [  0%] Built target visualization_msgs_generate_messages_cpp
[34.934s] [100%] Built target integrated_viewer
[34.958s] Install the project...
[34.968s] -- Install configuration: "Release"
[34.968s] -- Installing: /home/autoware/Autoware/install/integrated_viewer/lib/pkgconfig/integrated_viewer.pc
[34.968s] -- Installing: /home/autoware/Autoware/install/integrated_viewer/share/integrated_viewer/cmake/integrated_viewerConfig.cmake
[34.969s] -- Installing: /home/autoware/Autoware/install/integrated_viewer/share/integrated_viewer/cmake/integrated_viewerConfig-version.cmake
[34.969s] -- Installing: /home/autoware/Autoware/install/integrated_viewer/share/integrated_viewer/package.xml
[34.970s] -- Installing: /home/autoware/Autoware/install/integrated_viewer/lib/libintegrated_viewer.so
[34.971s] -- Set runtime path of "/home/autoware/Autoware/install/integrated_viewer/lib/libintegrated_viewer.so" to ""
[34.971s] -- Installing: /home/autoware/Autoware/install/integrated_viewer/share/integrated_viewer/rviz_plugin_description.xml
[34.973s] -- Installing: /home/autoware/Autoware/install/integrated_viewer/share/integrated_viewer/node/image_viewer_plugin/autoware_logo.png
[34.974s] -- Installing: /home/autoware/Autoware/install/integrated_viewer/share/integrated_viewer/node/image_viewer_plugin/car.png
[34.975s] -- Installing: /home/autoware/Autoware/install/integrated_viewer/share/integrated_viewer/node/image_viewer_plugin/pedestrian.png
[34.987s] Invoked command in '/home/autoware/Autoware/build/integrated_viewer' returned '0': CMAKE_PREFIX_PATH=/home/autoware/Autoware/install/autoware_msgs:/home/autoware/Autoware/install/autoware_build_flags:${CMAKE_PREFIX_PATH} PKG_CONFIG_PATH=/home/autoware/Autoware/install/autoware_msgs/lib/x86_64-linux-gnu/pkgconfig:/home/autoware/Autoware/install/autoware_msgs/lib/pkgconfig:/home/autoware/Autoware/install/autoware_build_flags/lib/x86_64-linux-gnu/pkgconfig:/home/autoware/Autoware/install/autoware_build_flags/lib/pkgconfig:${PKG_CONFIG_PATH} PYTHONPATH=/home/autoware/Autoware/install/autoware_msgs/lib/python2.7/dist-packages:${PYTHONPATH} ROS_PACKAGE_PATH=/home/autoware/Autoware/install/autoware_msgs/share:/home/autoware/Autoware/install/autoware_build_flags/share:${ROS_PACKAGE_PATH} /usr/bin/cmake --build /home/autoware/Autoware/build/integrated_viewer --target install -- -j2 -l2
