Determining if the pthread_create exist failed with the following output:
Change Dir: /home/autoware/Autoware/build/kitti_launch/CMakeFiles/CMakeTmp

Run Build Command:"/usr/bin/make" "cmTC_1ca4a/fast"
/usr/bin/make -f CMakeFiles/cmTC_1ca4a.dir/build.make CMakeFiles/cmTC_1ca4a.dir/build
make[1]: Entering directory '/home/autoware/Autoware/build/kitti_launch/CMakeFiles/CMakeTmp'
Building C object CMakeFiles/cmTC_1ca4a.dir/CheckSymbolExists.c.o
/usr/bin/cc    -o CMakeFiles/cmTC_1ca4a.dir/CheckSymbolExists.c.o   -c /home/autoware/Autoware/build/kitti_launch/CMakeFiles/CMakeTmp/CheckSymbolExists.c
Linking C executable cmTC_1ca4a
/usr/bin/cmake -E cmake_link_script CMakeFiles/cmTC_1ca4a.dir/link.txt --verbose=1
/usr/bin/cc      -rdynamic CMakeFiles/cmTC_1ca4a.dir/CheckSymbolExists.c.o  -o cmTC_1ca4a 
CMakeFiles/cmTC_1ca4a.dir/CheckSymbolExists.c.o: In function `main':
CheckSymbolExists.c:(.text+0x1b): undefined reference to `pthread_create'
collect2: error: ld returned 1 exit status
CMakeFiles/cmTC_1ca4a.dir/build.make:97: recipe for target 'cmTC_1ca4a' failed
make[1]: *** [cmTC_1ca4a] Error 1
make[1]: Leaving directory '/home/autoware/Autoware/build/kitti_launch/CMakeFiles/CMakeTmp'
Makefile:126: recipe for target 'cmTC_1ca4a/fast' failed
make: *** [cmTC_1ca4a/fast] Error 2

File /home/autoware/Autoware/build/kitti_launch/CMakeFiles/CMakeTmp/CheckSymbolExists.c:
/* */
#include <pthread.h>

int main(int argc, char** argv)
{
  (void)argv;
#ifndef pthread_create
  return ((int*)(&pthread_create))[argc];
#else
  (void)argc;
  return 0;
#endif
}

Determining if the function pthread_create exists in the pthreads failed with the following output:
Change Dir: /home/autoware/Autoware/build/kitti_launch/CMakeFiles/CMakeTmp

Run Build Command:"/usr/bin/make" "cmTC_ac1dd/fast"
/usr/bin/make -f CMakeFiles/cmTC_ac1dd.dir/build.make CMakeFiles/cmTC_ac1dd.dir/build
make[1]: Entering directory '/home/autoware/Autoware/build/kitti_launch/CMakeFiles/CMakeTmp'
Building C object CMakeFiles/cmTC_ac1dd.dir/CheckFunctionExists.c.o
/usr/bin/cc   -DCHECK_FUNCTION_EXISTS=pthread_create   -o CMakeFiles/cmTC_ac1dd.dir/CheckFunctionExists.c.o   -c /usr/share/cmake-3.10/Modules/CheckFunctionExists.c
Linking C executable cmTC_ac1dd
/usr/bin/cmake -E cmake_link_script CMakeFiles/cmTC_ac1dd.dir/link.txt --verbose=1
/usr/bin/cc  -DCHECK_FUNCTION_EXISTS=pthread_create    -rdynamic CMakeFiles/cmTC_ac1dd.dir/CheckFunctionExists.c.o  -o cmTC_ac1dd -lpthreads 
/usr/bin/ld: cannot find -lpthreads
collect2: error: ld returned 1 exit status
CMakeFiles/cmTC_ac1dd.dir/build.make:97: recipe for target 'cmTC_ac1dd' failed
make[1]: *** [cmTC_ac1dd] Error 1
make[1]: Leaving directory '/home/autoware/Autoware/build/kitti_launch/CMakeFiles/CMakeTmp'
Makefile:126: recipe for target 'cmTC_ac1dd/fast' failed
make: *** [cmTC_ac1dd/fast] Error 2


