[0.012s] Invoking command in '/home/autoware/Autoware/build/pcl_omp_registration': /usr/bin/cmake /home/autoware/Autoware/src/autoware/core_perception/pcl_omp_registration -DCMAKE_BUILD_TYPE=Release -DCATKIN_INSTALL_INTO_PREFIX_ROOT=0 -DCMAKE_INSTALL_PREFIX=/home/autoware/Autoware/install/pcl_omp_registration
[0.088s] -- The C compiler identification is GNU 7.5.0
[0.167s] -- The CXX compiler identification is GNU 7.5.0
[0.173s] -- Check for working C compiler: /usr/bin/cc
[0.258s] -- Check for working C compiler: /usr/bin/cc -- works
[0.259s] -- Detecting C compiler ABI info
[0.342s] -- Detecting C compiler ABI info - done
[0.349s] -- Detecting C compile features
[0.605s] -- Detecting C compile features - done
[0.605s] -- Check for working CXX compiler: /usr/bin/c++
[0.706s] -- Check for working CXX compiler: /usr/bin/c++ -- works
[0.706s] -- Detecting CXX compiler ABI info
[0.806s] -- Detecting CXX compiler ABI info - done
[0.814s] -- Detecting CXX compile features
[1.248s] -- Detecting CXX compile features - done
[1.251s] -- Using CATKIN_DEVEL_PREFIX: /home/autoware/Autoware/build/pcl_omp_registration/devel
[1.251s] -- Using CMAKE_PREFIX_PATH: /opt/ros/melodic
[1.251s] -- This workspace overlays: /opt/ros/melodic
[1.271s] -- Found PythonInterp: /usr/bin/python2 (found suitable version "2.7.17", minimum required is "2") 
[1.271s] -- Using PYTHON_EXECUTABLE: /usr/bin/python2
[1.271s] -- Using Debian Python package layout
[1.271s] -- Using empy: /usr/bin/empy
[1.440s] -- Using CATKIN_ENABLE_TESTING: ON
[1.440s] -- Call enable_testing()
[1.442s] -- Using CATKIN_TEST_RESULTS_DIR: /home/autoware/Autoware/build/pcl_omp_registration/test_results
[1.475s] -- Found gtest sources under '/usr/src/googletest': gtests will be built
[1.475s] -- Found gmock sources under '/usr/src/googletest': gmock will be built
[1.498s] -- Found PythonInterp: /usr/bin/python2 (found version "2.7.17") 
[1.498s] -- Looking for pthread.h
[1.582s] -- Looking for pthread.h - found
[1.582s] -- Looking for pthread_create
[1.674s] -- Looking for pthread_create - not found
[1.674s] -- Looking for pthread_create in pthreads
[1.750s] -- Looking for pthread_create in pthreads - not found
[1.751s] -- Looking for pthread_create in pthread
[1.841s] -- Looking for pthread_create in pthread - found
[1.841s] -- Found Threads: TRUE  
[1.844s] -- Using Python nosetests: /usr/bin/nosetests-2.7
[1.893s] -- catkin 0.7.26
[1.894s] -- BUILD_SHARED_LIBS is on
[2.012s] -- Checking for module 'eigen3'
[2.037s] --   Found eigen3, version 3.3.7
[2.098s] -- Found eigen: /usr/local/include/eigen3  
[2.185s] -- Boost version: 1.65.1
[2.185s] -- Found the following Boost libraries:
[2.185s] --   system
[2.185s] --   filesystem
[2.186s] --   thread
[2.186s] --   date_time
[2.186s] --   iostreams
[2.187s] --   serialization
[2.187s] --   chrono
[2.187s] --   atomic
[2.187s] --   regex
[2.190s] -- Checking for module 'libopenni'
[2.214s] --   Found libopenni, version 1.5.4.0
[2.276s] -- Found openni: /usr/lib/libOpenNI.so  
[2.277s] -- Checking for module 'libopenni2'
[2.304s] --   Found libopenni2, version 2.2.0.3
[2.369s] -- Found OpenNI2: /usr/lib/libOpenNI2.so  
[2.375s] -- Could NOT find ensenso (missing: ENSENSO_LIBRARY ENSENSO_INCLUDE_DIR) 
[2.375s] ** WARNING ** io features related to ensenso will be disabled
[2.379s] -- Could NOT find DAVIDSDK (missing: DAVIDSDK_LIBRARY DAVIDSDK_INCLUDE_DIR) 
[2.379s] ** WARNING ** io features related to davidSDK will be disabled
[2.380s] -- Could NOT find DSSDK (missing: _DSSDK_LIBRARIES) 
[2.381s] ** WARNING ** io features related to dssdk will be disabled
[2.381s] ** WARNING ** io features related to pcap will be disabled
[2.382s] ** WARNING ** io features related to png will be disabled
[2.452s] -- The imported target "vtkRenderingPythonTkWidgets" references the file
[2.452s]    "/usr/lib/x86_64-linux-gnu/libvtkRenderingPythonTkWidgets.so"
[2.452s] but this file does not exist.  Possible reasons include:
[2.452s] * The file was deleted, renamed, or moved to another location.
[2.452s] * An install or uninstall procedure did not complete successfully.
[2.452s] * The installation package was faulty and contained
[2.452s]    "/usr/lib/cmake/vtk-6.3/VTKTargets.cmake"
[2.452s] but not all the files it references.
[2.452s] 
[2.453s] -- The imported target "vtk" references the file
[2.453s]    "/usr/bin/vtk"
[2.454s] but this file does not exist.  Possible reasons include:
[2.454s] * The file was deleted, renamed, or moved to another location.
[2.454s] * An install or uninstall procedure did not complete successfully.
[2.454s] * The installation package was faulty and contained
[2.454s]    "/usr/lib/cmake/vtk-6.3/VTKTargets.cmake"
[2.454s] but not all the files it references.
[2.454s] 
[2.533s] -- Found libusb-1.0: /usr/include  
[2.534s] ** WARNING ** io features related to libusb-1.0 will be disabled
[2.535s] -- Checking for module 'flann'
[2.559s] --   Found flann, version 1.9.1
[2.637s] -- Found Flann: /usr/lib/x86_64-linux-gnu/libflann_cpp_s.a  
[2.687s] -- Could NOT find ensenso (missing: ENSENSO_LIBRARY ENSENSO_INCLUDE_DIR) 
[2.687s] ** WARNING ** visualization features related to ensenso will be disabled
[2.690s] -- Could NOT find DAVIDSDK (missing: DAVIDSDK_LIBRARY DAVIDSDK_INCLUDE_DIR) 
[2.691s] ** WARNING ** visualization features related to davidSDK will be disabled
[2.692s] -- Could NOT find DSSDK (missing: _DSSDK_LIBRARIES) 
[2.693s] ** WARNING ** visualization features related to dssdk will be disabled
[2.694s] -- Could NOT find RSSDK (missing: _RSSDK_LIBRARIES) 
[2.694s] ** WARNING ** visualization features related to rssdk will be disabled
[2.736s] -- Found qhull: /usr/lib/x86_64-linux-gnu/libqhull.so  
[2.776s] -- looking for PCL_COMMON
[2.778s] -- Found PCL_COMMON: /usr/lib/x86_64-linux-gnu/libpcl_common.so  
[2.778s] -- looking for PCL_OCTREE
[2.780s] -- Found PCL_OCTREE: /usr/lib/x86_64-linux-gnu/libpcl_octree.so  
[2.780s] -- looking for PCL_IO
[2.782s] -- Found PCL_IO: /usr/lib/x86_64-linux-gnu/libpcl_io.so  
[2.783s] -- looking for PCL_KDTREE
[2.784s] -- Found PCL_KDTREE: /usr/lib/x86_64-linux-gnu/libpcl_kdtree.so  
[2.785s] -- looking for PCL_SEARCH
[2.787s] -- Found PCL_SEARCH: /usr/lib/x86_64-linux-gnu/libpcl_search.so  
[2.787s] -- looking for PCL_SAMPLE_CONSENSUS
[2.789s] -- Found PCL_SAMPLE_CONSENSUS: /usr/lib/x86_64-linux-gnu/libpcl_sample_consensus.so  
[2.790s] -- looking for PCL_FILTERS
[2.792s] -- Found PCL_FILTERS: /usr/lib/x86_64-linux-gnu/libpcl_filters.so  
[2.792s] -- looking for PCL_2D
[2.793s] -- Found PCL_2D: /usr/include/pcl-1.8  
[2.794s] -- looking for PCL_GEOMETRY
[2.795s] -- Found PCL_GEOMETRY: /usr/include/pcl-1.8  
[2.795s] -- looking for PCL_FEATURES
[2.797s] -- Found PCL_FEATURES: /usr/lib/x86_64-linux-gnu/libpcl_features.so  
[2.798s] -- looking for PCL_ML
[2.800s] -- Found PCL_ML: /usr/lib/x86_64-linux-gnu/libpcl_ml.so  
[2.800s] -- looking for PCL_SEGMENTATION
[2.802s] -- Found PCL_SEGMENTATION: /usr/lib/x86_64-linux-gnu/libpcl_segmentation.so  
[2.803s] -- looking for PCL_VISUALIZATION
[2.805s] -- Found PCL_VISUALIZATION: /usr/lib/x86_64-linux-gnu/libpcl_visualization.so  
[2.806s] -- looking for PCL_SURFACE
[2.808s] -- Found PCL_SURFACE: /usr/lib/x86_64-linux-gnu/libpcl_surface.so  
[2.808s] -- looking for PCL_REGISTRATION
[2.810s] -- Found PCL_REGISTRATION: /usr/lib/x86_64-linux-gnu/libpcl_registration.so  
[2.811s] -- looking for PCL_KEYPOINTS
[2.813s] -- Found PCL_KEYPOINTS: /usr/lib/x86_64-linux-gnu/libpcl_keypoints.so  
[2.814s] -- looking for PCL_TRACKING
[2.816s] -- Found PCL_TRACKING: /usr/lib/x86_64-linux-gnu/libpcl_tracking.so  
[2.817s] -- looking for PCL_RECOGNITION
[2.819s] -- Found PCL_RECOGNITION: /usr/lib/x86_64-linux-gnu/libpcl_recognition.so  
[2.820s] -- looking for PCL_STEREO
[2.822s] -- Found PCL_STEREO: /usr/lib/x86_64-linux-gnu/libpcl_stereo.so  
[2.823s] -- looking for PCL_APPS
[2.825s] -- Found PCL_APPS: /usr/lib/x86_64-linux-gnu/libpcl_apps.so  
[2.829s] -- looking for PCL_IN_HAND_SCANNER
[2.830s] -- Found PCL_IN_HAND_SCANNER: /usr/include/pcl-1.8  
[2.831s] -- looking for PCL_MODELER
[2.832s] -- Found PCL_MODELER: /usr/include/pcl-1.8  
[2.832s] -- looking for PCL_POINT_CLOUD_EDITOR
[2.833s] -- Found PCL_POINT_CLOUD_EDITOR: /usr/include/pcl-1.8  
[2.834s] -- looking for PCL_OUTOFCORE
[2.835s] -- Found PCL_OUTOFCORE: /usr/lib/x86_64-linux-gnu/libpcl_outofcore.so  
[2.836s] -- looking for PCL_PEOPLE
[2.838s] -- Found PCL_PEOPLE: /usr/lib/x86_64-linux-gnu/libpcl_people.so  
[2.868s] -- Found PCL: /usr/lib/x86_64-linux-gnu/libboost_system.so;/usr/lib/x86_64-linux-gnu/libboost_filesystem.so;/usr/lib/x86_64-linux-gnu/libboost_thread.so;/usr/lib/x86_64-linux-gnu/libboost_date_time.so;/usr/lib/x86_64-linux-gnu/libboost_iostreams.so;/usr/lib/x86_64-linux-gnu/libboost_serialization.so;/usr/lib/x86_64-linux-gnu/libboost_chrono.so;/usr/lib/x86_64-linux-gnu/libboost_atomic.so;/usr/lib/x86_64-linux-gnu/libboost_regex.so;/usr/lib/x86_64-linux-gnu/libpthread.so;optimized;/usr/lib/x86_64-linux-gnu/libpcl_common.so;debug;/usr/lib/x86_64-linux-gnu/libpcl_common.so;optimized;/usr/lib/x86_64-linux-gnu/libpcl_octree.so;debug;/usr/lib/x86_64-linux-gnu/libpcl_octree.so;/usr/lib/libOpenNI.so;/usr/lib/libOpenNI2.so;vtkChartsCore;vtkCommonColor;vtkCommonDataModel;vtkCommonMath;vtkCommonCore;vtksys;vtkCommonMisc;vtkCommonSystem;vtkCommonTransforms;vtkInfovisCore;vtkFiltersExtraction;vtkCommonExecutionModel;vtkFiltersCore;vtkFiltersGeneral;vtkCommonComputationalGeometry;vtkFiltersStatistics;vtkImagingFourier;vtkImagingCore;vtkalglib;vtkRenderingContext2D;vtkRenderingCore;vtkFiltersGeometry;vtkFiltersSources;vtkRenderingFreeType;/usr/lib/x86_64-linux-gnu/libfreetype.so;/usr/lib/x86_64-linux-gnu/libz.so;vtkftgl;vtkDICOMParser;vtkDomainsChemistry;vtkIOXML;vtkIOGeometry;vtkIOCore;vtkIOXMLParser;/usr/lib/x86_64-linux-gnu/libexpat.so;vtkFiltersAMR;vtkParallelCore;vtkIOLegacy;vtkFiltersFlowPaths;vtkFiltersGeneric;vtkFiltersHybrid;vtkImagingSources;vtkFiltersHyperTree;vtkFiltersImaging;vtkImagingGeneral;vtkFiltersModeling;vtkFiltersParallel;vtkFiltersParallelFlowPaths;vtkParallelMPI;vtkFiltersParallelGeometry;vtkFiltersParallelImaging;vtkFiltersParallelMPI;vtkFiltersParallelStatistics;vtkFiltersProgrammable;vtkFiltersPython;/usr/lib/x86_64-linux-gnu/libpython2.7.so;vtkWrappingPythonCore;vtkWrappingTools;vtkFiltersReebGraph;vtkFiltersSMP;vtkFiltersSelection;vtkFiltersTexture;vtkFiltersVerdict;verdict;vtkGUISupportQt;vtkInteractionStyle;vtkRenderingOpenGL;vtkImagingHybrid;vtkIOImage;vtkmetaio;/usr/lib/x86_64-linux-gnu/libjpeg.so;/usr/lib/x86_64-linux-gnu/libpng.so;/usr/lib/x86_64-linux-gnu/libtiff.so;vtkGUISupportQtOpenGL;vtkGUISupportQtSQL;vtkIOSQL;sqlite3;vtkGUISupportQtWebkit;vtkViewsQt;vtkViewsInfovis;vtkInfovisLayout;vtkInfovisBoostGraphAlgorithms;vtkRenderingLabel;vtkViewsCore;vtkInteractionWidgets;vtkRenderingAnnotation;vtkImagingColor;vtkRenderingVolume;vtkGeovisCore;/usr/lib/x86_64-linux-gnu/libproj.so;vtkIOAMR;/usr/lib/x86_64-linux-gnu/hdf5/openmpi/libhdf5.so;/usr/lib/x86_64-linux-gnu/libsz.so;/usr/lib/x86_64-linux-gnu/libdl.so;/usr/lib/x86_64-linux-gnu/libm.so;/usr/lib/x86_64-linux-gnu/openmpi/lib/libmpi.so;vtkIOEnSight;vtkIOExodus;vtkexoIIc;/usr/lib/x86_64-linux-gnu/libnetcdf_c++.so;/usr/lib/x86_64-linux-gnu/libnetcdf.so;vtkIOExport;vtkRenderingGL2PS;vtkRenderingContextOpenGL;/usr/lib/x86_64-linux-gnu/libgl2ps.so;vtkIOFFMPEG;vtkIOMovie;/usr/lib/x86_64-linux-gnu/libtheoraenc.so;/usr/lib/x86_64-linux-gnu/libtheoradec.so;/usr/lib/x86_64-linux-gnu/libogg.so;vtkIOGDAL;vtkIOGeoJSON;vtkIOImport;vtkIOInfovis;/usr/lib/x86_64-linux-gnu/libxml2.so;vtkIOLSDyna;vtkIOMINC;vtkIOMPIImage;vtkIOMPIParallel;vtkIOParallel;vtkIONetCDF;/usr/lib/x86_64-linux-gnu/libjsoncpp.so;vtkIOMySQL;vtkIOODBC;vtkIOPLY;vtkIOParallelExodus;vtkIOParallelLSDyna;vtkIOParallelNetCDF;vtkIOParallelXML;vtkIOPostgreSQL;vtkIOVPIC;VPIC;vtkIOVideo;vtkIOXdmf2;vtkxdmf2;vtkImagingMath;vtkImagingMorphological;vtkImagingStatistics;vtkImagingStencil;vtkInteractionImage;vtkLocalExample;vtkParallelMPI4Py;vtkPythonInterpreter;vtkRenderingExternal;vtkRenderingFreeTypeFontConfig;vtkRenderingImage;vtkRenderingLIC;vtkRenderingLOD;vtkRenderingMatplotlib;vtkRenderingParallel;vtkRenderingParallelLIC;vtkRenderingQt;vtkRenderingVolumeAMR;vtkRenderingVolumeOpenGL;vtkTestingGenericBridge;vtkTestingIOSQL;vtkTestingRendering;vtkViewsContext2D;vtkViewsGeovis;vtkWrappingJava;optimized;/usr/lib/x86_64-linux-gnu/libpcl_io.so;debug;/usr/lib/x86_64-linux-gnu/libpcl_io.so;optimized;/usr/lib/x86_64-linux-gnu/libflann_cpp_s.a;debug;/usr/lib/x86_64-linux-gnu/libflann_cpp_s.a;optimized;/usr/lib/x86_64-linux-gnu/libpcl_kdtree.so;debug;/usr/lib/x86_64-linux-gnu/libpcl_kdtree.so;optimized;/usr/lib/x86_64-linux-gnu/libpcl_search.so;debug;/usr/lib/x86_64-linux-gnu/libpcl_search.so;optimized;/usr/lib/x86_64-linux-gnu/libpcl_sample_consensus.so;debug;/usr/lib/x86_64-linux-gnu/libpcl_sample_consensus.so;optimized;/usr/lib/x86_64-linux-gnu/libpcl_filters.so;debug;/usr/lib/x86_64-linux-gnu/libpcl_filters.so;optimized;/usr/lib/x86_64-linux-gnu/libpcl_features.so;debug;/usr/lib/x86_64-linux-gnu/libpcl_features.so;optimized;/usr/lib/x86_64-linux-gnu/libpcl_ml.so;debug;/usr/lib/x86_64-linux-gnu/libpcl_ml.so;optimized;/usr/lib/x86_64-linux-gnu/libpcl_segmentation.so;debug;/usr/lib/x86_64-linux-gnu/libpcl_segmentation.so;optimized;/usr/lib/x86_64-linux-gnu/libpcl_visualization.so;debug;/usr/lib/x86_64-linux-gnu/libpcl_visualization.so;optimized;/usr/lib/x86_64-linux-gnu/libqhull.so;debug;/usr/lib/x86_64-linux-gnu/libqhull.so;optimized;/usr/lib/x86_64-linux-gnu/libpcl_surface.so;debug;/usr/lib/x86_64-linux-gnu/libpcl_surface.so;optimized;/usr/lib/x86_64-linux-gnu/libpcl_registration.so;debug;/usr/lib/x86_64-linux-gnu/libpcl_registration.so;optimized;/usr/lib/x86_64-linux-gnu/libpcl_keypoints.so;debug;/usr/lib/x86_64-linux-gnu/libpcl_keypoints.so;optimized;/usr/lib/x86_64-linux-gnu/libpcl_tracking.so;debug;/usr/lib/x86_64-linux-gnu/libpcl_tracking.so;optimized;/usr/lib/x86_64-linux-gnu/libpcl_recognition.so;debug;/usr/lib/x86_64-linux-gnu/libpcl_recognition.so;optimized;/usr/lib/x86_64-linux-gnu/libpcl_stereo.so;debug;/usr/lib/x86_64-linux-gnu/libpcl_stereo.so;optimized;/usr/lib/x86_64-linux-gnu/libpcl_apps.so;debug;/usr/lib/x86_64-linux-gnu/libpcl_apps.so;optimized;/usr/lib/x86_64-linux-gnu/libpcl_outofcore.so;debug;/usr/lib/x86_64-linux-gnu/libpcl_outofcore.so;optimized;/usr/lib/x86_64-linux-gnu/libpcl_people.so;debug;/usr/lib/x86_64-linux-gnu/libpcl_people.so;/usr/lib/x86_64-linux-gnu/libboost_system.so;/usr/lib/x86_64-linux-gnu/libboost_filesystem.so;/usr/lib/x86_64-linux-gnu/libboost_thread.so;/usr/lib/x86_64-linux-gnu/libboost_date_time.so;/usr/lib/x86_64-linux-gnu/libboost_iostreams.so;/usr/lib/x86_64-linux-gnu/libboost_serialization.so;/usr/lib/x86_64-linux-gnu/libboost_chrono.so;/usr/lib/x86_64-linux-gnu/libboost_atomic.so;/usr/lib/x86_64-linux-gnu/libboost_regex.so;/usr/lib/x86_64-linux-gnu/libpthread.so;optimized;/usr/lib/x86_64-linux-gnu/libqhull.so;debug;/usr/lib/x86_64-linux-gnu/libqhull.so;/usr/lib/libOpenNI.so;/usr/lib/libOpenNI2.so;optimized;/usr/lib/x86_64-linux-gnu/libflann_cpp_s.a;debug;/usr/lib/x86_64-linux-gnu/libflann_cpp_s.a;vtkChartsCore;vtkCommonColor;vtkCommonDataModel;vtkCommonMath;vtkCommonCore;vtksys;vtkCommonMisc;vtkCommonSystem;vtkCommonTransforms;vtkInfovisCore;vtkFiltersExtraction;vtkCommonExecutionModel;vtkFiltersCore;vtkFiltersGeneral;vtkCommonComputationalGeometry;vtkFiltersStatistics;vtkImagingFourier;vtkImagingCore;vtkalglib;vtkRenderingContext2D;vtkRenderingCore;vtkFiltersGeometry;vtkFiltersSources;vtkRenderingFreeType;/usr/lib/x86_64-linux-gnu/libfreetype.so;/usr/lib/x86_64-linux-gnu/libz.so;vtkftgl;vtkDICOMParser;vtkDomainsChemistry;vtkIOXML;vtkIOGeometry;vtkIOCore;vtkIOXMLParser;/usr/lib/x86_64-linux-gnu/libexpat.so;vtkFiltersAMR;vtkParallelCore;vtkIOLegacy;vtkFiltersFlowPaths;vtkFiltersGeneric;vtkFiltersHybrid;vtkImagingSources;vtkFiltersHyperTree;vtkFiltersImaging;vtkImagingGeneral;vtkFiltersModeling;vtkFiltersParallel;vtkFiltersParallelFlowPaths;vtkParallelMPI;vtkFiltersParallelGeometry;vtkFiltersParallelImaging;vtkFiltersParallelMPI;vtkFiltersParallelStatistics;vtkFiltersProgrammable;vtkFiltersPython;/usr/lib/x86_64-linux-gnu/libpython2.7.so;vtkWrappingPythonCore;vtkWrappingTools;vtkFiltersReebGraph;vtkFiltersSMP;vtkFiltersSelection;vtkFiltersTexture;vtkFiltersVerdict;verdict;vtkGUISupportQt;vtkInteractionStyle;vtkRenderingOpenGL;vtkImagingHybrid;vtkIOImage;vtkmetaio;/usr/lib/x86_64-linux-gnu/libjpeg.so;/usr/lib/x86_64-linux-gnu/libpng.so;/usr/lib/x86_64-linux-gnu/libtiff.so;vtkGUISupportQtOpenGL;vtkGUISupportQtSQL;vtkIOSQL;sqlite3;vtkGUISupportQtWebkit;vtkViewsQt;vtkViewsInfovis;vtkInfovisLayout;vtkInfovisBoostGraphAlgorithms;vtkRenderingLabel;vtkViewsCore;vtkInteractionWidgets;vtkRenderingAnnotation;vtkImagingColor;vtkRenderingVolume;vtkGeovisCore;/usr/lib/x86_64-linux-gnu/libproj.so;vtkIOAMR;/usr/lib/x86_64-linux-gnu/hdf5/openmpi/libhdf5.so;/usr/lib/x86_64-linux-gnu/libsz.so;/usr/lib/x86_64-linux-gnu/libdl.so;/usr/lib/x86_64-linux-gnu/libm.so;/usr/lib/x86_64-linux-gnu/openmpi/lib/libmpi.so;vtkIOEnSight;vtkIOExodus;vtkexoIIc;/usr/lib/x86_64-linux-gnu/libnetcdf_c++.so;/usr/lib/x86_64-linux-gnu/libnetcdf.so;vtkIOExport;vtkRenderingGL2PS;vtkRenderingContextOpenGL;/usr/lib/x86_64-linux-gnu/libgl2ps.so;vtkIOFFMPEG;vtkIOMovie;/usr/lib/x86_64-linux-gnu/libtheoraenc.so;/usr/lib/x86_64-linux-gnu/libtheoradec.so;/usr/lib/x86_64-linux-gnu/libogg.so;vtkIOGDAL;vtkIOGeoJSON;vtkIOImport;vtkIOInfovis;/usr/lib/x86_64-linux-gnu/libxml2.so;vtkIOLSDyna;vtkIOMINC;vtkIOMPIImage;vtkIOMPIParallel;vtkIOParallel;vtkIONetCDF;/usr/lib/x86_64-linux-gnu/libjsoncpp.so;vtkIOMySQL;vtkIOODBC;vtkIOPLY;vtkIOParallelExodus;vtkIOParallelLSDyna;vtkIOParallelNetCDF;vtkIOParallelXML;vtkIOPostgreSQL;vtkIOVPIC;VPIC;vtkIOVideo;vtkIOXdmf2;vtkxdmf2;vtkImagingMath;vtkImagingMorphological;vtkImagingStatistics;vtkImagingStencil;vtkInteractionImage;vtkLocalExample;vtkParallelMPI4Py;vtkPythonInterpreter;vtkRenderingExternal;vtkRenderingFreeTypeFontConfig;vtkRenderingImage;vtkRenderingLIC;vtkRenderingLOD;vtkRenderingMatplotlib;vtkRenderingParallel;vtkRenderingParallelLIC;vtkRenderingQt;vtkRenderingVolumeAMR;vtkRenderingVolumeOpenGL;vtkTestingGenericBridge;vtkTestingIOSQL;vtkTestingRendering;vtkViewsContext2D;vtkViewsGeovis;vtkWrappingJava  
[3.023s] -- Configuring done
[3.088s] -- Generating done
[3.091s] -- Build files have been written to: /home/autoware/Autoware/build/pcl_omp_registration
[3.102s] Invoked command in '/home/autoware/Autoware/build/pcl_omp_registration' returned '0': /usr/bin/cmake /home/autoware/Autoware/src/autoware/core_perception/pcl_omp_registration -DCMAKE_BUILD_TYPE=Release -DCATKIN_INSTALL_INTO_PREFIX_ROOT=0 -DCMAKE_INSTALL_PREFIX=/home/autoware/Autoware/install/pcl_omp_registration
[3.103s] Invoking command in '/home/autoware/Autoware/build/pcl_omp_registration': /usr/bin/cmake --build /home/autoware/Autoware/build/pcl_omp_registration -- -j2 -l2
[3.227s] Scanning dependencies of target pcl_omp_registration
[3.257s] [ 50%] Building CXX object CMakeFiles/pcl_omp_registration.dir/src/ndt.cpp.o
[18.444s] [100%] Linking CXX shared library devel/lib/libpcl_omp_registration.so
[20.556s] [100%] Built target pcl_omp_registration
[20.573s] Invoked command in '/home/autoware/Autoware/build/pcl_omp_registration' returned '0': /usr/bin/cmake --build /home/autoware/Autoware/build/pcl_omp_registration -- -j2 -l2
[20.616s] Invoking command in '/home/autoware/Autoware/build/pcl_omp_registration': /usr/bin/cmake --build /home/autoware/Autoware/build/pcl_omp_registration --target tests -- -j2 -l2
[20.684s] Scanning dependencies of target tests
[20.697s] Built target tests
[20.712s] Invoked command in '/home/autoware/Autoware/build/pcl_omp_registration' returned '0': /usr/bin/cmake --build /home/autoware/Autoware/build/pcl_omp_registration --target tests -- -j2 -l2
[20.755s] Invoking command in '/home/autoware/Autoware/build/pcl_omp_registration': /usr/bin/cmake --build /home/autoware/Autoware/build/pcl_omp_registration --target install -- -j2 -l2
[20.844s] [100%] Built target pcl_omp_registration
[20.870s] Install the project...
[20.882s] -- Install configuration: "Release"
[20.883s] -- Installing: /home/autoware/Autoware/install/pcl_omp_registration/lib/pkgconfig/pcl_omp_registration.pc
[20.884s] -- Installing: /home/autoware/Autoware/install/pcl_omp_registration/share/pcl_omp_registration/cmake/pcl_omp_registrationConfig.cmake
[20.884s] -- Installing: /home/autoware/Autoware/install/pcl_omp_registration/share/pcl_omp_registration/cmake/pcl_omp_registrationConfig-version.cmake
[20.885s] -- Installing: /home/autoware/Autoware/install/pcl_omp_registration/share/pcl_omp_registration/package.xml
[20.885s] -- Installing: /home/autoware/Autoware/install/pcl_omp_registration/include/pcl_omp_registration
[20.885s] -- Installing: /home/autoware/Autoware/install/pcl_omp_registration/include/pcl_omp_registration/ndt.h
[20.886s] -- Installing: /home/autoware/Autoware/install/pcl_omp_registration/include/pcl_omp_registration/impl
[20.886s] -- Installing: /home/autoware/Autoware/install/pcl_omp_registration/include/pcl_omp_registration/impl/ndt.hpp
[20.887s] -- Installing: /home/autoware/Autoware/install/pcl_omp_registration/include/pcl_omp_registration/impl/registration.hpp
[20.887s] -- Installing: /home/autoware/Autoware/install/pcl_omp_registration/include/pcl_omp_registration/registration.h
[20.887s] -- Installing: /home/autoware/Autoware/install/pcl_omp_registration/lib/libpcl_omp_registration.so
[20.889s] -- Set runtime path of "/home/autoware/Autoware/install/pcl_omp_registration/lib/libpcl_omp_registration.so" to ""
[20.894s] Invoked command in '/home/autoware/Autoware/build/pcl_omp_registration' returned '0': /usr/bin/cmake --build /home/autoware/Autoware/build/pcl_omp_registration --target install -- -j2 -l2
