Determining if the pthread_create exist failed with the following output:
Change Dir: /home/autoware/Autoware/build/carla_autoware_bridge/CMakeFiles/CMakeTmp

Run Build Command:"/usr/bin/make" "cmTC_7269b/fast"
/usr/bin/make -f CMakeFiles/cmTC_7269b.dir/build.make CMakeFiles/cmTC_7269b.dir/build
make[1]: Entering directory '/home/autoware/Autoware/build/carla_autoware_bridge/CMakeFiles/CMakeTmp'
Building C object CMakeFiles/cmTC_7269b.dir/CheckSymbolExists.c.o
/usr/bin/cc    -o CMakeFiles/cmTC_7269b.dir/CheckSymbolExists.c.o   -c /home/autoware/Autoware/build/carla_autoware_bridge/CMakeFiles/CMakeTmp/CheckSymbolExists.c
Linking C executable cmTC_7269b
/usr/bin/cmake -E cmake_link_script CMakeFiles/cmTC_7269b.dir/link.txt --verbose=1
/usr/bin/cc      -rdynamic CMakeFiles/cmTC_7269b.dir/CheckSymbolExists.c.o  -o cmTC_7269b 
CMakeFiles/cmTC_7269b.dir/CheckSymbolExists.c.o: In function `main':
CheckSymbolExists.c:(.text+0x1b): undefined reference to `pthread_create'
collect2: error: ld returned 1 exit status
CMakeFiles/cmTC_7269b.dir/build.make:97: recipe for target 'cmTC_7269b' failed
make[1]: *** [cmTC_7269b] Error 1
make[1]: Leaving directory '/home/autoware/Autoware/build/carla_autoware_bridge/CMakeFiles/CMakeTmp'
Makefile:126: recipe for target 'cmTC_7269b/fast' failed
make: *** [cmTC_7269b/fast] Error 2

File /home/autoware/Autoware/build/carla_autoware_bridge/CMakeFiles/CMakeTmp/CheckSymbolExists.c:
/* */
#include <pthread.h>

int main(int argc, char** argv)
{
  (void)argv;
#ifndef pthread_create
  return ((int*)(&pthread_create))[argc];
#else
  (void)argc;
  return 0;
#endif
}

Determining if the function pthread_create exists in the pthreads failed with the following output:
Change Dir: /home/autoware/Autoware/build/carla_autoware_bridge/CMakeFiles/CMakeTmp

Run Build Command:"/usr/bin/make" "cmTC_bdb7c/fast"
/usr/bin/make -f CMakeFiles/cmTC_bdb7c.dir/build.make CMakeFiles/cmTC_bdb7c.dir/build
make[1]: Entering directory '/home/autoware/Autoware/build/carla_autoware_bridge/CMakeFiles/CMakeTmp'
Building C object CMakeFiles/cmTC_bdb7c.dir/CheckFunctionExists.c.o
/usr/bin/cc   -DCHECK_FUNCTION_EXISTS=pthread_create   -o CMakeFiles/cmTC_bdb7c.dir/CheckFunctionExists.c.o   -c /usr/share/cmake-3.10/Modules/CheckFunctionExists.c
Linking C executable cmTC_bdb7c
/usr/bin/cmake -E cmake_link_script CMakeFiles/cmTC_bdb7c.dir/link.txt --verbose=1
/usr/bin/cc  -DCHECK_FUNCTION_EXISTS=pthread_create    -rdynamic CMakeFiles/cmTC_bdb7c.dir/CheckFunctionExists.c.o  -o cmTC_bdb7c -lpthreads 
/usr/bin/ld: cannot find -lpthreads
collect2: error: ld returned 1 exit status
CMakeFiles/cmTC_bdb7c.dir/build.make:97: recipe for target 'cmTC_bdb7c' failed
make[1]: *** [cmTC_bdb7c] Error 1
make[1]: Leaving directory '/home/autoware/Autoware/build/carla_autoware_bridge/CMakeFiles/CMakeTmp'
Makefile:126: recipe for target 'cmTC_bdb7c/fast' failed
make: *** [cmTC_bdb7c/fast] Error 2


