-- The C compiler identification is GNU 7.5.0
-- The CXX compiler identification is GNU 7.5.0
-- Check for working C compiler: /usr/bin/cc
-- Check for working C compiler: /usr/bin/cc -- works
-- Detecting C compiler ABI info
-- Detecting C compiler ABI info - done
-- Detecting C compile features
-- Detecting C compile features - done
-- Check for working CXX compiler: /usr/bin/c++
-- Check for working CXX compiler: /usr/bin/c++ -- works
-- Detecting CXX compiler ABI info
-- Detecting CXX compiler ABI info - done
-- Detecting CXX compile features
-- Detecting CXX compile features - done
-- Found PkgConfig: /usr/bin/pkg-config (found version "0.29.1") 
-- CUDA compilation status: ON.
-- Using CATKIN_DEVEL_PREFIX: /home/autoware/Autoware/build/glviewer/devel
-- Using CMAKE_PREFIX_PATH: /home/autoware/Autoware/install/autoware_build_flags;/opt/ros/melodic
-- This workspace overlays: /home/autoware/Autoware/install/autoware_build_flags;/opt/ros/melodic
-- Found PythonInterp: /usr/bin/python2 (found suitable version "2.7.17", minimum required is "2") 
-- Using PYTHON_EXECUTABLE: /usr/bin/python2
-- Using Debian Python package layout
-- Using empy: /usr/bin/empy
-- Using CATKIN_ENABLE_TESTING: ON
-- Call enable_testing()
-- Using CATKIN_TEST_RESULTS_DIR: /home/autoware/Autoware/build/glviewer/test_results
-- Found gtest sources under '/usr/src/googletest': gtests will be built
-- Found gmock sources under '/usr/src/googletest': gmock will be built
-- Found PythonInterp: /usr/bin/python2 (found version "2.7.17") 
-- Looking for pthread.h
-- Looking for pthread.h - found
-- Looking for pthread_create
-- Looking for pthread_create - not found
-- Looking for pthread_create in pthreads
-- Looking for pthread_create in pthreads - not found
-- Looking for pthread_create in pthread
-- Looking for pthread_create in pthread - found
-- Found Threads: TRUE  
-- Using Python nosetests: /usr/bin/nosetests-2.7
-- catkin 0.7.26
-- BUILD_SHARED_LIBS is on
-- Found OpenGL: /usr/lib/x86_64-linux-gnu/libOpenGL.so   
-- Configuring done
-- Generating done
-- Build files have been written to: /home/autoware/Autoware/build/glviewer
Scanning dependencies of target glviewer_autogen
[ 16%] Automatic MOC for target glviewer
[ 16%] Built target glviewer_autogen
[ 33%] Generating include/glviewer/moc_glviewer.cpp
Scanning dependencies of target glviewer
[ 50%] Building CXX object CMakeFiles/glviewer.dir/GLViewer/glviewer.cpp.o
In file included from /usr/local/include/eigen3/Eigen/Core:450:0,
                 from /usr/local/include/eigen3/Eigen/Dense:1,
                 from /home/autoware/Autoware/src/autoware/visualization/glviewer/include/glviewer/glviewer.h:22,
                 from /home/autoware/Autoware/src/autoware/visualization/glviewer/GLViewer/glviewer.cpp:17:
/usr/local/include/eigen3/Eigen/src/Core/DenseStorage.h: In member function ‘void GLViewer::addDisplayLists(GLuint, GLuint)’:
/usr/local/include/eigen3/Eigen/src/Core/DenseStorage.h:194:66: warning: ‘*((void*)(& list)+16).Eigen::DenseStorage<double, 16, 4, 4, 0>::m_data’ may be used uninitialized in this function [-Wmaybe-uninitialized]
     DenseStorage(const DenseStorage& other) : m_data(other.m_data) {
                                                                  ^
[ 66%] Building CXX object CMakeFiles/glviewer.dir/include/glviewer/moc_glviewer.cpp.o
[ 83%] Building CXX object CMakeFiles/glviewer.dir/glviewer_autogen/mocs_compilation.cpp.o
[100%] Linking CXX shared library devel/lib/libglviewer.so
[100%] Built target glviewer
Scanning dependencies of target tests
Built target tests
[ 16%] Automatic MOC for target glviewer
[ 16%] Built target glviewer_autogen
[100%] Built target glviewer
Install the project...
-- Install configuration: "Release"
-- Installing: /home/autoware/Autoware/install/glviewer/lib/pkgconfig/glviewer.pc
-- Installing: /home/autoware/Autoware/install/glviewer/share/glviewer/cmake/glviewerConfig.cmake
-- Installing: /home/autoware/Autoware/install/glviewer/share/glviewer/cmake/glviewerConfig-version.cmake
-- Installing: /home/autoware/Autoware/install/glviewer/share/glviewer/package.xml
-- Installing: /home/autoware/Autoware/install/glviewer/include/glviewer
-- Installing: /home/autoware/Autoware/install/glviewer/include/glviewer/glviewer.h
-- Installing: /home/autoware/Autoware/install/glviewer/lib/libglviewer.so
-- Set runtime path of "/home/autoware/Autoware/install/glviewer/lib/libglviewer.so" to ""
