Determining if the pthread_create exist failed with the following output:
Change Dir: /home/autoware/Autoware/build/libwaypoint_follower/CMakeFiles/CMakeTmp

Run Build Command:"/usr/bin/make" "cmTC_62456/fast"
/usr/bin/make -f CMakeFiles/cmTC_62456.dir/build.make CMakeFiles/cmTC_62456.dir/build
make[1]: Entering directory '/home/autoware/Autoware/build/libwaypoint_follower/CMakeFiles/CMakeTmp'
Building C object CMakeFiles/cmTC_62456.dir/CheckSymbolExists.c.o
/usr/bin/cc    -o CMakeFiles/cmTC_62456.dir/CheckSymbolExists.c.o   -c /home/autoware/Autoware/build/libwaypoint_follower/CMakeFiles/CMakeTmp/CheckSymbolExists.c
Linking C executable cmTC_62456
/usr/bin/cmake -E cmake_link_script CMakeFiles/cmTC_62456.dir/link.txt --verbose=1
/usr/bin/cc      -rdynamic CMakeFiles/cmTC_62456.dir/CheckSymbolExists.c.o  -o cmTC_62456 
CMakeFiles/cmTC_62456.dir/CheckSymbolExists.c.o: In function `main':
CheckSymbolExists.c:(.text+0x1b): undefined reference to `pthread_create'
collect2: error: ld returned 1 exit status
CMakeFiles/cmTC_62456.dir/build.make:97: recipe for target 'cmTC_62456' failed
make[1]: *** [cmTC_62456] Error 1
make[1]: Leaving directory '/home/autoware/Autoware/build/libwaypoint_follower/CMakeFiles/CMakeTmp'
Makefile:126: recipe for target 'cmTC_62456/fast' failed
make: *** [cmTC_62456/fast] Error 2

File /home/autoware/Autoware/build/libwaypoint_follower/CMakeFiles/CMakeTmp/CheckSymbolExists.c:
/* */
#include <pthread.h>

int main(int argc, char** argv)
{
  (void)argv;
#ifndef pthread_create
  return ((int*)(&pthread_create))[argc];
#else
  (void)argc;
  return 0;
#endif
}

Determining if the function pthread_create exists in the pthreads failed with the following output:
Change Dir: /home/autoware/Autoware/build/libwaypoint_follower/CMakeFiles/CMakeTmp

Run Build Command:"/usr/bin/make" "cmTC_c131b/fast"
/usr/bin/make -f CMakeFiles/cmTC_c131b.dir/build.make CMakeFiles/cmTC_c131b.dir/build
make[1]: Entering directory '/home/autoware/Autoware/build/libwaypoint_follower/CMakeFiles/CMakeTmp'
Building C object CMakeFiles/cmTC_c131b.dir/CheckFunctionExists.c.o
/usr/bin/cc   -DCHECK_FUNCTION_EXISTS=pthread_create   -o CMakeFiles/cmTC_c131b.dir/CheckFunctionExists.c.o   -c /usr/share/cmake-3.10/Modules/CheckFunctionExists.c
Linking C executable cmTC_c131b
/usr/bin/cmake -E cmake_link_script CMakeFiles/cmTC_c131b.dir/link.txt --verbose=1
/usr/bin/cc  -DCHECK_FUNCTION_EXISTS=pthread_create    -rdynamic CMakeFiles/cmTC_c131b.dir/CheckFunctionExists.c.o  -o cmTC_c131b -lpthreads 
/usr/bin/ld: cannot find -lpthreads
collect2: error: ld returned 1 exit status
CMakeFiles/cmTC_c131b.dir/build.make:97: recipe for target 'cmTC_c131b' failed
make[1]: *** [cmTC_c131b] Error 1
make[1]: Leaving directory '/home/autoware/Autoware/build/libwaypoint_follower/CMakeFiles/CMakeTmp'
Makefile:126: recipe for target 'cmTC_c131b/fast' failed
make: *** [cmTC_c131b/fast] Error 2


