[0.014s] Invoking command in '/home/autoware/Autoware/build/ros_observer': /usr/bin/cmake /home/autoware/Autoware/src/autoware/common/ros_observer -DCMAKE_BUILD_TYPE=Release -DCATKIN_INSTALL_INTO_PREFIX_ROOT=0 -DCMAKE_INSTALL_PREFIX=/home/autoware/Autoware/install/ros_observer
[0.101s] -- The C compiler identification is GNU 7.5.0
[0.181s] -- The CXX compiler identification is GNU 7.5.0
[0.187s] -- Check for working C compiler: /usr/bin/cc
[0.282s] -- Check for working C compiler: /usr/bin/cc -- works
[0.282s] -- Detecting C compiler ABI info
[0.379s] -- Detecting C compiler ABI info - done
[0.384s] -- Detecting C compile features
[0.655s] -- Detecting C compile features - done
[0.659s] -- Check for working CXX compiler: /usr/bin/c++
[0.766s] -- Check for working CXX compiler: /usr/bin/c++ -- works
[0.767s] -- Detecting CXX compiler ABI info
[0.874s] -- Detecting CXX compiler ABI info - done
[0.882s] -- Detecting CXX compile features
[1.362s] -- Detecting CXX compile features - done
[1.365s] -- Using CATKIN_DEVEL_PREFIX: /home/autoware/Autoware/build/ros_observer/devel
[1.365s] -- Using CMAKE_PREFIX_PATH: /opt/ros/melodic
[1.365s] -- This workspace overlays: /opt/ros/melodic
[1.386s] -- Found PythonInterp: /usr/bin/python2 (found suitable version "2.7.17", minimum required is "2") 
[1.386s] -- Using PYTHON_EXECUTABLE: /usr/bin/python2
[1.386s] -- Using Debian Python package layout
[1.386s] -- Using empy: /usr/bin/empy
[1.558s] -- Using CATKIN_ENABLE_TESTING: ON
[1.558s] -- Call enable_testing()
[1.566s] -- Using CATKIN_TEST_RESULTS_DIR: /home/autoware/Autoware/build/ros_observer/test_results
[1.589s] -- Found gtest sources under '/usr/src/googletest': gtests will be built
[1.590s] -- Found gmock sources under '/usr/src/googletest': gmock will be built
[1.610s] -- Found PythonInterp: /usr/bin/python2 (found version "2.7.17") 
[1.610s] -- Looking for pthread.h
[1.710s] -- Looking for pthread.h - found
[1.710s] -- Looking for pthread_create
[1.810s] -- Looking for pthread_create - not found
[1.810s] -- Looking for pthread_create in pthreads
[1.887s] -- Looking for pthread_create in pthreads - not found
[1.887s] -- Looking for pthread_create in pthread
[1.987s] -- Looking for pthread_create in pthread - found
[1.987s] -- Found Threads: TRUE  
[1.992s] -- Using Python nosetests: /usr/bin/nosetests-2.7
[2.049s] -- catkin 0.7.26
[2.049s] -- BUILD_SHARED_LIBS is on
[2.365s] -- Boost version: 1.65.1
[2.366s] -- Found the following Boost libraries:
[2.366s] --   thread
[2.366s] --   chrono
[2.367s] --   system
[2.367s] --   date_time
[2.367s] --   atomic
[2.537s] -- Configuring done
[2.576s] -- Generating done
[2.583s] -- Build files have been written to: /home/autoware/Autoware/build/ros_observer
[2.591s] Invoked command in '/home/autoware/Autoware/build/ros_observer' returned '0': /usr/bin/cmake /home/autoware/Autoware/src/autoware/common/ros_observer -DCMAKE_BUILD_TYPE=Release -DCATKIN_INSTALL_INTO_PREFIX_ROOT=0 -DCMAKE_INSTALL_PREFIX=/home/autoware/Autoware/install/ros_observer
[2.593s] Invoking command in '/home/autoware/Autoware/build/ros_observer': /usr/bin/cmake --build /home/autoware/Autoware/build/ros_observer -- -j2 -l2
[2.651s] Scanning dependencies of target std_msgs_generate_messages_cpp
[2.664s] [  0%] Built target std_msgs_generate_messages_cpp
[2.678s] Scanning dependencies of target rosgraph_msgs_generate_messages_nodejs
[2.693s] [  0%] Built target rosgraph_msgs_generate_messages_nodejs
[2.708s] Scanning dependencies of target rosgraph_msgs_generate_messages_py
[2.725s] [  0%] Built target rosgraph_msgs_generate_messages_py
[2.743s] Scanning dependencies of target std_msgs_generate_messages_eus
[2.757s] [  0%] Built target std_msgs_generate_messages_eus
[2.771s] Scanning dependencies of target rosgraph_msgs_generate_messages_lisp
[2.785s] [  0%] Built target rosgraph_msgs_generate_messages_lisp
[2.799s] Scanning dependencies of target rosgraph_msgs_generate_messages_eus
[2.812s] [  0%] Built target rosgraph_msgs_generate_messages_eus
[2.826s] Scanning dependencies of target rosgraph_msgs_generate_messages_cpp
[2.840s] [  0%] Built target rosgraph_msgs_generate_messages_cpp
[2.855s] Scanning dependencies of target roscpp_generate_messages_py
[2.868s] [  0%] Built target roscpp_generate_messages_py
[2.882s] Scanning dependencies of target std_msgs_generate_messages_nodejs
[2.896s] [  0%] Built target std_msgs_generate_messages_nodejs
[2.911s] Scanning dependencies of target std_msgs_generate_messages_lisp
[2.924s] [  0%] Built target std_msgs_generate_messages_lisp
[2.938s] Scanning dependencies of target std_msgs_generate_messages_py
[2.953s] [  0%] Built target std_msgs_generate_messages_py
[2.967s] Scanning dependencies of target roscpp_generate_messages_nodejs
[2.981s] [  0%] Built target roscpp_generate_messages_nodejs
[2.995s] Scanning dependencies of target roscpp_generate_messages_eus
[3.008s] [  0%] Built target roscpp_generate_messages_eus
[3.021s] Scanning dependencies of target roscpp_generate_messages_lisp
[3.035s] [  0%] Built target roscpp_generate_messages_lisp
[3.049s] Scanning dependencies of target roscpp_generate_messages_cpp
[3.063s] [  0%] Built target roscpp_generate_messages_cpp
[3.077s] Scanning dependencies of target ros_observer
[3.095s] [ 25%] Building CXX object CMakeFiles/ros_observer.dir/src/ros_observer.cpp.o
[7.453s] [ 50%] Linking CXX executable devel/lib/ros_observer/ros_observer
[7.557s] [ 50%] Built target ros_observer
[7.574s] Scanning dependencies of target lib_ros_observer
[7.594s] [ 75%] Building CXX object CMakeFiles/lib_ros_observer.dir/lib/lib_ros_observer.cpp.o
[11.223s] [100%] Linking CXX shared library devel/lib/liblib_ros_observer.so
[11.322s] [100%] Built target lib_ros_observer
[11.340s] Invoked command in '/home/autoware/Autoware/build/ros_observer' returned '0': /usr/bin/cmake --build /home/autoware/Autoware/build/ros_observer -- -j2 -l2
[11.424s] Invoking command in '/home/autoware/Autoware/build/ros_observer': /usr/bin/cmake --build /home/autoware/Autoware/build/ros_observer --target tests -- -j2 -l2
[11.508s] Scanning dependencies of target gtest
[11.523s] [ 16%] Building CXX object gtest/googlemock/gtest/CMakeFiles/gtest.dir/src/gtest-all.cc.o
[17.205s] [ 33%] Linking CXX shared library libgtest.so
[17.303s] [ 33%] Built target gtest
[17.330s] [ 33%] Built target std_msgs_generate_messages_cpp
[17.357s] [ 33%] Built target rosgraph_msgs_generate_messages_nodejs
[17.383s] [ 33%] Built target rosgraph_msgs_generate_messages_py
[17.410s] [ 33%] Built target std_msgs_generate_messages_eus
[17.436s] [ 33%] Built target rosgraph_msgs_generate_messages_lisp
[17.461s] [ 33%] Built target rosgraph_msgs_generate_messages_eus
[17.487s] [ 33%] Built target rosgraph_msgs_generate_messages_cpp
[17.513s] [ 33%] Built target roscpp_generate_messages_py
[17.538s] [ 33%] Built target std_msgs_generate_messages_nodejs
[17.564s] [ 33%] Built target std_msgs_generate_messages_lisp
[17.589s] [ 33%] Built target std_msgs_generate_messages_py
[17.614s] [ 33%] Built target roscpp_generate_messages_nodejs
[17.640s] [ 33%] Built target roscpp_generate_messages_eus
[17.667s] [ 33%] Built target roscpp_generate_messages_lisp
[17.693s] [ 33%] Built target roscpp_generate_messages_cpp
[17.724s] [ 66%] Built target lib_ros_observer
[17.752s] Scanning dependencies of target test_ros_observer
[17.773s] [ 83%] Building CXX object CMakeFiles/test_ros_observer.dir/test/src/test_ros_observer.cpp.o
[22.704s] [100%] Linking CXX executable devel/lib/ros_observer/test_ros_observer
[22.862s] [100%] Built target test_ros_observer
[22.876s] Scanning dependencies of target tests
[22.889s] [100%] Built target tests
[22.905s] Invoked command in '/home/autoware/Autoware/build/ros_observer' returned '0': /usr/bin/cmake --build /home/autoware/Autoware/build/ros_observer --target tests -- -j2 -l2
[22.994s] Invoking command in '/home/autoware/Autoware/build/ros_observer': /usr/bin/cmake --build /home/autoware/Autoware/build/ros_observer --target install -- -j2 -l2
[23.065s] [  0%] Built target std_msgs_generate_messages_cpp
[23.092s] [  0%] Built target rosgraph_msgs_generate_messages_nodejs
[23.118s] [  0%] Built target rosgraph_msgs_generate_messages_py
[23.143s] [  0%] Built target std_msgs_generate_messages_eus
[23.169s] [  0%] Built target rosgraph_msgs_generate_messages_lisp
[23.194s] [  0%] Built target rosgraph_msgs_generate_messages_eus
[23.221s] [  0%] Built target rosgraph_msgs_generate_messages_cpp
[23.248s] [  0%] Built target roscpp_generate_messages_py
[23.275s] [  0%] Built target std_msgs_generate_messages_nodejs
[23.300s] [  0%] Built target std_msgs_generate_messages_lisp
[23.326s] [  0%] Built target std_msgs_generate_messages_py
[23.352s] [  0%] Built target roscpp_generate_messages_nodejs
[23.378s] [  0%] Built target roscpp_generate_messages_eus
[23.405s] [  0%] Built target roscpp_generate_messages_lisp
[23.430s] [  0%] Built target roscpp_generate_messages_cpp
[23.464s] [ 50%] Built target ros_observer
[23.498s] [100%] Built target lib_ros_observer
[23.522s] Install the project...
[23.533s] -- Install configuration: "Release"
[23.534s] -- Installing: /home/autoware/Autoware/install/ros_observer/lib/pkgconfig/ros_observer.pc
[23.535s] -- Installing: /home/autoware/Autoware/install/ros_observer/share/ros_observer/cmake/ros_observerConfig.cmake
[23.535s] -- Installing: /home/autoware/Autoware/install/ros_observer/share/ros_observer/cmake/ros_observerConfig-version.cmake
[23.535s] -- Installing: /home/autoware/Autoware/install/ros_observer/share/ros_observer/package.xml
[23.536s] -- Installing: /home/autoware/Autoware/install/ros_observer/include/ros_observer
[23.536s] -- Installing: /home/autoware/Autoware/install/ros_observer/include/ros_observer/ros_observer.h
[23.537s] -- Installing: /home/autoware/Autoware/install/ros_observer/include/ros_observer/lib_ros_observer.h
[23.537s] -- Installing: /home/autoware/Autoware/install/ros_observer/lib/ros_observer/ros_observer
[23.538s] -- Installing: /home/autoware/Autoware/install/ros_observer/lib/liblib_ros_observer.so
[23.539s] -- Set runtime path of "/home/autoware/Autoware/install/ros_observer/lib/liblib_ros_observer.so" to ""
[23.539s] -- Installing: /home/autoware/Autoware/install/ros_observer/share/ros_observer/launch
[23.540s] -- Installing: /home/autoware/Autoware/install/ros_observer/share/ros_observer/launch/test.launch
[23.540s] -- Installing: /home/autoware/Autoware/install/ros_observer/share/ros_observer/launch/ros_observer.launch
[23.546s] Invoked command in '/home/autoware/Autoware/build/ros_observer' returned '0': /usr/bin/cmake --build /home/autoware/Autoware/build/ros_observer --target install -- -j2 -l2
