-- The C compiler identification is GNU 7.5.0
-- The CXX compiler identification is GNU 7.5.0
-- Check for working C compiler: /usr/bin/cc
-- Check for working C compiler: /usr/bin/cc -- works
-- Detecting C compiler ABI info
-- Detecting C compiler ABI info - done
-- Detecting C compile features
-- Detecting C compile features - done
-- Check for working CXX compiler: /usr/bin/c++
-- Check for working CXX compiler: /usr/bin/c++ -- works
-- Detecting CXX compiler ABI info
-- Detecting CXX compiler ABI info - done
-- Detecting CXX compile features
-- Detecting CXX compile features - done
-- CUDA compilation status: ON.
-- Using CATKIN_DEVEL_PREFIX: /home/autoware/Autoware/build/trafficlight_recognizer/devel
-- Using CMAKE_PREFIX_PATH: /home/autoware/Autoware/install/vector_map_server;/home/autoware/Autoware/install/libvectormap;/home/autoware/Autoware/install/lanelet2_extension;/home/autoware/Autoware/install/vector_map;/home/autoware/Autoware/install/amathutils_lib;/home/autoware/Autoware/install/vector_map_msgs;/home/autoware/Autoware/install/autoware_msgs;/home/autoware/Autoware/install/autoware_lanelet2_msgs;/home/autoware/Autoware/install/autoware_build_flags;/opt/ros/melodic
-- This workspace overlays: /home/autoware/Autoware/install/vector_map_server;/home/autoware/Autoware/install/libvectormap;/home/autoware/Autoware/install/lanelet2_extension;/home/autoware/Autoware/install/vector_map;/home/autoware/Autoware/install/amathutils_lib;/home/autoware/Autoware/install/vector_map_msgs;/home/autoware/Autoware/install/autoware_msgs;/home/autoware/Autoware/install/autoware_lanelet2_msgs;/home/autoware/Autoware/install/autoware_build_flags;/opt/ros/melodic
-- Found PythonInterp: /usr/bin/python2 (found suitable version "2.7.17", minimum required is "2") 
-- Using PYTHON_EXECUTABLE: /usr/bin/python2
-- Using Debian Python package layout
-- Using empy: /usr/bin/empy
-- Using CATKIN_ENABLE_TESTING: ON
-- Call enable_testing()
-- Using CATKIN_TEST_RESULTS_DIR: /home/autoware/Autoware/build/trafficlight_recognizer/test_results
-- Found gtest sources under '/usr/src/googletest': gtests will be built
-- Found gmock sources under '/usr/src/googletest': gmock will be built
-- Found PythonInterp: /usr/bin/python2 (found version "2.7.17") 
-- Looking for pthread.h
-- Looking for pthread.h - found
-- Looking for pthread_create
-- Looking for pthread_create - not found
-- Looking for pthread_create in pthreads
-- Looking for pthread_create in pthreads - not found
-- Looking for pthread_create in pthread
-- Looking for pthread_create in pthread - found
-- Found Threads: TRUE  
-- Using Python nosetests: /usr/bin/nosetests-2.7
-- catkin 0.7.26
-- BUILD_SHARED_LIBS is on
-- Using these message generators: gencpp;geneus;genlisp;gennodejs;genpy
-- Boost version: 1.65.1
-- Found the following Boost libraries:
--   wserialization
--   thread
--   random
--   serialization
--   log_setup
--   prg_exec_monitor
--   wave
--   system
--   chrono
--   filesystem
--   locale
--   timer
--   date_time
--   regex
--   graph
--   program_options
--   unit_test_framework
--   log
--   atomic
-- Found OpenMP_C: -fopenmp (found version "4.5") 
-- Found OpenMP_CXX: -fopenmp (found version "4.5") 
-- Found OpenMP: TRUE (found version "4.5")  
-- Found pugixml: /usr/lib/x86_64-linux-gnu/libpugixml.so  
-- Found PkgConfig: /usr/bin/pkg-config (found version "0.29.1") 
-- Found GeographicLib: /usr/lib/x86_64-linux-gnu/libGeographic.so  
-- Found OpenCV: /usr (found version "3.2.0") 
-- Found OpenGL: /usr/lib/x86_64-linux-gnu/libOpenGL.so   
-- Found TinyXML: /usr/lib/x86_64-linux-gnu/libtinyxml.so  
-- Found CUDA: /usr/local/cuda (found version "10.0") 
-- Configuring done
-- Generating done
-- Build files have been written to: /home/autoware/Autoware/build/trafficlight_recognizer
Scanning dependencies of target label_maker_autogen
[  2%] Automatic MOC, UIC and RCC for target label_maker
[  2%] Built target label_maker_autogen
Scanning dependencies of target autoware_lanelet2_msgs_generate_messages_nodejs
[  2%] Built target autoware_lanelet2_msgs_generate_messages_nodejs
Scanning dependencies of target vector_map_server_generate_messages_nodejs
[  2%] Built target vector_map_server_generate_messages_nodejs
Scanning dependencies of target vector_map_msgs_generate_messages_py
[  2%] Built target vector_map_msgs_generate_messages_py
Scanning dependencies of target vector_map_msgs_generate_messages_nodejs
[  2%] Built target vector_map_msgs_generate_messages_nodejs
Scanning dependencies of target vector_map_msgs_generate_messages_lisp
[  2%] Built target vector_map_msgs_generate_messages_lisp
Scanning dependencies of target vector_map_msgs_generate_messages_eus
[  2%] Built target vector_map_msgs_generate_messages_eus
Scanning dependencies of target vector_map_msgs_generate_messages_cpp
[  2%] Built target vector_map_msgs_generate_messages_cpp
Scanning dependencies of target visualization_msgs_generate_messages_py
[  2%] Built target visualization_msgs_generate_messages_py
Scanning dependencies of target visualization_msgs_generate_messages_nodejs
[  2%] Built target visualization_msgs_generate_messages_nodejs
Scanning dependencies of target vector_map_server_generate_messages_cpp
[  2%] Built target vector_map_server_generate_messages_cpp
Scanning dependencies of target visualization_msgs_generate_messages_eus
[  2%] Built target visualization_msgs_generate_messages_eus
Scanning dependencies of target sensor_msgs_generate_messages_nodejs
[  2%] Built target sensor_msgs_generate_messages_nodejs
Scanning dependencies of target vector_map_server_generate_messages_eus
[  2%] Built target vector_map_server_generate_messages_eus
Scanning dependencies of target roscpp_generate_messages_cpp
[  2%] Built target roscpp_generate_messages_cpp
Scanning dependencies of target actionlib_generate_messages_cpp
[  2%] Built target actionlib_generate_messages_cpp
Scanning dependencies of target pcl_msgs_generate_messages_eus
[  2%] Built target pcl_msgs_generate_messages_eus
Scanning dependencies of target rosgraph_msgs_generate_messages_eus
[  2%] Built target rosgraph_msgs_generate_messages_eus
Scanning dependencies of target jsk_recognition_msgs_generate_messages_lisp
[  2%] Built target jsk_recognition_msgs_generate_messages_lisp
Scanning dependencies of target jsk_recognition_msgs_generate_messages_eus
[  2%] Built target jsk_recognition_msgs_generate_messages_eus
Scanning dependencies of target tf2_msgs_generate_messages_cpp
[  2%] Built target tf2_msgs_generate_messages_cpp
Scanning dependencies of target std_msgs_generate_messages_py
[  2%] Built target std_msgs_generate_messages_py
Scanning dependencies of target autoware_msgs_generate_messages_py
[  2%] Built target autoware_msgs_generate_messages_py
Scanning dependencies of target std_msgs_generate_messages_nodejs
[  2%] Built target std_msgs_generate_messages_nodejs
Scanning dependencies of target sensor_msgs_generate_messages_eus
[  2%] Built target sensor_msgs_generate_messages_eus
Scanning dependencies of target _catkin_empty_exported_target
[  2%] Built target _catkin_empty_exported_target
Scanning dependencies of target sensor_msgs_generate_messages_cpp
[  2%] Built target sensor_msgs_generate_messages_cpp
Scanning dependencies of target autoware_msgs_generate_messages_cpp
[  2%] Built target autoware_msgs_generate_messages_cpp
Scanning dependencies of target rosgraph_msgs_generate_messages_cpp
[  2%] Built target rosgraph_msgs_generate_messages_cpp
Scanning dependencies of target pcl_msgs_generate_messages_nodejs
[  2%] Built target pcl_msgs_generate_messages_nodejs
Scanning dependencies of target jsk_recognition_msgs_generate_messages_py
[  2%] Built target jsk_recognition_msgs_generate_messages_py
Scanning dependencies of target sensor_msgs_generate_messages_lisp
[  2%] Built target sensor_msgs_generate_messages_lisp
Scanning dependencies of target sensor_msgs_generate_messages_py
[  2%] Built target sensor_msgs_generate_messages_py
Scanning dependencies of target tf_generate_messages_py
[  2%] Built target tf_generate_messages_py
Scanning dependencies of target std_msgs_generate_messages_cpp
[  2%] Built target std_msgs_generate_messages_cpp
Scanning dependencies of target jsk_footstep_msgs_generate_messages_py
[  2%] Built target jsk_footstep_msgs_generate_messages_py
Scanning dependencies of target actionlib_msgs_generate_messages_nodejs
[  2%] Built target actionlib_msgs_generate_messages_nodejs
Scanning dependencies of target geometry_msgs_generate_messages_eus
[  2%] Built target geometry_msgs_generate_messages_eus
Scanning dependencies of target std_msgs_generate_messages_lisp
[  2%] Built target std_msgs_generate_messages_lisp
Scanning dependencies of target roscpp_generate_messages_nodejs
[  2%] Built target roscpp_generate_messages_nodejs
Scanning dependencies of target geometry_msgs_generate_messages_nodejs
[  2%] Built target geometry_msgs_generate_messages_nodejs
Scanning dependencies of target geometry_msgs_generate_messages_lisp
[  2%] Built target geometry_msgs_generate_messages_lisp
Scanning dependencies of target pcl_msgs_generate_messages_cpp
[  2%] Built target pcl_msgs_generate_messages_cpp
Scanning dependencies of target jsk_recognition_msgs_generate_messages_cpp
[  2%] Built target jsk_recognition_msgs_generate_messages_cpp
Scanning dependencies of target autoware_msgs_generate_messages_eus
[  2%] Built target autoware_msgs_generate_messages_eus
Scanning dependencies of target autoware_msgs_generate_messages_lisp
[  2%] Built target autoware_msgs_generate_messages_lisp
Scanning dependencies of target visualization_msgs_generate_messages_lisp
[  2%] Built target visualization_msgs_generate_messages_lisp
Scanning dependencies of target std_msgs_generate_messages_eus
[  2%] Built target std_msgs_generate_messages_eus
Scanning dependencies of target autoware_msgs_generate_messages_nodejs
[  2%] Built target autoware_msgs_generate_messages_nodejs
Scanning dependencies of target jsk_footstep_msgs_generate_messages_eus
[  2%] Built target jsk_footstep_msgs_generate_messages_eus
Scanning dependencies of target actionlib_msgs_generate_messages_py
[  2%] Built target actionlib_msgs_generate_messages_py
Scanning dependencies of target vector_map_server_generate_messages_lisp
[  2%] Built target vector_map_server_generate_messages_lisp
Scanning dependencies of target jsk_footstep_msgs_generate_messages_lisp
[  2%] Built target jsk_footstep_msgs_generate_messages_lisp
Scanning dependencies of target jsk_footstep_msgs_generate_messages_nodejs
[  2%] Built target jsk_footstep_msgs_generate_messages_nodejs
Scanning dependencies of target actionlib_msgs_generate_messages_lisp
[  2%] Built target actionlib_msgs_generate_messages_lisp
Scanning dependencies of target geometry_msgs_generate_messages_py
[  2%] Built target geometry_msgs_generate_messages_py
Scanning dependencies of target jsk_footstep_msgs_generate_messages_cpp
[  2%] Built target jsk_footstep_msgs_generate_messages_cpp
Scanning dependencies of target actionlib_msgs_generate_messages_cpp
[  2%] Built target actionlib_msgs_generate_messages_cpp
Scanning dependencies of target tf_generate_messages_eus
[  2%] Built target tf_generate_messages_eus
Scanning dependencies of target tf_generate_messages_lisp
[  2%] Built target tf_generate_messages_lisp
Scanning dependencies of target tf_generate_messages_nodejs
[  2%] Built target tf_generate_messages_nodejs
Scanning dependencies of target autoware_lanelet2_msgs_generate_messages_cpp
[  2%] Built target autoware_lanelet2_msgs_generate_messages_cpp
Scanning dependencies of target jsk_recognition_msgs_generate_messages_nodejs
[  2%] Built target jsk_recognition_msgs_generate_messages_nodejs
Scanning dependencies of target autoware_lanelet2_msgs_generate_messages_py
[  2%] Built target autoware_lanelet2_msgs_generate_messages_py
Scanning dependencies of target roscpp_generate_messages_lisp
[  2%] Built target roscpp_generate_messages_lisp
Scanning dependencies of target rosgraph_msgs_generate_messages_lisp
[  2%] Built target rosgraph_msgs_generate_messages_lisp
Scanning dependencies of target rosgraph_msgs_generate_messages_nodejs
[  2%] Built target rosgraph_msgs_generate_messages_nodejs
Scanning dependencies of target vector_map_server_generate_messages_py
[  2%] Built target vector_map_server_generate_messages_py
Scanning dependencies of target roscpp_generate_messages_eus
[  2%] Built target roscpp_generate_messages_eus
Scanning dependencies of target actionlib_msgs_generate_messages_eus
[  2%] Built target actionlib_msgs_generate_messages_eus
Scanning dependencies of target rosgraph_msgs_generate_messages_py
[  2%] Built target rosgraph_msgs_generate_messages_py
Scanning dependencies of target pcl_msgs_generate_messages_py
[  2%] Built target pcl_msgs_generate_messages_py
Scanning dependencies of target actionlib_generate_messages_eus
[  2%] Built target actionlib_generate_messages_eus
Scanning dependencies of target geometry_msgs_generate_messages_cpp
[  2%] Built target geometry_msgs_generate_messages_cpp
Scanning dependencies of target actionlib_generate_messages_lisp
[  2%] Built target actionlib_generate_messages_lisp
Scanning dependencies of target pcl_msgs_generate_messages_lisp
[  2%] Built target pcl_msgs_generate_messages_lisp
Scanning dependencies of target tf_generate_messages_cpp
[  2%] Built target tf_generate_messages_cpp
Scanning dependencies of target actionlib_generate_messages_nodejs
[  2%] Built target actionlib_generate_messages_nodejs
Scanning dependencies of target visualization_msgs_generate_messages_cpp
[  2%] Built target visualization_msgs_generate_messages_cpp
Scanning dependencies of target tf2_msgs_generate_messages_eus
[  2%] Built target tf2_msgs_generate_messages_eus
Scanning dependencies of target tf2_msgs_generate_messages_lisp
[  2%] Built target tf2_msgs_generate_messages_lisp
Scanning dependencies of target actionlib_generate_messages_py
[  2%] Built target actionlib_generate_messages_py
Scanning dependencies of target tf2_msgs_generate_messages_py
[  2%] Built target tf2_msgs_generate_messages_py
Scanning dependencies of target autoware_lanelet2_msgs_generate_messages_eus
[  2%] Built target autoware_lanelet2_msgs_generate_messages_eus
Scanning dependencies of target tf2_msgs_generate_messages_nodejs
[  2%] Built target tf2_msgs_generate_messages_nodejs
Scanning dependencies of target autoware_lanelet2_msgs_generate_messages_lisp
[  2%] Built target autoware_lanelet2_msgs_generate_messages_lisp
Scanning dependencies of target roscpp_generate_messages_py
[  2%] Built target roscpp_generate_messages_py
[  4%] Generating ui_label_maker_gui.h
Scanning dependencies of target label_maker
[  7%] Building CXX object CMakeFiles/label_maker.dir/nodes/label_maker/custom_graphics_view.cpp.o
[  9%] Building CXX object CMakeFiles/label_maker.dir/nodes/label_maker/file_system_operator.cpp.o
[ 12%] Building CXX object CMakeFiles/label_maker.dir/nodes/label_maker/label_maker.cpp.o
[ 14%] Building CXX object CMakeFiles/label_maker.dir/nodes/label_maker/label_maker_gui.cpp.o
[ 17%] Building CXX object CMakeFiles/label_maker.dir/label_maker_autogen/mocs_compilation.cpp.o
[ 19%] Linking CXX executable devel/lib/trafficlight_recognizer/label_maker
[ 19%] Built target label_maker
Scanning dependencies of target tlr_tuner_autogen
[ 21%] Automatic MOC, UIC and RCC for target tlr_tuner
[ 21%] Built target tlr_tuner_autogen
Scanning dependencies of target libcontext_autogen
[ 24%] Automatic MOC, UIC and RCC for target libcontext
[ 24%] Built target libcontext_autogen
Scanning dependencies of target tl_switch_autogen
[ 26%] Automatic MOC, UIC and RCC for target tl_switch
[ 26%] Built target tl_switch_autogen
Scanning dependencies of target feat_proj_lanelet2_autogen
[ 29%] Automatic MOC, UIC and RCC for target feat_proj_lanelet2
[ 29%] Built target feat_proj_lanelet2_autogen
Scanning dependencies of target feat_proj_autogen
[ 31%] Automatic MOC, UIC and RCC for target feat_proj
[ 31%] Built target feat_proj_autogen
[ 34%] Generating ui_mainwindow.h
Scanning dependencies of target tlr_tuner
[ 36%] Building CXX object CMakeFiles/tlr_tuner.dir/nodes/tlr_tuner/tlr_tuner.cpp.o
[ 39%] Building CXX object CMakeFiles/tlr_tuner.dir/nodes/tlr_tuner/mainwindow.cpp.o
[ 41%] Building CXX object CMakeFiles/tlr_tuner.dir/nodes/tlr_tuner/tuner_body.cpp.o
[ 43%] Building CXX object CMakeFiles/tlr_tuner.dir/tlr_tuner_autogen/mocs_compilation.cpp.o
[ 46%] Linking CXX executable devel/lib/trafficlight_recognizer/tlr_tuner
[ 46%] Built target tlr_tuner
Scanning dependencies of target libcontext
[ 48%] Building CXX object CMakeFiles/libcontext.dir/lib/context.cpp.o
[ 51%] Building CXX object CMakeFiles/libcontext.dir/libcontext_autogen/mocs_compilation.cpp.o
[ 53%] Linking CXX shared library devel/lib/liblibcontext.so
[ 53%] Built target libcontext
Scanning dependencies of target tl_switch
[ 56%] Building CXX object CMakeFiles/tl_switch.dir/nodes/tl_switch/tl_switch.cpp.o
[ 58%] Building CXX object CMakeFiles/tl_switch.dir/tl_switch_autogen/mocs_compilation.cpp.o
[ 60%] Linking CXX executable devel/lib/trafficlight_recognizer/tl_switch
[ 60%] Built target tl_switch
Scanning dependencies of target feat_proj_lanelet2
[ 63%] Building CXX object CMakeFiles/feat_proj_lanelet2.dir/nodes/feat_proj_lanelet2/feat_proj_lanelet2_core.cpp.o
[ 65%] Building CXX object CMakeFiles/feat_proj_lanelet2.dir/nodes/feat_proj_lanelet2/feat_proj_lanelet2_node.cpp.o
[ 68%] Building CXX object CMakeFiles/feat_proj_lanelet2.dir/feat_proj_lanelet2_autogen/mocs_compilation.cpp.o
[ 70%] Linking CXX executable devel/lib/trafficlight_recognizer/feat_proj_lanelet2
[ 70%] Built target feat_proj_lanelet2
Scanning dependencies of target roi_extractor_autogen
[ 73%] Automatic MOC, UIC and RCC for target roi_extractor
[ 73%] Built target roi_extractor_autogen
Scanning dependencies of target feat_proj
[ 75%] Building CXX object CMakeFiles/feat_proj.dir/nodes/feat_proj/feat_proj.cpp.o
[ 78%] Building CXX object CMakeFiles/feat_proj.dir/feat_proj_autogen/mocs_compilation.cpp.o
[ 80%] Linking CXX executable devel/lib/trafficlight_recognizer/feat_proj
[ 80%] Built target feat_proj
Scanning dependencies of target region_tlr_autogen
[ 82%] Automatic MOC, UIC and RCC for target region_tlr
[ 82%] Built target region_tlr_autogen
Scanning dependencies of target roi_extractor
[ 85%] Building CXX object CMakeFiles/roi_extractor.dir/nodes/roi_extractor/roi_extractor.cpp.o
[ 87%] Building CXX object CMakeFiles/roi_extractor.dir/roi_extractor_autogen/mocs_compilation.cpp.o
[ 90%] Linking CXX executable devel/lib/trafficlight_recognizer/roi_extractor
[ 90%] Built target roi_extractor
Scanning dependencies of target region_tlr
[ 92%] Building CXX object CMakeFiles/region_tlr.dir/nodes/region_tlr/region_tlr.cpp.o
[ 95%] Building CXX object CMakeFiles/region_tlr.dir/nodes/region_tlr/traffic_light_detector.cpp.o
[ 97%] Building CXX object CMakeFiles/region_tlr.dir/region_tlr_autogen/mocs_compilation.cpp.o
[100%] Linking CXX executable devel/lib/trafficlight_recognizer/region_tlr
[100%] Built target region_tlr
Scanning dependencies of target gtest
[ 14%] Building CXX object gtest/googlemock/gtest/CMakeFiles/gtest.dir/src/gtest-all.cc.o
[ 28%] Linking CXX shared library libgtest.so
[ 28%] Built target gtest
[ 28%] Built target vector_map_server_generate_messages_nodejs
[ 28%] Built target vector_map_msgs_generate_messages_py
[ 28%] Built target vector_map_msgs_generate_messages_nodejs
[ 28%] Built target vector_map_msgs_generate_messages_lisp
[ 28%] Built target vector_map_msgs_generate_messages_eus
[ 28%] Built target vector_map_msgs_generate_messages_cpp
[ 28%] Built target visualization_msgs_generate_messages_py
[ 28%] Built target visualization_msgs_generate_messages_nodejs
[ 28%] Built target vector_map_server_generate_messages_cpp
[ 28%] Built target visualization_msgs_generate_messages_eus
[ 28%] Built target sensor_msgs_generate_messages_nodejs
[ 28%] Built target vector_map_server_generate_messages_eus
[ 28%] Built target roscpp_generate_messages_cpp
[ 28%] Built target actionlib_generate_messages_cpp
[ 28%] Built target pcl_msgs_generate_messages_eus
[ 28%] Built target rosgraph_msgs_generate_messages_eus
[ 28%] Built target jsk_recognition_msgs_generate_messages_lisp
[ 28%] Built target jsk_recognition_msgs_generate_messages_eus
[ 28%] Built target tf2_msgs_generate_messages_cpp
[ 28%] Built target std_msgs_generate_messages_py
[ 28%] Built target autoware_msgs_generate_messages_py
[ 28%] Built target std_msgs_generate_messages_nodejs
[ 28%] Built target sensor_msgs_generate_messages_eus
[ 28%] Built target _catkin_empty_exported_target
[ 28%] Built target sensor_msgs_generate_messages_cpp
[ 28%] Built target autoware_msgs_generate_messages_cpp
[ 28%] Built target rosgraph_msgs_generate_messages_cpp
[ 28%] Built target pcl_msgs_generate_messages_nodejs
[ 28%] Built target jsk_recognition_msgs_generate_messages_py
[ 28%] Built target sensor_msgs_generate_messages_lisp
[ 28%] Built target sensor_msgs_generate_messages_py
[ 28%] Built target tf_generate_messages_py
[ 28%] Built target std_msgs_generate_messages_cpp
[ 28%] Built target jsk_footstep_msgs_generate_messages_py
[ 28%] Built target actionlib_msgs_generate_messages_nodejs
[ 28%] Built target geometry_msgs_generate_messages_eus
[ 28%] Built target std_msgs_generate_messages_lisp
[ 28%] Built target roscpp_generate_messages_nodejs
[ 28%] Built target geometry_msgs_generate_messages_nodejs
[ 28%] Built target geometry_msgs_generate_messages_lisp
[ 28%] Built target pcl_msgs_generate_messages_cpp
[ 28%] Built target jsk_recognition_msgs_generate_messages_cpp
[ 28%] Built target autoware_msgs_generate_messages_eus
[ 28%] Built target autoware_msgs_generate_messages_lisp
[ 28%] Built target visualization_msgs_generate_messages_lisp
[ 28%] Built target std_msgs_generate_messages_eus
[ 28%] Built target autoware_msgs_generate_messages_nodejs
[ 28%] Built target jsk_footstep_msgs_generate_messages_eus
[ 28%] Built target actionlib_msgs_generate_messages_py
[ 28%] Built target vector_map_server_generate_messages_lisp
[ 28%] Built target jsk_footstep_msgs_generate_messages_lisp
[ 28%] Built target jsk_footstep_msgs_generate_messages_nodejs
[ 28%] Built target actionlib_msgs_generate_messages_lisp
[ 28%] Built target geometry_msgs_generate_messages_py
[ 28%] Built target jsk_footstep_msgs_generate_messages_cpp
[ 28%] Built target actionlib_msgs_generate_messages_cpp
[ 28%] Built target tf_generate_messages_eus
[ 28%] Built target tf_generate_messages_lisp
[ 28%] Built target tf_generate_messages_nodejs
[ 28%] Built target autoware_lanelet2_msgs_generate_messages_cpp
[ 28%] Built target jsk_recognition_msgs_generate_messages_nodejs
[ 28%] Built target autoware_lanelet2_msgs_generate_messages_py
[ 28%] Built target roscpp_generate_messages_lisp
[ 28%] Built target rosgraph_msgs_generate_messages_lisp
[ 28%] Built target rosgraph_msgs_generate_messages_nodejs
[ 28%] Built target vector_map_server_generate_messages_py
[ 28%] Built target roscpp_generate_messages_eus
[ 28%] Built target actionlib_msgs_generate_messages_eus
[ 28%] Built target rosgraph_msgs_generate_messages_py
[ 28%] Built target pcl_msgs_generate_messages_py
[ 28%] Built target actionlib_generate_messages_eus
[ 28%] Built target geometry_msgs_generate_messages_cpp
[ 28%] Built target actionlib_generate_messages_lisp
[ 28%] Built target pcl_msgs_generate_messages_lisp
[ 28%] Built target tf_generate_messages_cpp
[ 28%] Built target actionlib_generate_messages_nodejs
[ 28%] Built target visualization_msgs_generate_messages_cpp
[ 28%] Built target tf2_msgs_generate_messages_eus
[ 28%] Built target tf2_msgs_generate_messages_lisp
[ 28%] Built target actionlib_generate_messages_py
[ 28%] Built target tf2_msgs_generate_messages_py
[ 28%] Built target autoware_lanelet2_msgs_generate_messages_eus
[ 28%] Built target tf2_msgs_generate_messages_nodejs
[ 28%] Built target autoware_lanelet2_msgs_generate_messages_lisp
[ 28%] Built target roscpp_generate_messages_py
[ 28%] Built target autoware_lanelet2_msgs_generate_messages_nodejs
Scanning dependencies of target test-feat_proj_lanelet2_autogen
[ 42%] Automatic MOC, UIC and RCC for target test-feat_proj_lanelet2
[ 42%] Built target test-feat_proj_lanelet2_autogen
Scanning dependencies of target test-feat_proj_lanelet2
[ 57%] Building CXX object CMakeFiles/test-feat_proj_lanelet2.dir/test/src/test_feat_proj_lanelet2.cpp.o
[ 71%] Building CXX object CMakeFiles/test-feat_proj_lanelet2.dir/nodes/feat_proj_lanelet2/feat_proj_lanelet2_core.cpp.o
[ 85%] Building CXX object CMakeFiles/test-feat_proj_lanelet2.dir/test-feat_proj_lanelet2_autogen/mocs_compilation.cpp.o
[100%] Linking CXX executable devel/lib/trafficlight_recognizer/test-feat_proj_lanelet2
[100%] Built target test-feat_proj_lanelet2
Scanning dependencies of target tests
[100%] Built target tests
[  2%] Automatic MOC, UIC and RCC for target label_maker
[  2%] Built target label_maker_autogen
[  2%] Built target autoware_lanelet2_msgs_generate_messages_nodejs
[  2%] Built target vector_map_server_generate_messages_nodejs
[  2%] Built target vector_map_msgs_generate_messages_py
[  2%] Built target vector_map_msgs_generate_messages_nodejs
[  2%] Built target vector_map_msgs_generate_messages_lisp
[  2%] Built target vector_map_msgs_generate_messages_eus
[  2%] Built target vector_map_msgs_generate_messages_cpp
[  2%] Built target visualization_msgs_generate_messages_py
[  2%] Built target visualization_msgs_generate_messages_nodejs
[  2%] Built target vector_map_server_generate_messages_cpp
[  2%] Built target visualization_msgs_generate_messages_eus
[  2%] Built target sensor_msgs_generate_messages_nodejs
[  2%] Built target vector_map_server_generate_messages_eus
[  2%] Built target roscpp_generate_messages_cpp
[  2%] Built target actionlib_generate_messages_cpp
[  2%] Built target pcl_msgs_generate_messages_eus
[  2%] Built target rosgraph_msgs_generate_messages_eus
[  2%] Built target jsk_recognition_msgs_generate_messages_lisp
[  2%] Built target jsk_recognition_msgs_generate_messages_eus
[  2%] Built target tf2_msgs_generate_messages_cpp
[  2%] Built target std_msgs_generate_messages_py
[  2%] Built target autoware_msgs_generate_messages_py
[  2%] Built target std_msgs_generate_messages_nodejs
[  2%] Built target sensor_msgs_generate_messages_eus
[  2%] Built target _catkin_empty_exported_target
[  2%] Built target sensor_msgs_generate_messages_cpp
[  2%] Built target autoware_msgs_generate_messages_cpp
[  2%] Built target rosgraph_msgs_generate_messages_cpp
[  2%] Built target pcl_msgs_generate_messages_nodejs
[  2%] Built target jsk_recognition_msgs_generate_messages_py
[  2%] Built target sensor_msgs_generate_messages_lisp
[  2%] Built target sensor_msgs_generate_messages_py
[  2%] Built target tf_generate_messages_py
[  2%] Built target std_msgs_generate_messages_cpp
[  2%] Built target jsk_footstep_msgs_generate_messages_py
[  2%] Built target actionlib_msgs_generate_messages_nodejs
[  2%] Built target geometry_msgs_generate_messages_eus
[  2%] Built target std_msgs_generate_messages_lisp
[  2%] Built target roscpp_generate_messages_nodejs
[  2%] Built target geometry_msgs_generate_messages_nodejs
[  2%] Built target geometry_msgs_generate_messages_lisp
[  2%] Built target pcl_msgs_generate_messages_cpp
[  2%] Built target jsk_recognition_msgs_generate_messages_cpp
[  2%] Built target autoware_msgs_generate_messages_eus
[  2%] Built target autoware_msgs_generate_messages_lisp
[  2%] Built target visualization_msgs_generate_messages_lisp
[  2%] Built target std_msgs_generate_messages_eus
[  2%] Built target autoware_msgs_generate_messages_nodejs
[  2%] Built target jsk_footstep_msgs_generate_messages_eus
[  2%] Built target actionlib_msgs_generate_messages_py
[  2%] Built target vector_map_server_generate_messages_lisp
[  2%] Built target jsk_footstep_msgs_generate_messages_lisp
[  2%] Built target jsk_footstep_msgs_generate_messages_nodejs
[  2%] Built target actionlib_msgs_generate_messages_lisp
[  2%] Built target geometry_msgs_generate_messages_py
[  2%] Built target jsk_footstep_msgs_generate_messages_cpp
[  2%] Built target actionlib_msgs_generate_messages_cpp
[  2%] Built target tf_generate_messages_eus
[  2%] Built target tf_generate_messages_lisp
[  2%] Built target tf_generate_messages_nodejs
[  2%] Built target autoware_lanelet2_msgs_generate_messages_cpp
[  2%] Built target jsk_recognition_msgs_generate_messages_nodejs
[  2%] Built target autoware_lanelet2_msgs_generate_messages_py
[  2%] Built target roscpp_generate_messages_lisp
[  2%] Built target rosgraph_msgs_generate_messages_lisp
[  2%] Built target rosgraph_msgs_generate_messages_nodejs
[  2%] Built target vector_map_server_generate_messages_py
[  2%] Built target roscpp_generate_messages_eus
[  2%] Built target actionlib_msgs_generate_messages_eus
[  2%] Built target rosgraph_msgs_generate_messages_py
[  2%] Built target pcl_msgs_generate_messages_py
[  2%] Built target actionlib_generate_messages_eus
[  2%] Built target geometry_msgs_generate_messages_cpp
[  2%] Built target actionlib_generate_messages_lisp
[  2%] Built target pcl_msgs_generate_messages_lisp
[  2%] Built target tf_generate_messages_cpp
[  2%] Built target actionlib_generate_messages_nodejs
[  2%] Built target visualization_msgs_generate_messages_cpp
[  2%] Built target tf2_msgs_generate_messages_eus
[  2%] Built target tf2_msgs_generate_messages_lisp
[  2%] Built target actionlib_generate_messages_py
[  2%] Built target tf2_msgs_generate_messages_py
[  2%] Built target autoware_lanelet2_msgs_generate_messages_eus
[  2%] Built target tf2_msgs_generate_messages_nodejs
[  2%] Built target autoware_lanelet2_msgs_generate_messages_lisp
[  2%] Built target roscpp_generate_messages_py
[ 19%] Built target label_maker
[ 21%] Automatic MOC, UIC and RCC for target tlr_tuner
[ 21%] Built target tlr_tuner_autogen
[ 24%] Automatic MOC, UIC and RCC for target libcontext
[ 24%] Built target libcontext_autogen
[ 26%] Automatic MOC, UIC and RCC for target tl_switch
[ 26%] Built target tl_switch_autogen
[ 29%] Automatic MOC, UIC and RCC for target feat_proj_lanelet2
[ 29%] Built target feat_proj_lanelet2_autogen
[ 31%] Automatic MOC, UIC and RCC for target feat_proj
[ 31%] Built target feat_proj_autogen
[ 46%] Built target tlr_tuner
[ 53%] Built target libcontext
[ 60%] Built target tl_switch
[ 70%] Built target feat_proj_lanelet2
[ 73%] Automatic MOC, UIC and RCC for target roi_extractor
[ 73%] Built target roi_extractor_autogen
[ 80%] Built target feat_proj
[ 82%] Automatic MOC, UIC and RCC for target region_tlr
[ 82%] Built target region_tlr_autogen
[ 90%] Built target roi_extractor
[100%] Built target region_tlr
Install the project...
-- Install configuration: "Release"
-- Installing: /home/autoware/Autoware/install/trafficlight_recognizer/lib/pkgconfig/trafficlight_recognizer.pc
-- Installing: /home/autoware/Autoware/install/trafficlight_recognizer/share/trafficlight_recognizer/cmake/trafficlight_recognizerConfig.cmake
-- Installing: /home/autoware/Autoware/install/trafficlight_recognizer/share/trafficlight_recognizer/cmake/trafficlight_recognizerConfig-version.cmake
-- Installing: /home/autoware/Autoware/install/trafficlight_recognizer/share/trafficlight_recognizer/package.xml
-- Installing: /home/autoware/Autoware/install/trafficlight_recognizer/lib/trafficlight_recognizer/region_tlr
-- Set runtime path of "/home/autoware/Autoware/install/trafficlight_recognizer/lib/trafficlight_recognizer/region_tlr" to ""
-- Installing: /home/autoware/Autoware/install/trafficlight_recognizer/lib/trafficlight_recognizer/feat_proj
-- Set runtime path of "/home/autoware/Autoware/install/trafficlight_recognizer/lib/trafficlight_recognizer/feat_proj" to ""
-- Installing: /home/autoware/Autoware/install/trafficlight_recognizer/lib/trafficlight_recognizer/tlr_tuner
-- Set runtime path of "/home/autoware/Autoware/install/trafficlight_recognizer/lib/trafficlight_recognizer/tlr_tuner" to ""
-- Installing: /home/autoware/Autoware/install/trafficlight_recognizer/lib/trafficlight_recognizer/feat_proj_lanelet2
-- Set runtime path of "/home/autoware/Autoware/install/trafficlight_recognizer/lib/trafficlight_recognizer/feat_proj_lanelet2" to ""
-- Installing: /home/autoware/Autoware/install/trafficlight_recognizer/lib/trafficlight_recognizer/roi_extractor
-- Set runtime path of "/home/autoware/Autoware/install/trafficlight_recognizer/lib/trafficlight_recognizer/roi_extractor" to ""
-- Installing: /home/autoware/Autoware/install/trafficlight_recognizer/lib/trafficlight_recognizer/label_maker
-- Set runtime path of "/home/autoware/Autoware/install/trafficlight_recognizer/lib/trafficlight_recognizer/label_maker" to ""
-- Installing: /home/autoware/Autoware/install/trafficlight_recognizer/lib/liblibcontext.so
-- Installing: /home/autoware/Autoware/install/trafficlight_recognizer/lib/trafficlight_recognizer/tl_switch
-- Set runtime path of "/home/autoware/Autoware/install/trafficlight_recognizer/lib/trafficlight_recognizer/tl_switch" to ""
-- Installing: /home/autoware/Autoware/install/trafficlight_recognizer/include/trafficlight_recognizer/include
-- Installing: /home/autoware/Autoware/install/trafficlight_recognizer/include/trafficlight_recognizer/include/trafficlight_recognizer
-- Installing: /home/autoware/Autoware/install/trafficlight_recognizer/include/trafficlight_recognizer/include/trafficlight_recognizer/traffic_light.h
-- Installing: /home/autoware/Autoware/install/trafficlight_recognizer/include/trafficlight_recognizer/include/trafficlight_recognizer/context.h
-- Installing: /home/autoware/Autoware/install/trafficlight_recognizer/include/trafficlight_recognizer/include/trafficlight_recognizer/tlr_tuner
-- Installing: /home/autoware/Autoware/install/trafficlight_recognizer/include/trafficlight_recognizer/include/trafficlight_recognizer/tlr_tuner/tuner_body.h
-- Installing: /home/autoware/Autoware/install/trafficlight_recognizer/include/trafficlight_recognizer/include/trafficlight_recognizer/tlr_tuner/mainwindow.h
-- Installing: /home/autoware/Autoware/install/trafficlight_recognizer/include/trafficlight_recognizer/include/trafficlight_recognizer/region_tlr_ssd
-- Installing: /home/autoware/Autoware/install/trafficlight_recognizer/include/trafficlight_recognizer/include/trafficlight_recognizer/region_tlr_ssd/region_tlr_ssd.h
-- Installing: /home/autoware/Autoware/install/trafficlight_recognizer/include/trafficlight_recognizer/include/trafficlight_recognizer/region_tlr_ssd/traffic_light_recognizer.h
-- Installing: /home/autoware/Autoware/install/trafficlight_recognizer/include/trafficlight_recognizer/include/trafficlight_recognizer/label_maker
-- Installing: /home/autoware/Autoware/install/trafficlight_recognizer/include/trafficlight_recognizer/include/trafficlight_recognizer/label_maker/file_system_operator.h
-- Installing: /home/autoware/Autoware/install/trafficlight_recognizer/include/trafficlight_recognizer/include/trafficlight_recognizer/label_maker/custom_graphics_view.h
-- Installing: /home/autoware/Autoware/install/trafficlight_recognizer/include/trafficlight_recognizer/include/trafficlight_recognizer/label_maker/label_maker_gui.h
-- Installing: /home/autoware/Autoware/install/trafficlight_recognizer/include/trafficlight_recognizer/include/trafficlight_recognizer/feat_proj_lanelet2
-- Installing: /home/autoware/Autoware/install/trafficlight_recognizer/include/trafficlight_recognizer/include/trafficlight_recognizer/feat_proj_lanelet2/feat_proj_lanelet2_core.h
-- Installing: /home/autoware/Autoware/install/trafficlight_recognizer/include/trafficlight_recognizer/include/trafficlight_recognizer/region_tlr
-- Installing: /home/autoware/Autoware/install/trafficlight_recognizer/include/trafficlight_recognizer/include/trafficlight_recognizer/region_tlr/traffic_light_detector.h
-- Installing: /home/autoware/Autoware/install/trafficlight_recognizer/include/trafficlight_recognizer/include/trafficlight_recognizer/region_tlr/region_tlr.h
-- Installing: /home/autoware/Autoware/install/trafficlight_recognizer/include/trafficlight_recognizer/include/trafficlight_recognizer/roi_extractor
-- Installing: /home/autoware/Autoware/install/trafficlight_recognizer/include/trafficlight_recognizer/include/trafficlight_recognizer/roi_extractor/roi_extractor.h
-- Installing: /home/autoware/Autoware/install/trafficlight_recognizer/include/trafficlight_recognizer/include/trafficlight_recognizer/region_tlr_mxnet
-- Installing: /home/autoware/Autoware/install/trafficlight_recognizer/include/trafficlight_recognizer/include/trafficlight_recognizer/region_tlr_mxnet/region_tlr_mxnet.h
-- Installing: /home/autoware/Autoware/install/trafficlight_recognizer/include/trafficlight_recognizer/include/trafficlight_recognizer/region_tlr_mxnet/mxnet_traffic_light_recognizer.h
-- Installing: /home/autoware/Autoware/install/trafficlight_recognizer/include/trafficlight_recognizer/include/trafficlight_recognizer/rate.h
-- Installing: /home/autoware/Autoware/install/trafficlight_recognizer/share/trafficlight_recognizer/launch
-- Installing: /home/autoware/Autoware/install/trafficlight_recognizer/share/trafficlight_recognizer/launch/traffic_light_recognition_mxnet.launch
-- Installing: /home/autoware/Autoware/install/trafficlight_recognizer/share/trafficlight_recognizer/launch/feat_proj.launch
-- Installing: /home/autoware/Autoware/install/trafficlight_recognizer/share/trafficlight_recognizer/launch/traffic_light_recognition.launch
-- Installing: /home/autoware/Autoware/install/trafficlight_recognizer/share/trafficlight_recognizer/launch/traffic_light_recognition_ssd.launch
-- Installing: /home/autoware/Autoware/install/trafficlight_recognizer/share/trafficlight_recognizer/launch/feat_proj_option.launch
-- Installing: /home/autoware/Autoware/install/trafficlight_recognizer/share/trafficlight_recognizer/launch/roi_extractor.launch
-- Installing: /home/autoware/Autoware/install/trafficlight_recognizer/share/trafficlight_recognizer/launch/feat_proj_lanelet2.launch
