[0.012s] Invoking command in '/home/autoware/Autoware/build/garmin': CMAKE_PREFIX_PATH=/home/autoware/Autoware/install/autoware_build_flags:${CMAKE_PREFIX_PATH} PKG_CONFIG_PATH=/home/autoware/Autoware/install/autoware_build_flags/lib/x86_64-linux-gnu/pkgconfig:/home/autoware/Autoware/install/autoware_build_flags/lib/pkgconfig:${PKG_CONFIG_PATH} ROS_PACKAGE_PATH=/home/autoware/Autoware/install/autoware_build_flags/share:${ROS_PACKAGE_PATH} /usr/bin/cmake /home/autoware/Autoware/src/drivers/awf_drivers/garmin -DCMAKE_BUILD_TYPE=Release -DCATKIN_INSTALL_INTO_PREFIX_ROOT=0 -DCMAKE_INSTALL_PREFIX=/home/autoware/Autoware/install/garmin
[0.078s] -- The C compiler identification is GNU 7.5.0
[0.146s] -- The CXX compiler identification is GNU 7.5.0
[0.151s] -- Check for working C compiler: /usr/bin/cc
[0.228s] -- Check for working C compiler: /usr/bin/cc -- works
[0.231s] -- Detecting C compiler ABI info
[0.309s] -- Detecting C compiler ABI info - done
[0.318s] -- Detecting C compile features
[0.558s] -- Detecting C compile features - done
[0.562s] -- Check for working CXX compiler: /usr/bin/c++
[0.653s] -- Check for working CXX compiler: /usr/bin/c++ -- works
[0.653s] -- Detecting CXX compiler ABI info
[0.745s] -- Detecting CXX compiler ABI info - done
[0.751s] -- Detecting CXX compile features
[1.186s] -- Detecting CXX compile features - done
[1.188s] -- CUDA compilation status: ON.
[1.190s] -- Using CATKIN_DEVEL_PREFIX: /home/autoware/Autoware/build/garmin/devel
[1.190s] -- Using CMAKE_PREFIX_PATH: /home/autoware/Autoware/install/autoware_build_flags;/opt/ros/melodic
[1.191s] -- This workspace overlays: /home/autoware/Autoware/install/autoware_build_flags;/opt/ros/melodic
[1.207s] -- Found PythonInterp: /usr/bin/python2 (found suitable version "2.7.17", minimum required is "2") 
[1.207s] -- Using PYTHON_EXECUTABLE: /usr/bin/python2
[1.207s] -- Using Debian Python package layout
[1.207s] -- Using empy: /usr/bin/empy
[1.357s] -- Using CATKIN_ENABLE_TESTING: ON
[1.357s] -- Call enable_testing()
[1.360s] -- Using CATKIN_TEST_RESULTS_DIR: /home/autoware/Autoware/build/garmin/test_results
[1.389s] -- Found gtest sources under '/usr/src/googletest': gtests will be built
[1.389s] -- Found gmock sources under '/usr/src/googletest': gmock will be built
[1.408s] -- Found PythonInterp: /usr/bin/python2 (found version "2.7.17") 
[1.409s] -- Looking for pthread.h
[1.502s] -- Looking for pthread.h - found
[1.502s] -- Looking for pthread_create
[1.593s] -- Looking for pthread_create - not found
[1.593s] -- Looking for pthread_create in pthreads
[1.661s] -- Looking for pthread_create in pthreads - not found
[1.661s] -- Looking for pthread_create in pthread
[1.736s] -- Looking for pthread_create in pthread - found
[1.744s] -- Found Threads: TRUE  
[1.744s] -- Using Python nosetests: /usr/bin/nosetests-2.7
[1.787s] -- catkin 0.7.26
[1.787s] -- BUILD_SHARED_LIBS is on
[2.164s] -- Configuring done
[2.189s] -- Generating done
[2.195s] -- Build files have been written to: /home/autoware/Autoware/build/garmin
[2.203s] Invoked command in '/home/autoware/Autoware/build/garmin' returned '0': CMAKE_PREFIX_PATH=/home/autoware/Autoware/install/autoware_build_flags:${CMAKE_PREFIX_PATH} PKG_CONFIG_PATH=/home/autoware/Autoware/install/autoware_build_flags/lib/x86_64-linux-gnu/pkgconfig:/home/autoware/Autoware/install/autoware_build_flags/lib/pkgconfig:${PKG_CONFIG_PATH} ROS_PACKAGE_PATH=/home/autoware/Autoware/install/autoware_build_flags/share:${ROS_PACKAGE_PATH} /usr/bin/cmake /home/autoware/Autoware/src/drivers/awf_drivers/garmin -DCMAKE_BUILD_TYPE=Release -DCATKIN_INSTALL_INTO_PREFIX_ROOT=0 -DCMAKE_INSTALL_PREFIX=/home/autoware/Autoware/install/garmin
[2.204s] Invoking command in '/home/autoware/Autoware/build/garmin': CMAKE_PREFIX_PATH=/home/autoware/Autoware/install/autoware_build_flags:${CMAKE_PREFIX_PATH} PKG_CONFIG_PATH=/home/autoware/Autoware/install/autoware_build_flags/lib/x86_64-linux-gnu/pkgconfig:/home/autoware/Autoware/install/autoware_build_flags/lib/pkgconfig:${PKG_CONFIG_PATH} ROS_PACKAGE_PATH=/home/autoware/Autoware/install/autoware_build_flags/share:${ROS_PACKAGE_PATH} /usr/bin/cmake --build /home/autoware/Autoware/build/garmin -- -j2 -l2
[2.262s] Scanning dependencies of target garmin_gps_18x_lvc
[2.280s] [ 50%] Building CXX object CMakeFiles/garmin_gps_18x_lvc.dir/src/garmin_gps_18x_lvc.cc.o
[6.914s] [100%] Linking CXX executable devel/lib/garmin/garmin_gps_18x_lvc
[7.067s] [100%] Built target garmin_gps_18x_lvc
[7.083s] Invoked command in '/home/autoware/Autoware/build/garmin' returned '0': CMAKE_PREFIX_PATH=/home/autoware/Autoware/install/autoware_build_flags:${CMAKE_PREFIX_PATH} PKG_CONFIG_PATH=/home/autoware/Autoware/install/autoware_build_flags/lib/x86_64-linux-gnu/pkgconfig:/home/autoware/Autoware/install/autoware_build_flags/lib/pkgconfig:${PKG_CONFIG_PATH} ROS_PACKAGE_PATH=/home/autoware/Autoware/install/autoware_build_flags/share:${ROS_PACKAGE_PATH} /usr/bin/cmake --build /home/autoware/Autoware/build/garmin -- -j2 -l2
[7.149s] Invoking command in '/home/autoware/Autoware/build/garmin': CMAKE_PREFIX_PATH=/home/autoware/Autoware/install/autoware_build_flags:${CMAKE_PREFIX_PATH} PKG_CONFIG_PATH=/home/autoware/Autoware/install/autoware_build_flags/lib/x86_64-linux-gnu/pkgconfig:/home/autoware/Autoware/install/autoware_build_flags/lib/pkgconfig:${PKG_CONFIG_PATH} ROS_PACKAGE_PATH=/home/autoware/Autoware/install/autoware_build_flags/share:${ROS_PACKAGE_PATH} /usr/bin/cmake --build /home/autoware/Autoware/build/garmin --target tests -- -j2 -l2
[7.210s] Scanning dependencies of target tests
[7.221s] Built target tests
[7.234s] Invoked command in '/home/autoware/Autoware/build/garmin' returned '0': CMAKE_PREFIX_PATH=/home/autoware/Autoware/install/autoware_build_flags:${CMAKE_PREFIX_PATH} PKG_CONFIG_PATH=/home/autoware/Autoware/install/autoware_build_flags/lib/x86_64-linux-gnu/pkgconfig:/home/autoware/Autoware/install/autoware_build_flags/lib/pkgconfig:${PKG_CONFIG_PATH} ROS_PACKAGE_PATH=/home/autoware/Autoware/install/autoware_build_flags/share:${ROS_PACKAGE_PATH} /usr/bin/cmake --build /home/autoware/Autoware/build/garmin --target tests -- -j2 -l2
[7.299s] Invoking command in '/home/autoware/Autoware/build/garmin': CMAKE_PREFIX_PATH=/home/autoware/Autoware/install/autoware_build_flags:${CMAKE_PREFIX_PATH} PKG_CONFIG_PATH=/home/autoware/Autoware/install/autoware_build_flags/lib/x86_64-linux-gnu/pkgconfig:/home/autoware/Autoware/install/autoware_build_flags/lib/pkgconfig:${PKG_CONFIG_PATH} ROS_PACKAGE_PATH=/home/autoware/Autoware/install/autoware_build_flags/share:${ROS_PACKAGE_PATH} /usr/bin/cmake --build /home/autoware/Autoware/build/garmin --target install -- -j2 -l2
[7.378s] [100%] Built target garmin_gps_18x_lvc
[7.398s] Install the project...
[7.407s] -- Install configuration: "Release"
[7.407s] -- Installing: /home/autoware/Autoware/install/garmin/lib/pkgconfig/garmin.pc
[7.407s] -- Installing: /home/autoware/Autoware/install/garmin/share/garmin/cmake/garminConfig.cmake
[7.408s] -- Installing: /home/autoware/Autoware/install/garmin/share/garmin/cmake/garminConfig-version.cmake
[7.408s] -- Installing: /home/autoware/Autoware/install/garmin/share/garmin/package.xml
[7.408s] -- Installing: /home/autoware/Autoware/install/garmin/lib/garmin/garmin_gps_18x_lvc
[7.409s] -- Set runtime path of "/home/autoware/Autoware/install/garmin/lib/garmin/garmin_gps_18x_lvc" to ""
[7.414s] Invoked command in '/home/autoware/Autoware/build/garmin' returned '0': CMAKE_PREFIX_PATH=/home/autoware/Autoware/install/autoware_build_flags:${CMAKE_PREFIX_PATH} PKG_CONFIG_PATH=/home/autoware/Autoware/install/autoware_build_flags/lib/x86_64-linux-gnu/pkgconfig:/home/autoware/Autoware/install/autoware_build_flags/lib/pkgconfig:${PKG_CONFIG_PATH} ROS_PACKAGE_PATH=/home/autoware/Autoware/install/autoware_build_flags/share:${ROS_PACKAGE_PATH} /usr/bin/cmake --build /home/autoware/Autoware/build/garmin --target install -- -j2 -l2
