-- The C compiler identification is GNU 7.5.0
-- The CXX compiler identification is GNU 7.5.0
-- Check for working C compiler: /usr/bin/cc
-- Check for working C compiler: /usr/bin/cc -- works
-- Detecting C compiler ABI info
-- Detecting C compiler ABI info - done
-- Detecting C compile features
-- Detecting C compile features - done
-- Check for working CXX compiler: /usr/bin/c++
-- Check for working CXX compiler: /usr/bin/c++ -- works
-- Detecting CXX compiler ABI info
-- Detecting CXX compiler ABI info - done
-- Detecting CXX compile features
-- Detecting CXX compile features - done
-- Using CATKIN_DEVEL_PREFIX: /home/autoware/Autoware/build/vehicle_model/devel
-- Using CMAKE_PREFIX_PATH: /home/autoware/Autoware/install/gazebo_imu_description;/home/autoware/Autoware/install/gazebo_camera_description;/home/autoware/Autoware/install/autoware_build_flags;/opt/ros/melodic
-- This workspace overlays: /home/autoware/Autoware/install/gazebo_imu_description;/home/autoware/Autoware/install/gazebo_camera_description;/home/autoware/Autoware/install/autoware_build_flags;/opt/ros/melodic
-- Found PythonInterp: /usr/bin/python2 (found suitable version "2.7.17", minimum required is "2") 
-- Using PYTHON_EXECUTABLE: /usr/bin/python2
-- Using Debian Python package layout
-- Using empy: /usr/bin/empy
-- Using CATKIN_ENABLE_TESTING: ON
-- Call enable_testing()
-- Using CATKIN_TEST_RESULTS_DIR: /home/autoware/Autoware/build/vehicle_model/test_results
-- Found gtest sources under '/usr/src/googletest': gtests will be built
-- Found gmock sources under '/usr/src/googletest': gmock will be built
-- Found PythonInterp: /usr/bin/python2 (found version "2.7.17") 
-- Looking for pthread.h
-- Looking for pthread.h - found
-- Looking for pthread_create
-- Looking for pthread_create - not found
-- Looking for pthread_create in pthreads
-- Looking for pthread_create in pthreads - not found
-- Looking for pthread_create in pthread
-- Looking for pthread_create in pthread - found
-- Found Threads: TRUE  
-- Using Python nosetests: /usr/bin/nosetests-2.7
-- catkin 0.7.26
-- BUILD_SHARED_LIBS is on
-- CUDA compilation status: ON.
-- Configuring done
-- Generating done
-- Build files have been written to: /home/autoware/Autoware/build/vehicle_model
Scanning dependencies of target tests
Built target tests
Install the project...
-- Install configuration: "Release"
-- Installing: /home/autoware/Autoware/install/vehicle_model/lib/pkgconfig/vehicle_model.pc
-- Installing: /home/autoware/Autoware/install/vehicle_model/share/vehicle_model/cmake/vehicle_modelConfig.cmake
-- Installing: /home/autoware/Autoware/install/vehicle_model/share/vehicle_model/cmake/vehicle_modelConfig-version.cmake
-- Installing: /home/autoware/Autoware/install/vehicle_model/share/vehicle_model/package.xml
-- Installing: /home/autoware/Autoware/install/vehicle_model/share/vehicle_model/mesh
-- Installing: /home/autoware/Autoware/install/vehicle_model/share/vehicle_model/mesh/wheel.dae
-- Installing: /home/autoware/Autoware/install/vehicle_model/share/vehicle_model/mesh/_51225ex1diffuse.jpeg
-- Installing: /home/autoware/Autoware/install/vehicle_model/share/vehicle_model/mesh/body.dae
-- Installing: /home/autoware/Autoware/install/vehicle_model/share/vehicle_model/mesh/_51225ex2diffuse.jpeg
-- Installing: /home/autoware/Autoware/install/vehicle_model/share/vehicle_model/mesh/README.md
-- Installing: /home/autoware/Autoware/install/vehicle_model/share/vehicle_model/urdf
-- Installing: /home/autoware/Autoware/install/vehicle_model/share/vehicle_model/urdf/vehicle.gazebo
-- Installing: /home/autoware/Autoware/install/vehicle_model/share/vehicle_model/urdf/steering.xacro
-- Installing: /home/autoware/Autoware/install/vehicle_model/share/vehicle_model/urdf/body.xacro
-- Installing: /home/autoware/Autoware/install/vehicle_model/share/vehicle_model/urdf/vehicle.xacro
-- Installing: /home/autoware/Autoware/install/vehicle_model/share/vehicle_model/urdf/steering.gazebo
-- Installing: /home/autoware/Autoware/install/vehicle_model/share/vehicle_model/urdf/actuator.xacro
-- Installing: /home/autoware/Autoware/install/vehicle_model/share/vehicle_model/urdf/wheel.xacro
-- Installing: /home/autoware/Autoware/install/vehicle_model/share/vehicle_model/urdf/wheel.gazebo
-- Installing: /home/autoware/Autoware/install/vehicle_model/share/vehicle_model/config
-- Installing: /home/autoware/Autoware/install/vehicle_model/share/vehicle_model/config/calibration.yaml
-- Installing: /home/autoware/Autoware/install/vehicle_model/share/vehicle_model/config/vehicle_info.yaml
-- Installing: /home/autoware/Autoware/install/vehicle_model/share/vehicle_model/config/controller.yaml
