[0.029s] Invoking command in '/home/autoware/Autoware/build/vehicle_model': CMAKE_PREFIX_PATH=/home/autoware/Autoware/install/gazebo_imu_description:/home/autoware/Autoware/install/gazebo_camera_description:/home/autoware/Autoware/install/autoware_build_flags:${CMAKE_PREFIX_PATH} PKG_CONFIG_PATH=/home/autoware/Autoware/install/gazebo_imu_description/lib/x86_64-linux-gnu/pkgconfig:/home/autoware/Autoware/install/gazebo_imu_description/lib/pkgconfig:/home/autoware/Autoware/install/gazebo_camera_description/lib/x86_64-linux-gnu/pkgconfig:/home/autoware/Autoware/install/gazebo_camera_description/lib/pkgconfig:/home/autoware/Autoware/install/autoware_build_flags/lib/x86_64-linux-gnu/pkgconfig:/home/autoware/Autoware/install/autoware_build_flags/lib/pkgconfig:${PKG_CONFIG_PATH} ROS_PACKAGE_PATH=/home/autoware/Autoware/install/gazebo_imu_description/share:/home/autoware/Autoware/install/gazebo_camera_description/share:/home/autoware/Autoware/install/autoware_build_flags/share:${ROS_PACKAGE_PATH} /usr/bin/cmake /home/autoware/Autoware/src/autoware/visualization/vehicle_model -DCMAKE_BUILD_TYPE=Release -DCATKIN_INSTALL_INTO_PREFIX_ROOT=0 -DCMAKE_INSTALL_PREFIX=/home/autoware/Autoware/install/vehicle_model
[0.121s] -- The C compiler identification is GNU 7.5.0
[0.203s] -- The CXX compiler identification is GNU 7.5.0
[0.210s] -- Check for working C compiler: /usr/bin/cc
[0.308s] -- Check for working C compiler: /usr/bin/cc -- works
[0.308s] -- Detecting C compiler ABI info
[0.396s] -- Detecting C compiler ABI info - done
[0.406s] -- Detecting C compile features
[0.694s] -- Detecting C compile features - done
[0.698s] -- Check for working CXX compiler: /usr/bin/c++
[0.808s] -- Check for working CXX compiler: /usr/bin/c++ -- works
[0.808s] -- Detecting CXX compiler ABI info
[0.916s] -- Detecting CXX compiler ABI info - done
[0.926s] -- Detecting CXX compile features
[1.391s] -- Detecting CXX compile features - done
[1.395s] -- Using CATKIN_DEVEL_PREFIX: /home/autoware/Autoware/build/vehicle_model/devel
[1.396s] -- Using CMAKE_PREFIX_PATH: /home/autoware/Autoware/install/gazebo_imu_description;/home/autoware/Autoware/install/gazebo_camera_description;/home/autoware/Autoware/install/autoware_build_flags;/opt/ros/melodic
[1.396s] -- This workspace overlays: /home/autoware/Autoware/install/gazebo_imu_description;/home/autoware/Autoware/install/gazebo_camera_description;/home/autoware/Autoware/install/autoware_build_flags;/opt/ros/melodic
[1.419s] -- Found PythonInterp: /usr/bin/python2 (found suitable version "2.7.17", minimum required is "2") 
[1.419s] -- Using PYTHON_EXECUTABLE: /usr/bin/python2
[1.419s] -- Using Debian Python package layout
[1.420s] -- Using empy: /usr/bin/empy
[1.587s] -- Using CATKIN_ENABLE_TESTING: ON
[1.587s] -- Call enable_testing()
[1.592s] -- Using CATKIN_TEST_RESULTS_DIR: /home/autoware/Autoware/build/vehicle_model/test_results
[1.619s] -- Found gtest sources under '/usr/src/googletest': gtests will be built
[1.620s] -- Found gmock sources under '/usr/src/googletest': gmock will be built
[1.640s] -- Found PythonInterp: /usr/bin/python2 (found version "2.7.17") 
[1.640s] -- Looking for pthread.h
[1.744s] -- Looking for pthread.h - found
[1.744s] -- Looking for pthread_create
[1.856s] -- Looking for pthread_create - not found
[1.856s] -- Looking for pthread_create in pthreads
[1.928s] -- Looking for pthread_create in pthreads - not found
[1.928s] -- Looking for pthread_create in pthread
[2.022s] -- Looking for pthread_create in pthread - found
[2.023s] -- Found Threads: TRUE  
[2.026s] -- Using Python nosetests: /usr/bin/nosetests-2.7
[2.077s] -- catkin 0.7.26
[2.077s] -- BUILD_SHARED_LIBS is on
[2.194s] -- CUDA compilation status: ON.
[2.352s] -- Configuring done
[2.365s] -- Generating done
[2.368s] -- Build files have been written to: /home/autoware/Autoware/build/vehicle_model
[2.373s] Invoked command in '/home/autoware/Autoware/build/vehicle_model' returned '0': CMAKE_PREFIX_PATH=/home/autoware/Autoware/install/gazebo_imu_description:/home/autoware/Autoware/install/gazebo_camera_description:/home/autoware/Autoware/install/autoware_build_flags:${CMAKE_PREFIX_PATH} PKG_CONFIG_PATH=/home/autoware/Autoware/install/gazebo_imu_description/lib/x86_64-linux-gnu/pkgconfig:/home/autoware/Autoware/install/gazebo_imu_description/lib/pkgconfig:/home/autoware/Autoware/install/gazebo_camera_description/lib/x86_64-linux-gnu/pkgconfig:/home/autoware/Autoware/install/gazebo_camera_description/lib/pkgconfig:/home/autoware/Autoware/install/autoware_build_flags/lib/x86_64-linux-gnu/pkgconfig:/home/autoware/Autoware/install/autoware_build_flags/lib/pkgconfig:${PKG_CONFIG_PATH} ROS_PACKAGE_PATH=/home/autoware/Autoware/install/gazebo_imu_description/share:/home/autoware/Autoware/install/gazebo_camera_description/share:/home/autoware/Autoware/install/autoware_build_flags/share:${ROS_PACKAGE_PATH} /usr/bin/cmake /home/autoware/Autoware/src/autoware/visualization/vehicle_model -DCMAKE_BUILD_TYPE=Release -DCATKIN_INSTALL_INTO_PREFIX_ROOT=0 -DCMAKE_INSTALL_PREFIX=/home/autoware/Autoware/install/vehicle_model
[2.376s] Invoking command in '/home/autoware/Autoware/build/vehicle_model': CMAKE_PREFIX_PATH=/home/autoware/Autoware/install/gazebo_imu_description:/home/autoware/Autoware/install/gazebo_camera_description:/home/autoware/Autoware/install/autoware_build_flags:${CMAKE_PREFIX_PATH} PKG_CONFIG_PATH=/home/autoware/Autoware/install/gazebo_imu_description/lib/x86_64-linux-gnu/pkgconfig:/home/autoware/Autoware/install/gazebo_imu_description/lib/pkgconfig:/home/autoware/Autoware/install/gazebo_camera_description/lib/x86_64-linux-gnu/pkgconfig:/home/autoware/Autoware/install/gazebo_camera_description/lib/pkgconfig:/home/autoware/Autoware/install/autoware_build_flags/lib/x86_64-linux-gnu/pkgconfig:/home/autoware/Autoware/install/autoware_build_flags/lib/pkgconfig:${PKG_CONFIG_PATH} ROS_PACKAGE_PATH=/home/autoware/Autoware/install/gazebo_imu_description/share:/home/autoware/Autoware/install/gazebo_camera_description/share:/home/autoware/Autoware/install/autoware_build_flags/share:${ROS_PACKAGE_PATH} /usr/bin/cmake --build /home/autoware/Autoware/build/vehicle_model -- -j2 -l2
[2.440s] Invoked command in '/home/autoware/Autoware/build/vehicle_model' returned '0': CMAKE_PREFIX_PATH=/home/autoware/Autoware/install/gazebo_imu_description:/home/autoware/Autoware/install/gazebo_camera_description:/home/autoware/Autoware/install/autoware_build_flags:${CMAKE_PREFIX_PATH} PKG_CONFIG_PATH=/home/autoware/Autoware/install/gazebo_imu_description/lib/x86_64-linux-gnu/pkgconfig:/home/autoware/Autoware/install/gazebo_imu_description/lib/pkgconfig:/home/autoware/Autoware/install/gazebo_camera_description/lib/x86_64-linux-gnu/pkgconfig:/home/autoware/Autoware/install/gazebo_camera_description/lib/pkgconfig:/home/autoware/Autoware/install/autoware_build_flags/lib/x86_64-linux-gnu/pkgconfig:/home/autoware/Autoware/install/autoware_build_flags/lib/pkgconfig:${PKG_CONFIG_PATH} ROS_PACKAGE_PATH=/home/autoware/Autoware/install/gazebo_imu_description/share:/home/autoware/Autoware/install/gazebo_camera_description/share:/home/autoware/Autoware/install/autoware_build_flags/share:${ROS_PACKAGE_PATH} /usr/bin/cmake --build /home/autoware/Autoware/build/vehicle_model -- -j2 -l2
[2.481s] Invoking command in '/home/autoware/Autoware/build/vehicle_model': CMAKE_PREFIX_PATH=/home/autoware/Autoware/install/gazebo_imu_description:/home/autoware/Autoware/install/gazebo_camera_description:/home/autoware/Autoware/install/autoware_build_flags:${CMAKE_PREFIX_PATH} PKG_CONFIG_PATH=/home/autoware/Autoware/install/gazebo_imu_description/lib/x86_64-linux-gnu/pkgconfig:/home/autoware/Autoware/install/gazebo_imu_description/lib/pkgconfig:/home/autoware/Autoware/install/gazebo_camera_description/lib/x86_64-linux-gnu/pkgconfig:/home/autoware/Autoware/install/gazebo_camera_description/lib/pkgconfig:/home/autoware/Autoware/install/autoware_build_flags/lib/x86_64-linux-gnu/pkgconfig:/home/autoware/Autoware/install/autoware_build_flags/lib/pkgconfig:${PKG_CONFIG_PATH} ROS_PACKAGE_PATH=/home/autoware/Autoware/install/gazebo_imu_description/share:/home/autoware/Autoware/install/gazebo_camera_description/share:/home/autoware/Autoware/install/autoware_build_flags/share:${ROS_PACKAGE_PATH} /usr/bin/cmake --build /home/autoware/Autoware/build/vehicle_model --target tests -- -j2 -l2
[2.547s] Scanning dependencies of target tests
[2.559s] Built target tests
[2.574s] Invoked command in '/home/autoware/Autoware/build/vehicle_model' returned '0': CMAKE_PREFIX_PATH=/home/autoware/Autoware/install/gazebo_imu_description:/home/autoware/Autoware/install/gazebo_camera_description:/home/autoware/Autoware/install/autoware_build_flags:${CMAKE_PREFIX_PATH} PKG_CONFIG_PATH=/home/autoware/Autoware/install/gazebo_imu_description/lib/x86_64-linux-gnu/pkgconfig:/home/autoware/Autoware/install/gazebo_imu_description/lib/pkgconfig:/home/autoware/Autoware/install/gazebo_camera_description/lib/x86_64-linux-gnu/pkgconfig:/home/autoware/Autoware/install/gazebo_camera_description/lib/pkgconfig:/home/autoware/Autoware/install/autoware_build_flags/lib/x86_64-linux-gnu/pkgconfig:/home/autoware/Autoware/install/autoware_build_flags/lib/pkgconfig:${PKG_CONFIG_PATH} ROS_PACKAGE_PATH=/home/autoware/Autoware/install/gazebo_imu_description/share:/home/autoware/Autoware/install/gazebo_camera_description/share:/home/autoware/Autoware/install/autoware_build_flags/share:${ROS_PACKAGE_PATH} /usr/bin/cmake --build /home/autoware/Autoware/build/vehicle_model --target tests -- -j2 -l2
[2.614s] Invoking command in '/home/autoware/Autoware/build/vehicle_model': CMAKE_PREFIX_PATH=/home/autoware/Autoware/install/gazebo_imu_description:/home/autoware/Autoware/install/gazebo_camera_description:/home/autoware/Autoware/install/autoware_build_flags:${CMAKE_PREFIX_PATH} PKG_CONFIG_PATH=/home/autoware/Autoware/install/gazebo_imu_description/lib/x86_64-linux-gnu/pkgconfig:/home/autoware/Autoware/install/gazebo_imu_description/lib/pkgconfig:/home/autoware/Autoware/install/gazebo_camera_description/lib/x86_64-linux-gnu/pkgconfig:/home/autoware/Autoware/install/gazebo_camera_description/lib/pkgconfig:/home/autoware/Autoware/install/autoware_build_flags/lib/x86_64-linux-gnu/pkgconfig:/home/autoware/Autoware/install/autoware_build_flags/lib/pkgconfig:${PKG_CONFIG_PATH} ROS_PACKAGE_PATH=/home/autoware/Autoware/install/gazebo_imu_description/share:/home/autoware/Autoware/install/gazebo_camera_description/share:/home/autoware/Autoware/install/autoware_build_flags/share:${ROS_PACKAGE_PATH} /usr/bin/cmake --build /home/autoware/Autoware/build/vehicle_model --target install -- -j2 -l2
[2.672s] Install the project...
[2.682s] -- Install configuration: "Release"
[2.683s] -- Installing: /home/autoware/Autoware/install/vehicle_model/lib/pkgconfig/vehicle_model.pc
[2.684s] -- Installing: /home/autoware/Autoware/install/vehicle_model/share/vehicle_model/cmake/vehicle_modelConfig.cmake
[2.684s] -- Installing: /home/autoware/Autoware/install/vehicle_model/share/vehicle_model/cmake/vehicle_modelConfig-version.cmake
[2.685s] -- Installing: /home/autoware/Autoware/install/vehicle_model/share/vehicle_model/package.xml
[2.685s] -- Installing: /home/autoware/Autoware/install/vehicle_model/share/vehicle_model/mesh
[2.686s] -- Installing: /home/autoware/Autoware/install/vehicle_model/share/vehicle_model/mesh/wheel.dae
[2.687s] -- Installing: /home/autoware/Autoware/install/vehicle_model/share/vehicle_model/mesh/_51225ex1diffuse.jpeg
[2.691s] -- Installing: /home/autoware/Autoware/install/vehicle_model/share/vehicle_model/mesh/body.dae
[2.700s] -- Installing: /home/autoware/Autoware/install/vehicle_model/share/vehicle_model/mesh/_51225ex2diffuse.jpeg
[2.709s] -- Installing: /home/autoware/Autoware/install/vehicle_model/share/vehicle_model/mesh/README.md
[2.710s] -- Installing: /home/autoware/Autoware/install/vehicle_model/share/vehicle_model/urdf
[2.712s] -- Installing: /home/autoware/Autoware/install/vehicle_model/share/vehicle_model/urdf/vehicle.gazebo
[2.714s] -- Installing: /home/autoware/Autoware/install/vehicle_model/share/vehicle_model/urdf/steering.xacro
[2.714s] -- Installing: /home/autoware/Autoware/install/vehicle_model/share/vehicle_model/urdf/body.xacro
[2.715s] -- Installing: /home/autoware/Autoware/install/vehicle_model/share/vehicle_model/urdf/vehicle.xacro
[2.716s] -- Installing: /home/autoware/Autoware/install/vehicle_model/share/vehicle_model/urdf/steering.gazebo
[2.716s] -- Installing: /home/autoware/Autoware/install/vehicle_model/share/vehicle_model/urdf/actuator.xacro
[2.717s] -- Installing: /home/autoware/Autoware/install/vehicle_model/share/vehicle_model/urdf/wheel.xacro
[2.717s] -- Installing: /home/autoware/Autoware/install/vehicle_model/share/vehicle_model/urdf/wheel.gazebo
[2.718s] -- Installing: /home/autoware/Autoware/install/vehicle_model/share/vehicle_model/config
[2.720s] -- Installing: /home/autoware/Autoware/install/vehicle_model/share/vehicle_model/config/calibration.yaml
[2.720s] -- Installing: /home/autoware/Autoware/install/vehicle_model/share/vehicle_model/config/vehicle_info.yaml
[2.721s] -- Installing: /home/autoware/Autoware/install/vehicle_model/share/vehicle_model/config/controller.yaml
[2.736s] Invoked command in '/home/autoware/Autoware/build/vehicle_model' returned '0': CMAKE_PREFIX_PATH=/home/autoware/Autoware/install/gazebo_imu_description:/home/autoware/Autoware/install/gazebo_camera_description:/home/autoware/Autoware/install/autoware_build_flags:${CMAKE_PREFIX_PATH} PKG_CONFIG_PATH=/home/autoware/Autoware/install/gazebo_imu_description/lib/x86_64-linux-gnu/pkgconfig:/home/autoware/Autoware/install/gazebo_imu_description/lib/pkgconfig:/home/autoware/Autoware/install/gazebo_camera_description/lib/x86_64-linux-gnu/pkgconfig:/home/autoware/Autoware/install/gazebo_camera_description/lib/pkgconfig:/home/autoware/Autoware/install/autoware_build_flags/lib/x86_64-linux-gnu/pkgconfig:/home/autoware/Autoware/install/autoware_build_flags/lib/pkgconfig:${PKG_CONFIG_PATH} ROS_PACKAGE_PATH=/home/autoware/Autoware/install/gazebo_imu_description/share:/home/autoware/Autoware/install/gazebo_camera_description/share:/home/autoware/Autoware/install/autoware_build_flags/share:${ROS_PACKAGE_PATH} /usr/bin/cmake --build /home/autoware/Autoware/build/vehicle_model --target install -- -j2 -l2
