-- The C compiler identification is GNU 7.5.0
-- The CXX compiler identification is GNU 7.5.0
-- Check for working C compiler: /usr/bin/cc
-- Check for working C compiler: /usr/bin/cc -- works
-- Detecting C compiler ABI info
-- Detecting C compiler ABI info - done
-- Detecting C compile features
-- Detecting C compile features - done
-- Check for working CXX compiler: /usr/bin/c++
-- Check for working CXX compiler: /usr/bin/c++ -- works
-- Detecting CXX compiler ABI info
-- Detecting CXX compiler ABI info - done
-- Detecting CXX compile features
-- Detecting CXX compile features - done
-- CUDA compilation status: ON.
-- Using CATKIN_DEVEL_PREFIX: /home/autoware/Autoware/build/vehicle_sim_model/devel
-- Using CMAKE_PREFIX_PATH: /home/autoware/Autoware/install/autoware_build_flags;/opt/ros/melodic
-- This workspace overlays: /home/autoware/Autoware/install/autoware_build_flags;/opt/ros/melodic
-- Found PythonInterp: /usr/bin/python2 (found suitable version "2.7.17", minimum required is "2") 
-- Using PYTHON_EXECUTABLE: /usr/bin/python2
-- Using Debian Python package layout
-- Using empy: /usr/bin/empy
-- Using CATKIN_ENABLE_TESTING: ON
-- Call enable_testing()
-- Using CATKIN_TEST_RESULTS_DIR: /home/autoware/Autoware/build/vehicle_sim_model/test_results
-- Found gtest sources under '/usr/src/googletest': gtests will be built
-- Found gmock sources under '/usr/src/googletest': gmock will be built
-- Found PythonInterp: /usr/bin/python2 (found version "2.7.17") 
-- Looking for pthread.h
-- Looking for pthread.h - found
-- Looking for pthread_create
-- Looking for pthread_create - not found
-- Looking for pthread_create in pthreads
-- Looking for pthread_create in pthreads - not found
-- Looking for pthread_create in pthread
-- Looking for pthread_create in pthread - found
-- Found Threads: TRUE  
-- Using Python nosetests: /usr/bin/nosetests-2.7
-- catkin 0.7.26
-- BUILD_SHARED_LIBS is on
-- Configuring done
-- Generating done
-- Build files have been written to: /home/autoware/Autoware/build/vehicle_sim_model
Scanning dependencies of target _catkin_empty_exported_target
[  0%] Built target _catkin_empty_exported_target
Scanning dependencies of target vehicle_sim_model
[ 20%] Building CXX object CMakeFiles/vehicle_sim_model.dir/src/vehicle_model_interface.cpp.o
[ 40%] Building CXX object CMakeFiles/vehicle_sim_model.dir/src/vehicle_model_ideal.cpp.o
[ 60%] Building CXX object CMakeFiles/vehicle_sim_model.dir/src/vehicle_model_constant_acceleration.cpp.o
[ 80%] Building CXX object CMakeFiles/vehicle_sim_model.dir/src/vehicle_model_time_delay.cpp.o
[100%] Linking CXX shared library devel/lib/libvehicle_sim_model.so
[100%] Built target vehicle_sim_model
Scanning dependencies of target gtest
[ 11%] Building CXX object gtest/googlemock/gtest/CMakeFiles/gtest.dir/src/gtest-all.cc.o
[ 22%] Linking CXX shared library libgtest.so
[ 22%] Built target gtest
[ 22%] Built target _catkin_empty_exported_target
[ 77%] Built target vehicle_sim_model
Scanning dependencies of target test-vehicle_sim_model
[ 88%] Building CXX object CMakeFiles/test-vehicle_sim_model.dir/test/src/test_vehicle_sim_model.cpp.o
[100%] Linking CXX executable devel/lib/vehicle_sim_model/test-vehicle_sim_model
[100%] Built target test-vehicle_sim_model
Scanning dependencies of target tests
[100%] Built target tests
[  0%] Built target _catkin_empty_exported_target
[100%] Built target vehicle_sim_model
Install the project...
-- Install configuration: "Release"
-- Installing: /home/autoware/Autoware/install/vehicle_sim_model/lib/pkgconfig/vehicle_sim_model.pc
-- Installing: /home/autoware/Autoware/install/vehicle_sim_model/share/vehicle_sim_model/cmake/vehicle_sim_modelConfig.cmake
-- Installing: /home/autoware/Autoware/install/vehicle_sim_model/share/vehicle_sim_model/cmake/vehicle_sim_modelConfig-version.cmake
-- Installing: /home/autoware/Autoware/install/vehicle_sim_model/share/vehicle_sim_model/package.xml
-- Installing: /home/autoware/Autoware/install/vehicle_sim_model/lib/libvehicle_sim_model.so
-- Installing: /home/autoware/Autoware/install/vehicle_sim_model/include/vehicle_sim_model
-- Installing: /home/autoware/Autoware/install/vehicle_sim_model/include/vehicle_sim_model/vehicle_model_time_delay.h
-- Installing: /home/autoware/Autoware/install/vehicle_sim_model/include/vehicle_sim_model/vehicle_model_interface.h
-- Installing: /home/autoware/Autoware/install/vehicle_sim_model/include/vehicle_sim_model/vehicle_model_ideal.h
-- Installing: /home/autoware/Autoware/install/vehicle_sim_model/include/vehicle_sim_model/vehicle_model_constant_acceleration.h
-- Installing: /home/autoware/Autoware/install/vehicle_sim_model/lib/vehicle_sim_model/fitParamDelayInputModel.py
