-- The C compiler identification is GNU 7.5.0
-- The CXX compiler identification is GNU 7.5.0
-- Check for working C compiler: /usr/bin/cc
-- Check for working C compiler: /usr/bin/cc -- works
-- Detecting C compiler ABI info
-- Detecting C compiler ABI info - done
-- Detecting C compile features
-- Detecting C compile features - done
-- Check for working CXX compiler: /usr/bin/c++
-- Check for working CXX compiler: /usr/bin/c++ -- works
-- Detecting CXX compiler ABI info
-- Detecting CXX compiler ABI info - done
-- Detecting CXX compile features
-- Detecting CXX compile features - done
-- Using CATKIN_DEVEL_PREFIX: /home/autoware/Autoware/build/adi_driver/devel
-- Using CMAKE_PREFIX_PATH: /home/autoware/Autoware/install/autoware_build_flags;/opt/ros/melodic
-- This workspace overlays: /home/autoware/Autoware/install/autoware_build_flags;/opt/ros/melodic
-- Found PythonInterp: /usr/bin/python2 (found suitable version "2.7.17", minimum required is "2") 
-- Using PYTHON_EXECUTABLE: /usr/bin/python2
-- Using Debian Python package layout
-- Using empy: /usr/bin/empy
-- Using CATKIN_ENABLE_TESTING: ON
-- Call enable_testing()
-- Using CATKIN_TEST_RESULTS_DIR: /home/autoware/Autoware/build/adi_driver/test_results
-- Found gtest sources under '/usr/src/googletest': gtests will be built
-- Found gmock sources under '/usr/src/googletest': gmock will be built
-- Found PythonInterp: /usr/bin/python2 (found version "2.7.17") 
-- Looking for pthread.h
-- Looking for pthread.h - found
-- Looking for pthread_create
-- Looking for pthread_create - not found
-- Looking for pthread_create in pthreads
-- Looking for pthread_create in pthreads - not found
-- Looking for pthread_create in pthread
-- Looking for pthread_create in pthread - found
-- Found Threads: TRUE  
-- Using Python nosetests: /usr/bin/nosetests-2.7
-- catkin 0.7.26
-- BUILD_SHARED_LIBS is on
-- Configuring done
-- Generating done
-- Build files have been written to: /home/autoware/Autoware/build/adi_driver
Scanning dependencies of target adxl345_node
[ 16%] Building CXX object CMakeFiles/adxl345_node.dir/src/adxl345_node.cpp.o
[ 33%] Building CXX object CMakeFiles/adxl345_node.dir/src/adxl345.cpp.o
[ 50%] Linking CXX executable devel/lib/adi_driver/adxl345_node
[ 50%] Built target adxl345_node
Scanning dependencies of target adis16470_node
[ 66%] Building CXX object CMakeFiles/adis16470_node.dir/src/adis16470_node.cpp.o
[ 83%] Building CXX object CMakeFiles/adis16470_node.dir/src/adis16470.cpp.o
/home/autoware/Autoware/src/drivers/awf_drivers/analog_devices/src/adis16470.cpp: In member function ‘int Adis16470::read_register(char, int16_t&)’:
/home/autoware/Autoware/src/drivers/awf_drivers/analog_devices/src/adis16470.cpp:201:47: warning: narrowing conversion of ‘address’ from ‘char’ to ‘unsigned char’ inside { } [-Wnarrowing]
   unsigned char buff[3] = {0x61, address, 0x00};
                                               ^
[100%] Linking CXX executable devel/lib/adi_driver/adis16470_node
[100%] Built target adis16470_node
Scanning dependencies of target tests
Built target tests
[ 50%] Built target adxl345_node
[100%] Built target adis16470_node
Install the project...
-- Install configuration: "Release"
-- Installing: /home/autoware/Autoware/install/adi_driver/lib/pkgconfig/adi_driver.pc
-- Installing: /home/autoware/Autoware/install/adi_driver/share/adi_driver/cmake/adi_driverConfig.cmake
-- Installing: /home/autoware/Autoware/install/adi_driver/share/adi_driver/cmake/adi_driverConfig-version.cmake
-- Installing: /home/autoware/Autoware/install/adi_driver/share/adi_driver/package.xml
-- Installing: /home/autoware/Autoware/install/adi_driver/lib/adi_driver/adis16470_node
-- Set runtime path of "/home/autoware/Autoware/install/adi_driver/lib/adi_driver/adis16470_node" to ""
-- Installing: /home/autoware/Autoware/install/adi_driver/lib/adi_driver/adxl345_node
-- Set runtime path of "/home/autoware/Autoware/install/adi_driver/lib/adi_driver/adxl345_node" to ""
-- Installing: /home/autoware/Autoware/install/adi_driver/include/adi_driver
-- Installing: /home/autoware/Autoware/install/adi_driver/include/adi_driver/adis16470.h
-- Installing: /home/autoware/Autoware/install/adi_driver/include/adi_driver/adxl345.h
-- Installing: /home/autoware/Autoware/install/adi_driver/share/adi_driver/launch
-- Installing: /home/autoware/Autoware/install/adi_driver/share/adi_driver/launch/imu.rviz
-- Installing: /home/autoware/Autoware/install/adi_driver/share/adi_driver/launch/adis16470.launch
-- Installing: /home/autoware/Autoware/install/adi_driver/share/adi_driver/launch/adxl345.launch
-- Installing: /home/autoware/Autoware/install/adi_driver/share/adi_driver/test
-- Installing: /home/autoware/Autoware/install/adi_driver/share/adi_driver/test/test_adxl345.py
-- Installing: /home/autoware/Autoware/install/adi_driver/share/adi_driver/test/test_adis16470.py
-- Installing: /home/autoware/Autoware/install/adi_driver/share/adi_driver/urdf
-- Installing: /home/autoware/Autoware/install/adi_driver/share/adi_driver/urdf/adis16470_breakout.urdf
