[0.013s] Invoking command in '/home/autoware/Autoware/build/adi_driver': CMAKE_PREFIX_PATH=/home/autoware/Autoware/install/autoware_build_flags:${CMAKE_PREFIX_PATH} PKG_CONFIG_PATH=/home/autoware/Autoware/install/autoware_build_flags/lib/x86_64-linux-gnu/pkgconfig:/home/autoware/Autoware/install/autoware_build_flags/lib/pkgconfig:${PKG_CONFIG_PATH} ROS_PACKAGE_PATH=/home/autoware/Autoware/install/autoware_build_flags/share:${ROS_PACKAGE_PATH} /usr/bin/cmake /home/autoware/Autoware/src/drivers/awf_drivers/analog_devices -DCMAKE_BUILD_TYPE=Release -DCATKIN_INSTALL_INTO_PREFIX_ROOT=0 -DCMAKE_INSTALL_PREFIX=/home/autoware/Autoware/install/adi_driver
[0.089s] -- The C compiler identification is GNU 7.5.0
[0.153s] -- The CXX compiler identification is GNU 7.5.0
[0.157s] -- Check for working C compiler: /usr/bin/cc
[0.234s] -- Check for working C compiler: /usr/bin/cc -- works
[0.235s] -- Detecting C compiler ABI info
[0.321s] -- Detecting C compiler ABI info - done
[0.358s] -- Detecting C compile features
[0.604s] -- Detecting C compile features - done
[0.605s] -- Check for working CXX compiler: /usr/bin/c++
[0.691s] -- Check for working CXX compiler: /usr/bin/c++ -- works
[0.691s] -- Detecting CXX compiler ABI info
[0.789s] -- Detecting CXX compiler ABI info - done
[0.798s] -- Detecting CXX compile features
[1.190s] -- Detecting CXX compile features - done
[1.193s] -- Using CATKIN_DEVEL_PREFIX: /home/autoware/Autoware/build/adi_driver/devel
[1.193s] -- Using CMAKE_PREFIX_PATH: /home/autoware/Autoware/install/autoware_build_flags;/opt/ros/melodic
[1.193s] -- This workspace overlays: /home/autoware/Autoware/install/autoware_build_flags;/opt/ros/melodic
[1.208s] -- Found PythonInterp: /usr/bin/python2 (found suitable version "2.7.17", minimum required is "2") 
[1.208s] -- Using PYTHON_EXECUTABLE: /usr/bin/python2
[1.209s] -- Using Debian Python package layout
[1.209s] -- Using empy: /usr/bin/empy
[1.364s] -- Using CATKIN_ENABLE_TESTING: ON
[1.365s] -- Call enable_testing()
[1.369s] -- Using CATKIN_TEST_RESULTS_DIR: /home/autoware/Autoware/build/adi_driver/test_results
[1.396s] -- Found gtest sources under '/usr/src/googletest': gtests will be built
[1.396s] -- Found gmock sources under '/usr/src/googletest': gmock will be built
[1.414s] -- Found PythonInterp: /usr/bin/python2 (found version "2.7.17") 
[1.417s] -- Looking for pthread.h
[1.512s] -- Looking for pthread.h - found
[1.513s] -- Looking for pthread_create
[1.605s] -- Looking for pthread_create - not found
[1.605s] -- Looking for pthread_create in pthreads
[1.680s] -- Looking for pthread_create in pthreads - not found
[1.681s] -- Looking for pthread_create in pthread
[1.768s] -- Looking for pthread_create in pthread - found
[1.768s] -- Found Threads: TRUE  
[1.769s] -- Using Python nosetests: /usr/bin/nosetests-2.7
[1.825s] -- catkin 0.7.26
[1.825s] -- BUILD_SHARED_LIBS is on
[2.184s] -- Configuring done
[2.213s] -- Generating done
[2.219s] -- Build files have been written to: /home/autoware/Autoware/build/adi_driver
[2.224s] Invoked command in '/home/autoware/Autoware/build/adi_driver' returned '0': CMAKE_PREFIX_PATH=/home/autoware/Autoware/install/autoware_build_flags:${CMAKE_PREFIX_PATH} PKG_CONFIG_PATH=/home/autoware/Autoware/install/autoware_build_flags/lib/x86_64-linux-gnu/pkgconfig:/home/autoware/Autoware/install/autoware_build_flags/lib/pkgconfig:${PKG_CONFIG_PATH} ROS_PACKAGE_PATH=/home/autoware/Autoware/install/autoware_build_flags/share:${ROS_PACKAGE_PATH} /usr/bin/cmake /home/autoware/Autoware/src/drivers/awf_drivers/analog_devices -DCMAKE_BUILD_TYPE=Release -DCATKIN_INSTALL_INTO_PREFIX_ROOT=0 -DCMAKE_INSTALL_PREFIX=/home/autoware/Autoware/install/adi_driver
[2.225s] Invoking command in '/home/autoware/Autoware/build/adi_driver': CMAKE_PREFIX_PATH=/home/autoware/Autoware/install/autoware_build_flags:${CMAKE_PREFIX_PATH} PKG_CONFIG_PATH=/home/autoware/Autoware/install/autoware_build_flags/lib/x86_64-linux-gnu/pkgconfig:/home/autoware/Autoware/install/autoware_build_flags/lib/pkgconfig:${PKG_CONFIG_PATH} ROS_PACKAGE_PATH=/home/autoware/Autoware/install/autoware_build_flags/share:${ROS_PACKAGE_PATH} /usr/bin/cmake --build /home/autoware/Autoware/build/adi_driver -- -j2 -l2
[2.286s] Scanning dependencies of target adxl345_node
[2.299s] [ 16%] Building CXX object CMakeFiles/adxl345_node.dir/src/adxl345_node.cpp.o
[3.916s] [ 33%] Building CXX object CMakeFiles/adxl345_node.dir/src/adxl345.cpp.o
[5.357s] [ 50%] Linking CXX executable devel/lib/adi_driver/adxl345_node
[5.499s] [ 50%] Built target adxl345_node
[5.526s] Scanning dependencies of target adis16470_node
[5.550s] [ 66%] Building CXX object CMakeFiles/adis16470_node.dir/src/adis16470_node.cpp.o
[7.312s] [ 83%] Building CXX object CMakeFiles/adis16470_node.dir/src/adis16470.cpp.o
[7.445s] /home/autoware/Autoware/src/drivers/awf_drivers/analog_devices/src/adis16470.cpp: In member function ‘int Adis16470::read_register(char, int16_t&)’:
[7.445s] /home/autoware/Autoware/src/drivers/awf_drivers/analog_devices/src/adis16470.cpp:201:47: warning: narrowing conversion of ‘address’ from ‘char’ to ‘unsigned char’ inside { } [-Wnarrowing]
[7.445s]    unsigned char buff[3] = {0x61, address, 0x00};
[7.445s]                                                ^
[7.543s] [100%] Linking CXX executable devel/lib/adi_driver/adis16470_node
[7.663s] [100%] Built target adis16470_node
[7.678s] Invoked command in '/home/autoware/Autoware/build/adi_driver' returned '0': CMAKE_PREFIX_PATH=/home/autoware/Autoware/install/autoware_build_flags:${CMAKE_PREFIX_PATH} PKG_CONFIG_PATH=/home/autoware/Autoware/install/autoware_build_flags/lib/x86_64-linux-gnu/pkgconfig:/home/autoware/Autoware/install/autoware_build_flags/lib/pkgconfig:${PKG_CONFIG_PATH} ROS_PACKAGE_PATH=/home/autoware/Autoware/install/autoware_build_flags/share:${ROS_PACKAGE_PATH} /usr/bin/cmake --build /home/autoware/Autoware/build/adi_driver -- -j2 -l2
[7.755s] Invoking command in '/home/autoware/Autoware/build/adi_driver': CMAKE_PREFIX_PATH=/home/autoware/Autoware/install/autoware_build_flags:${CMAKE_PREFIX_PATH} PKG_CONFIG_PATH=/home/autoware/Autoware/install/autoware_build_flags/lib/x86_64-linux-gnu/pkgconfig:/home/autoware/Autoware/install/autoware_build_flags/lib/pkgconfig:${PKG_CONFIG_PATH} ROS_PACKAGE_PATH=/home/autoware/Autoware/install/autoware_build_flags/share:${ROS_PACKAGE_PATH} /usr/bin/cmake --build /home/autoware/Autoware/build/adi_driver --target tests -- -j2 -l2
[7.824s] Scanning dependencies of target tests
[7.836s] Built target tests
[7.850s] Invoked command in '/home/autoware/Autoware/build/adi_driver' returned '0': CMAKE_PREFIX_PATH=/home/autoware/Autoware/install/autoware_build_flags:${CMAKE_PREFIX_PATH} PKG_CONFIG_PATH=/home/autoware/Autoware/install/autoware_build_flags/lib/x86_64-linux-gnu/pkgconfig:/home/autoware/Autoware/install/autoware_build_flags/lib/pkgconfig:${PKG_CONFIG_PATH} ROS_PACKAGE_PATH=/home/autoware/Autoware/install/autoware_build_flags/share:${ROS_PACKAGE_PATH} /usr/bin/cmake --build /home/autoware/Autoware/build/adi_driver --target tests -- -j2 -l2
[7.924s] Invoking command in '/home/autoware/Autoware/build/adi_driver': CMAKE_PREFIX_PATH=/home/autoware/Autoware/install/autoware_build_flags:${CMAKE_PREFIX_PATH} PKG_CONFIG_PATH=/home/autoware/Autoware/install/autoware_build_flags/lib/x86_64-linux-gnu/pkgconfig:/home/autoware/Autoware/install/autoware_build_flags/lib/pkgconfig:${PKG_CONFIG_PATH} ROS_PACKAGE_PATH=/home/autoware/Autoware/install/autoware_build_flags/share:${ROS_PACKAGE_PATH} /usr/bin/cmake --build /home/autoware/Autoware/build/adi_driver --target install -- -j2 -l2
[7.997s] [ 50%] Built target adxl345_node
[8.027s] [100%] Built target adis16470_node
[8.048s] Install the project...
[8.058s] -- Install configuration: "Release"
[8.058s] -- Installing: /home/autoware/Autoware/install/adi_driver/lib/pkgconfig/adi_driver.pc
[8.059s] -- Installing: /home/autoware/Autoware/install/adi_driver/share/adi_driver/cmake/adi_driverConfig.cmake
[8.059s] -- Installing: /home/autoware/Autoware/install/adi_driver/share/adi_driver/cmake/adi_driverConfig-version.cmake
[8.060s] -- Installing: /home/autoware/Autoware/install/adi_driver/share/adi_driver/package.xml
[8.060s] -- Installing: /home/autoware/Autoware/install/adi_driver/lib/adi_driver/adis16470_node
[8.061s] -- Set runtime path of "/home/autoware/Autoware/install/adi_driver/lib/adi_driver/adis16470_node" to ""
[8.061s] -- Installing: /home/autoware/Autoware/install/adi_driver/lib/adi_driver/adxl345_node
[8.062s] -- Set runtime path of "/home/autoware/Autoware/install/adi_driver/lib/adi_driver/adxl345_node" to ""
[8.062s] -- Installing: /home/autoware/Autoware/install/adi_driver/include/adi_driver
[8.063s] -- Installing: /home/autoware/Autoware/install/adi_driver/include/adi_driver/adis16470.h
[8.063s] -- Installing: /home/autoware/Autoware/install/adi_driver/include/adi_driver/adxl345.h
[8.064s] -- Installing: /home/autoware/Autoware/install/adi_driver/share/adi_driver/launch
[8.064s] -- Installing: /home/autoware/Autoware/install/adi_driver/share/adi_driver/launch/imu.rviz
[8.065s] -- Installing: /home/autoware/Autoware/install/adi_driver/share/adi_driver/launch/adis16470.launch
[8.065s] -- Installing: /home/autoware/Autoware/install/adi_driver/share/adi_driver/launch/adxl345.launch
[8.066s] -- Installing: /home/autoware/Autoware/install/adi_driver/share/adi_driver/test
[8.066s] -- Installing: /home/autoware/Autoware/install/adi_driver/share/adi_driver/test/test_adxl345.py
[8.067s] -- Installing: /home/autoware/Autoware/install/adi_driver/share/adi_driver/test/test_adis16470.py
[8.068s] -- Installing: /home/autoware/Autoware/install/adi_driver/share/adi_driver/urdf
[8.068s] -- Installing: /home/autoware/Autoware/install/adi_driver/share/adi_driver/urdf/adis16470_breakout.urdf
[8.080s] Invoked command in '/home/autoware/Autoware/build/adi_driver' returned '0': CMAKE_PREFIX_PATH=/home/autoware/Autoware/install/autoware_build_flags:${CMAKE_PREFIX_PATH} PKG_CONFIG_PATH=/home/autoware/Autoware/install/autoware_build_flags/lib/x86_64-linux-gnu/pkgconfig:/home/autoware/Autoware/install/autoware_build_flags/lib/pkgconfig:${PKG_CONFIG_PATH} ROS_PACKAGE_PATH=/home/autoware/Autoware/install/autoware_build_flags/share:${ROS_PACKAGE_PATH} /usr/bin/cmake --build /home/autoware/Autoware/build/adi_driver --target install -- -j2 -l2
