-- The C compiler identification is GNU 7.5.0
-- The CXX compiler identification is GNU 7.5.0
-- Check for working C compiler: /usr/bin/cc
-- Check for working C compiler: /usr/bin/cc -- works
-- Detecting C compiler ABI info
-- Detecting C compiler ABI info - done
-- Detecting C compile features
-- Detecting C compile features - done
-- Check for working CXX compiler: /usr/bin/c++
-- Check for working CXX compiler: /usr/bin/c++ -- works
-- Detecting CXX compiler ABI info
-- Detecting CXX compiler ABI info - done
-- Detecting CXX compile features
-- Detecting CXX compile features - done
-- CUDA compilation status: ON.
-- Using CATKIN_DEVEL_PREFIX: /home/autoware/Autoware/build/op_simu/devel
-- Using CMAKE_PREFIX_PATH: /home/autoware/Autoware/install/op_planner;/home/autoware/Autoware/install/op_utility;/home/autoware/Autoware/install/vector_map_server;/home/autoware/Autoware/install/vector_map;/home/autoware/Autoware/install/vector_map_msgs;/home/autoware/Autoware/install/autoware_msgs;/home/autoware/Autoware/install/autoware_build_flags;/opt/ros/melodic
-- This workspace overlays: /home/autoware/Autoware/install/op_planner;/home/autoware/Autoware/install/op_utility;/home/autoware/Autoware/install/vector_map_server;/home/autoware/Autoware/install/vector_map;/home/autoware/Autoware/install/vector_map_msgs;/home/autoware/Autoware/install/autoware_msgs;/home/autoware/Autoware/install/autoware_build_flags;/opt/ros/melodic
-- Found PythonInterp: /usr/bin/python2 (found suitable version "2.7.17", minimum required is "2") 
-- Using PYTHON_EXECUTABLE: /usr/bin/python2
-- Using Debian Python package layout
-- Using empy: /usr/bin/empy
-- Using CATKIN_ENABLE_TESTING: ON
-- Call enable_testing()
-- Using CATKIN_TEST_RESULTS_DIR: /home/autoware/Autoware/build/op_simu/test_results
-- Found gtest sources under '/usr/src/googletest': gtests will be built
-- Found gmock sources under '/usr/src/googletest': gmock will be built
-- Found PythonInterp: /usr/bin/python2 (found version "2.7.17") 
-- Looking for pthread.h
-- Looking for pthread.h - found
-- Looking for pthread_create
-- Looking for pthread_create - not found
-- Looking for pthread_create in pthreads
-- Looking for pthread_create in pthreads - not found
-- Looking for pthread_create in pthread
-- Looking for pthread_create in pthread - found
-- Found Threads: TRUE  
-- Using Python nosetests: /usr/bin/nosetests-2.7
-- catkin 0.7.26
-- BUILD_SHARED_LIBS is on
-- Using these message generators: gencpp;geneus;genlisp;gennodejs;genpy
-- Found OpenCV: /usr (found version "3.2.0") 
-- Found OpenGL: /usr/lib/x86_64-linux-gnu/libOpenGL.so   
-- Found GLEW: /usr/include  
-- Found GLUT: /usr/lib/x86_64-linux-gnu/libglut.so  
-- Looking for XOpenDisplay in /usr/lib/x86_64-linux-gnu/libX11.so;/usr/lib/x86_64-linux-gnu/libXext.so
-- Looking for XOpenDisplay in /usr/lib/x86_64-linux-gnu/libX11.so;/usr/lib/x86_64-linux-gnu/libXext.so - found
-- Looking for gethostbyname
-- Looking for gethostbyname - found
-- Looking for connect
-- Looking for connect - found
-- Looking for remove
-- Looking for remove - found
-- Looking for shmat
-- Looking for shmat - found
-- Looking for IceConnectionNumber in ICE
-- Looking for IceConnectionNumber in ICE - found
-- Found X11: /usr/lib/x86_64-linux-gnu/libX11.so
-- Configuring done
-- Generating done
-- Build files have been written to: /home/autoware/Autoware/build/op_simu
Scanning dependencies of target Simu
[ 11%] Building CXX object CMakeFiles/Simu.dir/src/SimpleTracker.cpp.o
[ 22%] Building CXX object CMakeFiles/Simu.dir/src/SimulatedTrajectoryFollower.cpp.o
[ 33%] Building CXX object CMakeFiles/Simu.dir/src/TrajectoryFollower.cpp.o
[ 44%] Building CXX object CMakeFiles/Simu.dir/main.cpp.o
[ 55%] Linking CXX executable devel/lib/op_simu/Simu
[ 55%] Built target Simu
Scanning dependencies of target op_simu
[ 66%] Building CXX object CMakeFiles/op_simu.dir/src/SimpleTracker.cpp.o
[ 77%] Building CXX object CMakeFiles/op_simu.dir/src/SimulatedTrajectoryFollower.cpp.o
[ 88%] Building CXX object CMakeFiles/op_simu.dir/src/TrajectoryFollower.cpp.o
[100%] Linking CXX shared library devel/lib/libop_simu.so
[100%] Built target op_simu
Scanning dependencies of target tests
Built target tests
[ 55%] Built target Simu
[100%] Built target op_simu
Install the project...
-- Install configuration: "Release"
-- Installing: /home/autoware/Autoware/install/op_simu/lib/pkgconfig/op_simu.pc
-- Installing: /home/autoware/Autoware/install/op_simu/share/op_simu/cmake/op_simuConfig.cmake
-- Installing: /home/autoware/Autoware/install/op_simu/share/op_simu/cmake/op_simuConfig-version.cmake
-- Installing: /home/autoware/Autoware/install/op_simu/share/op_simu/package.xml
-- Installing: /home/autoware/Autoware/install/op_simu/include/op_simu
-- Installing: /home/autoware/Autoware/install/op_simu/include/op_simu/SimulatedTrajectoryFollower.h
-- Installing: /home/autoware/Autoware/install/op_simu/include/op_simu/TrajectoryFollower.h
-- Installing: /home/autoware/Autoware/install/op_simu/include/op_simu/SimpleTracker.h
-- Installing: /home/autoware/Autoware/install/op_simu/lib/libop_simu.so
-- Set runtime path of "/home/autoware/Autoware/install/op_simu/lib/libop_simu.so" to ""
-- Installing: /home/autoware/Autoware/install/op_simu/lib/op_simu/Simu
-- Set runtime path of "/home/autoware/Autoware/install/op_simu/lib/op_simu/Simu" to ""
