[0.017s] Invoking command in '/home/autoware/Autoware/build/points_downsampler': CMAKE_PREFIX_PATH=/home/autoware/Autoware/install/autoware_config_msgs:/home/autoware/Autoware/install/autoware_build_flags:${CMAKE_PREFIX_PATH} PKG_CONFIG_PATH=/home/autoware/Autoware/install/autoware_config_msgs/lib/x86_64-linux-gnu/pkgconfig:/home/autoware/Autoware/install/autoware_config_msgs/lib/pkgconfig:/home/autoware/Autoware/install/autoware_build_flags/lib/x86_64-linux-gnu/pkgconfig:/home/autoware/Autoware/install/autoware_build_flags/lib/pkgconfig:${PKG_CONFIG_PATH} PYTHONPATH=/home/autoware/Autoware/install/autoware_config_msgs/lib/python2.7/dist-packages:${PYTHONPATH} ROS_PACKAGE_PATH=/home/autoware/Autoware/install/autoware_config_msgs/share:/home/autoware/Autoware/install/autoware_build_flags/share:${ROS_PACKAGE_PATH} /usr/bin/cmake /home/autoware/Autoware/src/autoware/core_perception/points_downsampler -DCMAKE_BUILD_TYPE=Release -DCATKIN_INSTALL_INTO_PREFIX_ROOT=0 -DCMAKE_INSTALL_PREFIX=/home/autoware/Autoware/install/points_downsampler
[0.101s] -- The C compiler identification is GNU 7.5.0
[0.184s] -- The CXX compiler identification is GNU 7.5.0
[0.190s] -- Check for working C compiler: /usr/bin/cc
[0.290s] -- Check for working C compiler: /usr/bin/cc -- works
[0.290s] -- Detecting C compiler ABI info
[0.382s] -- Detecting C compiler ABI info - done
[0.391s] -- Detecting C compile features
[0.688s] -- Detecting C compile features - done
[0.693s] -- Check for working CXX compiler: /usr/bin/c++
[0.802s] -- Check for working CXX compiler: /usr/bin/c++ -- works
[0.803s] -- Detecting CXX compiler ABI info
[0.916s] -- Detecting CXX compiler ABI info - done
[0.927s] -- Detecting CXX compile features
[1.419s] -- Detecting CXX compile features - done
[1.422s] -- CUDA compilation status: ON.
[1.424s] -- Using CATKIN_DEVEL_PREFIX: /home/autoware/Autoware/build/points_downsampler/devel
[1.425s] -- Using CMAKE_PREFIX_PATH: /home/autoware/Autoware/install/autoware_config_msgs;/home/autoware/Autoware/install/autoware_build_flags;/opt/ros/melodic
[1.425s] -- This workspace overlays: /home/autoware/Autoware/install/autoware_config_msgs;/home/autoware/Autoware/install/autoware_build_flags;/opt/ros/melodic
[1.446s] -- Found PythonInterp: /usr/bin/python2 (found suitable version "2.7.17", minimum required is "2") 
[1.446s] -- Using PYTHON_EXECUTABLE: /usr/bin/python2
[1.446s] -- Using Debian Python package layout
[1.447s] -- Using empy: /usr/bin/empy
[1.631s] -- Using CATKIN_ENABLE_TESTING: ON
[1.631s] -- Call enable_testing()
[1.634s] -- Using CATKIN_TEST_RESULTS_DIR: /home/autoware/Autoware/build/points_downsampler/test_results
[1.666s] -- Found gtest sources under '/usr/src/googletest': gtests will be built
[1.666s] -- Found gmock sources under '/usr/src/googletest': gmock will be built
[1.686s] -- Found PythonInterp: /usr/bin/python2 (found version "2.7.17") 
[1.687s] -- Looking for pthread.h
[1.790s] -- Looking for pthread.h - found
[1.790s] -- Looking for pthread_create
[1.882s] -- Looking for pthread_create - not found
[1.882s] -- Looking for pthread_create in pthreads
[1.962s] -- Looking for pthread_create in pthreads - not found
[1.962s] -- Looking for pthread_create in pthread
[2.058s] -- Looking for pthread_create in pthread - found
[2.058s] -- Found Threads: TRUE  
[2.064s] -- Using Python nosetests: /usr/bin/nosetests-2.7
[2.121s] -- catkin 0.7.26
[2.121s] -- BUILD_SHARED_LIBS is on
[2.301s] -- Using these message generators: gencpp;geneus;genlisp;gennodejs;genpy
[4.016s] -- points_downsampler: 1 messages, 0 services
[4.185s] -- Configuring done
[4.376s] -- Generating done
[4.395s] -- Build files have been written to: /home/autoware/Autoware/build/points_downsampler
[4.406s] Invoked command in '/home/autoware/Autoware/build/points_downsampler' returned '0': CMAKE_PREFIX_PATH=/home/autoware/Autoware/install/autoware_config_msgs:/home/autoware/Autoware/install/autoware_build_flags:${CMAKE_PREFIX_PATH} PKG_CONFIG_PATH=/home/autoware/Autoware/install/autoware_config_msgs/lib/x86_64-linux-gnu/pkgconfig:/home/autoware/Autoware/install/autoware_config_msgs/lib/pkgconfig:/home/autoware/Autoware/install/autoware_build_flags/lib/x86_64-linux-gnu/pkgconfig:/home/autoware/Autoware/install/autoware_build_flags/lib/pkgconfig:${PKG_CONFIG_PATH} PYTHONPATH=/home/autoware/Autoware/install/autoware_config_msgs/lib/python2.7/dist-packages:${PYTHONPATH} ROS_PACKAGE_PATH=/home/autoware/Autoware/install/autoware_config_msgs/share:/home/autoware/Autoware/install/autoware_build_flags/share:${ROS_PACKAGE_PATH} /usr/bin/cmake /home/autoware/Autoware/src/autoware/core_perception/points_downsampler -DCMAKE_BUILD_TYPE=Release -DCATKIN_INSTALL_INTO_PREFIX_ROOT=0 -DCMAKE_INSTALL_PREFIX=/home/autoware/Autoware/install/points_downsampler
[4.407s] Invoking command in '/home/autoware/Autoware/build/points_downsampler': CMAKE_PREFIX_PATH=/home/autoware/Autoware/install/autoware_config_msgs:/home/autoware/Autoware/install/autoware_build_flags:${CMAKE_PREFIX_PATH} PKG_CONFIG_PATH=/home/autoware/Autoware/install/autoware_config_msgs/lib/x86_64-linux-gnu/pkgconfig:/home/autoware/Autoware/install/autoware_config_msgs/lib/pkgconfig:/home/autoware/Autoware/install/autoware_build_flags/lib/x86_64-linux-gnu/pkgconfig:/home/autoware/Autoware/install/autoware_build_flags/lib/pkgconfig:${PKG_CONFIG_PATH} PYTHONPATH=/home/autoware/Autoware/install/autoware_config_msgs/lib/python2.7/dist-packages:${PYTHONPATH} ROS_PACKAGE_PATH=/home/autoware/Autoware/install/autoware_config_msgs/share:/home/autoware/Autoware/install/autoware_build_flags/share:${ROS_PACKAGE_PATH} /usr/bin/cmake --build /home/autoware/Autoware/build/points_downsampler -- -j2 -l2
[4.479s] Scanning dependencies of target actionlib_generate_messages_nodejs
[4.493s] [  0%] Built target actionlib_generate_messages_nodejs
[4.508s] Scanning dependencies of target std_msgs_generate_messages_nodejs
[4.521s] [  0%] Built target std_msgs_generate_messages_nodejs
[4.536s] Scanning dependencies of target _points_downsampler_generate_messages_check_deps_PointsDownsamplerInfo
[4.582s] [  0%] Built target _points_downsampler_generate_messages_check_deps_PointsDownsamplerInfo
[4.596s] Scanning dependencies of target std_msgs_generate_messages_eus
[4.611s] [  0%] Built target std_msgs_generate_messages_eus
[4.625s] Scanning dependencies of target velodyne_msgs_generate_messages_py
[4.639s] [  0%] Built target velodyne_msgs_generate_messages_py
[4.653s] Scanning dependencies of target velodyne_msgs_generate_messages_nodejs
[4.667s] [  0%] Built target velodyne_msgs_generate_messages_nodejs
[4.680s] Scanning dependencies of target velodyne_msgs_generate_messages_lisp
[4.693s] [  0%] Built target velodyne_msgs_generate_messages_lisp
[4.707s] Scanning dependencies of target velodyne_msgs_generate_messages_eus
[4.720s] [  0%] Built target velodyne_msgs_generate_messages_eus
[4.734s] Scanning dependencies of target velodyne_msgs_generate_messages_cpp
[4.748s] [  0%] Built target velodyne_msgs_generate_messages_cpp
[4.763s] Scanning dependencies of target diagnostic_msgs_generate_messages_py
[4.777s] [  0%] Built target diagnostic_msgs_generate_messages_py
[4.792s] Scanning dependencies of target diagnostic_msgs_generate_messages_nodejs
[4.806s] [  0%] Built target diagnostic_msgs_generate_messages_nodejs
[4.821s] Scanning dependencies of target diagnostic_msgs_generate_messages_lisp
[4.836s] [  0%] Built target diagnostic_msgs_generate_messages_lisp
[4.850s] Scanning dependencies of target diagnostic_msgs_generate_messages_eus
[4.864s] [  0%] Built target diagnostic_msgs_generate_messages_eus
[4.879s] Scanning dependencies of target velodyne_driver_gencfg
[4.893s] [  0%] Built target velodyne_driver_gencfg
[4.906s] Scanning dependencies of target velodyne_pointcloud_gencfg
[4.920s] [  0%] Built target velodyne_pointcloud_gencfg
[4.933s] Scanning dependencies of target tf2_msgs_generate_messages_nodejs
[4.946s] [  0%] Built target tf2_msgs_generate_messages_nodejs
[4.960s] Scanning dependencies of target tf2_msgs_generate_messages_eus
[4.974s] [  0%] Built target tf2_msgs_generate_messages_eus
[4.988s] Scanning dependencies of target tf2_msgs_generate_messages_cpp
[5.002s] [  0%] Built target tf2_msgs_generate_messages_cpp
[5.016s] Scanning dependencies of target actionlib_msgs_generate_messages_py
[5.030s] [  0%] Built target actionlib_msgs_generate_messages_py
[5.046s] Scanning dependencies of target actionlib_msgs_generate_messages_lisp
[5.060s] [  0%] Built target actionlib_msgs_generate_messages_lisp
[5.075s] Scanning dependencies of target rosgraph_msgs_generate_messages_cpp
[5.089s] [  0%] Built target rosgraph_msgs_generate_messages_cpp
[5.103s] Scanning dependencies of target topic_tools_generate_messages_cpp
[5.116s] [  0%] Built target topic_tools_generate_messages_cpp
[5.130s] Scanning dependencies of target geometry_msgs_generate_messages_eus
[5.144s] [  0%] Built target geometry_msgs_generate_messages_eus
[5.157s] Scanning dependencies of target geometry_msgs_generate_messages_py
[5.171s] [  0%] Built target geometry_msgs_generate_messages_py
[5.184s] Scanning dependencies of target bond_generate_messages_eus
[5.197s] [  0%] Built target bond_generate_messages_eus
[5.210s] Scanning dependencies of target roscpp_generate_messages_py
[5.223s] [  0%] Built target roscpp_generate_messages_py
[5.237s] Scanning dependencies of target sensor_msgs_generate_messages_nodejs
[5.250s] [  0%] Built target sensor_msgs_generate_messages_nodejs
[5.264s] Scanning dependencies of target roscpp_generate_messages_cpp
[5.279s] [  0%] Built target roscpp_generate_messages_cpp
[5.293s] Scanning dependencies of target actionlib_generate_messages_cpp
[5.307s] [  0%] Built target actionlib_generate_messages_cpp
[5.322s] Scanning dependencies of target geometry_msgs_generate_messages_lisp
[5.337s] [  0%] Built target geometry_msgs_generate_messages_lisp
[5.353s] Scanning dependencies of target pcl_msgs_generate_messages_eus
[5.369s] [  0%] Built target pcl_msgs_generate_messages_eus
[5.383s] Scanning dependencies of target pcl_msgs_generate_messages_nodejs
[5.397s] [  0%] Built target pcl_msgs_generate_messages_nodejs
[5.410s] Scanning dependencies of target nodelet_generate_messages_nodejs
[5.423s] [  0%] Built target nodelet_generate_messages_nodejs
[5.438s] Scanning dependencies of target sensor_msgs_generate_messages_lisp
[5.451s] [  0%] Built target sensor_msgs_generate_messages_lisp
[5.464s] Scanning dependencies of target roscpp_generate_messages_lisp
[5.478s] [  0%] Built target roscpp_generate_messages_lisp
[5.492s] Scanning dependencies of target std_srvs_generate_messages_eus
[5.504s] [  0%] Built target std_srvs_generate_messages_eus
[5.518s] Scanning dependencies of target dynamic_reconfigure_generate_messages_cpp
[5.533s] [  0%] Built target dynamic_reconfigure_generate_messages_cpp
[5.549s] Scanning dependencies of target tf_generate_messages_py
[5.563s] [  0%] Built target tf_generate_messages_py
[5.577s] Scanning dependencies of target std_msgs_generate_messages_cpp
[5.590s] [  0%] Built target std_msgs_generate_messages_cpp
[5.604s] Scanning dependencies of target sensor_msgs_generate_messages_py
[5.617s] [  0%] Built target sensor_msgs_generate_messages_py
[5.630s] Scanning dependencies of target nodelet_generate_messages_py
[5.643s] [  0%] Built target nodelet_generate_messages_py
[5.661s] Scanning dependencies of target actionlib_msgs_generate_messages_eus
[5.675s] [  0%] Built target actionlib_msgs_generate_messages_eus
[5.689s] Scanning dependencies of target roscpp_generate_messages_eus
[5.702s] [  0%] Built target roscpp_generate_messages_eus
[5.716s] Scanning dependencies of target rosgraph_msgs_generate_messages_py
[5.729s] [  0%] Built target rosgraph_msgs_generate_messages_py
[5.743s] Scanning dependencies of target topic_tools_generate_messages_eus
[5.756s] [  0%] Built target topic_tools_generate_messages_eus
[5.769s] Scanning dependencies of target geometry_msgs_generate_messages_nodejs
[5.783s] [  0%] Built target geometry_msgs_generate_messages_nodejs
[5.797s] Scanning dependencies of target autoware_config_msgs_generate_messages_eus
[5.811s] [  0%] Built target autoware_config_msgs_generate_messages_eus
[5.824s] Scanning dependencies of target autoware_config_msgs_generate_messages_lisp
[5.838s] [  0%] Built target autoware_config_msgs_generate_messages_lisp
[5.852s] Scanning dependencies of target pcl_msgs_generate_messages_cpp
[5.865s] [  0%] Built target pcl_msgs_generate_messages_cpp
[5.880s] Scanning dependencies of target dynamic_reconfigure_generate_messages_lisp
[5.894s] [  0%] Built target dynamic_reconfigure_generate_messages_lisp
[5.910s] Scanning dependencies of target sensor_msgs_generate_messages_eus
[5.924s] [  0%] Built target sensor_msgs_generate_messages_eus
[5.938s] Scanning dependencies of target sensor_msgs_generate_messages_cpp
[5.952s] [  0%] Built target sensor_msgs_generate_messages_cpp
[5.966s] Scanning dependencies of target std_msgs_generate_messages_py
[5.980s] [  0%] Built target std_msgs_generate_messages_py
[5.995s] Scanning dependencies of target roscpp_generate_messages_nodejs
[6.009s] [  0%] Built target roscpp_generate_messages_nodejs
[6.024s] Scanning dependencies of target std_msgs_generate_messages_lisp
[6.039s] [  0%] Built target std_msgs_generate_messages_lisp
[6.055s] Scanning dependencies of target bond_generate_messages_lisp
[6.070s] [  0%] Built target bond_generate_messages_lisp
[6.086s] Scanning dependencies of target rosgraph_msgs_generate_messages_eus
[6.100s] [  0%] Built target rosgraph_msgs_generate_messages_eus
[6.114s] Scanning dependencies of target rosgraph_msgs_generate_messages_lisp
[6.127s] [  0%] Built target rosgraph_msgs_generate_messages_lisp
[6.141s] Scanning dependencies of target autoware_config_msgs_generate_messages_cpp
[6.154s] [  0%] Built target autoware_config_msgs_generate_messages_cpp
[6.168s] Scanning dependencies of target rosgraph_msgs_generate_messages_nodejs
[6.182s] [  0%] Built target rosgraph_msgs_generate_messages_nodejs
[6.195s] Scanning dependencies of target pcl_ros_gencfg
[6.209s] [  0%] Built target pcl_ros_gencfg
[6.224s] Scanning dependencies of target topic_tools_generate_messages_nodejs
[6.238s] [  0%] Built target topic_tools_generate_messages_nodejs
[6.253s] Scanning dependencies of target tf2_msgs_generate_messages_py
[6.266s] [  0%] Built target tf2_msgs_generate_messages_py
[6.281s] Scanning dependencies of target actionlib_generate_messages_py
[6.294s] [  0%] Built target actionlib_generate_messages_py
[6.309s] Scanning dependencies of target dynamic_reconfigure_generate_messages_eus
[6.322s] [  0%] Built target dynamic_reconfigure_generate_messages_eus
[6.337s] Scanning dependencies of target dynamic_reconfigure_generate_messages_nodejs
[6.350s] [  0%] Built target dynamic_reconfigure_generate_messages_nodejs
[6.364s] Scanning dependencies of target dynamic_reconfigure_generate_messages_py
[6.378s] [  0%] Built target dynamic_reconfigure_generate_messages_py
[6.391s] Scanning dependencies of target tf2_msgs_generate_messages_lisp
[6.405s] [  0%] Built target tf2_msgs_generate_messages_lisp
[6.419s] Scanning dependencies of target dynamic_reconfigure_gencfg
[6.433s] [  0%] Built target dynamic_reconfigure_gencfg
[6.448s] Scanning dependencies of target nodelet_generate_messages_cpp
[6.463s] [  0%] Built target nodelet_generate_messages_cpp
[6.479s] Scanning dependencies of target bond_generate_messages_py
[6.493s] [  0%] Built target bond_generate_messages_py
[6.508s] Scanning dependencies of target std_srvs_generate_messages_nodejs
[6.522s] [  0%] Built target std_srvs_generate_messages_nodejs
[6.537s] Scanning dependencies of target geometry_msgs_generate_messages_cpp
[6.552s] [  0%] Built target geometry_msgs_generate_messages_cpp
[6.568s] Scanning dependencies of target actionlib_generate_messages_lisp
[6.582s] [  0%] Built target actionlib_generate_messages_lisp
[6.597s] Scanning dependencies of target nodelet_generate_messages_eus
[6.611s] [  0%] Built target nodelet_generate_messages_eus
[6.626s] Scanning dependencies of target nodelet_generate_messages_lisp
[6.640s] [  0%] Built target nodelet_generate_messages_lisp
[6.655s] Scanning dependencies of target bond_generate_messages_cpp
[6.669s] [  0%] Built target bond_generate_messages_cpp
[6.684s] Scanning dependencies of target actionlib_msgs_generate_messages_cpp
[6.698s] [  0%] Built target actionlib_msgs_generate_messages_cpp
[6.713s] Scanning dependencies of target tf_generate_messages_eus
[6.728s] [  0%] Built target tf_generate_messages_eus
[6.743s] Scanning dependencies of target autoware_config_msgs_generate_messages_py
[6.757s] [  0%] Built target autoware_config_msgs_generate_messages_py
[6.772s] Scanning dependencies of target bond_generate_messages_nodejs
[6.786s] [  0%] Built target bond_generate_messages_nodejs
[6.802s] Scanning dependencies of target points_downsampler_generate_messages_lisp
[6.816s] [  6%] Generating Lisp code from points_downsampler/PointsDownsamplerInfo.msg
[6.869s] [  6%] Built target points_downsampler_generate_messages_lisp
[6.884s] Scanning dependencies of target actionlib_msgs_generate_messages_nodejs
[6.897s] [  6%] Built target actionlib_msgs_generate_messages_nodejs
[6.912s] Scanning dependencies of target topic_tools_generate_messages_py
[6.925s] [  6%] Built target topic_tools_generate_messages_py
[6.939s] Scanning dependencies of target nodelet_topic_tools_gencfg
[6.952s] [  6%] Built target nodelet_topic_tools_gencfg
[6.967s] Scanning dependencies of target std_srvs_generate_messages_lisp
[6.980s] [  6%] Built target std_srvs_generate_messages_lisp
[6.995s] Scanning dependencies of target topic_tools_generate_messages_lisp
[7.008s] [  6%] Built target topic_tools_generate_messages_lisp
[7.022s] Scanning dependencies of target std_srvs_generate_messages_cpp
[7.035s] [  6%] Built target std_srvs_generate_messages_cpp
[7.049s] Scanning dependencies of target std_srvs_generate_messages_py
[7.063s] [  6%] Built target std_srvs_generate_messages_py
[7.079s] Scanning dependencies of target tf_generate_messages_lisp
[7.094s] [  6%] Built target tf_generate_messages_lisp
[7.108s] Scanning dependencies of target points_downsampler_generate_messages_cpp
[7.122s] [ 13%] Generating C++ code from points_downsampler/PointsDownsamplerInfo.msg
[7.291s] [ 13%] Built target points_downsampler_generate_messages_cpp
[7.306s] Scanning dependencies of target autoware_config_msgs_generate_messages_nodejs
[7.319s] [ 13%] Built target autoware_config_msgs_generate_messages_nodejs
[7.333s] Scanning dependencies of target tf_generate_messages_nodejs
[7.347s] [ 13%] Built target tf_generate_messages_nodejs
[7.361s] Scanning dependencies of target diagnostic_msgs_generate_messages_cpp
[7.375s] [ 13%] Built target diagnostic_msgs_generate_messages_cpp
[7.389s] Scanning dependencies of target pcl_msgs_generate_messages_py
[7.404s] [ 13%] Built target pcl_msgs_generate_messages_py
[7.419s] Scanning dependencies of target actionlib_generate_messages_eus
[7.433s] [ 13%] Built target actionlib_generate_messages_eus
[7.448s] Scanning dependencies of target pcl_msgs_generate_messages_lisp
[7.462s] [ 13%] Built target pcl_msgs_generate_messages_lisp
[7.483s] Scanning dependencies of target tf_generate_messages_cpp
[7.498s] [ 13%] Built target tf_generate_messages_cpp
[7.513s] Scanning dependencies of target points_downsampler_generate_messages_nodejs
[7.527s] [ 20%] Generating Javascript code from points_downsampler/PointsDownsamplerInfo.msg
[7.587s] [ 20%] Built target points_downsampler_generate_messages_nodejs
[7.606s] Scanning dependencies of target points_downsampler_generate_messages_eus
[7.623s] [ 26%] Generating EusLisp code from points_downsampler/PointsDownsamplerInfo.msg
[7.713s] [ 33%] Generating EusLisp manifest code for points_downsampler
[8.905s] [ 33%] Built target points_downsampler_generate_messages_eus
[8.920s] Scanning dependencies of target points_downsampler_generate_messages_py
[8.935s] [ 40%] Generating Python from MSG points_downsampler/PointsDownsamplerInfo
[9.069s] [ 46%] Generating Python msg __init__.py for points_downsampler
[9.202s] [ 46%] Built target points_downsampler_generate_messages_py
[9.277s] Scanning dependencies of target random_filter
[9.309s] [ 53%] Building CXX object CMakeFiles/random_filter.dir/nodes/random_filter/random_filter.cpp.o
[14.699s] /home/autoware/Autoware/src/autoware/core_perception/points_downsampler/nodes/random_filter/random_filter.cpp: In function ‘void scan_callback(const ConstPtr&)’:
[14.699s] /home/autoware/Autoware/src/autoware/core_perception/points_downsampler/nodes/random_filter/random_filter.cpp:74:25: warning: comparison between signed and unsigned integer expressions [-Wsign-compare]
[14.699s]    if(scan.points.size() >= sample_num)
[14.699s]       ~~~~~~~~~~~~~~~~~~~^~~~~~~~~~~~~
[19.998s] [ 60%] Linking CXX executable devel/lib/points_downsampler/random_filter
[20.512s] [ 60%] Built target random_filter
[20.591s] Scanning dependencies of target distance_filter
[20.623s] [ 66%] Building CXX object CMakeFiles/distance_filter.dir/nodes/distance_filter/distance_filter.cpp.o
[32.574s] [ 73%] Linking CXX executable devel/lib/points_downsampler/distance_filter
[33.126s] [ 73%] Built target distance_filter
[33.201s] Scanning dependencies of target ring_filter
[33.236s] [ 80%] Building CXX object CMakeFiles/ring_filter.dir/nodes/ring_filter/ring_filter.cpp.o
[45.261s] [ 86%] Linking CXX executable devel/lib/points_downsampler/ring_filter
[47.345s] [ 86%] Built target ring_filter
[47.360s] Scanning dependencies of target points_downsampler_generate_messages
[47.375s] [ 86%] Built target points_downsampler_generate_messages
[47.453s] Scanning dependencies of target voxel_grid_filter
[47.486s] [ 93%] Building CXX object CMakeFiles/voxel_grid_filter.dir/nodes/voxel_grid_filter/voxel_grid_filter.cpp.o
[59.360s] [100%] Linking CXX executable devel/lib/points_downsampler/voxel_grid_filter
[61.486s] [100%] Built target voxel_grid_filter
[61.503s] Invoked command in '/home/autoware/Autoware/build/points_downsampler' returned '0': CMAKE_PREFIX_PATH=/home/autoware/Autoware/install/autoware_config_msgs:/home/autoware/Autoware/install/autoware_build_flags:${CMAKE_PREFIX_PATH} PKG_CONFIG_PATH=/home/autoware/Autoware/install/autoware_config_msgs/lib/x86_64-linux-gnu/pkgconfig:/home/autoware/Autoware/install/autoware_config_msgs/lib/pkgconfig:/home/autoware/Autoware/install/autoware_build_flags/lib/x86_64-linux-gnu/pkgconfig:/home/autoware/Autoware/install/autoware_build_flags/lib/pkgconfig:${PKG_CONFIG_PATH} PYTHONPATH=/home/autoware/Autoware/install/autoware_config_msgs/lib/python2.7/dist-packages:${PYTHONPATH} ROS_PACKAGE_PATH=/home/autoware/Autoware/install/autoware_config_msgs/share:/home/autoware/Autoware/install/autoware_build_flags/share:${ROS_PACKAGE_PATH} /usr/bin/cmake --build /home/autoware/Autoware/build/points_downsampler -- -j2 -l2
[61.690s] Invoking command in '/home/autoware/Autoware/build/points_downsampler': CMAKE_PREFIX_PATH=/home/autoware/Autoware/install/autoware_config_msgs:/home/autoware/Autoware/install/autoware_build_flags:${CMAKE_PREFIX_PATH} PKG_CONFIG_PATH=/home/autoware/Autoware/install/autoware_config_msgs/lib/x86_64-linux-gnu/pkgconfig:/home/autoware/Autoware/install/autoware_config_msgs/lib/pkgconfig:/home/autoware/Autoware/install/autoware_build_flags/lib/x86_64-linux-gnu/pkgconfig:/home/autoware/Autoware/install/autoware_build_flags/lib/pkgconfig:${PKG_CONFIG_PATH} PYTHONPATH=/home/autoware/Autoware/install/autoware_config_msgs/lib/python2.7/dist-packages:${PYTHONPATH} ROS_PACKAGE_PATH=/home/autoware/Autoware/install/autoware_config_msgs/share:/home/autoware/Autoware/install/autoware_build_flags/share:${ROS_PACKAGE_PATH} /usr/bin/cmake --build /home/autoware/Autoware/build/points_downsampler --target tests -- -j2 -l2
[61.782s] Scanning dependencies of target tests
[61.796s] Built target tests
[61.812s] Invoked command in '/home/autoware/Autoware/build/points_downsampler' returned '0': CMAKE_PREFIX_PATH=/home/autoware/Autoware/install/autoware_config_msgs:/home/autoware/Autoware/install/autoware_build_flags:${CMAKE_PREFIX_PATH} PKG_CONFIG_PATH=/home/autoware/Autoware/install/autoware_config_msgs/lib/x86_64-linux-gnu/pkgconfig:/home/autoware/Autoware/install/autoware_config_msgs/lib/pkgconfig:/home/autoware/Autoware/install/autoware_build_flags/lib/x86_64-linux-gnu/pkgconfig:/home/autoware/Autoware/install/autoware_build_flags/lib/pkgconfig:${PKG_CONFIG_PATH} PYTHONPATH=/home/autoware/Autoware/install/autoware_config_msgs/lib/python2.7/dist-packages:${PYTHONPATH} ROS_PACKAGE_PATH=/home/autoware/Autoware/install/autoware_config_msgs/share:/home/autoware/Autoware/install/autoware_build_flags/share:${ROS_PACKAGE_PATH} /usr/bin/cmake --build /home/autoware/Autoware/build/points_downsampler --target tests -- -j2 -l2
[61.999s] Invoking command in '/home/autoware/Autoware/build/points_downsampler': CMAKE_PREFIX_PATH=/home/autoware/Autoware/install/autoware_config_msgs:/home/autoware/Autoware/install/autoware_build_flags:${CMAKE_PREFIX_PATH} PKG_CONFIG_PATH=/home/autoware/Autoware/install/autoware_config_msgs/lib/x86_64-linux-gnu/pkgconfig:/home/autoware/Autoware/install/autoware_config_msgs/lib/pkgconfig:/home/autoware/Autoware/install/autoware_build_flags/lib/x86_64-linux-gnu/pkgconfig:/home/autoware/Autoware/install/autoware_build_flags/lib/pkgconfig:${PKG_CONFIG_PATH} PYTHONPATH=/home/autoware/Autoware/install/autoware_config_msgs/lib/python2.7/dist-packages:${PYTHONPATH} ROS_PACKAGE_PATH=/home/autoware/Autoware/install/autoware_config_msgs/share:/home/autoware/Autoware/install/autoware_build_flags/share:${ROS_PACKAGE_PATH} /usr/bin/cmake --build /home/autoware/Autoware/build/points_downsampler --target install -- -j2 -l2
[62.077s] [  0%] Built target actionlib_generate_messages_nodejs
[62.104s] [  0%] Built target std_msgs_generate_messages_nodejs
[62.163s] [  0%] Built target _points_downsampler_generate_messages_check_deps_PointsDownsamplerInfo
[62.191s] [  0%] Built target std_msgs_generate_messages_eus
[62.218s] [  0%] Built target velodyne_msgs_generate_messages_py
[62.248s] [  0%] Built target velodyne_msgs_generate_messages_nodejs
[62.277s] [  0%] Built target velodyne_msgs_generate_messages_lisp
[62.304s] [  0%] Built target velodyne_msgs_generate_messages_eus
[62.330s] [  0%] Built target velodyne_msgs_generate_messages_cpp
[62.357s] [  0%] Built target diagnostic_msgs_generate_messages_py
[62.384s] [  0%] Built target diagnostic_msgs_generate_messages_nodejs
[62.411s] [  0%] Built target diagnostic_msgs_generate_messages_lisp
[62.441s] [  0%] Built target diagnostic_msgs_generate_messages_eus
[62.472s] [  0%] Built target velodyne_driver_gencfg
[62.499s] [  0%] Built target velodyne_pointcloud_gencfg
[62.526s] [  0%] Built target tf2_msgs_generate_messages_nodejs
[62.553s] [  0%] Built target tf2_msgs_generate_messages_eus
[62.582s] [  0%] Built target tf2_msgs_generate_messages_cpp
[62.609s] [  0%] Built target actionlib_msgs_generate_messages_py
[62.635s] [  0%] Built target actionlib_msgs_generate_messages_lisp
[62.663s] [  0%] Built target rosgraph_msgs_generate_messages_cpp
[62.689s] [  0%] Built target topic_tools_generate_messages_cpp
[62.716s] [  0%] Built target geometry_msgs_generate_messages_eus
[62.743s] [  0%] Built target geometry_msgs_generate_messages_py
[62.771s] [  0%] Built target bond_generate_messages_eus
[62.798s] [  0%] Built target roscpp_generate_messages_py
[62.825s] [  0%] Built target sensor_msgs_generate_messages_nodejs
[62.852s] [  0%] Built target roscpp_generate_messages_cpp
[62.879s] [  0%] Built target actionlib_generate_messages_cpp
[62.905s] [  0%] Built target geometry_msgs_generate_messages_lisp
[62.932s] [  0%] Built target pcl_msgs_generate_messages_eus
[62.960s] [  0%] Built target pcl_msgs_generate_messages_nodejs
[62.988s] [  0%] Built target nodelet_generate_messages_nodejs
[63.017s] [  0%] Built target sensor_msgs_generate_messages_lisp
[63.045s] [  0%] Built target roscpp_generate_messages_lisp
[63.074s] [  0%] Built target std_srvs_generate_messages_eus
[63.102s] [  0%] Built target dynamic_reconfigure_generate_messages_cpp
[63.130s] [  0%] Built target tf_generate_messages_py
[63.157s] [  0%] Built target std_msgs_generate_messages_cpp
[63.184s] [  0%] Built target sensor_msgs_generate_messages_py
[63.211s] [  0%] Built target nodelet_generate_messages_py
[63.238s] [  0%] Built target actionlib_msgs_generate_messages_eus
[63.265s] [  0%] Built target roscpp_generate_messages_eus
[63.292s] [  0%] Built target rosgraph_msgs_generate_messages_py
[63.320s] [  0%] Built target topic_tools_generate_messages_eus
[63.347s] [  0%] Built target geometry_msgs_generate_messages_nodejs
[63.374s] [  0%] Built target autoware_config_msgs_generate_messages_eus
[63.407s] [  0%] Built target autoware_config_msgs_generate_messages_lisp
[63.435s] [  0%] Built target pcl_msgs_generate_messages_cpp
[63.464s] [  0%] Built target dynamic_reconfigure_generate_messages_lisp
[63.492s] [  0%] Built target sensor_msgs_generate_messages_eus
[63.520s] [  0%] Built target sensor_msgs_generate_messages_cpp
[63.548s] [  0%] Built target std_msgs_generate_messages_py
[63.578s] [  0%] Built target roscpp_generate_messages_nodejs
[63.606s] [  0%] Built target std_msgs_generate_messages_lisp
[63.633s] [  0%] Built target bond_generate_messages_lisp
[63.659s] [  0%] Built target rosgraph_msgs_generate_messages_eus
[63.688s] [  0%] Built target rosgraph_msgs_generate_messages_lisp
[63.716s] [  0%] Built target autoware_config_msgs_generate_messages_cpp
[63.747s] [  0%] Built target rosgraph_msgs_generate_messages_nodejs
[63.783s] [  0%] Built target pcl_ros_gencfg
[63.811s] [  0%] Built target topic_tools_generate_messages_nodejs
[63.840s] [  0%] Built target tf2_msgs_generate_messages_py
[63.872s] [  0%] Built target actionlib_generate_messages_py
[63.899s] [  0%] Built target dynamic_reconfigure_generate_messages_eus
[63.925s] [  0%] Built target dynamic_reconfigure_generate_messages_nodejs
[63.952s] [  0%] Built target dynamic_reconfigure_generate_messages_py
[63.980s] [  0%] Built target tf2_msgs_generate_messages_lisp
[64.011s] [  0%] Built target dynamic_reconfigure_gencfg
[64.040s] [  0%] Built target nodelet_generate_messages_cpp
[64.066s] [  0%] Built target bond_generate_messages_py
[64.094s] [  0%] Built target std_srvs_generate_messages_nodejs
[64.122s] [  0%] Built target geometry_msgs_generate_messages_cpp
[64.151s] [  0%] Built target actionlib_generate_messages_lisp
[64.180s] [  0%] Built target nodelet_generate_messages_eus
[64.210s] [  0%] Built target nodelet_generate_messages_lisp
[64.240s] [  0%] Built target bond_generate_messages_cpp
[64.273s] [  0%] Built target actionlib_msgs_generate_messages_cpp
[64.304s] [  0%] Built target tf_generate_messages_eus
[64.336s] [  0%] Built target autoware_config_msgs_generate_messages_py
[64.364s] [  0%] Built target bond_generate_messages_nodejs
[64.392s] [  6%] Built target points_downsampler_generate_messages_lisp
[64.420s] [  6%] Built target actionlib_msgs_generate_messages_nodejs
[64.446s] [  6%] Built target topic_tools_generate_messages_py
[64.474s] [  6%] Built target nodelet_topic_tools_gencfg
[64.504s] [  6%] Built target std_srvs_generate_messages_lisp
[64.531s] [  6%] Built target topic_tools_generate_messages_lisp
[64.562s] [  6%] Built target std_srvs_generate_messages_cpp
[64.590s] [  6%] Built target std_srvs_generate_messages_py
[64.618s] [  6%] Built target tf_generate_messages_lisp
[64.645s] [ 13%] Built target points_downsampler_generate_messages_cpp
[64.675s] [ 13%] Built target autoware_config_msgs_generate_messages_nodejs
[64.702s] [ 13%] Built target tf_generate_messages_nodejs
[64.730s] [ 13%] Built target diagnostic_msgs_generate_messages_cpp
[64.759s] [ 13%] Built target pcl_msgs_generate_messages_py
[64.787s] [ 13%] Built target actionlib_generate_messages_eus
[64.818s] [ 13%] Built target pcl_msgs_generate_messages_lisp
[64.848s] [ 13%] Built target tf_generate_messages_cpp
[64.879s] [ 20%] Built target points_downsampler_generate_messages_nodejs
[64.910s] [ 33%] Built target points_downsampler_generate_messages_eus
[64.937s] [ 46%] Built target points_downsampler_generate_messages_py
[64.989s] [ 60%] Built target random_filter
[65.039s] [ 73%] Built target distance_filter
[65.090s] [ 86%] Built target ring_filter
[65.119s] [ 86%] Built target points_downsampler_generate_messages
[65.169s] [100%] Built target voxel_grid_filter
[65.200s] Install the project...
[65.211s] -- Install configuration: "Release"
[65.212s] -- Installing: /home/autoware/Autoware/install/points_downsampler/share/points_downsampler/msg/PointsDownsamplerInfo.msg
[65.212s] -- Installing: /home/autoware/Autoware/install/points_downsampler/share/points_downsampler/cmake/points_downsampler-msg-paths.cmake
[65.213s] -- Installing: /home/autoware/Autoware/install/points_downsampler/include/points_downsampler
[65.213s] -- Installing: /home/autoware/Autoware/install/points_downsampler/include/points_downsampler/PointsDownsamplerInfo.h
[65.213s] -- Installing: /home/autoware/Autoware/install/points_downsampler/share/roseus/ros/points_downsampler
[65.214s] -- Installing: /home/autoware/Autoware/install/points_downsampler/share/roseus/ros/points_downsampler/msg
[65.214s] -- Installing: /home/autoware/Autoware/install/points_downsampler/share/roseus/ros/points_downsampler/msg/PointsDownsamplerInfo.l
[65.215s] -- Installing: /home/autoware/Autoware/install/points_downsampler/share/roseus/ros/points_downsampler/manifest.l
[65.215s] -- Installing: /home/autoware/Autoware/install/points_downsampler/share/common-lisp/ros/points_downsampler
[65.215s] -- Installing: /home/autoware/Autoware/install/points_downsampler/share/common-lisp/ros/points_downsampler/msg
[65.216s] -- Installing: /home/autoware/Autoware/install/points_downsampler/share/common-lisp/ros/points_downsampler/msg/_package.lisp
[65.216s] -- Installing: /home/autoware/Autoware/install/points_downsampler/share/common-lisp/ros/points_downsampler/msg/_package_PointsDownsamplerInfo.lisp
[65.217s] -- Installing: /home/autoware/Autoware/install/points_downsampler/share/common-lisp/ros/points_downsampler/msg/PointsDownsamplerInfo.lisp
[65.217s] -- Installing: /home/autoware/Autoware/install/points_downsampler/share/common-lisp/ros/points_downsampler/msg/points_downsampler-msg.asd
[65.217s] -- Installing: /home/autoware/Autoware/install/points_downsampler/share/gennodejs/ros/points_downsampler
[65.218s] -- Installing: /home/autoware/Autoware/install/points_downsampler/share/gennodejs/ros/points_downsampler/msg
[65.218s] -- Installing: /home/autoware/Autoware/install/points_downsampler/share/gennodejs/ros/points_downsampler/msg/PointsDownsamplerInfo.js
[65.219s] -- Installing: /home/autoware/Autoware/install/points_downsampler/share/gennodejs/ros/points_downsampler/msg/_index.js
[65.219s] -- Installing: /home/autoware/Autoware/install/points_downsampler/share/gennodejs/ros/points_downsampler/_index.js
[65.237s] Listing /home/autoware/Autoware/build/points_downsampler/devel/lib/python2.7/dist-packages/points_downsampler ...
[65.237s] Compiling /home/autoware/Autoware/build/points_downsampler/devel/lib/python2.7/dist-packages/points_downsampler/__init__.py ...
[65.238s] Listing /home/autoware/Autoware/build/points_downsampler/devel/lib/python2.7/dist-packages/points_downsampler/msg ...
[65.238s] Compiling /home/autoware/Autoware/build/points_downsampler/devel/lib/python2.7/dist-packages/points_downsampler/msg/_PointsDownsamplerInfo.py ...
[65.238s] Compiling /home/autoware/Autoware/build/points_downsampler/devel/lib/python2.7/dist-packages/points_downsampler/msg/__init__.py ...
[65.242s] -- Installing: /home/autoware/Autoware/install/points_downsampler/lib/python2.7/dist-packages/points_downsampler
[65.242s] -- Installing: /home/autoware/Autoware/install/points_downsampler/lib/python2.7/dist-packages/points_downsampler/msg
[65.242s] -- Installing: /home/autoware/Autoware/install/points_downsampler/lib/python2.7/dist-packages/points_downsampler/msg/__init__.pyc
[65.242s] -- Installing: /home/autoware/Autoware/install/points_downsampler/lib/python2.7/dist-packages/points_downsampler/msg/_PointsDownsamplerInfo.pyc
[65.242s] -- Installing: /home/autoware/Autoware/install/points_downsampler/lib/python2.7/dist-packages/points_downsampler/msg/_PointsDownsamplerInfo.py
[65.243s] -- Installing: /home/autoware/Autoware/install/points_downsampler/lib/python2.7/dist-packages/points_downsampler/msg/__init__.py
[65.243s] -- Installing: /home/autoware/Autoware/install/points_downsampler/lib/python2.7/dist-packages/points_downsampler/__init__.pyc
[65.243s] -- Installing: /home/autoware/Autoware/install/points_downsampler/lib/python2.7/dist-packages/points_downsampler/__init__.py
[65.243s] -- Installing: /home/autoware/Autoware/install/points_downsampler/lib/pkgconfig/points_downsampler.pc
[65.243s] -- Installing: /home/autoware/Autoware/install/points_downsampler/share/points_downsampler/cmake/points_downsampler-msg-extras.cmake
[65.243s] -- Installing: /home/autoware/Autoware/install/points_downsampler/share/points_downsampler/cmake/points_downsamplerConfig.cmake
[65.243s] -- Installing: /home/autoware/Autoware/install/points_downsampler/share/points_downsampler/cmake/points_downsamplerConfig-version.cmake
[65.243s] -- Installing: /home/autoware/Autoware/install/points_downsampler/share/points_downsampler/package.xml
[65.244s] -- Installing: /home/autoware/Autoware/install/points_downsampler/lib/points_downsampler/voxel_grid_filter
[65.252s] -- Set runtime path of "/home/autoware/Autoware/install/points_downsampler/lib/points_downsampler/voxel_grid_filter" to ""
[65.253s] -- Installing: /home/autoware/Autoware/install/points_downsampler/lib/points_downsampler/ring_filter
[65.262s] -- Set runtime path of "/home/autoware/Autoware/install/points_downsampler/lib/points_downsampler/ring_filter" to ""
[65.262s] -- Installing: /home/autoware/Autoware/install/points_downsampler/lib/points_downsampler/distance_filter
[65.271s] -- Set runtime path of "/home/autoware/Autoware/install/points_downsampler/lib/points_downsampler/distance_filter" to ""
[65.271s] -- Installing: /home/autoware/Autoware/install/points_downsampler/lib/points_downsampler/random_filter
[65.278s] -- Set runtime path of "/home/autoware/Autoware/install/points_downsampler/lib/points_downsampler/random_filter" to ""
[65.278s] -- Installing: /home/autoware/Autoware/install/points_downsampler/share/points_downsampler/launch
[65.279s] -- Installing: /home/autoware/Autoware/install/points_downsampler/share/points_downsampler/launch/points_downsample.launch
[65.286s] Invoked command in '/home/autoware/Autoware/build/points_downsampler' returned '0': CMAKE_PREFIX_PATH=/home/autoware/Autoware/install/autoware_config_msgs:/home/autoware/Autoware/install/autoware_build_flags:${CMAKE_PREFIX_PATH} PKG_CONFIG_PATH=/home/autoware/Autoware/install/autoware_config_msgs/lib/x86_64-linux-gnu/pkgconfig:/home/autoware/Autoware/install/autoware_config_msgs/lib/pkgconfig:/home/autoware/Autoware/install/autoware_build_flags/lib/x86_64-linux-gnu/pkgconfig:/home/autoware/Autoware/install/autoware_build_flags/lib/pkgconfig:${PKG_CONFIG_PATH} PYTHONPATH=/home/autoware/Autoware/install/autoware_config_msgs/lib/python2.7/dist-packages:${PYTHONPATH} ROS_PACKAGE_PATH=/home/autoware/Autoware/install/autoware_config_msgs/share:/home/autoware/Autoware/install/autoware_build_flags/share:${ROS_PACKAGE_PATH} /usr/bin/cmake --build /home/autoware/Autoware/build/points_downsampler --target install -- -j2 -l2
