[0.036s] Invoking command in '/home/autoware/Autoware/build/map_file': CMAKE_PREFIX_PATH=/home/autoware/Autoware/install/lanelet2_extension:/home/autoware/Autoware/install/vector_map:/home/autoware/Autoware/install/amathutils_lib:/home/autoware/Autoware/install/vector_map_msgs:/home/autoware/Autoware/install/autoware_msgs:/home/autoware/Autoware/install/autoware_lanelet2_msgs:/home/autoware/Autoware/install/autoware_build_flags:${CMAKE_PREFIX_PATH} LD_LIBRARY_PATH=/home/autoware/Autoware/install/lanelet2_extension/lib:/home/autoware/Autoware/install/vector_map/lib:/home/autoware/Autoware/install/amathutils_lib/lib:${LD_LIBRARY_PATH} PKG_CONFIG_PATH=/home/autoware/Autoware/install/lanelet2_extension/lib/x86_64-linux-gnu/pkgconfig:/home/autoware/Autoware/install/lanelet2_extension/lib/pkgconfig:/home/autoware/Autoware/install/vector_map/lib/x86_64-linux-gnu/pkgconfig:/home/autoware/Autoware/install/vector_map/lib/pkgconfig:/home/autoware/Autoware/install/amathutils_lib/lib/x86_64-linux-gnu/pkgconfig:/home/autoware/Autoware/install/amathutils_lib/lib/pkgconfig:/home/autoware/Autoware/install/vector_map_msgs/lib/x86_64-linux-gnu/pkgconfig:/home/autoware/Autoware/install/vector_map_msgs/lib/pkgconfig:/home/autoware/Autoware/install/autoware_msgs/lib/x86_64-linux-gnu/pkgconfig:/home/autoware/Autoware/install/autoware_msgs/lib/pkgconfig:/home/autoware/Autoware/install/autoware_lanelet2_msgs/lib/x86_64-linux-gnu/pkgconfig:/home/autoware/Autoware/install/autoware_lanelet2_msgs/lib/pkgconfig:/home/autoware/Autoware/install/autoware_build_flags/lib/x86_64-linux-gnu/pkgconfig:/home/autoware/Autoware/install/autoware_build_flags/lib/pkgconfig:${PKG_CONFIG_PATH} PYTHONPATH=/home/autoware/Autoware/install/vector_map_msgs/lib/python2.7/dist-packages:/home/autoware/Autoware/install/autoware_msgs/lib/python2.7/dist-packages:/home/autoware/Autoware/install/autoware_lanelet2_msgs/lib/python2.7/dist-packages:${PYTHONPATH} ROS_PACKAGE_PATH=/home/autoware/Autoware/install/lanelet2_extension/share:/home/autoware/Autoware/install/vector_map/share:/home/autoware/Autoware/install/amathutils_lib/share:/home/autoware/Autoware/install/vector_map_msgs/share:/home/autoware/Autoware/install/autoware_msgs/share:/home/autoware/Autoware/install/autoware_lanelet2_msgs/share:/home/autoware/Autoware/install/autoware_build_flags/share:${ROS_PACKAGE_PATH} /usr/bin/cmake /home/autoware/Autoware/src/autoware/common/map_file -DCMAKE_BUILD_TYPE=Release -DCATKIN_INSTALL_INTO_PREFIX_ROOT=0 -DCMAKE_INSTALL_PREFIX=/home/autoware/Autoware/install/map_file
[0.127s] -- The C compiler identification is GNU 7.5.0
[0.212s] -- The CXX compiler identification is GNU 7.5.0
[0.218s] -- Check for working C compiler: /usr/bin/cc
[0.310s] -- Check for working C compiler: /usr/bin/cc -- works
[0.310s] -- Detecting C compiler ABI info
[0.402s] -- Detecting C compiler ABI info - done
[0.410s] -- Detecting C compile features
[0.678s] -- Detecting C compile features - done
[0.682s] -- Check for working CXX compiler: /usr/bin/c++
[0.786s] -- Check for working CXX compiler: /usr/bin/c++ -- works
[0.787s] -- Detecting CXX compiler ABI info
[0.902s] -- Detecting CXX compiler ABI info - done
[0.906s] -- Detecting CXX compile features
[1.384s] -- Detecting CXX compile features - done
[1.387s] -- CUDA compilation status: ON.
[1.390s] -- Using CATKIN_DEVEL_PREFIX: /home/autoware/Autoware/build/map_file/devel
[1.390s] -- Using CMAKE_PREFIX_PATH: /home/autoware/Autoware/install/lanelet2_extension;/home/autoware/Autoware/install/vector_map;/home/autoware/Autoware/install/amathutils_lib;/home/autoware/Autoware/install/vector_map_msgs;/home/autoware/Autoware/install/autoware_msgs;/home/autoware/Autoware/install/autoware_lanelet2_msgs;/home/autoware/Autoware/install/autoware_build_flags;/opt/ros/melodic
[1.391s] -- This workspace overlays: /home/autoware/Autoware/install/lanelet2_extension;/home/autoware/Autoware/install/vector_map;/home/autoware/Autoware/install/amathutils_lib;/home/autoware/Autoware/install/vector_map_msgs;/home/autoware/Autoware/install/autoware_msgs;/home/autoware/Autoware/install/autoware_lanelet2_msgs;/home/autoware/Autoware/install/autoware_build_flags;/opt/ros/melodic
[1.410s] -- Found PythonInterp: /usr/bin/python2 (found suitable version "2.7.17", minimum required is "2") 
[1.412s] -- Using PYTHON_EXECUTABLE: /usr/bin/python2
[1.412s] -- Using Debian Python package layout
[1.413s] -- Using empy: /usr/bin/empy
[1.580s] -- Using CATKIN_ENABLE_TESTING: ON
[1.581s] -- Call enable_testing()
[1.586s] -- Using CATKIN_TEST_RESULTS_DIR: /home/autoware/Autoware/build/map_file/test_results
[1.614s] -- Found gtest sources under '/usr/src/googletest': gtests will be built
[1.614s] -- Found gmock sources under '/usr/src/googletest': gmock will be built
[1.634s] -- Found PythonInterp: /usr/bin/python2 (found version "2.7.17") 
[1.635s] -- Looking for pthread.h
[1.754s] -- Looking for pthread.h - found
[1.755s] -- Looking for pthread_create
[1.854s] -- Looking for pthread_create - not found
[1.855s] -- Looking for pthread_create in pthreads
[1.938s] -- Looking for pthread_create in pthreads - not found
[1.939s] -- Looking for pthread_create in pthread
[2.028s] -- Looking for pthread_create in pthread - found
[2.029s] -- Found Threads: TRUE  
[2.035s] -- Using Python nosetests: /usr/bin/nosetests-2.7
[2.086s] -- catkin 0.7.26
[2.086s] -- BUILD_SHARED_LIBS is on
[2.330s] -- Using these message generators: gencpp;geneus;genlisp;gennodejs;genpy
[2.679s] -- Boost version: 1.65.1
[2.679s] -- Found the following Boost libraries:
[2.679s] --   wserialization
[2.679s] --   thread
[2.679s] --   random
[2.679s] --   serialization
[2.680s] --   log_setup
[2.680s] --   prg_exec_monitor
[2.680s] --   wave
[2.680s] --   system
[2.680s] --   chrono
[2.680s] --   filesystem
[2.680s] --   locale
[2.680s] --   timer
[2.680s] --   date_time
[2.681s] --   regex
[2.681s] --   graph
[2.681s] --   program_options
[2.681s] --   unit_test_framework
[2.681s] --   log
[2.681s] --   atomic
[3.018s] -- Found OpenMP_C: -fopenmp (found version "4.5") 
[3.132s] -- Found OpenMP_CXX: -fopenmp (found version "4.5") 
[3.133s] -- Found OpenMP: TRUE (found version "4.5")  
[3.148s] -- Found pugixml: /usr/lib/x86_64-linux-gnu/libpugixml.so  
[3.170s] -- Found PkgConfig: /usr/bin/pkg-config (found version "0.29.1") 
[3.174s] -- Found GeographicLib: /usr/lib/x86_64-linux-gnu/libGeographic.so  
[4.398s] -- Checking for module 'eigen3'
[4.423s] --   Found eigen3, version 3.3.7
[4.494s] -- Found eigen: /usr/local/include/eigen3  
[4.553s] -- Boost version: 1.65.1
[4.553s] -- Found the following Boost libraries:
[4.554s] --   system
[4.554s] --   filesystem
[4.554s] --   thread
[4.554s] --   date_time
[4.554s] --   iostreams
[4.555s] --   serialization
[4.555s] --   chrono
[4.555s] --   atomic
[4.556s] --   regex
[4.558s] -- Checking for module 'libopenni'
[4.583s] --   Found libopenni, version 1.5.4.0
[4.654s] -- Found openni: /usr/lib/libOpenNI.so  
[4.656s] -- Checking for module 'libopenni2'
[4.682s] --   Found libopenni2, version 2.2.0.3
[4.753s] -- Found OpenNI2: /usr/lib/libOpenNI2.so  
[4.760s] -- Could NOT find ensenso (missing: ENSENSO_LIBRARY ENSENSO_INCLUDE_DIR) 
[4.761s] ** WARNING ** io features related to ensenso will be disabled
[4.765s] -- Could NOT find DAVIDSDK (missing: DAVIDSDK_LIBRARY DAVIDSDK_INCLUDE_DIR) 
[4.766s] ** WARNING ** io features related to davidSDK will be disabled
[4.767s] -- Could NOT find DSSDK (missing: _DSSDK_LIBRARIES) 
[4.768s] ** WARNING ** io features related to dssdk will be disabled
[4.769s] ** WARNING ** io features related to pcap will be disabled
[4.769s] ** WARNING ** io features related to png will be disabled
[4.846s] -- The imported target "vtkRenderingPythonTkWidgets" references the file
[4.846s]    "/usr/lib/x86_64-linux-gnu/libvtkRenderingPythonTkWidgets.so"
[4.846s] but this file does not exist.  Possible reasons include:
[4.847s] * The file was deleted, renamed, or moved to another location.
[4.847s] * An install or uninstall procedure did not complete successfully.
[4.847s] * The installation package was faulty and contained
[4.847s]    "/usr/lib/cmake/vtk-6.3/VTKTargets.cmake"
[4.847s] but not all the files it references.
[4.847s] 
[4.847s] -- The imported target "vtk" references the file
[4.847s]    "/usr/bin/vtk"
[4.847s] but this file does not exist.  Possible reasons include:
[4.847s] * The file was deleted, renamed, or moved to another location.
[4.847s] * An install or uninstall procedure did not complete successfully.
[4.847s] * The installation package was faulty and contained
[4.848s]    "/usr/lib/cmake/vtk-6.3/VTKTargets.cmake"
[4.848s] but not all the files it references.
[4.848s] 
[4.990s] -- Found libusb-1.0: /usr/include  
[4.990s] -- looking for PCL_COMMON
[4.990s] ** WARNING ** io features related to libusb-1.0 will be disabled
[4.990s] -- Found PCL_COMMON: /usr/lib/x86_64-linux-gnu/libpcl_common.so  
[4.991s] -- looking for PCL_OCTREE
[4.992s] -- Found PCL_OCTREE: /usr/lib/x86_64-linux-gnu/libpcl_octree.so  
[4.992s] -- looking for PCL_IO
[4.994s] -- Found PCL_IO: /usr/lib/x86_64-linux-gnu/libpcl_io.so  
[5.005s] -- Found PCL: /usr/lib/x86_64-linux-gnu/libboost_system.so;/usr/lib/x86_64-linux-gnu/libboost_filesystem.so;/usr/lib/x86_64-linux-gnu/libboost_thread.so;/usr/lib/x86_64-linux-gnu/libboost_date_time.so;/usr/lib/x86_64-linux-gnu/libboost_iostreams.so;/usr/lib/x86_64-linux-gnu/libboost_serialization.so;/usr/lib/x86_64-linux-gnu/libboost_chrono.so;/usr/lib/x86_64-linux-gnu/libboost_atomic.so;/usr/lib/x86_64-linux-gnu/libboost_regex.so;/usr/lib/x86_64-linux-gnu/libpthread.so;optimized;/usr/lib/x86_64-linux-gnu/libpcl_common.so;debug;/usr/lib/x86_64-linux-gnu/libpcl_common.so;optimized;/usr/lib/x86_64-linux-gnu/libpcl_octree.so;debug;/usr/lib/x86_64-linux-gnu/libpcl_octree.so;/usr/lib/libOpenNI.so;/usr/lib/libOpenNI2.so;vtkChartsCore;vtkCommonColor;vtkCommonDataModel;vtkCommonMath;vtkCommonCore;vtksys;vtkCommonMisc;vtkCommonSystem;vtkCommonTransforms;vtkInfovisCore;vtkFiltersExtraction;vtkCommonExecutionModel;vtkFiltersCore;vtkFiltersGeneral;vtkCommonComputationalGeometry;vtkFiltersStatistics;vtkImagingFourier;vtkImagingCore;vtkalglib;vtkRenderingContext2D;vtkRenderingCore;vtkFiltersGeometry;vtkFiltersSources;vtkRenderingFreeType;/usr/lib/x86_64-linux-gnu/libfreetype.so;/usr/lib/x86_64-linux-gnu/libz.so;vtkftgl;vtkDICOMParser;vtkDomainsChemistry;vtkIOXML;vtkIOGeometry;vtkIOCore;vtkIOXMLParser;/usr/lib/x86_64-linux-gnu/libexpat.so;vtkFiltersAMR;vtkParallelCore;vtkIOLegacy;vtkFiltersFlowPaths;vtkFiltersGeneric;vtkFiltersHybrid;vtkImagingSources;vtkFiltersHyperTree;vtkFiltersImaging;vtkImagingGeneral;vtkFiltersModeling;vtkFiltersParallel;vtkFiltersParallelFlowPaths;vtkParallelMPI;vtkFiltersParallelGeometry;vtkFiltersParallelImaging;vtkFiltersParallelMPI;vtkFiltersParallelStatistics;vtkFiltersProgrammable;vtkFiltersPython;/usr/lib/x86_64-linux-gnu/libpython2.7.so;vtkWrappingPythonCore;vtkWrappingTools;vtkFiltersReebGraph;vtkFiltersSMP;vtkFiltersSelection;vtkFiltersTexture;vtkFiltersVerdict;verdict;vtkGUISupportQt;vtkInteractionStyle;vtkRenderingOpenGL;vtkImagingHybrid;vtkIOImage;vtkmetaio;/usr/lib/x86_64-linux-gnu/libjpeg.so;/usr/lib/x86_64-linux-gnu/libpng.so;/usr/lib/x86_64-linux-gnu/libtiff.so;vtkGUISupportQtOpenGL;vtkGUISupportQtSQL;vtkIOSQL;sqlite3;vtkGUISupportQtWebkit;vtkViewsQt;vtkViewsInfovis;vtkInfovisLayout;vtkInfovisBoostGraphAlgorithms;vtkRenderingLabel;vtkViewsCore;vtkInteractionWidgets;vtkRenderingAnnotation;vtkImagingColor;vtkRenderingVolume;vtkGeovisCore;/usr/lib/x86_64-linux-gnu/libproj.so;vtkIOAMR;/usr/lib/x86_64-linux-gnu/hdf5/openmpi/libhdf5.so;/usr/lib/x86_64-linux-gnu/libsz.so;/usr/lib/x86_64-linux-gnu/libdl.so;/usr/lib/x86_64-linux-gnu/libm.so;/usr/lib/x86_64-linux-gnu/openmpi/lib/libmpi.so;vtkIOEnSight;vtkIOExodus;vtkexoIIc;/usr/lib/x86_64-linux-gnu/libnetcdf_c++.so;/usr/lib/x86_64-linux-gnu/libnetcdf.so;vtkIOExport;vtkRenderingGL2PS;vtkRenderingContextOpenGL;/usr/lib/x86_64-linux-gnu/libgl2ps.so;vtkIOFFMPEG;vtkIOMovie;/usr/lib/x86_64-linux-gnu/libtheoraenc.so;/usr/lib/x86_64-linux-gnu/libtheoradec.so;/usr/lib/x86_64-linux-gnu/libogg.so;vtkIOGDAL;vtkIOGeoJSON;vtkIOImport;vtkIOInfovis;/usr/lib/x86_64-linux-gnu/libxml2.so;vtkIOLSDyna;vtkIOMINC;vtkIOMPIImage;vtkIOMPIParallel;vtkIOParallel;vtkIONetCDF;/usr/lib/x86_64-linux-gnu/libjsoncpp.so;vtkIOMySQL;vtkIOODBC;vtkIOPLY;vtkIOParallelExodus;vtkIOParallelLSDyna;vtkIOParallelNetCDF;vtkIOParallelXML;vtkIOPostgreSQL;vtkIOVPIC;VPIC;vtkIOVideo;vtkIOXdmf2;vtkxdmf2;vtkImagingMath;vtkImagingMorphological;vtkImagingStatistics;vtkImagingStencil;vtkInteractionImage;vtkLocalExample;vtkParallelMPI4Py;vtkPythonInterpreter;vtkRenderingExternal;vtkRenderingFreeTypeFontConfig;vtkRenderingImage;vtkRenderingLIC;vtkRenderingLOD;vtkRenderingMatplotlib;vtkRenderingParallel;vtkRenderingParallelLIC;vtkRenderingQt;vtkRenderingVolumeAMR;vtkRenderingVolumeOpenGL;vtkTestingGenericBridge;vtkTestingIOSQL;vtkTestingRendering;vtkViewsContext2D;vtkViewsGeovis;vtkWrappingJava;optimized;/usr/lib/x86_64-linux-gnu/libpcl_io.so;debug;/usr/lib/x86_64-linux-gnu/libpcl_io.so;/usr/lib/x86_64-linux-gnu/libboost_system.so;/usr/lib/x86_64-linux-gnu/libboost_filesystem.so;/usr/lib/x86_64-linux-gnu/libboost_thread.so;/usr/lib/x86_64-linux-gnu/libboost_date_time.so;/usr/lib/x86_64-linux-gnu/libboost_iostreams.so;/usr/lib/x86_64-linux-gnu/libboost_serialization.so;/usr/lib/x86_64-linux-gnu/libboost_chrono.so;/usr/lib/x86_64-linux-gnu/libboost_atomic.so;/usr/lib/x86_64-linux-gnu/libboost_regex.so;/usr/lib/x86_64-linux-gnu/libpthread.so;/usr/lib/libOpenNI.so;/usr/lib/libOpenNI2.so;vtkChartsCore;vtkCommonColor;vtkCommonDataModel;vtkCommonMath;vtkCommonCore;vtksys;vtkCommonMisc;vtkCommonSystem;vtkCommonTransforms;vtkInfovisCore;vtkFiltersExtraction;vtkCommonExecutionModel;vtkFiltersCore;vtkFiltersGeneral;vtkCommonComputationalGeometry;vtkFiltersStatistics;vtkImagingFourier;vtkImagingCore;vtkalglib;vtkRenderingContext2D;vtkRenderingCore;vtkFiltersGeometry;vtkFiltersSources;vtkRenderingFreeType;/usr/lib/x86_64-linux-gnu/libfreetype.so;/usr/lib/x86_64-linux-gnu/libz.so;vtkftgl;vtkDICOMParser;vtkDomainsChemistry;vtkIOXML;vtkIOGeometry;vtkIOCore;vtkIOXMLParser;/usr/lib/x86_64-linux-gnu/libexpat.so;vtkFiltersAMR;vtkParallelCore;vtkIOLegacy;vtkFiltersFlowPaths;vtkFiltersGeneric;vtkFiltersHybrid;vtkImagingSources;vtkFiltersHyperTree;vtkFiltersImaging;vtkImagingGeneral;vtkFiltersModeling;vtkFiltersParallel;vtkFiltersParallelFlowPaths;vtkParallelMPI;vtkFiltersParallelGeometry;vtkFiltersParallelImaging;vtkFiltersParallelMPI;vtkFiltersParallelStatistics;vtkFiltersProgrammable;vtkFiltersPython;/usr/lib/x86_64-linux-gnu/libpython2.7.so;vtkWrappingPythonCore;vtkWrappingTools;vtkFiltersReebGraph;vtkFiltersSMP;vtkFiltersSelection;vtkFiltersTexture;vtkFiltersVerdict;verdict;vtkGUISupportQt;vtkInteractionStyle;vtkRenderingOpenGL;vtkImagingHybrid;vtkIOImage;vtkmetaio;/usr/lib/x86_64-linux-gnu/libjpeg.so;/usr/lib/x86_64-linux-gnu/libpng.so;/usr/lib/x86_64-linux-gnu/libtiff.so;vtkGUISupportQtOpenGL;vtkGUISupportQtSQL;vtkIOSQL;sqlite3;vtkGUISupportQtWebkit;vtkViewsQt;vtkViewsInfovis;vtkInfovisLayout;vtkInfovisBoostGraphAlgorithms;vtkRenderingLabel;vtkViewsCore;vtkInteractionWidgets;vtkRenderingAnnotation;vtkImagingColor;vtkRenderingVolume;vtkGeovisCore;/usr/lib/x86_64-linux-gnu/libproj.so;vtkIOAMR;/usr/lib/x86_64-linux-gnu/hdf5/openmpi/libhdf5.so;/usr/lib/x86_64-linux-gnu/libsz.so;/usr/lib/x86_64-linux-gnu/libdl.so;/usr/lib/x86_64-linux-gnu/libm.so;/usr/lib/x86_64-linux-gnu/openmpi/lib/libmpi.so;vtkIOEnSight;vtkIOExodus;vtkexoIIc;/usr/lib/x86_64-linux-gnu/libnetcdf_c++.so;/usr/lib/x86_64-linux-gnu/libnetcdf.so;vtkIOExport;vtkRenderingGL2PS;vtkRenderingContextOpenGL;/usr/lib/x86_64-linux-gnu/libgl2ps.so;vtkIOFFMPEG;vtkIOMovie;/usr/lib/x86_64-linux-gnu/libtheoraenc.so;/usr/lib/x86_64-linux-gnu/libtheoradec.so;/usr/lib/x86_64-linux-gnu/libogg.so;vtkIOGDAL;vtkIOGeoJSON;vtkIOImport;vtkIOInfovis;/usr/lib/x86_64-linux-gnu/libxml2.so;vtkIOLSDyna;vtkIOMINC;vtkIOMPIImage;vtkIOMPIParallel;vtkIOParallel;vtkIONetCDF;/usr/lib/x86_64-linux-gnu/libjsoncpp.so;vtkIOMySQL;vtkIOODBC;vtkIOPLY;vtkIOParallelExodus;vtkIOParallelLSDyna;vtkIOParallelNetCDF;vtkIOParallelXML;vtkIOPostgreSQL;vtkIOVPIC;VPIC;vtkIOVideo;vtkIOXdmf2;vtkxdmf2;vtkImagingMath;vtkImagingMorphological;vtkImagingStatistics;vtkImagingStencil;vtkInteractionImage;vtkLocalExample;vtkParallelMPI4Py;vtkPythonInterpreter;vtkRenderingExternal;vtkRenderingFreeTypeFontConfig;vtkRenderingImage;vtkRenderingLIC;vtkRenderingLOD;vtkRenderingMatplotlib;vtkRenderingParallel;vtkRenderingParallelLIC;vtkRenderingQt;vtkRenderingVolumeAMR;vtkRenderingVolumeOpenGL;vtkTestingGenericBridge;vtkTestingIOSQL;vtkTestingRendering;vtkViewsContext2D;vtkViewsGeovis;vtkWrappingJava  
[5.018s] -- Boost version: 1.65.1
[5.018s] -- Found the following Boost libraries:
[5.018s] --   filesystem
[5.018s] --   system
[5.023s] -- Found CURL: /usr/lib/x86_64-linux-gnu/libcurl.so (found version "7.58.0") 
[5.209s] -- Configuring done
[5.556s] -- Generating done
[5.576s] -- Build files have been written to: /home/autoware/Autoware/build/map_file
[5.592s] Invoked command in '/home/autoware/Autoware/build/map_file' returned '0': CMAKE_PREFIX_PATH=/home/autoware/Autoware/install/lanelet2_extension:/home/autoware/Autoware/install/vector_map:/home/autoware/Autoware/install/amathutils_lib:/home/autoware/Autoware/install/vector_map_msgs:/home/autoware/Autoware/install/autoware_msgs:/home/autoware/Autoware/install/autoware_lanelet2_msgs:/home/autoware/Autoware/install/autoware_build_flags:${CMAKE_PREFIX_PATH} LD_LIBRARY_PATH=/home/autoware/Autoware/install/lanelet2_extension/lib:/home/autoware/Autoware/install/vector_map/lib:/home/autoware/Autoware/install/amathutils_lib/lib:${LD_LIBRARY_PATH} PKG_CONFIG_PATH=/home/autoware/Autoware/install/lanelet2_extension/lib/x86_64-linux-gnu/pkgconfig:/home/autoware/Autoware/install/lanelet2_extension/lib/pkgconfig:/home/autoware/Autoware/install/vector_map/lib/x86_64-linux-gnu/pkgconfig:/home/autoware/Autoware/install/vector_map/lib/pkgconfig:/home/autoware/Autoware/install/amathutils_lib/lib/x86_64-linux-gnu/pkgconfig:/home/autoware/Autoware/install/amathutils_lib/lib/pkgconfig:/home/autoware/Autoware/install/vector_map_msgs/lib/x86_64-linux-gnu/pkgconfig:/home/autoware/Autoware/install/vector_map_msgs/lib/pkgconfig:/home/autoware/Autoware/install/autoware_msgs/lib/x86_64-linux-gnu/pkgconfig:/home/autoware/Autoware/install/autoware_msgs/lib/pkgconfig:/home/autoware/Autoware/install/autoware_lanelet2_msgs/lib/x86_64-linux-gnu/pkgconfig:/home/autoware/Autoware/install/autoware_lanelet2_msgs/lib/pkgconfig:/home/autoware/Autoware/install/autoware_build_flags/lib/x86_64-linux-gnu/pkgconfig:/home/autoware/Autoware/install/autoware_build_flags/lib/pkgconfig:${PKG_CONFIG_PATH} PYTHONPATH=/home/autoware/Autoware/install/vector_map_msgs/lib/python2.7/dist-packages:/home/autoware/Autoware/install/autoware_msgs/lib/python2.7/dist-packages:/home/autoware/Autoware/install/autoware_lanelet2_msgs/lib/python2.7/dist-packages:${PYTHONPATH} ROS_PACKAGE_PATH=/home/autoware/Autoware/install/lanelet2_extension/share:/home/autoware/Autoware/install/vector_map/share:/home/autoware/Autoware/install/amathutils_lib/share:/home/autoware/Autoware/install/vector_map_msgs/share:/home/autoware/Autoware/install/autoware_msgs/share:/home/autoware/Autoware/install/autoware_lanelet2_msgs/share:/home/autoware/Autoware/install/autoware_build_flags/share:${ROS_PACKAGE_PATH} /usr/bin/cmake /home/autoware/Autoware/src/autoware/common/map_file -DCMAKE_BUILD_TYPE=Release -DCATKIN_INSTALL_INTO_PREFIX_ROOT=0 -DCMAKE_INSTALL_PREFIX=/home/autoware/Autoware/install/map_file
[5.594s] Invoking command in '/home/autoware/Autoware/build/map_file': CMAKE_PREFIX_PATH=/home/autoware/Autoware/install/lanelet2_extension:/home/autoware/Autoware/install/vector_map:/home/autoware/Autoware/install/amathutils_lib:/home/autoware/Autoware/install/vector_map_msgs:/home/autoware/Autoware/install/autoware_msgs:/home/autoware/Autoware/install/autoware_lanelet2_msgs:/home/autoware/Autoware/install/autoware_build_flags:${CMAKE_PREFIX_PATH} LD_LIBRARY_PATH=/home/autoware/Autoware/install/lanelet2_extension/lib:/home/autoware/Autoware/install/vector_map/lib:/home/autoware/Autoware/install/amathutils_lib/lib:${LD_LIBRARY_PATH} PKG_CONFIG_PATH=/home/autoware/Autoware/install/lanelet2_extension/lib/x86_64-linux-gnu/pkgconfig:/home/autoware/Autoware/install/lanelet2_extension/lib/pkgconfig:/home/autoware/Autoware/install/vector_map/lib/x86_64-linux-gnu/pkgconfig:/home/autoware/Autoware/install/vector_map/lib/pkgconfig:/home/autoware/Autoware/install/amathutils_lib/lib/x86_64-linux-gnu/pkgconfig:/home/autoware/Autoware/install/amathutils_lib/lib/pkgconfig:/home/autoware/Autoware/install/vector_map_msgs/lib/x86_64-linux-gnu/pkgconfig:/home/autoware/Autoware/install/vector_map_msgs/lib/pkgconfig:/home/autoware/Autoware/install/autoware_msgs/lib/x86_64-linux-gnu/pkgconfig:/home/autoware/Autoware/install/autoware_msgs/lib/pkgconfig:/home/autoware/Autoware/install/autoware_lanelet2_msgs/lib/x86_64-linux-gnu/pkgconfig:/home/autoware/Autoware/install/autoware_lanelet2_msgs/lib/pkgconfig:/home/autoware/Autoware/install/autoware_build_flags/lib/x86_64-linux-gnu/pkgconfig:/home/autoware/Autoware/install/autoware_build_flags/lib/pkgconfig:${PKG_CONFIG_PATH} PYTHONPATH=/home/autoware/Autoware/install/vector_map_msgs/lib/python2.7/dist-packages:/home/autoware/Autoware/install/autoware_msgs/lib/python2.7/dist-packages:/home/autoware/Autoware/install/autoware_lanelet2_msgs/lib/python2.7/dist-packages:${PYTHONPATH} ROS_PACKAGE_PATH=/home/autoware/Autoware/install/lanelet2_extension/share:/home/autoware/Autoware/install/vector_map/share:/home/autoware/Autoware/install/amathutils_lib/share:/home/autoware/Autoware/install/vector_map_msgs/share:/home/autoware/Autoware/install/autoware_msgs/share:/home/autoware/Autoware/install/autoware_lanelet2_msgs/share:/home/autoware/Autoware/install/autoware_build_flags/share:${ROS_PACKAGE_PATH} /usr/bin/cmake --build /home/autoware/Autoware/build/map_file -- -j2 -l2
[5.672s] Scanning dependencies of target autoware_lanelet2_msgs_generate_messages_nodejs
[5.686s] [  0%] Built target autoware_lanelet2_msgs_generate_messages_nodejs
[5.700s] Scanning dependencies of target vector_map_msgs_generate_messages_py
[5.715s] [  0%] Built target vector_map_msgs_generate_messages_py
[5.728s] Scanning dependencies of target vector_map_msgs_generate_messages_lisp
[5.741s] [  0%] Built target vector_map_msgs_generate_messages_lisp
[5.755s] Scanning dependencies of target vector_map_msgs_generate_messages_eus
[5.770s] [  0%] Built target vector_map_msgs_generate_messages_eus
[5.785s] Scanning dependencies of target vector_map_msgs_generate_messages_cpp
[5.798s] [  0%] Built target vector_map_msgs_generate_messages_cpp
[5.817s] Scanning dependencies of target topic_tools_generate_messages_nodejs
[5.832s] [  0%] Built target topic_tools_generate_messages_nodejs
[5.845s] Scanning dependencies of target topic_tools_generate_messages_eus
[5.859s] [  0%] Built target topic_tools_generate_messages_eus
[5.874s] Scanning dependencies of target topic_tools_generate_messages_cpp
[5.888s] [  0%] Built target topic_tools_generate_messages_cpp
[5.903s] Scanning dependencies of target std_srvs_generate_messages_py
[5.918s] [  0%] Built target std_srvs_generate_messages_py
[5.931s] Scanning dependencies of target std_srvs_generate_messages_nodejs
[5.944s] [  0%] Built target std_srvs_generate_messages_nodejs
[5.960s] Scanning dependencies of target vector_map_msgs_generate_messages_nodejs
[5.975s] [  0%] Built target vector_map_msgs_generate_messages_nodejs
[5.990s] Scanning dependencies of target bond_generate_messages_py
[6.004s] [  0%] Built target bond_generate_messages_py
[6.020s] Scanning dependencies of target bond_generate_messages_nodejs
[6.035s] [  0%] Built target bond_generate_messages_nodejs
[6.049s] Scanning dependencies of target bond_generate_messages_lisp
[6.063s] [  0%] Built target bond_generate_messages_lisp
[6.077s] Scanning dependencies of target bond_generate_messages_eus
[6.091s] [  0%] Built target bond_generate_messages_eus
[6.107s] Scanning dependencies of target bond_generate_messages_cpp
[6.121s] [  0%] Built target bond_generate_messages_cpp
[6.136s] Scanning dependencies of target nodelet_generate_messages_nodejs
[6.150s] [  0%] Built target nodelet_generate_messages_nodejs
[6.165s] Scanning dependencies of target nodelet_generate_messages_eus
[6.179s] [  0%] Built target nodelet_generate_messages_eus
[6.192s] Scanning dependencies of target nodelet_generate_messages_cpp
[6.206s] [  0%] Built target nodelet_generate_messages_cpp
[6.221s] Scanning dependencies of target dynamic_reconfigure_generate_messages_py
[6.236s] [  0%] Built target dynamic_reconfigure_generate_messages_py
[6.250s] Scanning dependencies of target dynamic_reconfigure_generate_messages_nodejs
[6.264s] [  0%] Built target dynamic_reconfigure_generate_messages_nodejs
[6.278s] Scanning dependencies of target dynamic_reconfigure_generate_messages_lisp
[6.293s] [  0%] Built target dynamic_reconfigure_generate_messages_lisp
[6.308s] Scanning dependencies of target dynamic_reconfigure_generate_messages_eus
[6.323s] [  0%] Built target dynamic_reconfigure_generate_messages_eus
[6.337s] Scanning dependencies of target pcl_ros_gencfg
[6.350s] [  0%] Built target pcl_ros_gencfg
[6.364s] Scanning dependencies of target visualization_msgs_generate_messages_py
[6.379s] [  0%] Built target visualization_msgs_generate_messages_py
[6.393s] Scanning dependencies of target visualization_msgs_generate_messages_nodejs
[6.406s] [  0%] Built target visualization_msgs_generate_messages_nodejs
[6.421s] Scanning dependencies of target visualization_msgs_generate_messages_eus
[6.434s] [  0%] Built target visualization_msgs_generate_messages_eus
[6.447s] Scanning dependencies of target geometry_msgs_generate_messages_py
[6.461s] [  0%] Built target geometry_msgs_generate_messages_py
[6.476s] Scanning dependencies of target sensor_msgs_generate_messages_nodejs
[6.490s] [  0%] Built target sensor_msgs_generate_messages_nodejs
[6.504s] Scanning dependencies of target roscpp_generate_messages_cpp
[6.517s] [  0%] Built target roscpp_generate_messages_cpp
[6.531s] Scanning dependencies of target actionlib_generate_messages_cpp
[6.544s] [  0%] Built target actionlib_generate_messages_cpp
[6.557s] Scanning dependencies of target pcl_msgs_generate_messages_eus
[6.571s] [  0%] Built target pcl_msgs_generate_messages_eus
[6.585s] Scanning dependencies of target rosgraph_msgs_generate_messages_eus
[6.599s] [  0%] Built target rosgraph_msgs_generate_messages_eus
[6.613s] Scanning dependencies of target jsk_recognition_msgs_generate_messages_lisp
[6.627s] [  0%] Built target jsk_recognition_msgs_generate_messages_lisp
[6.640s] Scanning dependencies of target jsk_recognition_msgs_generate_messages_eus
[6.653s] [  0%] Built target jsk_recognition_msgs_generate_messages_eus
[6.667s] Scanning dependencies of target tf2_msgs_generate_messages_cpp
[6.680s] [  0%] Built target tf2_msgs_generate_messages_cpp
[6.695s] Scanning dependencies of target std_msgs_generate_messages_py
[6.709s] [  0%] Built target std_msgs_generate_messages_py
[6.722s] Scanning dependencies of target nodelet_generate_messages_lisp
[6.735s] [  0%] Built target nodelet_generate_messages_lisp
[6.750s] Scanning dependencies of target autoware_msgs_generate_messages_py
[6.763s] [  0%] Built target autoware_msgs_generate_messages_py
[6.777s] Scanning dependencies of target std_msgs_generate_messages_nodejs
[6.791s] [  0%] Built target std_msgs_generate_messages_nodejs
[6.806s] Scanning dependencies of target sensor_msgs_generate_messages_eus
[6.819s] [  0%] Built target sensor_msgs_generate_messages_eus
[6.834s] Scanning dependencies of target std_srvs_generate_messages_lisp
[6.847s] [  0%] Built target std_srvs_generate_messages_lisp
[6.861s] Scanning dependencies of target _catkin_empty_exported_target
[6.874s] [  0%] Built target _catkin_empty_exported_target
[6.888s] Scanning dependencies of target sensor_msgs_generate_messages_cpp
[6.902s] [  0%] Built target sensor_msgs_generate_messages_cpp
[6.916s] Scanning dependencies of target autoware_msgs_generate_messages_cpp
[6.930s] [  0%] Built target autoware_msgs_generate_messages_cpp
[6.943s] Scanning dependencies of target rosgraph_msgs_generate_messages_cpp
[6.957s] [  0%] Built target rosgraph_msgs_generate_messages_cpp
[6.971s] Scanning dependencies of target pcl_msgs_generate_messages_nodejs
[6.985s] [  0%] Built target pcl_msgs_generate_messages_nodejs
[6.999s] Scanning dependencies of target jsk_recognition_msgs_generate_messages_py
[7.011s] [  0%] Built target jsk_recognition_msgs_generate_messages_py
[7.026s] Scanning dependencies of target std_srvs_generate_messages_cpp
[7.039s] [  0%] Built target std_srvs_generate_messages_cpp
[7.053s] Scanning dependencies of target sensor_msgs_generate_messages_lisp
[7.065s] [  0%] Built target sensor_msgs_generate_messages_lisp
[7.079s] Scanning dependencies of target nodelet_generate_messages_py
[7.092s] [  0%] Built target nodelet_generate_messages_py
[7.107s] Scanning dependencies of target sensor_msgs_generate_messages_py
[7.122s] [  0%] Built target sensor_msgs_generate_messages_py
[7.137s] Scanning dependencies of target dynamic_reconfigure_generate_messages_cpp
[7.152s] [  0%] Built target dynamic_reconfigure_generate_messages_cpp
[7.167s] Scanning dependencies of target tf_generate_messages_py
[7.181s] [  0%] Built target tf_generate_messages_py
[7.196s] Scanning dependencies of target std_msgs_generate_messages_cpp
[7.211s] [  0%] Built target std_msgs_generate_messages_cpp
[7.226s] Scanning dependencies of target jsk_footstep_msgs_generate_messages_py
[7.241s] [  0%] Built target jsk_footstep_msgs_generate_messages_py
[7.256s] Scanning dependencies of target topic_tools_generate_messages_py
[7.270s] [  0%] Built target topic_tools_generate_messages_py
[7.284s] Scanning dependencies of target nodelet_topic_tools_gencfg
[7.299s] [  0%] Built target nodelet_topic_tools_gencfg
[7.316s] Scanning dependencies of target actionlib_msgs_generate_messages_nodejs
[7.329s] [  0%] Built target actionlib_msgs_generate_messages_nodejs
[7.344s] Scanning dependencies of target geometry_msgs_generate_messages_eus
[7.359s] [  0%] Built target geometry_msgs_generate_messages_eus
[7.374s] Scanning dependencies of target std_msgs_generate_messages_lisp
[7.388s] [  0%] Built target std_msgs_generate_messages_lisp
[7.402s] Scanning dependencies of target roscpp_generate_messages_nodejs
[7.417s] [  0%] Built target roscpp_generate_messages_nodejs
[7.432s] Scanning dependencies of target geometry_msgs_generate_messages_nodejs
[7.446s] [  0%] Built target geometry_msgs_generate_messages_nodejs
[7.460s] Scanning dependencies of target geometry_msgs_generate_messages_lisp
[7.473s] [  0%] Built target geometry_msgs_generate_messages_lisp
[7.488s] Scanning dependencies of target pcl_msgs_generate_messages_cpp
[7.501s] [  0%] Built target pcl_msgs_generate_messages_cpp
[7.515s] Scanning dependencies of target topic_tools_generate_messages_lisp
[7.529s] [  0%] Built target topic_tools_generate_messages_lisp
[7.543s] Scanning dependencies of target jsk_recognition_msgs_generate_messages_cpp
[7.556s] [  0%] Built target jsk_recognition_msgs_generate_messages_cpp
[7.570s] Scanning dependencies of target autoware_msgs_generate_messages_eus
[7.583s] [  0%] Built target autoware_msgs_generate_messages_eus
[7.597s] Scanning dependencies of target autoware_msgs_generate_messages_lisp
[7.609s] [  0%] Built target autoware_msgs_generate_messages_lisp
[7.623s] Scanning dependencies of target visualization_msgs_generate_messages_lisp
[7.636s] [  0%] Built target visualization_msgs_generate_messages_lisp
[7.650s] Scanning dependencies of target std_msgs_generate_messages_eus
[7.663s] [  0%] Built target std_msgs_generate_messages_eus
[7.676s] Scanning dependencies of target autoware_msgs_generate_messages_nodejs
[7.694s] [  0%] Built target autoware_msgs_generate_messages_nodejs
[7.707s] Scanning dependencies of target jsk_footstep_msgs_generate_messages_eus
[7.720s] [  0%] Built target jsk_footstep_msgs_generate_messages_eus
[7.733s] Scanning dependencies of target actionlib_msgs_generate_messages_py
[7.747s] [  0%] Built target actionlib_msgs_generate_messages_py
[7.760s] Scanning dependencies of target jsk_footstep_msgs_generate_messages_lisp
[7.773s] [  0%] Built target jsk_footstep_msgs_generate_messages_lisp
[7.788s] Scanning dependencies of target jsk_footstep_msgs_generate_messages_nodejs
[7.802s] [  0%] Built target jsk_footstep_msgs_generate_messages_nodejs
[7.816s] Scanning dependencies of target actionlib_msgs_generate_messages_lisp
[7.830s] [  0%] Built target actionlib_msgs_generate_messages_lisp
[7.844s] Scanning dependencies of target jsk_footstep_msgs_generate_messages_cpp
[7.862s] [  0%] Built target jsk_footstep_msgs_generate_messages_cpp
[7.877s] Scanning dependencies of target actionlib_msgs_generate_messages_cpp
[7.890s] [  0%] Built target actionlib_msgs_generate_messages_cpp
[7.904s] Scanning dependencies of target tf_generate_messages_eus
[7.917s] [  0%] Built target tf_generate_messages_eus
[7.931s] Scanning dependencies of target tf_generate_messages_lisp
[7.945s] [  0%] Built target tf_generate_messages_lisp
[7.960s] Scanning dependencies of target tf_generate_messages_nodejs
[7.974s] [  0%] Built target tf_generate_messages_nodejs
[7.989s] Scanning dependencies of target autoware_lanelet2_msgs_generate_messages_cpp
[8.003s] [  0%] Built target autoware_lanelet2_msgs_generate_messages_cpp
[8.016s] Scanning dependencies of target std_srvs_generate_messages_eus
[8.030s] [  0%] Built target std_srvs_generate_messages_eus
[8.044s] Scanning dependencies of target jsk_recognition_msgs_generate_messages_nodejs
[8.058s] [  0%] Built target jsk_recognition_msgs_generate_messages_nodejs
[8.073s] Scanning dependencies of target autoware_lanelet2_msgs_generate_messages_py
[8.086s] [  0%] Built target autoware_lanelet2_msgs_generate_messages_py
[8.101s] Scanning dependencies of target roscpp_generate_messages_lisp
[8.114s] [  0%] Built target roscpp_generate_messages_lisp
[8.129s] Scanning dependencies of target rosgraph_msgs_generate_messages_lisp
[8.142s] [  0%] Built target rosgraph_msgs_generate_messages_lisp
[8.155s] Scanning dependencies of target rosgraph_msgs_generate_messages_nodejs
[8.168s] [  0%] Built target rosgraph_msgs_generate_messages_nodejs
[8.182s] Scanning dependencies of target roscpp_generate_messages_eus
[8.195s] [  0%] Built target roscpp_generate_messages_eus
[8.208s] Scanning dependencies of target actionlib_msgs_generate_messages_eus
[8.221s] [  0%] Built target actionlib_msgs_generate_messages_eus
[8.234s] Scanning dependencies of target rosgraph_msgs_generate_messages_py
[8.247s] [  0%] Built target rosgraph_msgs_generate_messages_py
[8.261s] Scanning dependencies of target pcl_msgs_generate_messages_py
[8.274s] [  0%] Built target pcl_msgs_generate_messages_py
[8.292s] Scanning dependencies of target actionlib_generate_messages_eus
[8.307s] [  0%] Built target actionlib_generate_messages_eus
[8.322s] Scanning dependencies of target geometry_msgs_generate_messages_cpp
[8.345s] [  0%] Built target geometry_msgs_generate_messages_cpp
[8.358s] Scanning dependencies of target actionlib_generate_messages_lisp
[8.372s] [  0%] Built target actionlib_generate_messages_lisp
[8.386s] Scanning dependencies of target pcl_msgs_generate_messages_lisp
[8.401s] [  0%] Built target pcl_msgs_generate_messages_lisp
[8.417s] Scanning dependencies of target tf_generate_messages_cpp
[8.430s] [  0%] Built target tf_generate_messages_cpp
[8.445s] Scanning dependencies of target actionlib_generate_messages_nodejs
[8.458s] [  0%] Built target actionlib_generate_messages_nodejs
[8.471s] Scanning dependencies of target visualization_msgs_generate_messages_cpp
[8.485s] [  0%] Built target visualization_msgs_generate_messages_cpp
[8.498s] Scanning dependencies of target tf2_msgs_generate_messages_eus
[8.511s] [  0%] Built target tf2_msgs_generate_messages_eus
[8.525s] Scanning dependencies of target dynamic_reconfigure_gencfg
[8.538s] [  0%] Built target dynamic_reconfigure_gencfg
[8.551s] Scanning dependencies of target tf2_msgs_generate_messages_lisp
[8.564s] [  0%] Built target tf2_msgs_generate_messages_lisp
[8.578s] Scanning dependencies of target actionlib_generate_messages_py
[8.591s] [  0%] Built target actionlib_generate_messages_py
[8.604s] Scanning dependencies of target tf2_msgs_generate_messages_py
[8.617s] [  0%] Built target tf2_msgs_generate_messages_py
[8.630s] Scanning dependencies of target autoware_lanelet2_msgs_generate_messages_eus
[8.642s] [  0%] Built target autoware_lanelet2_msgs_generate_messages_eus
[8.655s] Scanning dependencies of target tf2_msgs_generate_messages_nodejs
[8.668s] [  0%] Built target tf2_msgs_generate_messages_nodejs
[8.681s] Scanning dependencies of target autoware_lanelet2_msgs_generate_messages_lisp
[8.693s] [  0%] Built target autoware_lanelet2_msgs_generate_messages_lisp
[8.706s] Scanning dependencies of target roscpp_generate_messages_py
[8.720s] [  0%] Built target roscpp_generate_messages_py
[8.745s] Scanning dependencies of target get_file
[8.767s] [  7%] Building CXX object CMakeFiles/get_file.dir/lib/map_file/get_file.cpp.o
[9.218s] [ 15%] Linking CXX shared library devel/lib/libget_file.so
[9.294s] [ 15%] Built target get_file
[9.481s] Scanning dependencies of target points_map_filter
[9.506s] [ 23%] Building CXX object CMakeFiles/points_map_filter.dir/nodes/points_map_filter/points_map_filter_node.cpp.o
[17.018s] [ 30%] Building CXX object CMakeFiles/points_map_filter.dir/nodes/points_map_filter/points_map_filter.cpp.o
[25.897s] [ 38%] Linking CXX executable devel/lib/map_file/points_map_filter
[27.924s] [ 38%] Built target points_map_filter
[27.997s] Scanning dependencies of target lanelet2_map_visualization
[28.027s] [ 46%] Building CXX object CMakeFiles/lanelet2_map_visualization.dir/nodes/lanelet2_map_loader/lanelet2_map_visualization.cpp.o
[34.797s] [ 53%] Linking CXX executable devel/lib/map_file/lanelet2_map_visualization
[35.302s] [ 53%] Built target lanelet2_map_visualization
[35.380s] Scanning dependencies of target lanelet2_map_loader
[35.406s] [ 61%] Building CXX object CMakeFiles/lanelet2_map_loader.dir/nodes/lanelet2_map_loader/lanelet2_map_loader.cpp.o
[41.135s] [ 69%] Linking CXX executable devel/lib/map_file/lanelet2_map_loader
[41.622s] [ 69%] Built target lanelet2_map_loader
[41.712s] Scanning dependencies of target points_map_loader
[41.739s] [ 76%] Building CXX object CMakeFiles/points_map_loader.dir/nodes/points_map_loader/points_map_loader.cpp.o
[51.319s] [ 84%] Linking CXX executable devel/lib/map_file/points_map_loader
[52.752s] [ 84%] Built target points_map_loader
[52.797s] Scanning dependencies of target vector_map_loader
[52.829s] [ 92%] Building CXX object CMakeFiles/vector_map_loader.dir/nodes/vector_map_loader/vector_map_loader.cpp.o
[63.589s] [100%] Linking CXX executable devel/lib/map_file/vector_map_loader
[64.298s] [100%] Built target vector_map_loader
[64.321s] Invoked command in '/home/autoware/Autoware/build/map_file' returned '0': CMAKE_PREFIX_PATH=/home/autoware/Autoware/install/lanelet2_extension:/home/autoware/Autoware/install/vector_map:/home/autoware/Autoware/install/amathutils_lib:/home/autoware/Autoware/install/vector_map_msgs:/home/autoware/Autoware/install/autoware_msgs:/home/autoware/Autoware/install/autoware_lanelet2_msgs:/home/autoware/Autoware/install/autoware_build_flags:${CMAKE_PREFIX_PATH} LD_LIBRARY_PATH=/home/autoware/Autoware/install/lanelet2_extension/lib:/home/autoware/Autoware/install/vector_map/lib:/home/autoware/Autoware/install/amathutils_lib/lib:${LD_LIBRARY_PATH} PKG_CONFIG_PATH=/home/autoware/Autoware/install/lanelet2_extension/lib/x86_64-linux-gnu/pkgconfig:/home/autoware/Autoware/install/lanelet2_extension/lib/pkgconfig:/home/autoware/Autoware/install/vector_map/lib/x86_64-linux-gnu/pkgconfig:/home/autoware/Autoware/install/vector_map/lib/pkgconfig:/home/autoware/Autoware/install/amathutils_lib/lib/x86_64-linux-gnu/pkgconfig:/home/autoware/Autoware/install/amathutils_lib/lib/pkgconfig:/home/autoware/Autoware/install/vector_map_msgs/lib/x86_64-linux-gnu/pkgconfig:/home/autoware/Autoware/install/vector_map_msgs/lib/pkgconfig:/home/autoware/Autoware/install/autoware_msgs/lib/x86_64-linux-gnu/pkgconfig:/home/autoware/Autoware/install/autoware_msgs/lib/pkgconfig:/home/autoware/Autoware/install/autoware_lanelet2_msgs/lib/x86_64-linux-gnu/pkgconfig:/home/autoware/Autoware/install/autoware_lanelet2_msgs/lib/pkgconfig:/home/autoware/Autoware/install/autoware_build_flags/lib/x86_64-linux-gnu/pkgconfig:/home/autoware/Autoware/install/autoware_build_flags/lib/pkgconfig:${PKG_CONFIG_PATH} PYTHONPATH=/home/autoware/Autoware/install/vector_map_msgs/lib/python2.7/dist-packages:/home/autoware/Autoware/install/autoware_msgs/lib/python2.7/dist-packages:/home/autoware/Autoware/install/autoware_lanelet2_msgs/lib/python2.7/dist-packages:${PYTHONPATH} ROS_PACKAGE_PATH=/home/autoware/Autoware/install/lanelet2_extension/share:/home/autoware/Autoware/install/vector_map/share:/home/autoware/Autoware/install/amathutils_lib/share:/home/autoware/Autoware/install/vector_map_msgs/share:/home/autoware/Autoware/install/autoware_msgs/share:/home/autoware/Autoware/install/autoware_lanelet2_msgs/share:/home/autoware/Autoware/install/autoware_build_flags/share:${ROS_PACKAGE_PATH} /usr/bin/cmake --build /home/autoware/Autoware/build/map_file -- -j2 -l2
[64.529s] Invoking command in '/home/autoware/Autoware/build/map_file': CMAKE_PREFIX_PATH=/home/autoware/Autoware/install/lanelet2_extension:/home/autoware/Autoware/install/vector_map:/home/autoware/Autoware/install/amathutils_lib:/home/autoware/Autoware/install/vector_map_msgs:/home/autoware/Autoware/install/autoware_msgs:/home/autoware/Autoware/install/autoware_lanelet2_msgs:/home/autoware/Autoware/install/autoware_build_flags:${CMAKE_PREFIX_PATH} LD_LIBRARY_PATH=/home/autoware/Autoware/install/lanelet2_extension/lib:/home/autoware/Autoware/install/vector_map/lib:/home/autoware/Autoware/install/amathutils_lib/lib:${LD_LIBRARY_PATH} PKG_CONFIG_PATH=/home/autoware/Autoware/install/lanelet2_extension/lib/x86_64-linux-gnu/pkgconfig:/home/autoware/Autoware/install/lanelet2_extension/lib/pkgconfig:/home/autoware/Autoware/install/vector_map/lib/x86_64-linux-gnu/pkgconfig:/home/autoware/Autoware/install/vector_map/lib/pkgconfig:/home/autoware/Autoware/install/amathutils_lib/lib/x86_64-linux-gnu/pkgconfig:/home/autoware/Autoware/install/amathutils_lib/lib/pkgconfig:/home/autoware/Autoware/install/vector_map_msgs/lib/x86_64-linux-gnu/pkgconfig:/home/autoware/Autoware/install/vector_map_msgs/lib/pkgconfig:/home/autoware/Autoware/install/autoware_msgs/lib/x86_64-linux-gnu/pkgconfig:/home/autoware/Autoware/install/autoware_msgs/lib/pkgconfig:/home/autoware/Autoware/install/autoware_lanelet2_msgs/lib/x86_64-linux-gnu/pkgconfig:/home/autoware/Autoware/install/autoware_lanelet2_msgs/lib/pkgconfig:/home/autoware/Autoware/install/autoware_build_flags/lib/x86_64-linux-gnu/pkgconfig:/home/autoware/Autoware/install/autoware_build_flags/lib/pkgconfig:${PKG_CONFIG_PATH} PYTHONPATH=/home/autoware/Autoware/install/vector_map_msgs/lib/python2.7/dist-packages:/home/autoware/Autoware/install/autoware_msgs/lib/python2.7/dist-packages:/home/autoware/Autoware/install/autoware_lanelet2_msgs/lib/python2.7/dist-packages:${PYTHONPATH} ROS_PACKAGE_PATH=/home/autoware/Autoware/install/lanelet2_extension/share:/home/autoware/Autoware/install/vector_map/share:/home/autoware/Autoware/install/amathutils_lib/share:/home/autoware/Autoware/install/vector_map_msgs/share:/home/autoware/Autoware/install/autoware_msgs/share:/home/autoware/Autoware/install/autoware_lanelet2_msgs/share:/home/autoware/Autoware/install/autoware_build_flags/share:${ROS_PACKAGE_PATH} /usr/bin/cmake --build /home/autoware/Autoware/build/map_file --target tests -- -j2 -l2
[64.629s] Scanning dependencies of target tests
[64.643s] Built target tests
[64.659s] Invoked command in '/home/autoware/Autoware/build/map_file' returned '0': CMAKE_PREFIX_PATH=/home/autoware/Autoware/install/lanelet2_extension:/home/autoware/Autoware/install/vector_map:/home/autoware/Autoware/install/amathutils_lib:/home/autoware/Autoware/install/vector_map_msgs:/home/autoware/Autoware/install/autoware_msgs:/home/autoware/Autoware/install/autoware_lanelet2_msgs:/home/autoware/Autoware/install/autoware_build_flags:${CMAKE_PREFIX_PATH} LD_LIBRARY_PATH=/home/autoware/Autoware/install/lanelet2_extension/lib:/home/autoware/Autoware/install/vector_map/lib:/home/autoware/Autoware/install/amathutils_lib/lib:${LD_LIBRARY_PATH} PKG_CONFIG_PATH=/home/autoware/Autoware/install/lanelet2_extension/lib/x86_64-linux-gnu/pkgconfig:/home/autoware/Autoware/install/lanelet2_extension/lib/pkgconfig:/home/autoware/Autoware/install/vector_map/lib/x86_64-linux-gnu/pkgconfig:/home/autoware/Autoware/install/vector_map/lib/pkgconfig:/home/autoware/Autoware/install/amathutils_lib/lib/x86_64-linux-gnu/pkgconfig:/home/autoware/Autoware/install/amathutils_lib/lib/pkgconfig:/home/autoware/Autoware/install/vector_map_msgs/lib/x86_64-linux-gnu/pkgconfig:/home/autoware/Autoware/install/vector_map_msgs/lib/pkgconfig:/home/autoware/Autoware/install/autoware_msgs/lib/x86_64-linux-gnu/pkgconfig:/home/autoware/Autoware/install/autoware_msgs/lib/pkgconfig:/home/autoware/Autoware/install/autoware_lanelet2_msgs/lib/x86_64-linux-gnu/pkgconfig:/home/autoware/Autoware/install/autoware_lanelet2_msgs/lib/pkgconfig:/home/autoware/Autoware/install/autoware_build_flags/lib/x86_64-linux-gnu/pkgconfig:/home/autoware/Autoware/install/autoware_build_flags/lib/pkgconfig:${PKG_CONFIG_PATH} PYTHONPATH=/home/autoware/Autoware/install/vector_map_msgs/lib/python2.7/dist-packages:/home/autoware/Autoware/install/autoware_msgs/lib/python2.7/dist-packages:/home/autoware/Autoware/install/autoware_lanelet2_msgs/lib/python2.7/dist-packages:${PYTHONPATH} ROS_PACKAGE_PATH=/home/autoware/Autoware/install/lanelet2_extension/share:/home/autoware/Autoware/install/vector_map/share:/home/autoware/Autoware/install/amathutils_lib/share:/home/autoware/Autoware/install/vector_map_msgs/share:/home/autoware/Autoware/install/autoware_msgs/share:/home/autoware/Autoware/install/autoware_lanelet2_msgs/share:/home/autoware/Autoware/install/autoware_build_flags/share:${ROS_PACKAGE_PATH} /usr/bin/cmake --build /home/autoware/Autoware/build/map_file --target tests -- -j2 -l2
[64.834s] Invoking command in '/home/autoware/Autoware/build/map_file': CMAKE_PREFIX_PATH=/home/autoware/Autoware/install/lanelet2_extension:/home/autoware/Autoware/install/vector_map:/home/autoware/Autoware/install/amathutils_lib:/home/autoware/Autoware/install/vector_map_msgs:/home/autoware/Autoware/install/autoware_msgs:/home/autoware/Autoware/install/autoware_lanelet2_msgs:/home/autoware/Autoware/install/autoware_build_flags:${CMAKE_PREFIX_PATH} LD_LIBRARY_PATH=/home/autoware/Autoware/install/lanelet2_extension/lib:/home/autoware/Autoware/install/vector_map/lib:/home/autoware/Autoware/install/amathutils_lib/lib:${LD_LIBRARY_PATH} PKG_CONFIG_PATH=/home/autoware/Autoware/install/lanelet2_extension/lib/x86_64-linux-gnu/pkgconfig:/home/autoware/Autoware/install/lanelet2_extension/lib/pkgconfig:/home/autoware/Autoware/install/vector_map/lib/x86_64-linux-gnu/pkgconfig:/home/autoware/Autoware/install/vector_map/lib/pkgconfig:/home/autoware/Autoware/install/amathutils_lib/lib/x86_64-linux-gnu/pkgconfig:/home/autoware/Autoware/install/amathutils_lib/lib/pkgconfig:/home/autoware/Autoware/install/vector_map_msgs/lib/x86_64-linux-gnu/pkgconfig:/home/autoware/Autoware/install/vector_map_msgs/lib/pkgconfig:/home/autoware/Autoware/install/autoware_msgs/lib/x86_64-linux-gnu/pkgconfig:/home/autoware/Autoware/install/autoware_msgs/lib/pkgconfig:/home/autoware/Autoware/install/autoware_lanelet2_msgs/lib/x86_64-linux-gnu/pkgconfig:/home/autoware/Autoware/install/autoware_lanelet2_msgs/lib/pkgconfig:/home/autoware/Autoware/install/autoware_build_flags/lib/x86_64-linux-gnu/pkgconfig:/home/autoware/Autoware/install/autoware_build_flags/lib/pkgconfig:${PKG_CONFIG_PATH} PYTHONPATH=/home/autoware/Autoware/install/vector_map_msgs/lib/python2.7/dist-packages:/home/autoware/Autoware/install/autoware_msgs/lib/python2.7/dist-packages:/home/autoware/Autoware/install/autoware_lanelet2_msgs/lib/python2.7/dist-packages:${PYTHONPATH} ROS_PACKAGE_PATH=/home/autoware/Autoware/install/lanelet2_extension/share:/home/autoware/Autoware/install/vector_map/share:/home/autoware/Autoware/install/amathutils_lib/share:/home/autoware/Autoware/install/vector_map_msgs/share:/home/autoware/Autoware/install/autoware_msgs/share:/home/autoware/Autoware/install/autoware_lanelet2_msgs/share:/home/autoware/Autoware/install/autoware_build_flags/share:${ROS_PACKAGE_PATH} /usr/bin/cmake --build /home/autoware/Autoware/build/map_file --target install -- -j2 -l2
[64.914s] [  0%] Built target autoware_lanelet2_msgs_generate_messages_nodejs
[64.944s] [  0%] Built target vector_map_msgs_generate_messages_py
[64.971s] [  0%] Built target vector_map_msgs_generate_messages_lisp
[64.999s] [  0%] Built target vector_map_msgs_generate_messages_eus
[65.026s] [  0%] Built target vector_map_msgs_generate_messages_cpp
[65.054s] [  0%] Built target topic_tools_generate_messages_nodejs
[65.081s] [  0%] Built target topic_tools_generate_messages_eus
[65.109s] [  0%] Built target topic_tools_generate_messages_cpp
[65.135s] [  0%] Built target std_srvs_generate_messages_py
[65.162s] [  0%] Built target std_srvs_generate_messages_nodejs
[65.188s] [  0%] Built target vector_map_msgs_generate_messages_nodejs
[65.215s] [  0%] Built target bond_generate_messages_py
[65.242s] [  0%] Built target bond_generate_messages_nodejs
[65.270s] [  0%] Built target bond_generate_messages_lisp
[65.296s] [  0%] Built target bond_generate_messages_eus
[65.324s] [  0%] Built target bond_generate_messages_cpp
[65.354s] [  0%] Built target nodelet_generate_messages_nodejs
[65.382s] [  0%] Built target nodelet_generate_messages_eus
[65.410s] [  0%] Built target nodelet_generate_messages_cpp
[65.440s] [  0%] Built target dynamic_reconfigure_generate_messages_py
[65.471s] [  0%] Built target dynamic_reconfigure_generate_messages_nodejs
[65.498s] [  0%] Built target dynamic_reconfigure_generate_messages_lisp
[65.527s] [  0%] Built target dynamic_reconfigure_generate_messages_eus
[65.554s] [  0%] Built target pcl_ros_gencfg
[65.581s] [  0%] Built target visualization_msgs_generate_messages_py
[65.608s] [  0%] Built target visualization_msgs_generate_messages_nodejs
[65.636s] [  0%] Built target visualization_msgs_generate_messages_eus
[65.664s] [  0%] Built target geometry_msgs_generate_messages_py
[65.692s] [  0%] Built target sensor_msgs_generate_messages_nodejs
[65.719s] [  0%] Built target roscpp_generate_messages_cpp
[65.746s] [  0%] Built target actionlib_generate_messages_cpp
[65.773s] [  0%] Built target pcl_msgs_generate_messages_eus
[65.800s] [  0%] Built target rosgraph_msgs_generate_messages_eus
[65.827s] [  0%] Built target jsk_recognition_msgs_generate_messages_lisp
[65.856s] [  0%] Built target jsk_recognition_msgs_generate_messages_eus
[65.885s] [  0%] Built target tf2_msgs_generate_messages_cpp
[65.912s] [  0%] Built target std_msgs_generate_messages_py
[65.939s] [  0%] Built target nodelet_generate_messages_lisp
[65.968s] [  0%] Built target autoware_msgs_generate_messages_py
[65.995s] [  0%] Built target std_msgs_generate_messages_nodejs
[66.023s] [  0%] Built target sensor_msgs_generate_messages_eus
[66.050s] [  0%] Built target std_srvs_generate_messages_lisp
[66.077s] [  0%] Built target _catkin_empty_exported_target
[66.104s] [  0%] Built target sensor_msgs_generate_messages_cpp
[66.131s] [  0%] Built target autoware_msgs_generate_messages_cpp
[66.157s] [  0%] Built target rosgraph_msgs_generate_messages_cpp
[66.187s] [  0%] Built target pcl_msgs_generate_messages_nodejs
[66.218s] [  0%] Built target jsk_recognition_msgs_generate_messages_py
[66.247s] [  0%] Built target std_srvs_generate_messages_cpp
[66.275s] [  0%] Built target sensor_msgs_generate_messages_lisp
[66.301s] [  0%] Built target nodelet_generate_messages_py
[66.328s] [  0%] Built target sensor_msgs_generate_messages_py
[66.355s] [  0%] Built target dynamic_reconfigure_generate_messages_cpp
[66.383s] [  0%] Built target tf_generate_messages_py
[66.411s] [  0%] Built target std_msgs_generate_messages_cpp
[66.438s] [  0%] Built target jsk_footstep_msgs_generate_messages_py
[66.468s] [  0%] Built target topic_tools_generate_messages_py
[66.497s] [  0%] Built target nodelet_topic_tools_gencfg
[66.526s] [  0%] Built target actionlib_msgs_generate_messages_nodejs
[66.553s] [  0%] Built target geometry_msgs_generate_messages_eus
[66.580s] [  0%] Built target std_msgs_generate_messages_lisp
[66.609s] [  0%] Built target roscpp_generate_messages_nodejs
[66.637s] [  0%] Built target geometry_msgs_generate_messages_nodejs
[66.663s] [  0%] Built target geometry_msgs_generate_messages_lisp
[66.689s] [  0%] Built target pcl_msgs_generate_messages_cpp
[66.716s] [  0%] Built target topic_tools_generate_messages_lisp
[66.743s] [  0%] Built target jsk_recognition_msgs_generate_messages_cpp
[66.769s] [  0%] Built target autoware_msgs_generate_messages_eus
[66.795s] [  0%] Built target autoware_msgs_generate_messages_lisp
[66.822s] [  0%] Built target visualization_msgs_generate_messages_lisp
[66.850s] [  0%] Built target std_msgs_generate_messages_eus
[66.876s] [  0%] Built target autoware_msgs_generate_messages_nodejs
[66.902s] [  0%] Built target jsk_footstep_msgs_generate_messages_eus
[66.929s] [  0%] Built target actionlib_msgs_generate_messages_py
[66.954s] [  0%] Built target jsk_footstep_msgs_generate_messages_lisp
[66.983s] [  0%] Built target jsk_footstep_msgs_generate_messages_nodejs
[67.010s] [  0%] Built target actionlib_msgs_generate_messages_lisp
[67.037s] [  0%] Built target jsk_footstep_msgs_generate_messages_cpp
[67.063s] [  0%] Built target actionlib_msgs_generate_messages_cpp
[67.089s] [  0%] Built target tf_generate_messages_eus
[67.115s] [  0%] Built target tf_generate_messages_lisp
[67.141s] [  0%] Built target tf_generate_messages_nodejs
[67.168s] [  0%] Built target autoware_lanelet2_msgs_generate_messages_cpp
[67.195s] [  0%] Built target std_srvs_generate_messages_eus
[67.223s] [  0%] Built target jsk_recognition_msgs_generate_messages_nodejs
[67.251s] [  0%] Built target autoware_lanelet2_msgs_generate_messages_py
[67.277s] [  0%] Built target roscpp_generate_messages_lisp
[67.304s] [  0%] Built target rosgraph_msgs_generate_messages_lisp
[67.333s] [  0%] Built target rosgraph_msgs_generate_messages_nodejs
[67.360s] [  0%] Built target roscpp_generate_messages_eus
[67.387s] [  0%] Built target actionlib_msgs_generate_messages_eus
[67.416s] [  0%] Built target rosgraph_msgs_generate_messages_py
[67.444s] [  0%] Built target pcl_msgs_generate_messages_py
[67.477s] [  0%] Built target actionlib_generate_messages_eus
[67.506s] [  0%] Built target geometry_msgs_generate_messages_cpp
[67.534s] [  0%] Built target actionlib_generate_messages_lisp
[67.563s] [  0%] Built target pcl_msgs_generate_messages_lisp
[67.590s] [  0%] Built target tf_generate_messages_cpp
[67.617s] [  0%] Built target actionlib_generate_messages_nodejs
[67.643s] [  0%] Built target visualization_msgs_generate_messages_cpp
[67.670s] [  0%] Built target tf2_msgs_generate_messages_eus
[67.697s] [  0%] Built target dynamic_reconfigure_gencfg
[67.724s] [  0%] Built target tf2_msgs_generate_messages_lisp
[67.750s] [  0%] Built target actionlib_generate_messages_py
[67.778s] [  0%] Built target tf2_msgs_generate_messages_py
[67.808s] [  0%] Built target autoware_lanelet2_msgs_generate_messages_eus
[67.835s] [  0%] Built target tf2_msgs_generate_messages_nodejs
[67.861s] [  0%] Built target autoware_lanelet2_msgs_generate_messages_lisp
[67.887s] [  0%] Built target roscpp_generate_messages_py
[67.919s] [ 15%] Built target get_file
[67.974s] [ 38%] Built target points_map_filter
[68.022s] [ 53%] Built target lanelet2_map_visualization
[68.071s] [ 69%] Built target lanelet2_map_loader
[68.123s] [ 84%] Built target points_map_loader
[68.164s] [100%] Built target vector_map_loader
[68.194s] Install the project...
[68.205s] -- Install configuration: "Release"
[68.205s] -- Installing: /home/autoware/Autoware/install/map_file/lib/pkgconfig/map_file.pc
[68.206s] -- Installing: /home/autoware/Autoware/install/map_file/share/map_file/cmake/map_fileConfig.cmake
[68.206s] -- Installing: /home/autoware/Autoware/install/map_file/share/map_file/cmake/map_fileConfig-version.cmake
[68.207s] -- Installing: /home/autoware/Autoware/install/map_file/share/map_file/package.xml
[68.207s] -- Installing: /home/autoware/Autoware/install/map_file/lib/libget_file.so
[68.208s] -- Installing: /home/autoware/Autoware/install/map_file/lib/map_file/points_map_loader
[68.209s] -- Set runtime path of "/home/autoware/Autoware/install/map_file/lib/map_file/points_map_loader" to ""
[68.209s] -- Installing: /home/autoware/Autoware/install/map_file/lib/map_file/vector_map_loader
[68.211s] -- Set runtime path of "/home/autoware/Autoware/install/map_file/lib/map_file/vector_map_loader" to ""
[68.211s] -- Installing: /home/autoware/Autoware/install/map_file/lib/map_file/lanelet2_map_loader
[68.212s] -- Set runtime path of "/home/autoware/Autoware/install/map_file/lib/map_file/lanelet2_map_loader" to ""
[68.212s] -- Installing: /home/autoware/Autoware/install/map_file/lib/map_file/lanelet2_map_visualization
[68.213s] -- Set runtime path of "/home/autoware/Autoware/install/map_file/lib/map_file/lanelet2_map_visualization" to ""
[68.214s] -- Installing: /home/autoware/Autoware/install/map_file/lib/map_file/points_map_filter
[68.215s] -- Set runtime path of "/home/autoware/Autoware/install/map_file/lib/map_file/points_map_filter" to ""
[68.215s] -- Installing: /home/autoware/Autoware/install/map_file/include/map_file
[68.215s] -- Installing: /home/autoware/Autoware/install/map_file/include/map_file/points_map_filter.h
[68.216s] -- Installing: /home/autoware/Autoware/install/map_file/include/map_file/get_file.h
[68.216s] -- Installing: /home/autoware/Autoware/install/map_file/share/map_file/launch
[68.216s] -- Installing: /home/autoware/Autoware/install/map_file/share/map_file/launch/lanelet2_map_loader.launch
[68.217s] -- Installing: /home/autoware/Autoware/install/map_file/share/map_file/launch/points_map_loader.launch
[68.218s] -- Installing: /home/autoware/Autoware/install/map_file/share/map_file/launch/map_filter.launch
[68.218s] -- Installing: /home/autoware/Autoware/install/map_file/share/map_file/launch/vector_map_loader.launch
[68.219s] -- Installing: /home/autoware/Autoware/install/map_file/share/map_file/launch/map_downloader.launch
[68.230s] Invoked command in '/home/autoware/Autoware/build/map_file' returned '0': CMAKE_PREFIX_PATH=/home/autoware/Autoware/install/lanelet2_extension:/home/autoware/Autoware/install/vector_map:/home/autoware/Autoware/install/amathutils_lib:/home/autoware/Autoware/install/vector_map_msgs:/home/autoware/Autoware/install/autoware_msgs:/home/autoware/Autoware/install/autoware_lanelet2_msgs:/home/autoware/Autoware/install/autoware_build_flags:${CMAKE_PREFIX_PATH} LD_LIBRARY_PATH=/home/autoware/Autoware/install/lanelet2_extension/lib:/home/autoware/Autoware/install/vector_map/lib:/home/autoware/Autoware/install/amathutils_lib/lib:${LD_LIBRARY_PATH} PKG_CONFIG_PATH=/home/autoware/Autoware/install/lanelet2_extension/lib/x86_64-linux-gnu/pkgconfig:/home/autoware/Autoware/install/lanelet2_extension/lib/pkgconfig:/home/autoware/Autoware/install/vector_map/lib/x86_64-linux-gnu/pkgconfig:/home/autoware/Autoware/install/vector_map/lib/pkgconfig:/home/autoware/Autoware/install/amathutils_lib/lib/x86_64-linux-gnu/pkgconfig:/home/autoware/Autoware/install/amathutils_lib/lib/pkgconfig:/home/autoware/Autoware/install/vector_map_msgs/lib/x86_64-linux-gnu/pkgconfig:/home/autoware/Autoware/install/vector_map_msgs/lib/pkgconfig:/home/autoware/Autoware/install/autoware_msgs/lib/x86_64-linux-gnu/pkgconfig:/home/autoware/Autoware/install/autoware_msgs/lib/pkgconfig:/home/autoware/Autoware/install/autoware_lanelet2_msgs/lib/x86_64-linux-gnu/pkgconfig:/home/autoware/Autoware/install/autoware_lanelet2_msgs/lib/pkgconfig:/home/autoware/Autoware/install/autoware_build_flags/lib/x86_64-linux-gnu/pkgconfig:/home/autoware/Autoware/install/autoware_build_flags/lib/pkgconfig:${PKG_CONFIG_PATH} PYTHONPATH=/home/autoware/Autoware/install/vector_map_msgs/lib/python2.7/dist-packages:/home/autoware/Autoware/install/autoware_msgs/lib/python2.7/dist-packages:/home/autoware/Autoware/install/autoware_lanelet2_msgs/lib/python2.7/dist-packages:${PYTHONPATH} ROS_PACKAGE_PATH=/home/autoware/Autoware/install/lanelet2_extension/share:/home/autoware/Autoware/install/vector_map/share:/home/autoware/Autoware/install/amathutils_lib/share:/home/autoware/Autoware/install/vector_map_msgs/share:/home/autoware/Autoware/install/autoware_msgs/share:/home/autoware/Autoware/install/autoware_lanelet2_msgs/share:/home/autoware/Autoware/install/autoware_build_flags/share:${ROS_PACKAGE_PATH} /usr/bin/cmake --build /home/autoware/Autoware/build/map_file --target install -- -j2 -l2
