[0.014s] Invoking command in '/home/autoware/Autoware/build/kitti_box_publisher': CMAKE_PREFIX_PATH=/home/autoware/Autoware/install/autoware_msgs:${CMAKE_PREFIX_PATH} PKG_CONFIG_PATH=/home/autoware/Autoware/install/autoware_msgs/lib/x86_64-linux-gnu/pkgconfig:/home/autoware/Autoware/install/autoware_msgs/lib/pkgconfig:${PKG_CONFIG_PATH} PYTHONPATH=/home/autoware/Autoware/install/autoware_msgs/lib/python2.7/dist-packages:${PYTHONPATH} ROS_PACKAGE_PATH=/home/autoware/Autoware/install/autoware_msgs/share:${ROS_PACKAGE_PATH} /usr/bin/cmake /home/autoware/Autoware/src/autoware/utilities/kitti_box_publisher -DCMAKE_BUILD_TYPE=Release -DCATKIN_INSTALL_INTO_PREFIX_ROOT=0 -DCMAKE_INSTALL_PREFIX=/home/autoware/Autoware/install/kitti_box_publisher
[0.092s] -- The C compiler identification is GNU 7.5.0
[0.168s] -- The CXX compiler identification is GNU 7.5.0
[0.174s] -- Check for working C compiler: /usr/bin/cc
[0.261s] -- Check for working C compiler: /usr/bin/cc -- works
[0.262s] -- Detecting C compiler ABI info
[0.353s] -- Detecting C compiler ABI info - done
[0.359s] -- Detecting C compile features
[0.626s] -- Detecting C compile features - done
[0.630s] -- Check for working CXX compiler: /usr/bin/c++
[0.727s] -- Check for working CXX compiler: /usr/bin/c++ -- works
[0.728s] -- Detecting CXX compiler ABI info
[0.831s] -- Detecting CXX compiler ABI info - done
[0.840s] -- Detecting CXX compile features
[1.302s] -- Detecting CXX compile features - done
[1.305s] -- Using CATKIN_DEVEL_PREFIX: /home/autoware/Autoware/build/kitti_box_publisher/devel
[1.305s] -- Using CMAKE_PREFIX_PATH: /home/autoware/Autoware/install/autoware_msgs;/opt/ros/melodic
[1.310s] -- This workspace overlays: /home/autoware/Autoware/install/autoware_msgs;/opt/ros/melodic
[1.328s] -- Found PythonInterp: /usr/bin/python2 (found suitable version "2.7.17", minimum required is "2") 
[1.328s] -- Using PYTHON_EXECUTABLE: /usr/bin/python2
[1.328s] -- Using Debian Python package layout
[1.330s] -- Using empy: /usr/bin/empy
[1.498s] -- Using CATKIN_ENABLE_TESTING: ON
[1.498s] -- Call enable_testing()
[1.502s] -- Using CATKIN_TEST_RESULTS_DIR: /home/autoware/Autoware/build/kitti_box_publisher/test_results
[1.531s] -- Found gtest sources under '/usr/src/googletest': gtests will be built
[1.531s] -- Found gmock sources under '/usr/src/googletest': gmock will be built
[1.553s] -- Found PythonInterp: /usr/bin/python2 (found version "2.7.17") 
[1.553s] -- Looking for pthread.h
[1.644s] -- Looking for pthread.h - found
[1.644s] -- Looking for pthread_create
[1.737s] -- Looking for pthread_create - not found
[1.737s] -- Looking for pthread_create in pthreads
[1.814s] -- Looking for pthread_create in pthreads - not found
[1.814s] -- Looking for pthread_create in pthread
[1.904s] -- Looking for pthread_create in pthread - found
[1.905s] -- Found Threads: TRUE  
[1.906s] -- Using Python nosetests: /usr/bin/nosetests-2.7
[1.957s] -- catkin 0.7.26
[1.958s] -- BUILD_SHARED_LIBS is on
[2.151s] -- Using these message generators: gencpp;geneus;genlisp;gennodejs;genpy
[2.379s] -- Configuring done
[2.404s] -- Generating done
[2.412s] -- Build files have been written to: /home/autoware/Autoware/build/kitti_box_publisher
[2.417s] Invoked command in '/home/autoware/Autoware/build/kitti_box_publisher' returned '0': CMAKE_PREFIX_PATH=/home/autoware/Autoware/install/autoware_msgs:${CMAKE_PREFIX_PATH} PKG_CONFIG_PATH=/home/autoware/Autoware/install/autoware_msgs/lib/x86_64-linux-gnu/pkgconfig:/home/autoware/Autoware/install/autoware_msgs/lib/pkgconfig:${PKG_CONFIG_PATH} PYTHONPATH=/home/autoware/Autoware/install/autoware_msgs/lib/python2.7/dist-packages:${PYTHONPATH} ROS_PACKAGE_PATH=/home/autoware/Autoware/install/autoware_msgs/share:${ROS_PACKAGE_PATH} /usr/bin/cmake /home/autoware/Autoware/src/autoware/utilities/kitti_box_publisher -DCMAKE_BUILD_TYPE=Release -DCATKIN_INSTALL_INTO_PREFIX_ROOT=0 -DCMAKE_INSTALL_PREFIX=/home/autoware/Autoware/install/kitti_box_publisher
[2.418s] Invoking command in '/home/autoware/Autoware/build/kitti_box_publisher': CMAKE_PREFIX_PATH=/home/autoware/Autoware/install/autoware_msgs:${CMAKE_PREFIX_PATH} PKG_CONFIG_PATH=/home/autoware/Autoware/install/autoware_msgs/lib/x86_64-linux-gnu/pkgconfig:/home/autoware/Autoware/install/autoware_msgs/lib/pkgconfig:${PKG_CONFIG_PATH} PYTHONPATH=/home/autoware/Autoware/install/autoware_msgs/lib/python2.7/dist-packages:${PYTHONPATH} ROS_PACKAGE_PATH=/home/autoware/Autoware/install/autoware_msgs/share:${ROS_PACKAGE_PATH} /usr/bin/cmake --build /home/autoware/Autoware/build/kitti_box_publisher -- -j2 -l2
[2.479s] Invoked command in '/home/autoware/Autoware/build/kitti_box_publisher' returned '0': CMAKE_PREFIX_PATH=/home/autoware/Autoware/install/autoware_msgs:${CMAKE_PREFIX_PATH} PKG_CONFIG_PATH=/home/autoware/Autoware/install/autoware_msgs/lib/x86_64-linux-gnu/pkgconfig:/home/autoware/Autoware/install/autoware_msgs/lib/pkgconfig:${PKG_CONFIG_PATH} PYTHONPATH=/home/autoware/Autoware/install/autoware_msgs/lib/python2.7/dist-packages:${PYTHONPATH} ROS_PACKAGE_PATH=/home/autoware/Autoware/install/autoware_msgs/share:${ROS_PACKAGE_PATH} /usr/bin/cmake --build /home/autoware/Autoware/build/kitti_box_publisher -- -j2 -l2
[2.565s] Invoking command in '/home/autoware/Autoware/build/kitti_box_publisher': CMAKE_PREFIX_PATH=/home/autoware/Autoware/install/autoware_msgs:${CMAKE_PREFIX_PATH} PKG_CONFIG_PATH=/home/autoware/Autoware/install/autoware_msgs/lib/x86_64-linux-gnu/pkgconfig:/home/autoware/Autoware/install/autoware_msgs/lib/pkgconfig:${PKG_CONFIG_PATH} PYTHONPATH=/home/autoware/Autoware/install/autoware_msgs/lib/python2.7/dist-packages:${PYTHONPATH} ROS_PACKAGE_PATH=/home/autoware/Autoware/install/autoware_msgs/share:${ROS_PACKAGE_PATH} /usr/bin/cmake --build /home/autoware/Autoware/build/kitti_box_publisher --target tests -- -j2 -l2
[2.635s] Scanning dependencies of target tests
[2.648s] Built target tests
[2.662s] Invoked command in '/home/autoware/Autoware/build/kitti_box_publisher' returned '0': CMAKE_PREFIX_PATH=/home/autoware/Autoware/install/autoware_msgs:${CMAKE_PREFIX_PATH} PKG_CONFIG_PATH=/home/autoware/Autoware/install/autoware_msgs/lib/x86_64-linux-gnu/pkgconfig:/home/autoware/Autoware/install/autoware_msgs/lib/pkgconfig:${PKG_CONFIG_PATH} PYTHONPATH=/home/autoware/Autoware/install/autoware_msgs/lib/python2.7/dist-packages:${PYTHONPATH} ROS_PACKAGE_PATH=/home/autoware/Autoware/install/autoware_msgs/share:${ROS_PACKAGE_PATH} /usr/bin/cmake --build /home/autoware/Autoware/build/kitti_box_publisher --target tests -- -j2 -l2
[2.758s] Invoking command in '/home/autoware/Autoware/build/kitti_box_publisher': CMAKE_PREFIX_PATH=/home/autoware/Autoware/install/autoware_msgs:${CMAKE_PREFIX_PATH} PKG_CONFIG_PATH=/home/autoware/Autoware/install/autoware_msgs/lib/x86_64-linux-gnu/pkgconfig:/home/autoware/Autoware/install/autoware_msgs/lib/pkgconfig:${PKG_CONFIG_PATH} PYTHONPATH=/home/autoware/Autoware/install/autoware_msgs/lib/python2.7/dist-packages:${PYTHONPATH} ROS_PACKAGE_PATH=/home/autoware/Autoware/install/autoware_msgs/share:${ROS_PACKAGE_PATH} /usr/bin/cmake --build /home/autoware/Autoware/build/kitti_box_publisher --target install -- -j2 -l2
[2.820s] Install the project...
[2.831s] -- Install configuration: "Release"
[2.831s] -- Installing: /home/autoware/Autoware/install/kitti_box_publisher/lib/pkgconfig/kitti_box_publisher.pc
[2.832s] -- Installing: /home/autoware/Autoware/install/kitti_box_publisher/share/kitti_box_publisher/cmake/kitti_box_publisherConfig.cmake
[2.832s] -- Installing: /home/autoware/Autoware/install/kitti_box_publisher/share/kitti_box_publisher/cmake/kitti_box_publisherConfig-version.cmake
[2.833s] -- Installing: /home/autoware/Autoware/install/kitti_box_publisher/share/kitti_box_publisher/package.xml
[2.833s] -- Installing: /home/autoware/Autoware/install/kitti_box_publisher/lib/kitti_box_publisher/kitti_box_publisher.py
[2.845s] Invoked command in '/home/autoware/Autoware/build/kitti_box_publisher' returned '0': CMAKE_PREFIX_PATH=/home/autoware/Autoware/install/autoware_msgs:${CMAKE_PREFIX_PATH} PKG_CONFIG_PATH=/home/autoware/Autoware/install/autoware_msgs/lib/x86_64-linux-gnu/pkgconfig:/home/autoware/Autoware/install/autoware_msgs/lib/pkgconfig:${PKG_CONFIG_PATH} PYTHONPATH=/home/autoware/Autoware/install/autoware_msgs/lib/python2.7/dist-packages:${PYTHONPATH} ROS_PACKAGE_PATH=/home/autoware/Autoware/install/autoware_msgs/share:${ROS_PACKAGE_PATH} /usr/bin/cmake --build /home/autoware/Autoware/build/kitti_box_publisher --target install -- -j2 -l2
