[0.010s] Invoking command in '/home/autoware/Autoware/build/autoware_rviz_plugins': CMAKE_PREFIX_PATH=/home/autoware/Autoware/install/autoware_build_flags:${CMAKE_PREFIX_PATH} PKG_CONFIG_PATH=/home/autoware/Autoware/install/autoware_build_flags/lib/x86_64-linux-gnu/pkgconfig:/home/autoware/Autoware/install/autoware_build_flags/lib/pkgconfig:${PKG_CONFIG_PATH} ROS_PACKAGE_PATH=/home/autoware/Autoware/install/autoware_build_flags/share:${ROS_PACKAGE_PATH} /usr/bin/cmake /home/autoware/Autoware/src/autoware/visualization/state_panel -DCMAKE_BUILD_TYPE=Release -DCATKIN_INSTALL_INTO_PREFIX_ROOT=0 -DCMAKE_INSTALL_PREFIX=/home/autoware/Autoware/install/autoware_rviz_plugins
[0.088s] -- The C compiler identification is GNU 7.5.0
[0.158s] -- The CXX compiler identification is GNU 7.5.0
[0.163s] -- Check for working C compiler: /usr/bin/cc
[0.243s] -- Check for working C compiler: /usr/bin/cc -- works
[0.243s] -- Detecting C compiler ABI info
[0.328s] -- Detecting C compiler ABI info - done
[0.337s] -- Detecting C compile features
[0.577s] -- Detecting C compile features - done
[0.581s] -- Check for working CXX compiler: /usr/bin/c++
[0.677s] -- Check for working CXX compiler: /usr/bin/c++ -- works
[0.678s] -- Detecting CXX compiler ABI info
[0.779s] -- Detecting CXX compiler ABI info - done
[0.790s] -- Detecting CXX compile features
[1.226s] -- Detecting CXX compile features - done
[1.227s] -- CUDA compilation status: ON.
[1.229s] -- Using CATKIN_DEVEL_PREFIX: /home/autoware/Autoware/build/autoware_rviz_plugins/devel
[1.229s] -- Using CMAKE_PREFIX_PATH: /home/autoware/Autoware/install/autoware_build_flags;/opt/ros/melodic
[1.229s] -- This workspace overlays: /home/autoware/Autoware/install/autoware_build_flags;/opt/ros/melodic
[1.247s] -- Found PythonInterp: /usr/bin/python2 (found suitable version "2.7.17", minimum required is "2") 
[1.247s] -- Using PYTHON_EXECUTABLE: /usr/bin/python2
[1.247s] -- Using Debian Python package layout
[1.247s] -- Using empy: /usr/bin/empy
[1.405s] -- Using CATKIN_ENABLE_TESTING: ON
[1.405s] -- Call enable_testing()
[1.411s] -- Using CATKIN_TEST_RESULTS_DIR: /home/autoware/Autoware/build/autoware_rviz_plugins/test_results
[1.433s] -- Found gtest sources under '/usr/src/googletest': gtests will be built
[1.433s] -- Found gmock sources under '/usr/src/googletest': gmock will be built
[1.449s] -- Found PythonInterp: /usr/bin/python2 (found version "2.7.17") 
[1.450s] -- Looking for pthread.h
[1.541s] -- Looking for pthread.h - found
[1.541s] -- Looking for pthread_create
[1.629s] -- Looking for pthread_create - not found
[1.629s] -- Looking for pthread_create in pthreads
[1.692s] -- Looking for pthread_create in pthreads - not found
[1.692s] -- Looking for pthread_create in pthread
[1.780s] -- Looking for pthread_create in pthread - found
[1.781s] -- Found Threads: TRUE  
[1.786s] -- Using Python nosetests: /usr/bin/nosetests-2.7
[1.839s] -- catkin 0.7.26
[1.839s] -- BUILD_SHARED_LIBS is on
[2.103s] -- Using these message generators: gencpp;geneus;genlisp;gennodejs;genpy
[2.343s] -- Using Qt5 based on the rviz_QT_VERSION: 5.9.5
[2.499s] -- Configuring done
[2.564s] -- Generating done
[2.574s] -- Build files have been written to: /home/autoware/Autoware/build/autoware_rviz_plugins
[2.584s] Invoked command in '/home/autoware/Autoware/build/autoware_rviz_plugins' returned '0': CMAKE_PREFIX_PATH=/home/autoware/Autoware/install/autoware_build_flags:${CMAKE_PREFIX_PATH} PKG_CONFIG_PATH=/home/autoware/Autoware/install/autoware_build_flags/lib/x86_64-linux-gnu/pkgconfig:/home/autoware/Autoware/install/autoware_build_flags/lib/pkgconfig:${PKG_CONFIG_PATH} ROS_PACKAGE_PATH=/home/autoware/Autoware/install/autoware_build_flags/share:${ROS_PACKAGE_PATH} /usr/bin/cmake /home/autoware/Autoware/src/autoware/visualization/state_panel -DCMAKE_BUILD_TYPE=Release -DCATKIN_INSTALL_INTO_PREFIX_ROOT=0 -DCMAKE_INSTALL_PREFIX=/home/autoware/Autoware/install/autoware_rviz_plugins
[2.585s] Invoking command in '/home/autoware/Autoware/build/autoware_rviz_plugins': CMAKE_PREFIX_PATH=/home/autoware/Autoware/install/autoware_build_flags:${CMAKE_PREFIX_PATH} PKG_CONFIG_PATH=/home/autoware/Autoware/install/autoware_build_flags/lib/x86_64-linux-gnu/pkgconfig:/home/autoware/Autoware/install/autoware_build_flags/lib/pkgconfig:${PKG_CONFIG_PATH} ROS_PACKAGE_PATH=/home/autoware/Autoware/install/autoware_build_flags/share:${ROS_PACKAGE_PATH} /usr/bin/cmake --build /home/autoware/Autoware/build/autoware_rviz_plugins -- -j2 -l2
[2.640s] Scanning dependencies of target autoware_rviz_plugins_autogen
[2.650s] [ 20%] Automatic MOC for target autoware_rviz_plugins
[4.022s] [ 20%] Built target autoware_rviz_plugins_autogen
[4.100s] Scanning dependencies of target autoware_rviz_plugins
[4.127s] [ 40%] Building CXX object CMakeFiles/autoware_rviz_plugins.dir/src/state_panel/state_panel.cpp.o
[7.886s] [ 60%] Building CXX object CMakeFiles/autoware_rviz_plugins.dir/src/sim_object/autoware_flag_tool.cpp.o
[16.894s] [ 80%] Building CXX object CMakeFiles/autoware_rviz_plugins.dir/autoware_rviz_plugins_autogen/mocs_compilation.cpp.o
[19.278s] [100%] Linking CXX shared library devel/lib/libautoware_rviz_plugins.so
[19.746s] [100%] Built target autoware_rviz_plugins
[19.762s] Invoked command in '/home/autoware/Autoware/build/autoware_rviz_plugins' returned '0': CMAKE_PREFIX_PATH=/home/autoware/Autoware/install/autoware_build_flags:${CMAKE_PREFIX_PATH} PKG_CONFIG_PATH=/home/autoware/Autoware/install/autoware_build_flags/lib/x86_64-linux-gnu/pkgconfig:/home/autoware/Autoware/install/autoware_build_flags/lib/pkgconfig:${PKG_CONFIG_PATH} ROS_PACKAGE_PATH=/home/autoware/Autoware/install/autoware_build_flags/share:${ROS_PACKAGE_PATH} /usr/bin/cmake --build /home/autoware/Autoware/build/autoware_rviz_plugins -- -j2 -l2
[19.874s] Invoking command in '/home/autoware/Autoware/build/autoware_rviz_plugins': CMAKE_PREFIX_PATH=/home/autoware/Autoware/install/autoware_build_flags:${CMAKE_PREFIX_PATH} PKG_CONFIG_PATH=/home/autoware/Autoware/install/autoware_build_flags/lib/x86_64-linux-gnu/pkgconfig:/home/autoware/Autoware/install/autoware_build_flags/lib/pkgconfig:${PKG_CONFIG_PATH} ROS_PACKAGE_PATH=/home/autoware/Autoware/install/autoware_build_flags/share:${ROS_PACKAGE_PATH} /usr/bin/cmake --build /home/autoware/Autoware/build/autoware_rviz_plugins --target tests -- -j2 -l2
[19.939s] Scanning dependencies of target tests
[19.949s] Built target tests
[19.963s] Invoked command in '/home/autoware/Autoware/build/autoware_rviz_plugins' returned '0': CMAKE_PREFIX_PATH=/home/autoware/Autoware/install/autoware_build_flags:${CMAKE_PREFIX_PATH} PKG_CONFIG_PATH=/home/autoware/Autoware/install/autoware_build_flags/lib/x86_64-linux-gnu/pkgconfig:/home/autoware/Autoware/install/autoware_build_flags/lib/pkgconfig:${PKG_CONFIG_PATH} ROS_PACKAGE_PATH=/home/autoware/Autoware/install/autoware_build_flags/share:${ROS_PACKAGE_PATH} /usr/bin/cmake --build /home/autoware/Autoware/build/autoware_rviz_plugins --target tests -- -j2 -l2
[20.081s] Invoking command in '/home/autoware/Autoware/build/autoware_rviz_plugins': CMAKE_PREFIX_PATH=/home/autoware/Autoware/install/autoware_build_flags:${CMAKE_PREFIX_PATH} PKG_CONFIG_PATH=/home/autoware/Autoware/install/autoware_build_flags/lib/x86_64-linux-gnu/pkgconfig:/home/autoware/Autoware/install/autoware_build_flags/lib/pkgconfig:${PKG_CONFIG_PATH} ROS_PACKAGE_PATH=/home/autoware/Autoware/install/autoware_build_flags/share:${ROS_PACKAGE_PATH} /usr/bin/cmake --build /home/autoware/Autoware/build/autoware_rviz_plugins --target install -- -j2 -l2
[20.146s] [ 20%] Automatic MOC for target autoware_rviz_plugins
[20.165s] [ 20%] Built target autoware_rviz_plugins_autogen
[20.208s] [100%] Built target autoware_rviz_plugins
[20.231s] Install the project...
[20.241s] -- Install configuration: "Release"
[20.242s] -- Installing: /home/autoware/Autoware/install/autoware_rviz_plugins/lib/pkgconfig/autoware_rviz_plugins.pc
[20.243s] -- Installing: /home/autoware/Autoware/install/autoware_rviz_plugins/share/autoware_rviz_plugins/cmake/autoware_rviz_pluginsConfig.cmake
[20.243s] -- Installing: /home/autoware/Autoware/install/autoware_rviz_plugins/share/autoware_rviz_plugins/cmake/autoware_rviz_pluginsConfig-version.cmake
[20.243s] -- Installing: /home/autoware/Autoware/install/autoware_rviz_plugins/share/autoware_rviz_plugins/package.xml
[20.244s] -- Installing: /home/autoware/Autoware/install/autoware_rviz_plugins/lib/libautoware_rviz_plugins.so
[20.249s] -- Set runtime path of "/home/autoware/Autoware/install/autoware_rviz_plugins/lib/libautoware_rviz_plugins.so" to ""
[20.249s] -- Installing: /home/autoware/Autoware/install/autoware_rviz_plugins/share/autoware_rviz_plugins/media
[20.249s] -- Installing: /home/autoware/Autoware/install/autoware_rviz_plugins/share/autoware_rviz_plugins/media/flag.dae
[20.251s] -- Installing: /home/autoware/Autoware/install/autoware_rviz_plugins/share/autoware_rviz_plugins/icons
[20.251s] -- Installing: /home/autoware/Autoware/install/autoware_rviz_plugins/share/autoware_rviz_plugins/icons/classes
[20.252s] -- Installing: /home/autoware/Autoware/install/autoware_rviz_plugins/share/autoware_rviz_plugins/icons/classes/OpFlag.png
[20.253s] -- Installing: /home/autoware/Autoware/install/autoware_rviz_plugins/share/autoware_rviz_plugins/plugin_description.xml
[20.261s] Invoked command in '/home/autoware/Autoware/build/autoware_rviz_plugins' returned '0': CMAKE_PREFIX_PATH=/home/autoware/Autoware/install/autoware_build_flags:${CMAKE_PREFIX_PATH} PKG_CONFIG_PATH=/home/autoware/Autoware/install/autoware_build_flags/lib/x86_64-linux-gnu/pkgconfig:/home/autoware/Autoware/install/autoware_build_flags/lib/pkgconfig:${PKG_CONFIG_PATH} ROS_PACKAGE_PATH=/home/autoware/Autoware/install/autoware_build_flags/share:${ROS_PACKAGE_PATH} /usr/bin/cmake --build /home/autoware/Autoware/build/autoware_rviz_plugins --target install -- -j2 -l2
