[0.013s] Invoking command in '/home/autoware/Autoware/build/kitti_player': CMAKE_PREFIX_PATH=/home/autoware/Autoware/install/autoware_build_flags:${CMAKE_PREFIX_PATH} PKG_CONFIG_PATH=/home/autoware/Autoware/install/autoware_build_flags/lib/x86_64-linux-gnu/pkgconfig:/home/autoware/Autoware/install/autoware_build_flags/lib/pkgconfig:${PKG_CONFIG_PATH} ROS_PACKAGE_PATH=/home/autoware/Autoware/install/autoware_build_flags/share:${ROS_PACKAGE_PATH} /usr/bin/cmake /home/autoware/Autoware/src/autoware/utilities/kitti_player -DCMAKE_BUILD_TYPE=Release -DCATKIN_INSTALL_INTO_PREFIX_ROOT=0 -DCMAKE_INSTALL_PREFIX=/home/autoware/Autoware/install/kitti_player
[0.091s] -- The C compiler identification is GNU 7.5.0
[0.168s] -- The CXX compiler identification is GNU 7.5.0
[0.175s] -- Check for working C compiler: /usr/bin/cc
[0.266s] -- Check for working C compiler: /usr/bin/cc -- works
[0.268s] -- Detecting C compiler ABI info
[0.368s] -- Detecting C compiler ABI info - done
[0.371s] -- Detecting C compile features
[0.634s] -- Detecting C compile features - done
[0.640s] -- Check for working CXX compiler: /usr/bin/c++
[0.734s] -- Check for working CXX compiler: /usr/bin/c++ -- works
[0.734s] -- Detecting CXX compiler ABI info
[0.832s] -- Detecting CXX compiler ABI info - done
[0.843s] -- Detecting CXX compile features
[1.280s] -- Detecting CXX compile features - done
[1.282s] -- CUDA compilation status: ON.
[1.284s] -- Using CATKIN_DEVEL_PREFIX: /home/autoware/Autoware/build/kitti_player/devel
[1.284s] -- Using CMAKE_PREFIX_PATH: /home/autoware/Autoware/install/autoware_build_flags;/opt/ros/melodic
[1.284s] -- This workspace overlays: /home/autoware/Autoware/install/autoware_build_flags;/opt/ros/melodic
[1.304s] -- Found PythonInterp: /usr/bin/python2 (found suitable version "2.7.17", minimum required is "2") 
[1.304s] -- Using PYTHON_EXECUTABLE: /usr/bin/python2
[1.306s] -- Using Debian Python package layout
[1.306s] -- Using empy: /usr/bin/empy
[1.465s] -- Using CATKIN_ENABLE_TESTING: ON
[1.465s] -- Call enable_testing()
[1.476s] -- Using CATKIN_TEST_RESULTS_DIR: /home/autoware/Autoware/build/kitti_player/test_results
[1.495s] -- Found gtest sources under '/usr/src/googletest': gtests will be built
[1.496s] -- Found gmock sources under '/usr/src/googletest': gmock will be built
[1.522s] -- Found PythonInterp: /usr/bin/python2 (found version "2.7.17") 
[1.524s] -- Looking for pthread.h
[1.617s] -- Looking for pthread.h - found
[1.617s] -- Looking for pthread_create
[1.706s] -- Looking for pthread_create - not found
[1.706s] -- Looking for pthread_create in pthreads
[1.780s] -- Looking for pthread_create in pthreads - not found
[1.781s] -- Looking for pthread_create in pthread
[1.882s] -- Looking for pthread_create in pthread - found
[1.882s] -- Found Threads: TRUE  
[1.886s] -- Using Python nosetests: /usr/bin/nosetests-2.7
[1.950s] -- catkin 0.7.26
[1.950s] -- BUILD_SHARED_LIBS is on
[2.818s] -- Using these message generators: gencpp;geneus;genlisp;gennodejs;genpy
[3.293s] -- Checking for module 'eigen3'
[3.319s] --   Found eigen3, version 3.3.7
[3.404s] -- Found eigen: /usr/local/include/eigen3  
[3.489s] -- Boost version: 1.65.1
[3.489s] -- Found the following Boost libraries:
[3.489s] --   system
[3.490s] --   filesystem
[3.490s] --   thread
[3.490s] --   date_time
[3.491s] --   iostreams
[3.491s] --   serialization
[3.491s] --   chrono
[3.491s] --   atomic
[3.492s] --   regex
[3.495s] -- Checking for module 'libopenni'
[3.519s] --   Found libopenni, version 1.5.4.0
[3.584s] -- Found openni: /usr/lib/libOpenNI.so  
[3.585s] -- Checking for module 'libopenni2'
[3.608s] --   Found libopenni2, version 2.2.0.3
[3.675s] -- Found OpenNI2: /usr/lib/libOpenNI2.so  
[3.682s] -- Could NOT find ensenso (missing: ENSENSO_LIBRARY ENSENSO_INCLUDE_DIR) 
[3.682s] ** WARNING ** io features related to ensenso will be disabled
[3.686s] -- Could NOT find DAVIDSDK (missing: DAVIDSDK_LIBRARY DAVIDSDK_INCLUDE_DIR) 
[3.686s] ** WARNING ** io features related to davidSDK will be disabled
[3.688s] -- Could NOT find DSSDK (missing: _DSSDK_LIBRARIES) 
[3.688s] ** WARNING ** io features related to dssdk will be disabled
[3.689s] ** WARNING ** io features related to pcap will be disabled
[3.689s] ** WARNING ** io features related to png will be disabled
[3.759s] -- The imported target "vtkRenderingPythonTkWidgets" references the file
[3.759s]    "/usr/lib/x86_64-linux-gnu/libvtkRenderingPythonTkWidgets.so"
[3.759s] but this file does not exist.  Possible reasons include:
[3.759s] * The file was deleted, renamed, or moved to another location.
[3.759s] * An install or uninstall procedure did not complete successfully.
[3.759s] * The installation package was faulty and contained
[3.759s]    "/usr/lib/cmake/vtk-6.3/VTKTargets.cmake"
[3.759s] but not all the files it references.
[3.760s] 
[3.761s] -- The imported target "vtk" references the file
[3.761s]    "/usr/bin/vtk"
[3.761s] but this file does not exist.  Possible reasons include:
[3.761s] * The file was deleted, renamed, or moved to another location.
[3.761s] * An install or uninstall procedure did not complete successfully.
[3.761s] * The installation package was faulty and contained
[3.761s]    "/usr/lib/cmake/vtk-6.3/VTKTargets.cmake"
[3.761s] but not all the files it references.
[3.761s] 
[3.848s] -- Found libusb-1.0: /usr/include  
[3.849s] ** WARNING ** io features related to libusb-1.0 will be disabled
[3.851s] -- Checking for module 'flann'
[3.884s] --   Found flann, version 1.9.1
[3.954s] -- Found Flann: /usr/lib/x86_64-linux-gnu/libflann_cpp_s.a  
[4.004s] -- Could NOT find ensenso (missing: ENSENSO_LIBRARY ENSENSO_INCLUDE_DIR) 
[4.005s] ** WARNING ** visualization features related to ensenso will be disabled
[4.008s] -- Could NOT find DAVIDSDK (missing: DAVIDSDK_LIBRARY DAVIDSDK_INCLUDE_DIR) 
[4.008s] ** WARNING ** visualization features related to davidSDK will be disabled
[4.010s] -- Could NOT find DSSDK (missing: _DSSDK_LIBRARIES) 
[4.010s] ** WARNING ** visualization features related to dssdk will be disabled
[4.011s] -- Could NOT find RSSDK (missing: _RSSDK_LIBRARIES) 
[4.012s] ** WARNING ** visualization features related to rssdk will be disabled
[4.055s] -- Found qhull: /usr/lib/x86_64-linux-gnu/libqhull.so  
[4.095s] -- looking for PCL_COMMON
[4.097s] -- Found PCL_COMMON: /usr/lib/x86_64-linux-gnu/libpcl_common.so  
[4.097s] -- looking for PCL_OCTREE
[4.099s] -- Found PCL_OCTREE: /usr/lib/x86_64-linux-gnu/libpcl_octree.so  
[4.100s] -- looking for PCL_IO
[4.101s] -- Found PCL_IO: /usr/lib/x86_64-linux-gnu/libpcl_io.so  
[4.102s] -- looking for PCL_KDTREE
[4.104s] -- Found PCL_KDTREE: /usr/lib/x86_64-linux-gnu/libpcl_kdtree.so  
[4.105s] -- looking for PCL_SEARCH
[4.107s] -- Found PCL_SEARCH: /usr/lib/x86_64-linux-gnu/libpcl_search.so  
[4.108s] -- looking for PCL_SAMPLE_CONSENSUS
[4.110s] -- Found PCL_SAMPLE_CONSENSUS: /usr/lib/x86_64-linux-gnu/libpcl_sample_consensus.so  
[4.111s] -- looking for PCL_FILTERS
[4.112s] -- Found PCL_FILTERS: /usr/lib/x86_64-linux-gnu/libpcl_filters.so  
[4.113s] -- looking for PCL_2D
[4.114s] -- Found PCL_2D: /usr/include/pcl-1.8  
[4.115s] -- looking for PCL_GEOMETRY
[4.116s] -- Found PCL_GEOMETRY: /usr/include/pcl-1.8  
[4.117s] -- looking for PCL_FEATURES
[4.119s] -- Found PCL_FEATURES: /usr/lib/x86_64-linux-gnu/libpcl_features.so  
[4.120s] -- looking for PCL_ML
[4.121s] -- Found PCL_ML: /usr/lib/x86_64-linux-gnu/libpcl_ml.so  
[4.122s] -- looking for PCL_SEGMENTATION
[4.124s] -- Found PCL_SEGMENTATION: /usr/lib/x86_64-linux-gnu/libpcl_segmentation.so  
[4.125s] -- looking for PCL_VISUALIZATION
[4.127s] -- Found PCL_VISUALIZATION: /usr/lib/x86_64-linux-gnu/libpcl_visualization.so  
[4.128s] -- looking for PCL_SURFACE
[4.130s] -- Found PCL_SURFACE: /usr/lib/x86_64-linux-gnu/libpcl_surface.so  
[4.131s] -- looking for PCL_REGISTRATION
[4.133s] -- Found PCL_REGISTRATION: /usr/lib/x86_64-linux-gnu/libpcl_registration.so  
[4.134s] -- looking for PCL_KEYPOINTS
[4.136s] -- Found PCL_KEYPOINTS: /usr/lib/x86_64-linux-gnu/libpcl_keypoints.so  
[4.137s] -- looking for PCL_TRACKING
[4.139s] -- Found PCL_TRACKING: /usr/lib/x86_64-linux-gnu/libpcl_tracking.so  
[4.140s] -- looking for PCL_RECOGNITION
[4.142s] -- Found PCL_RECOGNITION: /usr/lib/x86_64-linux-gnu/libpcl_recognition.so  
[4.143s] -- looking for PCL_STEREO
[4.145s] -- Found PCL_STEREO: /usr/lib/x86_64-linux-gnu/libpcl_stereo.so  
[4.146s] -- looking for PCL_APPS
[4.148s] -- Found PCL_APPS: /usr/lib/x86_64-linux-gnu/libpcl_apps.so  
[4.152s] -- looking for PCL_IN_HAND_SCANNER
[4.153s] -- Found PCL_IN_HAND_SCANNER: /usr/include/pcl-1.8  
[4.154s] -- looking for PCL_MODELER
[4.155s] -- Found PCL_MODELER: /usr/include/pcl-1.8  
[4.156s] -- looking for PCL_POINT_CLOUD_EDITOR
[4.157s] -- Found PCL_POINT_CLOUD_EDITOR: /usr/include/pcl-1.8  
[4.157s] -- looking for PCL_OUTOFCORE
[4.159s] -- Found PCL_OUTOFCORE: /usr/lib/x86_64-linux-gnu/libpcl_outofcore.so  
[4.160s] -- looking for PCL_PEOPLE
[4.162s] -- Found PCL_PEOPLE: /usr/lib/x86_64-linux-gnu/libpcl_people.so  
[4.194s] -- Found PCL: /usr/lib/x86_64-linux-gnu/libboost_system.so;/usr/lib/x86_64-linux-gnu/libboost_filesystem.so;/usr/lib/x86_64-linux-gnu/libboost_thread.so;/usr/lib/x86_64-linux-gnu/libboost_date_time.so;/usr/lib/x86_64-linux-gnu/libboost_iostreams.so;/usr/lib/x86_64-linux-gnu/libboost_serialization.so;/usr/lib/x86_64-linux-gnu/libboost_chrono.so;/usr/lib/x86_64-linux-gnu/libboost_atomic.so;/usr/lib/x86_64-linux-gnu/libboost_regex.so;/usr/lib/x86_64-linux-gnu/libpthread.so;optimized;/usr/lib/x86_64-linux-gnu/libpcl_common.so;debug;/usr/lib/x86_64-linux-gnu/libpcl_common.so;optimized;/usr/lib/x86_64-linux-gnu/libpcl_octree.so;debug;/usr/lib/x86_64-linux-gnu/libpcl_octree.so;/usr/lib/libOpenNI.so;/usr/lib/libOpenNI2.so;vtkChartsCore;vtkCommonColor;vtkCommonDataModel;vtkCommonMath;vtkCommonCore;vtksys;vtkCommonMisc;vtkCommonSystem;vtkCommonTransforms;vtkInfovisCore;vtkFiltersExtraction;vtkCommonExecutionModel;vtkFiltersCore;vtkFiltersGeneral;vtkCommonComputationalGeometry;vtkFiltersStatistics;vtkImagingFourier;vtkImagingCore;vtkalglib;vtkRenderingContext2D;vtkRenderingCore;vtkFiltersGeometry;vtkFiltersSources;vtkRenderingFreeType;/usr/lib/x86_64-linux-gnu/libfreetype.so;/usr/lib/x86_64-linux-gnu/libz.so;vtkftgl;vtkDICOMParser;vtkDomainsChemistry;vtkIOXML;vtkIOGeometry;vtkIOCore;vtkIOXMLParser;/usr/lib/x86_64-linux-gnu/libexpat.so;vtkFiltersAMR;vtkParallelCore;vtkIOLegacy;vtkFiltersFlowPaths;vtkFiltersGeneric;vtkFiltersHybrid;vtkImagingSources;vtkFiltersHyperTree;vtkFiltersImaging;vtkImagingGeneral;vtkFiltersModeling;vtkFiltersParallel;vtkFiltersParallelFlowPaths;vtkParallelMPI;vtkFiltersParallelGeometry;vtkFiltersParallelImaging;vtkFiltersParallelMPI;vtkFiltersParallelStatistics;vtkFiltersProgrammable;vtkFiltersPython;/usr/lib/x86_64-linux-gnu/libpython2.7.so;vtkWrappingPythonCore;vtkWrappingTools;vtkFiltersReebGraph;vtkFiltersSMP;vtkFiltersSelection;vtkFiltersTexture;vtkFiltersVerdict;verdict;vtkGUISupportQt;vtkInteractionStyle;vtkRenderingOpenGL;vtkImagingHybrid;vtkIOImage;vtkmetaio;/usr/lib/x86_64-linux-gnu/libjpeg.so;/usr/lib/x86_64-linux-gnu/libpng.so;/usr/lib/x86_64-linux-gnu/libtiff.so;vtkGUISupportQtOpenGL;vtkGUISupportQtSQL;vtkIOSQL;sqlite3;vtkGUISupportQtWebkit;vtkViewsQt;vtkViewsInfovis;vtkInfovisLayout;vtkInfovisBoostGraphAlgorithms;vtkRenderingLabel;vtkViewsCore;vtkInteractionWidgets;vtkRenderingAnnotation;vtkImagingColor;vtkRenderingVolume;vtkGeovisCore;/usr/lib/x86_64-linux-gnu/libproj.so;vtkIOAMR;/usr/lib/x86_64-linux-gnu/hdf5/openmpi/libhdf5.so;/usr/lib/x86_64-linux-gnu/libsz.so;/usr/lib/x86_64-linux-gnu/libdl.so;/usr/lib/x86_64-linux-gnu/libm.so;/usr/lib/x86_64-linux-gnu/openmpi/lib/libmpi.so;vtkIOEnSight;vtkIOExodus;vtkexoIIc;/usr/lib/x86_64-linux-gnu/libnetcdf_c++.so;/usr/lib/x86_64-linux-gnu/libnetcdf.so;vtkIOExport;vtkRenderingGL2PS;vtkRenderingContextOpenGL;/usr/lib/x86_64-linux-gnu/libgl2ps.so;vtkIOFFMPEG;vtkIOMovie;/usr/lib/x86_64-linux-gnu/libtheoraenc.so;/usr/lib/x86_64-linux-gnu/libtheoradec.so;/usr/lib/x86_64-linux-gnu/libogg.so;vtkIOGDAL;vtkIOGeoJSON;vtkIOImport;vtkIOInfovis;/usr/lib/x86_64-linux-gnu/libxml2.so;vtkIOLSDyna;vtkIOMINC;vtkIOMPIImage;vtkIOMPIParallel;vtkIOParallel;vtkIONetCDF;/usr/lib/x86_64-linux-gnu/libjsoncpp.so;vtkIOMySQL;vtkIOODBC;vtkIOPLY;vtkIOParallelExodus;vtkIOParallelLSDyna;vtkIOParallelNetCDF;vtkIOParallelXML;vtkIOPostgreSQL;vtkIOVPIC;VPIC;vtkIOVideo;vtkIOXdmf2;vtkxdmf2;vtkImagingMath;vtkImagingMorphological;vtkImagingStatistics;vtkImagingStencil;vtkInteractionImage;vtkLocalExample;vtkParallelMPI4Py;vtkPythonInterpreter;vtkRenderingExternal;vtkRenderingFreeTypeFontConfig;vtkRenderingImage;vtkRenderingLIC;vtkRenderingLOD;vtkRenderingMatplotlib;vtkRenderingParallel;vtkRenderingParallelLIC;vtkRenderingQt;vtkRenderingVolumeAMR;vtkRenderingVolumeOpenGL;vtkTestingGenericBridge;vtkTestingIOSQL;vtkTestingRendering;vtkViewsContext2D;vtkViewsGeovis;vtkWrappingJava;optimized;/usr/lib/x86_64-linux-gnu/libpcl_io.so;debug;/usr/lib/x86_64-linux-gnu/libpcl_io.so;optimized;/usr/lib/x86_64-linux-gnu/libflann_cpp_s.a;debug;/usr/lib/x86_64-linux-gnu/libflann_cpp_s.a;optimized;/usr/lib/x86_64-linux-gnu/libpcl_kdtree.so;debug;/usr/lib/x86_64-linux-gnu/libpcl_kdtree.so;optimized;/usr/lib/x86_64-linux-gnu/libpcl_search.so;debug;/usr/lib/x86_64-linux-gnu/libpcl_search.so;optimized;/usr/lib/x86_64-linux-gnu/libpcl_sample_consensus.so;debug;/usr/lib/x86_64-linux-gnu/libpcl_sample_consensus.so;optimized;/usr/lib/x86_64-linux-gnu/libpcl_filters.so;debug;/usr/lib/x86_64-linux-gnu/libpcl_filters.so;optimized;/usr/lib/x86_64-linux-gnu/libpcl_features.so;debug;/usr/lib/x86_64-linux-gnu/libpcl_features.so;optimized;/usr/lib/x86_64-linux-gnu/libpcl_ml.so;debug;/usr/lib/x86_64-linux-gnu/libpcl_ml.so;optimized;/usr/lib/x86_64-linux-gnu/libpcl_segmentation.so;debug;/usr/lib/x86_64-linux-gnu/libpcl_segmentation.so;optimized;/usr/lib/x86_64-linux-gnu/libpcl_visualization.so;debug;/usr/lib/x86_64-linux-gnu/libpcl_visualization.so;optimized;/usr/lib/x86_64-linux-gnu/libqhull.so;debug;/usr/lib/x86_64-linux-gnu/libqhull.so;optimized;/usr/lib/x86_64-linux-gnu/libpcl_surface.so;debug;/usr/lib/x86_64-linux-gnu/libpcl_surface.so;optimized;/usr/lib/x86_64-linux-gnu/libpcl_registration.so;debug;/usr/lib/x86_64-linux-gnu/libpcl_registration.so;optimized;/usr/lib/x86_64-linux-gnu/libpcl_keypoints.so;debug;/usr/lib/x86_64-linux-gnu/libpcl_keypoints.so;optimized;/usr/lib/x86_64-linux-gnu/libpcl_tracking.so;debug;/usr/lib/x86_64-linux-gnu/libpcl_tracking.so;optimized;/usr/lib/x86_64-linux-gnu/libpcl_recognition.so;debug;/usr/lib/x86_64-linux-gnu/libpcl_recognition.so;optimized;/usr/lib/x86_64-linux-gnu/libpcl_stereo.so;debug;/usr/lib/x86_64-linux-gnu/libpcl_stereo.so;optimized;/usr/lib/x86_64-linux-gnu/libpcl_apps.so;debug;/usr/lib/x86_64-linux-gnu/libpcl_apps.so;optimized;/usr/lib/x86_64-linux-gnu/libpcl_outofcore.so;debug;/usr/lib/x86_64-linux-gnu/libpcl_outofcore.so;optimized;/usr/lib/x86_64-linux-gnu/libpcl_people.so;debug;/usr/lib/x86_64-linux-gnu/libpcl_people.so;/usr/lib/x86_64-linux-gnu/libboost_system.so;/usr/lib/x86_64-linux-gnu/libboost_filesystem.so;/usr/lib/x86_64-linux-gnu/libboost_thread.so;/usr/lib/x86_64-linux-gnu/libboost_date_time.so;/usr/lib/x86_64-linux-gnu/libboost_iostreams.so;/usr/lib/x86_64-linux-gnu/libboost_serialization.so;/usr/lib/x86_64-linux-gnu/libboost_chrono.so;/usr/lib/x86_64-linux-gnu/libboost_atomic.so;/usr/lib/x86_64-linux-gnu/libboost_regex.so;/usr/lib/x86_64-linux-gnu/libpthread.so;optimized;/usr/lib/x86_64-linux-gnu/libqhull.so;debug;/usr/lib/x86_64-linux-gnu/libqhull.so;/usr/lib/libOpenNI.so;/usr/lib/libOpenNI2.so;optimized;/usr/lib/x86_64-linux-gnu/libflann_cpp_s.a;debug;/usr/lib/x86_64-linux-gnu/libflann_cpp_s.a;vtkChartsCore;vtkCommonColor;vtkCommonDataModel;vtkCommonMath;vtkCommonCore;vtksys;vtkCommonMisc;vtkCommonSystem;vtkCommonTransforms;vtkInfovisCore;vtkFiltersExtraction;vtkCommonExecutionModel;vtkFiltersCore;vtkFiltersGeneral;vtkCommonComputationalGeometry;vtkFiltersStatistics;vtkImagingFourier;vtkImagingCore;vtkalglib;vtkRenderingContext2D;vtkRenderingCore;vtkFiltersGeometry;vtkFiltersSources;vtkRenderingFreeType;/usr/lib/x86_64-linux-gnu/libfreetype.so;/usr/lib/x86_64-linux-gnu/libz.so;vtkftgl;vtkDICOMParser;vtkDomainsChemistry;vtkIOXML;vtkIOGeometry;vtkIOCore;vtkIOXMLParser;/usr/lib/x86_64-linux-gnu/libexpat.so;vtkFiltersAMR;vtkParallelCore;vtkIOLegacy;vtkFiltersFlowPaths;vtkFiltersGeneric;vtkFiltersHybrid;vtkImagingSources;vtkFiltersHyperTree;vtkFiltersImaging;vtkImagingGeneral;vtkFiltersModeling;vtkFiltersParallel;vtkFiltersParallelFlowPaths;vtkParallelMPI;vtkFiltersParallelGeometry;vtkFiltersParallelImaging;vtkFiltersParallelMPI;vtkFiltersParallelStatistics;vtkFiltersProgrammable;vtkFiltersPython;/usr/lib/x86_64-linux-gnu/libpython2.7.so;vtkWrappingPythonCore;vtkWrappingTools;vtkFiltersReebGraph;vtkFiltersSMP;vtkFiltersSelection;vtkFiltersTexture;vtkFiltersVerdict;verdict;vtkGUISupportQt;vtkInteractionStyle;vtkRenderingOpenGL;vtkImagingHybrid;vtkIOImage;vtkmetaio;/usr/lib/x86_64-linux-gnu/libjpeg.so;/usr/lib/x86_64-linux-gnu/libpng.so;/usr/lib/x86_64-linux-gnu/libtiff.so;vtkGUISupportQtOpenGL;vtkGUISupportQtSQL;vtkIOSQL;sqlite3;vtkGUISupportQtWebkit;vtkViewsQt;vtkViewsInfovis;vtkInfovisLayout;vtkInfovisBoostGraphAlgorithms;vtkRenderingLabel;vtkViewsCore;vtkInteractionWidgets;vtkRenderingAnnotation;vtkImagingColor;vtkRenderingVolume;vtkGeovisCore;/usr/lib/x86_64-linux-gnu/libproj.so;vtkIOAMR;/usr/lib/x86_64-linux-gnu/hdf5/openmpi/libhdf5.so;/usr/lib/x86_64-linux-gnu/libsz.so;/usr/lib/x86_64-linux-gnu/libdl.so;/usr/lib/x86_64-linux-gnu/libm.so;/usr/lib/x86_64-linux-gnu/openmpi/lib/libmpi.so;vtkIOEnSight;vtkIOExodus;vtkexoIIc;/usr/lib/x86_64-linux-gnu/libnetcdf_c++.so;/usr/lib/x86_64-linux-gnu/libnetcdf.so;vtkIOExport;vtkRenderingGL2PS;vtkRenderingContextOpenGL;/usr/lib/x86_64-linux-gnu/libgl2ps.so;vtkIOFFMPEG;vtkIOMovie;/usr/lib/x86_64-linux-gnu/libtheoraenc.so;/usr/lib/x86_64-linux-gnu/libtheoradec.so;/usr/lib/x86_64-linux-gnu/libogg.so;vtkIOGDAL;vtkIOGeoJSON;vtkIOImport;vtkIOInfovis;/usr/lib/x86_64-linux-gnu/libxml2.so;vtkIOLSDyna;vtkIOMINC;vtkIOMPIImage;vtkIOMPIParallel;vtkIOParallel;vtkIONetCDF;/usr/lib/x86_64-linux-gnu/libjsoncpp.so;vtkIOMySQL;vtkIOODBC;vtkIOPLY;vtkIOParallelExodus;vtkIOParallelLSDyna;vtkIOParallelNetCDF;vtkIOParallelXML;vtkIOPostgreSQL;vtkIOVPIC;VPIC;vtkIOVideo;vtkIOXdmf2;vtkxdmf2;vtkImagingMath;vtkImagingMorphological;vtkImagingStatistics;vtkImagingStencil;vtkInteractionImage;vtkLocalExample;vtkParallelMPI4Py;vtkPythonInterpreter;vtkRenderingExternal;vtkRenderingFreeTypeFontConfig;vtkRenderingImage;vtkRenderingLIC;vtkRenderingLOD;vtkRenderingMatplotlib;vtkRenderingParallel;vtkRenderingParallelLIC;vtkRenderingQt;vtkRenderingVolumeAMR;vtkRenderingVolumeOpenGL;vtkTestingGenericBridge;vtkTestingIOSQL;vtkTestingRendering;vtkViewsContext2D;vtkViewsGeovis;vtkWrappingJava (Required is at least version "1.7") 
[4.217s] -- Found OpenCV: /usr (found version "3.2.0") 
[4.487s] -- Configuring done
[4.637s] -- Generating done
[4.651s] -- Build files have been written to: /home/autoware/Autoware/build/kitti_player
[4.665s] Invoked command in '/home/autoware/Autoware/build/kitti_player' returned '0': CMAKE_PREFIX_PATH=/home/autoware/Autoware/install/autoware_build_flags:${CMAKE_PREFIX_PATH} PKG_CONFIG_PATH=/home/autoware/Autoware/install/autoware_build_flags/lib/x86_64-linux-gnu/pkgconfig:/home/autoware/Autoware/install/autoware_build_flags/lib/pkgconfig:${PKG_CONFIG_PATH} ROS_PACKAGE_PATH=/home/autoware/Autoware/install/autoware_build_flags/share:${ROS_PACKAGE_PATH} /usr/bin/cmake /home/autoware/Autoware/src/autoware/utilities/kitti_player -DCMAKE_BUILD_TYPE=Release -DCATKIN_INSTALL_INTO_PREFIX_ROOT=0 -DCMAKE_INSTALL_PREFIX=/home/autoware/Autoware/install/kitti_player
[4.666s] Invoking command in '/home/autoware/Autoware/build/kitti_player': CMAKE_PREFIX_PATH=/home/autoware/Autoware/install/autoware_build_flags:${CMAKE_PREFIX_PATH} PKG_CONFIG_PATH=/home/autoware/Autoware/install/autoware_build_flags/lib/x86_64-linux-gnu/pkgconfig:/home/autoware/Autoware/install/autoware_build_flags/lib/pkgconfig:${PKG_CONFIG_PATH} ROS_PACKAGE_PATH=/home/autoware/Autoware/install/autoware_build_flags/share:${ROS_PACKAGE_PATH} /usr/bin/cmake --build /home/autoware/Autoware/build/kitti_player -- -j2 -l2
[4.737s] Scanning dependencies of target actionlib_msgs_generate_messages_py
[4.750s] [  0%] Built target actionlib_msgs_generate_messages_py
[4.763s] Scanning dependencies of target stereo_msgs_generate_messages_nodejs
[4.777s] [  0%] Built target stereo_msgs_generate_messages_nodejs
[4.789s] Scanning dependencies of target stereo_msgs_generate_messages_lisp
[4.806s] [  0%] Built target stereo_msgs_generate_messages_lisp
[4.819s] Scanning dependencies of target stereo_msgs_generate_messages_eus
[4.830s] [  0%] Built target stereo_msgs_generate_messages_eus
[4.843s] Scanning dependencies of target stereo_msgs_generate_messages_cpp
[4.857s] [  0%] Built target stereo_msgs_generate_messages_cpp
[4.870s] Scanning dependencies of target tf2_msgs_generate_messages_nodejs
[4.882s] [  0%] Built target tf2_msgs_generate_messages_nodejs
[4.895s] Scanning dependencies of target tf2_msgs_generate_messages_eus
[4.907s] [  0%] Built target tf2_msgs_generate_messages_eus
[4.920s] Scanning dependencies of target tf2_msgs_generate_messages_cpp
[4.932s] [  0%] Built target tf2_msgs_generate_messages_cpp
[4.945s] Scanning dependencies of target dynamic_reconfigure_generate_messages_lisp
[4.958s] [  0%] Built target dynamic_reconfigure_generate_messages_lisp
[4.971s] Scanning dependencies of target pcl_msgs_generate_messages_cpp
[4.984s] [  0%] Built target pcl_msgs_generate_messages_cpp
[4.999s] Scanning dependencies of target rosgraph_msgs_generate_messages_cpp
[5.012s] [  0%] Built target rosgraph_msgs_generate_messages_cpp
[5.026s] Scanning dependencies of target stereo_msgs_generate_messages_py
[5.040s] [  0%] Built target stereo_msgs_generate_messages_py
[5.056s] Scanning dependencies of target topic_tools_generate_messages_cpp
[5.070s] [  0%] Built target topic_tools_generate_messages_cpp
[5.082s] Scanning dependencies of target rosgraph_msgs_generate_messages_lisp
[5.094s] [  0%] Built target rosgraph_msgs_generate_messages_lisp
[5.110s] Scanning dependencies of target rosgraph_msgs_generate_messages_eus
[5.123s] [  0%] Built target rosgraph_msgs_generate_messages_eus
[5.136s] Scanning dependencies of target dynamic_reconfigure_generate_messages_nodejs
[5.151s] [  0%] Built target dynamic_reconfigure_generate_messages_nodejs
[5.166s] Scanning dependencies of target geometry_msgs_generate_messages_eus
[5.179s] [  0%] Built target geometry_msgs_generate_messages_eus
[5.191s] Scanning dependencies of target std_msgs_generate_messages_py
[5.204s] [  0%] Built target std_msgs_generate_messages_py
[5.216s] Scanning dependencies of target dynamic_reconfigure_generate_messages_eus
[5.228s] [  0%] Built target dynamic_reconfigure_generate_messages_eus
[5.240s] Scanning dependencies of target std_msgs_generate_messages_nodejs
[5.252s] [  0%] Built target std_msgs_generate_messages_nodejs
[5.265s] Scanning dependencies of target bond_generate_messages_lisp
[5.277s] [  0%] Built target bond_generate_messages_lisp
[5.290s] Scanning dependencies of target rosgraph_msgs_generate_messages_nodejs
[5.302s] [  0%] Built target rosgraph_msgs_generate_messages_nodejs
[5.316s] Scanning dependencies of target std_msgs_generate_messages_eus
[5.327s] [  0%] Built target std_msgs_generate_messages_eus
[5.342s] Scanning dependencies of target sensor_msgs_generate_messages_lisp
[5.357s] [  0%] Built target sensor_msgs_generate_messages_lisp
[5.371s] Scanning dependencies of target std_srvs_generate_messages_eus
[5.385s] [  0%] Built target std_srvs_generate_messages_eus
[5.397s] Scanning dependencies of target roscpp_generate_messages_lisp
[5.410s] [  0%] Built target roscpp_generate_messages_lisp
[5.424s] Scanning dependencies of target bond_generate_messages_eus
[5.437s] [  0%] Built target bond_generate_messages_eus
[5.450s] Scanning dependencies of target std_msgs_generate_messages_cpp
[5.464s] [  0%] Built target std_msgs_generate_messages_cpp
[5.478s] Scanning dependencies of target roscpp_generate_messages_py
[5.491s] [  0%] Built target roscpp_generate_messages_py
[5.505s] Scanning dependencies of target roscpp_generate_messages_cpp
[5.519s] [  0%] Built target roscpp_generate_messages_cpp
[5.532s] Scanning dependencies of target sensor_msgs_generate_messages_nodejs
[5.544s] [  0%] Built target sensor_msgs_generate_messages_nodejs
[5.557s] Scanning dependencies of target actionlib_generate_messages_cpp
[5.569s] [  0%] Built target actionlib_generate_messages_cpp
[5.581s] Scanning dependencies of target geometry_msgs_generate_messages_nodejs
[5.593s] [  0%] Built target geometry_msgs_generate_messages_nodejs
[5.607s] Scanning dependencies of target nodelet_generate_messages_py
[5.620s] [  0%] Built target nodelet_generate_messages_py
[5.633s] Scanning dependencies of target sensor_msgs_generate_messages_py
[5.645s] [  0%] Built target sensor_msgs_generate_messages_py
[5.663s] Scanning dependencies of target dynamic_reconfigure_generate_messages_cpp
[5.675s] [  0%] Built target dynamic_reconfigure_generate_messages_cpp
[5.688s] Scanning dependencies of target tf_generate_messages_py
[5.700s] [  0%] Built target tf_generate_messages_py
[5.713s] Scanning dependencies of target geometry_msgs_generate_messages_lisp
[5.725s] [  0%] Built target geometry_msgs_generate_messages_lisp
[5.739s] Scanning dependencies of target roscpp_generate_messages_nodejs
[5.751s] [  0%] Built target roscpp_generate_messages_nodejs
[5.763s] Scanning dependencies of target std_msgs_generate_messages_lisp
[5.775s] [  0%] Built target std_msgs_generate_messages_lisp
[5.788s] Scanning dependencies of target sensor_msgs_generate_messages_cpp
[5.801s] [  0%] Built target sensor_msgs_generate_messages_cpp
[5.813s] Scanning dependencies of target sensor_msgs_generate_messages_eus
[5.825s] [  0%] Built target sensor_msgs_generate_messages_eus
[5.839s] Scanning dependencies of target pcl_ros_gencfg
[5.850s] [  0%] Built target pcl_ros_gencfg
[5.862s] Scanning dependencies of target topic_tools_generate_messages_nodejs
[5.876s] [  0%] Built target topic_tools_generate_messages_nodejs
[5.889s] Scanning dependencies of target tf2_msgs_generate_messages_py
[5.901s] [  0%] Built target tf2_msgs_generate_messages_py
[5.914s] Scanning dependencies of target actionlib_generate_messages_py
[5.926s] [  0%] Built target actionlib_generate_messages_py
[5.939s] Scanning dependencies of target dynamic_reconfigure_generate_messages_py
[5.951s] [  0%] Built target dynamic_reconfigure_generate_messages_py
[5.964s] Scanning dependencies of target geometry_msgs_generate_messages_py
[5.976s] [  0%] Built target geometry_msgs_generate_messages_py
[5.989s] Scanning dependencies of target tf2_msgs_generate_messages_lisp
[6.001s] [  0%] Built target tf2_msgs_generate_messages_lisp
[6.014s] Scanning dependencies of target dynamic_reconfigure_gencfg
[6.027s] [  0%] Built target dynamic_reconfigure_gencfg
[6.040s] Scanning dependencies of target nodelet_generate_messages_cpp
[6.052s] [  0%] Built target nodelet_generate_messages_cpp
[6.064s] Scanning dependencies of target bond_generate_messages_py
[6.082s] [  0%] Built target bond_generate_messages_py
[6.094s] Scanning dependencies of target std_srvs_generate_messages_nodejs
[6.107s] [  0%] Built target std_srvs_generate_messages_nodejs
[6.120s] Scanning dependencies of target geometry_msgs_generate_messages_cpp
[6.132s] [  0%] Built target geometry_msgs_generate_messages_cpp
[6.145s] Scanning dependencies of target actionlib_generate_messages_lisp
[6.157s] [  0%] Built target actionlib_generate_messages_lisp
[6.169s] Scanning dependencies of target nodelet_generate_messages_eus
[6.182s] [  0%] Built target nodelet_generate_messages_eus
[6.196s] Scanning dependencies of target nodelet_generate_messages_lisp
[6.209s] [  0%] Built target nodelet_generate_messages_lisp
[6.222s] Scanning dependencies of target roscpp_generate_messages_eus
[6.234s] [  0%] Built target roscpp_generate_messages_eus
[6.246s] Scanning dependencies of target rosgraph_msgs_generate_messages_py
[6.258s] [  0%] Built target rosgraph_msgs_generate_messages_py
[6.270s] Scanning dependencies of target actionlib_msgs_generate_messages_eus
[6.282s] [  0%] Built target actionlib_msgs_generate_messages_eus
[6.294s] Scanning dependencies of target nodelet_generate_messages_nodejs
[6.306s] [  0%] Built target nodelet_generate_messages_nodejs
[6.319s] Scanning dependencies of target pcl_msgs_generate_messages_nodejs
[6.331s] [  0%] Built target pcl_msgs_generate_messages_nodejs
[6.344s] Scanning dependencies of target bond_generate_messages_cpp
[6.356s] [  0%] Built target bond_generate_messages_cpp
[6.369s] Scanning dependencies of target bond_generate_messages_nodejs
[6.384s] [  0%] Built target bond_generate_messages_nodejs
[6.398s] Scanning dependencies of target actionlib_msgs_generate_messages_nodejs
[6.412s] [  0%] Built target actionlib_msgs_generate_messages_nodejs
[6.425s] Scanning dependencies of target topic_tools_generate_messages_py
[6.437s] [  0%] Built target topic_tools_generate_messages_py
[6.450s] Scanning dependencies of target nodelet_topic_tools_gencfg
[6.462s] [  0%] Built target nodelet_topic_tools_gencfg
[6.475s] Scanning dependencies of target std_srvs_generate_messages_lisp
[6.487s] [  0%] Built target std_srvs_generate_messages_lisp
[6.505s] Scanning dependencies of target topic_tools_generate_messages_lisp
[6.523s] [  0%] Built target topic_tools_generate_messages_lisp
[6.539s] Scanning dependencies of target pcl_msgs_generate_messages_eus
[6.551s] [  0%] Built target pcl_msgs_generate_messages_eus
[6.564s] Scanning dependencies of target topic_tools_generate_messages_eus
[6.577s] [  0%] Built target topic_tools_generate_messages_eus
[6.589s] Scanning dependencies of target std_srvs_generate_messages_cpp
[6.602s] [  0%] Built target std_srvs_generate_messages_cpp
[6.615s] Scanning dependencies of target tf_generate_messages_eus
[6.628s] [  0%] Built target tf_generate_messages_eus
[6.641s] Scanning dependencies of target actionlib_msgs_generate_messages_cpp
[6.653s] [  0%] Built target actionlib_msgs_generate_messages_cpp
[6.666s] Scanning dependencies of target std_srvs_generate_messages_py
[6.677s] [  0%] Built target std_srvs_generate_messages_py
[6.689s] Scanning dependencies of target tf_generate_messages_lisp
[6.701s] [  0%] Built target tf_generate_messages_lisp
[6.714s] Scanning dependencies of target tf_generate_messages_nodejs
[6.729s] [  0%] Built target tf_generate_messages_nodejs
[6.740s] Scanning dependencies of target pcl_msgs_generate_messages_py
[6.752s] [  0%] Built target pcl_msgs_generate_messages_py
[6.765s] Scanning dependencies of target actionlib_generate_messages_eus
[6.777s] [  0%] Built target actionlib_generate_messages_eus
[6.789s] Scanning dependencies of target pcl_msgs_generate_messages_lisp
[6.801s] [  0%] Built target pcl_msgs_generate_messages_lisp
[6.813s] Scanning dependencies of target tf_generate_messages_cpp
[6.825s] [  0%] Built target tf_generate_messages_cpp
[6.837s] Scanning dependencies of target actionlib_generate_messages_nodejs
[6.849s] [  0%] Built target actionlib_generate_messages_nodejs
[6.862s] Scanning dependencies of target actionlib_msgs_generate_messages_lisp
[6.873s] [  0%] Built target actionlib_msgs_generate_messages_lisp
[6.886s] Scanning dependencies of target kitti_player_gencfg
[6.901s] [ 33%] Generating dynamic reconfigure files from cfg/kitti_player.cfg: /home/autoware/Autoware/build/kitti_player/devel/include/kitti_player/kitti_playerConfig.h /home/autoware/Autoware/build/kitti_player/devel/lib/python2.7/dist-packages/kitti_player/cfg/kitti_playerConfig.py
[6.962s] Generating reconfiguration files for kitti_player in kitti_player
[6.962s] Wrote header file in /home/autoware/Autoware/build/kitti_player/devel/include/kitti_player/kitti_playerConfig.h
[7.016s] [ 33%] Built target kitti_player_gencfg
[7.132s] Scanning dependencies of target kitti_player
[7.165s] [ 66%] Building CXX object CMakeFiles/kitti_player.dir/src/kitti_player.cpp.o
[19.340s] [100%] Linking CXX executable devel/lib/kitti_player/kitti_player
[21.465s] [100%] Built target kitti_player
[21.481s] Invoked command in '/home/autoware/Autoware/build/kitti_player' returned '0': CMAKE_PREFIX_PATH=/home/autoware/Autoware/install/autoware_build_flags:${CMAKE_PREFIX_PATH} PKG_CONFIG_PATH=/home/autoware/Autoware/install/autoware_build_flags/lib/x86_64-linux-gnu/pkgconfig:/home/autoware/Autoware/install/autoware_build_flags/lib/pkgconfig:${PKG_CONFIG_PATH} ROS_PACKAGE_PATH=/home/autoware/Autoware/install/autoware_build_flags/share:${ROS_PACKAGE_PATH} /usr/bin/cmake --build /home/autoware/Autoware/build/kitti_player -- -j2 -l2
[21.608s] Invoking command in '/home/autoware/Autoware/build/kitti_player': CMAKE_PREFIX_PATH=/home/autoware/Autoware/install/autoware_build_flags:${CMAKE_PREFIX_PATH} PKG_CONFIG_PATH=/home/autoware/Autoware/install/autoware_build_flags/lib/x86_64-linux-gnu/pkgconfig:/home/autoware/Autoware/install/autoware_build_flags/lib/pkgconfig:${PKG_CONFIG_PATH} ROS_PACKAGE_PATH=/home/autoware/Autoware/install/autoware_build_flags/share:${ROS_PACKAGE_PATH} /usr/bin/cmake --build /home/autoware/Autoware/build/kitti_player --target tests -- -j2 -l2
[21.684s] Scanning dependencies of target tests
[21.698s] Built target tests
[21.714s] Invoked command in '/home/autoware/Autoware/build/kitti_player' returned '0': CMAKE_PREFIX_PATH=/home/autoware/Autoware/install/autoware_build_flags:${CMAKE_PREFIX_PATH} PKG_CONFIG_PATH=/home/autoware/Autoware/install/autoware_build_flags/lib/x86_64-linux-gnu/pkgconfig:/home/autoware/Autoware/install/autoware_build_flags/lib/pkgconfig:${PKG_CONFIG_PATH} ROS_PACKAGE_PATH=/home/autoware/Autoware/install/autoware_build_flags/share:${ROS_PACKAGE_PATH} /usr/bin/cmake --build /home/autoware/Autoware/build/kitti_player --target tests -- -j2 -l2
[21.848s] Invoking command in '/home/autoware/Autoware/build/kitti_player': CMAKE_PREFIX_PATH=/home/autoware/Autoware/install/autoware_build_flags:${CMAKE_PREFIX_PATH} PKG_CONFIG_PATH=/home/autoware/Autoware/install/autoware_build_flags/lib/x86_64-linux-gnu/pkgconfig:/home/autoware/Autoware/install/autoware_build_flags/lib/pkgconfig:${PKG_CONFIG_PATH} ROS_PACKAGE_PATH=/home/autoware/Autoware/install/autoware_build_flags/share:${ROS_PACKAGE_PATH} /usr/bin/cmake --build /home/autoware/Autoware/build/kitti_player --target install -- -j2 -l2
[21.917s] [  0%] Built target actionlib_msgs_generate_messages_py
[21.942s] [  0%] Built target stereo_msgs_generate_messages_nodejs
[21.966s] [  0%] Built target stereo_msgs_generate_messages_lisp
[21.990s] [  0%] Built target stereo_msgs_generate_messages_eus
[22.014s] [  0%] Built target stereo_msgs_generate_messages_cpp
[22.039s] [  0%] Built target tf2_msgs_generate_messages_nodejs
[22.063s] [  0%] Built target tf2_msgs_generate_messages_eus
[22.088s] [  0%] Built target tf2_msgs_generate_messages_cpp
[22.112s] [  0%] Built target dynamic_reconfigure_generate_messages_lisp
[22.136s] [  0%] Built target pcl_msgs_generate_messages_cpp
[22.161s] [  0%] Built target rosgraph_msgs_generate_messages_cpp
[22.185s] [  0%] Built target stereo_msgs_generate_messages_py
[22.213s] [  0%] Built target topic_tools_generate_messages_cpp
[22.243s] [  0%] Built target rosgraph_msgs_generate_messages_lisp
[22.273s] [  0%] Built target rosgraph_msgs_generate_messages_eus
[22.300s] [  0%] Built target dynamic_reconfigure_generate_messages_nodejs
[22.326s] [  0%] Built target geometry_msgs_generate_messages_eus
[22.352s] [  0%] Built target std_msgs_generate_messages_py
[22.377s] [  0%] Built target dynamic_reconfigure_generate_messages_eus
[22.403s] [  0%] Built target std_msgs_generate_messages_nodejs
[22.429s] [  0%] Built target bond_generate_messages_lisp
[22.453s] [  0%] Built target rosgraph_msgs_generate_messages_nodejs
[22.479s] [  0%] Built target std_msgs_generate_messages_eus
[22.503s] [  0%] Built target sensor_msgs_generate_messages_lisp
[22.528s] [  0%] Built target std_srvs_generate_messages_eus
[22.552s] [  0%] Built target roscpp_generate_messages_lisp
[22.577s] [  0%] Built target bond_generate_messages_eus
[22.603s] [  0%] Built target std_msgs_generate_messages_cpp
[22.640s] [  0%] Built target roscpp_generate_messages_py
[22.668s] [  0%] Built target roscpp_generate_messages_cpp
[22.693s] [  0%] Built target sensor_msgs_generate_messages_nodejs
[22.721s] [  0%] Built target actionlib_generate_messages_cpp
[22.747s] [  0%] Built target geometry_msgs_generate_messages_nodejs
[22.772s] [  0%] Built target nodelet_generate_messages_py
[22.800s] [  0%] Built target sensor_msgs_generate_messages_py
[22.825s] [  0%] Built target dynamic_reconfigure_generate_messages_cpp
[22.851s] [  0%] Built target tf_generate_messages_py
[22.875s] [  0%] Built target geometry_msgs_generate_messages_lisp
[22.900s] [  0%] Built target roscpp_generate_messages_nodejs
[22.925s] [  0%] Built target std_msgs_generate_messages_lisp
[22.951s] [  0%] Built target sensor_msgs_generate_messages_cpp
[22.975s] [  0%] Built target sensor_msgs_generate_messages_eus
[22.999s] [  0%] Built target pcl_ros_gencfg
[23.025s] [  0%] Built target topic_tools_generate_messages_nodejs
[23.049s] [  0%] Built target tf2_msgs_generate_messages_py
[23.075s] [  0%] Built target actionlib_generate_messages_py
[23.099s] [  0%] Built target dynamic_reconfigure_generate_messages_py
[23.124s] [  0%] Built target geometry_msgs_generate_messages_py
[23.150s] [  0%] Built target tf2_msgs_generate_messages_lisp
[23.174s] [  0%] Built target dynamic_reconfigure_gencfg
[23.199s] [  0%] Built target nodelet_generate_messages_cpp
[23.227s] [  0%] Built target bond_generate_messages_py
[23.255s] [  0%] Built target std_srvs_generate_messages_nodejs
[23.281s] [  0%] Built target geometry_msgs_generate_messages_cpp
[23.307s] [  0%] Built target actionlib_generate_messages_lisp
[23.332s] [  0%] Built target nodelet_generate_messages_eus
[23.358s] [  0%] Built target nodelet_generate_messages_lisp
[23.383s] [  0%] Built target roscpp_generate_messages_eus
[23.407s] [  0%] Built target rosgraph_msgs_generate_messages_py
[23.431s] [  0%] Built target actionlib_msgs_generate_messages_eus
[23.456s] [  0%] Built target nodelet_generate_messages_nodejs
[23.481s] [  0%] Built target pcl_msgs_generate_messages_nodejs
[23.506s] [  0%] Built target bond_generate_messages_cpp
[23.530s] [  0%] Built target bond_generate_messages_nodejs
[23.555s] [  0%] Built target actionlib_msgs_generate_messages_nodejs
[23.578s] [  0%] Built target topic_tools_generate_messages_py
[23.604s] [  0%] Built target nodelet_topic_tools_gencfg
[23.628s] [  0%] Built target std_srvs_generate_messages_lisp
[23.654s] [  0%] Built target topic_tools_generate_messages_lisp
[23.679s] [  0%] Built target pcl_msgs_generate_messages_eus
[23.703s] [  0%] Built target topic_tools_generate_messages_eus
[23.728s] [  0%] Built target std_srvs_generate_messages_cpp
[23.755s] [  0%] Built target tf_generate_messages_eus
[23.783s] [  0%] Built target actionlib_msgs_generate_messages_cpp
[23.808s] [  0%] Built target std_srvs_generate_messages_py
[23.832s] [  0%] Built target tf_generate_messages_lisp
[23.857s] [  0%] Built target tf_generate_messages_nodejs
[23.882s] [  0%] Built target pcl_msgs_generate_messages_py
[23.906s] [  0%] Built target actionlib_generate_messages_eus
[23.931s] [  0%] Built target pcl_msgs_generate_messages_lisp
[23.955s] [  0%] Built target tf_generate_messages_cpp
[23.981s] [  0%] Built target actionlib_generate_messages_nodejs
[24.005s] [  0%] Built target actionlib_msgs_generate_messages_lisp
[24.030s] [ 33%] Built target kitti_player_gencfg
[24.080s] [100%] Built target kitti_player
[24.106s] Install the project...
[24.117s] -- Install configuration: "Release"
[24.117s] -- Installing: /home/autoware/Autoware/install/kitti_player/include/kitti_player/kitti_playerConfig.h
[24.118s] -- Installing: /home/autoware/Autoware/install/kitti_player/lib/python2.7/dist-packages/kitti_player/__init__.py
[24.133s] Listing /home/autoware/Autoware/build/kitti_player/devel/lib/python2.7/dist-packages/kitti_player/cfg ...
[24.133s] Compiling /home/autoware/Autoware/build/kitti_player/devel/lib/python2.7/dist-packages/kitti_player/cfg/__init__.py ...
[24.133s] Compiling /home/autoware/Autoware/build/kitti_player/devel/lib/python2.7/dist-packages/kitti_player/cfg/kitti_playerConfig.py ...
[24.136s] -- Installing: /home/autoware/Autoware/install/kitti_player/lib/python2.7/dist-packages/kitti_player/cfg
[24.136s] -- Installing: /home/autoware/Autoware/install/kitti_player/lib/python2.7/dist-packages/kitti_player/cfg/kitti_playerConfig.pyc
[24.136s] -- Installing: /home/autoware/Autoware/install/kitti_player/lib/python2.7/dist-packages/kitti_player/cfg/__init__.pyc
[24.139s] -- Installing: /home/autoware/Autoware/install/kitti_player/lib/python2.7/dist-packages/kitti_player/cfg/kitti_playerConfig.py
[24.139s] -- Installing: /home/autoware/Autoware/install/kitti_player/lib/python2.7/dist-packages/kitti_player/cfg/__init__.py
[24.139s] -- Installing: /home/autoware/Autoware/install/kitti_player/lib/pkgconfig/kitti_player.pc
[24.139s] -- Installing: /home/autoware/Autoware/install/kitti_player/share/kitti_player/cmake/kitti_playerConfig.cmake
[24.139s] -- Installing: /home/autoware/Autoware/install/kitti_player/share/kitti_player/cmake/kitti_playerConfig-version.cmake
[24.139s] -- Installing: /home/autoware/Autoware/install/kitti_player/share/kitti_player/package.xml
[24.139s] -- Installing: /home/autoware/Autoware/install/kitti_player/lib/kitti_player/kitti_player
[24.139s] -- Set runtime path of "/home/autoware/Autoware/install/kitti_player/lib/kitti_player/kitti_player" to ""
[24.139s] -- Installing: /home/autoware/Autoware/install/kitti_player/share/kitti_player/launch
[24.139s] -- Installing: /home/autoware/Autoware/install/kitti_player/share/kitti_player/launch/kittiplayer_libviso2.launch
[24.140s] -- Installing: /home/autoware/Autoware/install/kitti_player/share/kitti_player/cfg
[24.140s] -- Installing: /home/autoware/Autoware/install/kitti_player/share/kitti_player/cfg/kitti_player.cfg
[24.140s] -- Installing: /home/autoware/Autoware/install/kitti_player/share/kitti_player/cfg/rviz_kitti_player.rviz
[24.148s] Invoked command in '/home/autoware/Autoware/build/kitti_player' returned '0': CMAKE_PREFIX_PATH=/home/autoware/Autoware/install/autoware_build_flags:${CMAKE_PREFIX_PATH} PKG_CONFIG_PATH=/home/autoware/Autoware/install/autoware_build_flags/lib/x86_64-linux-gnu/pkgconfig:/home/autoware/Autoware/install/autoware_build_flags/lib/pkgconfig:${PKG_CONFIG_PATH} ROS_PACKAGE_PATH=/home/autoware/Autoware/install/autoware_build_flags/share:${ROS_PACKAGE_PATH} /usr/bin/cmake --build /home/autoware/Autoware/build/kitti_player --target install -- -j2 -l2
