-- The C compiler identification is GNU 7.5.0
-- The CXX compiler identification is GNU 7.5.0
-- Check for working C compiler: /usr/bin/cc
-- Check for working C compiler: /usr/bin/cc -- works
-- Detecting C compiler ABI info
-- Detecting C compiler ABI info - done
-- Detecting C compile features
-- Detecting C compile features - done
-- Check for working CXX compiler: /usr/bin/c++
-- Check for working CXX compiler: /usr/bin/c++ -- works
-- Detecting CXX compiler ABI info
-- Detecting CXX compiler ABI info - done
-- Detecting CXX compile features
-- Detecting CXX compile features - done
-- CUDA compilation status: ON.
-- Using CATKIN_DEVEL_PREFIX: /home/autoware/Autoware/build/amathutils_lib/devel
-- Using CMAKE_PREFIX_PATH: /home/autoware/Autoware/install/autoware_msgs;/home/autoware/Autoware/install/autoware_build_flags;/opt/ros/melodic
-- This workspace overlays: /home/autoware/Autoware/install/autoware_msgs;/home/autoware/Autoware/install/autoware_build_flags;/opt/ros/melodic
-- Found PythonInterp: /usr/bin/python2 (found suitable version "2.7.17", minimum required is "2") 
-- Using PYTHON_EXECUTABLE: /usr/bin/python2
-- Using Debian Python package layout
-- Using empy: /usr/bin/empy
-- Using CATKIN_ENABLE_TESTING: ON
-- Call enable_testing()
-- Using CATKIN_TEST_RESULTS_DIR: /home/autoware/Autoware/build/amathutils_lib/test_results
-- Found gtest sources under '/usr/src/googletest': gtests will be built
-- Found gmock sources under '/usr/src/googletest': gmock will be built
-- Found PythonInterp: /usr/bin/python2 (found version "2.7.17") 
-- Looking for pthread.h
-- Looking for pthread.h - found
-- Looking for pthread_create
-- Looking for pthread_create - not found
-- Looking for pthread_create in pthreads
-- Looking for pthread_create in pthreads - not found
-- Looking for pthread_create in pthread
-- Looking for pthread_create in pthread - found
-- Found Threads: TRUE  
-- Using Python nosetests: /usr/bin/nosetests-2.7
-- catkin 0.7.26
-- BUILD_SHARED_LIBS is on
-- Using these message generators: gencpp;geneus;genlisp;gennodejs;genpy
-- Configuring done
-- Generating done
-- Build files have been written to: /home/autoware/Autoware/build/amathutils_lib
Scanning dependencies of target tf2_msgs_generate_messages_nodejs
[  0%] Built target tf2_msgs_generate_messages_nodejs
Scanning dependencies of target geometry_msgs_generate_messages_py
[  0%] Built target geometry_msgs_generate_messages_py
Scanning dependencies of target sensor_msgs_generate_messages_nodejs
[  0%] Built target sensor_msgs_generate_messages_nodejs
Scanning dependencies of target roscpp_generate_messages_cpp
[  0%] Built target roscpp_generate_messages_cpp
Scanning dependencies of target actionlib_generate_messages_cpp
[  0%] Built target actionlib_generate_messages_cpp
Scanning dependencies of target pcl_msgs_generate_messages_eus
[  0%] Built target pcl_msgs_generate_messages_eus
Scanning dependencies of target rosgraph_msgs_generate_messages_eus
[  0%] Built target rosgraph_msgs_generate_messages_eus
Scanning dependencies of target jsk_recognition_msgs_generate_messages_lisp
[  0%] Built target jsk_recognition_msgs_generate_messages_lisp
Scanning dependencies of target jsk_recognition_msgs_generate_messages_eus
[  0%] Built target jsk_recognition_msgs_generate_messages_eus
Scanning dependencies of target tf2_msgs_generate_messages_cpp
[  0%] Built target tf2_msgs_generate_messages_cpp
Scanning dependencies of target std_msgs_generate_messages_py
[  0%] Built target std_msgs_generate_messages_py
Scanning dependencies of target autoware_msgs_generate_messages_py
[  0%] Built target autoware_msgs_generate_messages_py
Scanning dependencies of target std_msgs_generate_messages_nodejs
[  0%] Built target std_msgs_generate_messages_nodejs
Scanning dependencies of target sensor_msgs_generate_messages_eus
[  0%] Built target sensor_msgs_generate_messages_eus
Scanning dependencies of target _catkin_empty_exported_target
[  0%] Built target _catkin_empty_exported_target
Scanning dependencies of target sensor_msgs_generate_messages_cpp
[  0%] Built target sensor_msgs_generate_messages_cpp
Scanning dependencies of target autoware_msgs_generate_messages_cpp
[  0%] Built target autoware_msgs_generate_messages_cpp
Scanning dependencies of target rosgraph_msgs_generate_messages_cpp
[  0%] Built target rosgraph_msgs_generate_messages_cpp
Scanning dependencies of target pcl_msgs_generate_messages_nodejs
[  0%] Built target pcl_msgs_generate_messages_nodejs
Scanning dependencies of target jsk_recognition_msgs_generate_messages_py
[  0%] Built target jsk_recognition_msgs_generate_messages_py
Scanning dependencies of target sensor_msgs_generate_messages_py
[  0%] Built target sensor_msgs_generate_messages_py
Scanning dependencies of target tf_generate_messages_py
[  0%] Built target tf_generate_messages_py
Scanning dependencies of target std_msgs_generate_messages_cpp
[  0%] Built target std_msgs_generate_messages_cpp
Scanning dependencies of target jsk_footstep_msgs_generate_messages_py
[  0%] Built target jsk_footstep_msgs_generate_messages_py
Scanning dependencies of target actionlib_msgs_generate_messages_nodejs
[  0%] Built target actionlib_msgs_generate_messages_nodejs
Scanning dependencies of target geometry_msgs_generate_messages_eus
[  0%] Built target geometry_msgs_generate_messages_eus
Scanning dependencies of target std_msgs_generate_messages_lisp
[  0%] Built target std_msgs_generate_messages_lisp
Scanning dependencies of target roscpp_generate_messages_nodejs
[  0%] Built target roscpp_generate_messages_nodejs
Scanning dependencies of target geometry_msgs_generate_messages_nodejs
[  0%] Built target geometry_msgs_generate_messages_nodejs
Scanning dependencies of target geometry_msgs_generate_messages_lisp
[  0%] Built target geometry_msgs_generate_messages_lisp
Scanning dependencies of target pcl_msgs_generate_messages_cpp
[  0%] Built target pcl_msgs_generate_messages_cpp
Scanning dependencies of target jsk_recognition_msgs_generate_messages_cpp
[  0%] Built target jsk_recognition_msgs_generate_messages_cpp
Scanning dependencies of target autoware_msgs_generate_messages_eus
[  0%] Built target autoware_msgs_generate_messages_eus
Scanning dependencies of target autoware_msgs_generate_messages_lisp
[  0%] Built target autoware_msgs_generate_messages_lisp
Scanning dependencies of target std_msgs_generate_messages_eus
[  0%] Built target std_msgs_generate_messages_eus
Scanning dependencies of target autoware_msgs_generate_messages_nodejs
[  0%] Built target autoware_msgs_generate_messages_nodejs
Scanning dependencies of target jsk_footstep_msgs_generate_messages_eus
[  0%] Built target jsk_footstep_msgs_generate_messages_eus
Scanning dependencies of target actionlib_msgs_generate_messages_py
[  0%] Built target actionlib_msgs_generate_messages_py
Scanning dependencies of target jsk_footstep_msgs_generate_messages_lisp
[  0%] Built target jsk_footstep_msgs_generate_messages_lisp
Scanning dependencies of target jsk_footstep_msgs_generate_messages_nodejs
[  0%] Built target jsk_footstep_msgs_generate_messages_nodejs
Scanning dependencies of target sensor_msgs_generate_messages_lisp
[  0%] Built target sensor_msgs_generate_messages_lisp
Scanning dependencies of target actionlib_msgs_generate_messages_lisp
[  0%] Built target actionlib_msgs_generate_messages_lisp
Scanning dependencies of target jsk_recognition_msgs_generate_messages_nodejs
[  0%] Built target jsk_recognition_msgs_generate_messages_nodejs
Scanning dependencies of target roscpp_generate_messages_lisp
[  0%] Built target roscpp_generate_messages_lisp
Scanning dependencies of target roscpp_generate_messages_py
[  0%] Built target roscpp_generate_messages_py
Scanning dependencies of target rosgraph_msgs_generate_messages_lisp
[  0%] Built target rosgraph_msgs_generate_messages_lisp
Scanning dependencies of target rosgraph_msgs_generate_messages_nodejs
[  0%] Built target rosgraph_msgs_generate_messages_nodejs
Scanning dependencies of target roscpp_generate_messages_eus
[  0%] Built target roscpp_generate_messages_eus
Scanning dependencies of target actionlib_msgs_generate_messages_eus
[  0%] Built target actionlib_msgs_generate_messages_eus
Scanning dependencies of target rosgraph_msgs_generate_messages_py
[  0%] Built target rosgraph_msgs_generate_messages_py
Scanning dependencies of target jsk_footstep_msgs_generate_messages_cpp
[  0%] Built target jsk_footstep_msgs_generate_messages_cpp
Scanning dependencies of target actionlib_msgs_generate_messages_cpp
[  0%] Built target actionlib_msgs_generate_messages_cpp
Scanning dependencies of target tf_generate_messages_eus
[  0%] Built target tf_generate_messages_eus
Scanning dependencies of target tf_generate_messages_lisp
[  0%] Built target tf_generate_messages_lisp
Scanning dependencies of target tf_generate_messages_nodejs
[  0%] Built target tf_generate_messages_nodejs
Scanning dependencies of target pcl_msgs_generate_messages_py
[  0%] Built target pcl_msgs_generate_messages_py
Scanning dependencies of target actionlib_generate_messages_eus
[  0%] Built target actionlib_generate_messages_eus
Scanning dependencies of target geometry_msgs_generate_messages_cpp
[  0%] Built target geometry_msgs_generate_messages_cpp
Scanning dependencies of target actionlib_generate_messages_lisp
[  0%] Built target actionlib_generate_messages_lisp
Scanning dependencies of target pcl_msgs_generate_messages_lisp
[  0%] Built target pcl_msgs_generate_messages_lisp
Scanning dependencies of target tf_generate_messages_cpp
[  0%] Built target tf_generate_messages_cpp
Scanning dependencies of target actionlib_generate_messages_nodejs
[  0%] Built target actionlib_generate_messages_nodejs
Scanning dependencies of target tf2_msgs_generate_messages_eus
[  0%] Built target tf2_msgs_generate_messages_eus
Scanning dependencies of target tf2_msgs_generate_messages_lisp
[  0%] Built target tf2_msgs_generate_messages_lisp
Scanning dependencies of target actionlib_generate_messages_py
[  0%] Built target actionlib_generate_messages_py
Scanning dependencies of target tf2_msgs_generate_messages_py
[  0%] Built target tf2_msgs_generate_messages_py
Scanning dependencies of target amathutils_lib
[ 20%] Building CXX object CMakeFiles/amathutils_lib.dir/src/Amathutils.cpp.o
[ 40%] Building CXX object CMakeFiles/amathutils_lib.dir/src/kalman_filter.cpp.o
[ 60%] Building CXX object CMakeFiles/amathutils_lib.dir/src/time_delay_kalman_filter.cpp.o
[ 80%] Building CXX object CMakeFiles/amathutils_lib.dir/src/butterworth_filter.cpp.o
[100%] Linking CXX shared library devel/lib/libamathutils_lib.so
[100%] Built target amathutils_lib
Scanning dependencies of target gtest
[  6%] Building CXX object gtest/googlemock/gtest/CMakeFiles/gtest.dir/src/gtest-all.cc.o
[ 12%] Linking CXX shared library libgtest.so
[ 12%] Built target gtest
[ 12%] Built target tf2_msgs_generate_messages_nodejs
[ 12%] Built target geometry_msgs_generate_messages_py
[ 12%] Built target sensor_msgs_generate_messages_nodejs
[ 12%] Built target roscpp_generate_messages_cpp
[ 12%] Built target actionlib_generate_messages_cpp
[ 12%] Built target pcl_msgs_generate_messages_eus
[ 12%] Built target rosgraph_msgs_generate_messages_eus
[ 12%] Built target jsk_recognition_msgs_generate_messages_lisp
[ 12%] Built target jsk_recognition_msgs_generate_messages_eus
[ 12%] Built target tf2_msgs_generate_messages_cpp
[ 12%] Built target std_msgs_generate_messages_py
[ 12%] Built target autoware_msgs_generate_messages_py
[ 12%] Built target std_msgs_generate_messages_nodejs
[ 12%] Built target sensor_msgs_generate_messages_eus
[ 12%] Built target _catkin_empty_exported_target
[ 12%] Built target sensor_msgs_generate_messages_cpp
[ 12%] Built target autoware_msgs_generate_messages_cpp
[ 12%] Built target rosgraph_msgs_generate_messages_cpp
[ 12%] Built target pcl_msgs_generate_messages_nodejs
[ 12%] Built target jsk_recognition_msgs_generate_messages_py
[ 12%] Built target sensor_msgs_generate_messages_py
[ 12%] Built target tf_generate_messages_py
[ 12%] Built target std_msgs_generate_messages_cpp
[ 12%] Built target jsk_footstep_msgs_generate_messages_py
[ 12%] Built target actionlib_msgs_generate_messages_nodejs
[ 12%] Built target geometry_msgs_generate_messages_eus
[ 12%] Built target std_msgs_generate_messages_lisp
[ 12%] Built target roscpp_generate_messages_nodejs
[ 12%] Built target geometry_msgs_generate_messages_nodejs
[ 12%] Built target geometry_msgs_generate_messages_lisp
[ 12%] Built target pcl_msgs_generate_messages_cpp
[ 12%] Built target jsk_recognition_msgs_generate_messages_cpp
[ 12%] Built target autoware_msgs_generate_messages_eus
[ 12%] Built target autoware_msgs_generate_messages_lisp
[ 12%] Built target std_msgs_generate_messages_eus
[ 12%] Built target autoware_msgs_generate_messages_nodejs
[ 12%] Built target jsk_footstep_msgs_generate_messages_eus
[ 12%] Built target actionlib_msgs_generate_messages_py
[ 12%] Built target jsk_footstep_msgs_generate_messages_lisp
[ 12%] Built target jsk_footstep_msgs_generate_messages_nodejs
[ 12%] Built target sensor_msgs_generate_messages_lisp
[ 12%] Built target actionlib_msgs_generate_messages_lisp
[ 12%] Built target jsk_recognition_msgs_generate_messages_nodejs
[ 12%] Built target roscpp_generate_messages_lisp
[ 12%] Built target roscpp_generate_messages_py
[ 12%] Built target rosgraph_msgs_generate_messages_lisp
[ 12%] Built target rosgraph_msgs_generate_messages_nodejs
[ 12%] Built target roscpp_generate_messages_eus
[ 12%] Built target actionlib_msgs_generate_messages_eus
[ 12%] Built target rosgraph_msgs_generate_messages_py
[ 12%] Built target jsk_footstep_msgs_generate_messages_cpp
[ 12%] Built target actionlib_msgs_generate_messages_cpp
[ 12%] Built target tf_generate_messages_eus
[ 12%] Built target tf_generate_messages_lisp
[ 12%] Built target tf_generate_messages_nodejs
[ 12%] Built target pcl_msgs_generate_messages_py
[ 12%] Built target actionlib_generate_messages_eus
[ 12%] Built target geometry_msgs_generate_messages_cpp
[ 12%] Built target actionlib_generate_messages_lisp
[ 12%] Built target pcl_msgs_generate_messages_lisp
[ 12%] Built target tf_generate_messages_cpp
[ 12%] Built target actionlib_generate_messages_nodejs
[ 12%] Built target tf2_msgs_generate_messages_eus
[ 12%] Built target tf2_msgs_generate_messages_lisp
[ 12%] Built target actionlib_generate_messages_py
[ 12%] Built target tf2_msgs_generate_messages_py
Scanning dependencies of target test-butterworth_filter
[ 18%] Building CXX object CMakeFiles/test-butterworth_filter.dir/test/src/test_butterworth_filter.cpp.o
[ 25%] Building CXX object CMakeFiles/test-butterworth_filter.dir/src/butterworth_filter.cpp.o
[ 31%] Linking CXX executable devel/lib/amathutils_lib/test-butterworth_filter
[ 31%] Built target test-butterworth_filter
Scanning dependencies of target test-kalman_filter
[ 37%] Building CXX object CMakeFiles/test-kalman_filter.dir/test/src/test_kalman_filter.cpp.o
[ 43%] Building CXX object CMakeFiles/test-kalman_filter.dir/src/kalman_filter.cpp.o
[ 50%] Building CXX object CMakeFiles/test-kalman_filter.dir/src/time_delay_kalman_filter.cpp.o
[ 56%] Linking CXX executable devel/lib/amathutils_lib/test-kalman_filter
[ 56%] Built target test-kalman_filter
[ 87%] Built target amathutils_lib
Scanning dependencies of target amathutils-test
[ 93%] Building CXX object CMakeFiles/amathutils-test.dir/test/src/test_amathutils_lib.cpp.o
[100%] Linking CXX executable devel/lib/amathutils_lib/amathutils-test
[100%] Built target amathutils-test
Scanning dependencies of target tests
[100%] Built target tests
[  0%] Built target tf2_msgs_generate_messages_nodejs
[  0%] Built target geometry_msgs_generate_messages_py
[  0%] Built target sensor_msgs_generate_messages_nodejs
[  0%] Built target roscpp_generate_messages_cpp
[  0%] Built target actionlib_generate_messages_cpp
[  0%] Built target pcl_msgs_generate_messages_eus
[  0%] Built target rosgraph_msgs_generate_messages_eus
[  0%] Built target jsk_recognition_msgs_generate_messages_lisp
[  0%] Built target jsk_recognition_msgs_generate_messages_eus
[  0%] Built target tf2_msgs_generate_messages_cpp
[  0%] Built target std_msgs_generate_messages_py
[  0%] Built target autoware_msgs_generate_messages_py
[  0%] Built target std_msgs_generate_messages_nodejs
[  0%] Built target sensor_msgs_generate_messages_eus
[  0%] Built target _catkin_empty_exported_target
[  0%] Built target sensor_msgs_generate_messages_cpp
[  0%] Built target autoware_msgs_generate_messages_cpp
[  0%] Built target rosgraph_msgs_generate_messages_cpp
[  0%] Built target pcl_msgs_generate_messages_nodejs
[  0%] Built target jsk_recognition_msgs_generate_messages_py
[  0%] Built target sensor_msgs_generate_messages_py
[  0%] Built target tf_generate_messages_py
[  0%] Built target std_msgs_generate_messages_cpp
[  0%] Built target jsk_footstep_msgs_generate_messages_py
[  0%] Built target actionlib_msgs_generate_messages_nodejs
[  0%] Built target geometry_msgs_generate_messages_eus
[  0%] Built target std_msgs_generate_messages_lisp
[  0%] Built target roscpp_generate_messages_nodejs
[  0%] Built target geometry_msgs_generate_messages_nodejs
[  0%] Built target geometry_msgs_generate_messages_lisp
[  0%] Built target pcl_msgs_generate_messages_cpp
[  0%] Built target jsk_recognition_msgs_generate_messages_cpp
[  0%] Built target autoware_msgs_generate_messages_eus
[  0%] Built target autoware_msgs_generate_messages_lisp
[  0%] Built target std_msgs_generate_messages_eus
[  0%] Built target autoware_msgs_generate_messages_nodejs
[  0%] Built target jsk_footstep_msgs_generate_messages_eus
[  0%] Built target actionlib_msgs_generate_messages_py
[  0%] Built target jsk_footstep_msgs_generate_messages_lisp
[  0%] Built target jsk_footstep_msgs_generate_messages_nodejs
[  0%] Built target sensor_msgs_generate_messages_lisp
[  0%] Built target actionlib_msgs_generate_messages_lisp
[  0%] Built target jsk_recognition_msgs_generate_messages_nodejs
[  0%] Built target roscpp_generate_messages_lisp
[  0%] Built target roscpp_generate_messages_py
[  0%] Built target rosgraph_msgs_generate_messages_lisp
[  0%] Built target rosgraph_msgs_generate_messages_nodejs
[  0%] Built target roscpp_generate_messages_eus
[  0%] Built target actionlib_msgs_generate_messages_eus
[  0%] Built target rosgraph_msgs_generate_messages_py
[  0%] Built target jsk_footstep_msgs_generate_messages_cpp
[  0%] Built target actionlib_msgs_generate_messages_cpp
[  0%] Built target tf_generate_messages_eus
[  0%] Built target tf_generate_messages_lisp
[  0%] Built target tf_generate_messages_nodejs
[  0%] Built target pcl_msgs_generate_messages_py
[  0%] Built target actionlib_generate_messages_eus
[  0%] Built target geometry_msgs_generate_messages_cpp
[  0%] Built target actionlib_generate_messages_lisp
[  0%] Built target pcl_msgs_generate_messages_lisp
[  0%] Built target tf_generate_messages_cpp
[  0%] Built target actionlib_generate_messages_nodejs
[  0%] Built target tf2_msgs_generate_messages_eus
[  0%] Built target tf2_msgs_generate_messages_lisp
[  0%] Built target actionlib_generate_messages_py
[  0%] Built target tf2_msgs_generate_messages_py
[100%] Built target amathutils_lib
Install the project...
-- Install configuration: "Release"
-- Installing: /home/autoware/Autoware/install/amathutils_lib/lib/pkgconfig/amathutils_lib.pc
-- Installing: /home/autoware/Autoware/install/amathutils_lib/share/amathutils_lib/cmake/amathutils_libConfig.cmake
-- Installing: /home/autoware/Autoware/install/amathutils_lib/share/amathutils_lib/cmake/amathutils_libConfig-version.cmake
-- Installing: /home/autoware/Autoware/install/amathutils_lib/share/amathutils_lib/package.xml
-- Installing: /home/autoware/Autoware/install/amathutils_lib/include/amathutils_lib
-- Installing: /home/autoware/Autoware/install/amathutils_lib/include/amathutils_lib/time_delay_kalman_filter.hpp
-- Installing: /home/autoware/Autoware/install/amathutils_lib/include/amathutils_lib/amathutils.hpp
-- Installing: /home/autoware/Autoware/install/amathutils_lib/include/amathutils_lib/kalman_filter.hpp
-- Installing: /home/autoware/Autoware/install/amathutils_lib/include/amathutils_lib/butterworth_filter.hpp
-- Installing: /home/autoware/Autoware/install/amathutils_lib/lib/libamathutils_lib.so
-- Set runtime path of "/home/autoware/Autoware/install/amathutils_lib/lib/libamathutils_lib.so" to ""
