-- The C compiler identification is GNU 7.5.0
-- The CXX compiler identification is GNU 7.5.0
-- Check for working C compiler: /usr/bin/cc
-- Check for working C compiler: /usr/bin/cc -- works
-- Detecting C compiler ABI info
-- Detecting C compiler ABI info - done
-- Detecting C compile features
-- Detecting C compile features - done
-- Check for working CXX compiler: /usr/bin/c++
-- Check for working CXX compiler: /usr/bin/c++ -- works
-- Detecting CXX compiler ABI info
-- Detecting CXX compiler ABI info - done
-- Detecting CXX compile features
-- Detecting CXX compile features - done
-- Using CATKIN_DEVEL_PREFIX: /home/autoware/Autoware/build/sick_ldmrs_msgs/devel
-- Using CMAKE_PREFIX_PATH: /opt/ros/melodic
-- This workspace overlays: /opt/ros/melodic
-- Found PythonInterp: /usr/bin/python2 (found suitable version "2.7.17", minimum required is "2") 
-- Using PYTHON_EXECUTABLE: /usr/bin/python2
-- Using Debian Python package layout
-- Using empy: /usr/bin/empy
-- Using CATKIN_ENABLE_TESTING: ON
-- Call enable_testing()
-- Using CATKIN_TEST_RESULTS_DIR: /home/autoware/Autoware/build/sick_ldmrs_msgs/test_results
-- Found gtest sources under '/usr/src/googletest': gtests will be built
-- Found gmock sources under '/usr/src/googletest': gmock will be built
-- Found PythonInterp: /usr/bin/python2 (found version "2.7.17") 
-- Looking for pthread.h
-- Looking for pthread.h - found
-- Looking for pthread_create
-- Looking for pthread_create - not found
-- Looking for pthread_create in pthreads
-- Looking for pthread_create in pthreads - not found
-- Looking for pthread_create in pthread
-- Looking for pthread_create in pthread - found
-- Found Threads: TRUE  
-- Using Python nosetests: /usr/bin/nosetests-2.7
-- catkin 0.7.26
-- BUILD_SHARED_LIBS is on
-- Using these message generators: gencpp;geneus;genlisp;gennodejs;genpy
-- sick_ldmrs_msgs: 2 messages, 0 services
-- Configuring done
-- Generating done
-- Build files have been written to: /home/autoware/Autoware/build/sick_ldmrs_msgs
Scanning dependencies of target std_msgs_generate_messages_lisp
[  0%] Built target std_msgs_generate_messages_lisp
Scanning dependencies of target _sick_ldmrs_msgs_generate_messages_check_deps_Object
[  0%] Built target _sick_ldmrs_msgs_generate_messages_check_deps_Object
Scanning dependencies of target _sick_ldmrs_msgs_generate_messages_check_deps_ObjectArray
[  0%] Built target _sick_ldmrs_msgs_generate_messages_check_deps_ObjectArray
Scanning dependencies of target geometry_msgs_generate_messages_lisp
[  0%] Built target geometry_msgs_generate_messages_lisp
Scanning dependencies of target std_msgs_generate_messages_py
[  0%] Built target std_msgs_generate_messages_py
Scanning dependencies of target geometry_msgs_generate_messages_py
[  0%] Built target geometry_msgs_generate_messages_py
Scanning dependencies of target std_msgs_generate_messages_eus
[  0%] Built target std_msgs_generate_messages_eus
Scanning dependencies of target geometry_msgs_generate_messages_eus
[  0%] Built target geometry_msgs_generate_messages_eus
Scanning dependencies of target geometry_msgs_generate_messages_cpp
[  0%] Built target geometry_msgs_generate_messages_cpp
Scanning dependencies of target std_msgs_generate_messages_cpp
[  0%] Built target std_msgs_generate_messages_cpp
Scanning dependencies of target std_msgs_generate_messages_nodejs
[  0%] Built target std_msgs_generate_messages_nodejs
Scanning dependencies of target geometry_msgs_generate_messages_nodejs
[  0%] Built target geometry_msgs_generate_messages_nodejs
Scanning dependencies of target sick_ldmrs_msgs_generate_messages_lisp
[  8%] Generating Lisp code from sick_ldmrs_msgs/Object.msg
[ 16%] Generating Lisp code from sick_ldmrs_msgs/ObjectArray.msg
[ 16%] Built target sick_ldmrs_msgs_generate_messages_lisp
Scanning dependencies of target sick_ldmrs_msgs_generate_messages_py
[ 25%] Generating Python from MSG sick_ldmrs_msgs/Object
[ 33%] Generating Python from MSG sick_ldmrs_msgs/ObjectArray
[ 41%] Generating Python msg __init__.py for sick_ldmrs_msgs
[ 41%] Built target sick_ldmrs_msgs_generate_messages_py
Scanning dependencies of target sick_ldmrs_msgs_generate_messages_eus
[ 50%] Generating EusLisp code from sick_ldmrs_msgs/Object.msg
[ 58%] Generating EusLisp code from sick_ldmrs_msgs/ObjectArray.msg
[ 66%] Generating EusLisp manifest code for sick_ldmrs_msgs
[ 66%] Built target sick_ldmrs_msgs_generate_messages_eus
Scanning dependencies of target sick_ldmrs_msgs_generate_messages_cpp
[ 75%] Generating C++ code from sick_ldmrs_msgs/Object.msg
[ 83%] Generating C++ code from sick_ldmrs_msgs/ObjectArray.msg
[ 83%] Built target sick_ldmrs_msgs_generate_messages_cpp
Scanning dependencies of target sick_ldmrs_msgs_generate_messages_nodejs
[ 91%] Generating Javascript code from sick_ldmrs_msgs/Object.msg
[100%] Generating Javascript code from sick_ldmrs_msgs/ObjectArray.msg
[100%] Built target sick_ldmrs_msgs_generate_messages_nodejs
Scanning dependencies of target sick_ldmrs_msgs_generate_messages
[100%] Built target sick_ldmrs_msgs_generate_messages
Scanning dependencies of target tests
Built target tests
[  0%] Built target std_msgs_generate_messages_lisp
[  0%] Built target _sick_ldmrs_msgs_generate_messages_check_deps_Object
[  0%] Built target _sick_ldmrs_msgs_generate_messages_check_deps_ObjectArray
[  0%] Built target geometry_msgs_generate_messages_lisp
[  0%] Built target std_msgs_generate_messages_py
[  0%] Built target geometry_msgs_generate_messages_py
[  0%] Built target std_msgs_generate_messages_eus
[  0%] Built target geometry_msgs_generate_messages_eus
[  0%] Built target geometry_msgs_generate_messages_cpp
[  0%] Built target std_msgs_generate_messages_cpp
[  0%] Built target std_msgs_generate_messages_nodejs
[  0%] Built target geometry_msgs_generate_messages_nodejs
[ 16%] Built target sick_ldmrs_msgs_generate_messages_lisp
[ 41%] Built target sick_ldmrs_msgs_generate_messages_py
[ 66%] Built target sick_ldmrs_msgs_generate_messages_eus
[ 83%] Built target sick_ldmrs_msgs_generate_messages_cpp
[100%] Built target sick_ldmrs_msgs_generate_messages_nodejs
[100%] Built target sick_ldmrs_msgs_generate_messages
Install the project...
-- Install configuration: "Release"
-- Installing: /home/autoware/Autoware/install/sick_ldmrs_msgs/share/sick_ldmrs_msgs/msg/Object.msg
-- Installing: /home/autoware/Autoware/install/sick_ldmrs_msgs/share/sick_ldmrs_msgs/msg/ObjectArray.msg
-- Installing: /home/autoware/Autoware/install/sick_ldmrs_msgs/share/sick_ldmrs_msgs/cmake/sick_ldmrs_msgs-msg-paths.cmake
-- Installing: /home/autoware/Autoware/install/sick_ldmrs_msgs/include/sick_ldmrs_msgs
-- Installing: /home/autoware/Autoware/install/sick_ldmrs_msgs/include/sick_ldmrs_msgs/ObjectArray.h
-- Installing: /home/autoware/Autoware/install/sick_ldmrs_msgs/include/sick_ldmrs_msgs/Object.h
-- Installing: /home/autoware/Autoware/install/sick_ldmrs_msgs/share/roseus/ros/sick_ldmrs_msgs
-- Installing: /home/autoware/Autoware/install/sick_ldmrs_msgs/share/roseus/ros/sick_ldmrs_msgs/msg
-- Installing: /home/autoware/Autoware/install/sick_ldmrs_msgs/share/roseus/ros/sick_ldmrs_msgs/msg/ObjectArray.l
-- Installing: /home/autoware/Autoware/install/sick_ldmrs_msgs/share/roseus/ros/sick_ldmrs_msgs/msg/Object.l
-- Installing: /home/autoware/Autoware/install/sick_ldmrs_msgs/share/roseus/ros/sick_ldmrs_msgs/manifest.l
-- Installing: /home/autoware/Autoware/install/sick_ldmrs_msgs/share/common-lisp/ros/sick_ldmrs_msgs
-- Installing: /home/autoware/Autoware/install/sick_ldmrs_msgs/share/common-lisp/ros/sick_ldmrs_msgs/msg
-- Installing: /home/autoware/Autoware/install/sick_ldmrs_msgs/share/common-lisp/ros/sick_ldmrs_msgs/msg/_package.lisp
-- Installing: /home/autoware/Autoware/install/sick_ldmrs_msgs/share/common-lisp/ros/sick_ldmrs_msgs/msg/Object.lisp
-- Installing: /home/autoware/Autoware/install/sick_ldmrs_msgs/share/common-lisp/ros/sick_ldmrs_msgs/msg/sick_ldmrs_msgs-msg.asd
-- Installing: /home/autoware/Autoware/install/sick_ldmrs_msgs/share/common-lisp/ros/sick_ldmrs_msgs/msg/_package_ObjectArray.lisp
-- Installing: /home/autoware/Autoware/install/sick_ldmrs_msgs/share/common-lisp/ros/sick_ldmrs_msgs/msg/_package_Object.lisp
-- Installing: /home/autoware/Autoware/install/sick_ldmrs_msgs/share/common-lisp/ros/sick_ldmrs_msgs/msg/ObjectArray.lisp
-- Installing: /home/autoware/Autoware/install/sick_ldmrs_msgs/share/gennodejs/ros/sick_ldmrs_msgs
-- Installing: /home/autoware/Autoware/install/sick_ldmrs_msgs/share/gennodejs/ros/sick_ldmrs_msgs/msg
-- Installing: /home/autoware/Autoware/install/sick_ldmrs_msgs/share/gennodejs/ros/sick_ldmrs_msgs/msg/Object.js
-- Installing: /home/autoware/Autoware/install/sick_ldmrs_msgs/share/gennodejs/ros/sick_ldmrs_msgs/msg/_index.js
-- Installing: /home/autoware/Autoware/install/sick_ldmrs_msgs/share/gennodejs/ros/sick_ldmrs_msgs/msg/ObjectArray.js
-- Installing: /home/autoware/Autoware/install/sick_ldmrs_msgs/share/gennodejs/ros/sick_ldmrs_msgs/_index.js
Listing /home/autoware/Autoware/build/sick_ldmrs_msgs/devel/lib/python2.7/dist-packages/sick_ldmrs_msgs ...
Compiling /home/autoware/Autoware/build/sick_ldmrs_msgs/devel/lib/python2.7/dist-packages/sick_ldmrs_msgs/__init__.py ...
Listing /home/autoware/Autoware/build/sick_ldmrs_msgs/devel/lib/python2.7/dist-packages/sick_ldmrs_msgs/msg ...
Compiling /home/autoware/Autoware/build/sick_ldmrs_msgs/devel/lib/python2.7/dist-packages/sick_ldmrs_msgs/msg/_Object.py ...
Compiling /home/autoware/Autoware/build/sick_ldmrs_msgs/devel/lib/python2.7/dist-packages/sick_ldmrs_msgs/msg/_ObjectArray.py ...
Compiling /home/autoware/Autoware/build/sick_ldmrs_msgs/devel/lib/python2.7/dist-packages/sick_ldmrs_msgs/msg/__init__.py ...
-- Installing: /home/autoware/Autoware/install/sick_ldmrs_msgs/lib/python2.7/dist-packages/sick_ldmrs_msgs
-- Installing: /home/autoware/Autoware/install/sick_ldmrs_msgs/lib/python2.7/dist-packages/sick_ldmrs_msgs/msg
-- Installing: /home/autoware/Autoware/install/sick_ldmrs_msgs/lib/python2.7/dist-packages/sick_ldmrs_msgs/msg/_Object.pyc
-- Installing: /home/autoware/Autoware/install/sick_ldmrs_msgs/lib/python2.7/dist-packages/sick_ldmrs_msgs/msg/__init__.pyc
-- Installing: /home/autoware/Autoware/install/sick_ldmrs_msgs/lib/python2.7/dist-packages/sick_ldmrs_msgs/msg/_ObjectArray.py
-- Installing: /home/autoware/Autoware/install/sick_ldmrs_msgs/lib/python2.7/dist-packages/sick_ldmrs_msgs/msg/_ObjectArray.pyc
-- Installing: /home/autoware/Autoware/install/sick_ldmrs_msgs/lib/python2.7/dist-packages/sick_ldmrs_msgs/msg/_Object.py
-- Installing: /home/autoware/Autoware/install/sick_ldmrs_msgs/lib/python2.7/dist-packages/sick_ldmrs_msgs/msg/__init__.py
-- Installing: /home/autoware/Autoware/install/sick_ldmrs_msgs/lib/python2.7/dist-packages/sick_ldmrs_msgs/__init__.pyc
-- Installing: /home/autoware/Autoware/install/sick_ldmrs_msgs/lib/python2.7/dist-packages/sick_ldmrs_msgs/__init__.py
-- Installing: /home/autoware/Autoware/install/sick_ldmrs_msgs/lib/pkgconfig/sick_ldmrs_msgs.pc
-- Installing: /home/autoware/Autoware/install/sick_ldmrs_msgs/share/sick_ldmrs_msgs/cmake/sick_ldmrs_msgs-msg-extras.cmake
-- Installing: /home/autoware/Autoware/install/sick_ldmrs_msgs/share/sick_ldmrs_msgs/cmake/sick_ldmrs_msgsConfig.cmake
-- Installing: /home/autoware/Autoware/install/sick_ldmrs_msgs/share/sick_ldmrs_msgs/cmake/sick_ldmrs_msgsConfig-version.cmake
-- Installing: /home/autoware/Autoware/install/sick_ldmrs_msgs/share/sick_ldmrs_msgs/package.xml
-- Up-to-date: /home/autoware/Autoware/install/sick_ldmrs_msgs/include/sick_ldmrs_msgs
-- Installing: /home/autoware/Autoware/install/sick_ldmrs_msgs/include/sick_ldmrs_msgs/sick_ldmrs_point_type.h
