[0.012s] Invoking command in '/home/autoware/Autoware/build/sick_ldmrs_msgs': /usr/bin/cmake /home/autoware/Autoware/src/drivers/awf_drivers/sick_ldmrs_msgs -DCMAKE_BUILD_TYPE=Release -DCATKIN_INSTALL_INTO_PREFIX_ROOT=0 -DCMAKE_INSTALL_PREFIX=/home/autoware/Autoware/install/sick_ldmrs_msgs
[0.090s] -- The C compiler identification is GNU 7.5.0
[0.168s] -- The CXX compiler identification is GNU 7.5.0
[0.174s] -- Check for working C compiler: /usr/bin/cc
[0.266s] -- Check for working C compiler: /usr/bin/cc -- works
[0.266s] -- Detecting C compiler ABI info
[0.354s] -- Detecting C compiler ABI info - done
[0.366s] -- Detecting C compile features
[0.689s] -- Detecting C compile features - done
[0.695s] -- Check for working CXX compiler: /usr/bin/c++
[0.802s] -- Check for working CXX compiler: /usr/bin/c++ -- works
[0.802s] -- Detecting CXX compiler ABI info
[0.910s] -- Detecting CXX compiler ABI info - done
[0.913s] -- Detecting CXX compile features
[1.371s] -- Detecting CXX compile features - done
[1.374s] -- Using CATKIN_DEVEL_PREFIX: /home/autoware/Autoware/build/sick_ldmrs_msgs/devel
[1.374s] -- Using CMAKE_PREFIX_PATH: /opt/ros/melodic
[1.375s] -- This workspace overlays: /opt/ros/melodic
[1.393s] -- Found PythonInterp: /usr/bin/python2 (found suitable version "2.7.17", minimum required is "2") 
[1.393s] -- Using PYTHON_EXECUTABLE: /usr/bin/python2
[1.393s] -- Using Debian Python package layout
[1.393s] -- Using empy: /usr/bin/empy
[1.559s] -- Using CATKIN_ENABLE_TESTING: ON
[1.559s] -- Call enable_testing()
[1.566s] -- Using CATKIN_TEST_RESULTS_DIR: /home/autoware/Autoware/build/sick_ldmrs_msgs/test_results
[1.589s] -- Found gtest sources under '/usr/src/googletest': gtests will be built
[1.590s] -- Found gmock sources under '/usr/src/googletest': gmock will be built
[1.610s] -- Found PythonInterp: /usr/bin/python2 (found version "2.7.17") 
[1.610s] -- Looking for pthread.h
[1.698s] -- Looking for pthread.h - found
[1.702s] -- Looking for pthread_create
[1.796s] -- Looking for pthread_create - not found
[1.796s] -- Looking for pthread_create in pthreads
[1.874s] -- Looking for pthread_create in pthreads - not found
[1.874s] -- Looking for pthread_create in pthread
[1.966s] -- Looking for pthread_create in pthread - found
[1.966s] -- Found Threads: TRUE  
[1.967s] -- Using Python nosetests: /usr/bin/nosetests-2.7
[2.018s] -- catkin 0.7.26
[2.018s] -- BUILD_SHARED_LIBS is on
[2.176s] -- Using these message generators: gencpp;geneus;genlisp;gennodejs;genpy
[2.417s] -- sick_ldmrs_msgs: 2 messages, 0 services
[2.570s] -- Configuring done
[2.594s] -- Generating done
[2.600s] -- Build files have been written to: /home/autoware/Autoware/build/sick_ldmrs_msgs
[2.608s] Invoked command in '/home/autoware/Autoware/build/sick_ldmrs_msgs' returned '0': /usr/bin/cmake /home/autoware/Autoware/src/drivers/awf_drivers/sick_ldmrs_msgs -DCMAKE_BUILD_TYPE=Release -DCATKIN_INSTALL_INTO_PREFIX_ROOT=0 -DCMAKE_INSTALL_PREFIX=/home/autoware/Autoware/install/sick_ldmrs_msgs
[2.609s] Invoking command in '/home/autoware/Autoware/build/sick_ldmrs_msgs': /usr/bin/cmake --build /home/autoware/Autoware/build/sick_ldmrs_msgs -- -j2 -l2
[2.661s] Scanning dependencies of target std_msgs_generate_messages_lisp
[2.673s] [  0%] Built target std_msgs_generate_messages_lisp
[2.686s] Scanning dependencies of target _sick_ldmrs_msgs_generate_messages_check_deps_Object
[2.727s] [  0%] Built target _sick_ldmrs_msgs_generate_messages_check_deps_Object
[2.741s] Scanning dependencies of target _sick_ldmrs_msgs_generate_messages_check_deps_ObjectArray
[2.785s] [  0%] Built target _sick_ldmrs_msgs_generate_messages_check_deps_ObjectArray
[2.799s] Scanning dependencies of target geometry_msgs_generate_messages_lisp
[2.817s] [  0%] Built target geometry_msgs_generate_messages_lisp
[2.829s] Scanning dependencies of target std_msgs_generate_messages_py
[2.841s] [  0%] Built target std_msgs_generate_messages_py
[2.855s] Scanning dependencies of target geometry_msgs_generate_messages_py
[2.868s] [  0%] Built target geometry_msgs_generate_messages_py
[2.882s] Scanning dependencies of target std_msgs_generate_messages_eus
[2.895s] [  0%] Built target std_msgs_generate_messages_eus
[2.907s] Scanning dependencies of target geometry_msgs_generate_messages_eus
[2.919s] [  0%] Built target geometry_msgs_generate_messages_eus
[2.932s] Scanning dependencies of target geometry_msgs_generate_messages_cpp
[2.944s] [  0%] Built target geometry_msgs_generate_messages_cpp
[2.957s] Scanning dependencies of target std_msgs_generate_messages_cpp
[2.969s] [  0%] Built target std_msgs_generate_messages_cpp
[2.982s] Scanning dependencies of target std_msgs_generate_messages_nodejs
[2.995s] [  0%] Built target std_msgs_generate_messages_nodejs
[3.009s] Scanning dependencies of target geometry_msgs_generate_messages_nodejs
[3.022s] [  0%] Built target geometry_msgs_generate_messages_nodejs
[3.036s] Scanning dependencies of target sick_ldmrs_msgs_generate_messages_lisp
[3.050s] [  8%] Generating Lisp code from sick_ldmrs_msgs/Object.msg
[3.100s] [ 16%] Generating Lisp code from sick_ldmrs_msgs/ObjectArray.msg
[3.153s] [ 16%] Built target sick_ldmrs_msgs_generate_messages_lisp
[3.167s] Scanning dependencies of target sick_ldmrs_msgs_generate_messages_py
[3.182s] [ 25%] Generating Python from MSG sick_ldmrs_msgs/Object
[3.317s] [ 33%] Generating Python from MSG sick_ldmrs_msgs/ObjectArray
[3.445s] [ 41%] Generating Python msg __init__.py for sick_ldmrs_msgs
[3.570s] [ 41%] Built target sick_ldmrs_msgs_generate_messages_py
[3.585s] Scanning dependencies of target sick_ldmrs_msgs_generate_messages_eus
[3.599s] [ 50%] Generating EusLisp code from sick_ldmrs_msgs/Object.msg
[3.678s] [ 58%] Generating EusLisp code from sick_ldmrs_msgs/ObjectArray.msg
[3.753s] [ 66%] Generating EusLisp manifest code for sick_ldmrs_msgs
[4.630s] [ 66%] Built target sick_ldmrs_msgs_generate_messages_eus
[4.646s] Scanning dependencies of target sick_ldmrs_msgs_generate_messages_cpp
[4.660s] [ 75%] Generating C++ code from sick_ldmrs_msgs/Object.msg
[4.819s] [ 83%] Generating C++ code from sick_ldmrs_msgs/ObjectArray.msg
[4.977s] [ 83%] Built target sick_ldmrs_msgs_generate_messages_cpp
[4.992s] Scanning dependencies of target sick_ldmrs_msgs_generate_messages_nodejs
[5.008s] [ 91%] Generating Javascript code from sick_ldmrs_msgs/Object.msg
[5.061s] [100%] Generating Javascript code from sick_ldmrs_msgs/ObjectArray.msg
[5.113s] [100%] Built target sick_ldmrs_msgs_generate_messages_nodejs
[5.128s] Scanning dependencies of target sick_ldmrs_msgs_generate_messages
[5.141s] [100%] Built target sick_ldmrs_msgs_generate_messages
[5.158s] Invoked command in '/home/autoware/Autoware/build/sick_ldmrs_msgs' returned '0': /usr/bin/cmake --build /home/autoware/Autoware/build/sick_ldmrs_msgs -- -j2 -l2
[5.222s] Invoking command in '/home/autoware/Autoware/build/sick_ldmrs_msgs': /usr/bin/cmake --build /home/autoware/Autoware/build/sick_ldmrs_msgs --target tests -- -j2 -l2
[5.296s] Scanning dependencies of target tests
[5.311s] Built target tests
[5.328s] Invoked command in '/home/autoware/Autoware/build/sick_ldmrs_msgs' returned '0': /usr/bin/cmake --build /home/autoware/Autoware/build/sick_ldmrs_msgs --target tests -- -j2 -l2
[5.393s] Invoking command in '/home/autoware/Autoware/build/sick_ldmrs_msgs': /usr/bin/cmake --build /home/autoware/Autoware/build/sick_ldmrs_msgs --target install -- -j2 -l2
[5.461s] [  0%] Built target std_msgs_generate_messages_lisp
[5.525s] [  0%] Built target _sick_ldmrs_msgs_generate_messages_check_deps_Object
[5.579s] [  0%] Built target _sick_ldmrs_msgs_generate_messages_check_deps_ObjectArray
[5.608s] [  0%] Built target geometry_msgs_generate_messages_lisp
[5.637s] [  0%] Built target std_msgs_generate_messages_py
[5.667s] [  0%] Built target geometry_msgs_generate_messages_py
[5.697s] [  0%] Built target std_msgs_generate_messages_eus
[5.725s] [  0%] Built target geometry_msgs_generate_messages_eus
[5.753s] [  0%] Built target geometry_msgs_generate_messages_cpp
[5.784s] [  0%] Built target std_msgs_generate_messages_cpp
[5.813s] [  0%] Built target std_msgs_generate_messages_nodejs
[5.838s] [  0%] Built target geometry_msgs_generate_messages_nodejs
[5.863s] [ 16%] Built target sick_ldmrs_msgs_generate_messages_lisp
[5.889s] [ 41%] Built target sick_ldmrs_msgs_generate_messages_py
[5.914s] [ 66%] Built target sick_ldmrs_msgs_generate_messages_eus
[5.939s] [ 83%] Built target sick_ldmrs_msgs_generate_messages_cpp
[5.964s] [100%] Built target sick_ldmrs_msgs_generate_messages_nodejs
[5.990s] [100%] Built target sick_ldmrs_msgs_generate_messages
[6.013s] Install the project...
[6.024s] -- Install configuration: "Release"
[6.025s] -- Installing: /home/autoware/Autoware/install/sick_ldmrs_msgs/share/sick_ldmrs_msgs/msg/Object.msg
[6.025s] -- Installing: /home/autoware/Autoware/install/sick_ldmrs_msgs/share/sick_ldmrs_msgs/msg/ObjectArray.msg
[6.025s] -- Installing: /home/autoware/Autoware/install/sick_ldmrs_msgs/share/sick_ldmrs_msgs/cmake/sick_ldmrs_msgs-msg-paths.cmake
[6.026s] -- Installing: /home/autoware/Autoware/install/sick_ldmrs_msgs/include/sick_ldmrs_msgs
[6.026s] -- Installing: /home/autoware/Autoware/install/sick_ldmrs_msgs/include/sick_ldmrs_msgs/ObjectArray.h
[6.027s] -- Installing: /home/autoware/Autoware/install/sick_ldmrs_msgs/include/sick_ldmrs_msgs/Object.h
[6.027s] -- Installing: /home/autoware/Autoware/install/sick_ldmrs_msgs/share/roseus/ros/sick_ldmrs_msgs
[6.027s] -- Installing: /home/autoware/Autoware/install/sick_ldmrs_msgs/share/roseus/ros/sick_ldmrs_msgs/msg
[6.028s] -- Installing: /home/autoware/Autoware/install/sick_ldmrs_msgs/share/roseus/ros/sick_ldmrs_msgs/msg/ObjectArray.l
[6.028s] -- Installing: /home/autoware/Autoware/install/sick_ldmrs_msgs/share/roseus/ros/sick_ldmrs_msgs/msg/Object.l
[6.028s] -- Installing: /home/autoware/Autoware/install/sick_ldmrs_msgs/share/roseus/ros/sick_ldmrs_msgs/manifest.l
[6.029s] -- Installing: /home/autoware/Autoware/install/sick_ldmrs_msgs/share/common-lisp/ros/sick_ldmrs_msgs
[6.029s] -- Installing: /home/autoware/Autoware/install/sick_ldmrs_msgs/share/common-lisp/ros/sick_ldmrs_msgs/msg
[6.029s] -- Installing: /home/autoware/Autoware/install/sick_ldmrs_msgs/share/common-lisp/ros/sick_ldmrs_msgs/msg/_package.lisp
[6.030s] -- Installing: /home/autoware/Autoware/install/sick_ldmrs_msgs/share/common-lisp/ros/sick_ldmrs_msgs/msg/Object.lisp
[6.030s] -- Installing: /home/autoware/Autoware/install/sick_ldmrs_msgs/share/common-lisp/ros/sick_ldmrs_msgs/msg/sick_ldmrs_msgs-msg.asd
[6.031s] -- Installing: /home/autoware/Autoware/install/sick_ldmrs_msgs/share/common-lisp/ros/sick_ldmrs_msgs/msg/_package_ObjectArray.lisp
[6.031s] -- Installing: /home/autoware/Autoware/install/sick_ldmrs_msgs/share/common-lisp/ros/sick_ldmrs_msgs/msg/_package_Object.lisp
[6.031s] -- Installing: /home/autoware/Autoware/install/sick_ldmrs_msgs/share/common-lisp/ros/sick_ldmrs_msgs/msg/ObjectArray.lisp
[6.032s] -- Installing: /home/autoware/Autoware/install/sick_ldmrs_msgs/share/gennodejs/ros/sick_ldmrs_msgs
[6.032s] -- Installing: /home/autoware/Autoware/install/sick_ldmrs_msgs/share/gennodejs/ros/sick_ldmrs_msgs/msg
[6.032s] -- Installing: /home/autoware/Autoware/install/sick_ldmrs_msgs/share/gennodejs/ros/sick_ldmrs_msgs/msg/Object.js
[6.033s] -- Installing: /home/autoware/Autoware/install/sick_ldmrs_msgs/share/gennodejs/ros/sick_ldmrs_msgs/msg/_index.js
[6.033s] -- Installing: /home/autoware/Autoware/install/sick_ldmrs_msgs/share/gennodejs/ros/sick_ldmrs_msgs/msg/ObjectArray.js
[6.033s] -- Installing: /home/autoware/Autoware/install/sick_ldmrs_msgs/share/gennodejs/ros/sick_ldmrs_msgs/_index.js
[6.053s] Listing /home/autoware/Autoware/build/sick_ldmrs_msgs/devel/lib/python2.7/dist-packages/sick_ldmrs_msgs ...
[6.054s] Compiling /home/autoware/Autoware/build/sick_ldmrs_msgs/devel/lib/python2.7/dist-packages/sick_ldmrs_msgs/__init__.py ...
[6.054s] Listing /home/autoware/Autoware/build/sick_ldmrs_msgs/devel/lib/python2.7/dist-packages/sick_ldmrs_msgs/msg ...
[6.054s] Compiling /home/autoware/Autoware/build/sick_ldmrs_msgs/devel/lib/python2.7/dist-packages/sick_ldmrs_msgs/msg/_Object.py ...
[6.054s] Compiling /home/autoware/Autoware/build/sick_ldmrs_msgs/devel/lib/python2.7/dist-packages/sick_ldmrs_msgs/msg/_ObjectArray.py ...
[6.054s] Compiling /home/autoware/Autoware/build/sick_ldmrs_msgs/devel/lib/python2.7/dist-packages/sick_ldmrs_msgs/msg/__init__.py ...
[6.058s] -- Installing: /home/autoware/Autoware/install/sick_ldmrs_msgs/lib/python2.7/dist-packages/sick_ldmrs_msgs
[6.058s] -- Installing: /home/autoware/Autoware/install/sick_ldmrs_msgs/lib/python2.7/dist-packages/sick_ldmrs_msgs/msg
[6.058s] -- Installing: /home/autoware/Autoware/install/sick_ldmrs_msgs/lib/python2.7/dist-packages/sick_ldmrs_msgs/msg/_Object.pyc
[6.058s] -- Installing: /home/autoware/Autoware/install/sick_ldmrs_msgs/lib/python2.7/dist-packages/sick_ldmrs_msgs/msg/__init__.pyc
[6.058s] -- Installing: /home/autoware/Autoware/install/sick_ldmrs_msgs/lib/python2.7/dist-packages/sick_ldmrs_msgs/msg/_ObjectArray.py
[6.058s] -- Installing: /home/autoware/Autoware/install/sick_ldmrs_msgs/lib/python2.7/dist-packages/sick_ldmrs_msgs/msg/_ObjectArray.pyc
[6.058s] -- Installing: /home/autoware/Autoware/install/sick_ldmrs_msgs/lib/python2.7/dist-packages/sick_ldmrs_msgs/msg/_Object.py
[6.058s] -- Installing: /home/autoware/Autoware/install/sick_ldmrs_msgs/lib/python2.7/dist-packages/sick_ldmrs_msgs/msg/__init__.py
[6.058s] -- Installing: /home/autoware/Autoware/install/sick_ldmrs_msgs/lib/python2.7/dist-packages/sick_ldmrs_msgs/__init__.pyc
[6.058s] -- Installing: /home/autoware/Autoware/install/sick_ldmrs_msgs/lib/python2.7/dist-packages/sick_ldmrs_msgs/__init__.py
[6.059s] -- Installing: /home/autoware/Autoware/install/sick_ldmrs_msgs/lib/pkgconfig/sick_ldmrs_msgs.pc
[6.059s] -- Installing: /home/autoware/Autoware/install/sick_ldmrs_msgs/share/sick_ldmrs_msgs/cmake/sick_ldmrs_msgs-msg-extras.cmake
[6.059s] -- Installing: /home/autoware/Autoware/install/sick_ldmrs_msgs/share/sick_ldmrs_msgs/cmake/sick_ldmrs_msgsConfig.cmake
[6.059s] -- Installing: /home/autoware/Autoware/install/sick_ldmrs_msgs/share/sick_ldmrs_msgs/cmake/sick_ldmrs_msgsConfig-version.cmake
[6.059s] -- Installing: /home/autoware/Autoware/install/sick_ldmrs_msgs/share/sick_ldmrs_msgs/package.xml
[6.059s] -- Up-to-date: /home/autoware/Autoware/install/sick_ldmrs_msgs/include/sick_ldmrs_msgs
[6.059s] -- Installing: /home/autoware/Autoware/install/sick_ldmrs_msgs/include/sick_ldmrs_msgs/sick_ldmrs_point_type.h
[6.066s] Invoked command in '/home/autoware/Autoware/build/sick_ldmrs_msgs' returned '0': /usr/bin/cmake --build /home/autoware/Autoware/build/sick_ldmrs_msgs --target install -- -j2 -l2
