-- The C compiler identification is GNU 7.5.0
-- The CXX compiler identification is GNU 7.5.0
-- Check for working C compiler: /usr/bin/cc
-- Check for working C compiler: /usr/bin/cc -- works
-- Detecting C compiler ABI info
-- Detecting C compiler ABI info - done
-- Detecting C compile features
-- Detecting C compile features - done
-- Check for working CXX compiler: /usr/bin/c++
-- Check for working CXX compiler: /usr/bin/c++ -- works
-- Detecting CXX compiler ABI info
-- Detecting CXX compiler ABI info - done
-- Detecting CXX compile features
-- Detecting CXX compile features - done
-- Found PkgConfig: /usr/bin/pkg-config (found version "0.29.1") 
-- CUDA compilation status: ON.
-- Using CATKIN_DEVEL_PREFIX: /home/autoware/Autoware/build/lanelet2_extension/devel
-- Using CMAKE_PREFIX_PATH: /home/autoware/Autoware/install/amathutils_lib;/home/autoware/Autoware/install/autoware_msgs;/home/autoware/Autoware/install/autoware_lanelet2_msgs;/home/autoware/Autoware/install/autoware_build_flags;/opt/ros/melodic
-- This workspace overlays: /home/autoware/Autoware/install/amathutils_lib;/home/autoware/Autoware/install/autoware_msgs;/home/autoware/Autoware/install/autoware_lanelet2_msgs;/home/autoware/Autoware/install/autoware_build_flags;/opt/ros/melodic
-- Found PythonInterp: /usr/bin/python2 (found suitable version "2.7.17", minimum required is "2") 
-- Using PYTHON_EXECUTABLE: /usr/bin/python2
-- Using Debian Python package layout
-- Using empy: /usr/bin/empy
-- Using CATKIN_ENABLE_TESTING: ON
-- Call enable_testing()
-- Using CATKIN_TEST_RESULTS_DIR: /home/autoware/Autoware/build/lanelet2_extension/test_results
-- Found gtest sources under '/usr/src/googletest': gtests will be built
-- Found gmock sources under '/usr/src/googletest': gmock will be built
-- Found PythonInterp: /usr/bin/python2 (found version "2.7.17") 
-- Looking for pthread.h
-- Looking for pthread.h - found
-- Looking for pthread_create
-- Looking for pthread_create - not found
-- Looking for pthread_create in pthreads
-- Looking for pthread_create in pthreads - not found
-- Looking for pthread_create in pthread
-- Looking for pthread_create in pthread - found
-- Found Threads: TRUE  
-- Using Python nosetests: /usr/bin/nosetests-2.7
-- catkin 0.7.26
-- BUILD_SHARED_LIBS is on
-- Using these message generators: gencpp;geneus;genlisp;gennodejs;genpy
-- Boost version: 1.65.1
-- Found the following Boost libraries:
--   wserialization
--   thread
--   random
--   serialization
--   log_setup
--   prg_exec_monitor
--   wave
--   system
--   chrono
--   filesystem
--   locale
--   timer
--   date_time
--   regex
--   graph
--   program_options
--   unit_test_framework
--   log
--   atomic
-- Found OpenMP_C: -fopenmp (found version "4.5") 
-- Found OpenMP_CXX: -fopenmp (found version "4.5") 
-- Found OpenMP: TRUE (found version "4.5")  
-- Found pugixml: /usr/lib/x86_64-linux-gnu/libpugixml.so  
-- Found GeographicLib: /usr/lib/x86_64-linux-gnu/libGeographic.so  
-- Configuring done
-- Generating done
-- Build files have been written to: /home/autoware/Autoware/build/lanelet2_extension
Scanning dependencies of target std_msgs_generate_messages_py
[  0%] Built target std_msgs_generate_messages_py
Scanning dependencies of target autoware_msgs_generate_messages_py
[  0%] Built target autoware_msgs_generate_messages_py
Scanning dependencies of target std_msgs_generate_messages_nodejs
[  0%] Built target std_msgs_generate_messages_nodejs
Scanning dependencies of target sensor_msgs_generate_messages_eus
[  0%] Built target sensor_msgs_generate_messages_eus
Scanning dependencies of target _catkin_empty_exported_target
[  0%] Built target _catkin_empty_exported_target
Scanning dependencies of target sensor_msgs_generate_messages_cpp
[  0%] Built target sensor_msgs_generate_messages_cpp
Scanning dependencies of target autoware_msgs_generate_messages_cpp
[  0%] Built target autoware_msgs_generate_messages_cpp
Scanning dependencies of target rosgraph_msgs_generate_messages_cpp
[  0%] Built target rosgraph_msgs_generate_messages_cpp
Scanning dependencies of target pcl_msgs_generate_messages_nodejs
[  0%] Built target pcl_msgs_generate_messages_nodejs
Scanning dependencies of target jsk_recognition_msgs_generate_messages_py
[  0%] Built target jsk_recognition_msgs_generate_messages_py
Scanning dependencies of target sensor_msgs_generate_messages_lisp
[  0%] Built target sensor_msgs_generate_messages_lisp
Scanning dependencies of target sensor_msgs_generate_messages_py
[  0%] Built target sensor_msgs_generate_messages_py
Scanning dependencies of target tf_generate_messages_py
[  0%] Built target tf_generate_messages_py
Scanning dependencies of target std_msgs_generate_messages_cpp
[  0%] Built target std_msgs_generate_messages_cpp
Scanning dependencies of target jsk_footstep_msgs_generate_messages_py
[  0%] Built target jsk_footstep_msgs_generate_messages_py
Scanning dependencies of target actionlib_msgs_generate_messages_nodejs
[  0%] Built target actionlib_msgs_generate_messages_nodejs
Scanning dependencies of target geometry_msgs_generate_messages_eus
[  0%] Built target geometry_msgs_generate_messages_eus
Scanning dependencies of target std_msgs_generate_messages_lisp
[  0%] Built target std_msgs_generate_messages_lisp
Scanning dependencies of target roscpp_generate_messages_nodejs
[  0%] Built target roscpp_generate_messages_nodejs
Scanning dependencies of target geometry_msgs_generate_messages_nodejs
[  0%] Built target geometry_msgs_generate_messages_nodejs
Scanning dependencies of target geometry_msgs_generate_messages_lisp
[  0%] Built target geometry_msgs_generate_messages_lisp
Scanning dependencies of target pcl_msgs_generate_messages_cpp
[  0%] Built target pcl_msgs_generate_messages_cpp
Scanning dependencies of target jsk_recognition_msgs_generate_messages_cpp
[  0%] Built target jsk_recognition_msgs_generate_messages_cpp
Scanning dependencies of target autoware_msgs_generate_messages_eus
[  0%] Built target autoware_msgs_generate_messages_eus
Scanning dependencies of target autoware_msgs_generate_messages_lisp
[  0%] Built target autoware_msgs_generate_messages_lisp
Scanning dependencies of target visualization_msgs_generate_messages_lisp
[  0%] Built target visualization_msgs_generate_messages_lisp
Scanning dependencies of target std_msgs_generate_messages_eus
[  0%] Built target std_msgs_generate_messages_eus
Scanning dependencies of target autoware_msgs_generate_messages_nodejs
[  0%] Built target autoware_msgs_generate_messages_nodejs
Scanning dependencies of target jsk_footstep_msgs_generate_messages_eus
[  0%] Built target jsk_footstep_msgs_generate_messages_eus
Scanning dependencies of target actionlib_msgs_generate_messages_py
[  0%] Built target actionlib_msgs_generate_messages_py
Scanning dependencies of target jsk_footstep_msgs_generate_messages_lisp
[  0%] Built target jsk_footstep_msgs_generate_messages_lisp
Scanning dependencies of target jsk_footstep_msgs_generate_messages_nodejs
[  0%] Built target jsk_footstep_msgs_generate_messages_nodejs
Scanning dependencies of target actionlib_msgs_generate_messages_lisp
[  0%] Built target actionlib_msgs_generate_messages_lisp
Scanning dependencies of target jsk_footstep_msgs_generate_messages_cpp
[  0%] Built target jsk_footstep_msgs_generate_messages_cpp
Scanning dependencies of target actionlib_msgs_generate_messages_cpp
[  0%] Built target actionlib_msgs_generate_messages_cpp
Scanning dependencies of target tf_generate_messages_eus
[  0%] Built target tf_generate_messages_eus
Scanning dependencies of target tf_generate_messages_lisp
[  0%] Built target tf_generate_messages_lisp
Scanning dependencies of target tf_generate_messages_nodejs
[  0%] Built target tf_generate_messages_nodejs
Scanning dependencies of target autoware_lanelet2_msgs_generate_messages_cpp
[  0%] Built target autoware_lanelet2_msgs_generate_messages_cpp
Scanning dependencies of target jsk_recognition_msgs_generate_messages_nodejs
[  0%] Built target jsk_recognition_msgs_generate_messages_nodejs
Scanning dependencies of target autoware_lanelet2_msgs_generate_messages_py
[  0%] Built target autoware_lanelet2_msgs_generate_messages_py
Scanning dependencies of target roscpp_generate_messages_lisp
[  0%] Built target roscpp_generate_messages_lisp
Scanning dependencies of target rosgraph_msgs_generate_messages_lisp
[  0%] Built target rosgraph_msgs_generate_messages_lisp
Scanning dependencies of target rosgraph_msgs_generate_messages_nodejs
[  0%] Built target rosgraph_msgs_generate_messages_nodejs
Scanning dependencies of target roscpp_generate_messages_eus
[  0%] Built target roscpp_generate_messages_eus
Scanning dependencies of target actionlib_msgs_generate_messages_eus
[  0%] Built target actionlib_msgs_generate_messages_eus
Scanning dependencies of target rosgraph_msgs_generate_messages_py
[  0%] Built target rosgraph_msgs_generate_messages_py
Scanning dependencies of target pcl_msgs_generate_messages_py
[  0%] Built target pcl_msgs_generate_messages_py
Scanning dependencies of target actionlib_generate_messages_eus
[  0%] Built target actionlib_generate_messages_eus
Scanning dependencies of target geometry_msgs_generate_messages_cpp
[  0%] Built target geometry_msgs_generate_messages_cpp
Scanning dependencies of target actionlib_generate_messages_lisp
[  0%] Built target actionlib_generate_messages_lisp
Scanning dependencies of target pcl_msgs_generate_messages_lisp
[  0%] Built target pcl_msgs_generate_messages_lisp
Scanning dependencies of target tf_generate_messages_cpp
[  0%] Built target tf_generate_messages_cpp
Scanning dependencies of target actionlib_generate_messages_nodejs
[  0%] Built target actionlib_generate_messages_nodejs
Scanning dependencies of target visualization_msgs_generate_messages_cpp
[  0%] Built target visualization_msgs_generate_messages_cpp
Scanning dependencies of target tf2_msgs_generate_messages_eus
[  0%] Built target tf2_msgs_generate_messages_eus
Scanning dependencies of target tf2_msgs_generate_messages_lisp
[  0%] Built target tf2_msgs_generate_messages_lisp
Scanning dependencies of target actionlib_generate_messages_py
[  0%] Built target actionlib_generate_messages_py
Scanning dependencies of target tf2_msgs_generate_messages_py
[  0%] Built target tf2_msgs_generate_messages_py
Scanning dependencies of target autoware_lanelet2_msgs_generate_messages_eus
[  0%] Built target autoware_lanelet2_msgs_generate_messages_eus
Scanning dependencies of target tf2_msgs_generate_messages_nodejs
[  0%] Built target tf2_msgs_generate_messages_nodejs
Scanning dependencies of target autoware_lanelet2_msgs_generate_messages_lisp
[  0%] Built target autoware_lanelet2_msgs_generate_messages_lisp
Scanning dependencies of target roscpp_generate_messages_py
[  0%] Built target roscpp_generate_messages_py
Scanning dependencies of target autoware_lanelet2_msgs_generate_messages_nodejs
[  0%] Built target autoware_lanelet2_msgs_generate_messages_nodejs
Scanning dependencies of target visualization_msgs_generate_messages_py
[  0%] Built target visualization_msgs_generate_messages_py
Scanning dependencies of target visualization_msgs_generate_messages_nodejs
[  0%] Built target visualization_msgs_generate_messages_nodejs
Scanning dependencies of target visualization_msgs_generate_messages_eus
[  0%] Built target visualization_msgs_generate_messages_eus
Scanning dependencies of target geometry_msgs_generate_messages_py
[  0%] Built target geometry_msgs_generate_messages_py
Scanning dependencies of target sensor_msgs_generate_messages_nodejs
[  0%] Built target sensor_msgs_generate_messages_nodejs
Scanning dependencies of target roscpp_generate_messages_cpp
[  0%] Built target roscpp_generate_messages_cpp
Scanning dependencies of target actionlib_generate_messages_cpp
[  0%] Built target actionlib_generate_messages_cpp
Scanning dependencies of target pcl_msgs_generate_messages_eus
[  0%] Built target pcl_msgs_generate_messages_eus
Scanning dependencies of target rosgraph_msgs_generate_messages_eus
[  0%] Built target rosgraph_msgs_generate_messages_eus
Scanning dependencies of target jsk_recognition_msgs_generate_messages_lisp
[  0%] Built target jsk_recognition_msgs_generate_messages_lisp
Scanning dependencies of target jsk_recognition_msgs_generate_messages_eus
[  0%] Built target jsk_recognition_msgs_generate_messages_eus
Scanning dependencies of target tf2_msgs_generate_messages_cpp
[  0%] Built target tf2_msgs_generate_messages_cpp
Scanning dependencies of target lanelet2_extension_lib
[  8%] Building CXX object CMakeFiles/lanelet2_extension_lib.dir/lib/autoware_osm_parser.cpp.o
[ 16%] Building CXX object CMakeFiles/lanelet2_extension_lib.dir/lib/autoware_traffic_light.cpp.o
[ 25%] Building CXX object CMakeFiles/lanelet2_extension_lib.dir/lib/message_conversion.cpp.o
[ 33%] Building CXX object CMakeFiles/lanelet2_extension_lib.dir/lib/mgrs_projector.cpp.o
[ 41%] Building CXX object CMakeFiles/lanelet2_extension_lib.dir/lib/query.cpp.o
[ 50%] Building CXX object CMakeFiles/lanelet2_extension_lib.dir/lib/utilities.cpp.o
[ 58%] Building CXX object CMakeFiles/lanelet2_extension_lib.dir/lib/visualization.cpp.o
[ 66%] Linking CXX shared library devel/lib/liblanelet2_extension_lib.so
[ 66%] Built target lanelet2_extension_lib
Scanning dependencies of target autoware_lanelet2_validation
[ 75%] Building CXX object CMakeFiles/autoware_lanelet2_validation.dir/src/validation.cpp.o
[ 83%] Linking CXX executable devel/lib/lanelet2_extension/autoware_lanelet2_validation
[ 83%] Built target autoware_lanelet2_validation
Scanning dependencies of target lanelet2_extension_sample
[ 91%] Building CXX object CMakeFiles/lanelet2_extension_sample.dir/src/sample_code.cpp.o
[100%] Linking CXX executable devel/lib/lanelet2_extension/lanelet2_extension_sample
[100%] Built target lanelet2_extension_sample
[  0%] Built target std_msgs_generate_messages_py
[  0%] Built target autoware_msgs_generate_messages_py
[  0%] Built target std_msgs_generate_messages_nodejs
[  0%] Built target sensor_msgs_generate_messages_eus
[  0%] Built target _catkin_empty_exported_target
[  0%] Built target sensor_msgs_generate_messages_cpp
[  0%] Built target autoware_msgs_generate_messages_cpp
[  0%] Built target rosgraph_msgs_generate_messages_cpp
[  0%] Built target pcl_msgs_generate_messages_nodejs
[  0%] Built target jsk_recognition_msgs_generate_messages_py
[  0%] Built target sensor_msgs_generate_messages_lisp
[  0%] Built target sensor_msgs_generate_messages_py
[  0%] Built target tf_generate_messages_py
[  0%] Built target std_msgs_generate_messages_cpp
[  0%] Built target jsk_footstep_msgs_generate_messages_py
[  0%] Built target actionlib_msgs_generate_messages_nodejs
[  0%] Built target geometry_msgs_generate_messages_eus
[  0%] Built target std_msgs_generate_messages_lisp
[  0%] Built target roscpp_generate_messages_nodejs
[  0%] Built target geometry_msgs_generate_messages_nodejs
[  0%] Built target geometry_msgs_generate_messages_lisp
[  0%] Built target pcl_msgs_generate_messages_cpp
[  0%] Built target jsk_recognition_msgs_generate_messages_cpp
[  0%] Built target autoware_msgs_generate_messages_eus
[  0%] Built target autoware_msgs_generate_messages_lisp
[  0%] Built target visualization_msgs_generate_messages_lisp
[  0%] Built target std_msgs_generate_messages_eus
[  0%] Built target autoware_msgs_generate_messages_nodejs
[  0%] Built target jsk_footstep_msgs_generate_messages_eus
[  0%] Built target actionlib_msgs_generate_messages_py
[  0%] Built target jsk_footstep_msgs_generate_messages_lisp
[  0%] Built target jsk_footstep_msgs_generate_messages_nodejs
[  0%] Built target actionlib_msgs_generate_messages_lisp
[  0%] Built target jsk_footstep_msgs_generate_messages_cpp
[  0%] Built target actionlib_msgs_generate_messages_cpp
[  0%] Built target tf_generate_messages_eus
[  0%] Built target tf_generate_messages_lisp
[  0%] Built target tf_generate_messages_nodejs
[  0%] Built target autoware_lanelet2_msgs_generate_messages_cpp
[  0%] Built target jsk_recognition_msgs_generate_messages_nodejs
[  0%] Built target autoware_lanelet2_msgs_generate_messages_py
[  0%] Built target roscpp_generate_messages_lisp
[  0%] Built target rosgraph_msgs_generate_messages_lisp
[  0%] Built target rosgraph_msgs_generate_messages_nodejs
[  0%] Built target roscpp_generate_messages_eus
[  0%] Built target actionlib_msgs_generate_messages_eus
[  0%] Built target rosgraph_msgs_generate_messages_py
[  0%] Built target pcl_msgs_generate_messages_py
[  0%] Built target actionlib_generate_messages_eus
[  0%] Built target geometry_msgs_generate_messages_cpp
[  0%] Built target actionlib_generate_messages_lisp
[  0%] Built target pcl_msgs_generate_messages_lisp
[  0%] Built target tf_generate_messages_cpp
[  0%] Built target actionlib_generate_messages_nodejs
[  0%] Built target visualization_msgs_generate_messages_cpp
[  0%] Built target tf2_msgs_generate_messages_eus
[  0%] Built target tf2_msgs_generate_messages_lisp
[  0%] Built target actionlib_generate_messages_py
[  0%] Built target tf2_msgs_generate_messages_py
[  0%] Built target autoware_lanelet2_msgs_generate_messages_eus
[  0%] Built target tf2_msgs_generate_messages_nodejs
[  0%] Built target autoware_lanelet2_msgs_generate_messages_lisp
[  0%] Built target roscpp_generate_messages_py
[  0%] Built target autoware_lanelet2_msgs_generate_messages_nodejs
[  0%] Built target visualization_msgs_generate_messages_py
[  0%] Built target visualization_msgs_generate_messages_nodejs
[  0%] Built target visualization_msgs_generate_messages_eus
[  0%] Built target geometry_msgs_generate_messages_py
[  0%] Built target sensor_msgs_generate_messages_nodejs
[  0%] Built target roscpp_generate_messages_cpp
[  0%] Built target actionlib_generate_messages_cpp
[  0%] Built target pcl_msgs_generate_messages_eus
[  0%] Built target rosgraph_msgs_generate_messages_eus
[  0%] Built target jsk_recognition_msgs_generate_messages_lisp
[  0%] Built target jsk_recognition_msgs_generate_messages_eus
[  0%] Built target tf2_msgs_generate_messages_cpp
Scanning dependencies of target gtest
[  5%] Building CXX object gtest/googlemock/gtest/CMakeFiles/gtest.dir/src/gtest-all.cc.o
[ 10%] Linking CXX shared library libgtest.so
[ 10%] Built target gtest
[ 50%] Built target lanelet2_extension_lib
Scanning dependencies of target utilities-test
[ 55%] Building CXX object CMakeFiles/utilities-test.dir/test/src/test_utilities.cpp.o
[ 60%] Linking CXX executable devel/lib/lanelet2_extension/utilities-test
[ 60%] Built target utilities-test
Scanning dependencies of target query-test
[ 65%] Building CXX object CMakeFiles/query-test.dir/test/src/test_query.cpp.o
[ 70%] Linking CXX executable devel/lib/lanelet2_extension/query-test
[ 70%] Built target query-test
Scanning dependencies of target message_conversion-test
[ 75%] Building CXX object CMakeFiles/message_conversion-test.dir/test/src/test_message_conversion.cpp.o
[ 80%] Linking CXX executable devel/lib/lanelet2_extension/message_conversion-test
[ 80%] Built target message_conversion-test
Scanning dependencies of target regulatory_elements-test
[ 85%] Building CXX object CMakeFiles/regulatory_elements-test.dir/test/src/test_regulatory_elements.cpp.o
[ 90%] Linking CXX executable devel/lib/lanelet2_extension/regulatory_elements-test
[ 90%] Built target regulatory_elements-test
Scanning dependencies of target projector-test
[ 95%] Building CXX object CMakeFiles/projector-test.dir/test/src/test_projector.cpp.o
[100%] Linking CXX executable devel/lib/lanelet2_extension/projector-test
[100%] Built target projector-test
Scanning dependencies of target tests
[100%] Built target tests
[  0%] Built target std_msgs_generate_messages_py
[  0%] Built target autoware_msgs_generate_messages_py
[  0%] Built target std_msgs_generate_messages_nodejs
[  0%] Built target sensor_msgs_generate_messages_eus
[  0%] Built target _catkin_empty_exported_target
[  0%] Built target sensor_msgs_generate_messages_cpp
[  0%] Built target autoware_msgs_generate_messages_cpp
[  0%] Built target rosgraph_msgs_generate_messages_cpp
[  0%] Built target pcl_msgs_generate_messages_nodejs
[  0%] Built target jsk_recognition_msgs_generate_messages_py
[  0%] Built target sensor_msgs_generate_messages_lisp
[  0%] Built target sensor_msgs_generate_messages_py
[  0%] Built target tf_generate_messages_py
[  0%] Built target std_msgs_generate_messages_cpp
[  0%] Built target jsk_footstep_msgs_generate_messages_py
[  0%] Built target actionlib_msgs_generate_messages_nodejs
[  0%] Built target geometry_msgs_generate_messages_eus
[  0%] Built target std_msgs_generate_messages_lisp
[  0%] Built target roscpp_generate_messages_nodejs
[  0%] Built target geometry_msgs_generate_messages_nodejs
[  0%] Built target geometry_msgs_generate_messages_lisp
[  0%] Built target pcl_msgs_generate_messages_cpp
[  0%] Built target jsk_recognition_msgs_generate_messages_cpp
[  0%] Built target autoware_msgs_generate_messages_eus
[  0%] Built target autoware_msgs_generate_messages_lisp
[  0%] Built target visualization_msgs_generate_messages_lisp
[  0%] Built target std_msgs_generate_messages_eus
[  0%] Built target autoware_msgs_generate_messages_nodejs
[  0%] Built target jsk_footstep_msgs_generate_messages_eus
[  0%] Built target actionlib_msgs_generate_messages_py
[  0%] Built target jsk_footstep_msgs_generate_messages_lisp
[  0%] Built target jsk_footstep_msgs_generate_messages_nodejs
[  0%] Built target actionlib_msgs_generate_messages_lisp
[  0%] Built target jsk_footstep_msgs_generate_messages_cpp
[  0%] Built target actionlib_msgs_generate_messages_cpp
[  0%] Built target tf_generate_messages_eus
[  0%] Built target tf_generate_messages_lisp
[  0%] Built target tf_generate_messages_nodejs
[  0%] Built target autoware_lanelet2_msgs_generate_messages_cpp
[  0%] Built target jsk_recognition_msgs_generate_messages_nodejs
[  0%] Built target autoware_lanelet2_msgs_generate_messages_py
[  0%] Built target roscpp_generate_messages_lisp
[  0%] Built target rosgraph_msgs_generate_messages_lisp
[  0%] Built target rosgraph_msgs_generate_messages_nodejs
[  0%] Built target roscpp_generate_messages_eus
[  0%] Built target actionlib_msgs_generate_messages_eus
[  0%] Built target rosgraph_msgs_generate_messages_py
[  0%] Built target pcl_msgs_generate_messages_py
[  0%] Built target actionlib_generate_messages_eus
[  0%] Built target geometry_msgs_generate_messages_cpp
[  0%] Built target actionlib_generate_messages_lisp
[  0%] Built target pcl_msgs_generate_messages_lisp
[  0%] Built target tf_generate_messages_cpp
[  0%] Built target actionlib_generate_messages_nodejs
[  0%] Built target visualization_msgs_generate_messages_cpp
[  0%] Built target tf2_msgs_generate_messages_eus
[  0%] Built target tf2_msgs_generate_messages_lisp
[  0%] Built target actionlib_generate_messages_py
[  0%] Built target tf2_msgs_generate_messages_py
[  0%] Built target autoware_lanelet2_msgs_generate_messages_eus
[  0%] Built target tf2_msgs_generate_messages_nodejs
[  0%] Built target autoware_lanelet2_msgs_generate_messages_lisp
[  0%] Built target roscpp_generate_messages_py
[  0%] Built target autoware_lanelet2_msgs_generate_messages_nodejs
[  0%] Built target visualization_msgs_generate_messages_py
[  0%] Built target visualization_msgs_generate_messages_nodejs
[  0%] Built target visualization_msgs_generate_messages_eus
[  0%] Built target geometry_msgs_generate_messages_py
[  0%] Built target sensor_msgs_generate_messages_nodejs
[  0%] Built target roscpp_generate_messages_cpp
[  0%] Built target actionlib_generate_messages_cpp
[  0%] Built target pcl_msgs_generate_messages_eus
[  0%] Built target rosgraph_msgs_generate_messages_eus
[  0%] Built target jsk_recognition_msgs_generate_messages_lisp
[  0%] Built target jsk_recognition_msgs_generate_messages_eus
[  0%] Built target tf2_msgs_generate_messages_cpp
[ 66%] Built target lanelet2_extension_lib
[ 83%] Built target autoware_lanelet2_validation
[100%] Built target lanelet2_extension_sample
Install the project...
-- Install configuration: "Release"
-- Installing: /home/autoware/Autoware/install/lanelet2_extension/lib/pkgconfig/lanelet2_extension.pc
-- Installing: /home/autoware/Autoware/install/lanelet2_extension/share/lanelet2_extension/cmake/lanelet2_extensionConfig.cmake
-- Installing: /home/autoware/Autoware/install/lanelet2_extension/share/lanelet2_extension/cmake/lanelet2_extensionConfig-version.cmake
-- Installing: /home/autoware/Autoware/install/lanelet2_extension/share/lanelet2_extension/package.xml
-- Installing: /home/autoware/Autoware/install/lanelet2_extension/lib/liblanelet2_extension_lib.so
-- Set runtime path of "/home/autoware/Autoware/install/lanelet2_extension/lib/liblanelet2_extension_lib.so" to ""
-- Installing: /home/autoware/Autoware/install/lanelet2_extension/lib/lanelet2_extension/lanelet2_extension_sample
-- Set runtime path of "/home/autoware/Autoware/install/lanelet2_extension/lib/lanelet2_extension/lanelet2_extension_sample" to ""
-- Installing: /home/autoware/Autoware/install/lanelet2_extension/lib/lanelet2_extension/autoware_lanelet2_validation
-- Set runtime path of "/home/autoware/Autoware/install/lanelet2_extension/lib/lanelet2_extension/autoware_lanelet2_validation" to ""
-- Installing: /home/autoware/Autoware/install/lanelet2_extension/include/lanelet2_extension
-- Installing: /home/autoware/Autoware/install/lanelet2_extension/include/lanelet2_extension/io
-- Installing: /home/autoware/Autoware/install/lanelet2_extension/include/lanelet2_extension/io/autoware_osm_parser.h
-- Installing: /home/autoware/Autoware/install/lanelet2_extension/include/lanelet2_extension/visualization
-- Installing: /home/autoware/Autoware/install/lanelet2_extension/include/lanelet2_extension/visualization/visualization.h
-- Installing: /home/autoware/Autoware/install/lanelet2_extension/include/lanelet2_extension/projection
-- Installing: /home/autoware/Autoware/install/lanelet2_extension/include/lanelet2_extension/projection/mgrs_projector.h
-- Installing: /home/autoware/Autoware/install/lanelet2_extension/include/lanelet2_extension/utility
-- Installing: /home/autoware/Autoware/install/lanelet2_extension/include/lanelet2_extension/utility/utilities.h
-- Installing: /home/autoware/Autoware/install/lanelet2_extension/include/lanelet2_extension/utility/message_conversion.h
-- Installing: /home/autoware/Autoware/install/lanelet2_extension/include/lanelet2_extension/utility/query.h
-- Installing: /home/autoware/Autoware/install/lanelet2_extension/include/lanelet2_extension/regulatory_elements
-- Installing: /home/autoware/Autoware/install/lanelet2_extension/include/lanelet2_extension/regulatory_elements/autoware_traffic_light.h
