[0.018s] Invoking command in '/home/autoware/Autoware/build/lanelet2_extension': CMAKE_PREFIX_PATH=/home/autoware/Autoware/install/amathutils_lib:/home/autoware/Autoware/install/autoware_msgs:/home/autoware/Autoware/install/autoware_lanelet2_msgs:/home/autoware/Autoware/install/autoware_build_flags:${CMAKE_PREFIX_PATH} LD_LIBRARY_PATH=/home/autoware/Autoware/install/amathutils_lib/lib:${LD_LIBRARY_PATH} PKG_CONFIG_PATH=/home/autoware/Autoware/install/amathutils_lib/lib/x86_64-linux-gnu/pkgconfig:/home/autoware/Autoware/install/amathutils_lib/lib/pkgconfig:/home/autoware/Autoware/install/autoware_msgs/lib/x86_64-linux-gnu/pkgconfig:/home/autoware/Autoware/install/autoware_msgs/lib/pkgconfig:/home/autoware/Autoware/install/autoware_lanelet2_msgs/lib/x86_64-linux-gnu/pkgconfig:/home/autoware/Autoware/install/autoware_lanelet2_msgs/lib/pkgconfig:/home/autoware/Autoware/install/autoware_build_flags/lib/x86_64-linux-gnu/pkgconfig:/home/autoware/Autoware/install/autoware_build_flags/lib/pkgconfig:${PKG_CONFIG_PATH} PYTHONPATH=/home/autoware/Autoware/install/autoware_msgs/lib/python2.7/dist-packages:/home/autoware/Autoware/install/autoware_lanelet2_msgs/lib/python2.7/dist-packages:${PYTHONPATH} ROS_PACKAGE_PATH=/home/autoware/Autoware/install/amathutils_lib/share:/home/autoware/Autoware/install/autoware_msgs/share:/home/autoware/Autoware/install/autoware_lanelet2_msgs/share:/home/autoware/Autoware/install/autoware_build_flags/share:${ROS_PACKAGE_PATH} /usr/bin/cmake /home/autoware/Autoware/src/autoware/common/lanelet2_extension -DCMAKE_BUILD_TYPE=Release -DCATKIN_INSTALL_INTO_PREFIX_ROOT=0 -DCMAKE_INSTALL_PREFIX=/home/autoware/Autoware/install/lanelet2_extension
[0.093s] -- The C compiler identification is GNU 7.5.0
[0.168s] -- The CXX compiler identification is GNU 7.5.0
[0.175s] -- Check for working C compiler: /usr/bin/cc
[0.260s] -- Check for working C compiler: /usr/bin/cc -- works
[0.260s] -- Detecting C compiler ABI info
[0.350s] -- Detecting C compiler ABI info - done
[0.353s] -- Detecting C compile features
[0.626s] -- Detecting C compile features - done
[0.626s] -- Check for working CXX compiler: /usr/bin/c++
[0.713s] -- Check for working CXX compiler: /usr/bin/c++ -- works
[0.720s] -- Detecting CXX compiler ABI info
[0.804s] -- Detecting CXX compiler ABI info - done
[0.812s] -- Detecting CXX compile features
[1.235s] -- Detecting CXX compile features - done
[1.241s] -- Found PkgConfig: /usr/bin/pkg-config (found version "0.29.1") 
[1.257s] -- CUDA compilation status: ON.
[1.259s] -- Using CATKIN_DEVEL_PREFIX: /home/autoware/Autoware/build/lanelet2_extension/devel
[1.260s] -- Using CMAKE_PREFIX_PATH: /home/autoware/Autoware/install/amathutils_lib;/home/autoware/Autoware/install/autoware_msgs;/home/autoware/Autoware/install/autoware_lanelet2_msgs;/home/autoware/Autoware/install/autoware_build_flags;/opt/ros/melodic
[1.260s] -- This workspace overlays: /home/autoware/Autoware/install/amathutils_lib;/home/autoware/Autoware/install/autoware_msgs;/home/autoware/Autoware/install/autoware_lanelet2_msgs;/home/autoware/Autoware/install/autoware_build_flags;/opt/ros/melodic
[1.278s] -- Found PythonInterp: /usr/bin/python2 (found suitable version "2.7.17", minimum required is "2") 
[1.278s] -- Using PYTHON_EXECUTABLE: /usr/bin/python2
[1.278s] -- Using Debian Python package layout
[1.278s] -- Using empy: /usr/bin/empy
[1.426s] -- Using CATKIN_ENABLE_TESTING: ON
[1.427s] -- Call enable_testing()
[1.430s] -- Using CATKIN_TEST_RESULTS_DIR: /home/autoware/Autoware/build/lanelet2_extension/test_results
[1.451s] -- Found gtest sources under '/usr/src/googletest': gtests will be built
[1.451s] -- Found gmock sources under '/usr/src/googletest': gmock will be built
[1.470s] -- Found PythonInterp: /usr/bin/python2 (found version "2.7.17") 
[1.470s] -- Looking for pthread.h
[1.546s] -- Looking for pthread.h - found
[1.546s] -- Looking for pthread_create
[1.626s] -- Looking for pthread_create - not found
[1.626s] -- Looking for pthread_create in pthreads
[1.692s] -- Looking for pthread_create in pthreads - not found
[1.692s] -- Looking for pthread_create in pthread
[1.776s] -- Looking for pthread_create in pthread - found
[1.776s] -- Found Threads: TRUE  
[1.780s] -- Using Python nosetests: /usr/bin/nosetests-2.7
[1.827s] -- catkin 0.7.26
[1.827s] -- BUILD_SHARED_LIBS is on
[2.022s] -- Using these message generators: gencpp;geneus;genlisp;gennodejs;genpy
[2.342s] -- Boost version: 1.65.1
[2.342s] -- Found the following Boost libraries:
[2.342s] --   wserialization
[2.342s] --   thread
[2.343s] --   random
[2.343s] --   serialization
[2.343s] --   log_setup
[2.343s] --   prg_exec_monitor
[2.343s] --   wave
[2.343s] --   system
[2.344s] --   chrono
[2.344s] --   filesystem
[2.344s] --   locale
[2.344s] --   timer
[2.344s] --   date_time
[2.344s] --   regex
[2.344s] --   graph
[2.344s] --   program_options
[2.344s] --   unit_test_framework
[2.345s] --   log
[2.345s] --   atomic
[2.638s] -- Found OpenMP_C: -fopenmp (found version "4.5") 
[2.744s] -- Found OpenMP_CXX: -fopenmp (found version "4.5") 
[2.745s] -- Found OpenMP: TRUE (found version "4.5")  
[2.758s] -- Found pugixml: /usr/lib/x86_64-linux-gnu/libpugixml.so  
[2.783s] -- Found GeographicLib: /usr/lib/x86_64-linux-gnu/libGeographic.so  
[3.058s] -- Configuring done
[3.228s] -- Generating done
[3.245s] -- Build files have been written to: /home/autoware/Autoware/build/lanelet2_extension
[3.255s] Invoked command in '/home/autoware/Autoware/build/lanelet2_extension' returned '0': CMAKE_PREFIX_PATH=/home/autoware/Autoware/install/amathutils_lib:/home/autoware/Autoware/install/autoware_msgs:/home/autoware/Autoware/install/autoware_lanelet2_msgs:/home/autoware/Autoware/install/autoware_build_flags:${CMAKE_PREFIX_PATH} LD_LIBRARY_PATH=/home/autoware/Autoware/install/amathutils_lib/lib:${LD_LIBRARY_PATH} PKG_CONFIG_PATH=/home/autoware/Autoware/install/amathutils_lib/lib/x86_64-linux-gnu/pkgconfig:/home/autoware/Autoware/install/amathutils_lib/lib/pkgconfig:/home/autoware/Autoware/install/autoware_msgs/lib/x86_64-linux-gnu/pkgconfig:/home/autoware/Autoware/install/autoware_msgs/lib/pkgconfig:/home/autoware/Autoware/install/autoware_lanelet2_msgs/lib/x86_64-linux-gnu/pkgconfig:/home/autoware/Autoware/install/autoware_lanelet2_msgs/lib/pkgconfig:/home/autoware/Autoware/install/autoware_build_flags/lib/x86_64-linux-gnu/pkgconfig:/home/autoware/Autoware/install/autoware_build_flags/lib/pkgconfig:${PKG_CONFIG_PATH} PYTHONPATH=/home/autoware/Autoware/install/autoware_msgs/lib/python2.7/dist-packages:/home/autoware/Autoware/install/autoware_lanelet2_msgs/lib/python2.7/dist-packages:${PYTHONPATH} ROS_PACKAGE_PATH=/home/autoware/Autoware/install/amathutils_lib/share:/home/autoware/Autoware/install/autoware_msgs/share:/home/autoware/Autoware/install/autoware_lanelet2_msgs/share:/home/autoware/Autoware/install/autoware_build_flags/share:${ROS_PACKAGE_PATH} /usr/bin/cmake /home/autoware/Autoware/src/autoware/common/lanelet2_extension -DCMAKE_BUILD_TYPE=Release -DCATKIN_INSTALL_INTO_PREFIX_ROOT=0 -DCMAKE_INSTALL_PREFIX=/home/autoware/Autoware/install/lanelet2_extension
[3.257s] Invoking command in '/home/autoware/Autoware/build/lanelet2_extension': CMAKE_PREFIX_PATH=/home/autoware/Autoware/install/amathutils_lib:/home/autoware/Autoware/install/autoware_msgs:/home/autoware/Autoware/install/autoware_lanelet2_msgs:/home/autoware/Autoware/install/autoware_build_flags:${CMAKE_PREFIX_PATH} LD_LIBRARY_PATH=/home/autoware/Autoware/install/amathutils_lib/lib:${LD_LIBRARY_PATH} PKG_CONFIG_PATH=/home/autoware/Autoware/install/amathutils_lib/lib/x86_64-linux-gnu/pkgconfig:/home/autoware/Autoware/install/amathutils_lib/lib/pkgconfig:/home/autoware/Autoware/install/autoware_msgs/lib/x86_64-linux-gnu/pkgconfig:/home/autoware/Autoware/install/autoware_msgs/lib/pkgconfig:/home/autoware/Autoware/install/autoware_lanelet2_msgs/lib/x86_64-linux-gnu/pkgconfig:/home/autoware/Autoware/install/autoware_lanelet2_msgs/lib/pkgconfig:/home/autoware/Autoware/install/autoware_build_flags/lib/x86_64-linux-gnu/pkgconfig:/home/autoware/Autoware/install/autoware_build_flags/lib/pkgconfig:${PKG_CONFIG_PATH} PYTHONPATH=/home/autoware/Autoware/install/autoware_msgs/lib/python2.7/dist-packages:/home/autoware/Autoware/install/autoware_lanelet2_msgs/lib/python2.7/dist-packages:${PYTHONPATH} ROS_PACKAGE_PATH=/home/autoware/Autoware/install/amathutils_lib/share:/home/autoware/Autoware/install/autoware_msgs/share:/home/autoware/Autoware/install/autoware_lanelet2_msgs/share:/home/autoware/Autoware/install/autoware_build_flags/share:${ROS_PACKAGE_PATH} /usr/bin/cmake --build /home/autoware/Autoware/build/lanelet2_extension -- -j2 -l2
[3.318s] Scanning dependencies of target std_msgs_generate_messages_py
[3.330s] [  0%] Built target std_msgs_generate_messages_py
[3.341s] Scanning dependencies of target autoware_msgs_generate_messages_py
[3.353s] [  0%] Built target autoware_msgs_generate_messages_py
[3.365s] Scanning dependencies of target std_msgs_generate_messages_nodejs
[3.376s] [  0%] Built target std_msgs_generate_messages_nodejs
[3.387s] Scanning dependencies of target sensor_msgs_generate_messages_eus
[3.399s] [  0%] Built target sensor_msgs_generate_messages_eus
[3.410s] Scanning dependencies of target _catkin_empty_exported_target
[3.420s] [  0%] Built target _catkin_empty_exported_target
[3.432s] Scanning dependencies of target sensor_msgs_generate_messages_cpp
[3.444s] [  0%] Built target sensor_msgs_generate_messages_cpp
[3.456s] Scanning dependencies of target autoware_msgs_generate_messages_cpp
[3.467s] [  0%] Built target autoware_msgs_generate_messages_cpp
[3.479s] Scanning dependencies of target rosgraph_msgs_generate_messages_cpp
[3.490s] [  0%] Built target rosgraph_msgs_generate_messages_cpp
[3.501s] Scanning dependencies of target pcl_msgs_generate_messages_nodejs
[3.512s] [  0%] Built target pcl_msgs_generate_messages_nodejs
[3.525s] Scanning dependencies of target jsk_recognition_msgs_generate_messages_py
[3.537s] [  0%] Built target jsk_recognition_msgs_generate_messages_py
[3.548s] Scanning dependencies of target sensor_msgs_generate_messages_lisp
[3.559s] [  0%] Built target sensor_msgs_generate_messages_lisp
[3.572s] Scanning dependencies of target sensor_msgs_generate_messages_py
[3.584s] [  0%] Built target sensor_msgs_generate_messages_py
[3.597s] Scanning dependencies of target tf_generate_messages_py
[3.608s] [  0%] Built target tf_generate_messages_py
[3.622s] Scanning dependencies of target std_msgs_generate_messages_cpp
[3.633s] [  0%] Built target std_msgs_generate_messages_cpp
[3.645s] Scanning dependencies of target jsk_footstep_msgs_generate_messages_py
[3.656s] [  0%] Built target jsk_footstep_msgs_generate_messages_py
[3.668s] Scanning dependencies of target actionlib_msgs_generate_messages_nodejs
[3.681s] [  0%] Built target actionlib_msgs_generate_messages_nodejs
[3.693s] Scanning dependencies of target geometry_msgs_generate_messages_eus
[3.704s] [  0%] Built target geometry_msgs_generate_messages_eus
[3.717s] Scanning dependencies of target std_msgs_generate_messages_lisp
[3.729s] [  0%] Built target std_msgs_generate_messages_lisp
[3.742s] Scanning dependencies of target roscpp_generate_messages_nodejs
[3.755s] [  0%] Built target roscpp_generate_messages_nodejs
[3.766s] Scanning dependencies of target geometry_msgs_generate_messages_nodejs
[3.779s] [  0%] Built target geometry_msgs_generate_messages_nodejs
[3.791s] Scanning dependencies of target geometry_msgs_generate_messages_lisp
[3.803s] [  0%] Built target geometry_msgs_generate_messages_lisp
[3.815s] Scanning dependencies of target pcl_msgs_generate_messages_cpp
[3.825s] [  0%] Built target pcl_msgs_generate_messages_cpp
[3.837s] Scanning dependencies of target jsk_recognition_msgs_generate_messages_cpp
[3.848s] [  0%] Built target jsk_recognition_msgs_generate_messages_cpp
[3.860s] Scanning dependencies of target autoware_msgs_generate_messages_eus
[3.871s] [  0%] Built target autoware_msgs_generate_messages_eus
[3.882s] Scanning dependencies of target autoware_msgs_generate_messages_lisp
[3.893s] [  0%] Built target autoware_msgs_generate_messages_lisp
[3.904s] Scanning dependencies of target visualization_msgs_generate_messages_lisp
[3.915s] [  0%] Built target visualization_msgs_generate_messages_lisp
[3.927s] Scanning dependencies of target std_msgs_generate_messages_eus
[3.937s] [  0%] Built target std_msgs_generate_messages_eus
[3.948s] Scanning dependencies of target autoware_msgs_generate_messages_nodejs
[3.958s] [  0%] Built target autoware_msgs_generate_messages_nodejs
[3.969s] Scanning dependencies of target jsk_footstep_msgs_generate_messages_eus
[3.981s] [  0%] Built target jsk_footstep_msgs_generate_messages_eus
[3.992s] Scanning dependencies of target actionlib_msgs_generate_messages_py
[4.003s] [  0%] Built target actionlib_msgs_generate_messages_py
[4.014s] Scanning dependencies of target jsk_footstep_msgs_generate_messages_lisp
[4.025s] [  0%] Built target jsk_footstep_msgs_generate_messages_lisp
[4.037s] Scanning dependencies of target jsk_footstep_msgs_generate_messages_nodejs
[4.048s] [  0%] Built target jsk_footstep_msgs_generate_messages_nodejs
[4.060s] Scanning dependencies of target actionlib_msgs_generate_messages_lisp
[4.072s] [  0%] Built target actionlib_msgs_generate_messages_lisp
[4.083s] Scanning dependencies of target jsk_footstep_msgs_generate_messages_cpp
[4.095s] [  0%] Built target jsk_footstep_msgs_generate_messages_cpp
[4.106s] Scanning dependencies of target actionlib_msgs_generate_messages_cpp
[4.117s] [  0%] Built target actionlib_msgs_generate_messages_cpp
[4.128s] Scanning dependencies of target tf_generate_messages_eus
[4.137s] [  0%] Built target tf_generate_messages_eus
[4.148s] Scanning dependencies of target tf_generate_messages_lisp
[4.159s] [  0%] Built target tf_generate_messages_lisp
[4.170s] Scanning dependencies of target tf_generate_messages_nodejs
[4.181s] [  0%] Built target tf_generate_messages_nodejs
[4.194s] Scanning dependencies of target autoware_lanelet2_msgs_generate_messages_cpp
[4.207s] [  0%] Built target autoware_lanelet2_msgs_generate_messages_cpp
[4.219s] Scanning dependencies of target jsk_recognition_msgs_generate_messages_nodejs
[4.232s] [  0%] Built target jsk_recognition_msgs_generate_messages_nodejs
[4.243s] Scanning dependencies of target autoware_lanelet2_msgs_generate_messages_py
[4.254s] [  0%] Built target autoware_lanelet2_msgs_generate_messages_py
[4.267s] Scanning dependencies of target roscpp_generate_messages_lisp
[4.279s] [  0%] Built target roscpp_generate_messages_lisp
[4.293s] Scanning dependencies of target rosgraph_msgs_generate_messages_lisp
[4.303s] [  0%] Built target rosgraph_msgs_generate_messages_lisp
[4.314s] Scanning dependencies of target rosgraph_msgs_generate_messages_nodejs
[4.325s] [  0%] Built target rosgraph_msgs_generate_messages_nodejs
[4.336s] Scanning dependencies of target roscpp_generate_messages_eus
[4.348s] [  0%] Built target roscpp_generate_messages_eus
[4.359s] Scanning dependencies of target actionlib_msgs_generate_messages_eus
[4.369s] [  0%] Built target actionlib_msgs_generate_messages_eus
[4.380s] Scanning dependencies of target rosgraph_msgs_generate_messages_py
[4.389s] [  0%] Built target rosgraph_msgs_generate_messages_py
[4.400s] Scanning dependencies of target pcl_msgs_generate_messages_py
[4.411s] [  0%] Built target pcl_msgs_generate_messages_py
[4.421s] Scanning dependencies of target actionlib_generate_messages_eus
[4.431s] [  0%] Built target actionlib_generate_messages_eus
[4.444s] Scanning dependencies of target geometry_msgs_generate_messages_cpp
[4.455s] [  0%] Built target geometry_msgs_generate_messages_cpp
[4.467s] Scanning dependencies of target actionlib_generate_messages_lisp
[4.478s] [  0%] Built target actionlib_generate_messages_lisp
[4.489s] Scanning dependencies of target pcl_msgs_generate_messages_lisp
[4.499s] [  0%] Built target pcl_msgs_generate_messages_lisp
[4.510s] Scanning dependencies of target tf_generate_messages_cpp
[4.521s] [  0%] Built target tf_generate_messages_cpp
[4.531s] Scanning dependencies of target actionlib_generate_messages_nodejs
[4.542s] [  0%] Built target actionlib_generate_messages_nodejs
[4.553s] Scanning dependencies of target visualization_msgs_generate_messages_cpp
[4.563s] [  0%] Built target visualization_msgs_generate_messages_cpp
[4.575s] Scanning dependencies of target tf2_msgs_generate_messages_eus
[4.586s] [  0%] Built target tf2_msgs_generate_messages_eus
[4.597s] Scanning dependencies of target tf2_msgs_generate_messages_lisp
[4.619s] [  0%] Built target tf2_msgs_generate_messages_lisp
[4.631s] Scanning dependencies of target actionlib_generate_messages_py
[4.647s] [  0%] Built target actionlib_generate_messages_py
[4.659s] Scanning dependencies of target tf2_msgs_generate_messages_py
[4.670s] [  0%] Built target tf2_msgs_generate_messages_py
[4.681s] Scanning dependencies of target autoware_lanelet2_msgs_generate_messages_eus
[4.693s] [  0%] Built target autoware_lanelet2_msgs_generate_messages_eus
[4.707s] Scanning dependencies of target tf2_msgs_generate_messages_nodejs
[4.719s] [  0%] Built target tf2_msgs_generate_messages_nodejs
[4.735s] Scanning dependencies of target autoware_lanelet2_msgs_generate_messages_lisp
[4.748s] [  0%] Built target autoware_lanelet2_msgs_generate_messages_lisp
[4.763s] Scanning dependencies of target roscpp_generate_messages_py
[4.774s] [  0%] Built target roscpp_generate_messages_py
[4.787s] Scanning dependencies of target autoware_lanelet2_msgs_generate_messages_nodejs
[4.798s] [  0%] Built target autoware_lanelet2_msgs_generate_messages_nodejs
[4.809s] Scanning dependencies of target visualization_msgs_generate_messages_py
[4.820s] [  0%] Built target visualization_msgs_generate_messages_py
[4.831s] Scanning dependencies of target visualization_msgs_generate_messages_nodejs
[4.841s] [  0%] Built target visualization_msgs_generate_messages_nodejs
[4.854s] Scanning dependencies of target visualization_msgs_generate_messages_eus
[4.865s] [  0%] Built target visualization_msgs_generate_messages_eus
[4.876s] Scanning dependencies of target geometry_msgs_generate_messages_py
[4.887s] [  0%] Built target geometry_msgs_generate_messages_py
[4.899s] Scanning dependencies of target sensor_msgs_generate_messages_nodejs
[4.910s] [  0%] Built target sensor_msgs_generate_messages_nodejs
[4.920s] Scanning dependencies of target roscpp_generate_messages_cpp
[4.935s] [  0%] Built target roscpp_generate_messages_cpp
[4.948s] Scanning dependencies of target actionlib_generate_messages_cpp
[4.960s] [  0%] Built target actionlib_generate_messages_cpp
[4.976s] Scanning dependencies of target pcl_msgs_generate_messages_eus
[4.989s] [  0%] Built target pcl_msgs_generate_messages_eus
[5.008s] Scanning dependencies of target rosgraph_msgs_generate_messages_eus
[5.021s] [  0%] Built target rosgraph_msgs_generate_messages_eus
[5.033s] Scanning dependencies of target jsk_recognition_msgs_generate_messages_lisp
[5.044s] [  0%] Built target jsk_recognition_msgs_generate_messages_lisp
[5.056s] Scanning dependencies of target jsk_recognition_msgs_generate_messages_eus
[5.068s] [  0%] Built target jsk_recognition_msgs_generate_messages_eus
[5.080s] Scanning dependencies of target tf2_msgs_generate_messages_cpp
[5.092s] [  0%] Built target tf2_msgs_generate_messages_cpp
[5.246s] Scanning dependencies of target lanelet2_extension_lib
[5.278s] [  8%] Building CXX object CMakeFiles/lanelet2_extension_lib.dir/lib/autoware_osm_parser.cpp.o
[12.896s] [ 16%] Building CXX object CMakeFiles/lanelet2_extension_lib.dir/lib/autoware_traffic_light.cpp.o
[17.470s] [ 25%] Building CXX object CMakeFiles/lanelet2_extension_lib.dir/lib/message_conversion.cpp.o
[30.484s] [ 33%] Building CXX object CMakeFiles/lanelet2_extension_lib.dir/lib/mgrs_projector.cpp.o
[33.122s] [ 41%] Building CXX object CMakeFiles/lanelet2_extension_lib.dir/lib/query.cpp.o
[39.692s] [ 50%] Building CXX object CMakeFiles/lanelet2_extension_lib.dir/lib/utilities.cpp.o
[48.504s] [ 58%] Building CXX object CMakeFiles/lanelet2_extension_lib.dir/lib/visualization.cpp.o
[56.921s] [ 66%] Linking CXX shared library devel/lib/liblanelet2_extension_lib.so
[57.227s] [ 66%] Built target lanelet2_extension_lib
[57.287s] Scanning dependencies of target autoware_lanelet2_validation
[57.313s] [ 75%] Building CXX object CMakeFiles/autoware_lanelet2_validation.dir/src/validation.cpp.o
[63.496s] [ 83%] Linking CXX executable devel/lib/lanelet2_extension/autoware_lanelet2_validation
[63.729s] [ 83%] Built target autoware_lanelet2_validation
[63.788s] Scanning dependencies of target lanelet2_extension_sample
[63.816s] [ 91%] Building CXX object CMakeFiles/lanelet2_extension_sample.dir/src/sample_code.cpp.o
[69.235s] [100%] Linking CXX executable devel/lib/lanelet2_extension/lanelet2_extension_sample
[69.455s] [100%] Built target lanelet2_extension_sample
[69.471s] Invoked command in '/home/autoware/Autoware/build/lanelet2_extension' returned '0': CMAKE_PREFIX_PATH=/home/autoware/Autoware/install/amathutils_lib:/home/autoware/Autoware/install/autoware_msgs:/home/autoware/Autoware/install/autoware_lanelet2_msgs:/home/autoware/Autoware/install/autoware_build_flags:${CMAKE_PREFIX_PATH} LD_LIBRARY_PATH=/home/autoware/Autoware/install/amathutils_lib/lib:${LD_LIBRARY_PATH} PKG_CONFIG_PATH=/home/autoware/Autoware/install/amathutils_lib/lib/x86_64-linux-gnu/pkgconfig:/home/autoware/Autoware/install/amathutils_lib/lib/pkgconfig:/home/autoware/Autoware/install/autoware_msgs/lib/x86_64-linux-gnu/pkgconfig:/home/autoware/Autoware/install/autoware_msgs/lib/pkgconfig:/home/autoware/Autoware/install/autoware_lanelet2_msgs/lib/x86_64-linux-gnu/pkgconfig:/home/autoware/Autoware/install/autoware_lanelet2_msgs/lib/pkgconfig:/home/autoware/Autoware/install/autoware_build_flags/lib/x86_64-linux-gnu/pkgconfig:/home/autoware/Autoware/install/autoware_build_flags/lib/pkgconfig:${PKG_CONFIG_PATH} PYTHONPATH=/home/autoware/Autoware/install/autoware_msgs/lib/python2.7/dist-packages:/home/autoware/Autoware/install/autoware_lanelet2_msgs/lib/python2.7/dist-packages:${PYTHONPATH} ROS_PACKAGE_PATH=/home/autoware/Autoware/install/amathutils_lib/share:/home/autoware/Autoware/install/autoware_msgs/share:/home/autoware/Autoware/install/autoware_lanelet2_msgs/share:/home/autoware/Autoware/install/autoware_build_flags/share:${ROS_PACKAGE_PATH} /usr/bin/cmake --build /home/autoware/Autoware/build/lanelet2_extension -- -j2 -l2
[69.662s] Invoking command in '/home/autoware/Autoware/build/lanelet2_extension': CMAKE_PREFIX_PATH=/home/autoware/Autoware/install/amathutils_lib:/home/autoware/Autoware/install/autoware_msgs:/home/autoware/Autoware/install/autoware_lanelet2_msgs:/home/autoware/Autoware/install/autoware_build_flags:${CMAKE_PREFIX_PATH} LD_LIBRARY_PATH=/home/autoware/Autoware/install/amathutils_lib/lib:${LD_LIBRARY_PATH} PKG_CONFIG_PATH=/home/autoware/Autoware/install/amathutils_lib/lib/x86_64-linux-gnu/pkgconfig:/home/autoware/Autoware/install/amathutils_lib/lib/pkgconfig:/home/autoware/Autoware/install/autoware_msgs/lib/x86_64-linux-gnu/pkgconfig:/home/autoware/Autoware/install/autoware_msgs/lib/pkgconfig:/home/autoware/Autoware/install/autoware_lanelet2_msgs/lib/x86_64-linux-gnu/pkgconfig:/home/autoware/Autoware/install/autoware_lanelet2_msgs/lib/pkgconfig:/home/autoware/Autoware/install/autoware_build_flags/lib/x86_64-linux-gnu/pkgconfig:/home/autoware/Autoware/install/autoware_build_flags/lib/pkgconfig:${PKG_CONFIG_PATH} PYTHONPATH=/home/autoware/Autoware/install/autoware_msgs/lib/python2.7/dist-packages:/home/autoware/Autoware/install/autoware_lanelet2_msgs/lib/python2.7/dist-packages:${PYTHONPATH} ROS_PACKAGE_PATH=/home/autoware/Autoware/install/amathutils_lib/share:/home/autoware/Autoware/install/autoware_msgs/share:/home/autoware/Autoware/install/autoware_lanelet2_msgs/share:/home/autoware/Autoware/install/autoware_build_flags/share:${ROS_PACKAGE_PATH} /usr/bin/cmake --build /home/autoware/Autoware/build/lanelet2_extension --target tests -- -j2 -l2
[69.766s] [  0%] Built target std_msgs_generate_messages_py
[69.796s] [  0%] Built target autoware_msgs_generate_messages_py
[69.824s] [  0%] Built target std_msgs_generate_messages_nodejs
[69.851s] [  0%] Built target sensor_msgs_generate_messages_eus
[69.877s] [  0%] Built target _catkin_empty_exported_target
[69.904s] [  0%] Built target sensor_msgs_generate_messages_cpp
[69.931s] [  0%] Built target autoware_msgs_generate_messages_cpp
[69.956s] [  0%] Built target rosgraph_msgs_generate_messages_cpp
[69.984s] [  0%] Built target pcl_msgs_generate_messages_nodejs
[70.010s] [  0%] Built target jsk_recognition_msgs_generate_messages_py
[70.036s] [  0%] Built target sensor_msgs_generate_messages_lisp
[70.062s] [  0%] Built target sensor_msgs_generate_messages_py
[70.089s] [  0%] Built target tf_generate_messages_py
[70.116s] [  0%] Built target std_msgs_generate_messages_cpp
[70.141s] [  0%] Built target jsk_footstep_msgs_generate_messages_py
[70.168s] [  0%] Built target actionlib_msgs_generate_messages_nodejs
[70.196s] [  0%] Built target geometry_msgs_generate_messages_eus
[70.222s] [  0%] Built target std_msgs_generate_messages_lisp
[70.248s] [  0%] Built target roscpp_generate_messages_nodejs
[70.278s] [  0%] Built target geometry_msgs_generate_messages_nodejs
[70.310s] [  0%] Built target geometry_msgs_generate_messages_lisp
[70.339s] [  0%] Built target pcl_msgs_generate_messages_cpp
[70.368s] [  0%] Built target jsk_recognition_msgs_generate_messages_cpp
[70.395s] [  0%] Built target autoware_msgs_generate_messages_eus
[70.421s] [  0%] Built target autoware_msgs_generate_messages_lisp
[70.448s] [  0%] Built target visualization_msgs_generate_messages_lisp
[70.474s] [  0%] Built target std_msgs_generate_messages_eus
[70.501s] [  0%] Built target autoware_msgs_generate_messages_nodejs
[70.528s] [  0%] Built target jsk_footstep_msgs_generate_messages_eus
[70.555s] [  0%] Built target actionlib_msgs_generate_messages_py
[70.579s] [  0%] Built target jsk_footstep_msgs_generate_messages_lisp
[70.607s] [  0%] Built target jsk_footstep_msgs_generate_messages_nodejs
[70.634s] [  0%] Built target actionlib_msgs_generate_messages_lisp
[70.661s] [  0%] Built target jsk_footstep_msgs_generate_messages_cpp
[70.687s] [  0%] Built target actionlib_msgs_generate_messages_cpp
[70.720s] [  0%] Built target tf_generate_messages_eus
[70.747s] [  0%] Built target tf_generate_messages_lisp
[70.774s] [  0%] Built target tf_generate_messages_nodejs
[70.801s] [  0%] Built target autoware_lanelet2_msgs_generate_messages_cpp
[70.827s] [  0%] Built target jsk_recognition_msgs_generate_messages_nodejs
[70.852s] [  0%] Built target autoware_lanelet2_msgs_generate_messages_py
[70.877s] [  0%] Built target roscpp_generate_messages_lisp
[70.902s] [  0%] Built target rosgraph_msgs_generate_messages_lisp
[70.935s] [  0%] Built target rosgraph_msgs_generate_messages_nodejs
[70.961s] [  0%] Built target roscpp_generate_messages_eus
[70.987s] [  0%] Built target actionlib_msgs_generate_messages_eus
[71.012s] [  0%] Built target rosgraph_msgs_generate_messages_py
[71.038s] [  0%] Built target pcl_msgs_generate_messages_py
[71.064s] [  0%] Built target actionlib_generate_messages_eus
[71.094s] [  0%] Built target geometry_msgs_generate_messages_cpp
[71.127s] [  0%] Built target actionlib_generate_messages_lisp
[71.168s] [  0%] Built target pcl_msgs_generate_messages_lisp
[71.197s] [  0%] Built target tf_generate_messages_cpp
[71.230s] [  0%] Built target actionlib_generate_messages_nodejs
[71.260s] [  0%] Built target visualization_msgs_generate_messages_cpp
[71.288s] [  0%] Built target tf2_msgs_generate_messages_eus
[71.315s] [  0%] Built target tf2_msgs_generate_messages_lisp
[71.341s] [  0%] Built target actionlib_generate_messages_py
[71.369s] [  0%] Built target tf2_msgs_generate_messages_py
[71.405s] [  0%] Built target autoware_lanelet2_msgs_generate_messages_eus
[71.432s] [  0%] Built target tf2_msgs_generate_messages_nodejs
[71.457s] [  0%] Built target autoware_lanelet2_msgs_generate_messages_lisp
[71.484s] [  0%] Built target roscpp_generate_messages_py
[71.510s] [  0%] Built target autoware_lanelet2_msgs_generate_messages_nodejs
[71.541s] [  0%] Built target visualization_msgs_generate_messages_py
[71.569s] [  0%] Built target visualization_msgs_generate_messages_nodejs
[71.595s] [  0%] Built target visualization_msgs_generate_messages_eus
[71.621s] [  0%] Built target geometry_msgs_generate_messages_py
[71.647s] [  0%] Built target sensor_msgs_generate_messages_nodejs
[71.675s] [  0%] Built target roscpp_generate_messages_cpp
[71.702s] [  0%] Built target actionlib_generate_messages_cpp
[71.733s] [  0%] Built target pcl_msgs_generate_messages_eus
[71.762s] [  0%] Built target rosgraph_msgs_generate_messages_eus
[71.795s] [  0%] Built target jsk_recognition_msgs_generate_messages_lisp
[71.823s] [  0%] Built target jsk_recognition_msgs_generate_messages_eus
[71.850s] [  0%] Built target tf2_msgs_generate_messages_cpp
[71.873s] Scanning dependencies of target gtest
[71.886s] [  5%] Building CXX object gtest/googlemock/gtest/CMakeFiles/gtest.dir/src/gtest-all.cc.o
[77.296s] [ 10%] Linking CXX shared library libgtest.so
[77.391s] [ 10%] Built target gtest
[77.461s] [ 50%] Built target lanelet2_extension_lib
[77.534s] Scanning dependencies of target utilities-test
[77.560s] [ 55%] Building CXX object CMakeFiles/utilities-test.dir/test/src/test_utilities.cpp.o
[86.735s] [ 60%] Linking CXX executable devel/lib/lanelet2_extension/utilities-test
[86.983s] [ 60%] Built target utilities-test
[87.048s] Scanning dependencies of target query-test
[87.077s] [ 65%] Building CXX object CMakeFiles/query-test.dir/test/src/test_query.cpp.o
[94.107s] [ 70%] Linking CXX executable devel/lib/lanelet2_extension/query-test
[94.339s] [ 70%] Built target query-test
[94.403s] Scanning dependencies of target message_conversion-test
[94.430s] [ 75%] Building CXX object CMakeFiles/message_conversion-test.dir/test/src/test_message_conversion.cpp.o
[100.874s] [ 80%] Linking CXX executable devel/lib/lanelet2_extension/message_conversion-test
[101.101s] [ 80%] Built target message_conversion-test
[101.164s] Scanning dependencies of target regulatory_elements-test
[101.188s] [ 85%] Building CXX object CMakeFiles/regulatory_elements-test.dir/test/src/test_regulatory_elements.cpp.o
[107.512s] [ 90%] Linking CXX executable devel/lib/lanelet2_extension/regulatory_elements-test
[107.737s] [ 90%] Built target regulatory_elements-test
[107.787s] Scanning dependencies of target projector-test
[107.813s] [ 95%] Building CXX object CMakeFiles/projector-test.dir/test/src/test_projector.cpp.o
[110.629s] [100%] Linking CXX executable devel/lib/lanelet2_extension/projector-test
[110.837s] [100%] Built target projector-test
[110.852s] Scanning dependencies of target tests
[110.865s] [100%] Built target tests
[110.882s] Invoked command in '/home/autoware/Autoware/build/lanelet2_extension' returned '0': CMAKE_PREFIX_PATH=/home/autoware/Autoware/install/amathutils_lib:/home/autoware/Autoware/install/autoware_msgs:/home/autoware/Autoware/install/autoware_lanelet2_msgs:/home/autoware/Autoware/install/autoware_build_flags:${CMAKE_PREFIX_PATH} LD_LIBRARY_PATH=/home/autoware/Autoware/install/amathutils_lib/lib:${LD_LIBRARY_PATH} PKG_CONFIG_PATH=/home/autoware/Autoware/install/amathutils_lib/lib/x86_64-linux-gnu/pkgconfig:/home/autoware/Autoware/install/amathutils_lib/lib/pkgconfig:/home/autoware/Autoware/install/autoware_msgs/lib/x86_64-linux-gnu/pkgconfig:/home/autoware/Autoware/install/autoware_msgs/lib/pkgconfig:/home/autoware/Autoware/install/autoware_lanelet2_msgs/lib/x86_64-linux-gnu/pkgconfig:/home/autoware/Autoware/install/autoware_lanelet2_msgs/lib/pkgconfig:/home/autoware/Autoware/install/autoware_build_flags/lib/x86_64-linux-gnu/pkgconfig:/home/autoware/Autoware/install/autoware_build_flags/lib/pkgconfig:${PKG_CONFIG_PATH} PYTHONPATH=/home/autoware/Autoware/install/autoware_msgs/lib/python2.7/dist-packages:/home/autoware/Autoware/install/autoware_lanelet2_msgs/lib/python2.7/dist-packages:${PYTHONPATH} ROS_PACKAGE_PATH=/home/autoware/Autoware/install/amathutils_lib/share:/home/autoware/Autoware/install/autoware_msgs/share:/home/autoware/Autoware/install/autoware_lanelet2_msgs/share:/home/autoware/Autoware/install/autoware_build_flags/share:${ROS_PACKAGE_PATH} /usr/bin/cmake --build /home/autoware/Autoware/build/lanelet2_extension --target tests -- -j2 -l2
[111.070s] Invoking command in '/home/autoware/Autoware/build/lanelet2_extension': CMAKE_PREFIX_PATH=/home/autoware/Autoware/install/amathutils_lib:/home/autoware/Autoware/install/autoware_msgs:/home/autoware/Autoware/install/autoware_lanelet2_msgs:/home/autoware/Autoware/install/autoware_build_flags:${CMAKE_PREFIX_PATH} LD_LIBRARY_PATH=/home/autoware/Autoware/install/amathutils_lib/lib:${LD_LIBRARY_PATH} PKG_CONFIG_PATH=/home/autoware/Autoware/install/amathutils_lib/lib/x86_64-linux-gnu/pkgconfig:/home/autoware/Autoware/install/amathutils_lib/lib/pkgconfig:/home/autoware/Autoware/install/autoware_msgs/lib/x86_64-linux-gnu/pkgconfig:/home/autoware/Autoware/install/autoware_msgs/lib/pkgconfig:/home/autoware/Autoware/install/autoware_lanelet2_msgs/lib/x86_64-linux-gnu/pkgconfig:/home/autoware/Autoware/install/autoware_lanelet2_msgs/lib/pkgconfig:/home/autoware/Autoware/install/autoware_build_flags/lib/x86_64-linux-gnu/pkgconfig:/home/autoware/Autoware/install/autoware_build_flags/lib/pkgconfig:${PKG_CONFIG_PATH} PYTHONPATH=/home/autoware/Autoware/install/autoware_msgs/lib/python2.7/dist-packages:/home/autoware/Autoware/install/autoware_lanelet2_msgs/lib/python2.7/dist-packages:${PYTHONPATH} ROS_PACKAGE_PATH=/home/autoware/Autoware/install/amathutils_lib/share:/home/autoware/Autoware/install/autoware_msgs/share:/home/autoware/Autoware/install/autoware_lanelet2_msgs/share:/home/autoware/Autoware/install/autoware_build_flags/share:${ROS_PACKAGE_PATH} /usr/bin/cmake --build /home/autoware/Autoware/build/lanelet2_extension --target install -- -j2 -l2
[111.143s] [  0%] Built target std_msgs_generate_messages_py
[111.168s] [  0%] Built target autoware_msgs_generate_messages_py
[111.194s] [  0%] Built target std_msgs_generate_messages_nodejs
[111.219s] [  0%] Built target sensor_msgs_generate_messages_eus
[111.244s] [  0%] Built target _catkin_empty_exported_target
[111.269s] [  0%] Built target sensor_msgs_generate_messages_cpp
[111.294s] [  0%] Built target autoware_msgs_generate_messages_cpp
[111.322s] [  0%] Built target rosgraph_msgs_generate_messages_cpp
[111.349s] [  0%] Built target pcl_msgs_generate_messages_nodejs
[111.376s] [  0%] Built target jsk_recognition_msgs_generate_messages_py
[111.410s] [  0%] Built target sensor_msgs_generate_messages_lisp
[111.438s] [  0%] Built target sensor_msgs_generate_messages_py
[111.468s] [  0%] Built target tf_generate_messages_py
[111.499s] [  0%] Built target std_msgs_generate_messages_cpp
[111.527s] [  0%] Built target jsk_footstep_msgs_generate_messages_py
[111.554s] [  0%] Built target actionlib_msgs_generate_messages_nodejs
[111.581s] [  0%] Built target geometry_msgs_generate_messages_eus
[111.606s] [  0%] Built target std_msgs_generate_messages_lisp
[111.633s] [  0%] Built target roscpp_generate_messages_nodejs
[111.660s] [  0%] Built target geometry_msgs_generate_messages_nodejs
[111.686s] [  0%] Built target geometry_msgs_generate_messages_lisp
[111.711s] [  0%] Built target pcl_msgs_generate_messages_cpp
[111.737s] [  0%] Built target jsk_recognition_msgs_generate_messages_cpp
[111.764s] [  0%] Built target autoware_msgs_generate_messages_eus
[111.790s] [  0%] Built target autoware_msgs_generate_messages_lisp
[111.814s] [  0%] Built target visualization_msgs_generate_messages_lisp
[111.839s] [  0%] Built target std_msgs_generate_messages_eus
[111.864s] [  0%] Built target autoware_msgs_generate_messages_nodejs
[111.888s] [  0%] Built target jsk_footstep_msgs_generate_messages_eus
[111.914s] [  0%] Built target actionlib_msgs_generate_messages_py
[111.939s] [  0%] Built target jsk_footstep_msgs_generate_messages_lisp
[111.968s] [  0%] Built target jsk_footstep_msgs_generate_messages_nodejs
[111.995s] [  0%] Built target actionlib_msgs_generate_messages_lisp
[112.023s] [  0%] Built target jsk_footstep_msgs_generate_messages_cpp
[112.049s] [  0%] Built target actionlib_msgs_generate_messages_cpp
[112.076s] [  0%] Built target tf_generate_messages_eus
[112.101s] [  0%] Built target tf_generate_messages_lisp
[112.128s] [  0%] Built target tf_generate_messages_nodejs
[112.154s] [  0%] Built target autoware_lanelet2_msgs_generate_messages_cpp
[112.181s] [  0%] Built target jsk_recognition_msgs_generate_messages_nodejs
[112.206s] [  0%] Built target autoware_lanelet2_msgs_generate_messages_py
[112.232s] [  0%] Built target roscpp_generate_messages_lisp
[112.257s] [  0%] Built target rosgraph_msgs_generate_messages_lisp
[112.282s] [  0%] Built target rosgraph_msgs_generate_messages_nodejs
[112.308s] [  0%] Built target roscpp_generate_messages_eus
[112.333s] [  0%] Built target actionlib_msgs_generate_messages_eus
[112.358s] [  0%] Built target rosgraph_msgs_generate_messages_py
[112.383s] [  0%] Built target pcl_msgs_generate_messages_py
[112.407s] [  0%] Built target actionlib_generate_messages_eus
[112.432s] [  0%] Built target geometry_msgs_generate_messages_cpp
[112.460s] [  0%] Built target actionlib_generate_messages_lisp
[112.492s] [  0%] Built target pcl_msgs_generate_messages_lisp
[112.519s] [  0%] Built target tf_generate_messages_cpp
[112.549s] [  0%] Built target actionlib_generate_messages_nodejs
[112.574s] [  0%] Built target visualization_msgs_generate_messages_cpp
[112.601s] [  0%] Built target tf2_msgs_generate_messages_eus
[112.627s] [  0%] Built target tf2_msgs_generate_messages_lisp
[112.654s] [  0%] Built target actionlib_generate_messages_py
[112.681s] [  0%] Built target tf2_msgs_generate_messages_py
[112.705s] [  0%] Built target autoware_lanelet2_msgs_generate_messages_eus
[112.730s] [  0%] Built target tf2_msgs_generate_messages_nodejs
[112.757s] [  0%] Built target autoware_lanelet2_msgs_generate_messages_lisp
[112.781s] [  0%] Built target roscpp_generate_messages_py
[112.806s] [  0%] Built target autoware_lanelet2_msgs_generate_messages_nodejs
[112.831s] [  0%] Built target visualization_msgs_generate_messages_py
[112.857s] [  0%] Built target visualization_msgs_generate_messages_nodejs
[112.883s] [  0%] Built target visualization_msgs_generate_messages_eus
[112.908s] [  0%] Built target geometry_msgs_generate_messages_py
[112.933s] [  0%] Built target sensor_msgs_generate_messages_nodejs
[112.959s] [  0%] Built target roscpp_generate_messages_cpp
[112.983s] [  0%] Built target actionlib_generate_messages_cpp
[113.011s] [  0%] Built target pcl_msgs_generate_messages_eus
[113.038s] [  0%] Built target rosgraph_msgs_generate_messages_eus
[113.063s] [  0%] Built target jsk_recognition_msgs_generate_messages_lisp
[113.093s] [  0%] Built target jsk_recognition_msgs_generate_messages_eus
[113.119s] [  0%] Built target tf2_msgs_generate_messages_cpp
[113.185s] [ 66%] Built target lanelet2_extension_lib
[113.224s] [ 83%] Built target autoware_lanelet2_validation
[113.262s] [100%] Built target lanelet2_extension_sample
[113.290s] Install the project...
[113.300s] -- Install configuration: "Release"
[113.300s] -- Installing: /home/autoware/Autoware/install/lanelet2_extension/lib/pkgconfig/lanelet2_extension.pc
[113.301s] -- Installing: /home/autoware/Autoware/install/lanelet2_extension/share/lanelet2_extension/cmake/lanelet2_extensionConfig.cmake
[113.301s] -- Installing: /home/autoware/Autoware/install/lanelet2_extension/share/lanelet2_extension/cmake/lanelet2_extensionConfig-version.cmake
[113.301s] -- Installing: /home/autoware/Autoware/install/lanelet2_extension/share/lanelet2_extension/package.xml
[113.301s] -- Installing: /home/autoware/Autoware/install/lanelet2_extension/lib/liblanelet2_extension_lib.so
[113.304s] -- Set runtime path of "/home/autoware/Autoware/install/lanelet2_extension/lib/liblanelet2_extension_lib.so" to ""
[113.304s] -- Installing: /home/autoware/Autoware/install/lanelet2_extension/lib/lanelet2_extension/lanelet2_extension_sample
[113.305s] -- Set runtime path of "/home/autoware/Autoware/install/lanelet2_extension/lib/lanelet2_extension/lanelet2_extension_sample" to ""
[113.305s] -- Installing: /home/autoware/Autoware/install/lanelet2_extension/lib/lanelet2_extension/autoware_lanelet2_validation
[113.306s] -- Set runtime path of "/home/autoware/Autoware/install/lanelet2_extension/lib/lanelet2_extension/autoware_lanelet2_validation" to ""
[113.306s] -- Installing: /home/autoware/Autoware/install/lanelet2_extension/include/lanelet2_extension
[113.306s] -- Installing: /home/autoware/Autoware/install/lanelet2_extension/include/lanelet2_extension/io
[113.306s] -- Installing: /home/autoware/Autoware/install/lanelet2_extension/include/lanelet2_extension/io/autoware_osm_parser.h
[113.306s] -- Installing: /home/autoware/Autoware/install/lanelet2_extension/include/lanelet2_extension/visualization
[113.306s] -- Installing: /home/autoware/Autoware/install/lanelet2_extension/include/lanelet2_extension/visualization/visualization.h
[113.306s] -- Installing: /home/autoware/Autoware/install/lanelet2_extension/include/lanelet2_extension/projection
[113.306s] -- Installing: /home/autoware/Autoware/install/lanelet2_extension/include/lanelet2_extension/projection/mgrs_projector.h
[113.306s] -- Installing: /home/autoware/Autoware/install/lanelet2_extension/include/lanelet2_extension/utility
[113.307s] -- Installing: /home/autoware/Autoware/install/lanelet2_extension/include/lanelet2_extension/utility/utilities.h
[113.307s] -- Installing: /home/autoware/Autoware/install/lanelet2_extension/include/lanelet2_extension/utility/message_conversion.h
[113.307s] -- Installing: /home/autoware/Autoware/install/lanelet2_extension/include/lanelet2_extension/utility/query.h
[113.307s] -- Installing: /home/autoware/Autoware/install/lanelet2_extension/include/lanelet2_extension/regulatory_elements
[113.307s] -- Installing: /home/autoware/Autoware/install/lanelet2_extension/include/lanelet2_extension/regulatory_elements/autoware_traffic_light.h
[113.310s] Invoked command in '/home/autoware/Autoware/build/lanelet2_extension' returned '0': CMAKE_PREFIX_PATH=/home/autoware/Autoware/install/amathutils_lib:/home/autoware/Autoware/install/autoware_msgs:/home/autoware/Autoware/install/autoware_lanelet2_msgs:/home/autoware/Autoware/install/autoware_build_flags:${CMAKE_PREFIX_PATH} LD_LIBRARY_PATH=/home/autoware/Autoware/install/amathutils_lib/lib:${LD_LIBRARY_PATH} PKG_CONFIG_PATH=/home/autoware/Autoware/install/amathutils_lib/lib/x86_64-linux-gnu/pkgconfig:/home/autoware/Autoware/install/amathutils_lib/lib/pkgconfig:/home/autoware/Autoware/install/autoware_msgs/lib/x86_64-linux-gnu/pkgconfig:/home/autoware/Autoware/install/autoware_msgs/lib/pkgconfig:/home/autoware/Autoware/install/autoware_lanelet2_msgs/lib/x86_64-linux-gnu/pkgconfig:/home/autoware/Autoware/install/autoware_lanelet2_msgs/lib/pkgconfig:/home/autoware/Autoware/install/autoware_build_flags/lib/x86_64-linux-gnu/pkgconfig:/home/autoware/Autoware/install/autoware_build_flags/lib/pkgconfig:${PKG_CONFIG_PATH} PYTHONPATH=/home/autoware/Autoware/install/autoware_msgs/lib/python2.7/dist-packages:/home/autoware/Autoware/install/autoware_lanelet2_msgs/lib/python2.7/dist-packages:${PYTHONPATH} ROS_PACKAGE_PATH=/home/autoware/Autoware/install/amathutils_lib/share:/home/autoware/Autoware/install/autoware_msgs/share:/home/autoware/Autoware/install/autoware_lanelet2_msgs/share:/home/autoware/Autoware/install/autoware_build_flags/share:${ROS_PACKAGE_PATH} /usr/bin/cmake --build /home/autoware/Autoware/build/lanelet2_extension --target install -- -j2 -l2
