-- The C compiler identification is GNU 7.5.0
-- The CXX compiler identification is GNU 7.5.0
-- Check for working C compiler: /usr/bin/cc
-- Check for working C compiler: /usr/bin/cc -- works
-- Detecting C compiler ABI info
-- Detecting C compiler ABI info - done
-- Detecting C compile features
-- Detecting C compile features - done
-- Check for working CXX compiler: /usr/bin/c++
-- Check for working CXX compiler: /usr/bin/c++ -- works
-- Detecting CXX compiler ABI info
-- Detecting CXX compiler ABI info - done
-- Detecting CXX compile features
-- Detecting CXX compile features - done
-- Using CATKIN_DEVEL_PREFIX: /home/autoware/Autoware/build/ndt_tku/devel
-- Using CMAKE_PREFIX_PATH: /opt/ros/melodic
-- This workspace overlays: /opt/ros/melodic
-- Found PythonInterp: /usr/bin/python2 (found suitable version "2.7.17", minimum required is "2") 
-- Using PYTHON_EXECUTABLE: /usr/bin/python2
-- Using Debian Python package layout
-- Using empy: /usr/bin/empy
-- Using CATKIN_ENABLE_TESTING: ON
-- Call enable_testing()
-- Using CATKIN_TEST_RESULTS_DIR: /home/autoware/Autoware/build/ndt_tku/test_results
-- Found gtest sources under '/usr/src/googletest': gtests will be built
-- Found gmock sources under '/usr/src/googletest': gmock will be built
-- Found PythonInterp: /usr/bin/python2 (found version "2.7.17") 
-- Looking for pthread.h
-- Looking for pthread.h - found
-- Looking for pthread_create
-- Looking for pthread_create - not found
-- Looking for pthread_create in pthreads
-- Looking for pthread_create in pthreads - not found
-- Looking for pthread_create in pthread
-- Looking for pthread_create in pthread - found
-- Found Threads: TRUE  
-- Using Python nosetests: /usr/bin/nosetests-2.7
-- catkin 0.7.26
-- BUILD_SHARED_LIBS is on
-- Found GLUT: /usr/lib/x86_64-linux-gnu/libglut.so  
-- Configuring done
-- Generating done
-- Build files have been written to: /home/autoware/Autoware/build/ndt_tku
Scanning dependencies of target ndt_tku
[ 25%] Building CXX object CMakeFiles/ndt_tku.dir/src/algebra.cpp.o
[ 50%] Building CXX object CMakeFiles/ndt_tku.dir/src/newton.cpp.o
[ 75%] Building CXX object CMakeFiles/ndt_tku.dir/src/manage_ND.cpp.o
[100%] Linking CXX shared library devel/lib/libndt_tku.so
[100%] Built target ndt_tku
Scanning dependencies of target tests
Built target tests
[100%] Built target ndt_tku
Install the project...
-- Install configuration: "Release"
-- Installing: /home/autoware/Autoware/install/ndt_tku/lib/pkgconfig/ndt_tku.pc
-- Installing: /home/autoware/Autoware/install/ndt_tku/share/ndt_tku/cmake/ndt_tkuConfig.cmake
-- Installing: /home/autoware/Autoware/install/ndt_tku/share/ndt_tku/cmake/ndt_tkuConfig-version.cmake
-- Installing: /home/autoware/Autoware/install/ndt_tku/share/ndt_tku/package.xml
-- Installing: /home/autoware/Autoware/install/ndt_tku/lib/libndt_tku.so
-- Installing: /home/autoware/Autoware/install/ndt_tku/include
-- Installing: /home/autoware/Autoware/install/ndt_tku/include/ndt.h
-- Installing: /home/autoware/Autoware/install/ndt_tku/include/algebra.h
