[0.012s] Invoking command in '/home/autoware/Autoware/build/ndt_tku': /usr/bin/cmake /home/autoware/Autoware/src/autoware/core_perception/ndt_tku -DCMAKE_BUILD_TYPE=Release -DCATKIN_INSTALL_INTO_PREFIX_ROOT=0 -DCMAKE_INSTALL_PREFIX=/home/autoware/Autoware/install/ndt_tku
[0.095s] -- The C compiler identification is GNU 7.5.0
[0.171s] -- The CXX compiler identification is GNU 7.5.0
[0.177s] -- Check for working C compiler: /usr/bin/cc
[0.274s] -- Check for working C compiler: /usr/bin/cc -- works
[0.274s] -- Detecting C compiler ABI info
[0.370s] -- Detecting C compiler ABI info - done
[0.380s] -- Detecting C compile features
[0.650s] -- Detecting C compile features - done
[0.650s] -- Check for working CXX compiler: /usr/bin/c++
[0.758s] -- Check for working CXX compiler: /usr/bin/c++ -- works
[0.758s] -- Detecting CXX compiler ABI info
[0.850s] -- Detecting CXX compiler ABI info - done
[0.860s] -- Detecting CXX compile features
[1.326s] -- Detecting CXX compile features - done
[1.329s] -- Using CATKIN_DEVEL_PREFIX: /home/autoware/Autoware/build/ndt_tku/devel
[1.330s] -- Using CMAKE_PREFIX_PATH: /opt/ros/melodic
[1.330s] -- This workspace overlays: /opt/ros/melodic
[1.349s] -- Found PythonInterp: /usr/bin/python2 (found suitable version "2.7.17", minimum required is "2") 
[1.349s] -- Using PYTHON_EXECUTABLE: /usr/bin/python2
[1.349s] -- Using Debian Python package layout
[1.349s] -- Using empy: /usr/bin/empy
[1.520s] -- Using CATKIN_ENABLE_TESTING: ON
[1.520s] -- Call enable_testing()
[1.522s] -- Using CATKIN_TEST_RESULTS_DIR: /home/autoware/Autoware/build/ndt_tku/test_results
[1.552s] -- Found gtest sources under '/usr/src/googletest': gtests will be built
[1.552s] -- Found gmock sources under '/usr/src/googletest': gmock will be built
[1.570s] -- Found PythonInterp: /usr/bin/python2 (found version "2.7.17") 
[1.571s] -- Looking for pthread.h
[1.669s] -- Looking for pthread.h - found
[1.669s] -- Looking for pthread_create
[1.754s] -- Looking for pthread_create - not found
[1.762s] -- Looking for pthread_create in pthreads
[1.830s] -- Looking for pthread_create in pthreads - not found
[1.830s] -- Looking for pthread_create in pthread
[1.923s] -- Looking for pthread_create in pthread - found
[1.925s] -- Found Threads: TRUE  
[1.931s] -- Using Python nosetests: /usr/bin/nosetests-2.7
[1.985s] -- catkin 0.7.26
[1.985s] -- BUILD_SHARED_LIBS is on
[2.268s] -- Found GLUT: /usr/lib/x86_64-linux-gnu/libglut.so  
[2.270s] -- Configuring done
[2.286s] -- Generating done
[2.288s] -- Build files have been written to: /home/autoware/Autoware/build/ndt_tku
[2.295s] Invoked command in '/home/autoware/Autoware/build/ndt_tku' returned '0': /usr/bin/cmake /home/autoware/Autoware/src/autoware/core_perception/ndt_tku -DCMAKE_BUILD_TYPE=Release -DCATKIN_INSTALL_INTO_PREFIX_ROOT=0 -DCMAKE_INSTALL_PREFIX=/home/autoware/Autoware/install/ndt_tku
[2.296s] Invoking command in '/home/autoware/Autoware/build/ndt_tku': /usr/bin/cmake --build /home/autoware/Autoware/build/ndt_tku -- -j2 -l2
[2.350s] Scanning dependencies of target ndt_tku
[2.363s] [ 25%] Building CXX object CMakeFiles/ndt_tku.dir/src/algebra.cpp.o
[2.739s] [ 50%] Building CXX object CMakeFiles/ndt_tku.dir/src/newton.cpp.o
[3.144s] [ 75%] Building CXX object CMakeFiles/ndt_tku.dir/src/manage_ND.cpp.o
[3.446s] [100%] Linking CXX shared library devel/lib/libndt_tku.so
[3.521s] [100%] Built target ndt_tku
[3.537s] Invoked command in '/home/autoware/Autoware/build/ndt_tku' returned '0': /usr/bin/cmake --build /home/autoware/Autoware/build/ndt_tku -- -j2 -l2
[3.585s] Invoking command in '/home/autoware/Autoware/build/ndt_tku': /usr/bin/cmake --build /home/autoware/Autoware/build/ndt_tku --target tests -- -j2 -l2
[3.650s] Scanning dependencies of target tests
[3.662s] Built target tests
[3.680s] Invoked command in '/home/autoware/Autoware/build/ndt_tku' returned '0': /usr/bin/cmake --build /home/autoware/Autoware/build/ndt_tku --target tests -- -j2 -l2
[3.729s] Invoking command in '/home/autoware/Autoware/build/ndt_tku': /usr/bin/cmake --build /home/autoware/Autoware/build/ndt_tku --target install -- -j2 -l2
[3.795s] [100%] Built target ndt_tku
[3.817s] Install the project...
[3.828s] -- Install configuration: "Release"
[3.828s] -- Installing: /home/autoware/Autoware/install/ndt_tku/lib/pkgconfig/ndt_tku.pc
[3.829s] -- Installing: /home/autoware/Autoware/install/ndt_tku/share/ndt_tku/cmake/ndt_tkuConfig.cmake
[3.829s] -- Installing: /home/autoware/Autoware/install/ndt_tku/share/ndt_tku/cmake/ndt_tkuConfig-version.cmake
[3.830s] -- Installing: /home/autoware/Autoware/install/ndt_tku/share/ndt_tku/package.xml
[3.830s] -- Installing: /home/autoware/Autoware/install/ndt_tku/lib/libndt_tku.so
[3.831s] -- Installing: /home/autoware/Autoware/install/ndt_tku/include
[3.831s] -- Installing: /home/autoware/Autoware/install/ndt_tku/include/ndt.h
[3.831s] -- Installing: /home/autoware/Autoware/install/ndt_tku/include/algebra.h
[3.839s] Invoked command in '/home/autoware/Autoware/build/ndt_tku' returned '0': /usr/bin/cmake --build /home/autoware/Autoware/build/ndt_tku --target install -- -j2 -l2
