-- The C compiler identification is GNU 7.5.0
-- The CXX compiler identification is GNU 7.5.0
-- Check for working C compiler: /usr/bin/cc
-- Check for working C compiler: /usr/bin/cc -- works
-- Detecting C compiler ABI info
-- Detecting C compiler ABI info - done
-- Detecting C compile features
-- Detecting C compile features - done
-- Check for working CXX compiler: /usr/bin/c++
-- Check for working CXX compiler: /usr/bin/c++ -- works
-- Detecting CXX compiler ABI info
-- Detecting CXX compiler ABI info - done
-- Detecting CXX compile features
-- Detecting CXX compile features - done
-- Using CATKIN_DEVEL_PREFIX: /home/autoware/Autoware/build/lgsvl_simulator_bridge/devel
-- Using CMAKE_PREFIX_PATH: /home/autoware/Autoware/install/autoware_msgs;/opt/ros/melodic
-- This workspace overlays: /home/autoware/Autoware/install/autoware_msgs;/opt/ros/melodic
-- Found PythonInterp: /usr/bin/python2 (found suitable version "2.7.17", minimum required is "2") 
-- Using PYTHON_EXECUTABLE: /usr/bin/python2
-- Using Debian Python package layout
-- Using empy: /usr/bin/empy
-- Using CATKIN_ENABLE_TESTING: ON
-- Call enable_testing()
-- Using CATKIN_TEST_RESULTS_DIR: /home/autoware/Autoware/build/lgsvl_simulator_bridge/test_results
-- Found gtest sources under '/usr/src/googletest': gtests will be built
-- Found gmock sources under '/usr/src/googletest': gmock will be built
-- Found PythonInterp: /usr/bin/python2 (found version "2.7.17") 
-- Looking for pthread.h
-- Looking for pthread.h - found
-- Looking for pthread_create
-- Looking for pthread_create - not found
-- Looking for pthread_create in pthreads
-- Looking for pthread_create in pthreads - not found
-- Looking for pthread_create in pthread
-- Looking for pthread_create in pthread - found
-- Found Threads: TRUE  
-- Using Python nosetests: /usr/bin/nosetests-2.7
-- catkin 0.7.26
-- BUILD_SHARED_LIBS is on
-- Using these message generators: gencpp;geneus;genlisp;gennodejs;genpy
-- Configuring done
-- Generating done
-- Build files have been written to: /home/autoware/Autoware/build/lgsvl_simulator_bridge
Scanning dependencies of target tests
Built target tests
Install the project...
-- Install configuration: "Release"
+ cd /home/autoware/Autoware/src/autoware/simulation/lgsvl_simulator_bridge
+ mkdir -p /home/autoware/Autoware/install/lgsvl_simulator_bridge/lib/python2.7/dist-packages
+ /usr/bin/env PYTHONPATH=/home/autoware/Autoware/install/lgsvl_simulator_bridge/lib/python2.7/dist-packages:/home/autoware/Autoware/build/lgsvl_simulator_bridge/lib/python2.7/dist-packages:/home/autoware/Autoware/install/autoware_msgs/lib/python2.7/dist-packages:/opt/ros/melodic/lib/python2.7/dist-packages CATKIN_BINARY_DIR=/home/autoware/Autoware/build/lgsvl_simulator_bridge /usr/bin/python2 /home/autoware/Autoware/src/autoware/simulation/lgsvl_simulator_bridge/setup.py build --build-base /home/autoware/Autoware/build/lgsvl_simulator_bridge install --root=/ --install-layout=deb --prefix=/home/autoware/Autoware/install/lgsvl_simulator_bridge --install-scripts=/home/autoware/Autoware/install/lgsvl_simulator_bridge/bin
running build
running build_py
creating /home/autoware/Autoware/build/lgsvl_simulator_bridge/lib.linux-x86_64-2.7
creating /home/autoware/Autoware/build/lgsvl_simulator_bridge/lib.linux-x86_64-2.7/lgsvl_simulator_bridge
copying src/lgsvl_simulator_bridge/configurator.py -> /home/autoware/Autoware/build/lgsvl_simulator_bridge/lib.linux-x86_64-2.7/lgsvl_simulator_bridge
copying src/lgsvl_simulator_bridge/__init__.py -> /home/autoware/Autoware/build/lgsvl_simulator_bridge/lib.linux-x86_64-2.7/lgsvl_simulator_bridge
running install
running install_lib
creating /home/autoware/Autoware/install/lgsvl_simulator_bridge/lib/python2.7/dist-packages/lgsvl_simulator_bridge
copying /home/autoware/Autoware/build/lgsvl_simulator_bridge/lib.linux-x86_64-2.7/lgsvl_simulator_bridge/configurator.py -> /home/autoware/Autoware/install/lgsvl_simulator_bridge/lib/python2.7/dist-packages/lgsvl_simulator_bridge
copying /home/autoware/Autoware/build/lgsvl_simulator_bridge/lib.linux-x86_64-2.7/lgsvl_simulator_bridge/__init__.py -> /home/autoware/Autoware/install/lgsvl_simulator_bridge/lib/python2.7/dist-packages/lgsvl_simulator_bridge
byte-compiling /home/autoware/Autoware/install/lgsvl_simulator_bridge/lib/python2.7/dist-packages/lgsvl_simulator_bridge/configurator.py to configurator.pyc
byte-compiling /home/autoware/Autoware/install/lgsvl_simulator_bridge/lib/python2.7/dist-packages/lgsvl_simulator_bridge/__init__.py to __init__.pyc
running install_egg_info
Writing /home/autoware/Autoware/install/lgsvl_simulator_bridge/lib/python2.7/dist-packages/lgsvl_simulator_bridge-1.12.0.egg-info
-- Installing: /home/autoware/Autoware/install/lgsvl_simulator_bridge/lib/pkgconfig/lgsvl_simulator_bridge.pc
-- Installing: /home/autoware/Autoware/install/lgsvl_simulator_bridge/share/lgsvl_simulator_bridge/cmake/lgsvl_simulator_bridgeConfig.cmake
-- Installing: /home/autoware/Autoware/install/lgsvl_simulator_bridge/share/lgsvl_simulator_bridge/cmake/lgsvl_simulator_bridgeConfig-version.cmake
-- Installing: /home/autoware/Autoware/install/lgsvl_simulator_bridge/share/lgsvl_simulator_bridge/package.xml
-- Installing: /home/autoware/Autoware/install/lgsvl_simulator_bridge/share/lgsvl_simulator_bridge/launch
-- Installing: /home/autoware/Autoware/install/lgsvl_simulator_bridge/share/lgsvl_simulator_bridge/launch/lgsvl_simulator.launch
-- Installing: /home/autoware/Autoware/install/lgsvl_simulator_bridge/share/lgsvl_simulator_bridge/launch/bridge.launch
-- Installing: /home/autoware/Autoware/install/lgsvl_simulator_bridge/share/lgsvl_simulator_bridge/rviz
-- Installing: /home/autoware/Autoware/install/lgsvl_simulator_bridge/share/lgsvl_simulator_bridge/rviz/lgsvl_simulator.rviz
-- Installing: /home/autoware/Autoware/install/lgsvl_simulator_bridge/share/lgsvl_simulator_bridge/config
-- Installing: /home/autoware/Autoware/install/lgsvl_simulator_bridge/share/lgsvl_simulator_bridge/config/sample.json
-- Installing: /home/autoware/Autoware/install/lgsvl_simulator_bridge/share/lgsvl_simulator_bridge/media
-- Installing: /home/autoware/Autoware/install/lgsvl_simulator_bridge/share/lgsvl_simulator_bridge/media/lgsvl_simulator_bridge.png
-- Installing: /home/autoware/Autoware/install/lgsvl_simulator_bridge/share/lgsvl_simulator_bridge/media/autoware.png
-- Installing: /home/autoware/Autoware/install/lgsvl_simulator_bridge/share/lgsvl_simulator_bridge/resource
-- Installing: /home/autoware/Autoware/install/lgsvl_simulator_bridge/share/lgsvl_simulator_bridge/resource/LgsvlSimulatorConfigratorPlugin.ui
-- Installing: /home/autoware/Autoware/install/lgsvl_simulator_bridge/lib/lgsvl_simulator_bridge/launch_sim.bash
-- Installing: /home/autoware/Autoware/install/lgsvl_simulator_bridge/lib/lgsvl_simulator_bridge/__init__.py
-- Installing: /home/autoware/Autoware/install/lgsvl_simulator_bridge/lib/lgsvl_simulator_bridge/configurator.py
-- Installing: /home/autoware/Autoware/install/lgsvl_simulator_bridge/share/lgsvl_simulator_bridge/plugin.xml
