[0.013s] Invoking command in '/home/autoware/Autoware/build/ds4_driver': /usr/bin/cmake /home/autoware/Autoware/src/drivers/ds4/ds4_driver -DCMAKE_BUILD_TYPE=Release -DCATKIN_INSTALL_INTO_PREFIX_ROOT=0 -DCMAKE_INSTALL_PREFIX=/home/autoware/Autoware/install/ds4_driver
[0.097s] -- The C compiler identification is GNU 7.5.0
[0.179s] -- The CXX compiler identification is GNU 7.5.0
[0.185s] -- Check for working C compiler: /usr/bin/cc
[0.285s] -- Check for working C compiler: /usr/bin/cc -- works
[0.285s] -- Detecting C compiler ABI info
[0.377s] -- Detecting C compiler ABI info - done
[0.387s] -- Detecting C compile features
[0.667s] -- Detecting C compile features - done
[0.671s] -- Check for working CXX compiler: /usr/bin/c++
[0.785s] -- Check for working CXX compiler: /usr/bin/c++ -- works
[0.786s] -- Detecting CXX compiler ABI info
[0.897s] -- Detecting CXX compiler ABI info - done
[0.907s] -- Detecting CXX compile features
[1.389s] -- Detecting CXX compile features - done
[1.392s] -- Using CATKIN_DEVEL_PREFIX: /home/autoware/Autoware/build/ds4_driver/devel
[1.392s] -- Using CMAKE_PREFIX_PATH: /opt/ros/melodic
[1.393s] -- This workspace overlays: /opt/ros/melodic
[1.413s] -- Found PythonInterp: /usr/bin/python2 (found suitable version "2.7.17", minimum required is "2") 
[1.413s] -- Using PYTHON_EXECUTABLE: /usr/bin/python2
[1.413s] -- Using Debian Python package layout
[1.413s] -- Using empy: /usr/bin/empy
[1.591s] -- Using CATKIN_ENABLE_TESTING: ON
[1.591s] -- Call enable_testing()
[1.599s] -- Using CATKIN_TEST_RESULTS_DIR: /home/autoware/Autoware/build/ds4_driver/test_results
[1.631s] -- Found gtest sources under '/usr/src/googletest': gtests will be built
[1.631s] -- Found gmock sources under '/usr/src/googletest': gmock will be built
[1.653s] -- Found PythonInterp: /usr/bin/python2 (found version "2.7.17") 
[1.653s] -- Looking for pthread.h
[1.753s] -- Looking for pthread.h - found
[1.753s] -- Looking for pthread_create
[1.861s] -- Looking for pthread_create - not found
[1.861s] -- Looking for pthread_create in pthreads
[1.941s] -- Looking for pthread_create in pthreads - not found
[1.941s] -- Looking for pthread_create in pthread
[2.032s] -- Looking for pthread_create in pthread - found
[2.032s] -- Found Threads: TRUE  
[2.035s] -- Using Python nosetests: /usr/bin/nosetests-2.7
[2.088s] -- catkin 0.7.26
[2.088s] -- BUILD_SHARED_LIBS is on
[2.460s] -- Configuring done
[2.479s] -- Generating done
[2.483s] -- Build files have been written to: /home/autoware/Autoware/build/ds4_driver
[2.491s] Invoked command in '/home/autoware/Autoware/build/ds4_driver' returned '0': /usr/bin/cmake /home/autoware/Autoware/src/drivers/ds4/ds4_driver -DCMAKE_BUILD_TYPE=Release -DCATKIN_INSTALL_INTO_PREFIX_ROOT=0 -DCMAKE_INSTALL_PREFIX=/home/autoware/Autoware/install/ds4_driver
[2.492s] Invoking command in '/home/autoware/Autoware/build/ds4_driver': /usr/bin/cmake --build /home/autoware/Autoware/build/ds4_driver -- -j2 -l2
[2.550s] Invoked command in '/home/autoware/Autoware/build/ds4_driver' returned '0': /usr/bin/cmake --build /home/autoware/Autoware/build/ds4_driver -- -j2 -l2
[2.618s] Invoking command in '/home/autoware/Autoware/build/ds4_driver': /usr/bin/cmake --build /home/autoware/Autoware/build/ds4_driver --target tests -- -j2 -l2
[2.697s] Scanning dependencies of target tests
[2.712s] Built target tests
[2.729s] Invoked command in '/home/autoware/Autoware/build/ds4_driver' returned '0': /usr/bin/cmake --build /home/autoware/Autoware/build/ds4_driver --target tests -- -j2 -l2
[2.796s] Invoking command in '/home/autoware/Autoware/build/ds4_driver': /usr/bin/cmake --build /home/autoware/Autoware/build/ds4_driver --target install -- -j2 -l2
[2.866s] Install the project...
[2.879s] -- Install configuration: "Release"
[2.879s] -- Installing: /home/autoware/Autoware/install/ds4_driver/lib/pkgconfig/ds4_driver.pc
[2.880s] -- Installing: /home/autoware/Autoware/install/ds4_driver/share/ds4_driver/cmake/ds4_driverConfig.cmake
[2.880s] -- Installing: /home/autoware/Autoware/install/ds4_driver/share/ds4_driver/cmake/ds4_driverConfig-version.cmake
[2.881s] -- Installing: /home/autoware/Autoware/install/ds4_driver/share/ds4_driver/package.xml
[2.881s] -- Installing: /home/autoware/Autoware/install/ds4_driver/lib/ds4_driver/ds4_driver
[2.882s] -- Installing: /home/autoware/Autoware/install/ds4_driver/share/ds4_driver/launch
[2.882s] -- Installing: /home/autoware/Autoware/install/ds4_driver/share/ds4_driver/launch/ds4_driver.launch
[2.893s] Invoked command in '/home/autoware/Autoware/build/ds4_driver' returned '0': /usr/bin/cmake --build /home/autoware/Autoware/build/ds4_driver --target install -- -j2 -l2
