-- The C compiler identification is GNU 7.5.0
-- The CXX compiler identification is GNU 7.5.0
-- Check for working C compiler: /usr/bin/cc
-- Check for working C compiler: /usr/bin/cc -- works
-- Detecting C compiler ABI info
-- Detecting C compiler ABI info - done
-- Detecting C compile features
-- Detecting C compile features - done
-- Check for working CXX compiler: /usr/bin/c++
-- Check for working CXX compiler: /usr/bin/c++ -- works
-- Detecting CXX compiler ABI info
-- Detecting CXX compiler ABI info - done
-- Detecting CXX compile features
-- Detecting CXX compile features - done
-- Using CATKIN_DEVEL_PREFIX: /home/autoware/Autoware/build/javad_navsat_driver/devel
-- Using CMAKE_PREFIX_PATH: /opt/ros/melodic
-- This workspace overlays: /opt/ros/melodic
-- Found PythonInterp: /usr/bin/python2 (found suitable version "2.7.17", minimum required is "2") 
-- Using PYTHON_EXECUTABLE: /usr/bin/python2
-- Using Debian Python package layout
-- Using empy: /usr/bin/empy
-- Using CATKIN_ENABLE_TESTING: ON
-- Call enable_testing()
-- Using CATKIN_TEST_RESULTS_DIR: /home/autoware/Autoware/build/javad_navsat_driver/test_results
-- Found gtest sources under '/usr/src/googletest': gtests will be built
-- Found gmock sources under '/usr/src/googletest': gmock will be built
-- Found PythonInterp: /usr/bin/python2 (found version "2.7.17") 
-- Looking for pthread.h
-- Looking for pthread.h - found
-- Looking for pthread_create
-- Looking for pthread_create - not found
-- Looking for pthread_create in pthreads
-- Looking for pthread_create in pthreads - not found
-- Looking for pthread_create in pthread
-- Looking for pthread_create in pthread - found
-- Found Threads: TRUE  
-- Using Python nosetests: /usr/bin/nosetests-2.7
-- catkin 0.7.26
-- BUILD_SHARED_LIBS is on
-- Configuring done
-- Generating done
-- Build files have been written to: /home/autoware/Autoware/build/javad_navsat_driver
Scanning dependencies of target tests
Built target tests
Install the project...
-- Install configuration: "Release"
+ cd /home/autoware/Autoware/src/drivers/awf_drivers/javad_navsat_driver
+ mkdir -p /home/autoware/Autoware/install/javad_navsat_driver/lib/python2.7/dist-packages
+ /usr/bin/env PYTHONPATH=/home/autoware/Autoware/install/javad_navsat_driver/lib/python2.7/dist-packages:/home/autoware/Autoware/build/javad_navsat_driver/lib/python2.7/dist-packages:/opt/ros/melodic/lib/python2.7/dist-packages CATKIN_BINARY_DIR=/home/autoware/Autoware/build/javad_navsat_driver /usr/bin/python2 /home/autoware/Autoware/src/drivers/awf_drivers/javad_navsat_driver/setup.py build --build-base /home/autoware/Autoware/build/javad_navsat_driver install --root=/ --install-layout=deb --prefix=/home/autoware/Autoware/install/javad_navsat_driver --install-scripts=/home/autoware/Autoware/install/javad_navsat_driver/bin
running build
running build_py
creating /home/autoware/Autoware/build/javad_navsat_driver/lib.linux-x86_64-2.7
creating /home/autoware/Autoware/build/javad_navsat_driver/lib.linux-x86_64-2.7/libjavad_navsat_driver
copying lib/libjavad_navsat_driver/checksum_utils.py -> /home/autoware/Autoware/build/javad_navsat_driver/lib.linux-x86_64-2.7/libjavad_navsat_driver
copying lib/libjavad_navsat_driver/parser.py -> /home/autoware/Autoware/build/javad_navsat_driver/lib.linux-x86_64-2.7/libjavad_navsat_driver
copying lib/libjavad_navsat_driver/__init__.py -> /home/autoware/Autoware/build/javad_navsat_driver/lib.linux-x86_64-2.7/libjavad_navsat_driver
copying lib/libjavad_navsat_driver/driver.py -> /home/autoware/Autoware/build/javad_navsat_driver/lib.linux-x86_64-2.7/libjavad_navsat_driver
running install
running install_lib
creating /home/autoware/Autoware/install/javad_navsat_driver/lib/python2.7/dist-packages/libjavad_navsat_driver
copying /home/autoware/Autoware/build/javad_navsat_driver/lib.linux-x86_64-2.7/libjavad_navsat_driver/checksum_utils.py -> /home/autoware/Autoware/install/javad_navsat_driver/lib/python2.7/dist-packages/libjavad_navsat_driver
copying /home/autoware/Autoware/build/javad_navsat_driver/lib.linux-x86_64-2.7/libjavad_navsat_driver/parser.py -> /home/autoware/Autoware/install/javad_navsat_driver/lib/python2.7/dist-packages/libjavad_navsat_driver
copying /home/autoware/Autoware/build/javad_navsat_driver/lib.linux-x86_64-2.7/libjavad_navsat_driver/__init__.py -> /home/autoware/Autoware/install/javad_navsat_driver/lib/python2.7/dist-packages/libjavad_navsat_driver
copying /home/autoware/Autoware/build/javad_navsat_driver/lib.linux-x86_64-2.7/libjavad_navsat_driver/driver.py -> /home/autoware/Autoware/install/javad_navsat_driver/lib/python2.7/dist-packages/libjavad_navsat_driver
byte-compiling /home/autoware/Autoware/install/javad_navsat_driver/lib/python2.7/dist-packages/libjavad_navsat_driver/checksum_utils.py to checksum_utils.pyc
byte-compiling /home/autoware/Autoware/install/javad_navsat_driver/lib/python2.7/dist-packages/libjavad_navsat_driver/parser.py to parser.pyc
byte-compiling /home/autoware/Autoware/install/javad_navsat_driver/lib/python2.7/dist-packages/libjavad_navsat_driver/__init__.py to __init__.pyc
byte-compiling /home/autoware/Autoware/install/javad_navsat_driver/lib/python2.7/dist-packages/libjavad_navsat_driver/driver.py to driver.pyc
running install_egg_info
Writing /home/autoware/Autoware/install/javad_navsat_driver/lib/python2.7/dist-packages/javad_navsat_driver-1.12.0.egg-info
-- Installing: /home/autoware/Autoware/install/javad_navsat_driver/lib/pkgconfig/javad_navsat_driver.pc
-- Installing: /home/autoware/Autoware/install/javad_navsat_driver/share/javad_navsat_driver/cmake/javad_navsat_driverConfig.cmake
-- Installing: /home/autoware/Autoware/install/javad_navsat_driver/share/javad_navsat_driver/cmake/javad_navsat_driverConfig-version.cmake
-- Installing: /home/autoware/Autoware/install/javad_navsat_driver/share/javad_navsat_driver/package.xml
-- Installing: /home/autoware/Autoware/install/javad_navsat_driver/lib/javad_navsat_driver/javad_serial_driver
-- Installing: /home/autoware/Autoware/install/javad_navsat_driver/lib/javad_navsat_driver/javad_topic_driver
-- Installing: /home/autoware/Autoware/install/javad_navsat_driver/lib/javad_navsat_driver/javad_topic_serial_reader
-- Installing: /home/autoware/Autoware/install/javad_navsat_driver/share/javad_navsat_driver/launch
-- Installing: /home/autoware/Autoware/install/javad_navsat_driver/share/javad_navsat_driver/launch/javad_navsat.launch
-- Installing: /home/autoware/Autoware/install/javad_navsat_driver/share/javad_navsat_driver/cfg
-- Installing: /home/autoware/Autoware/install/javad_navsat_driver/share/javad_navsat_driver/cfg/enable.cfg
-- Installing: /home/autoware/Autoware/install/javad_navsat_driver/share/javad_navsat_driver/cfg/disable.cfg
