[0.014s] Invoking command in '/home/autoware/Autoware/build/javad_navsat_driver': /usr/bin/cmake /home/autoware/Autoware/src/drivers/awf_drivers/javad_navsat_driver -DCMAKE_BUILD_TYPE=Release -DCATKIN_INSTALL_INTO_PREFIX_ROOT=0 -DCMAKE_INSTALL_PREFIX=/home/autoware/Autoware/install/javad_navsat_driver
[0.095s] -- The C compiler identification is GNU 7.5.0
[0.170s] -- The CXX compiler identification is GNU 7.5.0
[0.176s] -- Check for working C compiler: /usr/bin/cc
[0.259s] -- Check for working C compiler: /usr/bin/cc -- works
[0.259s] -- Detecting C compiler ABI info
[0.343s] -- Detecting C compiler ABI info - done
[0.345s] -- Detecting C compile features
[0.587s] -- Detecting C compile features - done
[0.591s] -- Check for working CXX compiler: /usr/bin/c++
[0.681s] -- Check for working CXX compiler: /usr/bin/c++ -- works
[0.681s] -- Detecting CXX compiler ABI info
[0.771s] -- Detecting CXX compiler ABI info - done
[0.777s] -- Detecting CXX compile features
[1.176s] -- Detecting CXX compile features - done
[1.179s] -- Using CATKIN_DEVEL_PREFIX: /home/autoware/Autoware/build/javad_navsat_driver/devel
[1.179s] -- Using CMAKE_PREFIX_PATH: /opt/ros/melodic
[1.179s] -- This workspace overlays: /opt/ros/melodic
[1.198s] -- Found PythonInterp: /usr/bin/python2 (found suitable version "2.7.17", minimum required is "2") 
[1.198s] -- Using PYTHON_EXECUTABLE: /usr/bin/python2
[1.198s] -- Using Debian Python package layout
[1.198s] -- Using empy: /usr/bin/empy
[1.342s] -- Using CATKIN_ENABLE_TESTING: ON
[1.343s] -- Call enable_testing()
[1.351s] -- Using CATKIN_TEST_RESULTS_DIR: /home/autoware/Autoware/build/javad_navsat_driver/test_results
[1.370s] -- Found gtest sources under '/usr/src/googletest': gtests will be built
[1.370s] -- Found gmock sources under '/usr/src/googletest': gmock will be built
[1.391s] -- Found PythonInterp: /usr/bin/python2 (found version "2.7.17") 
[1.391s] -- Looking for pthread.h
[1.471s] -- Looking for pthread.h - found
[1.472s] -- Looking for pthread_create
[1.551s] -- Looking for pthread_create - not found
[1.551s] -- Looking for pthread_create in pthreads
[1.623s] -- Looking for pthread_create in pthreads - not found
[1.623s] -- Looking for pthread_create in pthread
[1.703s] -- Looking for pthread_create in pthread - found
[1.705s] -- Found Threads: TRUE  
[1.710s] -- Using Python nosetests: /usr/bin/nosetests-2.7
[1.751s] -- catkin 0.7.26
[1.751s] -- BUILD_SHARED_LIBS is on
[2.423s] -- Configuring done
[2.444s] -- Generating done
[2.448s] -- Build files have been written to: /home/autoware/Autoware/build/javad_navsat_driver
[2.456s] Invoked command in '/home/autoware/Autoware/build/javad_navsat_driver' returned '0': /usr/bin/cmake /home/autoware/Autoware/src/drivers/awf_drivers/javad_navsat_driver -DCMAKE_BUILD_TYPE=Release -DCATKIN_INSTALL_INTO_PREFIX_ROOT=0 -DCMAKE_INSTALL_PREFIX=/home/autoware/Autoware/install/javad_navsat_driver
[2.457s] Invoking command in '/home/autoware/Autoware/build/javad_navsat_driver': /usr/bin/cmake --build /home/autoware/Autoware/build/javad_navsat_driver -- -j2 -l2
[2.505s] Invoked command in '/home/autoware/Autoware/build/javad_navsat_driver' returned '0': /usr/bin/cmake --build /home/autoware/Autoware/build/javad_navsat_driver -- -j2 -l2
[2.557s] Invoking command in '/home/autoware/Autoware/build/javad_navsat_driver': /usr/bin/cmake --build /home/autoware/Autoware/build/javad_navsat_driver --target tests -- -j2 -l2
[2.613s] Scanning dependencies of target tests
[2.624s] Built target tests
[2.642s] Invoked command in '/home/autoware/Autoware/build/javad_navsat_driver' returned '0': /usr/bin/cmake --build /home/autoware/Autoware/build/javad_navsat_driver --target tests -- -j2 -l2
[2.701s] Invoking command in '/home/autoware/Autoware/build/javad_navsat_driver': /usr/bin/cmake --build /home/autoware/Autoware/build/javad_navsat_driver --target install -- -j2 -l2
[2.758s] Install the project...
[2.766s] -- Install configuration: "Release"
[2.767s] + cd /home/autoware/Autoware/src/drivers/awf_drivers/javad_navsat_driver
[2.768s] + mkdir -p /home/autoware/Autoware/install/javad_navsat_driver/lib/python2.7/dist-packages
[2.769s] + /usr/bin/env PYTHONPATH=/home/autoware/Autoware/install/javad_navsat_driver/lib/python2.7/dist-packages:/home/autoware/Autoware/build/javad_navsat_driver/lib/python2.7/dist-packages:/opt/ros/melodic/lib/python2.7/dist-packages CATKIN_BINARY_DIR=/home/autoware/Autoware/build/javad_navsat_driver /usr/bin/python2 /home/autoware/Autoware/src/drivers/awf_drivers/javad_navsat_driver/setup.py build --build-base /home/autoware/Autoware/build/javad_navsat_driver install --root=/ --install-layout=deb --prefix=/home/autoware/Autoware/install/javad_navsat_driver --install-scripts=/home/autoware/Autoware/install/javad_navsat_driver/bin
[2.810s] running build
[2.810s] running build_py
[2.811s] creating /home/autoware/Autoware/build/javad_navsat_driver/lib.linux-x86_64-2.7
[2.811s] creating /home/autoware/Autoware/build/javad_navsat_driver/lib.linux-x86_64-2.7/libjavad_navsat_driver
[2.812s] copying lib/libjavad_navsat_driver/checksum_utils.py -> /home/autoware/Autoware/build/javad_navsat_driver/lib.linux-x86_64-2.7/libjavad_navsat_driver
[2.812s] copying lib/libjavad_navsat_driver/parser.py -> /home/autoware/Autoware/build/javad_navsat_driver/lib.linux-x86_64-2.7/libjavad_navsat_driver
[2.813s] copying lib/libjavad_navsat_driver/__init__.py -> /home/autoware/Autoware/build/javad_navsat_driver/lib.linux-x86_64-2.7/libjavad_navsat_driver
[2.813s] copying lib/libjavad_navsat_driver/driver.py -> /home/autoware/Autoware/build/javad_navsat_driver/lib.linux-x86_64-2.7/libjavad_navsat_driver
[2.814s] running install
[2.815s] running install_lib
[2.816s] creating /home/autoware/Autoware/install/javad_navsat_driver/lib/python2.7/dist-packages/libjavad_navsat_driver
[2.816s] copying /home/autoware/Autoware/build/javad_navsat_driver/lib.linux-x86_64-2.7/libjavad_navsat_driver/checksum_utils.py -> /home/autoware/Autoware/install/javad_navsat_driver/lib/python2.7/dist-packages/libjavad_navsat_driver
[2.816s] copying /home/autoware/Autoware/build/javad_navsat_driver/lib.linux-x86_64-2.7/libjavad_navsat_driver/parser.py -> /home/autoware/Autoware/install/javad_navsat_driver/lib/python2.7/dist-packages/libjavad_navsat_driver
[2.817s] copying /home/autoware/Autoware/build/javad_navsat_driver/lib.linux-x86_64-2.7/libjavad_navsat_driver/__init__.py -> /home/autoware/Autoware/install/javad_navsat_driver/lib/python2.7/dist-packages/libjavad_navsat_driver
[2.817s] copying /home/autoware/Autoware/build/javad_navsat_driver/lib.linux-x86_64-2.7/libjavad_navsat_driver/driver.py -> /home/autoware/Autoware/install/javad_navsat_driver/lib/python2.7/dist-packages/libjavad_navsat_driver
[2.818s] byte-compiling /home/autoware/Autoware/install/javad_navsat_driver/lib/python2.7/dist-packages/libjavad_navsat_driver/checksum_utils.py to checksum_utils.pyc
[2.820s] byte-compiling /home/autoware/Autoware/install/javad_navsat_driver/lib/python2.7/dist-packages/libjavad_navsat_driver/parser.py to parser.pyc
[2.821s] byte-compiling /home/autoware/Autoware/install/javad_navsat_driver/lib/python2.7/dist-packages/libjavad_navsat_driver/__init__.py to __init__.pyc
[2.821s] byte-compiling /home/autoware/Autoware/install/javad_navsat_driver/lib/python2.7/dist-packages/libjavad_navsat_driver/driver.py to driver.pyc
[2.822s] running install_egg_info
[2.823s] Writing /home/autoware/Autoware/install/javad_navsat_driver/lib/python2.7/dist-packages/javad_navsat_driver-1.12.0.egg-info
[2.828s] -- Installing: /home/autoware/Autoware/install/javad_navsat_driver/lib/pkgconfig/javad_navsat_driver.pc
[2.828s] -- Installing: /home/autoware/Autoware/install/javad_navsat_driver/share/javad_navsat_driver/cmake/javad_navsat_driverConfig.cmake
[2.828s] -- Installing: /home/autoware/Autoware/install/javad_navsat_driver/share/javad_navsat_driver/cmake/javad_navsat_driverConfig-version.cmake
[2.828s] -- Installing: /home/autoware/Autoware/install/javad_navsat_driver/share/javad_navsat_driver/package.xml
[2.829s] -- Installing: /home/autoware/Autoware/install/javad_navsat_driver/lib/javad_navsat_driver/javad_serial_driver
[2.829s] -- Installing: /home/autoware/Autoware/install/javad_navsat_driver/lib/javad_navsat_driver/javad_topic_driver
[2.830s] -- Installing: /home/autoware/Autoware/install/javad_navsat_driver/lib/javad_navsat_driver/javad_topic_serial_reader
[2.830s] -- Installing: /home/autoware/Autoware/install/javad_navsat_driver/share/javad_navsat_driver/launch
[2.831s] -- Installing: /home/autoware/Autoware/install/javad_navsat_driver/share/javad_navsat_driver/launch/javad_navsat.launch
[2.831s] -- Installing: /home/autoware/Autoware/install/javad_navsat_driver/share/javad_navsat_driver/cfg
[2.831s] -- Installing: /home/autoware/Autoware/install/javad_navsat_driver/share/javad_navsat_driver/cfg/enable.cfg
[2.832s] -- Installing: /home/autoware/Autoware/install/javad_navsat_driver/share/javad_navsat_driver/cfg/disable.cfg
[2.839s] Invoked command in '/home/autoware/Autoware/build/javad_navsat_driver' returned '0': /usr/bin/cmake --build /home/autoware/Autoware/build/javad_navsat_driver --target install -- -j2 -l2
