Determining if the pthread_create exist failed with the following output:
Change Dir: /home/autoware/Autoware/build/dp_planner/CMakeFiles/CMakeTmp

Run Build Command:"/usr/bin/make" "cmTC_a5994/fast"
/usr/bin/make -f CMakeFiles/cmTC_a5994.dir/build.make CMakeFiles/cmTC_a5994.dir/build
make[1]: Entering directory '/home/autoware/Autoware/build/dp_planner/CMakeFiles/CMakeTmp'
Building C object CMakeFiles/cmTC_a5994.dir/CheckSymbolExists.c.o
/usr/bin/cc    -o CMakeFiles/cmTC_a5994.dir/CheckSymbolExists.c.o   -c /home/autoware/Autoware/build/dp_planner/CMakeFiles/CMakeTmp/CheckSymbolExists.c
Linking C executable cmTC_a5994
/usr/bin/cmake -E cmake_link_script CMakeFiles/cmTC_a5994.dir/link.txt --verbose=1
/usr/bin/cc      -rdynamic CMakeFiles/cmTC_a5994.dir/CheckSymbolExists.c.o  -o cmTC_a5994 
CMakeFiles/cmTC_a5994.dir/CheckSymbolExists.c.o: In function `main':
CheckSymbolExists.c:(.text+0x1b): undefined reference to `pthread_create'
collect2: error: ld returned 1 exit status
CMakeFiles/cmTC_a5994.dir/build.make:97: recipe for target 'cmTC_a5994' failed
make[1]: *** [cmTC_a5994] Error 1
make[1]: Leaving directory '/home/autoware/Autoware/build/dp_planner/CMakeFiles/CMakeTmp'
Makefile:126: recipe for target 'cmTC_a5994/fast' failed
make: *** [cmTC_a5994/fast] Error 2

File /home/autoware/Autoware/build/dp_planner/CMakeFiles/CMakeTmp/CheckSymbolExists.c:
/* */
#include <pthread.h>

int main(int argc, char** argv)
{
  (void)argv;
#ifndef pthread_create
  return ((int*)(&pthread_create))[argc];
#else
  (void)argc;
  return 0;
#endif
}

Determining if the function pthread_create exists in the pthreads failed with the following output:
Change Dir: /home/autoware/Autoware/build/dp_planner/CMakeFiles/CMakeTmp

Run Build Command:"/usr/bin/make" "cmTC_ccfe9/fast"
/usr/bin/make -f CMakeFiles/cmTC_ccfe9.dir/build.make CMakeFiles/cmTC_ccfe9.dir/build
make[1]: Entering directory '/home/autoware/Autoware/build/dp_planner/CMakeFiles/CMakeTmp'
Building C object CMakeFiles/cmTC_ccfe9.dir/CheckFunctionExists.c.o
/usr/bin/cc   -DCHECK_FUNCTION_EXISTS=pthread_create   -o CMakeFiles/cmTC_ccfe9.dir/CheckFunctionExists.c.o   -c /usr/share/cmake-3.10/Modules/CheckFunctionExists.c
Linking C executable cmTC_ccfe9
/usr/bin/cmake -E cmake_link_script CMakeFiles/cmTC_ccfe9.dir/link.txt --verbose=1
/usr/bin/cc  -DCHECK_FUNCTION_EXISTS=pthread_create    -rdynamic CMakeFiles/cmTC_ccfe9.dir/CheckFunctionExists.c.o  -o cmTC_ccfe9 -lpthreads 
/usr/bin/ld: cannot find -lpthreads
collect2: error: ld returned 1 exit status
CMakeFiles/cmTC_ccfe9.dir/build.make:97: recipe for target 'cmTC_ccfe9' failed
make[1]: *** [cmTC_ccfe9] Error 1
make[1]: Leaving directory '/home/autoware/Autoware/build/dp_planner/CMakeFiles/CMakeTmp'
Makefile:126: recipe for target 'cmTC_ccfe9/fast' failed
make: *** [cmTC_ccfe9/fast] Error 2


