CMake Warning (dev) at /usr/share/cmake-3.10/Modules/FindBoost.cmake:911 (if):
  Policy CMP0054 is not set: Only interpret if() arguments as variables or
  keywords when unquoted.  Run "cmake --help-policy CMP0054" for policy
  details.  Use the cmake_policy command to set the policy and suppress this
  warning.

  Quoted variables like "chrono" will no longer be dereferenced when the
  policy is set to NEW.  Since the policy is not set the OLD behavior will be
  used.
Call Stack (most recent call first):
  /usr/share/cmake-3.10/Modules/FindBoost.cmake:1558 (_Boost_MISSING_DEPENDENCIES)
  /usr/share/OGRE/cmake/modules/FindOGRE.cmake:318 (find_package)
  /usr/lib/x86_64-linux-gnu/cmake/gazebo/gazebo-config.cmake:175 (find_package)
  CMakeLists.txt:27 (find_package)
This warning is for project developers.  Use -Wno-dev to suppress it.

/home/autoware/Autoware/src/citysim/plugins/TrafficLightsGUIPlugin.cc: In member function ‘void gazebo::TrafficLightsGUIPlugin::OnKeyPress(ConstAnyPtr&)’:
/home/autoware/Autoware/src/citysim/plugins/TrafficLightsGUIPlugin.cc:83:39: warning: ‘gazebo::common::Color::Color(const gazebo::common::Color&)’ is deprecated [-Wdeprecated-declarations]
   auto black = gazebo::common::Color::Black;
                                       ^~~~~
In file included from /usr/include/gazebo-9/gazebo/msgs/msgs.hh:38:0,
                 from /home/autoware/Autoware/src/citysim/plugins/TrafficLightsGUIPlugin.cc:18:
/usr/include/gazebo-9/gazebo/common/Color.hh:95:15: note: declared here
       public: Color(const Color &_clr) GAZEBO_DEPRECATED(9.0);
               ^~~~~
/home/autoware/Autoware/src/citysim/plugins/TrafficLightsGUIPlugin.cc:83:39: warning: ‘virtual gazebo::common::Color::~Color()’ is deprecated [-Wdeprecated-declarations]
   auto black = gazebo::common::Color::Black;
                                       ^~~~~
In file included from /usr/include/gazebo-9/gazebo/msgs/msgs.hh:38:0,
                 from /home/autoware/Autoware/src/citysim/plugins/TrafficLightsGUIPlugin.cc:18:
/usr/include/gazebo-9/gazebo/common/Color.hh:98:23: note: declared here
       public: virtual ~Color() GAZEBO_DEPRECATED(9.0);
                       ^
/home/autoware/Autoware/src/citysim/plugins/TrafficLightsGUIPlugin.cc:83:39: warning: ‘virtual gazebo::common::Color::~Color()’ is deprecated [-Wdeprecated-declarations]
   auto black = gazebo::common::Color::Black;
                                       ^~~~~
In file included from /usr/include/gazebo-9/gazebo/msgs/msgs.hh:38:0,
                 from /home/autoware/Autoware/src/citysim/plugins/TrafficLightsGUIPlugin.cc:18:
/usr/include/gazebo-9/gazebo/common/Color.hh:98:23: note: declared here
       public: virtual ~Color() GAZEBO_DEPRECATED(9.0);
                       ^
/home/autoware/Autoware/src/citysim/plugins/TrafficLightsGUIPlugin.cc:105:66: warning: ‘void gazebo::msgs::Set(gazebo::msgs::Color*, const gazebo::common::Color&)’ is deprecated [-Wdeprecated-declarations]
             gazebo::msgs::Set(matMsg->mutable_emissive(), c.first);
                                                                  ^
In file included from /home/autoware/Autoware/src/citysim/plugins/TrafficLightsGUIPlugin.cc:18:0:
/usr/include/gazebo-9/gazebo/msgs/msgs.hh:328:10: note: declared here
     void Set(msgs::Color *_c, const common::Color &_v) GAZEBO_DEPRECATED(9.0);
          ^~~
/home/autoware/Autoware/src/citysim/plugins/TrafficLightsGUIPlugin.cc:106:65: warning: ‘void gazebo::msgs::Set(gazebo::msgs::Color*, const gazebo::common::Color&)’ is deprecated [-Wdeprecated-declarations]
             gazebo::msgs::Set(matMsg->mutable_ambient(), c.first);
                                                                 ^
In file included from /home/autoware/Autoware/src/citysim/plugins/TrafficLightsGUIPlugin.cc:18:0:
/usr/include/gazebo-9/gazebo/msgs/msgs.hh:328:10: note: declared here
     void Set(msgs::Color *_c, const common::Color &_v) GAZEBO_DEPRECATED(9.0);
          ^~~
/home/autoware/Autoware/src/citysim/plugins/TrafficLightsGUIPlugin.cc:110:64: warning: ‘void gazebo::msgs::Set(gazebo::msgs::Color*, const gazebo::common::Color&)’ is deprecated [-Wdeprecated-declarations]
             gazebo::msgs::Set(matMsg->mutable_emissive(), black);
                                                                ^
In file included from /home/autoware/Autoware/src/citysim/plugins/TrafficLightsGUIPlugin.cc:18:0:
/usr/include/gazebo-9/gazebo/msgs/msgs.hh:328:10: note: declared here
     void Set(msgs::Color *_c, const common::Color &_v) GAZEBO_DEPRECATED(9.0);
          ^~~
/home/autoware/Autoware/src/citysim/plugins/TrafficLightsGUIPlugin.cc:111:63: warning: ‘void gazebo::msgs::Set(gazebo::msgs::Color*, const gazebo::common::Color&)’ is deprecated [-Wdeprecated-declarations]
             gazebo::msgs::Set(matMsg->mutable_ambient(), black);
                                                               ^
In file included from /home/autoware/Autoware/src/citysim/plugins/TrafficLightsGUIPlugin.cc:18:0:
/usr/include/gazebo-9/gazebo/msgs/msgs.hh:328:10: note: declared here
     void Set(msgs::Color *_c, const common::Color &_v) GAZEBO_DEPRECATED(9.0);
          ^~~
