[0.013s] Invoking command in '/home/autoware/Autoware/build/citysim': /usr/bin/cmake /home/autoware/Autoware/src/citysim -DCMAKE_BUILD_TYPE=Release -DCMAKE_INSTALL_PREFIX=/home/autoware/Autoware/install/citysim
[0.097s] -- The C compiler identification is GNU 7.5.0
[0.169s] -- The CXX compiler identification is GNU 7.5.0
[0.175s] -- Check for working C compiler: /usr/bin/cc
[0.264s] -- Check for working C compiler: /usr/bin/cc -- works
[0.264s] -- Detecting C compiler ABI info
[0.344s] -- Detecting C compiler ABI info - done
[0.346s] -- Detecting C compile features
[0.604s] -- Detecting C compile features - done
[0.605s] -- Check for working CXX compiler: /usr/bin/c++
[0.704s] -- Check for working CXX compiler: /usr/bin/c++ -- works
[0.705s] -- Detecting CXX compiler ABI info
[0.812s] -- Detecting CXX compiler ABI info - done
[0.819s] -- Detecting CXX compile features
[1.462s] -- Detecting CXX compile features - done
[1.488s] -- Found PkgConfig: /usr/bin/pkg-config (found version "0.29.1") 
[1.488s] -- Checking for module 'bullet>=2.82'
[1.508s] --   Found bullet, version 2.87
[1.570s] -- Found Simbody: /usr/include/simbody  
[1.619s] -- Looking for pthread.h
[1.712s] -- Looking for pthread.h - found
[1.716s] -- Looking for pthread_create
[1.804s] -- Looking for pthread_create - not found
[1.804s] -- Looking for pthread_create in pthreads
[1.864s] -- Looking for pthread_create in pthreads - not found
[1.864s] -- Looking for pthread_create in pthread
[1.948s] -- Looking for pthread_create in pthread - found
[1.948s] -- Found Threads: TRUE  
[1.982s] -- Boost version: 1.65.1
[1.982s] -- Found the following Boost libraries:
[1.983s] --   thread
[1.983s] --   signals
[1.983s] --   system
[1.983s] --   filesystem
[1.984s] --   program_options
[1.984s] --   regex
[1.984s] --   iostreams
[1.984s] --   date_time
[1.985s] --   chrono
[1.985s] --   atomic
[2.047s] -- Found Protobuf: /usr/lib/x86_64-linux-gnu/libprotobuf.so;-lpthread (found version "3.0.0") 
[2.083s] -- Boost version: 1.65.1
[2.089s] -- Looking for OGRE...
[2.091s] -- OGRE_PREFIX_WATCH changed.
[2.098s] -- Checking for module 'OGRE'
[2.123s] --   Found OGRE, version 1.9.0
[2.179s] -- Found Ogre Ghadamon (1.9.0)
[2.188s] -- Found OGRE: optimized;/usr/lib/x86_64-linux-gnu/libOgreMain.so;debug;/usr/lib/x86_64-linux-gnu/libOgreMain.so
[2.239s] CMake Warning (dev) at /usr/share/cmake-3.10/Modules/FindBoost.cmake:911 (if):
[2.239s]   Policy CMP0054 is not set: Only interpret if() arguments as variables or
[2.239s]   keywords when unquoted.  Run "cmake --help-policy CMP0054" for policy
[2.239s]   details.  Use the cmake_policy command to set the policy and suppress this
[2.239s]   warning.
[2.239s] 
[2.239s]   Quoted variables like "chrono" will no longer be dereferenced when the
[2.239s]   policy is set to NEW.  Since the policy is not set the OLD behavior will be
[2.239s]   used.
[2.239s] Call Stack (most recent call first):
[2.240s]   /usr/share/cmake-3.10/Modules/FindBoost.cmake:1558 (_Boost_MISSING_DEPENDENCIES)
[2.240s]   /usr/share/OGRE/cmake/modules/FindOGRE.cmake:318 (find_package)
[2.240s]   /usr/lib/x86_64-linux-gnu/cmake/gazebo/gazebo-config.cmake:175 (find_package)
[2.240s]   CMakeLists.txt:27 (find_package)
[2.240s] This warning is for project developers.  Use -Wno-dev to suppress it.
[2.240s] 
[2.248s] -- Looking for OGRE_Paging...
[2.251s] -- Found OGRE_Paging: optimized;/usr/lib/x86_64-linux-gnu/libOgrePaging.so;debug;/usr/lib/x86_64-linux-gnu/libOgrePaging.so
[2.252s] -- Looking for OGRE_Terrain...
[2.255s] -- Found OGRE_Terrain: optimized;/usr/lib/x86_64-linux-gnu/libOgreTerrain.so;debug;/usr/lib/x86_64-linux-gnu/libOgreTerrain.so
[2.256s] -- Looking for OGRE_Property...
[2.259s] -- Found OGRE_Property: optimized;/usr/lib/x86_64-linux-gnu/libOgreProperty.so;debug;/usr/lib/x86_64-linux-gnu/libOgreProperty.so
[2.259s] -- Looking for OGRE_RTShaderSystem...
[2.262s] -- Found OGRE_RTShaderSystem: optimized;/usr/lib/x86_64-linux-gnu/libOgreRTShaderSystem.so;debug;/usr/lib/x86_64-linux-gnu/libOgreRTShaderSystem.so
[2.263s] -- Looking for OGRE_Volume...
[2.266s] -- Found OGRE_Volume: optimized;/usr/lib/x86_64-linux-gnu/libOgreVolume.so;debug;/usr/lib/x86_64-linux-gnu/libOgreVolume.so
[2.267s] -- Looking for OGRE_Overlay...
[2.270s] -- Found OGRE_Overlay: optimized;/usr/lib/x86_64-linux-gnu/libOgreOverlay.so;debug;/usr/lib/x86_64-linux-gnu/libOgreOverlay.so
[2.374s] -- Found Protobuf: /usr/lib/x86_64-linux-gnu/libprotobuf.so;-lpthread;-lpthread (found suitable version "3.0.0", minimum required is "2.3.0") 
[2.386s] -- Config-file not installed for ZeroMQ -- checking for pkg-config
[2.391s] -- Checking for module 'libzmq >= 4'
[2.412s] --   Found libzmq , version 4.2.5
[2.471s] -- Found ZeroMQ: TRUE (Required is at least version "4") 
[2.478s] -- Checking for module 'uuid'
[2.501s] --   Found uuid, version 2.31.1
[2.558s] -- Found UUID: TRUE  
[2.575s] -- Checking for module 'tinyxml2'
[2.601s] --   Found tinyxml2, version 6.0.0
[2.657s] -- Looking for dlfcn.h - found
[2.658s] -- Looking for libdl - found
[2.659s] -- Found DL: TRUE  
[2.661s] -- FreeImage.pc not found, we will search for FreeImage_INCLUDE_DIRS and FreeImage_LIBRARIES
[2.774s] -- Checking for module 'gts'
[2.797s] --   Found gts, version 0.7.6
[2.861s] -- Found GTS: TRUE  
[2.866s] -- Checking for module 'libswscale'
[2.891s] --   Found libswscale, version 4.8.100
[2.960s] -- Found SWSCALE: TRUE  
[2.966s] -- Checking for module 'libavdevice >= 56.4.100'
[2.992s] --   Found libavdevice , version 57.10.100
[3.082s] -- Found AVDEVICE: TRUE (Required is at least version "56.4.100") 
[3.090s] -- Checking for module 'libavformat'
[3.113s] --   Found libavformat, version 57.83.100
[3.171s] -- Found AVFORMAT: TRUE  
[3.178s] -- Checking for module 'libavcodec'
[3.198s] --   Found libavcodec, version 57.107.100
[3.254s] -- Found AVCODEC: TRUE  
[3.260s] -- Checking for module 'libavutil'
[3.280s] --   Found libavutil, version 55.78.100
[3.335s] -- Found AVUTIL: TRUE  
[3.343s] -- Found CURL: /usr/lib/x86_64-linux-gnu/libcurl.so (found version "7.58.0") 
[3.354s] -- Checking for module 'jsoncpp'
[3.374s] --   Found jsoncpp, version 1.7.4
[3.426s] -- Found JSONCPP: TRUE  
[3.432s] -- Checking for module 'yaml-0.1'
[3.452s] --   Found yaml-0.1, version 0.1.7
[3.505s] -- Found YAML: TRUE  
[3.511s] -- Checking for module 'libzip'
[3.531s] --   Found libzip, version 1.1.2
[3.587s] -- Found ZIP: TRUE  
[3.618s] -- Configuring done
[3.723s] -- Generating done
[3.727s] -- Build files have been written to: /home/autoware/Autoware/build/citysim
[3.741s] Invoked command in '/home/autoware/Autoware/build/citysim' returned '0': /usr/bin/cmake /home/autoware/Autoware/src/citysim -DCMAKE_BUILD_TYPE=Release -DCMAKE_INSTALL_PREFIX=/home/autoware/Autoware/install/citysim
[3.742s] Invoking command in '/home/autoware/Autoware/build/citysim': /usr/bin/cmake --build /home/autoware/Autoware/build/citysim -- -j2 -l2
[3.800s] Scanning dependencies of target BloomVisualPlugin_autogen
[3.814s] [  8%] Automatic MOC for target BloomVisualPlugin
[3.845s] [  8%] Built target BloomVisualPlugin_autogen
[3.856s] Scanning dependencies of target LensFlareVisualPlugin_autogen
[3.866s] [ 16%] Automatic MOC for target LensFlareVisualPlugin
[3.894s] [ 16%] Built target LensFlareVisualPlugin_autogen
[3.905s] Scanning dependencies of target TrafficLightsGUIPlugin_autogen
[3.916s] [ 25%] Automatic MOC for target TrafficLightsGUIPlugin
[4.401s] [ 25%] Built target TrafficLightsGUIPlugin_autogen
[4.642s] Scanning dependencies of target BloomVisualPlugin
[4.664s] [ 33%] Building CXX object plugins/CMakeFiles/BloomVisualPlugin.dir/BloomVisualPlugin.cc.o
[15.646s] [ 41%] Building CXX object plugins/CMakeFiles/BloomVisualPlugin.dir/BloomVisualPlugin_autogen/mocs_compilation.cpp.o
[15.673s] [ 50%] Linking CXX shared library libBloomVisualPlugin.so
[16.187s] [ 50%] Built target BloomVisualPlugin
[16.275s] Scanning dependencies of target LensFlareVisualPlugin
[16.298s] [ 58%] Building CXX object plugins/CMakeFiles/LensFlareVisualPlugin.dir/LensFlareVisualPlugin.cc.o
[27.162s] [ 66%] Building CXX object plugins/CMakeFiles/LensFlareVisualPlugin.dir/LensFlareVisualPlugin_autogen/mocs_compilation.cpp.o
[27.191s] [ 75%] Linking CXX shared library libLensFlareVisualPlugin.so
[27.443s] [ 75%] Built target LensFlareVisualPlugin
[27.666s] Scanning dependencies of target TrafficLightsGUIPlugin
[27.710s] [ 83%] Building CXX object plugins/CMakeFiles/TrafficLightsGUIPlugin.dir/TrafficLightsGUIPlugin.cc.o
[37.367s] /home/autoware/Autoware/src/citysim/plugins/TrafficLightsGUIPlugin.cc: In member function ‘void gazebo::TrafficLightsGUIPlugin::OnKeyPress(ConstAnyPtr&)’:
[37.367s] /home/autoware/Autoware/src/citysim/plugins/TrafficLightsGUIPlugin.cc:83:39: warning: ‘gazebo::common::Color::Color(const gazebo::common::Color&)’ is deprecated [-Wdeprecated-declarations]
[37.367s]    auto black = gazebo::common::Color::Black;
[37.367s]                                        ^~~~~
[37.367s] In file included from /usr/include/gazebo-9/gazebo/msgs/msgs.hh:38:0,
[37.367s]                  from /home/autoware/Autoware/src/citysim/plugins/TrafficLightsGUIPlugin.cc:18:
[37.367s] /usr/include/gazebo-9/gazebo/common/Color.hh:95:15: note: declared here
[37.367s]        public: Color(const Color &_clr) GAZEBO_DEPRECATED(9.0);
[37.367s]                ^~~~~
[37.368s] /home/autoware/Autoware/src/citysim/plugins/TrafficLightsGUIPlugin.cc:83:39: warning: ‘virtual gazebo::common::Color::~Color()’ is deprecated [-Wdeprecated-declarations]
[37.368s]    auto black = gazebo::common::Color::Black;
[37.368s]                                        ^~~~~
[37.368s] In file included from /usr/include/gazebo-9/gazebo/msgs/msgs.hh:38:0,
[37.368s]                  from /home/autoware/Autoware/src/citysim/plugins/TrafficLightsGUIPlugin.cc:18:
[37.368s] /usr/include/gazebo-9/gazebo/common/Color.hh:98:23: note: declared here
[37.368s]        public: virtual ~Color() GAZEBO_DEPRECATED(9.0);
[37.368s]                        ^
[37.368s] /home/autoware/Autoware/src/citysim/plugins/TrafficLightsGUIPlugin.cc:83:39: warning: ‘virtual gazebo::common::Color::~Color()’ is deprecated [-Wdeprecated-declarations]
[37.368s]    auto black = gazebo::common::Color::Black;
[37.368s]                                        ^~~~~
[37.368s] In file included from /usr/include/gazebo-9/gazebo/msgs/msgs.hh:38:0,
[37.368s]                  from /home/autoware/Autoware/src/citysim/plugins/TrafficLightsGUIPlugin.cc:18:
[37.369s] /usr/include/gazebo-9/gazebo/common/Color.hh:98:23: note: declared here
[37.369s]        public: virtual ~Color() GAZEBO_DEPRECATED(9.0);
[37.369s]                        ^
[37.372s] /home/autoware/Autoware/src/citysim/plugins/TrafficLightsGUIPlugin.cc:105:66: warning: ‘void gazebo::msgs::Set(gazebo::msgs::Color*, const gazebo::common::Color&)’ is deprecated [-Wdeprecated-declarations]
[37.372s]              gazebo::msgs::Set(matMsg->mutable_emissive(), c.first);
[37.372s]                                                                   ^
[37.372s] In file included from /home/autoware/Autoware/src/citysim/plugins/TrafficLightsGUIPlugin.cc:18:0:
[37.372s] /usr/include/gazebo-9/gazebo/msgs/msgs.hh:328:10: note: declared here
[37.372s]      void Set(msgs::Color *_c, const common::Color &_v) GAZEBO_DEPRECATED(9.0);
[37.372s]           ^~~
[37.372s] /home/autoware/Autoware/src/citysim/plugins/TrafficLightsGUIPlugin.cc:106:65: warning: ‘void gazebo::msgs::Set(gazebo::msgs::Color*, const gazebo::common::Color&)’ is deprecated [-Wdeprecated-declarations]
[37.373s]              gazebo::msgs::Set(matMsg->mutable_ambient(), c.first);
[37.373s]                                                                  ^
[37.373s] In file included from /home/autoware/Autoware/src/citysim/plugins/TrafficLightsGUIPlugin.cc:18:0:
[37.373s] /usr/include/gazebo-9/gazebo/msgs/msgs.hh:328:10: note: declared here
[37.373s]      void Set(msgs::Color *_c, const common::Color &_v) GAZEBO_DEPRECATED(9.0);
[37.373s]           ^~~
[37.373s] /home/autoware/Autoware/src/citysim/plugins/TrafficLightsGUIPlugin.cc:110:64: warning: ‘void gazebo::msgs::Set(gazebo::msgs::Color*, const gazebo::common::Color&)’ is deprecated [-Wdeprecated-declarations]
[37.373s]              gazebo::msgs::Set(matMsg->mutable_emissive(), black);
[37.373s]                                                                 ^
[37.373s] In file included from /home/autoware/Autoware/src/citysim/plugins/TrafficLightsGUIPlugin.cc:18:0:
[37.373s] /usr/include/gazebo-9/gazebo/msgs/msgs.hh:328:10: note: declared here
[37.373s]      void Set(msgs::Color *_c, const common::Color &_v) GAZEBO_DEPRECATED(9.0);
[37.373s]           ^~~
[37.373s] /home/autoware/Autoware/src/citysim/plugins/TrafficLightsGUIPlugin.cc:111:63: warning: ‘void gazebo::msgs::Set(gazebo::msgs::Color*, const gazebo::common::Color&)’ is deprecated [-Wdeprecated-declarations]
[37.374s]              gazebo::msgs::Set(matMsg->mutable_ambient(), black);
[37.374s]                                                                ^
[37.374s] In file included from /home/autoware/Autoware/src/citysim/plugins/TrafficLightsGUIPlugin.cc:18:0:
[37.374s] /usr/include/gazebo-9/gazebo/msgs/msgs.hh:328:10: note: declared here
[37.374s]      void Set(msgs::Color *_c, const common::Color &_v) GAZEBO_DEPRECATED(9.0);
[37.374s]           ^~~
[41.246s] [ 91%] Building CXX object plugins/CMakeFiles/TrafficLightsGUIPlugin.dir/TrafficLightsGUIPlugin_autogen/mocs_compilation.cpp.o
[49.391s] [100%] Linking CXX shared library libTrafficLightsGUIPlugin.so
[50.077s] [100%] Built target TrafficLightsGUIPlugin
[50.089s] Invoked command in '/home/autoware/Autoware/build/citysim' returned '0': /usr/bin/cmake --build /home/autoware/Autoware/build/citysim -- -j2 -l2
[50.131s] Invoking command in '/home/autoware/Autoware/build/citysim': /usr/bin/cmake --build /home/autoware/Autoware/build/citysim --target install -- -j2 -l2
[50.203s] [  8%] Automatic MOC for target BloomVisualPlugin
[50.224s] [  8%] Built target BloomVisualPlugin_autogen
[50.246s] [ 16%] Automatic MOC for target LensFlareVisualPlugin
[50.266s] [ 16%] Built target LensFlareVisualPlugin_autogen
[50.287s] [ 25%] Automatic MOC for target TrafficLightsGUIPlugin
[50.306s] [ 25%] Built target TrafficLightsGUIPlugin_autogen
[50.341s] [ 50%] Built target BloomVisualPlugin
[50.378s] [ 75%] Built target LensFlareVisualPlugin
[50.454s] [100%] Built target TrafficLightsGUIPlugin
[50.475s] Install the project...
[50.485s] -- Install configuration: "Release"
[50.485s] -- Installing: /home/autoware/Autoware/install/citysim/share/citysim-0/setup.sh
[50.486s] -- Installing: /home/autoware/Autoware/install/citysim/share/citysim/setup.sh
[50.487s] -- Installing: /home/autoware/Autoware/install/citysim/lib/citysim-0/plugins/libLensFlareVisualPlugin.so
[50.488s] -- Set runtime path of "/home/autoware/Autoware/install/citysim/lib/citysim-0/plugins/libLensFlareVisualPlugin.so" to ""
[50.488s] -- Installing: /home/autoware/Autoware/install/citysim/lib/citysim-0/plugins/libBloomVisualPlugin.so
[50.489s] -- Set runtime path of "/home/autoware/Autoware/install/citysim/lib/citysim-0/plugins/libBloomVisualPlugin.so" to ""
[50.489s] -- Installing: /home/autoware/Autoware/install/citysim/lib/citysim-0/plugins/libTrafficLightsGUIPlugin.so
[50.490s] -- Set runtime path of "/home/autoware/Autoware/install/citysim/lib/citysim-0/plugins/libTrafficLightsGUIPlugin.so" to ""
[50.491s] -- Installing: /home/autoware/Autoware/install/citysim/share/citysim-0/models/actor
[50.491s] -- Installing: /home/autoware/Autoware/install/citysim/share/citysim-0/models/actor/model.config
[50.491s] -- Installing: /home/autoware/Autoware/install/citysim/share/citysim-0/models/actor/meshes
[50.492s] -- Installing: /home/autoware/Autoware/install/citysim/share/citysim-0/models/actor/meshes/ANIMATION_talking_a.dae
[50.601s] -- Installing: /home/autoware/Autoware/install/citysim/share/citysim-0/models/actor/meshes/ANIMATION_running.dae
[50.641s] -- Installing: /home/autoware/Autoware/install/citysim/share/citysim-0/models/actor/meshes/SKIN_man_red_shirt.dae
[50.648s] -- Installing: /home/autoware/Autoware/install/citysim/share/citysim-0/models/actor/meshes/SKIN_man_green_shirt.dae
[50.687s] -- Installing: /home/autoware/Autoware/install/citysim/share/citysim-0/models/actor/meshes/ANIMATION_talking_b.dae
[50.801s] -- Installing: /home/autoware/Autoware/install/citysim/share/citysim-0/models/actor/meshes/SKIN_man_blue_shirt.dae
[50.843s] -- Installing: /home/autoware/Autoware/install/citysim/share/citysim-0/models/actor/meshes/ANIMATION_walking.dae
[50.850s] -- Installing: /home/autoware/Autoware/install/citysim/share/citysim-0/models/actor/model.sdf
[50.851s] -- Installing: /home/autoware/Autoware/install/citysim/share/citysim-0/models/city_terrain
[50.851s] -- Installing: /home/autoware/Autoware/install/citysim/share/citysim-0/models/city_terrain/model.config
[50.852s] -- Installing: /home/autoware/Autoware/install/citysim/share/citysim-0/models/city_terrain/materials
[50.852s] -- Installing: /home/autoware/Autoware/install/citysim/share/citysim-0/models/city_terrain/materials/textures
[50.852s] -- Installing: /home/autoware/Autoware/install/citysim/share/citysim-0/models/city_terrain/materials/textures/city_terrain (original).jpg
[50.854s] -- Installing: /home/autoware/Autoware/install/citysim/share/citysim-0/models/city_terrain/materials/textures/city_terrain.jpg
[50.854s] -- Installing: /home/autoware/Autoware/install/citysim/share/citysim-0/models/city_terrain/materials/textures/forest.jpg
[50.896s] -- Installing: /home/autoware/Autoware/install/citysim/share/citysim-0/models/city_terrain/model.sdf
[50.896s] -- Installing: /home/autoware/Autoware/install/citysim/share/citysim-0/models/ocean
[50.897s] -- Installing: /home/autoware/Autoware/install/citysim/share/citysim-0/models/ocean/mesh.dae
[50.898s] -- Installing: /home/autoware/Autoware/install/citysim/share/citysim-0/models/ocean/model.config
[50.898s] -- Installing: /home/autoware/Autoware/install/citysim/share/citysim-0/models/ocean/materials
[50.899s] -- Installing: /home/autoware/Autoware/install/citysim/share/citysim-0/models/ocean/materials/scripts
[50.899s] -- Installing: /home/autoware/Autoware/install/citysim/share/citysim-0/models/ocean/materials/scripts/ocean.material
[50.899s] -- Installing: /home/autoware/Autoware/install/citysim/share/citysim-0/models/ocean/materials/programs
[50.900s] -- Installing: /home/autoware/Autoware/install/citysim/share/citysim-0/models/ocean/materials/programs/GLSL
[50.900s] -- Installing: /home/autoware/Autoware/install/citysim/share/citysim-0/models/ocean/materials/programs/GLSL/Waves.vert
[50.900s] -- Installing: /home/autoware/Autoware/install/citysim/share/citysim-0/models/ocean/materials/programs/GLSL/Waves.frag
[50.900s] -- Installing: /home/autoware/Autoware/install/citysim/share/citysim-0/models/ocean/materials/textures
[50.901s] -- Installing: /home/autoware/Autoware/install/citysim/share/citysim-0/models/ocean/materials/textures/clouds_dn.jpg
[50.901s] -- Installing: /home/autoware/Autoware/install/citysim/share/citysim-0/models/ocean/materials/textures/clouds_up.jpg
[50.902s] -- Installing: /home/autoware/Autoware/install/citysim/share/citysim-0/models/ocean/materials/textures/License and source soil_sand_0045_01.txt
[50.902s] -- Installing: /home/autoware/Autoware/install/citysim/share/citysim-0/models/ocean/materials/textures/clouds_bk.jpg
[50.902s] -- Installing: /home/autoware/Autoware/install/citysim/share/citysim-0/models/ocean/materials/textures/clouds_lf.jpg
[50.903s] -- Installing: /home/autoware/Autoware/install/citysim/share/citysim-0/models/ocean/materials/textures/clouds_rt.jpg
[50.903s] -- Installing: /home/autoware/Autoware/install/citysim/share/citysim-0/models/ocean/materials/textures/normals.dds
[50.904s] -- Installing: /home/autoware/Autoware/install/citysim/share/citysim-0/models/ocean/materials/textures/clouds.jpg
[50.904s] -- Installing: /home/autoware/Autoware/install/citysim/share/citysim-0/models/ocean/materials/textures/soil_sand_0045_01.jpg
[50.910s] -- Installing: /home/autoware/Autoware/install/citysim/share/citysim-0/models/ocean/materials/textures/clouds_fr.jpg
[50.910s] -- Installing: /home/autoware/Autoware/install/citysim/share/citysim-0/models/ocean/mesh_below.dae
[50.910s] -- Installing: /home/autoware/Autoware/install/citysim/share/citysim-0/models/ocean/mesh.blend
[50.912s] -- Installing: /home/autoware/Autoware/install/citysim/share/citysim-0/models/ocean/model.sdf
[50.912s] -- Installing: /home/autoware/Autoware/install/citysim/share/citysim-0/models/ocean/mesh-simple.dae
[50.913s] -- Installing: /home/autoware/Autoware/install/citysim/share/citysim-0/worlds/citysim_gazebo7.world
[50.913s] -- Installing: /home/autoware/Autoware/install/citysim/share/citysim-0/worlds/citysim_gazebo9.world
[50.914s] -- Installing: /home/autoware/Autoware/install/citysim/share/citysim-0/worlds/rendering.world
[50.915s] -- Installing: /home/autoware/Autoware/install/citysim/share/citysim-0/worlds/simple_city.world
[50.917s] -- Installing: /home/autoware/Autoware/install/citysim/share/citysim-0/media/materials/scripts/Bloom2.material
[50.918s] -- Installing: /home/autoware/Autoware/install/citysim/share/citysim-0/media/materials/scripts/citysim.material
[50.919s] -- Installing: /home/autoware/Autoware/install/citysim/share/citysim-0/media/materials/scripts/Bloom2.compositor
[50.919s] -- Installing: /home/autoware/Autoware/install/citysim/share/citysim-0/media/materials/scripts/StdQuad_vp.program
[50.921s] -- Installing: /home/autoware/Autoware/install/citysim/share/citysim-0/media/materials/programs/Bloom2_ps20.glsl
[50.922s] -- Installing: /home/autoware/Autoware/install/citysim/share/citysim-0/media/materials/programs/BlurH_ps20.glsl
[50.923s] -- Installing: /home/autoware/Autoware/install/citysim/share/citysim-0/media/materials/programs/BlurV_ps20.glsl
[50.924s] -- Installing: /home/autoware/Autoware/install/citysim/share/citysim-0/media/materials/programs/Blur_vs.glsl
[50.925s] -- Installing: /home/autoware/Autoware/install/citysim/share/citysim-0/media/materials/programs/BrightBloom2_ps20.glsl
[50.926s] -- Installing: /home/autoware/Autoware/install/citysim/share/citysim-0/media/materials/programs/StdQuad_Tex2a_vp.glsl
[50.926s] -- Installing: /home/autoware/Autoware/install/citysim/share/citysim-0/media/materials/programs/StdQuad_vp.glsl
[50.936s] Invoked command in '/home/autoware/Autoware/build/citysim' returned '0': /usr/bin/cmake --build /home/autoware/Autoware/build/citysim --target install -- -j2 -l2
