[0.012s] Invoking command in '/home/autoware/Autoware/build/gnss': /usr/bin/cmake /home/autoware/Autoware/src/autoware/common/gnss -DCMAKE_BUILD_TYPE=Release -DCATKIN_INSTALL_INTO_PREFIX_ROOT=0 -DCMAKE_INSTALL_PREFIX=/home/autoware/Autoware/install/gnss
[0.092s] -- The C compiler identification is GNU 7.5.0
[0.169s] -- The CXX compiler identification is GNU 7.5.0
[0.175s] -- Check for working C compiler: /usr/bin/cc
[0.262s] -- Check for working C compiler: /usr/bin/cc -- works
[0.266s] -- Detecting C compiler ABI info
[0.354s] -- Detecting C compiler ABI info - done
[0.365s] -- Detecting C compile features
[0.638s] -- Detecting C compile features - done
[0.639s] -- Check for working CXX compiler: /usr/bin/c++
[0.738s] -- Check for working CXX compiler: /usr/bin/c++ -- works
[0.739s] -- Detecting CXX compiler ABI info
[0.842s] -- Detecting CXX compiler ABI info - done
[0.851s] -- Detecting CXX compile features
[1.308s] -- Detecting CXX compile features - done
[1.311s] -- Using CATKIN_DEVEL_PREFIX: /home/autoware/Autoware/build/gnss/devel
[1.312s] -- Using CMAKE_PREFIX_PATH: /opt/ros/melodic
[1.312s] -- This workspace overlays: /opt/ros/melodic
[1.330s] -- Found PythonInterp: /usr/bin/python2 (found suitable version "2.7.17", minimum required is "2") 
[1.330s] -- Using PYTHON_EXECUTABLE: /usr/bin/python2
[1.330s] -- Using Debian Python package layout
[1.331s] -- Using empy: /usr/bin/empy
[1.503s] -- Using CATKIN_ENABLE_TESTING: ON
[1.503s] -- Call enable_testing()
[1.506s] -- Using CATKIN_TEST_RESULTS_DIR: /home/autoware/Autoware/build/gnss/test_results
[1.532s] -- Found gtest sources under '/usr/src/googletest': gtests will be built
[1.532s] -- Found gmock sources under '/usr/src/googletest': gmock will be built
[1.550s] -- Found PythonInterp: /usr/bin/python2 (found version "2.7.17") 
[1.550s] -- Looking for pthread.h
[1.642s] -- Looking for pthread.h - found
[1.642s] -- Looking for pthread_create
[1.734s] -- Looking for pthread_create - not found
[1.734s] -- Looking for pthread_create in pthreads
[1.806s] -- Looking for pthread_create in pthreads - not found
[1.806s] -- Looking for pthread_create in pthread
[1.894s] -- Looking for pthread_create in pthread - found
[1.894s] -- Found Threads: TRUE  
[1.895s] -- Using Python nosetests: /usr/bin/nosetests-2.7
[1.945s] -- catkin 0.7.26
[1.945s] -- BUILD_SHARED_LIBS is on
[2.316s] -- Configuring done
[2.349s] -- Generating done
[2.356s] -- Build files have been written to: /home/autoware/Autoware/build/gnss
[2.364s] Invoked command in '/home/autoware/Autoware/build/gnss' returned '0': /usr/bin/cmake /home/autoware/Autoware/src/autoware/common/gnss -DCMAKE_BUILD_TYPE=Release -DCATKIN_INSTALL_INTO_PREFIX_ROOT=0 -DCMAKE_INSTALL_PREFIX=/home/autoware/Autoware/install/gnss
[2.365s] Invoking command in '/home/autoware/Autoware/build/gnss': /usr/bin/cmake --build /home/autoware/Autoware/build/gnss -- -j2 -l2
[2.420s] Scanning dependencies of target gnss
[2.441s] [ 50%] Building CXX object CMakeFiles/gnss.dir/src/geo_pos_conv.cpp.o
[2.568s] [100%] Linking CXX shared library devel/lib/libgnss.so
[2.627s] [100%] Built target gnss
[2.643s] Invoked command in '/home/autoware/Autoware/build/gnss' returned '0': /usr/bin/cmake --build /home/autoware/Autoware/build/gnss -- -j2 -l2
[2.716s] Invoking command in '/home/autoware/Autoware/build/gnss': /usr/bin/cmake --build /home/autoware/Autoware/build/gnss --target tests -- -j2 -l2
[2.795s] Scanning dependencies of target gtest
[2.811s] [ 20%] Building CXX object gtest/googlemock/gtest/CMakeFiles/gtest.dir/src/gtest-all.cc.o
[8.400s] [ 40%] Linking CXX shared library libgtest.so
[8.496s] [ 40%] Built target gtest
[8.510s] Scanning dependencies of target rosgraph_msgs_generate_messages_nodejs
[8.524s] [ 40%] Built target rosgraph_msgs_generate_messages_nodejs
[8.537s] Scanning dependencies of target rosgraph_msgs_generate_messages_py
[8.551s] [ 40%] Built target rosgraph_msgs_generate_messages_py
[8.565s] Scanning dependencies of target std_msgs_generate_messages_eus
[8.579s] [ 40%] Built target std_msgs_generate_messages_eus
[8.594s] Scanning dependencies of target rosgraph_msgs_generate_messages_lisp
[8.607s] [ 40%] Built target rosgraph_msgs_generate_messages_lisp
[8.621s] Scanning dependencies of target rosgraph_msgs_generate_messages_eus
[8.633s] [ 40%] Built target rosgraph_msgs_generate_messages_eus
[8.646s] Scanning dependencies of target rosgraph_msgs_generate_messages_cpp
[8.658s] [ 40%] Built target rosgraph_msgs_generate_messages_cpp
[8.671s] Scanning dependencies of target roscpp_generate_messages_py
[8.683s] [ 40%] Built target roscpp_generate_messages_py
[8.695s] Scanning dependencies of target std_msgs_generate_messages_py
[8.707s] [ 40%] Built target std_msgs_generate_messages_py
[8.721s] Scanning dependencies of target roscpp_generate_messages_nodejs
[8.733s] [ 40%] Built target roscpp_generate_messages_nodejs
[8.751s] Scanning dependencies of target roscpp_generate_messages_eus
[8.763s] [ 40%] Built target roscpp_generate_messages_eus
[8.776s] Scanning dependencies of target roscpp_generate_messages_lisp
[8.788s] [ 40%] Built target roscpp_generate_messages_lisp
[8.802s] Scanning dependencies of target roscpp_generate_messages_cpp
[8.814s] [ 40%] Built target roscpp_generate_messages_cpp
[8.828s] Scanning dependencies of target std_msgs_generate_messages_cpp
[8.849s] [ 40%] Built target std_msgs_generate_messages_cpp
[8.862s] Scanning dependencies of target std_msgs_generate_messages_lisp
[8.877s] [ 40%] Built target std_msgs_generate_messages_lisp
[8.890s] Scanning dependencies of target std_msgs_generate_messages_nodejs
[8.905s] [ 40%] Built target std_msgs_generate_messages_nodejs
[8.938s] Scanning dependencies of target test_gnss
[8.958s] [ 60%] Building CXX object CMakeFiles/test_gnss.dir/test/test_gnss.cpp.o
[10.898s] [ 80%] Building CXX object CMakeFiles/test_gnss.dir/src/geo_pos_conv.cpp.o
[11.024s] [100%] Linking CXX executable devel/lib/gnss/test_gnss
[11.169s] [100%] Built target test_gnss
[11.184s] Scanning dependencies of target tests
[11.197s] [100%] Built target tests
[11.212s] Invoked command in '/home/autoware/Autoware/build/gnss' returned '0': /usr/bin/cmake --build /home/autoware/Autoware/build/gnss --target tests -- -j2 -l2
[11.288s] Invoking command in '/home/autoware/Autoware/build/gnss': /usr/bin/cmake --build /home/autoware/Autoware/build/gnss --target install -- -j2 -l2
[11.361s] [100%] Built target gnss
[11.386s] Install the project...
[11.397s] -- Install configuration: "Release"
[11.398s] -- Installing: /home/autoware/Autoware/install/gnss/lib/pkgconfig/gnss.pc
[11.398s] -- Installing: /home/autoware/Autoware/install/gnss/share/gnss/cmake/gnssConfig.cmake
[11.399s] -- Installing: /home/autoware/Autoware/install/gnss/share/gnss/cmake/gnssConfig-version.cmake
[11.399s] -- Installing: /home/autoware/Autoware/install/gnss/share/gnss/package.xml
[11.399s] -- Installing: /home/autoware/Autoware/install/gnss/include/gnss
[11.400s] -- Installing: /home/autoware/Autoware/install/gnss/include/gnss/geo_pos_conv.hpp
[11.400s] -- Installing: /home/autoware/Autoware/install/gnss/lib/libgnss.so
[11.401s] -- Set runtime path of "/home/autoware/Autoware/install/gnss/lib/libgnss.so" to ""
[11.406s] Invoked command in '/home/autoware/Autoware/build/gnss' returned '0': /usr/bin/cmake --build /home/autoware/Autoware/build/gnss --target install -- -j2 -l2
