-- The C compiler identification is GNU 7.5.0
-- The CXX compiler identification is GNU 7.5.0
-- Check for working C compiler: /usr/bin/cc
-- Check for working C compiler: /usr/bin/cc -- works
-- Detecting C compiler ABI info
-- Detecting C compiler ABI info - done
-- Detecting C compile features
-- Detecting C compile features - done
-- Check for working CXX compiler: /usr/bin/c++
-- Check for working CXX compiler: /usr/bin/c++ -- works
-- Detecting CXX compiler ABI info
-- Detecting CXX compiler ABI info - done
-- Detecting CXX compile features
-- Detecting CXX compile features - done
-- Using CATKIN_DEVEL_PREFIX: /home/autoware/Autoware/build/autoware_msgs/devel
-- Using CMAKE_PREFIX_PATH: /opt/ros/melodic
-- This workspace overlays: /opt/ros/melodic
-- Found PythonInterp: /usr/bin/python2 (found suitable version "2.7.17", minimum required is "2") 
-- Using PYTHON_EXECUTABLE: /usr/bin/python2
-- Using Debian Python package layout
-- Using empy: /usr/bin/empy
-- Using CATKIN_ENABLE_TESTING: ON
-- Call enable_testing()
-- Using CATKIN_TEST_RESULTS_DIR: /home/autoware/Autoware/build/autoware_msgs/test_results
-- Found gtest sources under '/usr/src/googletest': gtests will be built
-- Found gmock sources under '/usr/src/googletest': gmock will be built
-- Found PythonInterp: /usr/bin/python2 (found version "2.7.17") 
-- Looking for pthread.h
-- Looking for pthread.h - found
-- Looking for pthread_create
-- Looking for pthread_create - not found
-- Looking for pthread_create in pthreads
-- Looking for pthread_create in pthreads - not found
-- Looking for pthread_create in pthread
-- Looking for pthread_create in pthread - found
-- Found Threads: TRUE  
-- Using Python nosetests: /usr/bin/nosetests-2.7
-- catkin 0.7.26
-- BUILD_SHARED_LIBS is on
-- Using these message generators: gencpp;geneus;genlisp;gennodejs;genpy
-- autoware_msgs: 52 messages, 1 services
-- Configuring done
-- Generating done
-- Build files have been written to: /home/autoware/Autoware/build/autoware_msgs
Scanning dependencies of target _autoware_msgs_generate_messages_check_deps_DTLane
Scanning dependencies of target _autoware_msgs_generate_messages_check_deps_RemoteCmd
[  0%] Built target _autoware_msgs_generate_messages_check_deps_DTLane
Scanning dependencies of target _autoware_msgs_generate_messages_check_deps_ImageObjTracked
[  0%] Built target _autoware_msgs_generate_messages_check_deps_RemoteCmd
Scanning dependencies of target _autoware_msgs_generate_messages_check_deps_ImageLaneObjects
[  0%] Built target _autoware_msgs_generate_messages_check_deps_ImageObjTracked
[  0%] Built target _autoware_msgs_generate_messages_check_deps_ImageLaneObjects
Scanning dependencies of target _autoware_msgs_generate_messages_check_deps_TrafficLightResult
Scanning dependencies of target _autoware_msgs_generate_messages_check_deps_PointsImage
[  0%] Built target _autoware_msgs_generate_messages_check_deps_PointsImage
[  0%] Built target _autoware_msgs_generate_messages_check_deps_TrafficLightResult
Scanning dependencies of target geometry_msgs_generate_messages_py
[  0%] Built target geometry_msgs_generate_messages_py
Scanning dependencies of target _autoware_msgs_generate_messages_check_deps_VehicleLocation
Scanning dependencies of target jsk_recognition_msgs_generate_messages_py
[  0%] Built target jsk_recognition_msgs_generate_messages_py
Scanning dependencies of target _autoware_msgs_generate_messages_check_deps_DetectedObject
[  0%] Built target _autoware_msgs_generate_messages_check_deps_VehicleLocation
Scanning dependencies of target _autoware_msgs_generate_messages_check_deps_ColorSet
[  0%] Built target _autoware_msgs_generate_messages_check_deps_DetectedObject
Scanning dependencies of target _autoware_msgs_generate_messages_check_deps_ExtractedPosition
[  0%] Built target _autoware_msgs_generate_messages_check_deps_ColorSet
[  0%] Built target _autoware_msgs_generate_messages_check_deps_ExtractedPosition
Scanning dependencies of target _autoware_msgs_generate_messages_check_deps_CloudClusterArray
Scanning dependencies of target _autoware_msgs_generate_messages_check_deps_ValueSet
[  0%] Built target _autoware_msgs_generate_messages_check_deps_CloudClusterArray
[  0%] Built target _autoware_msgs_generate_messages_check_deps_ValueSet
Scanning dependencies of target _autoware_msgs_generate_messages_check_deps_VehicleCmd
Scanning dependencies of target _autoware_msgs_generate_messages_check_deps_ImageRectRanged
[  0%] Built target _autoware_msgs_generate_messages_check_deps_VehicleCmd
Scanning dependencies of target _autoware_msgs_generate_messages_check_deps_Lane
[  0%] Built target _autoware_msgs_generate_messages_check_deps_ImageRectRanged
Scanning dependencies of target _autoware_msgs_generate_messages_check_deps_NDTStat
[  0%] Built target _autoware_msgs_generate_messages_check_deps_Lane
Scanning dependencies of target _autoware_msgs_generate_messages_check_deps_IndicatorCmd
[  0%] Built target _autoware_msgs_generate_messages_check_deps_NDTStat
Scanning dependencies of target std_msgs_generate_messages_py
[  0%] Built target _autoware_msgs_generate_messages_check_deps_IndicatorCmd
[  0%] Built target std_msgs_generate_messages_py
Scanning dependencies of target sensor_msgs_generate_messages_py
Scanning dependencies of target _autoware_msgs_generate_messages_check_deps_AdjustXY
[  0%] Built target sensor_msgs_generate_messages_py
Scanning dependencies of target _autoware_msgs_generate_messages_check_deps_ObjPose
[  0%] Built target _autoware_msgs_generate_messages_check_deps_ObjPose
Scanning dependencies of target _autoware_msgs_generate_messages_check_deps_ProjectionMatrix
[  0%] Built target _autoware_msgs_generate_messages_check_deps_AdjustXY
Scanning dependencies of target _autoware_msgs_generate_messages_check_deps_SyncTimeMonitor
[  0%] Built target _autoware_msgs_generate_messages_check_deps_ProjectionMatrix
[  0%] Built target _autoware_msgs_generate_messages_check_deps_SyncTimeMonitor
Scanning dependencies of target _autoware_msgs_generate_messages_check_deps_ImageRect
Scanning dependencies of target _autoware_msgs_generate_messages_check_deps_StateCmd
[  0%] Built target _autoware_msgs_generate_messages_check_deps_ImageRect
[  0%] Built target _autoware_msgs_generate_messages_check_deps_StateCmd
Scanning dependencies of target _autoware_msgs_generate_messages_check_deps_VscanTrackedArray
Scanning dependencies of target _autoware_msgs_generate_messages_check_deps_TrafficLightResultArray
[  0%] Built target _autoware_msgs_generate_messages_check_deps_TrafficLightResultArray
[  0%] Built target _autoware_msgs_generate_messages_check_deps_VscanTrackedArray
Scanning dependencies of target _autoware_msgs_generate_messages_check_deps_ImageObj
Scanning dependencies of target _autoware_msgs_generate_messages_check_deps_State
[  0%] Built target _autoware_msgs_generate_messages_check_deps_State
[  0%] Built target _autoware_msgs_generate_messages_check_deps_ImageObj
Scanning dependencies of target _autoware_msgs_generate_messages_check_deps_TrafficLight
Scanning dependencies of target _autoware_msgs_generate_messages_check_deps_Gear
[  0%] Built target _autoware_msgs_generate_messages_check_deps_TrafficLight
[  0%] Built target _autoware_msgs_generate_messages_check_deps_Gear
Scanning dependencies of target _autoware_msgs_generate_messages_check_deps_AccelCmd
Scanning dependencies of target _autoware_msgs_generate_messages_check_deps_Centroids
[  0%] Built target _autoware_msgs_generate_messages_check_deps_Centroids
[  0%] Built target _autoware_msgs_generate_messages_check_deps_AccelCmd
Scanning dependencies of target _autoware_msgs_generate_messages_check_deps_LaneArray
Scanning dependencies of target _autoware_msgs_generate_messages_check_deps_BrakeCmd
[  0%] Built target _autoware_msgs_generate_messages_check_deps_LaneArray
[  0%] Built target _autoware_msgs_generate_messages_check_deps_BrakeCmd
Scanning dependencies of target _autoware_msgs_generate_messages_check_deps_Waypoint
Scanning dependencies of target _autoware_msgs_generate_messages_check_deps_DetectedObjectArray
[  0%] Built target _autoware_msgs_generate_messages_check_deps_DetectedObjectArray
[  0%] Built target _autoware_msgs_generate_messages_check_deps_Waypoint
Scanning dependencies of target _autoware_msgs_generate_messages_check_deps_VehicleStatus
Scanning dependencies of target _autoware_msgs_generate_messages_check_deps_ImageObjRanged
[  0%] Built target _autoware_msgs_generate_messages_check_deps_ImageObjRanged
[  0%] Built target _autoware_msgs_generate_messages_check_deps_VehicleStatus
Scanning dependencies of target _autoware_msgs_generate_messages_check_deps_TunedResult
Scanning dependencies of target _autoware_msgs_generate_messages_check_deps_ControlCommand
[  0%] Built target _autoware_msgs_generate_messages_check_deps_TunedResult
Scanning dependencies of target _autoware_msgs_generate_messages_check_deps_SteerCmd
[  0%] Built target _autoware_msgs_generate_messages_check_deps_ControlCommand
Scanning dependencies of target _autoware_msgs_generate_messages_check_deps_ScanImage
[  0%] Built target _autoware_msgs_generate_messages_check_deps_SteerCmd
Scanning dependencies of target _autoware_msgs_generate_messages_check_deps_ImageObjects
[  0%] Built target _autoware_msgs_generate_messages_check_deps_ScanImage
Scanning dependencies of target _autoware_msgs_generate_messages_check_deps_CloudCluster
[  0%] Built target _autoware_msgs_generate_messages_check_deps_ImageObjects
Scanning dependencies of target _autoware_msgs_generate_messages_check_deps_GeometricRectangle
[  0%] Built target _autoware_msgs_generate_messages_check_deps_CloudCluster
[  0%] Built target _autoware_msgs_generate_messages_check_deps_GeometricRectangle
Scanning dependencies of target _autoware_msgs_generate_messages_check_deps_ICPStat
Scanning dependencies of target _autoware_msgs_generate_messages_check_deps_LampCmd
[  0%] Built target _autoware_msgs_generate_messages_check_deps_ICPStat
[  0%] Built target _autoware_msgs_generate_messages_check_deps_LampCmd
Scanning dependencies of target _autoware_msgs_generate_messages_check_deps_ControlCommandStamped
Scanning dependencies of target _autoware_msgs_generate_messages_check_deps_WaypointState
[  0%] Built target _autoware_msgs_generate_messages_check_deps_ControlCommandStamped
[  0%] Built target _autoware_msgs_generate_messages_check_deps_WaypointState
Scanning dependencies of target _autoware_msgs_generate_messages_check_deps_ObjLabel
Scanning dependencies of target _autoware_msgs_generate_messages_check_deps_RecognizeLightState
[  0%] Built target _autoware_msgs_generate_messages_check_deps_RecognizeLightState
[  0%] Built target _autoware_msgs_generate_messages_check_deps_ObjLabel
Scanning dependencies of target _autoware_msgs_generate_messages_check_deps_Signals
Scanning dependencies of target _autoware_msgs_generate_messages_check_deps_SyncTimeDiff
[  0%] Built target _autoware_msgs_generate_messages_check_deps_Signals
Scanning dependencies of target _autoware_msgs_generate_messages_check_deps_VscanTracked
[  0%] Built target _autoware_msgs_generate_messages_check_deps_SyncTimeDiff
[  0%] Built target _autoware_msgs_generate_messages_check_deps_VscanTracked
Scanning dependencies of target jsk_recognition_msgs_generate_messages_cpp
Scanning dependencies of target sensor_msgs_generate_messages_cpp
[  0%] Built target jsk_recognition_msgs_generate_messages_cpp
[  0%] Built target sensor_msgs_generate_messages_cpp
Scanning dependencies of target geometry_msgs_generate_messages_cpp
Scanning dependencies of target std_msgs_generate_messages_cpp
[  0%] Built target geometry_msgs_generate_messages_cpp
[  0%] Built target std_msgs_generate_messages_cpp
Scanning dependencies of target jsk_recognition_msgs_generate_messages_lisp
Scanning dependencies of target sensor_msgs_generate_messages_lisp
[  0%] Built target jsk_recognition_msgs_generate_messages_lisp
Scanning dependencies of target std_msgs_generate_messages_lisp
[  0%] Built target sensor_msgs_generate_messages_lisp
Scanning dependencies of target geometry_msgs_generate_messages_lisp
[  0%] Built target std_msgs_generate_messages_lisp
[  0%] Built target geometry_msgs_generate_messages_lisp
Scanning dependencies of target geometry_msgs_generate_messages_eus
[  0%] Built target geometry_msgs_generate_messages_eus
Scanning dependencies of target std_msgs_generate_messages_eus
[  0%] Built target std_msgs_generate_messages_eus
Scanning dependencies of target sensor_msgs_generate_messages_eus
[  0%] Built target sensor_msgs_generate_messages_eus
Scanning dependencies of target jsk_recognition_msgs_generate_messages_eus
Scanning dependencies of target sensor_msgs_generate_messages_nodejs
[  0%] Built target jsk_recognition_msgs_generate_messages_eus
[  0%] Built target sensor_msgs_generate_messages_nodejs
Scanning dependencies of target geometry_msgs_generate_messages_nodejs
Scanning dependencies of target std_msgs_generate_messages_nodejs
[  0%] Built target std_msgs_generate_messages_nodejs
[  0%] Built target geometry_msgs_generate_messages_nodejs
Scanning dependencies of target jsk_recognition_msgs_generate_messages_nodejs
Scanning dependencies of target autoware_msgs_generate_messages_py
[  0%] Generating Python from MSG autoware_msgs/ImageLaneObjects
[  0%] Built target jsk_recognition_msgs_generate_messages_nodejs
Scanning dependencies of target autoware_msgs_generate_messages_cpp
[  0%] Generating C++ code from autoware_msgs/ImageLaneObjects.msg
[  1%] Generating Python from MSG autoware_msgs/RemoteCmd
[  1%] Generating C++ code from autoware_msgs/RemoteCmd.msg
[  1%] Generating Python from MSG autoware_msgs/StateCmd
[  1%] Generating Python from MSG autoware_msgs/ProjectionMatrix
[  2%] Generating C++ code from autoware_msgs/StateCmd.msg
[  3%] Generating Python from MSG autoware_msgs/WaypointState
[  3%] Generating C++ code from autoware_msgs/ProjectionMatrix.msg
[  3%] Generating Python from MSG autoware_msgs/CloudCluster
[  3%] Generating C++ code from autoware_msgs/WaypointState.msg
[  3%] Generating Python from MSG autoware_msgs/TunedResult
[  4%] Generating C++ code from autoware_msgs/CloudCluster.msg
[  5%] Generating Python from MSG autoware_msgs/State
[  5%] Generating Python from MSG autoware_msgs/CloudClusterArray
[  5%] Generating C++ code from autoware_msgs/TunedResult.msg
[  5%] Generating Python from MSG autoware_msgs/ImageObjRanged
[  5%] Generating C++ code from autoware_msgs/State.msg
[  6%] Generating Python from MSG autoware_msgs/VehicleLocation
[  7%] Generating C++ code from autoware_msgs/CloudClusterArray.msg
[  7%] Generating Python from MSG autoware_msgs/ImageObj
[  7%] Generating C++ code from autoware_msgs/ImageObjRanged.msg
[  8%] Generating Python from MSG autoware_msgs/TrafficLight
[  8%] Generating C++ code from autoware_msgs/VehicleLocation.msg
[  8%] Generating Python from MSG autoware_msgs/Centroids
[  9%] Generating C++ code from autoware_msgs/ImageObj.msg
[  9%] Generating Python from MSG autoware_msgs/ICPStat
[  9%] Generating C++ code from autoware_msgs/TrafficLight.msg
[ 10%] Generating Python from MSG autoware_msgs/AdjustXY
[ 11%] Generating C++ code from autoware_msgs/Centroids.msg
[ 11%] Generating Python from MSG autoware_msgs/ImageRectRanged
[ 11%] Generating C++ code from autoware_msgs/ICPStat.msg
[ 11%] Generating C++ code from autoware_msgs/AdjustXY.msg
[ 11%] Generating Python from MSG autoware_msgs/Gear
[ 12%] Generating Python from MSG autoware_msgs/ImageRect
[ 13%] Generating C++ code from autoware_msgs/ImageRectRanged.msg
[ 13%] Generating Python from MSG autoware_msgs/LaneArray
[ 13%] Generating C++ code from autoware_msgs/Gear.msg
[ 13%] Generating Python from MSG autoware_msgs/DetectedObject
[ 13%] Generating C++ code from autoware_msgs/ImageRect.msg
[ 14%] Generating Python from MSG autoware_msgs/BrakeCmd
[ 15%] Generating C++ code from autoware_msgs/LaneArray.msg
[ 15%] Generating Python from MSG autoware_msgs/NDTStat
[ 15%] Generating C++ code from autoware_msgs/DetectedObject.msg
[ 15%] Generating Python from MSG autoware_msgs/ExtractedPosition
[ 15%] Generating C++ code from autoware_msgs/BrakeCmd.msg
[ 16%] Generating Python from MSG autoware_msgs/Waypoint
[ 16%] Generating Python from MSG autoware_msgs/ColorSet
[ 17%] Generating C++ code from autoware_msgs/NDTStat.msg
[ 18%] Generating Python from MSG autoware_msgs/AccelCmd
[ 18%] Generating C++ code from autoware_msgs/ExtractedPosition.msg
[ 18%] Generating Python from MSG autoware_msgs/DetectedObjectArray
[ 18%] Generating C++ code from autoware_msgs/Waypoint.msg
[ 18%] Generating Python from MSG autoware_msgs/TrafficLightResultArray
[ 19%] Generating C++ code from autoware_msgs/ColorSet.msg
[ 20%] Generating Python from MSG autoware_msgs/IndicatorCmd
[ 20%] Generating Python from MSG autoware_msgs/ControlCommand
[ 20%] Generating C++ code from autoware_msgs/AccelCmd.msg
[ 20%] Generating Python from MSG autoware_msgs/ScanImage
[ 21%] Generating C++ code from autoware_msgs/DetectedObjectArray.msg
[ 22%] Generating Python from MSG autoware_msgs/SteerCmd
[ 22%] Generating Python from MSG autoware_msgs/ObjLabel
[ 22%] Generating Python from MSG autoware_msgs/ImageObjects
[ 22%] Generating C++ code from autoware_msgs/TrafficLightResultArray.msg
[ 22%] Generating C++ code from autoware_msgs/IndicatorCmd.msg
[ 23%] Generating Python from MSG autoware_msgs/VehicleStatus
[ 25%] Generating C++ code from autoware_msgs/ControlCommand.msg
[ 25%] Generating Python from MSG autoware_msgs/SyncTimeMonitor
[ 25%] Generating Python from MSG autoware_msgs/PointsImage
[ 25%] Generating C++ code from autoware_msgs/ScanImage.msg
[ 26%] Generating Python from MSG autoware_msgs/VehicleCmd
[ 26%] Generating C++ code from autoware_msgs/SteerCmd.msg
[ 26%] Generating Python from MSG autoware_msgs/ImageObjTracked
[ 27%] Generating C++ code from autoware_msgs/ObjLabel.msg
[ 28%] Generating Python from MSG autoware_msgs/ControlCommandStamped
[ 28%] Generating C++ code from autoware_msgs/ImageObjects.msg
[ 28%] Generating Python from MSG autoware_msgs/DTLane
[ 28%] Generating Python from MSG autoware_msgs/ObjPose
[ 28%] Generating C++ code from autoware_msgs/VehicleStatus.msg
[ 29%] Generating Python from MSG autoware_msgs/LampCmd
[ 30%] Generating C++ code from autoware_msgs/SyncTimeMonitor.msg
[ 30%] Generating Python from MSG autoware_msgs/VscanTracked
[ 30%] Generating C++ code from autoware_msgs/PointsImage.msg
[ 30%] Generating Python from MSG autoware_msgs/Signals
[ 30%] Generating C++ code from autoware_msgs/VehicleCmd.msg
[ 31%] Generating Python from MSG autoware_msgs/SyncTimeDiff
[ 32%] Generating C++ code from autoware_msgs/ImageObjTracked.msg
[ 32%] Generating Python from MSG autoware_msgs/Lane
[ 32%] Generating C++ code from autoware_msgs/ControlCommandStamped.msg
[ 33%] Generating C++ code from autoware_msgs/DTLane.msg
[ 33%] Generating Python from MSG autoware_msgs/VscanTrackedArray
[ 34%] Generating Python from MSG autoware_msgs/GeometricRectangle
[ 34%] Generating C++ code from autoware_msgs/ObjPose.msg
[ 34%] Generating Python from MSG autoware_msgs/ValueSet
[ 34%] Generating C++ code from autoware_msgs/LampCmd.msg
[ 34%] Generating Python from MSG autoware_msgs/TrafficLightResult
[ 35%] Generating C++ code from autoware_msgs/VscanTracked.msg
[ 36%] Generating Python code from SRV autoware_msgs/RecognizeLightState
[ 36%] Generating Python msg __init__.py for autoware_msgs
[ 36%] Generating C++ code from autoware_msgs/Signals.msg
[ 37%] Generating Python srv __init__.py for autoware_msgs
[ 37%] Generating C++ code from autoware_msgs/SyncTimeDiff.msg
[ 37%] Built target autoware_msgs_generate_messages_py
Scanning dependencies of target autoware_msgs_generate_messages_lisp
[ 38%] Generating C++ code from autoware_msgs/Lane.msg
[ 38%] Generating Lisp code from autoware_msgs/ImageLaneObjects.msg
[ 39%] Generating Lisp code from autoware_msgs/RemoteCmd.msg
[ 39%] Generating C++ code from autoware_msgs/VscanTrackedArray.msg
[ 39%] Generating Lisp code from autoware_msgs/StateCmd.msg
[ 39%] Generating Lisp code from autoware_msgs/ProjectionMatrix.msg
[ 40%] Generating Lisp code from autoware_msgs/WaypointState.msg
[ 40%] Generating C++ code from autoware_msgs/GeometricRectangle.msg
[ 40%] Generating Lisp code from autoware_msgs/CloudCluster.msg
[ 40%] Generating Lisp code from autoware_msgs/TunedResult.msg
[ 41%] Generating C++ code from autoware_msgs/ValueSet.msg
[ 42%] Generating Lisp code from autoware_msgs/State.msg
[ 42%] Generating C++ code from autoware_msgs/TrafficLightResult.msg
[ 42%] Generating Lisp code from autoware_msgs/CloudClusterArray.msg
[ 42%] Generating Lisp code from autoware_msgs/ImageObjRanged.msg
[ 43%] Generating Lisp code from autoware_msgs/VehicleLocation.msg
[ 43%] Generating C++ code from autoware_msgs/RecognizeLightState.srv
[ 43%] Generating Lisp code from autoware_msgs/ImageObj.msg
[ 44%] Generating Lisp code from autoware_msgs/TrafficLight.msg
[ 44%] Generating Lisp code from autoware_msgs/Centroids.msg
[ 44%] Built target autoware_msgs_generate_messages_cpp
[ 44%] Generating Lisp code from autoware_msgs/ICPStat.msg
[ 45%] Generating Lisp code from autoware_msgs/AdjustXY.msg
[ 45%] Generating Lisp code from autoware_msgs/ImageRectRanged.msg
[ 45%] Generating Lisp code from autoware_msgs/Gear.msg
[ 46%] Generating Lisp code from autoware_msgs/ImageRect.msg
[ 46%] Generating Lisp code from autoware_msgs/LaneArray.msg
[ 46%] Generating Lisp code from autoware_msgs/DetectedObject.msg
[ 47%] Generating Lisp code from autoware_msgs/BrakeCmd.msg
[ 47%] Generating Lisp code from autoware_msgs/NDTStat.msg
[ 47%] Generating Lisp code from autoware_msgs/ExtractedPosition.msg
[ 48%] Generating Lisp code from autoware_msgs/Waypoint.msg
[ 48%] Generating Lisp code from autoware_msgs/ColorSet.msg
[ 50%] Generating Lisp code from autoware_msgs/AccelCmd.msg
[ 50%] Generating Lisp code from autoware_msgs/DetectedObjectArray.msg
[ 50%] Generating Lisp code from autoware_msgs/TrafficLightResultArray.msg
[ 51%] Generating Lisp code from autoware_msgs/IndicatorCmd.msg
[ 51%] Generating Lisp code from autoware_msgs/ControlCommand.msg
[ 51%] Generating Lisp code from autoware_msgs/ScanImage.msg
[ 52%] Generating Lisp code from autoware_msgs/SteerCmd.msg
[ 52%] Generating Lisp code from autoware_msgs/ObjLabel.msg
[ 52%] Generating Lisp code from autoware_msgs/ImageObjects.msg
[ 53%] Generating Lisp code from autoware_msgs/VehicleStatus.msg
[ 53%] Generating Lisp code from autoware_msgs/SyncTimeMonitor.msg
[ 53%] Generating Lisp code from autoware_msgs/PointsImage.msg
[ 54%] Generating Lisp code from autoware_msgs/VehicleCmd.msg
[ 54%] Generating Lisp code from autoware_msgs/ImageObjTracked.msg
[ 55%] Generating Lisp code from autoware_msgs/ControlCommandStamped.msg
[ 55%] Generating Lisp code from autoware_msgs/DTLane.msg
[ 55%] Generating Lisp code from autoware_msgs/ObjPose.msg
[ 56%] Generating Lisp code from autoware_msgs/LampCmd.msg
[ 56%] Generating Lisp code from autoware_msgs/VscanTracked.msg
[ 56%] Generating Lisp code from autoware_msgs/Signals.msg
[ 57%] Generating Lisp code from autoware_msgs/SyncTimeDiff.msg
[ 57%] Generating Lisp code from autoware_msgs/Lane.msg
[ 57%] Generating Lisp code from autoware_msgs/VscanTrackedArray.msg
[ 58%] Generating Lisp code from autoware_msgs/GeometricRectangle.msg
[ 58%] Generating Lisp code from autoware_msgs/ValueSet.msg
[ 58%] Generating Lisp code from autoware_msgs/TrafficLightResult.msg
[ 59%] Generating Lisp code from autoware_msgs/RecognizeLightState.srv
[ 59%] Built target autoware_msgs_generate_messages_lisp
Scanning dependencies of target autoware_msgs_generate_messages_eus
[ 60%] Generating EusLisp code from autoware_msgs/ImageLaneObjects.msg
[ 60%] Generating EusLisp code from autoware_msgs/RemoteCmd.msg
[ 61%] Generating EusLisp code from autoware_msgs/StateCmd.msg
[ 61%] Generating EusLisp code from autoware_msgs/ProjectionMatrix.msg
[ 61%] Generating EusLisp code from autoware_msgs/WaypointState.msg
[ 62%] Generating EusLisp code from autoware_msgs/CloudCluster.msg
[ 62%] Generating EusLisp code from autoware_msgs/TunedResult.msg
[ 62%] Generating EusLisp code from autoware_msgs/State.msg
[ 63%] Generating EusLisp code from autoware_msgs/CloudClusterArray.msg
[ 63%] Generating EusLisp code from autoware_msgs/ImageObjRanged.msg
[ 63%] Generating EusLisp code from autoware_msgs/VehicleLocation.msg
[ 64%] Generating EusLisp code from autoware_msgs/ImageObj.msg
[ 64%] Generating EusLisp code from autoware_msgs/TrafficLight.msg
[ 65%] Generating EusLisp code from autoware_msgs/Centroids.msg
[ 65%] Generating EusLisp code from autoware_msgs/ICPStat.msg
[ 65%] Generating EusLisp code from autoware_msgs/AdjustXY.msg
[ 66%] Generating EusLisp code from autoware_msgs/ImageRectRanged.msg
[ 66%] Generating EusLisp code from autoware_msgs/Gear.msg
[ 66%] Generating EusLisp code from autoware_msgs/ImageRect.msg
[ 67%] Generating EusLisp code from autoware_msgs/LaneArray.msg
[ 67%] Generating EusLisp code from autoware_msgs/DetectedObject.msg
[ 67%] Generating EusLisp code from autoware_msgs/BrakeCmd.msg
[ 68%] Generating EusLisp code from autoware_msgs/NDTStat.msg
[ 68%] Generating EusLisp code from autoware_msgs/ExtractedPosition.msg
[ 68%] Generating EusLisp code from autoware_msgs/Waypoint.msg
[ 69%] Generating EusLisp code from autoware_msgs/ColorSet.msg
[ 69%] Generating EusLisp code from autoware_msgs/AccelCmd.msg
[ 70%] Generating EusLisp code from autoware_msgs/DetectedObjectArray.msg
[ 70%] Generating EusLisp code from autoware_msgs/TrafficLightResultArray.msg
[ 70%] Generating EusLisp code from autoware_msgs/IndicatorCmd.msg
[ 71%] Generating EusLisp code from autoware_msgs/ControlCommand.msg
[ 71%] Generating EusLisp code from autoware_msgs/ScanImage.msg
[ 71%] Generating EusLisp code from autoware_msgs/SteerCmd.msg
[ 72%] Generating EusLisp code from autoware_msgs/ObjLabel.msg
[ 72%] Generating EusLisp code from autoware_msgs/ImageObjects.msg
[ 72%] Generating EusLisp code from autoware_msgs/VehicleStatus.msg
[ 73%] Generating EusLisp code from autoware_msgs/SyncTimeMonitor.msg
[ 73%] Generating EusLisp code from autoware_msgs/PointsImage.msg
[ 73%] Generating EusLisp code from autoware_msgs/VehicleCmd.msg
[ 75%] Generating EusLisp code from autoware_msgs/ImageObjTracked.msg
[ 75%] Generating EusLisp code from autoware_msgs/ControlCommandStamped.msg
[ 76%] Generating EusLisp code from autoware_msgs/DTLane.msg
[ 76%] Generating EusLisp code from autoware_msgs/ObjPose.msg
[ 76%] Generating EusLisp code from autoware_msgs/LampCmd.msg
[ 77%] Generating EusLisp code from autoware_msgs/VscanTracked.msg
[ 77%] Generating EusLisp code from autoware_msgs/Signals.msg
[ 77%] Generating EusLisp code from autoware_msgs/SyncTimeDiff.msg
[ 78%] Generating EusLisp code from autoware_msgs/Lane.msg
[ 78%] Generating EusLisp code from autoware_msgs/VscanTrackedArray.msg
[ 78%] Generating EusLisp code from autoware_msgs/GeometricRectangle.msg
[ 79%] Generating EusLisp code from autoware_msgs/ValueSet.msg
[ 79%] Generating EusLisp code from autoware_msgs/TrafficLightResult.msg
[ 79%] Generating EusLisp code from autoware_msgs/RecognizeLightState.srv
[ 80%] Generating EusLisp manifest code for autoware_msgs
[ 80%] Built target autoware_msgs_generate_messages_eus
Scanning dependencies of target autoware_msgs_generate_messages_nodejs
[ 80%] Generating Javascript code from autoware_msgs/ImageLaneObjects.msg
[ 81%] Generating Javascript code from autoware_msgs/RemoteCmd.msg
[ 81%] Generating Javascript code from autoware_msgs/StateCmd.msg
[ 81%] Generating Javascript code from autoware_msgs/ProjectionMatrix.msg
[ 82%] Generating Javascript code from autoware_msgs/WaypointState.msg
[ 82%] Generating Javascript code from autoware_msgs/CloudCluster.msg
[ 82%] Generating Javascript code from autoware_msgs/TunedResult.msg
[ 83%] Generating Javascript code from autoware_msgs/State.msg
[ 83%] Generating Javascript code from autoware_msgs/CloudClusterArray.msg
[ 83%] Generating Javascript code from autoware_msgs/ImageObjRanged.msg
[ 84%] Generating Javascript code from autoware_msgs/VehicleLocation.msg
[ 84%] Generating Javascript code from autoware_msgs/ImageObj.msg
[ 85%] Generating Javascript code from autoware_msgs/TrafficLight.msg
[ 85%] Generating Javascript code from autoware_msgs/Centroids.msg
[ 85%] Generating Javascript code from autoware_msgs/ICPStat.msg
[ 86%] Generating Javascript code from autoware_msgs/AdjustXY.msg
[ 86%] Generating Javascript code from autoware_msgs/ImageRectRanged.msg
[ 86%] Generating Javascript code from autoware_msgs/Gear.msg
[ 87%] Generating Javascript code from autoware_msgs/ImageRect.msg
[ 87%] Generating Javascript code from autoware_msgs/LaneArray.msg
[ 87%] Generating Javascript code from autoware_msgs/DetectedObject.msg
[ 88%] Generating Javascript code from autoware_msgs/BrakeCmd.msg
[ 88%] Generating Javascript code from autoware_msgs/NDTStat.msg
[ 88%] Generating Javascript code from autoware_msgs/ExtractedPosition.msg
[ 89%] Generating Javascript code from autoware_msgs/Waypoint.msg
[ 89%] Generating Javascript code from autoware_msgs/ColorSet.msg
[ 90%] Generating Javascript code from autoware_msgs/AccelCmd.msg
[ 90%] Generating Javascript code from autoware_msgs/DetectedObjectArray.msg
[ 90%] Generating Javascript code from autoware_msgs/TrafficLightResultArray.msg
[ 91%] Generating Javascript code from autoware_msgs/IndicatorCmd.msg
[ 91%] Generating Javascript code from autoware_msgs/ControlCommand.msg
[ 91%] Generating Javascript code from autoware_msgs/ScanImage.msg
[ 92%] Generating Javascript code from autoware_msgs/SteerCmd.msg
[ 92%] Generating Javascript code from autoware_msgs/ObjLabel.msg
[ 92%] Generating Javascript code from autoware_msgs/ImageObjects.msg
[ 93%] Generating Javascript code from autoware_msgs/VehicleStatus.msg
[ 93%] Generating Javascript code from autoware_msgs/SyncTimeMonitor.msg
[ 93%] Generating Javascript code from autoware_msgs/PointsImage.msg
[ 94%] Generating Javascript code from autoware_msgs/VehicleCmd.msg
[ 94%] Generating Javascript code from autoware_msgs/ImageObjTracked.msg
[ 95%] Generating Javascript code from autoware_msgs/ControlCommandStamped.msg
[ 95%] Generating Javascript code from autoware_msgs/DTLane.msg
[ 95%] Generating Javascript code from autoware_msgs/ObjPose.msg
[ 96%] Generating Javascript code from autoware_msgs/LampCmd.msg
[ 96%] Generating Javascript code from autoware_msgs/VscanTracked.msg
[ 96%] Generating Javascript code from autoware_msgs/Signals.msg
[ 97%] Generating Javascript code from autoware_msgs/SyncTimeDiff.msg
[ 97%] Generating Javascript code from autoware_msgs/Lane.msg
[ 97%] Generating Javascript code from autoware_msgs/VscanTrackedArray.msg
[ 98%] Generating Javascript code from autoware_msgs/GeometricRectangle.msg
[ 98%] Generating Javascript code from autoware_msgs/ValueSet.msg
[ 98%] Generating Javascript code from autoware_msgs/TrafficLightResult.msg
[100%] Generating Javascript code from autoware_msgs/RecognizeLightState.srv
[100%] Built target autoware_msgs_generate_messages_nodejs
Scanning dependencies of target autoware_msgs_generate_messages
[100%] Built target autoware_msgs_generate_messages
Scanning dependencies of target tests
Built target tests
[  0%] Built target _autoware_msgs_generate_messages_check_deps_RemoteCmd
[  0%] Built target _autoware_msgs_generate_messages_check_deps_DTLane
[  0%] Built target _autoware_msgs_generate_messages_check_deps_ImageObjTracked
[  0%] Built target _autoware_msgs_generate_messages_check_deps_ImageLaneObjects
[  0%] Built target _autoware_msgs_generate_messages_check_deps_PointsImage
[  0%] Built target _autoware_msgs_generate_messages_check_deps_TrafficLightResult
[  0%] Built target geometry_msgs_generate_messages_py
[  0%] Built target _autoware_msgs_generate_messages_check_deps_VehicleLocation
[  0%] Built target jsk_recognition_msgs_generate_messages_py
[  0%] Built target _autoware_msgs_generate_messages_check_deps_DetectedObject
[  0%] Built target _autoware_msgs_generate_messages_check_deps_ColorSet
[  0%] Built target _autoware_msgs_generate_messages_check_deps_ExtractedPosition
[  0%] Built target _autoware_msgs_generate_messages_check_deps_CloudClusterArray
[  0%] Built target _autoware_msgs_generate_messages_check_deps_ValueSet
[  0%] Built target _autoware_msgs_generate_messages_check_deps_ImageRectRanged
[  0%] Built target _autoware_msgs_generate_messages_check_deps_VehicleCmd
[  0%] Built target _autoware_msgs_generate_messages_check_deps_Lane
[  0%] Built target _autoware_msgs_generate_messages_check_deps_NDTStat
[  0%] Built target _autoware_msgs_generate_messages_check_deps_IndicatorCmd
[  0%] Built target std_msgs_generate_messages_py
[  0%] Built target sensor_msgs_generate_messages_py
[  0%] Built target _autoware_msgs_generate_messages_check_deps_AdjustXY
[  0%] Built target _autoware_msgs_generate_messages_check_deps_ObjPose
[  0%] Built target _autoware_msgs_generate_messages_check_deps_ProjectionMatrix
[  0%] Built target _autoware_msgs_generate_messages_check_deps_SyncTimeMonitor
[  0%] Built target _autoware_msgs_generate_messages_check_deps_ImageRect
[  0%] Built target _autoware_msgs_generate_messages_check_deps_StateCmd
[  0%] Built target _autoware_msgs_generate_messages_check_deps_VscanTrackedArray
[  0%] Built target _autoware_msgs_generate_messages_check_deps_TrafficLightResultArray
[  0%] Built target _autoware_msgs_generate_messages_check_deps_ImageObj
[  0%] Built target _autoware_msgs_generate_messages_check_deps_State
[  0%] Built target _autoware_msgs_generate_messages_check_deps_TrafficLight
[  0%] Built target _autoware_msgs_generate_messages_check_deps_Gear
[  0%] Built target _autoware_msgs_generate_messages_check_deps_AccelCmd
[  0%] Built target _autoware_msgs_generate_messages_check_deps_Centroids
[  0%] Built target _autoware_msgs_generate_messages_check_deps_LaneArray
[  0%] Built target _autoware_msgs_generate_messages_check_deps_BrakeCmd
[  0%] Built target _autoware_msgs_generate_messages_check_deps_Waypoint
[  0%] Built target _autoware_msgs_generate_messages_check_deps_DetectedObjectArray
[  0%] Built target _autoware_msgs_generate_messages_check_deps_VehicleStatus
[  0%] Built target _autoware_msgs_generate_messages_check_deps_ImageObjRanged
[  0%] Built target _autoware_msgs_generate_messages_check_deps_TunedResult
[  0%] Built target _autoware_msgs_generate_messages_check_deps_ControlCommand
[  0%] Built target _autoware_msgs_generate_messages_check_deps_SteerCmd
[  0%] Built target _autoware_msgs_generate_messages_check_deps_ScanImage
[  0%] Built target _autoware_msgs_generate_messages_check_deps_ImageObjects
[  0%] Built target _autoware_msgs_generate_messages_check_deps_CloudCluster
[  0%] Built target _autoware_msgs_generate_messages_check_deps_GeometricRectangle
[  0%] Built target _autoware_msgs_generate_messages_check_deps_ICPStat
[  0%] Built target _autoware_msgs_generate_messages_check_deps_LampCmd
[  0%] Built target _autoware_msgs_generate_messages_check_deps_ControlCommandStamped
[  0%] Built target _autoware_msgs_generate_messages_check_deps_WaypointState
[  0%] Built target _autoware_msgs_generate_messages_check_deps_ObjLabel
[  0%] Built target _autoware_msgs_generate_messages_check_deps_RecognizeLightState
[  0%] Built target _autoware_msgs_generate_messages_check_deps_Signals
[  0%] Built target _autoware_msgs_generate_messages_check_deps_SyncTimeDiff
[  0%] Built target _autoware_msgs_generate_messages_check_deps_VscanTracked
[  0%] Built target jsk_recognition_msgs_generate_messages_cpp
[  0%] Built target sensor_msgs_generate_messages_cpp
[  0%] Built target geometry_msgs_generate_messages_cpp
[  0%] Built target std_msgs_generate_messages_cpp
[  0%] Built target jsk_recognition_msgs_generate_messages_lisp
[  0%] Built target sensor_msgs_generate_messages_lisp
[  0%] Built target std_msgs_generate_messages_lisp
[  0%] Built target geometry_msgs_generate_messages_lisp
[  0%] Built target geometry_msgs_generate_messages_eus
[  0%] Built target std_msgs_generate_messages_eus
[  0%] Built target sensor_msgs_generate_messages_eus
[  0%] Built target jsk_recognition_msgs_generate_messages_eus
[  0%] Built target sensor_msgs_generate_messages_nodejs
[  0%] Built target geometry_msgs_generate_messages_nodejs
[  0%] Built target std_msgs_generate_messages_nodejs
[  0%] Built target jsk_recognition_msgs_generate_messages_nodejs
[ 20%] Built target autoware_msgs_generate_messages_py
[ 39%] Built target autoware_msgs_generate_messages_cpp
[ 59%] Built target autoware_msgs_generate_messages_lisp
[ 80%] Built target autoware_msgs_generate_messages_eus
[100%] Built target autoware_msgs_generate_messages_nodejs
[100%] Built target autoware_msgs_generate_messages
Install the project...
-- Install configuration: "Release"
-- Installing: /home/autoware/Autoware/install/autoware_msgs/share/autoware_msgs/msg/AccelCmd.msg
-- Installing: /home/autoware/Autoware/install/autoware_msgs/share/autoware_msgs/msg/AdjustXY.msg
-- Installing: /home/autoware/Autoware/install/autoware_msgs/share/autoware_msgs/msg/BrakeCmd.msg
-- Installing: /home/autoware/Autoware/install/autoware_msgs/share/autoware_msgs/msg/Centroids.msg
-- Installing: /home/autoware/Autoware/install/autoware_msgs/share/autoware_msgs/msg/CloudCluster.msg
-- Installing: /home/autoware/Autoware/install/autoware_msgs/share/autoware_msgs/msg/CloudClusterArray.msg
-- Installing: /home/autoware/Autoware/install/autoware_msgs/share/autoware_msgs/msg/ColorSet.msg
-- Installing: /home/autoware/Autoware/install/autoware_msgs/share/autoware_msgs/msg/ControlCommand.msg
-- Installing: /home/autoware/Autoware/install/autoware_msgs/share/autoware_msgs/msg/ControlCommandStamped.msg
-- Installing: /home/autoware/Autoware/install/autoware_msgs/share/autoware_msgs/msg/DTLane.msg
-- Installing: /home/autoware/Autoware/install/autoware_msgs/share/autoware_msgs/msg/DetectedObject.msg
-- Installing: /home/autoware/Autoware/install/autoware_msgs/share/autoware_msgs/msg/DetectedObjectArray.msg
-- Installing: /home/autoware/Autoware/install/autoware_msgs/share/autoware_msgs/msg/ExtractedPosition.msg
-- Installing: /home/autoware/Autoware/install/autoware_msgs/share/autoware_msgs/msg/Gear.msg
-- Installing: /home/autoware/Autoware/install/autoware_msgs/share/autoware_msgs/msg/GeometricRectangle.msg
-- Installing: /home/autoware/Autoware/install/autoware_msgs/share/autoware_msgs/msg/ICPStat.msg
-- Installing: /home/autoware/Autoware/install/autoware_msgs/share/autoware_msgs/msg/ImageLaneObjects.msg
-- Installing: /home/autoware/Autoware/install/autoware_msgs/share/autoware_msgs/msg/ImageObj.msg
-- Installing: /home/autoware/Autoware/install/autoware_msgs/share/autoware_msgs/msg/ImageObjRanged.msg
-- Installing: /home/autoware/Autoware/install/autoware_msgs/share/autoware_msgs/msg/ImageObjTracked.msg
-- Installing: /home/autoware/Autoware/install/autoware_msgs/share/autoware_msgs/msg/ImageObjects.msg
-- Installing: /home/autoware/Autoware/install/autoware_msgs/share/autoware_msgs/msg/ImageRect.msg
-- Installing: /home/autoware/Autoware/install/autoware_msgs/share/autoware_msgs/msg/ImageRectRanged.msg
-- Installing: /home/autoware/Autoware/install/autoware_msgs/share/autoware_msgs/msg/IndicatorCmd.msg
-- Installing: /home/autoware/Autoware/install/autoware_msgs/share/autoware_msgs/msg/LampCmd.msg
-- Installing: /home/autoware/Autoware/install/autoware_msgs/share/autoware_msgs/msg/Lane.msg
-- Installing: /home/autoware/Autoware/install/autoware_msgs/share/autoware_msgs/msg/LaneArray.msg
-- Installing: /home/autoware/Autoware/install/autoware_msgs/share/autoware_msgs/msg/NDTStat.msg
-- Installing: /home/autoware/Autoware/install/autoware_msgs/share/autoware_msgs/msg/ObjLabel.msg
-- Installing: /home/autoware/Autoware/install/autoware_msgs/share/autoware_msgs/msg/ObjPose.msg
-- Installing: /home/autoware/Autoware/install/autoware_msgs/share/autoware_msgs/msg/PointsImage.msg
-- Installing: /home/autoware/Autoware/install/autoware_msgs/share/autoware_msgs/msg/ProjectionMatrix.msg
-- Installing: /home/autoware/Autoware/install/autoware_msgs/share/autoware_msgs/msg/RemoteCmd.msg
-- Installing: /home/autoware/Autoware/install/autoware_msgs/share/autoware_msgs/msg/ScanImage.msg
-- Installing: /home/autoware/Autoware/install/autoware_msgs/share/autoware_msgs/msg/Signals.msg
-- Installing: /home/autoware/Autoware/install/autoware_msgs/share/autoware_msgs/msg/State.msg
-- Installing: /home/autoware/Autoware/install/autoware_msgs/share/autoware_msgs/msg/StateCmd.msg
-- Installing: /home/autoware/Autoware/install/autoware_msgs/share/autoware_msgs/msg/SteerCmd.msg
-- Installing: /home/autoware/Autoware/install/autoware_msgs/share/autoware_msgs/msg/SyncTimeDiff.msg
-- Installing: /home/autoware/Autoware/install/autoware_msgs/share/autoware_msgs/msg/SyncTimeMonitor.msg
-- Installing: /home/autoware/Autoware/install/autoware_msgs/share/autoware_msgs/msg/TrafficLight.msg
-- Installing: /home/autoware/Autoware/install/autoware_msgs/share/autoware_msgs/msg/TrafficLightResult.msg
-- Installing: /home/autoware/Autoware/install/autoware_msgs/share/autoware_msgs/msg/TrafficLightResultArray.msg
-- Installing: /home/autoware/Autoware/install/autoware_msgs/share/autoware_msgs/msg/TunedResult.msg
-- Installing: /home/autoware/Autoware/install/autoware_msgs/share/autoware_msgs/msg/ValueSet.msg
-- Installing: /home/autoware/Autoware/install/autoware_msgs/share/autoware_msgs/msg/VehicleCmd.msg
-- Installing: /home/autoware/Autoware/install/autoware_msgs/share/autoware_msgs/msg/VehicleLocation.msg
-- Installing: /home/autoware/Autoware/install/autoware_msgs/share/autoware_msgs/msg/VehicleStatus.msg
-- Installing: /home/autoware/Autoware/install/autoware_msgs/share/autoware_msgs/msg/VscanTracked.msg
-- Installing: /home/autoware/Autoware/install/autoware_msgs/share/autoware_msgs/msg/VscanTrackedArray.msg
-- Installing: /home/autoware/Autoware/install/autoware_msgs/share/autoware_msgs/msg/Waypoint.msg
-- Installing: /home/autoware/Autoware/install/autoware_msgs/share/autoware_msgs/msg/WaypointState.msg
-- Installing: /home/autoware/Autoware/install/autoware_msgs/share/autoware_msgs/srv/RecognizeLightState.srv
-- Installing: /home/autoware/Autoware/install/autoware_msgs/share/autoware_msgs/cmake/autoware_msgs-msg-paths.cmake
-- Installing: /home/autoware/Autoware/install/autoware_msgs/include/autoware_msgs
-- Installing: /home/autoware/Autoware/install/autoware_msgs/include/autoware_msgs/ImageObjTracked.h
-- Installing: /home/autoware/Autoware/install/autoware_msgs/include/autoware_msgs/ScanImage.h
-- Installing: /home/autoware/Autoware/install/autoware_msgs/include/autoware_msgs/Signals.h
-- Installing: /home/autoware/Autoware/install/autoware_msgs/include/autoware_msgs/TrafficLightResult.h
-- Installing: /home/autoware/Autoware/install/autoware_msgs/include/autoware_msgs/Lane.h
-- Installing: /home/autoware/Autoware/install/autoware_msgs/include/autoware_msgs/TunedResult.h
-- Installing: /home/autoware/Autoware/install/autoware_msgs/include/autoware_msgs/ObjLabel.h
-- Installing: /home/autoware/Autoware/install/autoware_msgs/include/autoware_msgs/RemoteCmd.h
-- Installing: /home/autoware/Autoware/install/autoware_msgs/include/autoware_msgs/AdjustXY.h
-- Installing: /home/autoware/Autoware/install/autoware_msgs/include/autoware_msgs/NDTStat.h
-- Installing: /home/autoware/Autoware/install/autoware_msgs/include/autoware_msgs/SyncTimeDiff.h
-- Installing: /home/autoware/Autoware/install/autoware_msgs/include/autoware_msgs/BrakeCmd.h
-- Installing: /home/autoware/Autoware/install/autoware_msgs/include/autoware_msgs/WaypointState.h
-- Installing: /home/autoware/Autoware/install/autoware_msgs/include/autoware_msgs/CloudClusterArray.h
-- Installing: /home/autoware/Autoware/install/autoware_msgs/include/autoware_msgs/AccelCmd.h
-- Installing: /home/autoware/Autoware/install/autoware_msgs/include/autoware_msgs/ValueSet.h
-- Installing: /home/autoware/Autoware/install/autoware_msgs/include/autoware_msgs/Waypoint.h
-- Installing: /home/autoware/Autoware/install/autoware_msgs/include/autoware_msgs/VehicleStatus.h
-- Installing: /home/autoware/Autoware/install/autoware_msgs/include/autoware_msgs/SteerCmd.h
-- Installing: /home/autoware/Autoware/install/autoware_msgs/include/autoware_msgs/IndicatorCmd.h
-- Installing: /home/autoware/Autoware/install/autoware_msgs/include/autoware_msgs/Gear.h
-- Installing: /home/autoware/Autoware/install/autoware_msgs/include/autoware_msgs/ICPStat.h
-- Installing: /home/autoware/Autoware/install/autoware_msgs/include/autoware_msgs/RecognizeLightStateRequest.h
-- Installing: /home/autoware/Autoware/install/autoware_msgs/include/autoware_msgs/CloudCluster.h
-- Installing: /home/autoware/Autoware/install/autoware_msgs/include/autoware_msgs/GeometricRectangle.h
-- Installing: /home/autoware/Autoware/install/autoware_msgs/include/autoware_msgs/LampCmd.h
-- Installing: /home/autoware/Autoware/install/autoware_msgs/include/autoware_msgs/VehicleLocation.h
-- Installing: /home/autoware/Autoware/install/autoware_msgs/include/autoware_msgs/RecognizeLightState.h
-- Installing: /home/autoware/Autoware/install/autoware_msgs/include/autoware_msgs/ImageObjRanged.h
-- Installing: /home/autoware/Autoware/install/autoware_msgs/include/autoware_msgs/DetectedObjectArray.h
-- Installing: /home/autoware/Autoware/install/autoware_msgs/include/autoware_msgs/TrafficLight.h
-- Installing: /home/autoware/Autoware/install/autoware_msgs/include/autoware_msgs/RecognizeLightStateResponse.h
-- Installing: /home/autoware/Autoware/install/autoware_msgs/include/autoware_msgs/PointsImage.h
-- Installing: /home/autoware/Autoware/install/autoware_msgs/include/autoware_msgs/ObjPose.h
-- Installing: /home/autoware/Autoware/install/autoware_msgs/include/autoware_msgs/Centroids.h
-- Installing: /home/autoware/Autoware/install/autoware_msgs/include/autoware_msgs/VehicleCmd.h
-- Installing: /home/autoware/Autoware/install/autoware_msgs/include/autoware_msgs/ImageRect.h
-- Installing: /home/autoware/Autoware/install/autoware_msgs/include/autoware_msgs/ImageObj.h
-- Installing: /home/autoware/Autoware/install/autoware_msgs/include/autoware_msgs/ExtractedPosition.h
-- Installing: /home/autoware/Autoware/install/autoware_msgs/include/autoware_msgs/ImageLaneObjects.h
-- Installing: /home/autoware/Autoware/install/autoware_msgs/include/autoware_msgs/VscanTracked.h
-- Installing: /home/autoware/Autoware/install/autoware_msgs/include/autoware_msgs/ImageRectRanged.h
-- Installing: /home/autoware/Autoware/install/autoware_msgs/include/autoware_msgs/LaneArray.h
-- Installing: /home/autoware/Autoware/install/autoware_msgs/include/autoware_msgs/TrafficLightResultArray.h
-- Installing: /home/autoware/Autoware/install/autoware_msgs/include/autoware_msgs/SyncTimeMonitor.h
-- Installing: /home/autoware/Autoware/install/autoware_msgs/include/autoware_msgs/ColorSet.h
-- Installing: /home/autoware/Autoware/install/autoware_msgs/include/autoware_msgs/ControlCommand.h
-- Installing: /home/autoware/Autoware/install/autoware_msgs/include/autoware_msgs/DTLane.h
-- Installing: /home/autoware/Autoware/install/autoware_msgs/include/autoware_msgs/ImageObjects.h
-- Installing: /home/autoware/Autoware/install/autoware_msgs/include/autoware_msgs/VscanTrackedArray.h
-- Installing: /home/autoware/Autoware/install/autoware_msgs/include/autoware_msgs/ControlCommandStamped.h
-- Installing: /home/autoware/Autoware/install/autoware_msgs/include/autoware_msgs/DetectedObject.h
-- Installing: /home/autoware/Autoware/install/autoware_msgs/include/autoware_msgs/StateCmd.h
-- Installing: /home/autoware/Autoware/install/autoware_msgs/include/autoware_msgs/ProjectionMatrix.h
-- Installing: /home/autoware/Autoware/install/autoware_msgs/include/autoware_msgs/State.h
-- Installing: /home/autoware/Autoware/install/autoware_msgs/share/roseus/ros/autoware_msgs
-- Installing: /home/autoware/Autoware/install/autoware_msgs/share/roseus/ros/autoware_msgs/msg
-- Installing: /home/autoware/Autoware/install/autoware_msgs/share/roseus/ros/autoware_msgs/msg/VehicleStatus.l
-- Installing: /home/autoware/Autoware/install/autoware_msgs/share/roseus/ros/autoware_msgs/msg/AccelCmd.l
-- Installing: /home/autoware/Autoware/install/autoware_msgs/share/roseus/ros/autoware_msgs/msg/SyncTimeMonitor.l
-- Installing: /home/autoware/Autoware/install/autoware_msgs/share/roseus/ros/autoware_msgs/msg/StateCmd.l
-- Installing: /home/autoware/Autoware/install/autoware_msgs/share/roseus/ros/autoware_msgs/msg/ImageLaneObjects.l
-- Installing: /home/autoware/Autoware/install/autoware_msgs/share/roseus/ros/autoware_msgs/msg/ImageObjects.l
-- Installing: /home/autoware/Autoware/install/autoware_msgs/share/roseus/ros/autoware_msgs/msg/CloudCluster.l
-- Installing: /home/autoware/Autoware/install/autoware_msgs/share/roseus/ros/autoware_msgs/msg/ImageRectRanged.l
-- Installing: /home/autoware/Autoware/install/autoware_msgs/share/roseus/ros/autoware_msgs/msg/VehicleLocation.l
-- Installing: /home/autoware/Autoware/install/autoware_msgs/share/roseus/ros/autoware_msgs/msg/ControlCommandStamped.l
-- Installing: /home/autoware/Autoware/install/autoware_msgs/share/roseus/ros/autoware_msgs/msg/ImageObjTracked.l
-- Installing: /home/autoware/Autoware/install/autoware_msgs/share/roseus/ros/autoware_msgs/msg/ValueSet.l
-- Installing: /home/autoware/Autoware/install/autoware_msgs/share/roseus/ros/autoware_msgs/msg/State.l
-- Installing: /home/autoware/Autoware/install/autoware_msgs/share/roseus/ros/autoware_msgs/msg/IndicatorCmd.l
-- Installing: /home/autoware/Autoware/install/autoware_msgs/share/roseus/ros/autoware_msgs/msg/VehicleCmd.l
-- Installing: /home/autoware/Autoware/install/autoware_msgs/share/roseus/ros/autoware_msgs/msg/BrakeCmd.l
-- Installing: /home/autoware/Autoware/install/autoware_msgs/share/roseus/ros/autoware_msgs/msg/ControlCommand.l
-- Installing: /home/autoware/Autoware/install/autoware_msgs/share/roseus/ros/autoware_msgs/msg/Signals.l
-- Installing: /home/autoware/Autoware/install/autoware_msgs/share/roseus/ros/autoware_msgs/msg/TunedResult.l
-- Installing: /home/autoware/Autoware/install/autoware_msgs/share/roseus/ros/autoware_msgs/msg/TrafficLight.l
-- Installing: /home/autoware/Autoware/install/autoware_msgs/share/roseus/ros/autoware_msgs/msg/DetectedObjectArray.l
-- Installing: /home/autoware/Autoware/install/autoware_msgs/share/roseus/ros/autoware_msgs/msg/ICPStat.l
-- Installing: /home/autoware/Autoware/install/autoware_msgs/share/roseus/ros/autoware_msgs/msg/PointsImage.l
-- Installing: /home/autoware/Autoware/install/autoware_msgs/share/roseus/ros/autoware_msgs/msg/ObjPose.l
-- Installing: /home/autoware/Autoware/install/autoware_msgs/share/roseus/ros/autoware_msgs/msg/ImageRect.l
-- Installing: /home/autoware/Autoware/install/autoware_msgs/share/roseus/ros/autoware_msgs/msg/Waypoint.l
-- Installing: /home/autoware/Autoware/install/autoware_msgs/share/roseus/ros/autoware_msgs/msg/AdjustXY.l
-- Installing: /home/autoware/Autoware/install/autoware_msgs/share/roseus/ros/autoware_msgs/msg/LampCmd.l
-- Installing: /home/autoware/Autoware/install/autoware_msgs/share/roseus/ros/autoware_msgs/msg/ImageObj.l
-- Installing: /home/autoware/Autoware/install/autoware_msgs/share/roseus/ros/autoware_msgs/msg/ColorSet.l
-- Installing: /home/autoware/Autoware/install/autoware_msgs/share/roseus/ros/autoware_msgs/msg/VscanTrackedArray.l
-- Installing: /home/autoware/Autoware/install/autoware_msgs/share/roseus/ros/autoware_msgs/msg/ImageObjRanged.l
-- Installing: /home/autoware/Autoware/install/autoware_msgs/share/roseus/ros/autoware_msgs/msg/ExtractedPosition.l
-- Installing: /home/autoware/Autoware/install/autoware_msgs/share/roseus/ros/autoware_msgs/msg/DetectedObject.l
-- Installing: /home/autoware/Autoware/install/autoware_msgs/share/roseus/ros/autoware_msgs/msg/SyncTimeDiff.l
-- Installing: /home/autoware/Autoware/install/autoware_msgs/share/roseus/ros/autoware_msgs/msg/DTLane.l
-- Installing: /home/autoware/Autoware/install/autoware_msgs/share/roseus/ros/autoware_msgs/msg/Lane.l
-- Installing: /home/autoware/Autoware/install/autoware_msgs/share/roseus/ros/autoware_msgs/msg/ProjectionMatrix.l
-- Installing: /home/autoware/Autoware/install/autoware_msgs/share/roseus/ros/autoware_msgs/msg/Gear.l
-- Installing: /home/autoware/Autoware/install/autoware_msgs/share/roseus/ros/autoware_msgs/msg/WaypointState.l
-- Installing: /home/autoware/Autoware/install/autoware_msgs/share/roseus/ros/autoware_msgs/msg/RemoteCmd.l
-- Installing: /home/autoware/Autoware/install/autoware_msgs/share/roseus/ros/autoware_msgs/msg/TrafficLightResult.l
-- Installing: /home/autoware/Autoware/install/autoware_msgs/share/roseus/ros/autoware_msgs/msg/SteerCmd.l
-- Installing: /home/autoware/Autoware/install/autoware_msgs/share/roseus/ros/autoware_msgs/msg/ObjLabel.l
-- Installing: /home/autoware/Autoware/install/autoware_msgs/share/roseus/ros/autoware_msgs/msg/LaneArray.l
-- Installing: /home/autoware/Autoware/install/autoware_msgs/share/roseus/ros/autoware_msgs/msg/VscanTracked.l
-- Installing: /home/autoware/Autoware/install/autoware_msgs/share/roseus/ros/autoware_msgs/msg/ScanImage.l
-- Installing: /home/autoware/Autoware/install/autoware_msgs/share/roseus/ros/autoware_msgs/msg/NDTStat.l
-- Installing: /home/autoware/Autoware/install/autoware_msgs/share/roseus/ros/autoware_msgs/msg/Centroids.l
-- Installing: /home/autoware/Autoware/install/autoware_msgs/share/roseus/ros/autoware_msgs/msg/GeometricRectangle.l
-- Installing: /home/autoware/Autoware/install/autoware_msgs/share/roseus/ros/autoware_msgs/msg/CloudClusterArray.l
-- Installing: /home/autoware/Autoware/install/autoware_msgs/share/roseus/ros/autoware_msgs/msg/TrafficLightResultArray.l
-- Installing: /home/autoware/Autoware/install/autoware_msgs/share/roseus/ros/autoware_msgs/srv
-- Installing: /home/autoware/Autoware/install/autoware_msgs/share/roseus/ros/autoware_msgs/srv/RecognizeLightState.l
-- Installing: /home/autoware/Autoware/install/autoware_msgs/share/roseus/ros/autoware_msgs/manifest.l
-- Installing: /home/autoware/Autoware/install/autoware_msgs/share/common-lisp/ros/autoware_msgs
-- Installing: /home/autoware/Autoware/install/autoware_msgs/share/common-lisp/ros/autoware_msgs/msg
-- Installing: /home/autoware/Autoware/install/autoware_msgs/share/common-lisp/ros/autoware_msgs/msg/_package_Lane.lisp
-- Installing: /home/autoware/Autoware/install/autoware_msgs/share/common-lisp/ros/autoware_msgs/msg/_package_ExtractedPosition.lisp
-- Installing: /home/autoware/Autoware/install/autoware_msgs/share/common-lisp/ros/autoware_msgs/msg/_package_AccelCmd.lisp
-- Installing: /home/autoware/Autoware/install/autoware_msgs/share/common-lisp/ros/autoware_msgs/msg/CloudCluster.lisp
-- Installing: /home/autoware/Autoware/install/autoware_msgs/share/common-lisp/ros/autoware_msgs/msg/_package_CloudClusterArray.lisp
-- Installing: /home/autoware/Autoware/install/autoware_msgs/share/common-lisp/ros/autoware_msgs/msg/_package_TunedResult.lisp
-- Installing: /home/autoware/Autoware/install/autoware_msgs/share/common-lisp/ros/autoware_msgs/msg/ValueSet.lisp
-- Installing: /home/autoware/Autoware/install/autoware_msgs/share/common-lisp/ros/autoware_msgs/msg/RemoteCmd.lisp
-- Installing: /home/autoware/Autoware/install/autoware_msgs/share/common-lisp/ros/autoware_msgs/msg/ScanImage.lisp
-- Installing: /home/autoware/Autoware/install/autoware_msgs/share/common-lisp/ros/autoware_msgs/msg/_package_TrafficLightResult.lisp
-- Installing: /home/autoware/Autoware/install/autoware_msgs/share/common-lisp/ros/autoware_msgs/msg/_package_CloudCluster.lisp
-- Installing: /home/autoware/Autoware/install/autoware_msgs/share/common-lisp/ros/autoware_msgs/msg/_package.lisp
-- Installing: /home/autoware/Autoware/install/autoware_msgs/share/common-lisp/ros/autoware_msgs/msg/VehicleLocation.lisp
-- Installing: /home/autoware/Autoware/install/autoware_msgs/share/common-lisp/ros/autoware_msgs/msg/BrakeCmd.lisp
-- Installing: /home/autoware/Autoware/install/autoware_msgs/share/common-lisp/ros/autoware_msgs/msg/NDTStat.lisp
-- Installing: /home/autoware/Autoware/install/autoware_msgs/share/common-lisp/ros/autoware_msgs/msg/_package_DetectedObjectArray.lisp
-- Installing: /home/autoware/Autoware/install/autoware_msgs/share/common-lisp/ros/autoware_msgs/msg/ControlCommand.lisp
-- Installing: /home/autoware/Autoware/install/autoware_msgs/share/common-lisp/ros/autoware_msgs/msg/_package_ICPStat.lisp
-- Installing: /home/autoware/Autoware/install/autoware_msgs/share/common-lisp/ros/autoware_msgs/msg/SyncTimeMonitor.lisp
-- Installing: /home/autoware/Autoware/install/autoware_msgs/share/common-lisp/ros/autoware_msgs/msg/_package_IndicatorCmd.lisp
-- Installing: /home/autoware/Autoware/install/autoware_msgs/share/common-lisp/ros/autoware_msgs/msg/_package_TrafficLightResultArray.lisp
-- Installing: /home/autoware/Autoware/install/autoware_msgs/share/common-lisp/ros/autoware_msgs/msg/VehicleCmd.lisp
-- Installing: /home/autoware/Autoware/install/autoware_msgs/share/common-lisp/ros/autoware_msgs/msg/ImageRectRanged.lisp
-- Installing: /home/autoware/Autoware/install/autoware_msgs/share/common-lisp/ros/autoware_msgs/msg/ImageRect.lisp
-- Installing: /home/autoware/Autoware/install/autoware_msgs/share/common-lisp/ros/autoware_msgs/msg/TrafficLightResult.lisp
-- Installing: /home/autoware/Autoware/install/autoware_msgs/share/common-lisp/ros/autoware_msgs/msg/_package_ColorSet.lisp
-- Installing: /home/autoware/Autoware/install/autoware_msgs/share/common-lisp/ros/autoware_msgs/msg/_package_State.lisp
-- Installing: /home/autoware/Autoware/install/autoware_msgs/share/common-lisp/ros/autoware_msgs/msg/_package_ControlCommand.lisp
-- Installing: /home/autoware/Autoware/install/autoware_msgs/share/common-lisp/ros/autoware_msgs/msg/AccelCmd.lisp
-- Installing: /home/autoware/Autoware/install/autoware_msgs/share/common-lisp/ros/autoware_msgs/msg/_package_LampCmd.lisp
-- Installing: /home/autoware/Autoware/install/autoware_msgs/share/common-lisp/ros/autoware_msgs/msg/_package_NDTStat.lisp
-- Installing: /home/autoware/Autoware/install/autoware_msgs/share/common-lisp/ros/autoware_msgs/msg/_package_SyncTimeMonitor.lisp
-- Installing: /home/autoware/Autoware/install/autoware_msgs/share/common-lisp/ros/autoware_msgs/msg/_package_RemoteCmd.lisp
-- Installing: /home/autoware/Autoware/install/autoware_msgs/share/common-lisp/ros/autoware_msgs/msg/CloudClusterArray.lisp
-- Installing: /home/autoware/Autoware/install/autoware_msgs/share/common-lisp/ros/autoware_msgs/msg/_package_ImageRectRanged.lisp
-- Installing: /home/autoware/Autoware/install/autoware_msgs/share/common-lisp/ros/autoware_msgs/msg/_package_VehicleCmd.lisp
-- Installing: /home/autoware/Autoware/install/autoware_msgs/share/common-lisp/ros/autoware_msgs/msg/ObjPose.lisp
-- Installing: /home/autoware/Autoware/install/autoware_msgs/share/common-lisp/ros/autoware_msgs/msg/ImageObjRanged.lisp
-- Installing: /home/autoware/Autoware/install/autoware_msgs/share/common-lisp/ros/autoware_msgs/msg/ImageObjects.lisp
-- Installing: /home/autoware/Autoware/install/autoware_msgs/share/common-lisp/ros/autoware_msgs/msg/LampCmd.lisp
-- Installing: /home/autoware/Autoware/install/autoware_msgs/share/common-lisp/ros/autoware_msgs/msg/_package_SteerCmd.lisp
-- Installing: /home/autoware/Autoware/install/autoware_msgs/share/common-lisp/ros/autoware_msgs/msg/_package_VehicleLocation.lisp
-- Installing: /home/autoware/Autoware/install/autoware_msgs/share/common-lisp/ros/autoware_msgs/msg/VehicleStatus.lisp
-- Installing: /home/autoware/Autoware/install/autoware_msgs/share/common-lisp/ros/autoware_msgs/msg/ImageLaneObjects.lisp
-- Installing: /home/autoware/Autoware/install/autoware_msgs/share/common-lisp/ros/autoware_msgs/msg/StateCmd.lisp
-- Installing: /home/autoware/Autoware/install/autoware_msgs/share/common-lisp/ros/autoware_msgs/msg/GeometricRectangle.lisp
-- Installing: /home/autoware/Autoware/install/autoware_msgs/share/common-lisp/ros/autoware_msgs/msg/autoware_msgs-msg.asd
-- Installing: /home/autoware/Autoware/install/autoware_msgs/share/common-lisp/ros/autoware_msgs/msg/TrafficLightResultArray.lisp
-- Installing: /home/autoware/Autoware/install/autoware_msgs/share/common-lisp/ros/autoware_msgs/msg/DTLane.lisp
-- Installing: /home/autoware/Autoware/install/autoware_msgs/share/common-lisp/ros/autoware_msgs/msg/ColorSet.lisp
-- Installing: /home/autoware/Autoware/install/autoware_msgs/share/common-lisp/ros/autoware_msgs/msg/State.lisp
-- Installing: /home/autoware/Autoware/install/autoware_msgs/share/common-lisp/ros/autoware_msgs/msg/_package_StateCmd.lisp
-- Installing: /home/autoware/Autoware/install/autoware_msgs/share/common-lisp/ros/autoware_msgs/msg/_package_ProjectionMatrix.lisp
-- Installing: /home/autoware/Autoware/install/autoware_msgs/share/common-lisp/ros/autoware_msgs/msg/WaypointState.lisp
-- Installing: /home/autoware/Autoware/install/autoware_msgs/share/common-lisp/ros/autoware_msgs/msg/AdjustXY.lisp
-- Installing: /home/autoware/Autoware/install/autoware_msgs/share/common-lisp/ros/autoware_msgs/msg/_package_ImageObjRanged.lisp
-- Installing: /home/autoware/Autoware/install/autoware_msgs/share/common-lisp/ros/autoware_msgs/msg/_package_ImageObj.lisp
-- Installing: /home/autoware/Autoware/install/autoware_msgs/share/common-lisp/ros/autoware_msgs/msg/_package_ValueSet.lisp
-- Installing: /home/autoware/Autoware/install/autoware_msgs/share/common-lisp/ros/autoware_msgs/msg/ImageObjTracked.lisp
-- Installing: /home/autoware/Autoware/install/autoware_msgs/share/common-lisp/ros/autoware_msgs/msg/ExtractedPosition.lisp
-- Installing: /home/autoware/Autoware/install/autoware_msgs/share/common-lisp/ros/autoware_msgs/msg/_package_GeometricRectangle.lisp
-- Installing: /home/autoware/Autoware/install/autoware_msgs/share/common-lisp/ros/autoware_msgs/msg/_package_Gear.lisp
-- Installing: /home/autoware/Autoware/install/autoware_msgs/share/common-lisp/ros/autoware_msgs/msg/_package_SyncTimeDiff.lisp
-- Installing: /home/autoware/Autoware/install/autoware_msgs/share/common-lisp/ros/autoware_msgs/msg/VscanTrackedArray.lisp
-- Installing: /home/autoware/Autoware/install/autoware_msgs/share/common-lisp/ros/autoware_msgs/msg/Waypoint.lisp
-- Installing: /home/autoware/Autoware/install/autoware_msgs/share/common-lisp/ros/autoware_msgs/msg/DetectedObjectArray.lisp
-- Installing: /home/autoware/Autoware/install/autoware_msgs/share/common-lisp/ros/autoware_msgs/msg/_package_Waypoint.lisp
-- Installing: /home/autoware/Autoware/install/autoware_msgs/share/common-lisp/ros/autoware_msgs/msg/PointsImage.lisp
-- Installing: /home/autoware/Autoware/install/autoware_msgs/share/common-lisp/ros/autoware_msgs/msg/ImageObj.lisp
-- Installing: /home/autoware/Autoware/install/autoware_msgs/share/common-lisp/ros/autoware_msgs/msg/DetectedObject.lisp
-- Installing: /home/autoware/Autoware/install/autoware_msgs/share/common-lisp/ros/autoware_msgs/msg/_package_ImageLaneObjects.lisp
-- Installing: /home/autoware/Autoware/install/autoware_msgs/share/common-lisp/ros/autoware_msgs/msg/Lane.lisp
-- Installing: /home/autoware/Autoware/install/autoware_msgs/share/common-lisp/ros/autoware_msgs/msg/ProjectionMatrix.lisp
-- Installing: /home/autoware/Autoware/install/autoware_msgs/share/common-lisp/ros/autoware_msgs/msg/TrafficLight.lisp
-- Installing: /home/autoware/Autoware/install/autoware_msgs/share/common-lisp/ros/autoware_msgs/msg/Gear.lisp
-- Installing: /home/autoware/Autoware/install/autoware_msgs/share/common-lisp/ros/autoware_msgs/msg/_package_DetectedObject.lisp
-- Installing: /home/autoware/Autoware/install/autoware_msgs/share/common-lisp/ros/autoware_msgs/msg/_package_ImageRect.lisp
-- Installing: /home/autoware/Autoware/install/autoware_msgs/share/common-lisp/ros/autoware_msgs/msg/SteerCmd.lisp
-- Installing: /home/autoware/Autoware/install/autoware_msgs/share/common-lisp/ros/autoware_msgs/msg/VscanTracked.lisp
-- Installing: /home/autoware/Autoware/install/autoware_msgs/share/common-lisp/ros/autoware_msgs/msg/_package_AdjustXY.lisp
-- Installing: /home/autoware/Autoware/install/autoware_msgs/share/common-lisp/ros/autoware_msgs/msg/_package_ScanImage.lisp
-- Installing: /home/autoware/Autoware/install/autoware_msgs/share/common-lisp/ros/autoware_msgs/msg/Centroids.lisp
-- Installing: /home/autoware/Autoware/install/autoware_msgs/share/common-lisp/ros/autoware_msgs/msg/_package_ControlCommandStamped.lisp
-- Installing: /home/autoware/Autoware/install/autoware_msgs/share/common-lisp/ros/autoware_msgs/msg/_package_Signals.lisp
-- Installing: /home/autoware/Autoware/install/autoware_msgs/share/common-lisp/ros/autoware_msgs/msg/_package_ObjPose.lisp
-- Installing: /home/autoware/Autoware/install/autoware_msgs/share/common-lisp/ros/autoware_msgs/msg/ObjLabel.lisp
-- Installing: /home/autoware/Autoware/install/autoware_msgs/share/common-lisp/ros/autoware_msgs/msg/_package_TrafficLight.lisp
-- Installing: /home/autoware/Autoware/install/autoware_msgs/share/common-lisp/ros/autoware_msgs/msg/_package_ObjLabel.lisp
-- Installing: /home/autoware/Autoware/install/autoware_msgs/share/common-lisp/ros/autoware_msgs/msg/_package_ImageObjTracked.lisp
-- Installing: /home/autoware/Autoware/install/autoware_msgs/share/common-lisp/ros/autoware_msgs/msg/_package_LaneArray.lisp
-- Installing: /home/autoware/Autoware/install/autoware_msgs/share/common-lisp/ros/autoware_msgs/msg/_package_VscanTracked.lisp
-- Installing: /home/autoware/Autoware/install/autoware_msgs/share/common-lisp/ros/autoware_msgs/msg/_package_WaypointState.lisp
-- Installing: /home/autoware/Autoware/install/autoware_msgs/share/common-lisp/ros/autoware_msgs/msg/_package_DTLane.lisp
-- Installing: /home/autoware/Autoware/install/autoware_msgs/share/common-lisp/ros/autoware_msgs/msg/_package_ImageObjects.lisp
-- Installing: /home/autoware/Autoware/install/autoware_msgs/share/common-lisp/ros/autoware_msgs/msg/_package_VehicleStatus.lisp
-- Installing: /home/autoware/Autoware/install/autoware_msgs/share/common-lisp/ros/autoware_msgs/msg/LaneArray.lisp
-- Installing: /home/autoware/Autoware/install/autoware_msgs/share/common-lisp/ros/autoware_msgs/msg/SyncTimeDiff.lisp
-- Installing: /home/autoware/Autoware/install/autoware_msgs/share/common-lisp/ros/autoware_msgs/msg/ICPStat.lisp
-- Installing: /home/autoware/Autoware/install/autoware_msgs/share/common-lisp/ros/autoware_msgs/msg/_package_Centroids.lisp
-- Installing: /home/autoware/Autoware/install/autoware_msgs/share/common-lisp/ros/autoware_msgs/msg/_package_VscanTrackedArray.lisp
-- Installing: /home/autoware/Autoware/install/autoware_msgs/share/common-lisp/ros/autoware_msgs/msg/Signals.lisp
-- Installing: /home/autoware/Autoware/install/autoware_msgs/share/common-lisp/ros/autoware_msgs/msg/TunedResult.lisp
-- Installing: /home/autoware/Autoware/install/autoware_msgs/share/common-lisp/ros/autoware_msgs/msg/_package_PointsImage.lisp
-- Installing: /home/autoware/Autoware/install/autoware_msgs/share/common-lisp/ros/autoware_msgs/msg/ControlCommandStamped.lisp
-- Installing: /home/autoware/Autoware/install/autoware_msgs/share/common-lisp/ros/autoware_msgs/msg/IndicatorCmd.lisp
-- Installing: /home/autoware/Autoware/install/autoware_msgs/share/common-lisp/ros/autoware_msgs/msg/_package_BrakeCmd.lisp
-- Installing: /home/autoware/Autoware/install/autoware_msgs/share/common-lisp/ros/autoware_msgs/srv
-- Installing: /home/autoware/Autoware/install/autoware_msgs/share/common-lisp/ros/autoware_msgs/srv/_package.lisp
-- Installing: /home/autoware/Autoware/install/autoware_msgs/share/common-lisp/ros/autoware_msgs/srv/autoware_msgs-srv.asd
-- Installing: /home/autoware/Autoware/install/autoware_msgs/share/common-lisp/ros/autoware_msgs/srv/_package_RecognizeLightState.lisp
-- Installing: /home/autoware/Autoware/install/autoware_msgs/share/common-lisp/ros/autoware_msgs/srv/RecognizeLightState.lisp
-- Installing: /home/autoware/Autoware/install/autoware_msgs/share/gennodejs/ros/autoware_msgs
-- Installing: /home/autoware/Autoware/install/autoware_msgs/share/gennodejs/ros/autoware_msgs/msg
-- Installing: /home/autoware/Autoware/install/autoware_msgs/share/gennodejs/ros/autoware_msgs/msg/DetectedObjectArray.js
-- Installing: /home/autoware/Autoware/install/autoware_msgs/share/gennodejs/ros/autoware_msgs/msg/Waypoint.js
-- Installing: /home/autoware/Autoware/install/autoware_msgs/share/gennodejs/ros/autoware_msgs/msg/ICPStat.js
-- Installing: /home/autoware/Autoware/install/autoware_msgs/share/gennodejs/ros/autoware_msgs/msg/VscanTrackedArray.js
-- Installing: /home/autoware/Autoware/install/autoware_msgs/share/gennodejs/ros/autoware_msgs/msg/LaneArray.js
-- Installing: /home/autoware/Autoware/install/autoware_msgs/share/gennodejs/ros/autoware_msgs/msg/CloudCluster.js
-- Installing: /home/autoware/Autoware/install/autoware_msgs/share/gennodejs/ros/autoware_msgs/msg/Lane.js
-- Installing: /home/autoware/Autoware/install/autoware_msgs/share/gennodejs/ros/autoware_msgs/msg/AdjustXY.js
-- Installing: /home/autoware/Autoware/install/autoware_msgs/share/gennodejs/ros/autoware_msgs/msg/ExtractedPosition.js
-- Installing: /home/autoware/Autoware/install/autoware_msgs/share/gennodejs/ros/autoware_msgs/msg/ImageRectRanged.js
-- Installing: /home/autoware/Autoware/install/autoware_msgs/share/gennodejs/ros/autoware_msgs/msg/SyncTimeDiff.js
-- Installing: /home/autoware/Autoware/install/autoware_msgs/share/gennodejs/ros/autoware_msgs/msg/BrakeCmd.js
-- Installing: /home/autoware/Autoware/install/autoware_msgs/share/gennodejs/ros/autoware_msgs/msg/ImageObj.js
-- Installing: /home/autoware/Autoware/install/autoware_msgs/share/gennodejs/ros/autoware_msgs/msg/ImageLaneObjects.js
-- Installing: /home/autoware/Autoware/install/autoware_msgs/share/gennodejs/ros/autoware_msgs/msg/IndicatorCmd.js
-- Installing: /home/autoware/Autoware/install/autoware_msgs/share/gennodejs/ros/autoware_msgs/msg/ObjLabel.js
-- Installing: /home/autoware/Autoware/install/autoware_msgs/share/gennodejs/ros/autoware_msgs/msg/TrafficLight.js
-- Installing: /home/autoware/Autoware/install/autoware_msgs/share/gennodejs/ros/autoware_msgs/msg/TunedResult.js
-- Installing: /home/autoware/Autoware/install/autoware_msgs/share/gennodejs/ros/autoware_msgs/msg/ObjPose.js
-- Installing: /home/autoware/Autoware/install/autoware_msgs/share/gennodejs/ros/autoware_msgs/msg/Centroids.js
-- Installing: /home/autoware/Autoware/install/autoware_msgs/share/gennodejs/ros/autoware_msgs/msg/NDTStat.js
-- Installing: /home/autoware/Autoware/install/autoware_msgs/share/gennodejs/ros/autoware_msgs/msg/ImageObjects.js
-- Installing: /home/autoware/Autoware/install/autoware_msgs/share/gennodejs/ros/autoware_msgs/msg/ProjectionMatrix.js
-- Installing: /home/autoware/Autoware/install/autoware_msgs/share/gennodejs/ros/autoware_msgs/msg/_index.js
-- Installing: /home/autoware/Autoware/install/autoware_msgs/share/gennodejs/ros/autoware_msgs/msg/RemoteCmd.js
-- Installing: /home/autoware/Autoware/install/autoware_msgs/share/gennodejs/ros/autoware_msgs/msg/TrafficLightResult.js
-- Installing: /home/autoware/Autoware/install/autoware_msgs/share/gennodejs/ros/autoware_msgs/msg/DTLane.js
-- Installing: /home/autoware/Autoware/install/autoware_msgs/share/gennodejs/ros/autoware_msgs/msg/ControlCommandStamped.js
-- Installing: /home/autoware/Autoware/install/autoware_msgs/share/gennodejs/ros/autoware_msgs/msg/TrafficLightResultArray.js
-- Installing: /home/autoware/Autoware/install/autoware_msgs/share/gennodejs/ros/autoware_msgs/msg/WaypointState.js
-- Installing: /home/autoware/Autoware/install/autoware_msgs/share/gennodejs/ros/autoware_msgs/msg/ImageObjTracked.js
-- Installing: /home/autoware/Autoware/install/autoware_msgs/share/gennodejs/ros/autoware_msgs/msg/StateCmd.js
-- Installing: /home/autoware/Autoware/install/autoware_msgs/share/gennodejs/ros/autoware_msgs/msg/DetectedObject.js
-- Installing: /home/autoware/Autoware/install/autoware_msgs/share/gennodejs/ros/autoware_msgs/msg/ColorSet.js
-- Installing: /home/autoware/Autoware/install/autoware_msgs/share/gennodejs/ros/autoware_msgs/msg/GeometricRectangle.js
-- Installing: /home/autoware/Autoware/install/autoware_msgs/share/gennodejs/ros/autoware_msgs/msg/Gear.js
-- Installing: /home/autoware/Autoware/install/autoware_msgs/share/gennodejs/ros/autoware_msgs/msg/CloudClusterArray.js
-- Installing: /home/autoware/Autoware/install/autoware_msgs/share/gennodejs/ros/autoware_msgs/msg/AccelCmd.js
-- Installing: /home/autoware/Autoware/install/autoware_msgs/share/gennodejs/ros/autoware_msgs/msg/State.js
-- Installing: /home/autoware/Autoware/install/autoware_msgs/share/gennodejs/ros/autoware_msgs/msg/PointsImage.js
-- Installing: /home/autoware/Autoware/install/autoware_msgs/share/gennodejs/ros/autoware_msgs/msg/ImageRect.js
-- Installing: /home/autoware/Autoware/install/autoware_msgs/share/gennodejs/ros/autoware_msgs/msg/Signals.js
-- Installing: /home/autoware/Autoware/install/autoware_msgs/share/gennodejs/ros/autoware_msgs/msg/VehicleLocation.js
-- Installing: /home/autoware/Autoware/install/autoware_msgs/share/gennodejs/ros/autoware_msgs/msg/SteerCmd.js
-- Installing: /home/autoware/Autoware/install/autoware_msgs/share/gennodejs/ros/autoware_msgs/msg/VscanTracked.js
-- Installing: /home/autoware/Autoware/install/autoware_msgs/share/gennodejs/ros/autoware_msgs/msg/VehicleStatus.js
-- Installing: /home/autoware/Autoware/install/autoware_msgs/share/gennodejs/ros/autoware_msgs/msg/ImageObjRanged.js
-- Installing: /home/autoware/Autoware/install/autoware_msgs/share/gennodejs/ros/autoware_msgs/msg/SyncTimeMonitor.js
-- Installing: /home/autoware/Autoware/install/autoware_msgs/share/gennodejs/ros/autoware_msgs/msg/LampCmd.js
-- Installing: /home/autoware/Autoware/install/autoware_msgs/share/gennodejs/ros/autoware_msgs/msg/ScanImage.js
-- Installing: /home/autoware/Autoware/install/autoware_msgs/share/gennodejs/ros/autoware_msgs/msg/VehicleCmd.js
-- Installing: /home/autoware/Autoware/install/autoware_msgs/share/gennodejs/ros/autoware_msgs/msg/ControlCommand.js
-- Installing: /home/autoware/Autoware/install/autoware_msgs/share/gennodejs/ros/autoware_msgs/msg/ValueSet.js
-- Installing: /home/autoware/Autoware/install/autoware_msgs/share/gennodejs/ros/autoware_msgs/srv
-- Installing: /home/autoware/Autoware/install/autoware_msgs/share/gennodejs/ros/autoware_msgs/srv/RecognizeLightState.js
-- Installing: /home/autoware/Autoware/install/autoware_msgs/share/gennodejs/ros/autoware_msgs/srv/_index.js
-- Installing: /home/autoware/Autoware/install/autoware_msgs/share/gennodejs/ros/autoware_msgs/_index.js
Listing /home/autoware/Autoware/build/autoware_msgs/devel/lib/python2.7/dist-packages/autoware_msgs ...
Compiling /home/autoware/Autoware/build/autoware_msgs/devel/lib/python2.7/dist-packages/autoware_msgs/__init__.py ...
Listing /home/autoware/Autoware/build/autoware_msgs/devel/lib/python2.7/dist-packages/autoware_msgs/msg ...
Compiling /home/autoware/Autoware/build/autoware_msgs/devel/lib/python2.7/dist-packages/autoware_msgs/msg/_AccelCmd.py ...
Compiling /home/autoware/Autoware/build/autoware_msgs/devel/lib/python2.7/dist-packages/autoware_msgs/msg/_AdjustXY.py ...
Compiling /home/autoware/Autoware/build/autoware_msgs/devel/lib/python2.7/dist-packages/autoware_msgs/msg/_BrakeCmd.py ...
Compiling /home/autoware/Autoware/build/autoware_msgs/devel/lib/python2.7/dist-packages/autoware_msgs/msg/_Centroids.py ...
Compiling /home/autoware/Autoware/build/autoware_msgs/devel/lib/python2.7/dist-packages/autoware_msgs/msg/_CloudCluster.py ...
Compiling /home/autoware/Autoware/build/autoware_msgs/devel/lib/python2.7/dist-packages/autoware_msgs/msg/_CloudClusterArray.py ...
Compiling /home/autoware/Autoware/build/autoware_msgs/devel/lib/python2.7/dist-packages/autoware_msgs/msg/_ColorSet.py ...
Compiling /home/autoware/Autoware/build/autoware_msgs/devel/lib/python2.7/dist-packages/autoware_msgs/msg/_ControlCommand.py ...
Compiling /home/autoware/Autoware/build/autoware_msgs/devel/lib/python2.7/dist-packages/autoware_msgs/msg/_ControlCommandStamped.py ...
Compiling /home/autoware/Autoware/build/autoware_msgs/devel/lib/python2.7/dist-packages/autoware_msgs/msg/_DTLane.py ...
Compiling /home/autoware/Autoware/build/autoware_msgs/devel/lib/python2.7/dist-packages/autoware_msgs/msg/_DetectedObject.py ...
Compiling /home/autoware/Autoware/build/autoware_msgs/devel/lib/python2.7/dist-packages/autoware_msgs/msg/_DetectedObjectArray.py ...
Compiling /home/autoware/Autoware/build/autoware_msgs/devel/lib/python2.7/dist-packages/autoware_msgs/msg/_ExtractedPosition.py ...
Compiling /home/autoware/Autoware/build/autoware_msgs/devel/lib/python2.7/dist-packages/autoware_msgs/msg/_Gear.py ...
Compiling /home/autoware/Autoware/build/autoware_msgs/devel/lib/python2.7/dist-packages/autoware_msgs/msg/_GeometricRectangle.py ...
Compiling /home/autoware/Autoware/build/autoware_msgs/devel/lib/python2.7/dist-packages/autoware_msgs/msg/_ICPStat.py ...
Compiling /home/autoware/Autoware/build/autoware_msgs/devel/lib/python2.7/dist-packages/autoware_msgs/msg/_ImageLaneObjects.py ...
Compiling /home/autoware/Autoware/build/autoware_msgs/devel/lib/python2.7/dist-packages/autoware_msgs/msg/_ImageObj.py ...
Compiling /home/autoware/Autoware/build/autoware_msgs/devel/lib/python2.7/dist-packages/autoware_msgs/msg/_ImageObjRanged.py ...
Compiling /home/autoware/Autoware/build/autoware_msgs/devel/lib/python2.7/dist-packages/autoware_msgs/msg/_ImageObjTracked.py ...
Compiling /home/autoware/Autoware/build/autoware_msgs/devel/lib/python2.7/dist-packages/autoware_msgs/msg/_ImageObjects.py ...
Compiling /home/autoware/Autoware/build/autoware_msgs/devel/lib/python2.7/dist-packages/autoware_msgs/msg/_ImageRect.py ...
Compiling /home/autoware/Autoware/build/autoware_msgs/devel/lib/python2.7/dist-packages/autoware_msgs/msg/_ImageRectRanged.py ...
Compiling /home/autoware/Autoware/build/autoware_msgs/devel/lib/python2.7/dist-packages/autoware_msgs/msg/_IndicatorCmd.py ...
Compiling /home/autoware/Autoware/build/autoware_msgs/devel/lib/python2.7/dist-packages/autoware_msgs/msg/_LampCmd.py ...
Compiling /home/autoware/Autoware/build/autoware_msgs/devel/lib/python2.7/dist-packages/autoware_msgs/msg/_Lane.py ...
Compiling /home/autoware/Autoware/build/autoware_msgs/devel/lib/python2.7/dist-packages/autoware_msgs/msg/_LaneArray.py ...
Compiling /home/autoware/Autoware/build/autoware_msgs/devel/lib/python2.7/dist-packages/autoware_msgs/msg/_NDTStat.py ...
Compiling /home/autoware/Autoware/build/autoware_msgs/devel/lib/python2.7/dist-packages/autoware_msgs/msg/_ObjLabel.py ...
Compiling /home/autoware/Autoware/build/autoware_msgs/devel/lib/python2.7/dist-packages/autoware_msgs/msg/_ObjPose.py ...
Compiling /home/autoware/Autoware/build/autoware_msgs/devel/lib/python2.7/dist-packages/autoware_msgs/msg/_PointsImage.py ...
Compiling /home/autoware/Autoware/build/autoware_msgs/devel/lib/python2.7/dist-packages/autoware_msgs/msg/_ProjectionMatrix.py ...
Compiling /home/autoware/Autoware/build/autoware_msgs/devel/lib/python2.7/dist-packages/autoware_msgs/msg/_RemoteCmd.py ...
Compiling /home/autoware/Autoware/build/autoware_msgs/devel/lib/python2.7/dist-packages/autoware_msgs/msg/_ScanImage.py ...
Compiling /home/autoware/Autoware/build/autoware_msgs/devel/lib/python2.7/dist-packages/autoware_msgs/msg/_Signals.py ...
Compiling /home/autoware/Autoware/build/autoware_msgs/devel/lib/python2.7/dist-packages/autoware_msgs/msg/_State.py ...
Compiling /home/autoware/Autoware/build/autoware_msgs/devel/lib/python2.7/dist-packages/autoware_msgs/msg/_StateCmd.py ...
Compiling /home/autoware/Autoware/build/autoware_msgs/devel/lib/python2.7/dist-packages/autoware_msgs/msg/_SteerCmd.py ...
Compiling /home/autoware/Autoware/build/autoware_msgs/devel/lib/python2.7/dist-packages/autoware_msgs/msg/_SyncTimeDiff.py ...
Compiling /home/autoware/Autoware/build/autoware_msgs/devel/lib/python2.7/dist-packages/autoware_msgs/msg/_SyncTimeMonitor.py ...
Compiling /home/autoware/Autoware/build/autoware_msgs/devel/lib/python2.7/dist-packages/autoware_msgs/msg/_TrafficLight.py ...
Compiling /home/autoware/Autoware/build/autoware_msgs/devel/lib/python2.7/dist-packages/autoware_msgs/msg/_TrafficLightResult.py ...
Compiling /home/autoware/Autoware/build/autoware_msgs/devel/lib/python2.7/dist-packages/autoware_msgs/msg/_TrafficLightResultArray.py ...
Compiling /home/autoware/Autoware/build/autoware_msgs/devel/lib/python2.7/dist-packages/autoware_msgs/msg/_TunedResult.py ...
Compiling /home/autoware/Autoware/build/autoware_msgs/devel/lib/python2.7/dist-packages/autoware_msgs/msg/_ValueSet.py ...
Compiling /home/autoware/Autoware/build/autoware_msgs/devel/lib/python2.7/dist-packages/autoware_msgs/msg/_VehicleCmd.py ...
Compiling /home/autoware/Autoware/build/autoware_msgs/devel/lib/python2.7/dist-packages/autoware_msgs/msg/_VehicleLocation.py ...
Compiling /home/autoware/Autoware/build/autoware_msgs/devel/lib/python2.7/dist-packages/autoware_msgs/msg/_VehicleStatus.py ...
Compiling /home/autoware/Autoware/build/autoware_msgs/devel/lib/python2.7/dist-packages/autoware_msgs/msg/_VscanTracked.py ...
Compiling /home/autoware/Autoware/build/autoware_msgs/devel/lib/python2.7/dist-packages/autoware_msgs/msg/_VscanTrackedArray.py ...
Compiling /home/autoware/Autoware/build/autoware_msgs/devel/lib/python2.7/dist-packages/autoware_msgs/msg/_Waypoint.py ...
Compiling /home/autoware/Autoware/build/autoware_msgs/devel/lib/python2.7/dist-packages/autoware_msgs/msg/_WaypointState.py ...
Compiling /home/autoware/Autoware/build/autoware_msgs/devel/lib/python2.7/dist-packages/autoware_msgs/msg/__init__.py ...
Listing /home/autoware/Autoware/build/autoware_msgs/devel/lib/python2.7/dist-packages/autoware_msgs/srv ...
Compiling /home/autoware/Autoware/build/autoware_msgs/devel/lib/python2.7/dist-packages/autoware_msgs/srv/_RecognizeLightState.py ...
Compiling /home/autoware/Autoware/build/autoware_msgs/devel/lib/python2.7/dist-packages/autoware_msgs/srv/__init__.py ...
-- Installing: /home/autoware/Autoware/install/autoware_msgs/lib/python2.7/dist-packages/autoware_msgs
-- Installing: /home/autoware/Autoware/install/autoware_msgs/lib/python2.7/dist-packages/autoware_msgs/msg
-- Installing: /home/autoware/Autoware/install/autoware_msgs/lib/python2.7/dist-packages/autoware_msgs/msg/_TrafficLight.pyc
-- Installing: /home/autoware/Autoware/install/autoware_msgs/lib/python2.7/dist-packages/autoware_msgs/msg/_State.py
-- Installing: /home/autoware/Autoware/install/autoware_msgs/lib/python2.7/dist-packages/autoware_msgs/msg/_TrafficLightResult.pyc
-- Installing: /home/autoware/Autoware/install/autoware_msgs/lib/python2.7/dist-packages/autoware_msgs/msg/_AccelCmd.py
-- Installing: /home/autoware/Autoware/install/autoware_msgs/lib/python2.7/dist-packages/autoware_msgs/msg/_TunedResult.pyc
-- Installing: /home/autoware/Autoware/install/autoware_msgs/lib/python2.7/dist-packages/autoware_msgs/msg/_LampCmd.pyc
-- Installing: /home/autoware/Autoware/install/autoware_msgs/lib/python2.7/dist-packages/autoware_msgs/msg/_LampCmd.py
-- Installing: /home/autoware/Autoware/install/autoware_msgs/lib/python2.7/dist-packages/autoware_msgs/msg/_VehicleStatus.pyc
-- Installing: /home/autoware/Autoware/install/autoware_msgs/lib/python2.7/dist-packages/autoware_msgs/msg/_ProjectionMatrix.pyc
-- Installing: /home/autoware/Autoware/install/autoware_msgs/lib/python2.7/dist-packages/autoware_msgs/msg/_DetectedObject.py
-- Installing: /home/autoware/Autoware/install/autoware_msgs/lib/python2.7/dist-packages/autoware_msgs/msg/_ImageObjRanged.py
-- Installing: /home/autoware/Autoware/install/autoware_msgs/lib/python2.7/dist-packages/autoware_msgs/msg/_GeometricRectangle.py
-- Installing: /home/autoware/Autoware/install/autoware_msgs/lib/python2.7/dist-packages/autoware_msgs/msg/_ICPStat.py
-- Installing: /home/autoware/Autoware/install/autoware_msgs/lib/python2.7/dist-packages/autoware_msgs/msg/_ObjPose.py
-- Installing: /home/autoware/Autoware/install/autoware_msgs/lib/python2.7/dist-packages/autoware_msgs/msg/_AdjustXY.pyc
-- Installing: /home/autoware/Autoware/install/autoware_msgs/lib/python2.7/dist-packages/autoware_msgs/msg/_VehicleLocation.py
-- Installing: /home/autoware/Autoware/install/autoware_msgs/lib/python2.7/dist-packages/autoware_msgs/msg/_ObjLabel.py
-- Installing: /home/autoware/Autoware/install/autoware_msgs/lib/python2.7/dist-packages/autoware_msgs/msg/_VscanTracked.py
-- Installing: /home/autoware/Autoware/install/autoware_msgs/lib/python2.7/dist-packages/autoware_msgs/msg/_Gear.pyc
-- Installing: /home/autoware/Autoware/install/autoware_msgs/lib/python2.7/dist-packages/autoware_msgs/msg/_SyncTimeDiff.pyc
-- Installing: /home/autoware/Autoware/install/autoware_msgs/lib/python2.7/dist-packages/autoware_msgs/msg/_ControlCommand.py
-- Installing: /home/autoware/Autoware/install/autoware_msgs/lib/python2.7/dist-packages/autoware_msgs/msg/_VscanTracked.pyc
-- Installing: /home/autoware/Autoware/install/autoware_msgs/lib/python2.7/dist-packages/autoware_msgs/msg/_ImageRect.py
-- Installing: /home/autoware/Autoware/install/autoware_msgs/lib/python2.7/dist-packages/autoware_msgs/msg/_ICPStat.pyc
-- Installing: /home/autoware/Autoware/install/autoware_msgs/lib/python2.7/dist-packages/autoware_msgs/msg/_GeometricRectangle.pyc
-- Installing: /home/autoware/Autoware/install/autoware_msgs/lib/python2.7/dist-packages/autoware_msgs/msg/_CloudClusterArray.pyc
-- Installing: /home/autoware/Autoware/install/autoware_msgs/lib/python2.7/dist-packages/autoware_msgs/msg/_BrakeCmd.py
-- Installing: /home/autoware/Autoware/install/autoware_msgs/lib/python2.7/dist-packages/autoware_msgs/msg/_DetectedObjectArray.py
-- Installing: /home/autoware/Autoware/install/autoware_msgs/lib/python2.7/dist-packages/autoware_msgs/msg/_ControlCommandStamped.pyc
-- Installing: /home/autoware/Autoware/install/autoware_msgs/lib/python2.7/dist-packages/autoware_msgs/msg/_Lane.py
-- Installing: /home/autoware/Autoware/install/autoware_msgs/lib/python2.7/dist-packages/autoware_msgs/msg/_ObjPose.pyc
-- Installing: /home/autoware/Autoware/install/autoware_msgs/lib/python2.7/dist-packages/autoware_msgs/msg/_Centroids.pyc
-- Installing: /home/autoware/Autoware/install/autoware_msgs/lib/python2.7/dist-packages/autoware_msgs/msg/_VscanTrackedArray.pyc
-- Installing: /home/autoware/Autoware/install/autoware_msgs/lib/python2.7/dist-packages/autoware_msgs/msg/_AccelCmd.pyc
-- Installing: /home/autoware/Autoware/install/autoware_msgs/lib/python2.7/dist-packages/autoware_msgs/msg/_ControlCommand.pyc
-- Installing: /home/autoware/Autoware/install/autoware_msgs/lib/python2.7/dist-packages/autoware_msgs/msg/_ImageObjTracked.py
-- Installing: /home/autoware/Autoware/install/autoware_msgs/lib/python2.7/dist-packages/autoware_msgs/msg/_SyncTimeMonitor.py
-- Installing: /home/autoware/Autoware/install/autoware_msgs/lib/python2.7/dist-packages/autoware_msgs/msg/_ImageRect.pyc
-- Installing: /home/autoware/Autoware/install/autoware_msgs/lib/python2.7/dist-packages/autoware_msgs/msg/_NDTStat.py
-- Installing: /home/autoware/Autoware/install/autoware_msgs/lib/python2.7/dist-packages/autoware_msgs/msg/__init__.pyc
-- Installing: /home/autoware/Autoware/install/autoware_msgs/lib/python2.7/dist-packages/autoware_msgs/msg/_TrafficLightResultArray.pyc
-- Installing: /home/autoware/Autoware/install/autoware_msgs/lib/python2.7/dist-packages/autoware_msgs/msg/_ValueSet.py
-- Installing: /home/autoware/Autoware/install/autoware_msgs/lib/python2.7/dist-packages/autoware_msgs/msg/_ColorSet.py
-- Installing: /home/autoware/Autoware/install/autoware_msgs/lib/python2.7/dist-packages/autoware_msgs/msg/_Lane.pyc
-- Installing: /home/autoware/Autoware/install/autoware_msgs/lib/python2.7/dist-packages/autoware_msgs/msg/_Signals.pyc
-- Installing: /home/autoware/Autoware/install/autoware_msgs/lib/python2.7/dist-packages/autoware_msgs/msg/_VehicleCmd.py
-- Installing: /home/autoware/Autoware/install/autoware_msgs/lib/python2.7/dist-packages/autoware_msgs/msg/_ImageLaneObjects.pyc
-- Installing: /home/autoware/Autoware/install/autoware_msgs/lib/python2.7/dist-packages/autoware_msgs/msg/_ObjLabel.pyc
-- Installing: /home/autoware/Autoware/install/autoware_msgs/lib/python2.7/dist-packages/autoware_msgs/msg/_CloudCluster.py
-- Installing: /home/autoware/Autoware/install/autoware_msgs/lib/python2.7/dist-packages/autoware_msgs/msg/_VehicleCmd.pyc
-- Installing: /home/autoware/Autoware/install/autoware_msgs/lib/python2.7/dist-packages/autoware_msgs/msg/_ImageObjects.pyc
-- Installing: /home/autoware/Autoware/install/autoware_msgs/lib/python2.7/dist-packages/autoware_msgs/msg/_DetectedObject.pyc
-- Installing: /home/autoware/Autoware/install/autoware_msgs/lib/python2.7/dist-packages/autoware_msgs/msg/_VehicleLocation.pyc
-- Installing: /home/autoware/Autoware/install/autoware_msgs/lib/python2.7/dist-packages/autoware_msgs/msg/_ImageLaneObjects.py
-- Installing: /home/autoware/Autoware/install/autoware_msgs/lib/python2.7/dist-packages/autoware_msgs/msg/_StateCmd.py
-- Installing: /home/autoware/Autoware/install/autoware_msgs/lib/python2.7/dist-packages/autoware_msgs/msg/_IndicatorCmd.py
-- Installing: /home/autoware/Autoware/install/autoware_msgs/lib/python2.7/dist-packages/autoware_msgs/msg/_StateCmd.pyc
-- Installing: /home/autoware/Autoware/install/autoware_msgs/lib/python2.7/dist-packages/autoware_msgs/msg/_Waypoint.py
-- Installing: /home/autoware/Autoware/install/autoware_msgs/lib/python2.7/dist-packages/autoware_msgs/msg/_VehicleStatus.py
-- Installing: /home/autoware/Autoware/install/autoware_msgs/lib/python2.7/dist-packages/autoware_msgs/msg/_SteerCmd.py
-- Installing: /home/autoware/Autoware/install/autoware_msgs/lib/python2.7/dist-packages/autoware_msgs/msg/_ImageObj.py
-- Installing: /home/autoware/Autoware/install/autoware_msgs/lib/python2.7/dist-packages/autoware_msgs/msg/_ImageObjTracked.pyc
-- Installing: /home/autoware/Autoware/install/autoware_msgs/lib/python2.7/dist-packages/autoware_msgs/msg/_ImageObjects.py
-- Installing: /home/autoware/Autoware/install/autoware_msgs/lib/python2.7/dist-packages/autoware_msgs/msg/_WaypointState.py
-- Installing: /home/autoware/Autoware/install/autoware_msgs/lib/python2.7/dist-packages/autoware_msgs/msg/_Gear.py
-- Installing: /home/autoware/Autoware/install/autoware_msgs/lib/python2.7/dist-packages/autoware_msgs/msg/_RemoteCmd.pyc
-- Installing: /home/autoware/Autoware/install/autoware_msgs/lib/python2.7/dist-packages/autoware_msgs/msg/_ImageObj.pyc
-- Installing: /home/autoware/Autoware/install/autoware_msgs/lib/python2.7/dist-packages/autoware_msgs/msg/_LaneArray.py
-- Installing: /home/autoware/Autoware/install/autoware_msgs/lib/python2.7/dist-packages/autoware_msgs/msg/_ImageObjRanged.pyc
-- Installing: /home/autoware/Autoware/install/autoware_msgs/lib/python2.7/dist-packages/autoware_msgs/msg/_Waypoint.pyc
-- Installing: /home/autoware/Autoware/install/autoware_msgs/lib/python2.7/dist-packages/autoware_msgs/msg/_SyncTimeMonitor.pyc
-- Installing: /home/autoware/Autoware/install/autoware_msgs/lib/python2.7/dist-packages/autoware_msgs/msg/_ValueSet.pyc
-- Installing: /home/autoware/Autoware/install/autoware_msgs/lib/python2.7/dist-packages/autoware_msgs/msg/_DTLane.py
-- Installing: /home/autoware/Autoware/install/autoware_msgs/lib/python2.7/dist-packages/autoware_msgs/msg/_ExtractedPosition.py
-- Installing: /home/autoware/Autoware/install/autoware_msgs/lib/python2.7/dist-packages/autoware_msgs/msg/_SteerCmd.pyc
-- Installing: /home/autoware/Autoware/install/autoware_msgs/lib/python2.7/dist-packages/autoware_msgs/msg/_ImageRectRanged.py
-- Installing: /home/autoware/Autoware/install/autoware_msgs/lib/python2.7/dist-packages/autoware_msgs/msg/_WaypointState.pyc
-- Installing: /home/autoware/Autoware/install/autoware_msgs/lib/python2.7/dist-packages/autoware_msgs/msg/_TrafficLightResult.py
-- Installing: /home/autoware/Autoware/install/autoware_msgs/lib/python2.7/dist-packages/autoware_msgs/msg/_ImageRectRanged.pyc
-- Installing: /home/autoware/Autoware/install/autoware_msgs/lib/python2.7/dist-packages/autoware_msgs/msg/_State.pyc
-- Installing: /home/autoware/Autoware/install/autoware_msgs/lib/python2.7/dist-packages/autoware_msgs/msg/_SyncTimeDiff.py
-- Installing: /home/autoware/Autoware/install/autoware_msgs/lib/python2.7/dist-packages/autoware_msgs/msg/_ControlCommandStamped.py
-- Installing: /home/autoware/Autoware/install/autoware_msgs/lib/python2.7/dist-packages/autoware_msgs/msg/_BrakeCmd.pyc
-- Installing: /home/autoware/Autoware/install/autoware_msgs/lib/python2.7/dist-packages/autoware_msgs/msg/_VscanTrackedArray.py
-- Installing: /home/autoware/Autoware/install/autoware_msgs/lib/python2.7/dist-packages/autoware_msgs/msg/_AdjustXY.py
-- Installing: /home/autoware/Autoware/install/autoware_msgs/lib/python2.7/dist-packages/autoware_msgs/msg/_DTLane.pyc
-- Installing: /home/autoware/Autoware/install/autoware_msgs/lib/python2.7/dist-packages/autoware_msgs/msg/__init__.py
-- Installing: /home/autoware/Autoware/install/autoware_msgs/lib/python2.7/dist-packages/autoware_msgs/msg/_Centroids.py
-- Installing: /home/autoware/Autoware/install/autoware_msgs/lib/python2.7/dist-packages/autoware_msgs/msg/_IndicatorCmd.pyc
-- Installing: /home/autoware/Autoware/install/autoware_msgs/lib/python2.7/dist-packages/autoware_msgs/msg/_LaneArray.pyc
-- Installing: /home/autoware/Autoware/install/autoware_msgs/lib/python2.7/dist-packages/autoware_msgs/msg/_PointsImage.pyc
-- Installing: /home/autoware/Autoware/install/autoware_msgs/lib/python2.7/dist-packages/autoware_msgs/msg/_TrafficLight.py
-- Installing: /home/autoware/Autoware/install/autoware_msgs/lib/python2.7/dist-packages/autoware_msgs/msg/_ScanImage.py
-- Installing: /home/autoware/Autoware/install/autoware_msgs/lib/python2.7/dist-packages/autoware_msgs/msg/_CloudClusterArray.py
-- Installing: /home/autoware/Autoware/install/autoware_msgs/lib/python2.7/dist-packages/autoware_msgs/msg/_NDTStat.pyc
-- Installing: /home/autoware/Autoware/install/autoware_msgs/lib/python2.7/dist-packages/autoware_msgs/msg/_ExtractedPosition.pyc
-- Installing: /home/autoware/Autoware/install/autoware_msgs/lib/python2.7/dist-packages/autoware_msgs/msg/_ScanImage.pyc
-- Installing: /home/autoware/Autoware/install/autoware_msgs/lib/python2.7/dist-packages/autoware_msgs/msg/_ProjectionMatrix.py
-- Installing: /home/autoware/Autoware/install/autoware_msgs/lib/python2.7/dist-packages/autoware_msgs/msg/_PointsImage.py
-- Installing: /home/autoware/Autoware/install/autoware_msgs/lib/python2.7/dist-packages/autoware_msgs/msg/_TunedResult.py
-- Installing: /home/autoware/Autoware/install/autoware_msgs/lib/python2.7/dist-packages/autoware_msgs/msg/_ColorSet.pyc
-- Installing: /home/autoware/Autoware/install/autoware_msgs/lib/python2.7/dist-packages/autoware_msgs/msg/_CloudCluster.pyc
-- Installing: /home/autoware/Autoware/install/autoware_msgs/lib/python2.7/dist-packages/autoware_msgs/msg/_Signals.py
-- Installing: /home/autoware/Autoware/install/autoware_msgs/lib/python2.7/dist-packages/autoware_msgs/msg/_DetectedObjectArray.pyc
-- Installing: /home/autoware/Autoware/install/autoware_msgs/lib/python2.7/dist-packages/autoware_msgs/msg/_RemoteCmd.py
-- Installing: /home/autoware/Autoware/install/autoware_msgs/lib/python2.7/dist-packages/autoware_msgs/msg/_TrafficLightResultArray.py
-- Installing: /home/autoware/Autoware/install/autoware_msgs/lib/python2.7/dist-packages/autoware_msgs/srv
-- Installing: /home/autoware/Autoware/install/autoware_msgs/lib/python2.7/dist-packages/autoware_msgs/srv/__init__.pyc
-- Installing: /home/autoware/Autoware/install/autoware_msgs/lib/python2.7/dist-packages/autoware_msgs/srv/_RecognizeLightState.py
-- Installing: /home/autoware/Autoware/install/autoware_msgs/lib/python2.7/dist-packages/autoware_msgs/srv/__init__.py
-- Installing: /home/autoware/Autoware/install/autoware_msgs/lib/python2.7/dist-packages/autoware_msgs/srv/_RecognizeLightState.pyc
-- Installing: /home/autoware/Autoware/install/autoware_msgs/lib/python2.7/dist-packages/autoware_msgs/__init__.pyc
-- Installing: /home/autoware/Autoware/install/autoware_msgs/lib/python2.7/dist-packages/autoware_msgs/__init__.py
-- Installing: /home/autoware/Autoware/install/autoware_msgs/lib/pkgconfig/autoware_msgs.pc
-- Installing: /home/autoware/Autoware/install/autoware_msgs/share/autoware_msgs/cmake/autoware_msgs-msg-extras.cmake
-- Installing: /home/autoware/Autoware/install/autoware_msgs/share/autoware_msgs/cmake/autoware_msgsConfig.cmake
-- Installing: /home/autoware/Autoware/install/autoware_msgs/share/autoware_msgs/cmake/autoware_msgsConfig-version.cmake
-- Installing: /home/autoware/Autoware/install/autoware_msgs/share/autoware_msgs/package.xml
