-- The C compiler identification is GNU 7.5.0
-- The CXX compiler identification is GNU 7.5.0
-- Check for working C compiler: /usr/bin/cc
-- Check for working C compiler: /usr/bin/cc -- works
-- Detecting C compiler ABI info
-- Detecting C compiler ABI info - done
-- Detecting C compile features
-- Detecting C compile features - done
-- Check for working CXX compiler: /usr/bin/c++
-- Check for working CXX compiler: /usr/bin/c++ -- works
-- Detecting CXX compiler ABI info
-- Detecting CXX compiler ABI info - done
-- Detecting CXX compile features
-- Detecting CXX compile features - done
-- Using CATKIN_DEVEL_PREFIX: /home/autoware/Autoware/build/sick_ldmrs_driver/devel
-- Using CMAKE_PREFIX_PATH: /home/autoware/Autoware/install/sick_ldmrs_msgs;/home/autoware/Autoware/install/sick_ldmrs_description;/opt/ros/melodic
-- This workspace overlays: /home/autoware/Autoware/install/sick_ldmrs_msgs;/home/autoware/Autoware/install/sick_ldmrs_description;/opt/ros/melodic
-- Found PythonInterp: /usr/bin/python2 (found suitable version "2.7.17", minimum required is "2") 
-- Using PYTHON_EXECUTABLE: /usr/bin/python2
-- Using Debian Python package layout
-- Using empy: /usr/bin/empy
-- Using CATKIN_ENABLE_TESTING: ON
-- Call enable_testing()
-- Using CATKIN_TEST_RESULTS_DIR: /home/autoware/Autoware/build/sick_ldmrs_driver/test_results
-- Found gtest sources under '/usr/src/googletest': gtests will be built
-- Found gmock sources under '/usr/src/googletest': gmock will be built
-- Found PythonInterp: /usr/bin/python2 (found version "2.7.17") 
-- Looking for pthread.h
-- Looking for pthread.h - found
-- Looking for pthread_create
-- Looking for pthread_create - not found
-- Looking for pthread_create in pthreads
-- Looking for pthread_create in pthreads - not found
-- Looking for pthread_create in pthread
-- Looking for pthread_create in pthread - found
-- Found Threads: TRUE  
-- Using Python nosetests: /usr/bin/nosetests-2.7
-- catkin 0.7.26
-- BUILD_SHARED_LIBS is on
-- Using these message generators: gencpp;geneus;genlisp;gennodejs;genpy
-- Boost version: 1.65.1
-- Found the following Boost libraries:
--   system
-- Configuring done
-- Generating done
-- Build files have been written to: /home/autoware/Autoware/build/sick_ldmrs_driver
Scanning dependencies of target sick_ldmrs_driver_gencfg
[  1%] Generating dynamic reconfigure files from cfg/SickLDMRSDriver.cfg: /home/autoware/Autoware/build/sick_ldmrs_driver/devel/include/sick_ldmrs_driver/SickLDMRSDriverConfig.h /home/autoware/Autoware/build/sick_ldmrs_driver/devel/lib/python2.7/dist-packages/sick_ldmrs_driver/cfg/SickLDMRSDriverConfig.py
Generating reconfiguration files for SickLDMRSDriver in sick_ldmrs_driver
Wrote header file in /home/autoware/Autoware/build/sick_ldmrs_driver/devel/include/sick_ldmrs_driver/SickLDMRSDriverConfig.h
[  1%] Built target sick_ldmrs_driver_gencfg
Scanning dependencies of target sick_ldmrs
[  2%] Building CXX object src/driver/src/CMakeFiles/sick_ldmrs.dir/application/LdmrsApp.cpp.o
[  3%] Building CXX object src/driver/src/CMakeFiles/sick_ldmrs.dir/application/LdmrsFieldApp.cpp.o
[  3%] Building CXX object src/driver/src/CMakeFiles/sick_ldmrs.dir/application/LdmrsSectorChangeApp.cpp.o
[  4%] Building CXX object src/driver/src/CMakeFiles/sick_ldmrs.dir/application/LdmrsNtpTimeApp.cpp.o
[  5%] Building CXX object src/driver/src/CMakeFiles/sick_ldmrs.dir/application/LdmrsScanpointCoordinateApp.cpp.o
[  6%] Building CXX object src/driver/src/CMakeFiles/sick_ldmrs.dir/application/BasicApplication.cpp.o
[  7%] Building CXX object src/driver/src/CMakeFiles/sick_ldmrs.dir/devices/BasicDevice.cpp.o
[  8%] Building CXX object src/driver/src/CMakeFiles/sick_ldmrs.dir/devices/LD_MRS.cpp.o
[  9%] Building CXX object src/driver/src/CMakeFiles/sick_ldmrs.dir/devices/LuxBase.cpp.o
[  9%] Building CXX object src/driver/src/CMakeFiles/sick_ldmrs.dir/sopas/LdmrsSopasLayer.cpp.o
[ 10%] Building CXX object src/driver/src/CMakeFiles/sick_ldmrs.dir/sopas/SopasBase.cpp.o
[ 12%] Building CXX object src/driver/src/CMakeFiles/sick_ldmrs.dir/sopas/colaa.cpp.o
[ 13%] Building CXX object src/driver/src/CMakeFiles/sick_ldmrs.dir/sopas/colab.cpp.o
[ 14%] Building CXX object src/driver/src/CMakeFiles/sick_ldmrs.dir/datatypes/Measurement.cpp.o
[ 15%] Building CXX object src/driver/src/CMakeFiles/sick_ldmrs.dir/datatypes/SensorStateInfo.cpp.o
[ 15%] Building CXX object src/driver/src/CMakeFiles/sick_ldmrs.dir/datatypes/Fields.cpp.o
[ 16%] Building CXX object src/driver/src/CMakeFiles/sick_ldmrs.dir/datatypes/FieldParameter.cpp.o
[ 17%] Building CXX object src/driver/src/CMakeFiles/sick_ldmrs.dir/datatypes/FieldDescription.cpp.o
[ 18%] Building CXX object src/driver/src/CMakeFiles/sick_ldmrs.dir/datatypes/EvalCase.cpp.o
[ 19%] Building CXX object src/driver/src/CMakeFiles/sick_ldmrs.dir/datatypes/EvalCases.cpp.o
[ 20%] Building CXX object src/driver/src/CMakeFiles/sick_ldmrs.dir/datatypes/EvalCaseResult.cpp.o
[ 21%] Building CXX object src/driver/src/CMakeFiles/sick_ldmrs.dir/datatypes/EvalCaseResults.cpp.o
[ 21%] Building CXX object src/driver/src/CMakeFiles/sick_ldmrs.dir/datatypes/Polygon2D.cpp.o
[ 23%] Building CXX object src/driver/src/CMakeFiles/sick_ldmrs.dir/datatypes/Polygon3D.cpp.o
[ 24%] Building CXX object src/driver/src/CMakeFiles/sick_ldmrs.dir/datatypes/Trigger.cpp.o
[ 25%] Building CXX object src/driver/src/CMakeFiles/sick_ldmrs.dir/datatypes/Point2D.cpp.o
[ 26%] Building CXX object src/driver/src/CMakeFiles/sick_ldmrs.dir/datatypes/Point3D.cpp.o
[ 27%] Building CXX object src/driver/src/CMakeFiles/sick_ldmrs.dir/datatypes/Position3D.cpp.o
[ 27%] Building CXX object src/driver/src/CMakeFiles/sick_ldmrs.dir/datatypes/PositionWGS84.cpp.o
[ 28%] Building CXX object src/driver/src/CMakeFiles/sick_ldmrs.dir/datatypes/Circle2D.cpp.o
[ 29%] Building CXX object src/driver/src/CMakeFiles/sick_ldmrs.dir/datatypes/Ellipse2D.cpp.o
[ 30%] Building CXX object src/driver/src/CMakeFiles/sick_ldmrs.dir/datatypes/Box2D.cpp.o
[ 31%] Building CXX object src/driver/src/CMakeFiles/sick_ldmrs.dir/datatypes/Line2D.cpp.o
[ 32%] Building CXX object src/driver/src/CMakeFiles/sick_ldmrs.dir/datatypes/Msg.cpp.o
[ 34%] Building CXX object src/driver/src/CMakeFiles/sick_ldmrs.dir/datatypes/Scan.cpp.o
[ 34%] Building CXX object src/driver/src/CMakeFiles/sick_ldmrs.dir/datatypes/ScanPoint.cpp.o
[ 35%] Building CXX object src/driver/src/CMakeFiles/sick_ldmrs.dir/datatypes/ScannerInfo.cpp.o
[ 36%] Building CXX object src/driver/src/CMakeFiles/sick_ldmrs.dir/datatypes/Object.cpp.o
[ 37%] Building CXX object src/driver/src/CMakeFiles/sick_ldmrs.dir/interfaces/tcp.cpp.o
[ 38%] Building CXX object src/driver/src/CMakeFiles/sick_ldmrs.dir/interfaces/file.cpp.o
[ 39%] Building CXX object src/driver/src/CMakeFiles/sick_ldmrs.dir/tools/errorhandler.cpp.o
[ 39%] Building CXX object src/driver/src/CMakeFiles/sick_ldmrs.dir/tools/SickThread.cpp.o
[ 40%] Building CXX object src/driver/src/CMakeFiles/sick_ldmrs.dir/tools/Mutex.cpp.o
[ 41%] Building CXX object src/driver/src/CMakeFiles/sick_ldmrs.dir/tools/toolbox.cpp.o
[ 42%] Building CXX object src/driver/src/CMakeFiles/sick_ldmrs.dir/tools/MathToolbox.cpp.o
[ 43%] Building CXX object src/driver/src/CMakeFiles/sick_ldmrs.dir/tools/BasicDataBuffer.cpp.o
[ 45%] Building CXX object src/driver/src/CMakeFiles/sick_ldmrs.dir/tools/Timer.cpp.o
[ 46%] Building CXX object src/driver/src/CMakeFiles/sick_ldmrs.dir/tools/Time.cpp.o
[ 46%] Building CXX object src/driver/src/CMakeFiles/sick_ldmrs.dir/tools/WatchdogTimer.cpp.o
[ 47%] Building CXX object src/driver/src/CMakeFiles/sick_ldmrs.dir/manager.cpp.o
[ 48%] Building CXX object src/driver/src/CMakeFiles/sick_ldmrs.dir/main.cpp.o
[ 49%] Linking CXX shared library libsick_ldmrs.so
[ 49%] Built target sick_ldmrs
Scanning dependencies of target sick_ldmrs_msgs_generate_messages_lisp
[ 49%] Built target sick_ldmrs_msgs_generate_messages_lisp
Scanning dependencies of target pcl_msgs_generate_messages_eus
[ 49%] Built target pcl_msgs_generate_messages_eus
Scanning dependencies of target pcl_msgs_generate_messages_cpp
[ 49%] Built target pcl_msgs_generate_messages_cpp
Scanning dependencies of target dynamic_reconfigure_generate_messages_lisp
[ 49%] Built target dynamic_reconfigure_generate_messages_lisp
Scanning dependencies of target dynamic_reconfigure_generate_messages_py
[ 49%] Built target dynamic_reconfigure_generate_messages_py
Scanning dependencies of target diagnostic_msgs_generate_messages_nodejs
[ 49%] Built target diagnostic_msgs_generate_messages_nodejs
Scanning dependencies of target rosgraph_msgs_generate_messages_lisp
[ 49%] Built target rosgraph_msgs_generate_messages_lisp
Scanning dependencies of target rosgraph_msgs_generate_messages_eus
[ 49%] Built target rosgraph_msgs_generate_messages_eus
Scanning dependencies of target dynamic_reconfigure_generate_messages_nodejs
[ 49%] Built target dynamic_reconfigure_generate_messages_nodejs
Scanning dependencies of target rosgraph_msgs_generate_messages_cpp
[ 49%] Built target rosgraph_msgs_generate_messages_cpp
Scanning dependencies of target roscpp_generate_messages_py
[ 49%] Built target roscpp_generate_messages_py
Scanning dependencies of target roscpp_generate_messages_lisp
[ 49%] Built target roscpp_generate_messages_lisp
Scanning dependencies of target geometry_msgs_generate_messages_eus
[ 49%] Built target geometry_msgs_generate_messages_eus
Scanning dependencies of target pcl_msgs_generate_messages_nodejs
[ 49%] Built target pcl_msgs_generate_messages_nodejs
Scanning dependencies of target sensor_msgs_generate_messages_lisp
[ 49%] Built target sensor_msgs_generate_messages_lisp
Scanning dependencies of target std_msgs_generate_messages_cpp
[ 49%] Built target std_msgs_generate_messages_cpp
Scanning dependencies of target actionlib_msgs_generate_messages_nodejs
[ 49%] Built target actionlib_msgs_generate_messages_nodejs
Scanning dependencies of target rosgraph_msgs_generate_messages_nodejs
[ 49%] Built target rosgraph_msgs_generate_messages_nodejs
Scanning dependencies of target actionlib_msgs_generate_messages_lisp
[ 49%] Built target actionlib_msgs_generate_messages_lisp
Scanning dependencies of target diagnostic_msgs_generate_messages_eus
[ 49%] Built target diagnostic_msgs_generate_messages_eus
Scanning dependencies of target diagnostic_msgs_generate_messages_lisp
[ 49%] Built target diagnostic_msgs_generate_messages_lisp
Scanning dependencies of target dynamic_reconfigure_generate_messages_eus
[ 49%] Built target dynamic_reconfigure_generate_messages_eus
Scanning dependencies of target sick_ldmrs_msgs_generate_messages_nodejs
[ 49%] Built target sick_ldmrs_msgs_generate_messages_nodejs
Scanning dependencies of target diagnostic_msgs_generate_messages_py
[ 49%] Built target diagnostic_msgs_generate_messages_py
Scanning dependencies of target roscpp_generate_messages_nodejs
[ 49%] Built target roscpp_generate_messages_nodejs
Scanning dependencies of target std_msgs_generate_messages_lisp
[ 49%] Built target std_msgs_generate_messages_lisp
Scanning dependencies of target std_msgs_generate_messages_nodejs
[ 49%] Built target std_msgs_generate_messages_nodejs
Scanning dependencies of target sick_ldmrs_msgs_generate_messages_eus
[ 49%] Built target sick_ldmrs_msgs_generate_messages_eus
Scanning dependencies of target std_msgs_generate_messages_py
[ 49%] Built target std_msgs_generate_messages_py
Scanning dependencies of target geometry_msgs_generate_messages_nodejs
[ 49%] Built target geometry_msgs_generate_messages_nodejs
Scanning dependencies of target sensor_msgs_generate_messages_nodejs
[ 49%] Built target sensor_msgs_generate_messages_nodejs
Scanning dependencies of target actionlib_generate_messages_cpp
[ 49%] Built target actionlib_generate_messages_cpp
Scanning dependencies of target sensor_msgs_generate_messages_cpp
[ 49%] Built target sensor_msgs_generate_messages_cpp
Scanning dependencies of target roscpp_generate_messages_cpp
[ 49%] Built target roscpp_generate_messages_cpp
Scanning dependencies of target sensor_msgs_generate_messages_eus
[ 49%] Built target sensor_msgs_generate_messages_eus
Scanning dependencies of target sensor_msgs_generate_messages_py
[ 49%] Built target sensor_msgs_generate_messages_py
Scanning dependencies of target dynamic_reconfigure_generate_messages_cpp
[ 49%] Built target dynamic_reconfigure_generate_messages_cpp
Scanning dependencies of target tf_generate_messages_py
[ 49%] Built target tf_generate_messages_py
Scanning dependencies of target geometry_msgs_generate_messages_lisp
[ 49%] Built target geometry_msgs_generate_messages_lisp
Scanning dependencies of target geometry_msgs_generate_messages_py
[ 49%] Built target geometry_msgs_generate_messages_py
Scanning dependencies of target sick_ldmrs_msgs_generate_messages_cpp
[ 49%] Built target sick_ldmrs_msgs_generate_messages_cpp
Scanning dependencies of target dynamic_reconfigure_gencfg
[ 49%] Built target dynamic_reconfigure_gencfg
Scanning dependencies of target tf2_msgs_generate_messages_lisp
[ 49%] Built target tf2_msgs_generate_messages_lisp
Scanning dependencies of target tf_generate_messages_lisp
[ 49%] Built target tf_generate_messages_lisp
Scanning dependencies of target tf_generate_messages_nodejs
[ 49%] Built target tf_generate_messages_nodejs
Scanning dependencies of target pcl_msgs_generate_messages_py
[ 49%] Built target pcl_msgs_generate_messages_py
Scanning dependencies of target diagnostic_msgs_generate_messages_cpp
[ 49%] Built target diagnostic_msgs_generate_messages_cpp
Scanning dependencies of target actionlib_generate_messages_eus
[ 49%] Built target actionlib_generate_messages_eus
Scanning dependencies of target geometry_msgs_generate_messages_cpp
[ 49%] Built target geometry_msgs_generate_messages_cpp
Scanning dependencies of target actionlib_generate_messages_lisp
[ 49%] Built target actionlib_generate_messages_lisp
Scanning dependencies of target pcl_msgs_generate_messages_lisp
[ 49%] Built target pcl_msgs_generate_messages_lisp
Scanning dependencies of target tf_generate_messages_cpp
[ 49%] Built target tf_generate_messages_cpp
Scanning dependencies of target actionlib_generate_messages_nodejs
[ 49%] Built target actionlib_generate_messages_nodejs
Scanning dependencies of target tf2_msgs_generate_messages_py
[ 49%] Built target tf2_msgs_generate_messages_py
Scanning dependencies of target sick_ldmrs_msgs_generate_messages_py
[ 49%] Built target sick_ldmrs_msgs_generate_messages_py
Scanning dependencies of target actionlib_generate_messages_py
[ 49%] Built target actionlib_generate_messages_py
Scanning dependencies of target tf_generate_messages_eus
[ 49%] Built target tf_generate_messages_eus
Scanning dependencies of target actionlib_msgs_generate_messages_cpp
[ 49%] Built target actionlib_msgs_generate_messages_cpp
Scanning dependencies of target roscpp_generate_messages_eus
[ 49%] Built target roscpp_generate_messages_eus
Scanning dependencies of target rosgraph_msgs_generate_messages_py
[ 49%] Built target rosgraph_msgs_generate_messages_py
Scanning dependencies of target actionlib_msgs_generate_messages_eus
[ 49%] Built target actionlib_msgs_generate_messages_eus
Scanning dependencies of target actionlib_msgs_generate_messages_py
[ 49%] Built target actionlib_msgs_generate_messages_py
Scanning dependencies of target tf2_msgs_generate_messages_cpp
[ 49%] Built target tf2_msgs_generate_messages_cpp
Scanning dependencies of target tf2_msgs_generate_messages_eus
[ 49%] Built target tf2_msgs_generate_messages_eus
Scanning dependencies of target tf2_msgs_generate_messages_nodejs
[ 49%] Built target tf2_msgs_generate_messages_nodejs
Scanning dependencies of target std_msgs_generate_messages_eus
[ 49%] Built target std_msgs_generate_messages_eus
Scanning dependencies of target LDMRS_Example
[ 49%] Building CXX object src/driver/src/CMakeFiles/LDMRS_Example.dir/application/LdmrsApp.cpp.o
[ 50%] Building CXX object src/driver/src/CMakeFiles/LDMRS_Example.dir/application/LdmrsFieldApp.cpp.o
[ 51%] Building CXX object src/driver/src/CMakeFiles/LDMRS_Example.dir/application/LdmrsSectorChangeApp.cpp.o
[ 52%] Building CXX object src/driver/src/CMakeFiles/LDMRS_Example.dir/application/LdmrsNtpTimeApp.cpp.o
[ 53%] Building CXX object src/driver/src/CMakeFiles/LDMRS_Example.dir/application/LdmrsScanpointCoordinateApp.cpp.o
[ 54%] Building CXX object src/driver/src/CMakeFiles/LDMRS_Example.dir/application/BasicApplication.cpp.o
[ 54%] Building CXX object src/driver/src/CMakeFiles/LDMRS_Example.dir/devices/BasicDevice.cpp.o
[ 56%] Building CXX object src/driver/src/CMakeFiles/LDMRS_Example.dir/devices/LD_MRS.cpp.o
[ 57%] Building CXX object src/driver/src/CMakeFiles/LDMRS_Example.dir/devices/LuxBase.cpp.o
[ 58%] Building CXX object src/driver/src/CMakeFiles/LDMRS_Example.dir/sopas/LdmrsSopasLayer.cpp.o
[ 59%] Building CXX object src/driver/src/CMakeFiles/LDMRS_Example.dir/sopas/SopasBase.cpp.o
[ 60%] Building CXX object src/driver/src/CMakeFiles/LDMRS_Example.dir/sopas/colaa.cpp.o
[ 61%] Building CXX object src/driver/src/CMakeFiles/LDMRS_Example.dir/sopas/colab.cpp.o
[ 61%] Building CXX object src/driver/src/CMakeFiles/LDMRS_Example.dir/datatypes/Measurement.cpp.o
[ 62%] Building CXX object src/driver/src/CMakeFiles/LDMRS_Example.dir/datatypes/SensorStateInfo.cpp.o
[ 63%] Building CXX object src/driver/src/CMakeFiles/LDMRS_Example.dir/datatypes/Fields.cpp.o
[ 64%] Building CXX object src/driver/src/CMakeFiles/LDMRS_Example.dir/datatypes/FieldParameter.cpp.o
[ 65%] Building CXX object src/driver/src/CMakeFiles/LDMRS_Example.dir/datatypes/FieldDescription.cpp.o
[ 67%] Building CXX object src/driver/src/CMakeFiles/LDMRS_Example.dir/datatypes/EvalCase.cpp.o
[ 67%] Building CXX object src/driver/src/CMakeFiles/LDMRS_Example.dir/datatypes/EvalCases.cpp.o
[ 68%] Building CXX object src/driver/src/CMakeFiles/LDMRS_Example.dir/datatypes/EvalCaseResult.cpp.o
[ 69%] Building CXX object src/driver/src/CMakeFiles/LDMRS_Example.dir/datatypes/EvalCaseResults.cpp.o
[ 70%] Building CXX object src/driver/src/CMakeFiles/LDMRS_Example.dir/datatypes/Polygon2D.cpp.o
[ 71%] Building CXX object src/driver/src/CMakeFiles/LDMRS_Example.dir/datatypes/Polygon3D.cpp.o
[ 72%] Building CXX object src/driver/src/CMakeFiles/LDMRS_Example.dir/datatypes/Trigger.cpp.o
[ 73%] Building CXX object src/driver/src/CMakeFiles/LDMRS_Example.dir/datatypes/Point2D.cpp.o
[ 73%] Building CXX object src/driver/src/CMakeFiles/LDMRS_Example.dir/datatypes/Point3D.cpp.o
[ 74%] Building CXX object src/driver/src/CMakeFiles/LDMRS_Example.dir/datatypes/Position3D.cpp.o
[ 75%] Building CXX object src/driver/src/CMakeFiles/LDMRS_Example.dir/datatypes/PositionWGS84.cpp.o
[ 76%] Building CXX object src/driver/src/CMakeFiles/LDMRS_Example.dir/datatypes/Circle2D.cpp.o
[ 78%] Building CXX object src/driver/src/CMakeFiles/LDMRS_Example.dir/datatypes/Ellipse2D.cpp.o
[ 79%] Building CXX object src/driver/src/CMakeFiles/LDMRS_Example.dir/datatypes/Box2D.cpp.o
[ 79%] Building CXX object src/driver/src/CMakeFiles/LDMRS_Example.dir/datatypes/Line2D.cpp.o
[ 80%] Building CXX object src/driver/src/CMakeFiles/LDMRS_Example.dir/datatypes/Msg.cpp.o
[ 81%] Building CXX object src/driver/src/CMakeFiles/LDMRS_Example.dir/datatypes/Scan.cpp.o
[ 82%] Building CXX object src/driver/src/CMakeFiles/LDMRS_Example.dir/datatypes/ScanPoint.cpp.o
[ 83%] Building CXX object src/driver/src/CMakeFiles/LDMRS_Example.dir/datatypes/ScannerInfo.cpp.o
[ 84%] Building CXX object src/driver/src/CMakeFiles/LDMRS_Example.dir/datatypes/Object.cpp.o
[ 85%] Building CXX object src/driver/src/CMakeFiles/LDMRS_Example.dir/interfaces/tcp.cpp.o
[ 85%] Building CXX object src/driver/src/CMakeFiles/LDMRS_Example.dir/interfaces/file.cpp.o
[ 86%] Building CXX object src/driver/src/CMakeFiles/LDMRS_Example.dir/tools/errorhandler.cpp.o
[ 87%] Building CXX object src/driver/src/CMakeFiles/LDMRS_Example.dir/tools/SickThread.cpp.o
[ 89%] Building CXX object src/driver/src/CMakeFiles/LDMRS_Example.dir/tools/Mutex.cpp.o
[ 90%] Building CXX object src/driver/src/CMakeFiles/LDMRS_Example.dir/tools/toolbox.cpp.o
[ 91%] Building CXX object src/driver/src/CMakeFiles/LDMRS_Example.dir/tools/MathToolbox.cpp.o
[ 91%] Building CXX object src/driver/src/CMakeFiles/LDMRS_Example.dir/tools/BasicDataBuffer.cpp.o
[ 92%] Building CXX object src/driver/src/CMakeFiles/LDMRS_Example.dir/tools/Timer.cpp.o
[ 93%] Building CXX object src/driver/src/CMakeFiles/LDMRS_Example.dir/tools/Time.cpp.o
[ 94%] Building CXX object src/driver/src/CMakeFiles/LDMRS_Example.dir/tools/WatchdogTimer.cpp.o
[ 95%] Building CXX object src/driver/src/CMakeFiles/LDMRS_Example.dir/manager.cpp.o
[ 96%] Building CXX object src/driver/src/CMakeFiles/LDMRS_Example.dir/main.cpp.o
[ 97%] Linking CXX executable LDMRS_Example
[ 97%] Built target LDMRS_Example
Scanning dependencies of target sick_ldmrs_node
[ 98%] Building CXX object CMakeFiles/sick_ldmrs_node.dir/src/sick_ldmrs_node.cpp.o
[100%] Linking CXX executable devel/lib/sick_ldmrs_driver/sick_ldmrs_node
[100%] Built target sick_ldmrs_node
Scanning dependencies of target tests
Built target tests
[  1%] Built target sick_ldmrs_driver_gencfg
[ 49%] Built target sick_ldmrs
[ 49%] Built target sick_ldmrs_msgs_generate_messages_lisp
[ 49%] Built target pcl_msgs_generate_messages_eus
[ 49%] Built target pcl_msgs_generate_messages_cpp
[ 49%] Built target dynamic_reconfigure_generate_messages_lisp
[ 49%] Built target dynamic_reconfigure_generate_messages_py
[ 49%] Built target diagnostic_msgs_generate_messages_nodejs
[ 49%] Built target rosgraph_msgs_generate_messages_lisp
[ 49%] Built target rosgraph_msgs_generate_messages_eus
[ 49%] Built target dynamic_reconfigure_generate_messages_nodejs
[ 49%] Built target rosgraph_msgs_generate_messages_cpp
[ 49%] Built target roscpp_generate_messages_py
[ 49%] Built target roscpp_generate_messages_lisp
[ 49%] Built target geometry_msgs_generate_messages_eus
[ 49%] Built target pcl_msgs_generate_messages_nodejs
[ 49%] Built target sensor_msgs_generate_messages_lisp
[ 49%] Built target std_msgs_generate_messages_cpp
[ 49%] Built target actionlib_msgs_generate_messages_nodejs
[ 49%] Built target rosgraph_msgs_generate_messages_nodejs
[ 49%] Built target actionlib_msgs_generate_messages_lisp
[ 49%] Built target diagnostic_msgs_generate_messages_eus
[ 49%] Built target diagnostic_msgs_generate_messages_lisp
[ 49%] Built target dynamic_reconfigure_generate_messages_eus
[ 49%] Built target sick_ldmrs_msgs_generate_messages_nodejs
[ 49%] Built target diagnostic_msgs_generate_messages_py
[ 49%] Built target roscpp_generate_messages_nodejs
[ 49%] Built target std_msgs_generate_messages_lisp
[ 49%] Built target std_msgs_generate_messages_nodejs
[ 49%] Built target sick_ldmrs_msgs_generate_messages_eus
[ 49%] Built target std_msgs_generate_messages_py
[ 49%] Built target geometry_msgs_generate_messages_nodejs
[ 49%] Built target sensor_msgs_generate_messages_nodejs
[ 49%] Built target actionlib_generate_messages_cpp
[ 49%] Built target sensor_msgs_generate_messages_cpp
[ 49%] Built target roscpp_generate_messages_cpp
[ 49%] Built target sensor_msgs_generate_messages_eus
[ 49%] Built target sensor_msgs_generate_messages_py
[ 49%] Built target dynamic_reconfigure_generate_messages_cpp
[ 49%] Built target tf_generate_messages_py
[ 49%] Built target geometry_msgs_generate_messages_lisp
[ 49%] Built target geometry_msgs_generate_messages_py
[ 49%] Built target sick_ldmrs_msgs_generate_messages_cpp
[ 49%] Built target dynamic_reconfigure_gencfg
[ 49%] Built target tf2_msgs_generate_messages_lisp
[ 49%] Built target tf_generate_messages_lisp
[ 49%] Built target tf_generate_messages_nodejs
[ 49%] Built target pcl_msgs_generate_messages_py
[ 49%] Built target diagnostic_msgs_generate_messages_cpp
[ 49%] Built target actionlib_generate_messages_eus
[ 49%] Built target geometry_msgs_generate_messages_cpp
[ 49%] Built target actionlib_generate_messages_lisp
[ 49%] Built target pcl_msgs_generate_messages_lisp
[ 49%] Built target tf_generate_messages_cpp
[ 49%] Built target actionlib_generate_messages_nodejs
[ 49%] Built target tf2_msgs_generate_messages_py
[ 49%] Built target sick_ldmrs_msgs_generate_messages_py
[ 49%] Built target actionlib_generate_messages_py
[ 49%] Built target tf_generate_messages_eus
[ 49%] Built target actionlib_msgs_generate_messages_cpp
[ 49%] Built target roscpp_generate_messages_eus
[ 49%] Built target rosgraph_msgs_generate_messages_py
[ 49%] Built target actionlib_msgs_generate_messages_eus
[ 49%] Built target actionlib_msgs_generate_messages_py
[ 49%] Built target tf2_msgs_generate_messages_cpp
[ 49%] Built target tf2_msgs_generate_messages_eus
[ 49%] Built target tf2_msgs_generate_messages_nodejs
[ 49%] Built target std_msgs_generate_messages_eus
[ 97%] Built target LDMRS_Example
[100%] Built target sick_ldmrs_node
Install the project...
-- Install configuration: "Release"
-- Installing: /home/autoware/Autoware/install/sick_ldmrs_driver/include/sick_ldmrs_driver/SickLDMRSDriverConfig.h
-- Installing: /home/autoware/Autoware/install/sick_ldmrs_driver/lib/python2.7/dist-packages/sick_ldmrs_driver/__init__.py
Listing /home/autoware/Autoware/build/sick_ldmrs_driver/devel/lib/python2.7/dist-packages/sick_ldmrs_driver/cfg ...
Compiling /home/autoware/Autoware/build/sick_ldmrs_driver/devel/lib/python2.7/dist-packages/sick_ldmrs_driver/cfg/SickLDMRSDriverConfig.py ...
Compiling /home/autoware/Autoware/build/sick_ldmrs_driver/devel/lib/python2.7/dist-packages/sick_ldmrs_driver/cfg/__init__.py ...
-- Installing: /home/autoware/Autoware/install/sick_ldmrs_driver/lib/python2.7/dist-packages/sick_ldmrs_driver/cfg
-- Installing: /home/autoware/Autoware/install/sick_ldmrs_driver/lib/python2.7/dist-packages/sick_ldmrs_driver/cfg/SickLDMRSDriverConfig.py
-- Installing: /home/autoware/Autoware/install/sick_ldmrs_driver/lib/python2.7/dist-packages/sick_ldmrs_driver/cfg/SickLDMRSDriverConfig.pyc
-- Installing: /home/autoware/Autoware/install/sick_ldmrs_driver/lib/python2.7/dist-packages/sick_ldmrs_driver/cfg/__init__.pyc
-- Installing: /home/autoware/Autoware/install/sick_ldmrs_driver/lib/python2.7/dist-packages/sick_ldmrs_driver/cfg/__init__.py
-- Installing: /home/autoware/Autoware/install/sick_ldmrs_driver/lib/pkgconfig/sick_ldmrs_driver.pc
-- Installing: /home/autoware/Autoware/install/sick_ldmrs_driver/share/sick_ldmrs_driver/cmake/sick_ldmrs_driverConfig.cmake
-- Installing: /home/autoware/Autoware/install/sick_ldmrs_driver/share/sick_ldmrs_driver/cmake/sick_ldmrs_driverConfig-version.cmake
-- Installing: /home/autoware/Autoware/install/sick_ldmrs_driver/share/sick_ldmrs_driver/package.xml
-- Up-to-date: /home/autoware/Autoware/install/sick_ldmrs_driver/include/sick_ldmrs_driver
-- Installing: /home/autoware/Autoware/install/sick_ldmrs_driver/include/sick_ldmrs_driver/sick_ldmrs_node.hpp
-- Installing: /home/autoware/Autoware/install/sick_ldmrs_driver/lib/sick_ldmrs_driver/sick_ldmrs_node
-- Set runtime path of "/home/autoware/Autoware/install/sick_ldmrs_driver/lib/sick_ldmrs_driver/sick_ldmrs_node" to ""
-- Installing: /home/autoware/Autoware/install/sick_ldmrs_driver/share/sick_ldmrs_driver/config
-- Installing: /home/autoware/Autoware/install/sick_ldmrs_driver/share/sick_ldmrs_driver/config/analyzers.yaml
-- Installing: /home/autoware/Autoware/install/sick_ldmrs_driver/share/sick_ldmrs_driver/launch
-- Installing: /home/autoware/Autoware/install/sick_ldmrs_driver/share/sick_ldmrs_driver/launch/sick_ldmrs_node.launch
-- Installing: /home/autoware/Autoware/install/sick_ldmrs_driver/share/sick_ldmrs_driver/launch/sick_ldmrs_node_with_aggregator.launch
-- Installing: /home/autoware/Autoware/install/sick_ldmrs_driver/share/sick_ldmrs_driver/launch/sick_ldmrs.launch
-- Installing: /home/autoware/Autoware/install/sick_ldmrs_driver/lib/cmake/SickLDMRS/SickLDMRSConfig.cmake
-- Installing: /home/autoware/Autoware/install/sick_ldmrs_driver/lib/cmake/SickLDMRS/SickLDMRSConfigVersion.cmake
-- Installing: /home/autoware/Autoware/install/sick_ldmrs_driver/lib/cmake/SickLDMRS/SickLDMRSTargets.cmake
-- Installing: /home/autoware/Autoware/install/sick_ldmrs_driver/lib/cmake/SickLDMRS/SickLDMRSTargets-release.cmake
-- Installing: /home/autoware/Autoware/install/sick_ldmrs_driver/share/sick_ldmrs/package.xml
-- Installing: /home/autoware/Autoware/install/sick_ldmrs_driver/bin/LDMRS_Example
-- Installing: /home/autoware/Autoware/install/sick_ldmrs_driver/lib/libsick_ldmrs.so.0.1.0
-- Installing: /home/autoware/Autoware/install/sick_ldmrs_driver/lib/libsick_ldmrs.so.0
-- Installing: /home/autoware/Autoware/install/sick_ldmrs_driver/lib/libsick_ldmrs.so
-- Installing: /home/autoware/Autoware/install/sick_ldmrs_driver/include/sick_ldmrs/.
-- Installing: /home/autoware/Autoware/install/sick_ldmrs_driver/include/sick_ldmrs/./interfaces
-- Installing: /home/autoware/Autoware/install/sick_ldmrs_driver/include/sick_ldmrs/./interfaces/tcp.hpp
-- Installing: /home/autoware/Autoware/install/sick_ldmrs_driver/include/sick_ldmrs/./interfaces/file.hpp
-- Installing: /home/autoware/Autoware/install/sick_ldmrs_driver/include/sick_ldmrs/./application
-- Installing: /home/autoware/Autoware/install/sick_ldmrs_driver/include/sick_ldmrs/./application/BasicApplication.hpp
-- Installing: /home/autoware/Autoware/install/sick_ldmrs_driver/include/sick_ldmrs/./application/LdmrsNtpTimeApp.hpp
-- Installing: /home/autoware/Autoware/install/sick_ldmrs_driver/include/sick_ldmrs/./application/LdmrsApp.hpp
-- Installing: /home/autoware/Autoware/install/sick_ldmrs_driver/include/sick_ldmrs/./application/LdmrsFieldApp.hpp
-- Installing: /home/autoware/Autoware/install/sick_ldmrs_driver/include/sick_ldmrs/./application/LdmrsSectorChangeApp.hpp
-- Installing: /home/autoware/Autoware/install/sick_ldmrs_driver/include/sick_ldmrs/./application/LdmrsScanpointCoordinateApp.hpp
-- Installing: /home/autoware/Autoware/install/sick_ldmrs_driver/include/sick_ldmrs/./manager.hpp
-- Installing: /home/autoware/Autoware/install/sick_ldmrs_driver/include/sick_ldmrs/./datatypes
-- Installing: /home/autoware/Autoware/install/sick_ldmrs_driver/include/sick_ldmrs/./datatypes/Measurement.hpp
-- Installing: /home/autoware/Autoware/install/sick_ldmrs_driver/include/sick_ldmrs/./datatypes/Polygon3D.hpp
-- Installing: /home/autoware/Autoware/install/sick_ldmrs_driver/include/sick_ldmrs/./datatypes/Msg.hpp
-- Installing: /home/autoware/Autoware/install/sick_ldmrs_driver/include/sick_ldmrs/./datatypes/EvalCases.hpp
-- Installing: /home/autoware/Autoware/install/sick_ldmrs_driver/include/sick_ldmrs/./datatypes/FieldDescription.hpp
-- Installing: /home/autoware/Autoware/install/sick_ldmrs_driver/include/sick_ldmrs/./datatypes/EvalCaseResults.hpp
-- Installing: /home/autoware/Autoware/install/sick_ldmrs_driver/include/sick_ldmrs/./datatypes/Object.hpp
-- Installing: /home/autoware/Autoware/install/sick_ldmrs_driver/include/sick_ldmrs/./datatypes/EvalCaseResult.hpp
-- Installing: /home/autoware/Autoware/install/sick_ldmrs_driver/include/sick_ldmrs/./datatypes/Scan.hpp
-- Installing: /home/autoware/Autoware/install/sick_ldmrs_driver/include/sick_ldmrs/./datatypes/ScanPoint.hpp
-- Installing: /home/autoware/Autoware/install/sick_ldmrs_driver/include/sick_ldmrs/./datatypes/PositionWGS84.hpp
-- Installing: /home/autoware/Autoware/install/sick_ldmrs_driver/include/sick_ldmrs/./datatypes/Ellipse2D.hpp
-- Installing: /home/autoware/Autoware/install/sick_ldmrs_driver/include/sick_ldmrs/./datatypes/ScannerInfo.hpp
-- Installing: /home/autoware/Autoware/install/sick_ldmrs_driver/include/sick_ldmrs/./datatypes/Line2D.hpp
-- Installing: /home/autoware/Autoware/install/sick_ldmrs_driver/include/sick_ldmrs/./datatypes/FieldParameter.hpp
-- Installing: /home/autoware/Autoware/install/sick_ldmrs_driver/include/sick_ldmrs/./datatypes/Fields.hpp
-- Installing: /home/autoware/Autoware/install/sick_ldmrs_driver/include/sick_ldmrs/./datatypes/Point3D.hpp
-- Installing: /home/autoware/Autoware/install/sick_ldmrs_driver/include/sick_ldmrs/./datatypes/Point2D.hpp
-- Installing: /home/autoware/Autoware/install/sick_ldmrs_driver/include/sick_ldmrs/./datatypes/EvalCase.hpp
-- Installing: /home/autoware/Autoware/install/sick_ldmrs_driver/include/sick_ldmrs/./datatypes/Box2D.hpp
-- Installing: /home/autoware/Autoware/install/sick_ldmrs_driver/include/sick_ldmrs/./datatypes/Polygon2D.hpp
-- Installing: /home/autoware/Autoware/install/sick_ldmrs_driver/include/sick_ldmrs/./datatypes/Circle2D.hpp
-- Installing: /home/autoware/Autoware/install/sick_ldmrs_driver/include/sick_ldmrs/./datatypes/Position3D.hpp
-- Installing: /home/autoware/Autoware/install/sick_ldmrs_driver/include/sick_ldmrs/./datatypes/SensorStateInfo.hpp
-- Installing: /home/autoware/Autoware/install/sick_ldmrs_driver/include/sick_ldmrs/./datatypes/Trigger.hpp
-- Installing: /home/autoware/Autoware/install/sick_ldmrs_driver/include/sick_ldmrs/./tools
-- Installing: /home/autoware/Autoware/install/sick_ldmrs_driver/include/sick_ldmrs/./tools/SickThread.hpp
-- Installing: /home/autoware/Autoware/install/sick_ldmrs_driver/include/sick_ldmrs/./tools/WatchdogTimer.hpp
-- Installing: /home/autoware/Autoware/install/sick_ldmrs_driver/include/sick_ldmrs/./tools/toolbox.hpp
-- Installing: /home/autoware/Autoware/install/sick_ldmrs_driver/include/sick_ldmrs/./tools/errorhandler.hpp
-- Installing: /home/autoware/Autoware/install/sick_ldmrs_driver/include/sick_ldmrs/./tools/Timer.hpp
-- Installing: /home/autoware/Autoware/install/sick_ldmrs_driver/include/sick_ldmrs/./tools/MathToolbox.hpp
-- Installing: /home/autoware/Autoware/install/sick_ldmrs_driver/include/sick_ldmrs/./tools/BasicDataBuffer.hpp
-- Installing: /home/autoware/Autoware/install/sick_ldmrs_driver/include/sick_ldmrs/./tools/Time.hpp
-- Installing: /home/autoware/Autoware/install/sick_ldmrs_driver/include/sick_ldmrs/./tools/Mutex.hpp
-- Installing: /home/autoware/Autoware/install/sick_ldmrs_driver/include/sick_ldmrs/./BasicDatatypes.hpp
-- Installing: /home/autoware/Autoware/install/sick_ldmrs_driver/include/sick_ldmrs/./devices
-- Installing: /home/autoware/Autoware/install/sick_ldmrs_driver/include/sick_ldmrs/./devices/LuxBase.hpp
-- Installing: /home/autoware/Autoware/install/sick_ldmrs_driver/include/sick_ldmrs/./devices/BasicDevice.hpp
-- Installing: /home/autoware/Autoware/install/sick_ldmrs_driver/include/sick_ldmrs/./devices/LD_MRS.hpp
-- Installing: /home/autoware/Autoware/install/sick_ldmrs_driver/include/sick_ldmrs/./sopas
-- Installing: /home/autoware/Autoware/install/sick_ldmrs_driver/include/sick_ldmrs/./sopas/colaa.hpp
-- Installing: /home/autoware/Autoware/install/sick_ldmrs_driver/include/sick_ldmrs/./sopas/colab.hpp
-- Installing: /home/autoware/Autoware/install/sick_ldmrs_driver/include/sick_ldmrs/./sopas/SopasBase.hpp
-- Installing: /home/autoware/Autoware/install/sick_ldmrs_driver/include/sick_ldmrs/./sopas/LdmrsSopasLayer.hpp
