[0.024s] Invoking command in '/home/autoware/Autoware/build/ekf_localizer': CMAKE_PREFIX_PATH=/home/autoware/Autoware/install/amathutils_lib:/home/autoware/Autoware/install/autoware_msgs:/home/autoware/Autoware/install/autoware_build_flags:${CMAKE_PREFIX_PATH} LD_LIBRARY_PATH=/home/autoware/Autoware/install/amathutils_lib/lib:${LD_LIBRARY_PATH} PKG_CONFIG_PATH=/home/autoware/Autoware/install/amathutils_lib/lib/x86_64-linux-gnu/pkgconfig:/home/autoware/Autoware/install/amathutils_lib/lib/pkgconfig:/home/autoware/Autoware/install/autoware_msgs/lib/x86_64-linux-gnu/pkgconfig:/home/autoware/Autoware/install/autoware_msgs/lib/pkgconfig:/home/autoware/Autoware/install/autoware_build_flags/lib/x86_64-linux-gnu/pkgconfig:/home/autoware/Autoware/install/autoware_build_flags/lib/pkgconfig:${PKG_CONFIG_PATH} PYTHONPATH=/home/autoware/Autoware/install/autoware_msgs/lib/python2.7/dist-packages:${PYTHONPATH} ROS_PACKAGE_PATH=/home/autoware/Autoware/install/amathutils_lib/share:/home/autoware/Autoware/install/autoware_msgs/share:/home/autoware/Autoware/install/autoware_build_flags/share:${ROS_PACKAGE_PATH} /usr/bin/cmake /home/autoware/Autoware/src/autoware/core_perception/ekf_localizer -DCMAKE_BUILD_TYPE=Release -DCATKIN_INSTALL_INTO_PREFIX_ROOT=0 -DCMAKE_INSTALL_PREFIX=/home/autoware/Autoware/install/ekf_localizer
[0.110s] -- The C compiler identification is GNU 7.5.0
[0.192s] -- The CXX compiler identification is GNU 7.5.0
[0.199s] -- Check for working C compiler: /usr/bin/cc
[0.293s] -- Check for working C compiler: /usr/bin/cc -- works
[0.293s] -- Detecting C compiler ABI info
[0.389s] -- Detecting C compiler ABI info - done
[0.401s] -- Detecting C compile features
[0.688s] -- Detecting C compile features - done
[0.692s] -- Check for working CXX compiler: /usr/bin/c++
[0.809s] -- Check for working CXX compiler: /usr/bin/c++ -- works
[0.809s] -- Detecting CXX compiler ABI info
[0.917s] -- Detecting CXX compiler ABI info - done
[0.925s] -- Detecting CXX compile features
[1.409s] -- Detecting CXX compile features - done
[1.413s] -- Using CATKIN_DEVEL_PREFIX: /home/autoware/Autoware/build/ekf_localizer/devel
[1.413s] -- Using CMAKE_PREFIX_PATH: /home/autoware/Autoware/install/amathutils_lib;/home/autoware/Autoware/install/autoware_msgs;/home/autoware/Autoware/install/autoware_build_flags;/opt/ros/melodic
[1.413s] -- This workspace overlays: /home/autoware/Autoware/install/amathutils_lib;/home/autoware/Autoware/install/autoware_msgs;/home/autoware/Autoware/install/autoware_build_flags;/opt/ros/melodic
[1.434s] -- Found PythonInterp: /usr/bin/python2 (found suitable version "2.7.17", minimum required is "2") 
[1.434s] -- Using PYTHON_EXECUTABLE: /usr/bin/python2
[1.434s] -- Using Debian Python package layout
[1.434s] -- Using empy: /usr/bin/empy
[1.618s] -- Using CATKIN_ENABLE_TESTING: ON
[1.618s] -- Call enable_testing()
[1.620s] -- Using CATKIN_TEST_RESULTS_DIR: /home/autoware/Autoware/build/ekf_localizer/test_results
[1.651s] -- Found gtest sources under '/usr/src/googletest': gtests will be built
[1.651s] -- Found gmock sources under '/usr/src/googletest': gmock will be built
[1.668s] -- Found PythonInterp: /usr/bin/python2 (found version "2.7.17") 
[1.670s] -- Looking for pthread.h
[1.771s] -- Looking for pthread.h - found
[1.771s] -- Looking for pthread_create
[1.874s] -- Looking for pthread_create - not found
[1.874s] -- Looking for pthread_create in pthreads
[1.951s] -- Looking for pthread_create in pthreads - not found
[1.951s] -- Looking for pthread_create in pthread
[2.056s] -- Looking for pthread_create in pthread - found
[2.057s] -- Found Threads: TRUE  
[2.063s] -- Using Python nosetests: /usr/bin/nosetests-2.7
[2.117s] -- catkin 0.7.26
[2.117s] -- BUILD_SHARED_LIBS is on
[2.338s] -- Using these message generators: gencpp;geneus;genlisp;gennodejs;genpy
[2.492s] -- CUDA compilation status: ON.
[2.756s] -- Configuring done
[2.813s] -- Generating done
[2.826s] -- Build files have been written to: /home/autoware/Autoware/build/ekf_localizer
[2.834s] Invoked command in '/home/autoware/Autoware/build/ekf_localizer' returned '0': CMAKE_PREFIX_PATH=/home/autoware/Autoware/install/amathutils_lib:/home/autoware/Autoware/install/autoware_msgs:/home/autoware/Autoware/install/autoware_build_flags:${CMAKE_PREFIX_PATH} LD_LIBRARY_PATH=/home/autoware/Autoware/install/amathutils_lib/lib:${LD_LIBRARY_PATH} PKG_CONFIG_PATH=/home/autoware/Autoware/install/amathutils_lib/lib/x86_64-linux-gnu/pkgconfig:/home/autoware/Autoware/install/amathutils_lib/lib/pkgconfig:/home/autoware/Autoware/install/autoware_msgs/lib/x86_64-linux-gnu/pkgconfig:/home/autoware/Autoware/install/autoware_msgs/lib/pkgconfig:/home/autoware/Autoware/install/autoware_build_flags/lib/x86_64-linux-gnu/pkgconfig:/home/autoware/Autoware/install/autoware_build_flags/lib/pkgconfig:${PKG_CONFIG_PATH} PYTHONPATH=/home/autoware/Autoware/install/autoware_msgs/lib/python2.7/dist-packages:${PYTHONPATH} ROS_PACKAGE_PATH=/home/autoware/Autoware/install/amathutils_lib/share:/home/autoware/Autoware/install/autoware_msgs/share:/home/autoware/Autoware/install/autoware_build_flags/share:${ROS_PACKAGE_PATH} /usr/bin/cmake /home/autoware/Autoware/src/autoware/core_perception/ekf_localizer -DCMAKE_BUILD_TYPE=Release -DCATKIN_INSTALL_INTO_PREFIX_ROOT=0 -DCMAKE_INSTALL_PREFIX=/home/autoware/Autoware/install/ekf_localizer
[2.835s] Invoking command in '/home/autoware/Autoware/build/ekf_localizer': CMAKE_PREFIX_PATH=/home/autoware/Autoware/install/amathutils_lib:/home/autoware/Autoware/install/autoware_msgs:/home/autoware/Autoware/install/autoware_build_flags:${CMAKE_PREFIX_PATH} LD_LIBRARY_PATH=/home/autoware/Autoware/install/amathutils_lib/lib:${LD_LIBRARY_PATH} PKG_CONFIG_PATH=/home/autoware/Autoware/install/amathutils_lib/lib/x86_64-linux-gnu/pkgconfig:/home/autoware/Autoware/install/amathutils_lib/lib/pkgconfig:/home/autoware/Autoware/install/autoware_msgs/lib/x86_64-linux-gnu/pkgconfig:/home/autoware/Autoware/install/autoware_msgs/lib/pkgconfig:/home/autoware/Autoware/install/autoware_build_flags/lib/x86_64-linux-gnu/pkgconfig:/home/autoware/Autoware/install/autoware_build_flags/lib/pkgconfig:${PKG_CONFIG_PATH} PYTHONPATH=/home/autoware/Autoware/install/autoware_msgs/lib/python2.7/dist-packages:${PYTHONPATH} ROS_PACKAGE_PATH=/home/autoware/Autoware/install/amathutils_lib/share:/home/autoware/Autoware/install/autoware_msgs/share:/home/autoware/Autoware/install/autoware_build_flags/share:${ROS_PACKAGE_PATH} /usr/bin/cmake --build /home/autoware/Autoware/build/ekf_localizer -- -j2 -l2
[2.898s] Scanning dependencies of target tf2_msgs_generate_messages_nodejs
[2.913s] [  0%] Built target tf2_msgs_generate_messages_nodejs
[2.928s] Scanning dependencies of target geometry_msgs_generate_messages_py
[2.944s] [  0%] Built target geometry_msgs_generate_messages_py
[2.959s] Scanning dependencies of target sensor_msgs_generate_messages_nodejs
[2.973s] [  0%] Built target sensor_msgs_generate_messages_nodejs
[2.989s] Scanning dependencies of target roscpp_generate_messages_cpp
[3.004s] [  0%] Built target roscpp_generate_messages_cpp
[3.019s] Scanning dependencies of target actionlib_generate_messages_cpp
[3.034s] [  0%] Built target actionlib_generate_messages_cpp
[3.049s] Scanning dependencies of target pcl_msgs_generate_messages_eus
[3.062s] [  0%] Built target pcl_msgs_generate_messages_eus
[3.077s] Scanning dependencies of target rosgraph_msgs_generate_messages_eus
[3.091s] [  0%] Built target rosgraph_msgs_generate_messages_eus
[3.105s] Scanning dependencies of target jsk_recognition_msgs_generate_messages_lisp
[3.118s] [  0%] Built target jsk_recognition_msgs_generate_messages_lisp
[3.132s] Scanning dependencies of target jsk_recognition_msgs_generate_messages_eus
[3.146s] [  0%] Built target jsk_recognition_msgs_generate_messages_eus
[3.160s] Scanning dependencies of target tf2_msgs_generate_messages_cpp
[3.174s] [  0%] Built target tf2_msgs_generate_messages_cpp
[3.188s] Scanning dependencies of target std_msgs_generate_messages_py
[3.202s] [  0%] Built target std_msgs_generate_messages_py
[3.216s] Scanning dependencies of target autoware_msgs_generate_messages_py
[3.230s] [  0%] Built target autoware_msgs_generate_messages_py
[3.244s] Scanning dependencies of target sensor_msgs_generate_messages_eus
[3.257s] [  0%] Built target sensor_msgs_generate_messages_eus
[3.271s] Scanning dependencies of target _catkin_empty_exported_target
[3.285s] [  0%] Built target _catkin_empty_exported_target
[3.301s] Scanning dependencies of target sensor_msgs_generate_messages_cpp
[3.316s] [  0%] Built target sensor_msgs_generate_messages_cpp
[3.331s] Scanning dependencies of target autoware_msgs_generate_messages_cpp
[3.345s] [  0%] Built target autoware_msgs_generate_messages_cpp
[3.360s] Scanning dependencies of target rosgraph_msgs_generate_messages_cpp
[3.374s] [  0%] Built target rosgraph_msgs_generate_messages_cpp
[3.389s] Scanning dependencies of target std_msgs_generate_messages_nodejs
[3.403s] [  0%] Built target std_msgs_generate_messages_nodejs
[3.418s] Scanning dependencies of target pcl_msgs_generate_messages_nodejs
[3.433s] [  0%] Built target pcl_msgs_generate_messages_nodejs
[3.449s] Scanning dependencies of target jsk_recognition_msgs_generate_messages_py
[3.463s] [  0%] Built target jsk_recognition_msgs_generate_messages_py
[3.478s] Scanning dependencies of target sensor_msgs_generate_messages_lisp
[3.493s] [  0%] Built target sensor_msgs_generate_messages_lisp
[3.510s] Scanning dependencies of target sensor_msgs_generate_messages_py
[3.526s] [  0%] Built target sensor_msgs_generate_messages_py
[3.543s] Scanning dependencies of target std_msgs_generate_messages_cpp
[3.559s] [  0%] Built target std_msgs_generate_messages_cpp
[3.574s] Scanning dependencies of target jsk_footstep_msgs_generate_messages_py
[3.588s] [  0%] Built target jsk_footstep_msgs_generate_messages_py
[3.602s] Scanning dependencies of target actionlib_msgs_generate_messages_nodejs
[3.616s] [  0%] Built target actionlib_msgs_generate_messages_nodejs
[3.631s] Scanning dependencies of target geometry_msgs_generate_messages_eus
[3.645s] [  0%] Built target geometry_msgs_generate_messages_eus
[3.661s] Scanning dependencies of target std_msgs_generate_messages_lisp
[3.675s] [  0%] Built target std_msgs_generate_messages_lisp
[3.689s] Scanning dependencies of target roscpp_generate_messages_nodejs
[3.703s] [  0%] Built target roscpp_generate_messages_nodejs
[3.717s] Scanning dependencies of target geometry_msgs_generate_messages_nodejs
[3.731s] [  0%] Built target geometry_msgs_generate_messages_nodejs
[3.745s] Scanning dependencies of target geometry_msgs_generate_messages_lisp
[3.759s] [  0%] Built target geometry_msgs_generate_messages_lisp
[3.773s] Scanning dependencies of target pcl_msgs_generate_messages_cpp
[3.787s] [  0%] Built target pcl_msgs_generate_messages_cpp
[3.801s] Scanning dependencies of target jsk_recognition_msgs_generate_messages_cpp
[3.815s] [  0%] Built target jsk_recognition_msgs_generate_messages_cpp
[3.829s] Scanning dependencies of target autoware_msgs_generate_messages_eus
[3.843s] [  0%] Built target autoware_msgs_generate_messages_eus
[3.858s] Scanning dependencies of target autoware_msgs_generate_messages_lisp
[3.872s] [  0%] Built target autoware_msgs_generate_messages_lisp
[3.887s] Scanning dependencies of target std_msgs_generate_messages_eus
[3.902s] [  0%] Built target std_msgs_generate_messages_eus
[3.917s] Scanning dependencies of target autoware_msgs_generate_messages_nodejs
[3.931s] [  0%] Built target autoware_msgs_generate_messages_nodejs
[3.946s] Scanning dependencies of target jsk_footstep_msgs_generate_messages_eus
[3.960s] [  0%] Built target jsk_footstep_msgs_generate_messages_eus
[3.976s] Scanning dependencies of target actionlib_msgs_generate_messages_py
[3.990s] [  0%] Built target actionlib_msgs_generate_messages_py
[4.006s] Scanning dependencies of target jsk_footstep_msgs_generate_messages_lisp
[4.022s] [  0%] Built target jsk_footstep_msgs_generate_messages_lisp
[4.038s] Scanning dependencies of target jsk_footstep_msgs_generate_messages_nodejs
[4.053s] [  0%] Built target jsk_footstep_msgs_generate_messages_nodejs
[4.068s] Scanning dependencies of target tf_generate_messages_py
[4.083s] [  0%] Built target tf_generate_messages_py
[4.097s] Scanning dependencies of target actionlib_msgs_generate_messages_lisp
[4.111s] [  0%] Built target actionlib_msgs_generate_messages_lisp
[4.125s] Scanning dependencies of target jsk_footstep_msgs_generate_messages_cpp
[4.139s] [  0%] Built target jsk_footstep_msgs_generate_messages_cpp
[4.152s] Scanning dependencies of target actionlib_msgs_generate_messages_cpp
[4.166s] [  0%] Built target actionlib_msgs_generate_messages_cpp
[4.179s] Scanning dependencies of target tf_generate_messages_eus
[4.193s] [  0%] Built target tf_generate_messages_eus
[4.207s] Scanning dependencies of target tf_generate_messages_lisp
[4.220s] [  0%] Built target tf_generate_messages_lisp
[4.234s] Scanning dependencies of target tf_generate_messages_nodejs
[4.247s] [  0%] Built target tf_generate_messages_nodejs
[4.261s] Scanning dependencies of target jsk_recognition_msgs_generate_messages_nodejs
[4.275s] [  0%] Built target jsk_recognition_msgs_generate_messages_nodejs
[4.290s] Scanning dependencies of target roscpp_generate_messages_lisp
[4.304s] [  0%] Built target roscpp_generate_messages_lisp
[4.318s] Scanning dependencies of target roscpp_generate_messages_py
[4.331s] [  0%] Built target roscpp_generate_messages_py
[4.346s] Scanning dependencies of target rosgraph_msgs_generate_messages_lisp
[4.359s] [  0%] Built target rosgraph_msgs_generate_messages_lisp
[4.373s] Scanning dependencies of target rosgraph_msgs_generate_messages_nodejs
[4.387s] [  0%] Built target rosgraph_msgs_generate_messages_nodejs
[4.400s] Scanning dependencies of target roscpp_generate_messages_eus
[4.413s] [  0%] Built target roscpp_generate_messages_eus
[4.428s] Scanning dependencies of target actionlib_msgs_generate_messages_eus
[4.441s] [  0%] Built target actionlib_msgs_generate_messages_eus
[4.455s] Scanning dependencies of target rosgraph_msgs_generate_messages_py
[4.468s] [  0%] Built target rosgraph_msgs_generate_messages_py
[4.483s] Scanning dependencies of target pcl_msgs_generate_messages_py
[4.498s] [  0%] Built target pcl_msgs_generate_messages_py
[4.513s] Scanning dependencies of target actionlib_generate_messages_eus
[4.527s] [  0%] Built target actionlib_generate_messages_eus
[4.542s] Scanning dependencies of target geometry_msgs_generate_messages_cpp
[4.556s] [  0%] Built target geometry_msgs_generate_messages_cpp
[4.570s] Scanning dependencies of target actionlib_generate_messages_lisp
[4.585s] [  0%] Built target actionlib_generate_messages_lisp
[4.600s] Scanning dependencies of target pcl_msgs_generate_messages_lisp
[4.615s] [  0%] Built target pcl_msgs_generate_messages_lisp
[4.629s] Scanning dependencies of target tf_generate_messages_cpp
[4.644s] [  0%] Built target tf_generate_messages_cpp
[4.660s] Scanning dependencies of target actionlib_generate_messages_nodejs
[4.674s] [  0%] Built target actionlib_generate_messages_nodejs
[4.690s] Scanning dependencies of target tf2_msgs_generate_messages_eus
[4.705s] [  0%] Built target tf2_msgs_generate_messages_eus
[4.722s] Scanning dependencies of target tf2_msgs_generate_messages_lisp
[4.737s] [  0%] Built target tf2_msgs_generate_messages_lisp
[4.752s] Scanning dependencies of target actionlib_generate_messages_py
[4.765s] [  0%] Built target actionlib_generate_messages_py
[4.779s] Scanning dependencies of target tf2_msgs_generate_messages_py
[4.793s] [  0%] Built target tf2_msgs_generate_messages_py
[4.833s] Scanning dependencies of target ekf_localizer
[4.861s] [ 33%] Building CXX object CMakeFiles/ekf_localizer.dir/src/ekf_localizer_node.cpp.o
[9.517s] [ 66%] Building CXX object CMakeFiles/ekf_localizer.dir/src/ekf_localizer.cpp.o
[20.529s] [100%] Linking CXX executable devel/lib/ekf_localizer/ekf_localizer
[20.715s] [100%] Built target ekf_localizer
[20.733s] Invoked command in '/home/autoware/Autoware/build/ekf_localizer' returned '0': CMAKE_PREFIX_PATH=/home/autoware/Autoware/install/amathutils_lib:/home/autoware/Autoware/install/autoware_msgs:/home/autoware/Autoware/install/autoware_build_flags:${CMAKE_PREFIX_PATH} LD_LIBRARY_PATH=/home/autoware/Autoware/install/amathutils_lib/lib:${LD_LIBRARY_PATH} PKG_CONFIG_PATH=/home/autoware/Autoware/install/amathutils_lib/lib/x86_64-linux-gnu/pkgconfig:/home/autoware/Autoware/install/amathutils_lib/lib/pkgconfig:/home/autoware/Autoware/install/autoware_msgs/lib/x86_64-linux-gnu/pkgconfig:/home/autoware/Autoware/install/autoware_msgs/lib/pkgconfig:/home/autoware/Autoware/install/autoware_build_flags/lib/x86_64-linux-gnu/pkgconfig:/home/autoware/Autoware/install/autoware_build_flags/lib/pkgconfig:${PKG_CONFIG_PATH} PYTHONPATH=/home/autoware/Autoware/install/autoware_msgs/lib/python2.7/dist-packages:${PYTHONPATH} ROS_PACKAGE_PATH=/home/autoware/Autoware/install/amathutils_lib/share:/home/autoware/Autoware/install/autoware_msgs/share:/home/autoware/Autoware/install/autoware_build_flags/share:${ROS_PACKAGE_PATH} /usr/bin/cmake --build /home/autoware/Autoware/build/ekf_localizer -- -j2 -l2
[20.867s] Invoking command in '/home/autoware/Autoware/build/ekf_localizer': CMAKE_PREFIX_PATH=/home/autoware/Autoware/install/amathutils_lib:/home/autoware/Autoware/install/autoware_msgs:/home/autoware/Autoware/install/autoware_build_flags:${CMAKE_PREFIX_PATH} LD_LIBRARY_PATH=/home/autoware/Autoware/install/amathutils_lib/lib:${LD_LIBRARY_PATH} PKG_CONFIG_PATH=/home/autoware/Autoware/install/amathutils_lib/lib/x86_64-linux-gnu/pkgconfig:/home/autoware/Autoware/install/amathutils_lib/lib/pkgconfig:/home/autoware/Autoware/install/autoware_msgs/lib/x86_64-linux-gnu/pkgconfig:/home/autoware/Autoware/install/autoware_msgs/lib/pkgconfig:/home/autoware/Autoware/install/autoware_build_flags/lib/x86_64-linux-gnu/pkgconfig:/home/autoware/Autoware/install/autoware_build_flags/lib/pkgconfig:${PKG_CONFIG_PATH} PYTHONPATH=/home/autoware/Autoware/install/autoware_msgs/lib/python2.7/dist-packages:${PYTHONPATH} ROS_PACKAGE_PATH=/home/autoware/Autoware/install/amathutils_lib/share:/home/autoware/Autoware/install/autoware_msgs/share:/home/autoware/Autoware/install/autoware_build_flags/share:${ROS_PACKAGE_PATH} /usr/bin/cmake --build /home/autoware/Autoware/build/ekf_localizer --target tests -- -j2 -l2
[20.959s] Scanning dependencies of target gtest
[20.975s] [ 20%] Building CXX object gtest/googlemock/gtest/CMakeFiles/gtest.dir/src/gtest-all.cc.o
[26.812s] [ 40%] Linking CXX shared library libgtest.so
[26.908s] [ 40%] Built target gtest
[26.954s] Scanning dependencies of target ekf_localizer-test
[26.979s] [ 60%] Building CXX object CMakeFiles/ekf_localizer-test.dir/test/src/test_ekf_localizer.cpp.o
[34.055s] [ 80%] Building CXX object CMakeFiles/ekf_localizer-test.dir/src/ekf_localizer.cpp.o
[45.699s] [100%] Linking CXX executable devel/lib/ekf_localizer/ekf_localizer-test
[45.914s] [100%] Built target ekf_localizer-test
[45.931s] Scanning dependencies of target tests
[45.949s] [100%] Built target tests
[45.966s] Invoked command in '/home/autoware/Autoware/build/ekf_localizer' returned '0': CMAKE_PREFIX_PATH=/home/autoware/Autoware/install/amathutils_lib:/home/autoware/Autoware/install/autoware_msgs:/home/autoware/Autoware/install/autoware_build_flags:${CMAKE_PREFIX_PATH} LD_LIBRARY_PATH=/home/autoware/Autoware/install/amathutils_lib/lib:${LD_LIBRARY_PATH} PKG_CONFIG_PATH=/home/autoware/Autoware/install/amathutils_lib/lib/x86_64-linux-gnu/pkgconfig:/home/autoware/Autoware/install/amathutils_lib/lib/pkgconfig:/home/autoware/Autoware/install/autoware_msgs/lib/x86_64-linux-gnu/pkgconfig:/home/autoware/Autoware/install/autoware_msgs/lib/pkgconfig:/home/autoware/Autoware/install/autoware_build_flags/lib/x86_64-linux-gnu/pkgconfig:/home/autoware/Autoware/install/autoware_build_flags/lib/pkgconfig:${PKG_CONFIG_PATH} PYTHONPATH=/home/autoware/Autoware/install/autoware_msgs/lib/python2.7/dist-packages:${PYTHONPATH} ROS_PACKAGE_PATH=/home/autoware/Autoware/install/amathutils_lib/share:/home/autoware/Autoware/install/autoware_msgs/share:/home/autoware/Autoware/install/autoware_build_flags/share:${ROS_PACKAGE_PATH} /usr/bin/cmake --build /home/autoware/Autoware/build/ekf_localizer --target tests -- -j2 -l2
[46.109s] Invoking command in '/home/autoware/Autoware/build/ekf_localizer': CMAKE_PREFIX_PATH=/home/autoware/Autoware/install/amathutils_lib:/home/autoware/Autoware/install/autoware_msgs:/home/autoware/Autoware/install/autoware_build_flags:${CMAKE_PREFIX_PATH} LD_LIBRARY_PATH=/home/autoware/Autoware/install/amathutils_lib/lib:${LD_LIBRARY_PATH} PKG_CONFIG_PATH=/home/autoware/Autoware/install/amathutils_lib/lib/x86_64-linux-gnu/pkgconfig:/home/autoware/Autoware/install/amathutils_lib/lib/pkgconfig:/home/autoware/Autoware/install/autoware_msgs/lib/x86_64-linux-gnu/pkgconfig:/home/autoware/Autoware/install/autoware_msgs/lib/pkgconfig:/home/autoware/Autoware/install/autoware_build_flags/lib/x86_64-linux-gnu/pkgconfig:/home/autoware/Autoware/install/autoware_build_flags/lib/pkgconfig:${PKG_CONFIG_PATH} PYTHONPATH=/home/autoware/Autoware/install/autoware_msgs/lib/python2.7/dist-packages:${PYTHONPATH} ROS_PACKAGE_PATH=/home/autoware/Autoware/install/amathutils_lib/share:/home/autoware/Autoware/install/autoware_msgs/share:/home/autoware/Autoware/install/autoware_build_flags/share:${ROS_PACKAGE_PATH} /usr/bin/cmake --build /home/autoware/Autoware/build/ekf_localizer --target install -- -j2 -l2
[46.195s] [  0%] Built target tf2_msgs_generate_messages_nodejs
[46.231s] [  0%] Built target geometry_msgs_generate_messages_py
[46.263s] [  0%] Built target sensor_msgs_generate_messages_nodejs
[46.296s] [  0%] Built target roscpp_generate_messages_cpp
[46.327s] [  0%] Built target actionlib_generate_messages_cpp
[46.359s] [  0%] Built target pcl_msgs_generate_messages_eus
[46.390s] [  0%] Built target rosgraph_msgs_generate_messages_eus
[46.420s] [  0%] Built target jsk_recognition_msgs_generate_messages_lisp
[46.451s] [  0%] Built target jsk_recognition_msgs_generate_messages_eus
[46.481s] [  0%] Built target tf2_msgs_generate_messages_cpp
[46.512s] [  0%] Built target std_msgs_generate_messages_py
[46.544s] [  0%] Built target autoware_msgs_generate_messages_py
[46.577s] [  0%] Built target sensor_msgs_generate_messages_eus
[46.609s] [  0%] Built target _catkin_empty_exported_target
[46.641s] [  0%] Built target sensor_msgs_generate_messages_cpp
[46.673s] [  0%] Built target autoware_msgs_generate_messages_cpp
[46.705s] [  0%] Built target rosgraph_msgs_generate_messages_cpp
[46.737s] [  0%] Built target std_msgs_generate_messages_nodejs
[46.769s] [  0%] Built target pcl_msgs_generate_messages_nodejs
[46.801s] [  0%] Built target jsk_recognition_msgs_generate_messages_py
[46.833s] [  0%] Built target sensor_msgs_generate_messages_lisp
[46.865s] [  0%] Built target sensor_msgs_generate_messages_py
[46.896s] [  0%] Built target std_msgs_generate_messages_cpp
[46.928s] [  0%] Built target jsk_footstep_msgs_generate_messages_py
[46.959s] [  0%] Built target actionlib_msgs_generate_messages_nodejs
[46.990s] [  0%] Built target geometry_msgs_generate_messages_eus
[47.021s] [  0%] Built target std_msgs_generate_messages_lisp
[47.057s] [  0%] Built target roscpp_generate_messages_nodejs
[47.095s] [  0%] Built target geometry_msgs_generate_messages_nodejs
[47.127s] [  0%] Built target geometry_msgs_generate_messages_lisp
[47.159s] [  0%] Built target pcl_msgs_generate_messages_cpp
[47.191s] [  0%] Built target jsk_recognition_msgs_generate_messages_cpp
[47.222s] [  0%] Built target autoware_msgs_generate_messages_eus
[47.254s] [  0%] Built target autoware_msgs_generate_messages_lisp
[47.285s] [  0%] Built target std_msgs_generate_messages_eus
[47.317s] [  0%] Built target autoware_msgs_generate_messages_nodejs
[47.350s] [  0%] Built target jsk_footstep_msgs_generate_messages_eus
[47.382s] [  0%] Built target actionlib_msgs_generate_messages_py
[47.414s] [  0%] Built target jsk_footstep_msgs_generate_messages_lisp
[47.445s] [  0%] Built target jsk_footstep_msgs_generate_messages_nodejs
[47.477s] [  0%] Built target tf_generate_messages_py
[47.509s] [  0%] Built target actionlib_msgs_generate_messages_lisp
[47.540s] [  0%] Built target jsk_footstep_msgs_generate_messages_cpp
[47.571s] [  0%] Built target actionlib_msgs_generate_messages_cpp
[47.601s] [  0%] Built target tf_generate_messages_eus
[47.632s] [  0%] Built target tf_generate_messages_lisp
[47.664s] [  0%] Built target tf_generate_messages_nodejs
[47.698s] [  0%] Built target jsk_recognition_msgs_generate_messages_nodejs
[47.730s] [  0%] Built target roscpp_generate_messages_lisp
[47.762s] [  0%] Built target roscpp_generate_messages_py
[47.794s] [  0%] Built target rosgraph_msgs_generate_messages_lisp
[47.826s] [  0%] Built target rosgraph_msgs_generate_messages_nodejs
[47.859s] [  0%] Built target roscpp_generate_messages_eus
[47.889s] [  0%] Built target actionlib_msgs_generate_messages_eus
[47.921s] [  0%] Built target rosgraph_msgs_generate_messages_py
[47.952s] [  0%] Built target pcl_msgs_generate_messages_py
[47.983s] [  0%] Built target actionlib_generate_messages_eus
[48.014s] [  0%] Built target geometry_msgs_generate_messages_cpp
[48.045s] [  0%] Built target actionlib_generate_messages_lisp
[48.077s] [  0%] Built target pcl_msgs_generate_messages_lisp
[48.107s] [  0%] Built target tf_generate_messages_cpp
[48.138s] [  0%] Built target actionlib_generate_messages_nodejs
[48.169s] [  0%] Built target tf2_msgs_generate_messages_eus
[48.199s] [  0%] Built target tf2_msgs_generate_messages_lisp
[48.229s] [  0%] Built target actionlib_generate_messages_py
[48.261s] [  0%] Built target tf2_msgs_generate_messages_py
[48.302s] [100%] Built target ekf_localizer
[48.334s] Install the project...
[48.348s] -- Install configuration: "Release"
[48.349s] -- Installing: /home/autoware/Autoware/install/ekf_localizer/lib/pkgconfig/ekf_localizer.pc
[48.349s] -- Installing: /home/autoware/Autoware/install/ekf_localizer/share/ekf_localizer/cmake/ekf_localizerConfig.cmake
[48.349s] -- Installing: /home/autoware/Autoware/install/ekf_localizer/share/ekf_localizer/cmake/ekf_localizerConfig-version.cmake
[48.350s] -- Installing: /home/autoware/Autoware/install/ekf_localizer/share/ekf_localizer/package.xml
[48.350s] -- Installing: /home/autoware/Autoware/install/ekf_localizer/lib/ekf_localizer/ekf_localizer
[48.352s] -- Set runtime path of "/home/autoware/Autoware/install/ekf_localizer/lib/ekf_localizer/ekf_localizer" to ""
[48.352s] -- Installing: /home/autoware/Autoware/install/ekf_localizer/include/ekf_localizer
[48.352s] -- Installing: /home/autoware/Autoware/install/ekf_localizer/include/ekf_localizer/ekf_localizer.h
[48.353s] -- Installing: /home/autoware/Autoware/install/ekf_localizer/share/ekf_localizer/launch
[48.353s] -- Installing: /home/autoware/Autoware/install/ekf_localizer/share/ekf_localizer/launch/ekf_localizer.launch
[48.359s] Invoked command in '/home/autoware/Autoware/build/ekf_localizer' returned '0': CMAKE_PREFIX_PATH=/home/autoware/Autoware/install/amathutils_lib:/home/autoware/Autoware/install/autoware_msgs:/home/autoware/Autoware/install/autoware_build_flags:${CMAKE_PREFIX_PATH} LD_LIBRARY_PATH=/home/autoware/Autoware/install/amathutils_lib/lib:${LD_LIBRARY_PATH} PKG_CONFIG_PATH=/home/autoware/Autoware/install/amathutils_lib/lib/x86_64-linux-gnu/pkgconfig:/home/autoware/Autoware/install/amathutils_lib/lib/pkgconfig:/home/autoware/Autoware/install/autoware_msgs/lib/x86_64-linux-gnu/pkgconfig:/home/autoware/Autoware/install/autoware_msgs/lib/pkgconfig:/home/autoware/Autoware/install/autoware_build_flags/lib/x86_64-linux-gnu/pkgconfig:/home/autoware/Autoware/install/autoware_build_flags/lib/pkgconfig:${PKG_CONFIG_PATH} PYTHONPATH=/home/autoware/Autoware/install/autoware_msgs/lib/python2.7/dist-packages:${PYTHONPATH} ROS_PACKAGE_PATH=/home/autoware/Autoware/install/amathutils_lib/share:/home/autoware/Autoware/install/autoware_msgs/share:/home/autoware/Autoware/install/autoware_build_flags/share:${ROS_PACKAGE_PATH} /usr/bin/cmake --build /home/autoware/Autoware/build/ekf_localizer --target install -- -j2 -l2
