-- The C compiler identification is GNU 7.5.0
-- The CXX compiler identification is GNU 7.5.0
-- Check for working C compiler: /usr/bin/cc
-- Check for working C compiler: /usr/bin/cc -- works
-- Detecting C compiler ABI info
-- Detecting C compiler ABI info - done
-- Detecting C compile features
-- Detecting C compile features - done
-- Check for working CXX compiler: /usr/bin/c++
-- Check for working CXX compiler: /usr/bin/c++ -- works
-- Detecting CXX compiler ABI info
-- Detecting CXX compiler ABI info - done
-- Detecting CXX compile features
-- Detecting CXX compile features - done
-- Using CATKIN_DEVEL_PREFIX: /home/autoware/Autoware/build/autoware_can_msgs/devel
-- Using CMAKE_PREFIX_PATH: /opt/ros/melodic
-- This workspace overlays: /opt/ros/melodic
-- Found PythonInterp: /usr/bin/python2 (found suitable version "2.7.17", minimum required is "2") 
-- Using PYTHON_EXECUTABLE: /usr/bin/python2
-- Using Debian Python package layout
-- Using empy: /usr/bin/empy
-- Using CATKIN_ENABLE_TESTING: ON
-- Call enable_testing()
-- Using CATKIN_TEST_RESULTS_DIR: /home/autoware/Autoware/build/autoware_can_msgs/test_results
-- Found gtest sources under '/usr/src/googletest': gtests will be built
-- Found gmock sources under '/usr/src/googletest': gmock will be built
-- Found PythonInterp: /usr/bin/python2 (found version "2.7.17") 
-- Looking for pthread.h
-- Looking for pthread.h - found
-- Looking for pthread_create
-- Looking for pthread_create - not found
-- Looking for pthread_create in pthreads
-- Looking for pthread_create in pthreads - not found
-- Looking for pthread_create in pthread
-- Looking for pthread_create in pthread - found
-- Found Threads: TRUE  
-- Using Python nosetests: /usr/bin/nosetests-2.7
-- catkin 0.7.26
-- BUILD_SHARED_LIBS is on
-- Using these message generators: gencpp;geneus;genlisp;gennodejs;genpy
-- autoware_can_msgs: 3 messages, 0 services
-- Configuring done
-- Generating done
-- Build files have been written to: /home/autoware/Autoware/build/autoware_can_msgs
Scanning dependencies of target _autoware_can_msgs_generate_messages_check_deps_CANPacket
[  0%] Built target _autoware_can_msgs_generate_messages_check_deps_CANPacket
Scanning dependencies of target std_msgs_generate_messages_cpp
[  0%] Built target std_msgs_generate_messages_cpp
Scanning dependencies of target _autoware_can_msgs_generate_messages_check_deps_CANData
[  0%] Built target _autoware_can_msgs_generate_messages_check_deps_CANData
Scanning dependencies of target _autoware_can_msgs_generate_messages_check_deps_CANInfo
[  0%] Built target _autoware_can_msgs_generate_messages_check_deps_CANInfo
Scanning dependencies of target std_msgs_generate_messages_py
[  0%] Built target std_msgs_generate_messages_py
Scanning dependencies of target std_msgs_generate_messages_nodejs
[  0%] Built target std_msgs_generate_messages_nodejs
Scanning dependencies of target std_msgs_generate_messages_lisp
[  0%] Built target std_msgs_generate_messages_lisp
Scanning dependencies of target std_msgs_generate_messages_eus
[  0%] Built target std_msgs_generate_messages_eus
Scanning dependencies of target autoware_can_msgs_generate_messages_cpp
[  5%] Generating C++ code from autoware_can_msgs/CANInfo.msg
[ 11%] Generating C++ code from autoware_can_msgs/CANPacket.msg
[ 17%] Generating C++ code from autoware_can_msgs/CANData.msg
[ 17%] Built target autoware_can_msgs_generate_messages_cpp
Scanning dependencies of target autoware_can_msgs_generate_messages_py
[ 23%] Generating Python from MSG autoware_can_msgs/CANInfo
[ 29%] Generating Python from MSG autoware_can_msgs/CANPacket
[ 35%] Generating Python from MSG autoware_can_msgs/CANData
[ 41%] Generating Python msg __init__.py for autoware_can_msgs
[ 41%] Built target autoware_can_msgs_generate_messages_py
Scanning dependencies of target autoware_can_msgs_generate_messages_nodejs
[ 47%] Generating Javascript code from autoware_can_msgs/CANInfo.msg
[ 52%] Generating Javascript code from autoware_can_msgs/CANPacket.msg
[ 58%] Generating Javascript code from autoware_can_msgs/CANData.msg
[ 58%] Built target autoware_can_msgs_generate_messages_nodejs
Scanning dependencies of target autoware_can_msgs_generate_messages_lisp
[ 64%] Generating Lisp code from autoware_can_msgs/CANInfo.msg
[ 70%] Generating Lisp code from autoware_can_msgs/CANPacket.msg
[ 76%] Generating Lisp code from autoware_can_msgs/CANData.msg
[ 76%] Built target autoware_can_msgs_generate_messages_lisp
Scanning dependencies of target autoware_can_msgs_generate_messages_eus
[ 82%] Generating EusLisp code from autoware_can_msgs/CANInfo.msg
[ 88%] Generating EusLisp code from autoware_can_msgs/CANPacket.msg
[ 94%] Generating EusLisp code from autoware_can_msgs/CANData.msg
[100%] Generating EusLisp manifest code for autoware_can_msgs
[100%] Built target autoware_can_msgs_generate_messages_eus
Scanning dependencies of target autoware_can_msgs_generate_messages
[100%] Built target autoware_can_msgs_generate_messages
Scanning dependencies of target tests
Built target tests
[  0%] Built target _autoware_can_msgs_generate_messages_check_deps_CANPacket
[  0%] Built target std_msgs_generate_messages_cpp
[  0%] Built target _autoware_can_msgs_generate_messages_check_deps_CANData
[  0%] Built target _autoware_can_msgs_generate_messages_check_deps_CANInfo
[  0%] Built target std_msgs_generate_messages_py
[  0%] Built target std_msgs_generate_messages_nodejs
[  0%] Built target std_msgs_generate_messages_lisp
[  0%] Built target std_msgs_generate_messages_eus
[ 17%] Built target autoware_can_msgs_generate_messages_cpp
[ 41%] Built target autoware_can_msgs_generate_messages_py
[ 58%] Built target autoware_can_msgs_generate_messages_nodejs
[ 76%] Built target autoware_can_msgs_generate_messages_lisp
[100%] Built target autoware_can_msgs_generate_messages_eus
[100%] Built target autoware_can_msgs_generate_messages
Install the project...
-- Install configuration: "Release"
-- Installing: /home/autoware/Autoware/install/autoware_can_msgs/share/autoware_can_msgs/msg/CANData.msg
-- Installing: /home/autoware/Autoware/install/autoware_can_msgs/share/autoware_can_msgs/msg/CANInfo.msg
-- Installing: /home/autoware/Autoware/install/autoware_can_msgs/share/autoware_can_msgs/msg/CANPacket.msg
-- Installing: /home/autoware/Autoware/install/autoware_can_msgs/share/autoware_can_msgs/cmake/autoware_can_msgs-msg-paths.cmake
-- Installing: /home/autoware/Autoware/install/autoware_can_msgs/include/autoware_can_msgs
-- Installing: /home/autoware/Autoware/install/autoware_can_msgs/include/autoware_can_msgs/CANPacket.h
-- Installing: /home/autoware/Autoware/install/autoware_can_msgs/include/autoware_can_msgs/CANData.h
-- Installing: /home/autoware/Autoware/install/autoware_can_msgs/include/autoware_can_msgs/CANInfo.h
-- Installing: /home/autoware/Autoware/install/autoware_can_msgs/share/roseus/ros/autoware_can_msgs
-- Installing: /home/autoware/Autoware/install/autoware_can_msgs/share/roseus/ros/autoware_can_msgs/msg
-- Installing: /home/autoware/Autoware/install/autoware_can_msgs/share/roseus/ros/autoware_can_msgs/msg/CANInfo.l
-- Installing: /home/autoware/Autoware/install/autoware_can_msgs/share/roseus/ros/autoware_can_msgs/msg/CANPacket.l
-- Installing: /home/autoware/Autoware/install/autoware_can_msgs/share/roseus/ros/autoware_can_msgs/msg/CANData.l
-- Installing: /home/autoware/Autoware/install/autoware_can_msgs/share/roseus/ros/autoware_can_msgs/manifest.l
-- Installing: /home/autoware/Autoware/install/autoware_can_msgs/share/common-lisp/ros/autoware_can_msgs
-- Installing: /home/autoware/Autoware/install/autoware_can_msgs/share/common-lisp/ros/autoware_can_msgs/msg
-- Installing: /home/autoware/Autoware/install/autoware_can_msgs/share/common-lisp/ros/autoware_can_msgs/msg/_package_CANData.lisp
-- Installing: /home/autoware/Autoware/install/autoware_can_msgs/share/common-lisp/ros/autoware_can_msgs/msg/_package_CANInfo.lisp
-- Installing: /home/autoware/Autoware/install/autoware_can_msgs/share/common-lisp/ros/autoware_can_msgs/msg/CANData.lisp
-- Installing: /home/autoware/Autoware/install/autoware_can_msgs/share/common-lisp/ros/autoware_can_msgs/msg/CANPacket.lisp
-- Installing: /home/autoware/Autoware/install/autoware_can_msgs/share/common-lisp/ros/autoware_can_msgs/msg/_package.lisp
-- Installing: /home/autoware/Autoware/install/autoware_can_msgs/share/common-lisp/ros/autoware_can_msgs/msg/_package_CANPacket.lisp
-- Installing: /home/autoware/Autoware/install/autoware_can_msgs/share/common-lisp/ros/autoware_can_msgs/msg/CANInfo.lisp
-- Installing: /home/autoware/Autoware/install/autoware_can_msgs/share/common-lisp/ros/autoware_can_msgs/msg/autoware_can_msgs-msg.asd
-- Installing: /home/autoware/Autoware/install/autoware_can_msgs/share/gennodejs/ros/autoware_can_msgs
-- Installing: /home/autoware/Autoware/install/autoware_can_msgs/share/gennodejs/ros/autoware_can_msgs/msg
-- Installing: /home/autoware/Autoware/install/autoware_can_msgs/share/gennodejs/ros/autoware_can_msgs/msg/CANInfo.js
-- Installing: /home/autoware/Autoware/install/autoware_can_msgs/share/gennodejs/ros/autoware_can_msgs/msg/_index.js
-- Installing: /home/autoware/Autoware/install/autoware_can_msgs/share/gennodejs/ros/autoware_can_msgs/msg/CANData.js
-- Installing: /home/autoware/Autoware/install/autoware_can_msgs/share/gennodejs/ros/autoware_can_msgs/msg/CANPacket.js
-- Installing: /home/autoware/Autoware/install/autoware_can_msgs/share/gennodejs/ros/autoware_can_msgs/_index.js
Listing /home/autoware/Autoware/build/autoware_can_msgs/devel/lib/python2.7/dist-packages/autoware_can_msgs ...
Compiling /home/autoware/Autoware/build/autoware_can_msgs/devel/lib/python2.7/dist-packages/autoware_can_msgs/__init__.py ...
Listing /home/autoware/Autoware/build/autoware_can_msgs/devel/lib/python2.7/dist-packages/autoware_can_msgs/msg ...
Compiling /home/autoware/Autoware/build/autoware_can_msgs/devel/lib/python2.7/dist-packages/autoware_can_msgs/msg/_CANData.py ...
Compiling /home/autoware/Autoware/build/autoware_can_msgs/devel/lib/python2.7/dist-packages/autoware_can_msgs/msg/_CANInfo.py ...
Compiling /home/autoware/Autoware/build/autoware_can_msgs/devel/lib/python2.7/dist-packages/autoware_can_msgs/msg/_CANPacket.py ...
Compiling /home/autoware/Autoware/build/autoware_can_msgs/devel/lib/python2.7/dist-packages/autoware_can_msgs/msg/__init__.py ...
-- Installing: /home/autoware/Autoware/install/autoware_can_msgs/lib/python2.7/dist-packages/autoware_can_msgs
-- Installing: /home/autoware/Autoware/install/autoware_can_msgs/lib/python2.7/dist-packages/autoware_can_msgs/msg
-- Installing: /home/autoware/Autoware/install/autoware_can_msgs/lib/python2.7/dist-packages/autoware_can_msgs/msg/_CANData.py
-- Installing: /home/autoware/Autoware/install/autoware_can_msgs/lib/python2.7/dist-packages/autoware_can_msgs/msg/_CANPacket.py
-- Installing: /home/autoware/Autoware/install/autoware_can_msgs/lib/python2.7/dist-packages/autoware_can_msgs/msg/__init__.pyc
-- Installing: /home/autoware/Autoware/install/autoware_can_msgs/lib/python2.7/dist-packages/autoware_can_msgs/msg/_CANInfo.pyc
-- Installing: /home/autoware/Autoware/install/autoware_can_msgs/lib/python2.7/dist-packages/autoware_can_msgs/msg/_CANInfo.py
-- Installing: /home/autoware/Autoware/install/autoware_can_msgs/lib/python2.7/dist-packages/autoware_can_msgs/msg/__init__.py
-- Installing: /home/autoware/Autoware/install/autoware_can_msgs/lib/python2.7/dist-packages/autoware_can_msgs/msg/_CANData.pyc
-- Installing: /home/autoware/Autoware/install/autoware_can_msgs/lib/python2.7/dist-packages/autoware_can_msgs/msg/_CANPacket.pyc
-- Installing: /home/autoware/Autoware/install/autoware_can_msgs/lib/python2.7/dist-packages/autoware_can_msgs/__init__.pyc
-- Installing: /home/autoware/Autoware/install/autoware_can_msgs/lib/python2.7/dist-packages/autoware_can_msgs/__init__.py
-- Installing: /home/autoware/Autoware/install/autoware_can_msgs/lib/pkgconfig/autoware_can_msgs.pc
-- Installing: /home/autoware/Autoware/install/autoware_can_msgs/share/autoware_can_msgs/cmake/autoware_can_msgs-msg-extras.cmake
-- Installing: /home/autoware/Autoware/install/autoware_can_msgs/share/autoware_can_msgs/cmake/autoware_can_msgsConfig.cmake
-- Installing: /home/autoware/Autoware/install/autoware_can_msgs/share/autoware_can_msgs/cmake/autoware_can_msgsConfig-version.cmake
-- Installing: /home/autoware/Autoware/install/autoware_can_msgs/share/autoware_can_msgs/package.xml
