[0.037s] Invoking command in '/home/autoware/Autoware/build/naive_motion_predict': CMAKE_PREFIX_PATH=/home/autoware/Autoware/install/imm_ukf_pda_track:/home/autoware/Autoware/install/lanelet2_extension:/home/autoware/Autoware/install/vector_map:/home/autoware/Autoware/install/amathutils_lib:/home/autoware/Autoware/install/vector_map_msgs:/home/autoware/Autoware/install/autoware_msgs:/home/autoware/Autoware/install/autoware_lanelet2_msgs:/home/autoware/Autoware/install/autoware_build_flags:${CMAKE_PREFIX_PATH} LD_LIBRARY_PATH=/home/autoware/Autoware/install/lanelet2_extension/lib:/home/autoware/Autoware/install/vector_map/lib:/home/autoware/Autoware/install/amathutils_lib/lib:${LD_LIBRARY_PATH} PKG_CONFIG_PATH=/home/autoware/Autoware/install/imm_ukf_pda_track/lib/x86_64-linux-gnu/pkgconfig:/home/autoware/Autoware/install/imm_ukf_pda_track/lib/pkgconfig:/home/autoware/Autoware/install/lanelet2_extension/lib/x86_64-linux-gnu/pkgconfig:/home/autoware/Autoware/install/lanelet2_extension/lib/pkgconfig:/home/autoware/Autoware/install/vector_map/lib/x86_64-linux-gnu/pkgconfig:/home/autoware/Autoware/install/vector_map/lib/pkgconfig:/home/autoware/Autoware/install/amathutils_lib/lib/x86_64-linux-gnu/pkgconfig:/home/autoware/Autoware/install/amathutils_lib/lib/pkgconfig:/home/autoware/Autoware/install/vector_map_msgs/lib/x86_64-linux-gnu/pkgconfig:/home/autoware/Autoware/install/vector_map_msgs/lib/pkgconfig:/home/autoware/Autoware/install/autoware_msgs/lib/x86_64-linux-gnu/pkgconfig:/home/autoware/Autoware/install/autoware_msgs/lib/pkgconfig:/home/autoware/Autoware/install/autoware_lanelet2_msgs/lib/x86_64-linux-gnu/pkgconfig:/home/autoware/Autoware/install/autoware_lanelet2_msgs/lib/pkgconfig:/home/autoware/Autoware/install/autoware_build_flags/lib/x86_64-linux-gnu/pkgconfig:/home/autoware/Autoware/install/autoware_build_flags/lib/pkgconfig:${PKG_CONFIG_PATH} PYTHONPATH=/home/autoware/Autoware/install/vector_map_msgs/lib/python2.7/dist-packages:/home/autoware/Autoware/install/autoware_msgs/lib/python2.7/dist-packages:/home/autoware/Autoware/install/autoware_lanelet2_msgs/lib/python2.7/dist-packages:${PYTHONPATH} ROS_PACKAGE_PATH=/home/autoware/Autoware/install/imm_ukf_pda_track/share:/home/autoware/Autoware/install/lanelet2_extension/share:/home/autoware/Autoware/install/vector_map/share:/home/autoware/Autoware/install/amathutils_lib/share:/home/autoware/Autoware/install/vector_map_msgs/share:/home/autoware/Autoware/install/autoware_msgs/share:/home/autoware/Autoware/install/autoware_lanelet2_msgs/share:/home/autoware/Autoware/install/autoware_build_flags/share:${ROS_PACKAGE_PATH} /usr/bin/cmake /home/autoware/Autoware/src/autoware/core_perception/naive_motion_predict -DCMAKE_BUILD_TYPE=Release -DCATKIN_INSTALL_INTO_PREFIX_ROOT=0 -DCMAKE_INSTALL_PREFIX=/home/autoware/Autoware/install/naive_motion_predict
[0.131s] -- The C compiler identification is GNU 7.5.0
[0.212s] -- The CXX compiler identification is GNU 7.5.0
[0.219s] -- Check for working C compiler: /usr/bin/cc
[0.318s] -- Check for working C compiler: /usr/bin/cc -- works
[0.320s] -- Detecting C compiler ABI info
[0.431s] -- Detecting C compiler ABI info - done
[0.437s] -- Detecting C compile features
[0.747s] -- Detecting C compile features - done
[0.752s] -- Check for working CXX compiler: /usr/bin/c++
[0.967s] -- Check for working CXX compiler: /usr/bin/c++ -- works
[0.968s] -- Detecting CXX compiler ABI info
[1.083s] -- Detecting CXX compiler ABI info - done
[1.089s] -- Detecting CXX compile features
[1.564s] -- Detecting CXX compile features - done
[1.571s] -- Found PkgConfig: /usr/bin/pkg-config (found version "0.29.1") 
[1.573s] -- CUDA compilation status: ON.
[1.577s] -- Using CATKIN_DEVEL_PREFIX: /home/autoware/Autoware/build/naive_motion_predict/devel
[1.577s] -- Using CMAKE_PREFIX_PATH: /home/autoware/Autoware/install/imm_ukf_pda_track;/home/autoware/Autoware/install/lanelet2_extension;/home/autoware/Autoware/install/vector_map;/home/autoware/Autoware/install/amathutils_lib;/home/autoware/Autoware/install/vector_map_msgs;/home/autoware/Autoware/install/autoware_msgs;/home/autoware/Autoware/install/autoware_lanelet2_msgs;/home/autoware/Autoware/install/autoware_build_flags;/opt/ros/melodic
[1.578s] -- This workspace overlays: /home/autoware/Autoware/install/imm_ukf_pda_track;/home/autoware/Autoware/install/lanelet2_extension;/home/autoware/Autoware/install/vector_map;/home/autoware/Autoware/install/amathutils_lib;/home/autoware/Autoware/install/vector_map_msgs;/home/autoware/Autoware/install/autoware_msgs;/home/autoware/Autoware/install/autoware_lanelet2_msgs;/home/autoware/Autoware/install/autoware_build_flags;/opt/ros/melodic
[1.599s] -- Found PythonInterp: /usr/bin/python2 (found suitable version "2.7.17", minimum required is "2") 
[1.599s] -- Using PYTHON_EXECUTABLE: /usr/bin/python2
[1.599s] -- Using Debian Python package layout
[1.600s] -- Using empy: /usr/bin/empy
[1.771s] -- Using CATKIN_ENABLE_TESTING: ON
[1.771s] -- Call enable_testing()
[1.779s] -- Using CATKIN_TEST_RESULTS_DIR: /home/autoware/Autoware/build/naive_motion_predict/test_results
[1.804s] -- Found gtest sources under '/usr/src/googletest': gtests will be built
[1.804s] -- Found gmock sources under '/usr/src/googletest': gmock will be built
[1.823s] -- Found PythonInterp: /usr/bin/python2 (found version "2.7.17") 
[1.824s] -- Looking for pthread.h
[1.927s] -- Looking for pthread.h - found
[1.927s] -- Looking for pthread_create
[2.019s] -- Looking for pthread_create - not found
[2.019s] -- Looking for pthread_create in pthreads
[2.099s] -- Looking for pthread_create in pthreads - not found
[2.103s] -- Looking for pthread_create in pthread
[2.203s] -- Looking for pthread_create in pthread - found
[2.203s] -- Found Threads: TRUE  
[2.206s] -- Using Python nosetests: /usr/bin/nosetests-2.7
[2.261s] -- catkin 0.7.26
[2.261s] -- BUILD_SHARED_LIBS is on
[2.508s] -- Using these message generators: gencpp;geneus;genlisp;gennodejs;genpy
[2.951s] -- Configuring done
[3.000s] -- Generating done
[3.012s] -- Build files have been written to: /home/autoware/Autoware/build/naive_motion_predict
[3.018s] Invoked command in '/home/autoware/Autoware/build/naive_motion_predict' returned '0': CMAKE_PREFIX_PATH=/home/autoware/Autoware/install/imm_ukf_pda_track:/home/autoware/Autoware/install/lanelet2_extension:/home/autoware/Autoware/install/vector_map:/home/autoware/Autoware/install/amathutils_lib:/home/autoware/Autoware/install/vector_map_msgs:/home/autoware/Autoware/install/autoware_msgs:/home/autoware/Autoware/install/autoware_lanelet2_msgs:/home/autoware/Autoware/install/autoware_build_flags:${CMAKE_PREFIX_PATH} LD_LIBRARY_PATH=/home/autoware/Autoware/install/lanelet2_extension/lib:/home/autoware/Autoware/install/vector_map/lib:/home/autoware/Autoware/install/amathutils_lib/lib:${LD_LIBRARY_PATH} PKG_CONFIG_PATH=/home/autoware/Autoware/install/imm_ukf_pda_track/lib/x86_64-linux-gnu/pkgconfig:/home/autoware/Autoware/install/imm_ukf_pda_track/lib/pkgconfig:/home/autoware/Autoware/install/lanelet2_extension/lib/x86_64-linux-gnu/pkgconfig:/home/autoware/Autoware/install/lanelet2_extension/lib/pkgconfig:/home/autoware/Autoware/install/vector_map/lib/x86_64-linux-gnu/pkgconfig:/home/autoware/Autoware/install/vector_map/lib/pkgconfig:/home/autoware/Autoware/install/amathutils_lib/lib/x86_64-linux-gnu/pkgconfig:/home/autoware/Autoware/install/amathutils_lib/lib/pkgconfig:/home/autoware/Autoware/install/vector_map_msgs/lib/x86_64-linux-gnu/pkgconfig:/home/autoware/Autoware/install/vector_map_msgs/lib/pkgconfig:/home/autoware/Autoware/install/autoware_msgs/lib/x86_64-linux-gnu/pkgconfig:/home/autoware/Autoware/install/autoware_msgs/lib/pkgconfig:/home/autoware/Autoware/install/autoware_lanelet2_msgs/lib/x86_64-linux-gnu/pkgconfig:/home/autoware/Autoware/install/autoware_lanelet2_msgs/lib/pkgconfig:/home/autoware/Autoware/install/autoware_build_flags/lib/x86_64-linux-gnu/pkgconfig:/home/autoware/Autoware/install/autoware_build_flags/lib/pkgconfig:${PKG_CONFIG_PATH} PYTHONPATH=/home/autoware/Autoware/install/vector_map_msgs/lib/python2.7/dist-packages:/home/autoware/Autoware/install/autoware_msgs/lib/python2.7/dist-packages:/home/autoware/Autoware/install/autoware_lanelet2_msgs/lib/python2.7/dist-packages:${PYTHONPATH} ROS_PACKAGE_PATH=/home/autoware/Autoware/install/imm_ukf_pda_track/share:/home/autoware/Autoware/install/lanelet2_extension/share:/home/autoware/Autoware/install/vector_map/share:/home/autoware/Autoware/install/amathutils_lib/share:/home/autoware/Autoware/install/vector_map_msgs/share:/home/autoware/Autoware/install/autoware_msgs/share:/home/autoware/Autoware/install/autoware_lanelet2_msgs/share:/home/autoware/Autoware/install/autoware_build_flags/share:${ROS_PACKAGE_PATH} /usr/bin/cmake /home/autoware/Autoware/src/autoware/core_perception/naive_motion_predict -DCMAKE_BUILD_TYPE=Release -DCATKIN_INSTALL_INTO_PREFIX_ROOT=0 -DCMAKE_INSTALL_PREFIX=/home/autoware/Autoware/install/naive_motion_predict
[3.021s] Invoking command in '/home/autoware/Autoware/build/naive_motion_predict': CMAKE_PREFIX_PATH=/home/autoware/Autoware/install/imm_ukf_pda_track:/home/autoware/Autoware/install/lanelet2_extension:/home/autoware/Autoware/install/vector_map:/home/autoware/Autoware/install/amathutils_lib:/home/autoware/Autoware/install/vector_map_msgs:/home/autoware/Autoware/install/autoware_msgs:/home/autoware/Autoware/install/autoware_lanelet2_msgs:/home/autoware/Autoware/install/autoware_build_flags:${CMAKE_PREFIX_PATH} LD_LIBRARY_PATH=/home/autoware/Autoware/install/lanelet2_extension/lib:/home/autoware/Autoware/install/vector_map/lib:/home/autoware/Autoware/install/amathutils_lib/lib:${LD_LIBRARY_PATH} PKG_CONFIG_PATH=/home/autoware/Autoware/install/imm_ukf_pda_track/lib/x86_64-linux-gnu/pkgconfig:/home/autoware/Autoware/install/imm_ukf_pda_track/lib/pkgconfig:/home/autoware/Autoware/install/lanelet2_extension/lib/x86_64-linux-gnu/pkgconfig:/home/autoware/Autoware/install/lanelet2_extension/lib/pkgconfig:/home/autoware/Autoware/install/vector_map/lib/x86_64-linux-gnu/pkgconfig:/home/autoware/Autoware/install/vector_map/lib/pkgconfig:/home/autoware/Autoware/install/amathutils_lib/lib/x86_64-linux-gnu/pkgconfig:/home/autoware/Autoware/install/amathutils_lib/lib/pkgconfig:/home/autoware/Autoware/install/vector_map_msgs/lib/x86_64-linux-gnu/pkgconfig:/home/autoware/Autoware/install/vector_map_msgs/lib/pkgconfig:/home/autoware/Autoware/install/autoware_msgs/lib/x86_64-linux-gnu/pkgconfig:/home/autoware/Autoware/install/autoware_msgs/lib/pkgconfig:/home/autoware/Autoware/install/autoware_lanelet2_msgs/lib/x86_64-linux-gnu/pkgconfig:/home/autoware/Autoware/install/autoware_lanelet2_msgs/lib/pkgconfig:/home/autoware/Autoware/install/autoware_build_flags/lib/x86_64-linux-gnu/pkgconfig:/home/autoware/Autoware/install/autoware_build_flags/lib/pkgconfig:${PKG_CONFIG_PATH} PYTHONPATH=/home/autoware/Autoware/install/vector_map_msgs/lib/python2.7/dist-packages:/home/autoware/Autoware/install/autoware_msgs/lib/python2.7/dist-packages:/home/autoware/Autoware/install/autoware_lanelet2_msgs/lib/python2.7/dist-packages:${PYTHONPATH} ROS_PACKAGE_PATH=/home/autoware/Autoware/install/imm_ukf_pda_track/share:/home/autoware/Autoware/install/lanelet2_extension/share:/home/autoware/Autoware/install/vector_map/share:/home/autoware/Autoware/install/amathutils_lib/share:/home/autoware/Autoware/install/vector_map_msgs/share:/home/autoware/Autoware/install/autoware_msgs/share:/home/autoware/Autoware/install/autoware_lanelet2_msgs/share:/home/autoware/Autoware/install/autoware_build_flags/share:${ROS_PACKAGE_PATH} /usr/bin/cmake --build /home/autoware/Autoware/build/naive_motion_predict -- -j2 -l2
[3.084s] Scanning dependencies of target vector_map_msgs_generate_messages_eus
[3.098s] [  0%] Built target vector_map_msgs_generate_messages_eus
[3.112s] Scanning dependencies of target std_msgs_generate_messages_cpp
[3.127s] [  0%] Built target std_msgs_generate_messages_cpp
[3.142s] Scanning dependencies of target jsk_footstep_msgs_generate_messages_py
[3.156s] [  0%] Built target jsk_footstep_msgs_generate_messages_py
[3.171s] Scanning dependencies of target visualization_msgs_generate_messages_nodejs
[3.185s] [  0%] Built target visualization_msgs_generate_messages_nodejs
[3.200s] Scanning dependencies of target actionlib_msgs_generate_messages_nodejs
[3.213s] [  0%] Built target actionlib_msgs_generate_messages_nodejs
[3.226s] Scanning dependencies of target geometry_msgs_generate_messages_eus
[3.240s] [  0%] Built target geometry_msgs_generate_messages_eus
[3.254s] Scanning dependencies of target vector_map_msgs_generate_messages_py
[3.267s] [  0%] Built target vector_map_msgs_generate_messages_py
[3.280s] Scanning dependencies of target vector_map_msgs_generate_messages_nodejs
[3.293s] [  0%] Built target vector_map_msgs_generate_messages_nodejs
[3.306s] Scanning dependencies of target vector_map_msgs_generate_messages_lisp
[3.319s] [  0%] Built target vector_map_msgs_generate_messages_lisp
[3.332s] Scanning dependencies of target geometry_msgs_generate_messages_py
[3.349s] [  0%] Built target geometry_msgs_generate_messages_py
[3.363s] Scanning dependencies of target sensor_msgs_generate_messages_nodejs
[3.376s] [  0%] Built target sensor_msgs_generate_messages_nodejs
[3.390s] Scanning dependencies of target roscpp_generate_messages_cpp
[3.403s] [  0%] Built target roscpp_generate_messages_cpp
[3.418s] Scanning dependencies of target actionlib_generate_messages_cpp
[3.431s] [  0%] Built target actionlib_generate_messages_cpp
[3.445s] Scanning dependencies of target pcl_msgs_generate_messages_eus
[3.459s] [  0%] Built target pcl_msgs_generate_messages_eus
[3.474s] Scanning dependencies of target rosgraph_msgs_generate_messages_eus
[3.489s] [  0%] Built target rosgraph_msgs_generate_messages_eus
[3.504s] Scanning dependencies of target jsk_recognition_msgs_generate_messages_lisp
[3.517s] [  0%] Built target jsk_recognition_msgs_generate_messages_lisp
[3.532s] Scanning dependencies of target jsk_recognition_msgs_generate_messages_eus
[3.546s] [  0%] Built target jsk_recognition_msgs_generate_messages_eus
[3.562s] Scanning dependencies of target rosgraph_msgs_generate_messages_cpp
[3.577s] [  0%] Built target rosgraph_msgs_generate_messages_cpp
[3.592s] Scanning dependencies of target pcl_msgs_generate_messages_nodejs
[3.606s] [  0%] Built target pcl_msgs_generate_messages_nodejs
[3.621s] Scanning dependencies of target jsk_recognition_msgs_generate_messages_py
[3.636s] [  0%] Built target jsk_recognition_msgs_generate_messages_py
[3.650s] Scanning dependencies of target sensor_msgs_generate_messages_lisp
[3.665s] [  0%] Built target sensor_msgs_generate_messages_lisp
[3.679s] Scanning dependencies of target sensor_msgs_generate_messages_py
[3.693s] [  0%] Built target sensor_msgs_generate_messages_py
[3.707s] Scanning dependencies of target tf_generate_messages_py
[3.720s] [  0%] Built target tf_generate_messages_py
[3.734s] Scanning dependencies of target std_msgs_generate_messages_lisp
[3.748s] [  0%] Built target std_msgs_generate_messages_lisp
[3.762s] Scanning dependencies of target roscpp_generate_messages_nodejs
[3.775s] [  0%] Built target roscpp_generate_messages_nodejs
[3.788s] Scanning dependencies of target geometry_msgs_generate_messages_nodejs
[3.802s] [  0%] Built target geometry_msgs_generate_messages_nodejs
[3.816s] Scanning dependencies of target geometry_msgs_generate_messages_lisp
[3.830s] [  0%] Built target geometry_msgs_generate_messages_lisp
[3.844s] Scanning dependencies of target pcl_msgs_generate_messages_cpp
[3.858s] [  0%] Built target pcl_msgs_generate_messages_cpp
[3.872s] Scanning dependencies of target jsk_recognition_msgs_generate_messages_cpp
[3.886s] [  0%] Built target jsk_recognition_msgs_generate_messages_cpp
[3.899s] Scanning dependencies of target autoware_msgs_generate_messages_eus
[3.913s] [  0%] Built target autoware_msgs_generate_messages_eus
[3.928s] Scanning dependencies of target autoware_msgs_generate_messages_lisp
[3.943s] [  0%] Built target autoware_msgs_generate_messages_lisp
[3.957s] Scanning dependencies of target visualization_msgs_generate_messages_lisp
[3.972s] [  0%] Built target visualization_msgs_generate_messages_lisp
[3.987s] Scanning dependencies of target std_msgs_generate_messages_eus
[4.002s] [  0%] Built target std_msgs_generate_messages_eus
[4.017s] Scanning dependencies of target autoware_msgs_generate_messages_nodejs
[4.032s] [  0%] Built target autoware_msgs_generate_messages_nodejs
[4.047s] Scanning dependencies of target jsk_footstep_msgs_generate_messages_eus
[4.061s] [  0%] Built target jsk_footstep_msgs_generate_messages_eus
[4.074s] Scanning dependencies of target actionlib_msgs_generate_messages_py
[4.087s] [  0%] Built target actionlib_msgs_generate_messages_py
[4.101s] Scanning dependencies of target jsk_footstep_msgs_generate_messages_lisp
[4.115s] [  0%] Built target jsk_footstep_msgs_generate_messages_lisp
[4.128s] Scanning dependencies of target jsk_footstep_msgs_generate_messages_nodejs
[4.143s] [  0%] Built target jsk_footstep_msgs_generate_messages_nodejs
[4.158s] Scanning dependencies of target tf2_msgs_generate_messages_cpp
[4.174s] [  0%] Built target tf2_msgs_generate_messages_cpp
[4.189s] Scanning dependencies of target std_msgs_generate_messages_py
[4.203s] [  0%] Built target std_msgs_generate_messages_py
[4.218s] Scanning dependencies of target autoware_msgs_generate_messages_py
[4.233s] [  0%] Built target autoware_msgs_generate_messages_py
[4.248s] Scanning dependencies of target std_msgs_generate_messages_nodejs
[4.263s] [  0%] Built target std_msgs_generate_messages_nodejs
[4.278s] Scanning dependencies of target sensor_msgs_generate_messages_eus
[4.292s] [  0%] Built target sensor_msgs_generate_messages_eus
[4.305s] Scanning dependencies of target _catkin_empty_exported_target
[4.320s] [  0%] Built target _catkin_empty_exported_target
[4.334s] Scanning dependencies of target sensor_msgs_generate_messages_cpp
[4.348s] [  0%] Built target sensor_msgs_generate_messages_cpp
[4.364s] Scanning dependencies of target autoware_msgs_generate_messages_cpp
[4.379s] [  0%] Built target autoware_msgs_generate_messages_cpp
[4.393s] Scanning dependencies of target actionlib_msgs_generate_messages_lisp
[4.408s] [  0%] Built target actionlib_msgs_generate_messages_lisp
[4.421s] Scanning dependencies of target jsk_footstep_msgs_generate_messages_cpp
[4.435s] [  0%] Built target jsk_footstep_msgs_generate_messages_cpp
[4.449s] Scanning dependencies of target actionlib_msgs_generate_messages_cpp
[4.462s] [  0%] Built target actionlib_msgs_generate_messages_cpp
[4.477s] Scanning dependencies of target tf_generate_messages_eus
[4.493s] [  0%] Built target tf_generate_messages_eus
[4.507s] Scanning dependencies of target tf_generate_messages_lisp
[4.521s] [  0%] Built target tf_generate_messages_lisp
[4.536s] Scanning dependencies of target tf_generate_messages_nodejs
[4.550s] [  0%] Built target tf_generate_messages_nodejs
[4.565s] Scanning dependencies of target jsk_recognition_msgs_generate_messages_nodejs
[4.580s] [  0%] Built target jsk_recognition_msgs_generate_messages_nodejs
[4.596s] Scanning dependencies of target roscpp_generate_messages_lisp
[4.611s] [  0%] Built target roscpp_generate_messages_lisp
[4.626s] Scanning dependencies of target roscpp_generate_messages_py
[4.642s] [  0%] Built target roscpp_generate_messages_py
[4.659s] Scanning dependencies of target rosgraph_msgs_generate_messages_lisp
[4.676s] [  0%] Built target rosgraph_msgs_generate_messages_lisp
[4.693s] Scanning dependencies of target rosgraph_msgs_generate_messages_nodejs
[4.709s] [  0%] Built target rosgraph_msgs_generate_messages_nodejs
[4.726s] Scanning dependencies of target roscpp_generate_messages_eus
[4.745s] [  0%] Built target roscpp_generate_messages_eus
[4.762s] Scanning dependencies of target actionlib_msgs_generate_messages_eus
[4.779s] [  0%] Built target actionlib_msgs_generate_messages_eus
[4.795s] Scanning dependencies of target rosgraph_msgs_generate_messages_py
[4.811s] [  0%] Built target rosgraph_msgs_generate_messages_py
[4.826s] Scanning dependencies of target pcl_msgs_generate_messages_py
[4.841s] [  0%] Built target pcl_msgs_generate_messages_py
[4.856s] Scanning dependencies of target actionlib_generate_messages_eus
[4.871s] [  0%] Built target actionlib_generate_messages_eus
[4.886s] Scanning dependencies of target geometry_msgs_generate_messages_cpp
[4.901s] [  0%] Built target geometry_msgs_generate_messages_cpp
[4.917s] Scanning dependencies of target actionlib_generate_messages_lisp
[4.932s] [  0%] Built target actionlib_generate_messages_lisp
[4.946s] Scanning dependencies of target pcl_msgs_generate_messages_lisp
[4.960s] [  0%] Built target pcl_msgs_generate_messages_lisp
[4.975s] Scanning dependencies of target tf_generate_messages_cpp
[4.989s] [  0%] Built target tf_generate_messages_cpp
[5.004s] Scanning dependencies of target actionlib_generate_messages_nodejs
[5.018s] [  0%] Built target actionlib_generate_messages_nodejs
[5.034s] Scanning dependencies of target tf2_msgs_generate_messages_lisp
[5.048s] [  0%] Built target tf2_msgs_generate_messages_lisp
[5.063s] Scanning dependencies of target actionlib_generate_messages_py
[5.078s] [  0%] Built target actionlib_generate_messages_py
[5.092s] Scanning dependencies of target tf2_msgs_generate_messages_py
[5.106s] [  0%] Built target tf2_msgs_generate_messages_py
[5.119s] Scanning dependencies of target tf2_msgs_generate_messages_nodejs
[5.133s] [  0%] Built target tf2_msgs_generate_messages_nodejs
[5.147s] Scanning dependencies of target tf2_msgs_generate_messages_eus
[5.163s] [  0%] Built target tf2_msgs_generate_messages_eus
[5.177s] Scanning dependencies of target visualization_msgs_generate_messages_cpp
[5.192s] [  0%] Built target visualization_msgs_generate_messages_cpp
[5.206s] Scanning dependencies of target visualization_msgs_generate_messages_eus
[5.220s] [  0%] Built target visualization_msgs_generate_messages_eus
[5.234s] Scanning dependencies of target visualization_msgs_generate_messages_py
[5.248s] [  0%] Built target visualization_msgs_generate_messages_py
[5.263s] Scanning dependencies of target vector_map_msgs_generate_messages_cpp
[5.276s] [  0%] Built target vector_map_msgs_generate_messages_cpp
[5.310s] Scanning dependencies of target naive_motion_predict
[5.333s] [ 33%] Building CXX object CMakeFiles/naive_motion_predict.dir/nodes/naive_motion_predict/naive_motion_predict_node.cpp.o
[6.951s] [ 66%] Building CXX object CMakeFiles/naive_motion_predict.dir/nodes/naive_motion_predict/naive_motion_predict.cpp.o
[11.398s] [100%] Linking CXX executable devel/lib/naive_motion_predict/naive_motion_predict
[11.546s] [100%] Built target naive_motion_predict
[11.561s] Invoked command in '/home/autoware/Autoware/build/naive_motion_predict' returned '0': CMAKE_PREFIX_PATH=/home/autoware/Autoware/install/imm_ukf_pda_track:/home/autoware/Autoware/install/lanelet2_extension:/home/autoware/Autoware/install/vector_map:/home/autoware/Autoware/install/amathutils_lib:/home/autoware/Autoware/install/vector_map_msgs:/home/autoware/Autoware/install/autoware_msgs:/home/autoware/Autoware/install/autoware_lanelet2_msgs:/home/autoware/Autoware/install/autoware_build_flags:${CMAKE_PREFIX_PATH} LD_LIBRARY_PATH=/home/autoware/Autoware/install/lanelet2_extension/lib:/home/autoware/Autoware/install/vector_map/lib:/home/autoware/Autoware/install/amathutils_lib/lib:${LD_LIBRARY_PATH} PKG_CONFIG_PATH=/home/autoware/Autoware/install/imm_ukf_pda_track/lib/x86_64-linux-gnu/pkgconfig:/home/autoware/Autoware/install/imm_ukf_pda_track/lib/pkgconfig:/home/autoware/Autoware/install/lanelet2_extension/lib/x86_64-linux-gnu/pkgconfig:/home/autoware/Autoware/install/lanelet2_extension/lib/pkgconfig:/home/autoware/Autoware/install/vector_map/lib/x86_64-linux-gnu/pkgconfig:/home/autoware/Autoware/install/vector_map/lib/pkgconfig:/home/autoware/Autoware/install/amathutils_lib/lib/x86_64-linux-gnu/pkgconfig:/home/autoware/Autoware/install/amathutils_lib/lib/pkgconfig:/home/autoware/Autoware/install/vector_map_msgs/lib/x86_64-linux-gnu/pkgconfig:/home/autoware/Autoware/install/vector_map_msgs/lib/pkgconfig:/home/autoware/Autoware/install/autoware_msgs/lib/x86_64-linux-gnu/pkgconfig:/home/autoware/Autoware/install/autoware_msgs/lib/pkgconfig:/home/autoware/Autoware/install/autoware_lanelet2_msgs/lib/x86_64-linux-gnu/pkgconfig:/home/autoware/Autoware/install/autoware_lanelet2_msgs/lib/pkgconfig:/home/autoware/Autoware/install/autoware_build_flags/lib/x86_64-linux-gnu/pkgconfig:/home/autoware/Autoware/install/autoware_build_flags/lib/pkgconfig:${PKG_CONFIG_PATH} PYTHONPATH=/home/autoware/Autoware/install/vector_map_msgs/lib/python2.7/dist-packages:/home/autoware/Autoware/install/autoware_msgs/lib/python2.7/dist-packages:/home/autoware/Autoware/install/autoware_lanelet2_msgs/lib/python2.7/dist-packages:${PYTHONPATH} ROS_PACKAGE_PATH=/home/autoware/Autoware/install/imm_ukf_pda_track/share:/home/autoware/Autoware/install/lanelet2_extension/share:/home/autoware/Autoware/install/vector_map/share:/home/autoware/Autoware/install/amathutils_lib/share:/home/autoware/Autoware/install/vector_map_msgs/share:/home/autoware/Autoware/install/autoware_msgs/share:/home/autoware/Autoware/install/autoware_lanelet2_msgs/share:/home/autoware/Autoware/install/autoware_build_flags/share:${ROS_PACKAGE_PATH} /usr/bin/cmake --build /home/autoware/Autoware/build/naive_motion_predict -- -j2 -l2
[11.699s] Invoking command in '/home/autoware/Autoware/build/naive_motion_predict': CMAKE_PREFIX_PATH=/home/autoware/Autoware/install/imm_ukf_pda_track:/home/autoware/Autoware/install/lanelet2_extension:/home/autoware/Autoware/install/vector_map:/home/autoware/Autoware/install/amathutils_lib:/home/autoware/Autoware/install/vector_map_msgs:/home/autoware/Autoware/install/autoware_msgs:/home/autoware/Autoware/install/autoware_lanelet2_msgs:/home/autoware/Autoware/install/autoware_build_flags:${CMAKE_PREFIX_PATH} LD_LIBRARY_PATH=/home/autoware/Autoware/install/lanelet2_extension/lib:/home/autoware/Autoware/install/vector_map/lib:/home/autoware/Autoware/install/amathutils_lib/lib:${LD_LIBRARY_PATH} PKG_CONFIG_PATH=/home/autoware/Autoware/install/imm_ukf_pda_track/lib/x86_64-linux-gnu/pkgconfig:/home/autoware/Autoware/install/imm_ukf_pda_track/lib/pkgconfig:/home/autoware/Autoware/install/lanelet2_extension/lib/x86_64-linux-gnu/pkgconfig:/home/autoware/Autoware/install/lanelet2_extension/lib/pkgconfig:/home/autoware/Autoware/install/vector_map/lib/x86_64-linux-gnu/pkgconfig:/home/autoware/Autoware/install/vector_map/lib/pkgconfig:/home/autoware/Autoware/install/amathutils_lib/lib/x86_64-linux-gnu/pkgconfig:/home/autoware/Autoware/install/amathutils_lib/lib/pkgconfig:/home/autoware/Autoware/install/vector_map_msgs/lib/x86_64-linux-gnu/pkgconfig:/home/autoware/Autoware/install/vector_map_msgs/lib/pkgconfig:/home/autoware/Autoware/install/autoware_msgs/lib/x86_64-linux-gnu/pkgconfig:/home/autoware/Autoware/install/autoware_msgs/lib/pkgconfig:/home/autoware/Autoware/install/autoware_lanelet2_msgs/lib/x86_64-linux-gnu/pkgconfig:/home/autoware/Autoware/install/autoware_lanelet2_msgs/lib/pkgconfig:/home/autoware/Autoware/install/autoware_build_flags/lib/x86_64-linux-gnu/pkgconfig:/home/autoware/Autoware/install/autoware_build_flags/lib/pkgconfig:${PKG_CONFIG_PATH} PYTHONPATH=/home/autoware/Autoware/install/vector_map_msgs/lib/python2.7/dist-packages:/home/autoware/Autoware/install/autoware_msgs/lib/python2.7/dist-packages:/home/autoware/Autoware/install/autoware_lanelet2_msgs/lib/python2.7/dist-packages:${PYTHONPATH} ROS_PACKAGE_PATH=/home/autoware/Autoware/install/imm_ukf_pda_track/share:/home/autoware/Autoware/install/lanelet2_extension/share:/home/autoware/Autoware/install/vector_map/share:/home/autoware/Autoware/install/amathutils_lib/share:/home/autoware/Autoware/install/vector_map_msgs/share:/home/autoware/Autoware/install/autoware_msgs/share:/home/autoware/Autoware/install/autoware_lanelet2_msgs/share:/home/autoware/Autoware/install/autoware_build_flags/share:${ROS_PACKAGE_PATH} /usr/bin/cmake --build /home/autoware/Autoware/build/naive_motion_predict --target tests -- -j2 -l2
[11.783s] Scanning dependencies of target tests
[11.798s] Built target tests
[11.815s] Invoked command in '/home/autoware/Autoware/build/naive_motion_predict' returned '0': CMAKE_PREFIX_PATH=/home/autoware/Autoware/install/imm_ukf_pda_track:/home/autoware/Autoware/install/lanelet2_extension:/home/autoware/Autoware/install/vector_map:/home/autoware/Autoware/install/amathutils_lib:/home/autoware/Autoware/install/vector_map_msgs:/home/autoware/Autoware/install/autoware_msgs:/home/autoware/Autoware/install/autoware_lanelet2_msgs:/home/autoware/Autoware/install/autoware_build_flags:${CMAKE_PREFIX_PATH} LD_LIBRARY_PATH=/home/autoware/Autoware/install/lanelet2_extension/lib:/home/autoware/Autoware/install/vector_map/lib:/home/autoware/Autoware/install/amathutils_lib/lib:${LD_LIBRARY_PATH} PKG_CONFIG_PATH=/home/autoware/Autoware/install/imm_ukf_pda_track/lib/x86_64-linux-gnu/pkgconfig:/home/autoware/Autoware/install/imm_ukf_pda_track/lib/pkgconfig:/home/autoware/Autoware/install/lanelet2_extension/lib/x86_64-linux-gnu/pkgconfig:/home/autoware/Autoware/install/lanelet2_extension/lib/pkgconfig:/home/autoware/Autoware/install/vector_map/lib/x86_64-linux-gnu/pkgconfig:/home/autoware/Autoware/install/vector_map/lib/pkgconfig:/home/autoware/Autoware/install/amathutils_lib/lib/x86_64-linux-gnu/pkgconfig:/home/autoware/Autoware/install/amathutils_lib/lib/pkgconfig:/home/autoware/Autoware/install/vector_map_msgs/lib/x86_64-linux-gnu/pkgconfig:/home/autoware/Autoware/install/vector_map_msgs/lib/pkgconfig:/home/autoware/Autoware/install/autoware_msgs/lib/x86_64-linux-gnu/pkgconfig:/home/autoware/Autoware/install/autoware_msgs/lib/pkgconfig:/home/autoware/Autoware/install/autoware_lanelet2_msgs/lib/x86_64-linux-gnu/pkgconfig:/home/autoware/Autoware/install/autoware_lanelet2_msgs/lib/pkgconfig:/home/autoware/Autoware/install/autoware_build_flags/lib/x86_64-linux-gnu/pkgconfig:/home/autoware/Autoware/install/autoware_build_flags/lib/pkgconfig:${PKG_CONFIG_PATH} PYTHONPATH=/home/autoware/Autoware/install/vector_map_msgs/lib/python2.7/dist-packages:/home/autoware/Autoware/install/autoware_msgs/lib/python2.7/dist-packages:/home/autoware/Autoware/install/autoware_lanelet2_msgs/lib/python2.7/dist-packages:${PYTHONPATH} ROS_PACKAGE_PATH=/home/autoware/Autoware/install/imm_ukf_pda_track/share:/home/autoware/Autoware/install/lanelet2_extension/share:/home/autoware/Autoware/install/vector_map/share:/home/autoware/Autoware/install/amathutils_lib/share:/home/autoware/Autoware/install/vector_map_msgs/share:/home/autoware/Autoware/install/autoware_msgs/share:/home/autoware/Autoware/install/autoware_lanelet2_msgs/share:/home/autoware/Autoware/install/autoware_build_flags/share:${ROS_PACKAGE_PATH} /usr/bin/cmake --build /home/autoware/Autoware/build/naive_motion_predict --target tests -- -j2 -l2
[11.955s] Invoking command in '/home/autoware/Autoware/build/naive_motion_predict': CMAKE_PREFIX_PATH=/home/autoware/Autoware/install/imm_ukf_pda_track:/home/autoware/Autoware/install/lanelet2_extension:/home/autoware/Autoware/install/vector_map:/home/autoware/Autoware/install/amathutils_lib:/home/autoware/Autoware/install/vector_map_msgs:/home/autoware/Autoware/install/autoware_msgs:/home/autoware/Autoware/install/autoware_lanelet2_msgs:/home/autoware/Autoware/install/autoware_build_flags:${CMAKE_PREFIX_PATH} LD_LIBRARY_PATH=/home/autoware/Autoware/install/lanelet2_extension/lib:/home/autoware/Autoware/install/vector_map/lib:/home/autoware/Autoware/install/amathutils_lib/lib:${LD_LIBRARY_PATH} PKG_CONFIG_PATH=/home/autoware/Autoware/install/imm_ukf_pda_track/lib/x86_64-linux-gnu/pkgconfig:/home/autoware/Autoware/install/imm_ukf_pda_track/lib/pkgconfig:/home/autoware/Autoware/install/lanelet2_extension/lib/x86_64-linux-gnu/pkgconfig:/home/autoware/Autoware/install/lanelet2_extension/lib/pkgconfig:/home/autoware/Autoware/install/vector_map/lib/x86_64-linux-gnu/pkgconfig:/home/autoware/Autoware/install/vector_map/lib/pkgconfig:/home/autoware/Autoware/install/amathutils_lib/lib/x86_64-linux-gnu/pkgconfig:/home/autoware/Autoware/install/amathutils_lib/lib/pkgconfig:/home/autoware/Autoware/install/vector_map_msgs/lib/x86_64-linux-gnu/pkgconfig:/home/autoware/Autoware/install/vector_map_msgs/lib/pkgconfig:/home/autoware/Autoware/install/autoware_msgs/lib/x86_64-linux-gnu/pkgconfig:/home/autoware/Autoware/install/autoware_msgs/lib/pkgconfig:/home/autoware/Autoware/install/autoware_lanelet2_msgs/lib/x86_64-linux-gnu/pkgconfig:/home/autoware/Autoware/install/autoware_lanelet2_msgs/lib/pkgconfig:/home/autoware/Autoware/install/autoware_build_flags/lib/x86_64-linux-gnu/pkgconfig:/home/autoware/Autoware/install/autoware_build_flags/lib/pkgconfig:${PKG_CONFIG_PATH} PYTHONPATH=/home/autoware/Autoware/install/vector_map_msgs/lib/python2.7/dist-packages:/home/autoware/Autoware/install/autoware_msgs/lib/python2.7/dist-packages:/home/autoware/Autoware/install/autoware_lanelet2_msgs/lib/python2.7/dist-packages:${PYTHONPATH} ROS_PACKAGE_PATH=/home/autoware/Autoware/install/imm_ukf_pda_track/share:/home/autoware/Autoware/install/lanelet2_extension/share:/home/autoware/Autoware/install/vector_map/share:/home/autoware/Autoware/install/amathutils_lib/share:/home/autoware/Autoware/install/vector_map_msgs/share:/home/autoware/Autoware/install/autoware_msgs/share:/home/autoware/Autoware/install/autoware_lanelet2_msgs/share:/home/autoware/Autoware/install/autoware_build_flags/share:${ROS_PACKAGE_PATH} /usr/bin/cmake --build /home/autoware/Autoware/build/naive_motion_predict --target install -- -j2 -l2
[12.028s] [  0%] Built target vector_map_msgs_generate_messages_eus
[12.054s] [  0%] Built target std_msgs_generate_messages_cpp
[12.081s] [  0%] Built target jsk_footstep_msgs_generate_messages_py
[12.109s] [  0%] Built target visualization_msgs_generate_messages_nodejs
[12.137s] [  0%] Built target actionlib_msgs_generate_messages_nodejs
[12.164s] [  0%] Built target geometry_msgs_generate_messages_eus
[12.192s] [  0%] Built target vector_map_msgs_generate_messages_py
[12.225s] [  0%] Built target vector_map_msgs_generate_messages_nodejs
[12.253s] [  0%] Built target vector_map_msgs_generate_messages_lisp
[12.283s] [  0%] Built target geometry_msgs_generate_messages_py
[12.312s] [  0%] Built target sensor_msgs_generate_messages_nodejs
[12.343s] [  0%] Built target roscpp_generate_messages_cpp
[12.376s] [  0%] Built target actionlib_generate_messages_cpp
[12.407s] [  0%] Built target pcl_msgs_generate_messages_eus
[12.439s] [  0%] Built target rosgraph_msgs_generate_messages_eus
[12.470s] [  0%] Built target jsk_recognition_msgs_generate_messages_lisp
[12.501s] [  0%] Built target jsk_recognition_msgs_generate_messages_eus
[12.530s] [  0%] Built target rosgraph_msgs_generate_messages_cpp
[12.559s] [  0%] Built target pcl_msgs_generate_messages_nodejs
[12.587s] [  0%] Built target jsk_recognition_msgs_generate_messages_py
[12.615s] [  0%] Built target sensor_msgs_generate_messages_lisp
[12.646s] [  0%] Built target sensor_msgs_generate_messages_py
[12.680s] [  0%] Built target tf_generate_messages_py
[12.708s] [  0%] Built target std_msgs_generate_messages_lisp
[12.736s] [  0%] Built target roscpp_generate_messages_nodejs
[12.766s] [  0%] Built target geometry_msgs_generate_messages_nodejs
[12.797s] [  0%] Built target geometry_msgs_generate_messages_lisp
[12.826s] [  0%] Built target pcl_msgs_generate_messages_cpp
[12.855s] [  0%] Built target jsk_recognition_msgs_generate_messages_cpp
[12.882s] [  0%] Built target autoware_msgs_generate_messages_eus
[12.909s] [  0%] Built target autoware_msgs_generate_messages_lisp
[12.937s] [  0%] Built target visualization_msgs_generate_messages_lisp
[12.971s] [  0%] Built target std_msgs_generate_messages_eus
[13.004s] [  0%] Built target autoware_msgs_generate_messages_nodejs
[13.033s] [  0%] Built target jsk_footstep_msgs_generate_messages_eus
[13.064s] [  0%] Built target actionlib_msgs_generate_messages_py
[13.096s] [  0%] Built target jsk_footstep_msgs_generate_messages_lisp
[13.125s] [  0%] Built target jsk_footstep_msgs_generate_messages_nodejs
[13.154s] [  0%] Built target tf2_msgs_generate_messages_cpp
[13.182s] [  0%] Built target std_msgs_generate_messages_py
[13.210s] [  0%] Built target autoware_msgs_generate_messages_py
[13.240s] [  0%] Built target std_msgs_generate_messages_nodejs
[13.272s] [  0%] Built target sensor_msgs_generate_messages_eus
[13.306s] [  0%] Built target _catkin_empty_exported_target
[13.339s] [  0%] Built target sensor_msgs_generate_messages_cpp
[13.370s] [  0%] Built target autoware_msgs_generate_messages_cpp
[13.400s] [  0%] Built target actionlib_msgs_generate_messages_lisp
[13.429s] [  0%] Built target jsk_footstep_msgs_generate_messages_cpp
[13.464s] [  0%] Built target actionlib_msgs_generate_messages_cpp
[13.492s] [  0%] Built target tf_generate_messages_eus
[13.520s] [  0%] Built target tf_generate_messages_lisp
[13.547s] [  0%] Built target tf_generate_messages_nodejs
[13.575s] [  0%] Built target jsk_recognition_msgs_generate_messages_nodejs
[13.602s] [  0%] Built target roscpp_generate_messages_lisp
[13.630s] [  0%] Built target roscpp_generate_messages_py
[13.659s] [  0%] Built target rosgraph_msgs_generate_messages_lisp
[13.687s] [  0%] Built target rosgraph_msgs_generate_messages_nodejs
[13.715s] [  0%] Built target roscpp_generate_messages_eus
[13.743s] [  0%] Built target actionlib_msgs_generate_messages_eus
[13.771s] [  0%] Built target rosgraph_msgs_generate_messages_py
[13.798s] [  0%] Built target pcl_msgs_generate_messages_py
[13.830s] [  0%] Built target actionlib_generate_messages_eus
[13.864s] [  0%] Built target geometry_msgs_generate_messages_cpp
[13.896s] [  0%] Built target actionlib_generate_messages_lisp
[13.924s] [  0%] Built target pcl_msgs_generate_messages_lisp
[13.953s] [  0%] Built target tf_generate_messages_cpp
[13.980s] [  0%] Built target actionlib_generate_messages_nodejs
[14.007s] [  0%] Built target tf2_msgs_generate_messages_lisp
[14.036s] [  0%] Built target actionlib_generate_messages_py
[14.064s] [  0%] Built target tf2_msgs_generate_messages_py
[14.093s] [  0%] Built target tf2_msgs_generate_messages_nodejs
[14.121s] [  0%] Built target tf2_msgs_generate_messages_eus
[14.149s] [  0%] Built target visualization_msgs_generate_messages_cpp
[14.180s] [  0%] Built target visualization_msgs_generate_messages_eus
[14.208s] [  0%] Built target visualization_msgs_generate_messages_py
[14.240s] [  0%] Built target vector_map_msgs_generate_messages_cpp
[14.277s] [100%] Built target naive_motion_predict
[14.306s] Install the project...
[14.317s] -- Install configuration: "Release"
[14.318s] -- Installing: /home/autoware/Autoware/install/naive_motion_predict/lib/pkgconfig/naive_motion_predict.pc
[14.319s] -- Installing: /home/autoware/Autoware/install/naive_motion_predict/share/naive_motion_predict/cmake/naive_motion_predictConfig.cmake
[14.319s] -- Installing: /home/autoware/Autoware/install/naive_motion_predict/share/naive_motion_predict/cmake/naive_motion_predictConfig-version.cmake
[14.320s] -- Installing: /home/autoware/Autoware/install/naive_motion_predict/share/naive_motion_predict/package.xml
[14.320s] -- Installing: /home/autoware/Autoware/install/naive_motion_predict/lib/naive_motion_predict/naive_motion_predict
[14.321s] -- Set runtime path of "/home/autoware/Autoware/install/naive_motion_predict/lib/naive_motion_predict/naive_motion_predict" to ""
[14.322s] -- Installing: /home/autoware/Autoware/install/naive_motion_predict/share/naive_motion_predict/launch
[14.322s] -- Installing: /home/autoware/Autoware/install/naive_motion_predict/share/naive_motion_predict/launch/naive_motion_predict.launch
[14.329s] Invoked command in '/home/autoware/Autoware/build/naive_motion_predict' returned '0': CMAKE_PREFIX_PATH=/home/autoware/Autoware/install/imm_ukf_pda_track:/home/autoware/Autoware/install/lanelet2_extension:/home/autoware/Autoware/install/vector_map:/home/autoware/Autoware/install/amathutils_lib:/home/autoware/Autoware/install/vector_map_msgs:/home/autoware/Autoware/install/autoware_msgs:/home/autoware/Autoware/install/autoware_lanelet2_msgs:/home/autoware/Autoware/install/autoware_build_flags:${CMAKE_PREFIX_PATH} LD_LIBRARY_PATH=/home/autoware/Autoware/install/lanelet2_extension/lib:/home/autoware/Autoware/install/vector_map/lib:/home/autoware/Autoware/install/amathutils_lib/lib:${LD_LIBRARY_PATH} PKG_CONFIG_PATH=/home/autoware/Autoware/install/imm_ukf_pda_track/lib/x86_64-linux-gnu/pkgconfig:/home/autoware/Autoware/install/imm_ukf_pda_track/lib/pkgconfig:/home/autoware/Autoware/install/lanelet2_extension/lib/x86_64-linux-gnu/pkgconfig:/home/autoware/Autoware/install/lanelet2_extension/lib/pkgconfig:/home/autoware/Autoware/install/vector_map/lib/x86_64-linux-gnu/pkgconfig:/home/autoware/Autoware/install/vector_map/lib/pkgconfig:/home/autoware/Autoware/install/amathutils_lib/lib/x86_64-linux-gnu/pkgconfig:/home/autoware/Autoware/install/amathutils_lib/lib/pkgconfig:/home/autoware/Autoware/install/vector_map_msgs/lib/x86_64-linux-gnu/pkgconfig:/home/autoware/Autoware/install/vector_map_msgs/lib/pkgconfig:/home/autoware/Autoware/install/autoware_msgs/lib/x86_64-linux-gnu/pkgconfig:/home/autoware/Autoware/install/autoware_msgs/lib/pkgconfig:/home/autoware/Autoware/install/autoware_lanelet2_msgs/lib/x86_64-linux-gnu/pkgconfig:/home/autoware/Autoware/install/autoware_lanelet2_msgs/lib/pkgconfig:/home/autoware/Autoware/install/autoware_build_flags/lib/x86_64-linux-gnu/pkgconfig:/home/autoware/Autoware/install/autoware_build_flags/lib/pkgconfig:${PKG_CONFIG_PATH} PYTHONPATH=/home/autoware/Autoware/install/vector_map_msgs/lib/python2.7/dist-packages:/home/autoware/Autoware/install/autoware_msgs/lib/python2.7/dist-packages:/home/autoware/Autoware/install/autoware_lanelet2_msgs/lib/python2.7/dist-packages:${PYTHONPATH} ROS_PACKAGE_PATH=/home/autoware/Autoware/install/imm_ukf_pda_track/share:/home/autoware/Autoware/install/lanelet2_extension/share:/home/autoware/Autoware/install/vector_map/share:/home/autoware/Autoware/install/amathutils_lib/share:/home/autoware/Autoware/install/vector_map_msgs/share:/home/autoware/Autoware/install/autoware_msgs/share:/home/autoware/Autoware/install/autoware_lanelet2_msgs/share:/home/autoware/Autoware/install/autoware_build_flags/share:${ROS_PACKAGE_PATH} /usr/bin/cmake --build /home/autoware/Autoware/build/naive_motion_predict --target install -- -j2 -l2
