-- The C compiler identification is GNU 7.5.0
-- The CXX compiler identification is GNU 7.5.0
-- Check for working C compiler: /usr/bin/cc
-- Check for working C compiler: /usr/bin/cc -- works
-- Detecting C compiler ABI info
-- Detecting C compiler ABI info - done
-- Detecting C compile features
-- Detecting C compile features - done
-- Check for working CXX compiler: /usr/bin/c++
-- Check for working CXX compiler: /usr/bin/c++ -- works
-- Detecting CXX compiler ABI info
-- Detecting CXX compiler ABI info - done
-- Detecting CXX compile features
-- Detecting CXX compile features - done
-- CUDA compilation status: ON.
-- Using CATKIN_DEVEL_PREFIX: /home/autoware/Autoware/build/op_utilities/devel
-- Using CMAKE_PREFIX_PATH: /home/autoware/Autoware/install/op_ros_helpers;/home/autoware/Autoware/install/op_simu;/home/autoware/Autoware/install/op_planner;/home/autoware/Autoware/install/op_utility;/home/autoware/Autoware/install/map_file;/home/autoware/Autoware/install/vector_map_server;/home/autoware/Autoware/install/libwaypoint_follower;/home/autoware/Autoware/install/lanelet2_extension;/home/autoware/Autoware/install/vector_map;/home/autoware/Autoware/install/amathutils_lib;/home/autoware/Autoware/install/vector_map_msgs;/home/autoware/Autoware/install/autoware_msgs;/home/autoware/Autoware/install/autoware_lanelet2_msgs;/home/autoware/Autoware/install/autoware_build_flags;/opt/ros/melodic
-- This workspace overlays: /home/autoware/Autoware/install/op_ros_helpers;/home/autoware/Autoware/install/op_simu;/home/autoware/Autoware/install/op_planner;/home/autoware/Autoware/install/op_utility;/home/autoware/Autoware/install/map_file;/home/autoware/Autoware/install/vector_map_server;/home/autoware/Autoware/install/libwaypoint_follower;/home/autoware/Autoware/install/lanelet2_extension;/home/autoware/Autoware/install/vector_map;/home/autoware/Autoware/install/amathutils_lib;/home/autoware/Autoware/install/vector_map_msgs;/home/autoware/Autoware/install/autoware_msgs;/home/autoware/Autoware/install/autoware_lanelet2_msgs;/home/autoware/Autoware/install/autoware_build_flags;/opt/ros/melodic
-- Found PythonInterp: /usr/bin/python2 (found suitable version "2.7.17", minimum required is "2") 
-- Using PYTHON_EXECUTABLE: /usr/bin/python2
-- Using Debian Python package layout
-- Using empy: /usr/bin/empy
-- Using CATKIN_ENABLE_TESTING: ON
-- Call enable_testing()
-- Using CATKIN_TEST_RESULTS_DIR: /home/autoware/Autoware/build/op_utilities/test_results
-- Found gtest sources under '/usr/src/googletest': gtests will be built
-- Found gmock sources under '/usr/src/googletest': gmock will be built
-- Found PythonInterp: /usr/bin/python2 (found version "2.7.17") 
-- Looking for pthread.h
-- Looking for pthread.h - found
-- Looking for pthread_create
-- Looking for pthread_create - not found
-- Looking for pthread_create in pthreads
-- Looking for pthread_create in pthreads - not found
-- Looking for pthread_create in pthread
-- Looking for pthread_create in pthread - found
-- Found Threads: TRUE  
-- Using Python nosetests: /usr/bin/nosetests-2.7
-- catkin 0.7.26
-- BUILD_SHARED_LIBS is on
-- Using these message generators: gencpp;geneus;genlisp;gennodejs;genpy
-- Found OpenCV: /usr (found version "3.2.0") 
-- Found OpenGL: /usr/lib/x86_64-linux-gnu/libOpenGL.so   
-- Found GLEW: /usr/include  
-- Found GLUT: /usr/lib/x86_64-linux-gnu/libglut.so  
-- Looking for XOpenDisplay in /usr/lib/x86_64-linux-gnu/libX11.so;/usr/lib/x86_64-linux-gnu/libXext.so
-- Looking for XOpenDisplay in /usr/lib/x86_64-linux-gnu/libX11.so;/usr/lib/x86_64-linux-gnu/libXext.so - found
-- Looking for gethostbyname
-- Looking for gethostbyname - found
-- Looking for connect
-- Looking for connect - found
-- Looking for remove
-- Looking for remove - found
-- Looking for shmat
-- Looking for shmat - found
-- Looking for IceConnectionNumber in ICE
-- Looking for IceConnectionNumber in ICE - found
-- Found X11: /usr/lib/x86_64-linux-gnu/libX11.so
-- Configuring done
-- Generating done
-- Build files have been written to: /home/autoware/Autoware/build/op_utilities
Scanning dependencies of target op_bag_player
[  7%] Building CXX object CMakeFiles/op_bag_player.dir/nodes/op_bag_player/op_bag_player.cpp.o
[ 15%] Building CXX object CMakeFiles/op_bag_player.dir/nodes/op_bag_player/op_bag_player_core.cpp.o
Scanning dependencies of target op_data_logger
[ 23%] Building CXX object CMakeFiles/op_data_logger.dir/nodes/op_data_logger/op_data_logger.cpp.o
[ 30%] Building CXX object CMakeFiles/op_bag_player.dir/nodes/op_bag_player/DrawObjBase.cpp.o
[ 38%] Building CXX object CMakeFiles/op_bag_player.dir/nodes/op_bag_player/DrawingHelpers.cpp.o
[ 46%] Building CXX object CMakeFiles/op_data_logger.dir/nodes/op_data_logger/op_data_logger_core.cpp.o
[ 53%] Building CXX object CMakeFiles/op_bag_player.dir/nodes/op_bag_player/MainWindowWrapper.cpp.o
[ 61%] Building CXX object CMakeFiles/op_bag_player.dir/nodes/op_bag_player/BagTopicPlayer.cpp.o
/home/autoware/Autoware/src/autoware/core_planning/op_utilities/nodes/op_data_logger/op_data_logger_core.cpp: In member function ‘void DataLoggerNS::OpenPlannerDataLogger::CompareAndLog(DataLoggerNS::VehicleDataContainer&, PlannerHNS::DetectedObject&)’:
/home/autoware/Autoware/src/autoware/core_planning/op_utilities/nodes/op_data_logger/op_data_logger_core.cpp:293:42: warning: comparison between ‘enum PlannerHNS::STATE_TYPE’ and ‘enum PlannerHNS::BEH_STATE_TYPE’ [-Wenum-compare]
   if(ground_truth.beh.state == predicted.behavior_state)
                                          ^~~~~~~~~~~~~~
[ 69%] Linking CXX executable devel/lib/op_utilities/op_bag_player
[ 69%] Built target op_bag_player
Scanning dependencies of target vector_map_server_generate_messages_eus
[ 69%] Built target vector_map_server_generate_messages_eus
Scanning dependencies of target topic_tools_generate_messages_nodejs
[ 69%] Built target topic_tools_generate_messages_nodejs
Scanning dependencies of target topic_tools_generate_messages_eus
[ 69%] Built target topic_tools_generate_messages_eus
Scanning dependencies of target topic_tools_generate_messages_cpp
[ 69%] Built target topic_tools_generate_messages_cpp
Scanning dependencies of target std_srvs_generate_messages_py
[ 69%] Built target std_srvs_generate_messages_py
Scanning dependencies of target std_srvs_generate_messages_nodejs
[ 69%] Built target std_srvs_generate_messages_nodejs
Scanning dependencies of target tf_generate_messages_py
[ 69%] Built target tf_generate_messages_py
Scanning dependencies of target tf_generate_messages_nodejs
[ 69%] Built target tf_generate_messages_nodejs
Scanning dependencies of target tf_generate_messages_lisp
[ 69%] Built target tf_generate_messages_lisp
Scanning dependencies of target vector_map_server_generate_messages_nodejs
[ 69%] Built target vector_map_server_generate_messages_nodejs
Scanning dependencies of target geometry_msgs_generate_messages_py
[ 69%] Built target geometry_msgs_generate_messages_py
Scanning dependencies of target sensor_msgs_generate_messages_nodejs
[ 69%] Built target sensor_msgs_generate_messages_nodejs
Scanning dependencies of target actionlib_generate_messages_cpp
[ 69%] Built target actionlib_generate_messages_cpp
Scanning dependencies of target pcl_msgs_generate_messages_eus
[ 69%] Built target pcl_msgs_generate_messages_eus
Scanning dependencies of target rosgraph_msgs_generate_messages_eus
[ 69%] Built target rosgraph_msgs_generate_messages_eus
Scanning dependencies of target jsk_recognition_msgs_generate_messages_lisp
[ 69%] Built target jsk_recognition_msgs_generate_messages_lisp
Scanning dependencies of target jsk_recognition_msgs_generate_messages_eus
[ 69%] Built target jsk_recognition_msgs_generate_messages_eus
Scanning dependencies of target tf2_msgs_generate_messages_cpp
[ 69%] Built target tf2_msgs_generate_messages_cpp
Scanning dependencies of target std_msgs_generate_messages_py
[ 69%] Built target std_msgs_generate_messages_py
Scanning dependencies of target autoware_msgs_generate_messages_py
[ 69%] Built target autoware_msgs_generate_messages_py
Scanning dependencies of target std_msgs_generate_messages_nodejs
[ 69%] Built target std_msgs_generate_messages_nodejs
Scanning dependencies of target sensor_msgs_generate_messages_eus
[ 69%] Built target sensor_msgs_generate_messages_eus
Scanning dependencies of target std_srvs_generate_messages_lisp
[ 69%] Built target std_srvs_generate_messages_lisp
Scanning dependencies of target _catkin_empty_exported_target
[ 69%] Built target _catkin_empty_exported_target
Scanning dependencies of target sensor_msgs_generate_messages_cpp
[ 69%] Built target sensor_msgs_generate_messages_cpp
Scanning dependencies of target autoware_msgs_generate_messages_cpp
[ 69%] Built target autoware_msgs_generate_messages_cpp
Scanning dependencies of target rosgraph_msgs_generate_messages_cpp
[ 69%] Built target rosgraph_msgs_generate_messages_cpp
Scanning dependencies of target pcl_msgs_generate_messages_nodejs
[ 69%] Built target pcl_msgs_generate_messages_nodejs
Scanning dependencies of target jsk_recognition_msgs_generate_messages_py
[ 69%] Built target jsk_recognition_msgs_generate_messages_py
Scanning dependencies of target std_srvs_generate_messages_cpp
[ 69%] Built target std_srvs_generate_messages_cpp
Scanning dependencies of target sensor_msgs_generate_messages_lisp
[ 69%] Built target sensor_msgs_generate_messages_lisp
Scanning dependencies of target sensor_msgs_generate_messages_py
[ 69%] Built target sensor_msgs_generate_messages_py
Scanning dependencies of target std_msgs_generate_messages_cpp
[ 69%] Built target std_msgs_generate_messages_cpp
Scanning dependencies of target jsk_footstep_msgs_generate_messages_py
[ 69%] Built target jsk_footstep_msgs_generate_messages_py
Scanning dependencies of target visualization_msgs_generate_messages_nodejs
[ 69%] Built target visualization_msgs_generate_messages_nodejs
Scanning dependencies of target vector_map_msgs_generate_messages_nodejs
[ 69%] Built target vector_map_msgs_generate_messages_nodejs
Scanning dependencies of target topic_tools_generate_messages_py
[ 69%] Built target topic_tools_generate_messages_py
Scanning dependencies of target actionlib_msgs_generate_messages_nodejs
[ 69%] Built target actionlib_msgs_generate_messages_nodejs
Scanning dependencies of target geometry_msgs_generate_messages_eus
[ 69%] Built target geometry_msgs_generate_messages_eus
Scanning dependencies of target std_msgs_generate_messages_lisp
[ 69%] Built target std_msgs_generate_messages_lisp
Scanning dependencies of target roscpp_generate_messages_nodejs
[ 69%] Built target roscpp_generate_messages_nodejs
Scanning dependencies of target geometry_msgs_generate_messages_nodejs
[ 69%] Built target geometry_msgs_generate_messages_nodejs
Scanning dependencies of target geometry_msgs_generate_messages_lisp
[ 69%] Built target geometry_msgs_generate_messages_lisp
Scanning dependencies of target pcl_msgs_generate_messages_cpp
[ 69%] Built target pcl_msgs_generate_messages_cpp
Scanning dependencies of target topic_tools_generate_messages_lisp
[ 69%] Built target topic_tools_generate_messages_lisp
Scanning dependencies of target jsk_recognition_msgs_generate_messages_cpp
[ 69%] Built target jsk_recognition_msgs_generate_messages_cpp
Scanning dependencies of target autoware_msgs_generate_messages_eus
[ 69%] Built target autoware_msgs_generate_messages_eus
Scanning dependencies of target autoware_msgs_generate_messages_lisp
[ 69%] Built target autoware_msgs_generate_messages_lisp
Scanning dependencies of target visualization_msgs_generate_messages_lisp
[ 69%] Built target visualization_msgs_generate_messages_lisp
Scanning dependencies of target std_msgs_generate_messages_eus
[ 69%] Built target std_msgs_generate_messages_eus
Scanning dependencies of target vector_map_msgs_generate_messages_py
[ 69%] Built target vector_map_msgs_generate_messages_py
Scanning dependencies of target autoware_msgs_generate_messages_nodejs
[ 69%] Built target autoware_msgs_generate_messages_nodejs
Scanning dependencies of target jsk_footstep_msgs_generate_messages_eus
[ 69%] Built target jsk_footstep_msgs_generate_messages_eus
Scanning dependencies of target actionlib_msgs_generate_messages_py
[ 69%] Built target actionlib_msgs_generate_messages_py
Scanning dependencies of target vector_map_server_generate_messages_lisp
[ 69%] Built target vector_map_server_generate_messages_lisp
Scanning dependencies of target jsk_footstep_msgs_generate_messages_lisp
[ 69%] Built target jsk_footstep_msgs_generate_messages_lisp
Scanning dependencies of target jsk_footstep_msgs_generate_messages_nodejs
[ 69%] Built target jsk_footstep_msgs_generate_messages_nodejs
Scanning dependencies of target tf_generate_messages_eus
[ 69%] Built target tf_generate_messages_eus
Scanning dependencies of target jsk_footstep_msgs_generate_messages_cpp
[ 69%] Built target jsk_footstep_msgs_generate_messages_cpp
Scanning dependencies of target actionlib_msgs_generate_messages_cpp
[ 69%] Built target actionlib_msgs_generate_messages_cpp
Scanning dependencies of target vector_map_msgs_generate_messages_lisp
[ 69%] Built target vector_map_msgs_generate_messages_lisp
Scanning dependencies of target actionlib_msgs_generate_messages_lisp
[ 69%] Built target actionlib_msgs_generate_messages_lisp
Scanning dependencies of target pcl_msgs_generate_messages_py
[ 69%] Built target pcl_msgs_generate_messages_py
Scanning dependencies of target actionlib_generate_messages_eus
[ 69%] Built target actionlib_generate_messages_eus
Scanning dependencies of target geometry_msgs_generate_messages_cpp
[ 69%] Built target geometry_msgs_generate_messages_cpp
Scanning dependencies of target actionlib_generate_messages_lisp
[ 69%] Built target actionlib_generate_messages_lisp
Scanning dependencies of target tf_generate_messages_cpp
[ 69%] Built target tf_generate_messages_cpp
Scanning dependencies of target pcl_msgs_generate_messages_lisp
[ 69%] Built target pcl_msgs_generate_messages_lisp
Scanning dependencies of target actionlib_generate_messages_nodejs
[ 69%] Built target actionlib_generate_messages_nodejs
Scanning dependencies of target std_srvs_generate_messages_eus
[ 69%] Built target std_srvs_generate_messages_eus
Scanning dependencies of target jsk_recognition_msgs_generate_messages_nodejs
[ 69%] Built target jsk_recognition_msgs_generate_messages_nodejs
Scanning dependencies of target roscpp_generate_messages_lisp
[ 69%] Built target roscpp_generate_messages_lisp
Scanning dependencies of target roscpp_generate_messages_py
[ 69%] Built target roscpp_generate_messages_py
Scanning dependencies of target rosgraph_msgs_generate_messages_lisp
[ 69%] Built target rosgraph_msgs_generate_messages_lisp
Scanning dependencies of target rosgraph_msgs_generate_messages_nodejs
[ 69%] Built target rosgraph_msgs_generate_messages_nodejs
Scanning dependencies of target vector_map_server_generate_messages_py
[ 69%] Built target vector_map_server_generate_messages_py
Scanning dependencies of target roscpp_generate_messages_eus
[ 69%] Built target roscpp_generate_messages_eus
Scanning dependencies of target actionlib_msgs_generate_messages_eus
[ 69%] Built target actionlib_msgs_generate_messages_eus
Scanning dependencies of target rosgraph_msgs_generate_messages_py
[ 69%] Built target rosgraph_msgs_generate_messages_py
Scanning dependencies of target tf2_msgs_generate_messages_lisp
[ 69%] Built target tf2_msgs_generate_messages_lisp
Scanning dependencies of target actionlib_generate_messages_py
[ 69%] Built target actionlib_generate_messages_py
Scanning dependencies of target tf2_msgs_generate_messages_py
[ 69%] Built target tf2_msgs_generate_messages_py
Scanning dependencies of target tf2_msgs_generate_messages_nodejs
[ 69%] Built target tf2_msgs_generate_messages_nodejs
Scanning dependencies of target tf2_msgs_generate_messages_eus
[ 69%] Built target tf2_msgs_generate_messages_eus
Scanning dependencies of target visualization_msgs_generate_messages_cpp
[ 69%] Built target visualization_msgs_generate_messages_cpp
Scanning dependencies of target visualization_msgs_generate_messages_py
[ 69%] Built target visualization_msgs_generate_messages_py
Scanning dependencies of target vector_map_msgs_generate_messages_cpp
[ 69%] Built target vector_map_msgs_generate_messages_cpp
Scanning dependencies of target vector_map_msgs_generate_messages_eus
[ 69%] Built target vector_map_msgs_generate_messages_eus
Scanning dependencies of target visualization_msgs_generate_messages_eus
[ 69%] Built target visualization_msgs_generate_messages_eus
Scanning dependencies of target vector_map_server_generate_messages_cpp
[ 69%] Built target vector_map_server_generate_messages_cpp
Scanning dependencies of target roscpp_generate_messages_cpp
[ 69%] Built target roscpp_generate_messages_cpp
[ 76%] Linking CXX executable devel/lib/op_utilities/op_data_logger
[ 76%] Built target op_data_logger
Scanning dependencies of target op_pose2tf
[ 84%] Building CXX object CMakeFiles/op_pose2tf.dir/nodes/op_pose2tf/op_pose2tf.cpp.o
[ 92%] Building CXX object CMakeFiles/op_pose2tf.dir/nodes/op_pose2tf/op_pose2tf_core.cpp.o
[100%] Linking CXX executable devel/lib/op_utilities/op_pose2tf
[100%] Built target op_pose2tf
Scanning dependencies of target tests
Built target tests
[ 53%] Built target op_bag_player
[ 76%] Built target op_data_logger
[ 76%] Built target vector_map_server_generate_messages_eus
[ 76%] Built target topic_tools_generate_messages_nodejs
[ 76%] Built target topic_tools_generate_messages_eus
[ 76%] Built target topic_tools_generate_messages_cpp
[ 76%] Built target std_srvs_generate_messages_py
[ 76%] Built target std_srvs_generate_messages_nodejs
[ 76%] Built target tf_generate_messages_py
[ 76%] Built target tf_generate_messages_nodejs
[ 76%] Built target tf_generate_messages_lisp
[ 76%] Built target vector_map_server_generate_messages_nodejs
[ 76%] Built target geometry_msgs_generate_messages_py
[ 76%] Built target sensor_msgs_generate_messages_nodejs
[ 76%] Built target actionlib_generate_messages_cpp
[ 76%] Built target pcl_msgs_generate_messages_eus
[ 76%] Built target rosgraph_msgs_generate_messages_eus
[ 76%] Built target jsk_recognition_msgs_generate_messages_lisp
[ 76%] Built target jsk_recognition_msgs_generate_messages_eus
[ 76%] Built target tf2_msgs_generate_messages_cpp
[ 76%] Built target std_msgs_generate_messages_py
[ 76%] Built target autoware_msgs_generate_messages_py
[ 76%] Built target std_msgs_generate_messages_nodejs
[ 76%] Built target sensor_msgs_generate_messages_eus
[ 76%] Built target std_srvs_generate_messages_lisp
[ 76%] Built target _catkin_empty_exported_target
[ 76%] Built target sensor_msgs_generate_messages_cpp
[ 76%] Built target autoware_msgs_generate_messages_cpp
[ 76%] Built target rosgraph_msgs_generate_messages_cpp
[ 76%] Built target pcl_msgs_generate_messages_nodejs
[ 76%] Built target jsk_recognition_msgs_generate_messages_py
[ 76%] Built target std_srvs_generate_messages_cpp
[ 76%] Built target sensor_msgs_generate_messages_lisp
[ 76%] Built target sensor_msgs_generate_messages_py
[ 76%] Built target std_msgs_generate_messages_cpp
[ 76%] Built target jsk_footstep_msgs_generate_messages_py
[ 76%] Built target visualization_msgs_generate_messages_nodejs
[ 76%] Built target vector_map_msgs_generate_messages_nodejs
[ 76%] Built target topic_tools_generate_messages_py
[ 76%] Built target actionlib_msgs_generate_messages_nodejs
[ 76%] Built target geometry_msgs_generate_messages_eus
[ 76%] Built target std_msgs_generate_messages_lisp
[ 76%] Built target roscpp_generate_messages_nodejs
[ 76%] Built target geometry_msgs_generate_messages_nodejs
[ 76%] Built target geometry_msgs_generate_messages_lisp
[ 76%] Built target pcl_msgs_generate_messages_cpp
[ 76%] Built target topic_tools_generate_messages_lisp
[ 76%] Built target jsk_recognition_msgs_generate_messages_cpp
[ 76%] Built target autoware_msgs_generate_messages_eus
[ 76%] Built target autoware_msgs_generate_messages_lisp
[ 76%] Built target visualization_msgs_generate_messages_lisp
[ 76%] Built target std_msgs_generate_messages_eus
[ 76%] Built target vector_map_msgs_generate_messages_py
[ 76%] Built target autoware_msgs_generate_messages_nodejs
[ 76%] Built target jsk_footstep_msgs_generate_messages_eus
[ 76%] Built target actionlib_msgs_generate_messages_py
[ 76%] Built target vector_map_server_generate_messages_lisp
[ 76%] Built target jsk_footstep_msgs_generate_messages_lisp
[ 76%] Built target jsk_footstep_msgs_generate_messages_nodejs
[ 76%] Built target tf_generate_messages_eus
[ 76%] Built target jsk_footstep_msgs_generate_messages_cpp
[ 76%] Built target actionlib_msgs_generate_messages_cpp
[ 76%] Built target vector_map_msgs_generate_messages_lisp
[ 76%] Built target actionlib_msgs_generate_messages_lisp
[ 76%] Built target pcl_msgs_generate_messages_py
[ 76%] Built target actionlib_generate_messages_eus
[ 76%] Built target geometry_msgs_generate_messages_cpp
[ 76%] Built target actionlib_generate_messages_lisp
[ 76%] Built target tf_generate_messages_cpp
[ 76%] Built target pcl_msgs_generate_messages_lisp
[ 76%] Built target actionlib_generate_messages_nodejs
[ 76%] Built target std_srvs_generate_messages_eus
[ 76%] Built target jsk_recognition_msgs_generate_messages_nodejs
[ 76%] Built target roscpp_generate_messages_lisp
[ 76%] Built target roscpp_generate_messages_py
[ 76%] Built target rosgraph_msgs_generate_messages_lisp
[ 76%] Built target rosgraph_msgs_generate_messages_nodejs
[ 76%] Built target vector_map_server_generate_messages_py
[ 76%] Built target roscpp_generate_messages_eus
[ 76%] Built target actionlib_msgs_generate_messages_eus
[ 76%] Built target rosgraph_msgs_generate_messages_py
[ 76%] Built target tf2_msgs_generate_messages_lisp
[ 76%] Built target actionlib_generate_messages_py
[ 76%] Built target tf2_msgs_generate_messages_py
[ 76%] Built target tf2_msgs_generate_messages_nodejs
[ 76%] Built target tf2_msgs_generate_messages_eus
[ 76%] Built target visualization_msgs_generate_messages_cpp
[ 76%] Built target visualization_msgs_generate_messages_py
[ 76%] Built target vector_map_msgs_generate_messages_cpp
[ 76%] Built target vector_map_msgs_generate_messages_eus
[ 76%] Built target visualization_msgs_generate_messages_eus
[ 76%] Built target vector_map_server_generate_messages_cpp
[ 76%] Built target roscpp_generate_messages_cpp
[100%] Built target op_pose2tf
Install the project...
-- Install configuration: "Release"
-- Installing: /home/autoware/Autoware/install/op_utilities/lib/pkgconfig/op_utilities.pc
-- Installing: /home/autoware/Autoware/install/op_utilities/share/op_utilities/cmake/op_utilitiesConfig.cmake
-- Installing: /home/autoware/Autoware/install/op_utilities/share/op_utilities/cmake/op_utilitiesConfig-version.cmake
-- Installing: /home/autoware/Autoware/install/op_utilities/share/op_utilities/package.xml
-- Installing: /home/autoware/Autoware/install/op_utilities/lib/op_utilities/op_pose2tf
-- Set runtime path of "/home/autoware/Autoware/install/op_utilities/lib/op_utilities/op_pose2tf" to ""
-- Installing: /home/autoware/Autoware/install/op_utilities/lib/op_utilities/op_data_logger
-- Set runtime path of "/home/autoware/Autoware/install/op_utilities/lib/op_utilities/op_data_logger" to ""
-- Installing: /home/autoware/Autoware/install/op_utilities/lib/op_utilities/op_bag_player
-- Set runtime path of "/home/autoware/Autoware/install/op_utilities/lib/op_utilities/op_bag_player" to ""
-- Installing: /home/autoware/Autoware/install/op_utilities/share/op_utilities/launch
-- Installing: /home/autoware/Autoware/install/op_utilities/share/op_utilities/launch/op_pose2tf.launch
-- Installing: /home/autoware/Autoware/install/op_utilities/share/op_utilities/launch/op_map_converter.launch
-- Installing: /home/autoware/Autoware/install/op_utilities/share/op_utilities/launch/op_bag_player.launch
-- Installing: /home/autoware/Autoware/install/op_utilities/share/op_utilities/launch/op_data_logger.launch
