[0.073s] Invoking command in '/home/autoware/Autoware/build/op_utilities': CMAKE_PREFIX_PATH=/home/autoware/Autoware/install/op_ros_helpers:/home/autoware/Autoware/install/op_simu:/home/autoware/Autoware/install/op_planner:/home/autoware/Autoware/install/op_utility:/home/autoware/Autoware/install/map_file:/home/autoware/Autoware/install/vector_map_server:/home/autoware/Autoware/install/libwaypoint_follower:/home/autoware/Autoware/install/lanelet2_extension:/home/autoware/Autoware/install/vector_map:/home/autoware/Autoware/install/amathutils_lib:/home/autoware/Autoware/install/vector_map_msgs:/home/autoware/Autoware/install/autoware_msgs:/home/autoware/Autoware/install/autoware_lanelet2_msgs:/home/autoware/Autoware/install/autoware_build_flags:${CMAKE_PREFIX_PATH} LD_LIBRARY_PATH=/home/autoware/Autoware/install/op_ros_helpers/lib:/home/autoware/Autoware/install/op_simu/lib:/home/autoware/Autoware/install/op_planner/lib:/home/autoware/Autoware/install/op_utility/lib:/home/autoware/Autoware/install/map_file/lib:/home/autoware/Autoware/install/libwaypoint_follower/lib:/home/autoware/Autoware/install/lanelet2_extension/lib:/home/autoware/Autoware/install/vector_map/lib:/home/autoware/Autoware/install/amathutils_lib/lib:${LD_LIBRARY_PATH} PKG_CONFIG_PATH=/home/autoware/Autoware/install/op_ros_helpers/lib/x86_64-linux-gnu/pkgconfig:/home/autoware/Autoware/install/op_ros_helpers/lib/pkgconfig:/home/autoware/Autoware/install/op_simu/lib/x86_64-linux-gnu/pkgconfig:/home/autoware/Autoware/install/op_simu/lib/pkgconfig:/home/autoware/Autoware/install/op_planner/lib/x86_64-linux-gnu/pkgconfig:/home/autoware/Autoware/install/op_planner/lib/pkgconfig:/home/autoware/Autoware/install/op_utility/lib/x86_64-linux-gnu/pkgconfig:/home/autoware/Autoware/install/op_utility/lib/pkgconfig:/home/autoware/Autoware/install/map_file/lib/x86_64-linux-gnu/pkgconfig:/home/autoware/Autoware/install/map_file/lib/pkgconfig:/home/autoware/Autoware/install/vector_map_server/lib/x86_64-linux-gnu/pkgconfig:/home/autoware/Autoware/install/vector_map_server/lib/pkgconfig:/home/autoware/Autoware/install/libwaypoint_follower/lib/x86_64-linux-gnu/pkgconfig:/home/autoware/Autoware/install/libwaypoint_follower/lib/pkgconfig:/home/autoware/Autoware/install/lanelet2_extension/lib/x86_64-linux-gnu/pkgconfig:/home/autoware/Autoware/install/lanelet2_extension/lib/pkgconfig:/home/autoware/Autoware/install/vector_map/lib/x86_64-linux-gnu/pkgconfig:/home/autoware/Autoware/install/vector_map/lib/pkgconfig:/home/autoware/Autoware/install/amathutils_lib/lib/x86_64-linux-gnu/pkgconfig:/home/autoware/Autoware/install/amathutils_lib/lib/pkgconfig:/home/autoware/Autoware/install/vector_map_msgs/lib/x86_64-linux-gnu/pkgconfig:/home/autoware/Autoware/install/vector_map_msgs/lib/pkgconfig:/home/autoware/Autoware/install/autoware_msgs/lib/x86_64-linux-gnu/pkgconfig:/home/autoware/Autoware/install/autoware_msgs/lib/pkgconfig:/home/autoware/Autoware/install/autoware_lanelet2_msgs/lib/x86_64-linux-gnu/pkgconfig:/home/autoware/Autoware/install/autoware_lanelet2_msgs/lib/pkgconfig:/home/autoware/Autoware/install/autoware_build_flags/lib/x86_64-linux-gnu/pkgconfig:/home/autoware/Autoware/install/autoware_build_flags/lib/pkgconfig:${PKG_CONFIG_PATH} PYTHONPATH=/home/autoware/Autoware/install/vector_map_server/lib/python2.7/dist-packages:/home/autoware/Autoware/install/vector_map_msgs/lib/python2.7/dist-packages:/home/autoware/Autoware/install/autoware_msgs/lib/python2.7/dist-packages:/home/autoware/Autoware/install/autoware_lanelet2_msgs/lib/python2.7/dist-packages:${PYTHONPATH} ROS_PACKAGE_PATH=/home/autoware/Autoware/install/op_ros_helpers/share:/home/autoware/Autoware/install/op_simu/share:/home/autoware/Autoware/install/op_planner/share:/home/autoware/Autoware/install/op_utility/share:/home/autoware/Autoware/install/map_file/share:/home/autoware/Autoware/install/vector_map_server/share:/home/autoware/Autoware/install/libwaypoint_follower/share:/home/autoware/Autoware/install/lanelet2_extension/share:/home/autoware/Autoware/install/vector_map/share:/home/autoware/Autoware/install/amathutils_lib/share:/home/autoware/Autoware/install/vector_map_msgs/share:/home/autoware/Autoware/install/autoware_msgs/share:/home/autoware/Autoware/install/autoware_lanelet2_msgs/share:/home/autoware/Autoware/install/autoware_build_flags/share:${ROS_PACKAGE_PATH} /usr/bin/cmake /home/autoware/Autoware/src/autoware/core_planning/op_utilities -DCMAKE_BUILD_TYPE=Release -DCATKIN_INSTALL_INTO_PREFIX_ROOT=0 -DCMAKE_INSTALL_PREFIX=/home/autoware/Autoware/install/op_utilities
[0.170s] -- The C compiler identification is GNU 7.5.0
[0.256s] -- The CXX compiler identification is GNU 7.5.0
[0.263s] -- Check for working C compiler: /usr/bin/cc
[0.372s] -- Check for working C compiler: /usr/bin/cc -- works
[0.372s] -- Detecting C compiler ABI info
[0.476s] -- Detecting C compiler ABI info - done
[0.483s] -- Detecting C compile features
[0.812s] -- Detecting C compile features - done
[0.816s] -- Check for working CXX compiler: /usr/bin/c++
[0.932s] -- Check for working CXX compiler: /usr/bin/c++ -- works
[0.933s] -- Detecting CXX compiler ABI info
[1.056s] -- Detecting CXX compiler ABI info - done
[1.067s] -- Detecting CXX compile features
[1.599s] -- Detecting CXX compile features - done
[1.604s] -- CUDA compilation status: ON.
[1.608s] -- Using CATKIN_DEVEL_PREFIX: /home/autoware/Autoware/build/op_utilities/devel
[1.609s] -- Using CMAKE_PREFIX_PATH: /home/autoware/Autoware/install/op_ros_helpers;/home/autoware/Autoware/install/op_simu;/home/autoware/Autoware/install/op_planner;/home/autoware/Autoware/install/op_utility;/home/autoware/Autoware/install/map_file;/home/autoware/Autoware/install/vector_map_server;/home/autoware/Autoware/install/libwaypoint_follower;/home/autoware/Autoware/install/lanelet2_extension;/home/autoware/Autoware/install/vector_map;/home/autoware/Autoware/install/amathutils_lib;/home/autoware/Autoware/install/vector_map_msgs;/home/autoware/Autoware/install/autoware_msgs;/home/autoware/Autoware/install/autoware_lanelet2_msgs;/home/autoware/Autoware/install/autoware_build_flags;/opt/ros/melodic
[1.610s] -- This workspace overlays: /home/autoware/Autoware/install/op_ros_helpers;/home/autoware/Autoware/install/op_simu;/home/autoware/Autoware/install/op_planner;/home/autoware/Autoware/install/op_utility;/home/autoware/Autoware/install/map_file;/home/autoware/Autoware/install/vector_map_server;/home/autoware/Autoware/install/libwaypoint_follower;/home/autoware/Autoware/install/lanelet2_extension;/home/autoware/Autoware/install/vector_map;/home/autoware/Autoware/install/amathutils_lib;/home/autoware/Autoware/install/vector_map_msgs;/home/autoware/Autoware/install/autoware_msgs;/home/autoware/Autoware/install/autoware_lanelet2_msgs;/home/autoware/Autoware/install/autoware_build_flags;/opt/ros/melodic
[1.636s] -- Found PythonInterp: /usr/bin/python2 (found suitable version "2.7.17", minimum required is "2") 
[1.636s] -- Using PYTHON_EXECUTABLE: /usr/bin/python2
[1.636s] -- Using Debian Python package layout
[1.636s] -- Using empy: /usr/bin/empy
[1.816s] -- Using CATKIN_ENABLE_TESTING: ON
[1.816s] -- Call enable_testing()
[1.824s] -- Using CATKIN_TEST_RESULTS_DIR: /home/autoware/Autoware/build/op_utilities/test_results
[1.855s] -- Found gtest sources under '/usr/src/googletest': gtests will be built
[1.855s] -- Found gmock sources under '/usr/src/googletest': gmock will be built
[1.876s] -- Found PythonInterp: /usr/bin/python2 (found version "2.7.17") 
[1.877s] -- Looking for pthread.h
[1.988s] -- Looking for pthread.h - found
[1.988s] -- Looking for pthread_create
[2.104s] -- Looking for pthread_create - not found
[2.104s] -- Looking for pthread_create in pthreads
[2.192s] -- Looking for pthread_create in pthreads - not found
[2.192s] -- Looking for pthread_create in pthread
[2.300s] -- Looking for pthread_create in pthread - found
[2.300s] -- Found Threads: TRUE  
[2.305s] -- Using Python nosetests: /usr/bin/nosetests-2.7
[2.363s] -- catkin 0.7.26
[2.363s] -- BUILD_SHARED_LIBS is on
[2.637s] -- Using these message generators: gencpp;geneus;genlisp;gennodejs;genpy
[3.398s] -- Found OpenCV: /usr (found version "3.2.0") 
[3.407s] -- Found OpenGL: /usr/lib/x86_64-linux-gnu/libOpenGL.so   
[3.416s] -- Found GLEW: /usr/include  
[3.421s] -- Found GLUT: /usr/lib/x86_64-linux-gnu/libglut.so  
[3.469s] -- Looking for XOpenDisplay in /usr/lib/x86_64-linux-gnu/libX11.so;/usr/lib/x86_64-linux-gnu/libXext.so
[3.592s] -- Looking for XOpenDisplay in /usr/lib/x86_64-linux-gnu/libX11.so;/usr/lib/x86_64-linux-gnu/libXext.so - found
[3.592s] -- Looking for gethostbyname
[3.704s] -- Looking for gethostbyname - found
[3.704s] -- Looking for connect
[3.808s] -- Looking for connect - found
[3.808s] -- Looking for remove
[3.920s] -- Looking for remove - found
[3.920s] -- Looking for shmat
[4.028s] -- Looking for shmat - found
[4.028s] -- Looking for IceConnectionNumber in ICE
[4.140s] -- Looking for IceConnectionNumber in ICE - found
[4.144s] -- Found X11: /usr/lib/x86_64-linux-gnu/libX11.so
[4.329s] -- Configuring done
[4.529s] -- Generating done
[4.545s] -- Build files have been written to: /home/autoware/Autoware/build/op_utilities
[4.556s] Invoked command in '/home/autoware/Autoware/build/op_utilities' returned '0': CMAKE_PREFIX_PATH=/home/autoware/Autoware/install/op_ros_helpers:/home/autoware/Autoware/install/op_simu:/home/autoware/Autoware/install/op_planner:/home/autoware/Autoware/install/op_utility:/home/autoware/Autoware/install/map_file:/home/autoware/Autoware/install/vector_map_server:/home/autoware/Autoware/install/libwaypoint_follower:/home/autoware/Autoware/install/lanelet2_extension:/home/autoware/Autoware/install/vector_map:/home/autoware/Autoware/install/amathutils_lib:/home/autoware/Autoware/install/vector_map_msgs:/home/autoware/Autoware/install/autoware_msgs:/home/autoware/Autoware/install/autoware_lanelet2_msgs:/home/autoware/Autoware/install/autoware_build_flags:${CMAKE_PREFIX_PATH} LD_LIBRARY_PATH=/home/autoware/Autoware/install/op_ros_helpers/lib:/home/autoware/Autoware/install/op_simu/lib:/home/autoware/Autoware/install/op_planner/lib:/home/autoware/Autoware/install/op_utility/lib:/home/autoware/Autoware/install/map_file/lib:/home/autoware/Autoware/install/libwaypoint_follower/lib:/home/autoware/Autoware/install/lanelet2_extension/lib:/home/autoware/Autoware/install/vector_map/lib:/home/autoware/Autoware/install/amathutils_lib/lib:${LD_LIBRARY_PATH} PKG_CONFIG_PATH=/home/autoware/Autoware/install/op_ros_helpers/lib/x86_64-linux-gnu/pkgconfig:/home/autoware/Autoware/install/op_ros_helpers/lib/pkgconfig:/home/autoware/Autoware/install/op_simu/lib/x86_64-linux-gnu/pkgconfig:/home/autoware/Autoware/install/op_simu/lib/pkgconfig:/home/autoware/Autoware/install/op_planner/lib/x86_64-linux-gnu/pkgconfig:/home/autoware/Autoware/install/op_planner/lib/pkgconfig:/home/autoware/Autoware/install/op_utility/lib/x86_64-linux-gnu/pkgconfig:/home/autoware/Autoware/install/op_utility/lib/pkgconfig:/home/autoware/Autoware/install/map_file/lib/x86_64-linux-gnu/pkgconfig:/home/autoware/Autoware/install/map_file/lib/pkgconfig:/home/autoware/Autoware/install/vector_map_server/lib/x86_64-linux-gnu/pkgconfig:/home/autoware/Autoware/install/vector_map_server/lib/pkgconfig:/home/autoware/Autoware/install/libwaypoint_follower/lib/x86_64-linux-gnu/pkgconfig:/home/autoware/Autoware/install/libwaypoint_follower/lib/pkgconfig:/home/autoware/Autoware/install/lanelet2_extension/lib/x86_64-linux-gnu/pkgconfig:/home/autoware/Autoware/install/lanelet2_extension/lib/pkgconfig:/home/autoware/Autoware/install/vector_map/lib/x86_64-linux-gnu/pkgconfig:/home/autoware/Autoware/install/vector_map/lib/pkgconfig:/home/autoware/Autoware/install/amathutils_lib/lib/x86_64-linux-gnu/pkgconfig:/home/autoware/Autoware/install/amathutils_lib/lib/pkgconfig:/home/autoware/Autoware/install/vector_map_msgs/lib/x86_64-linux-gnu/pkgconfig:/home/autoware/Autoware/install/vector_map_msgs/lib/pkgconfig:/home/autoware/Autoware/install/autoware_msgs/lib/x86_64-linux-gnu/pkgconfig:/home/autoware/Autoware/install/autoware_msgs/lib/pkgconfig:/home/autoware/Autoware/install/autoware_lanelet2_msgs/lib/x86_64-linux-gnu/pkgconfig:/home/autoware/Autoware/install/autoware_lanelet2_msgs/lib/pkgconfig:/home/autoware/Autoware/install/autoware_build_flags/lib/x86_64-linux-gnu/pkgconfig:/home/autoware/Autoware/install/autoware_build_flags/lib/pkgconfig:${PKG_CONFIG_PATH} PYTHONPATH=/home/autoware/Autoware/install/vector_map_server/lib/python2.7/dist-packages:/home/autoware/Autoware/install/vector_map_msgs/lib/python2.7/dist-packages:/home/autoware/Autoware/install/autoware_msgs/lib/python2.7/dist-packages:/home/autoware/Autoware/install/autoware_lanelet2_msgs/lib/python2.7/dist-packages:${PYTHONPATH} ROS_PACKAGE_PATH=/home/autoware/Autoware/install/op_ros_helpers/share:/home/autoware/Autoware/install/op_simu/share:/home/autoware/Autoware/install/op_planner/share:/home/autoware/Autoware/install/op_utility/share:/home/autoware/Autoware/install/map_file/share:/home/autoware/Autoware/install/vector_map_server/share:/home/autoware/Autoware/install/libwaypoint_follower/share:/home/autoware/Autoware/install/lanelet2_extension/share:/home/autoware/Autoware/install/vector_map/share:/home/autoware/Autoware/install/amathutils_lib/share:/home/autoware/Autoware/install/vector_map_msgs/share:/home/autoware/Autoware/install/autoware_msgs/share:/home/autoware/Autoware/install/autoware_lanelet2_msgs/share:/home/autoware/Autoware/install/autoware_build_flags/share:${ROS_PACKAGE_PATH} /usr/bin/cmake /home/autoware/Autoware/src/autoware/core_planning/op_utilities -DCMAKE_BUILD_TYPE=Release -DCATKIN_INSTALL_INTO_PREFIX_ROOT=0 -DCMAKE_INSTALL_PREFIX=/home/autoware/Autoware/install/op_utilities
[4.558s] Invoking command in '/home/autoware/Autoware/build/op_utilities': CMAKE_PREFIX_PATH=/home/autoware/Autoware/install/op_ros_helpers:/home/autoware/Autoware/install/op_simu:/home/autoware/Autoware/install/op_planner:/home/autoware/Autoware/install/op_utility:/home/autoware/Autoware/install/map_file:/home/autoware/Autoware/install/vector_map_server:/home/autoware/Autoware/install/libwaypoint_follower:/home/autoware/Autoware/install/lanelet2_extension:/home/autoware/Autoware/install/vector_map:/home/autoware/Autoware/install/amathutils_lib:/home/autoware/Autoware/install/vector_map_msgs:/home/autoware/Autoware/install/autoware_msgs:/home/autoware/Autoware/install/autoware_lanelet2_msgs:/home/autoware/Autoware/install/autoware_build_flags:${CMAKE_PREFIX_PATH} LD_LIBRARY_PATH=/home/autoware/Autoware/install/op_ros_helpers/lib:/home/autoware/Autoware/install/op_simu/lib:/home/autoware/Autoware/install/op_planner/lib:/home/autoware/Autoware/install/op_utility/lib:/home/autoware/Autoware/install/map_file/lib:/home/autoware/Autoware/install/libwaypoint_follower/lib:/home/autoware/Autoware/install/lanelet2_extension/lib:/home/autoware/Autoware/install/vector_map/lib:/home/autoware/Autoware/install/amathutils_lib/lib:${LD_LIBRARY_PATH} PKG_CONFIG_PATH=/home/autoware/Autoware/install/op_ros_helpers/lib/x86_64-linux-gnu/pkgconfig:/home/autoware/Autoware/install/op_ros_helpers/lib/pkgconfig:/home/autoware/Autoware/install/op_simu/lib/x86_64-linux-gnu/pkgconfig:/home/autoware/Autoware/install/op_simu/lib/pkgconfig:/home/autoware/Autoware/install/op_planner/lib/x86_64-linux-gnu/pkgconfig:/home/autoware/Autoware/install/op_planner/lib/pkgconfig:/home/autoware/Autoware/install/op_utility/lib/x86_64-linux-gnu/pkgconfig:/home/autoware/Autoware/install/op_utility/lib/pkgconfig:/home/autoware/Autoware/install/map_file/lib/x86_64-linux-gnu/pkgconfig:/home/autoware/Autoware/install/map_file/lib/pkgconfig:/home/autoware/Autoware/install/vector_map_server/lib/x86_64-linux-gnu/pkgconfig:/home/autoware/Autoware/install/vector_map_server/lib/pkgconfig:/home/autoware/Autoware/install/libwaypoint_follower/lib/x86_64-linux-gnu/pkgconfig:/home/autoware/Autoware/install/libwaypoint_follower/lib/pkgconfig:/home/autoware/Autoware/install/lanelet2_extension/lib/x86_64-linux-gnu/pkgconfig:/home/autoware/Autoware/install/lanelet2_extension/lib/pkgconfig:/home/autoware/Autoware/install/vector_map/lib/x86_64-linux-gnu/pkgconfig:/home/autoware/Autoware/install/vector_map/lib/pkgconfig:/home/autoware/Autoware/install/amathutils_lib/lib/x86_64-linux-gnu/pkgconfig:/home/autoware/Autoware/install/amathutils_lib/lib/pkgconfig:/home/autoware/Autoware/install/vector_map_msgs/lib/x86_64-linux-gnu/pkgconfig:/home/autoware/Autoware/install/vector_map_msgs/lib/pkgconfig:/home/autoware/Autoware/install/autoware_msgs/lib/x86_64-linux-gnu/pkgconfig:/home/autoware/Autoware/install/autoware_msgs/lib/pkgconfig:/home/autoware/Autoware/install/autoware_lanelet2_msgs/lib/x86_64-linux-gnu/pkgconfig:/home/autoware/Autoware/install/autoware_lanelet2_msgs/lib/pkgconfig:/home/autoware/Autoware/install/autoware_build_flags/lib/x86_64-linux-gnu/pkgconfig:/home/autoware/Autoware/install/autoware_build_flags/lib/pkgconfig:${PKG_CONFIG_PATH} PYTHONPATH=/home/autoware/Autoware/install/vector_map_server/lib/python2.7/dist-packages:/home/autoware/Autoware/install/vector_map_msgs/lib/python2.7/dist-packages:/home/autoware/Autoware/install/autoware_msgs/lib/python2.7/dist-packages:/home/autoware/Autoware/install/autoware_lanelet2_msgs/lib/python2.7/dist-packages:${PYTHONPATH} ROS_PACKAGE_PATH=/home/autoware/Autoware/install/op_ros_helpers/share:/home/autoware/Autoware/install/op_simu/share:/home/autoware/Autoware/install/op_planner/share:/home/autoware/Autoware/install/op_utility/share:/home/autoware/Autoware/install/map_file/share:/home/autoware/Autoware/install/vector_map_server/share:/home/autoware/Autoware/install/libwaypoint_follower/share:/home/autoware/Autoware/install/lanelet2_extension/share:/home/autoware/Autoware/install/vector_map/share:/home/autoware/Autoware/install/amathutils_lib/share:/home/autoware/Autoware/install/vector_map_msgs/share:/home/autoware/Autoware/install/autoware_msgs/share:/home/autoware/Autoware/install/autoware_lanelet2_msgs/share:/home/autoware/Autoware/install/autoware_build_flags/share:${ROS_PACKAGE_PATH} /usr/bin/cmake --build /home/autoware/Autoware/build/op_utilities -- -j2 -l2
[4.714s] Scanning dependencies of target op_bag_player
[4.743s] [  7%] Building CXX object CMakeFiles/op_bag_player.dir/nodes/op_bag_player/op_bag_player.cpp.o
[9.221s] [ 15%] Building CXX object CMakeFiles/op_bag_player.dir/nodes/op_bag_player/op_bag_player_core.cpp.o
[13.840s] Scanning dependencies of target op_data_logger
[13.871s] [ 23%] Building CXX object CMakeFiles/op_data_logger.dir/nodes/op_data_logger/op_data_logger.cpp.o
[16.662s] [ 30%] Building CXX object CMakeFiles/op_bag_player.dir/nodes/op_bag_player/DrawObjBase.cpp.o
[16.854s] [ 38%] Building CXX object CMakeFiles/op_bag_player.dir/nodes/op_bag_player/DrawingHelpers.cpp.o
[18.960s] [ 46%] Building CXX object CMakeFiles/op_data_logger.dir/nodes/op_data_logger/op_data_logger_core.cpp.o
[19.521s] [ 53%] Building CXX object CMakeFiles/op_bag_player.dir/nodes/op_bag_player/MainWindowWrapper.cpp.o
[21.412s] [ 61%] Building CXX object CMakeFiles/op_bag_player.dir/nodes/op_bag_player/BagTopicPlayer.cpp.o
[24.627s] /home/autoware/Autoware/src/autoware/core_planning/op_utilities/nodes/op_data_logger/op_data_logger_core.cpp: In member function ‘void DataLoggerNS::OpenPlannerDataLogger::CompareAndLog(DataLoggerNS::VehicleDataContainer&, PlannerHNS::DetectedObject&)’:
[24.627s] /home/autoware/Autoware/src/autoware/core_planning/op_utilities/nodes/op_data_logger/op_data_logger_core.cpp:293:42: warning: comparison between ‘enum PlannerHNS::STATE_TYPE’ and ‘enum PlannerHNS::BEH_STATE_TYPE’ [-Wenum-compare]
[24.627s]    if(ground_truth.beh.state == predicted.behavior_state)
[24.627s]                                           ^~~~~~~~~~~~~~
[25.504s] [ 69%] Linking CXX executable devel/lib/op_utilities/op_bag_player
[25.920s] [ 69%] Built target op_bag_player
[25.938s] Scanning dependencies of target vector_map_server_generate_messages_eus
[25.959s] [ 69%] Built target vector_map_server_generate_messages_eus
[25.975s] Scanning dependencies of target topic_tools_generate_messages_nodejs
[25.993s] [ 69%] Built target topic_tools_generate_messages_nodejs
[26.010s] Scanning dependencies of target topic_tools_generate_messages_eus
[26.028s] [ 69%] Built target topic_tools_generate_messages_eus
[26.044s] Scanning dependencies of target topic_tools_generate_messages_cpp
[26.061s] [ 69%] Built target topic_tools_generate_messages_cpp
[26.077s] Scanning dependencies of target std_srvs_generate_messages_py
[26.093s] [ 69%] Built target std_srvs_generate_messages_py
[26.109s] Scanning dependencies of target std_srvs_generate_messages_nodejs
[26.125s] [ 69%] Built target std_srvs_generate_messages_nodejs
[26.141s] Scanning dependencies of target tf_generate_messages_py
[26.157s] [ 69%] Built target tf_generate_messages_py
[26.174s] Scanning dependencies of target tf_generate_messages_nodejs
[26.191s] [ 69%] Built target tf_generate_messages_nodejs
[26.207s] Scanning dependencies of target tf_generate_messages_lisp
[26.223s] [ 69%] Built target tf_generate_messages_lisp
[26.241s] Scanning dependencies of target vector_map_server_generate_messages_nodejs
[26.258s] [ 69%] Built target vector_map_server_generate_messages_nodejs
[26.275s] Scanning dependencies of target geometry_msgs_generate_messages_py
[26.291s] [ 69%] Built target geometry_msgs_generate_messages_py
[26.309s] Scanning dependencies of target sensor_msgs_generate_messages_nodejs
[26.325s] [ 69%] Built target sensor_msgs_generate_messages_nodejs
[26.341s] Scanning dependencies of target actionlib_generate_messages_cpp
[26.357s] [ 69%] Built target actionlib_generate_messages_cpp
[26.373s] Scanning dependencies of target pcl_msgs_generate_messages_eus
[26.390s] [ 69%] Built target pcl_msgs_generate_messages_eus
[26.408s] Scanning dependencies of target rosgraph_msgs_generate_messages_eus
[26.424s] [ 69%] Built target rosgraph_msgs_generate_messages_eus
[26.441s] Scanning dependencies of target jsk_recognition_msgs_generate_messages_lisp
[26.458s] [ 69%] Built target jsk_recognition_msgs_generate_messages_lisp
[26.475s] Scanning dependencies of target jsk_recognition_msgs_generate_messages_eus
[26.491s] [ 69%] Built target jsk_recognition_msgs_generate_messages_eus
[26.510s] Scanning dependencies of target tf2_msgs_generate_messages_cpp
[26.529s] [ 69%] Built target tf2_msgs_generate_messages_cpp
[26.546s] Scanning dependencies of target std_msgs_generate_messages_py
[26.562s] [ 69%] Built target std_msgs_generate_messages_py
[26.577s] Scanning dependencies of target autoware_msgs_generate_messages_py
[26.594s] [ 69%] Built target autoware_msgs_generate_messages_py
[26.609s] Scanning dependencies of target std_msgs_generate_messages_nodejs
[26.625s] [ 69%] Built target std_msgs_generate_messages_nodejs
[26.641s] Scanning dependencies of target sensor_msgs_generate_messages_eus
[26.657s] [ 69%] Built target sensor_msgs_generate_messages_eus
[26.673s] Scanning dependencies of target std_srvs_generate_messages_lisp
[26.691s] [ 69%] Built target std_srvs_generate_messages_lisp
[26.710s] Scanning dependencies of target _catkin_empty_exported_target
[26.727s] [ 69%] Built target _catkin_empty_exported_target
[26.744s] Scanning dependencies of target sensor_msgs_generate_messages_cpp
[26.762s] [ 69%] Built target sensor_msgs_generate_messages_cpp
[26.779s] Scanning dependencies of target autoware_msgs_generate_messages_cpp
[26.797s] [ 69%] Built target autoware_msgs_generate_messages_cpp
[26.815s] Scanning dependencies of target rosgraph_msgs_generate_messages_cpp
[26.833s] [ 69%] Built target rosgraph_msgs_generate_messages_cpp
[26.850s] Scanning dependencies of target pcl_msgs_generate_messages_nodejs
[26.866s] [ 69%] Built target pcl_msgs_generate_messages_nodejs
[26.882s] Scanning dependencies of target jsk_recognition_msgs_generate_messages_py
[26.900s] [ 69%] Built target jsk_recognition_msgs_generate_messages_py
[26.917s] Scanning dependencies of target std_srvs_generate_messages_cpp
[26.932s] [ 69%] Built target std_srvs_generate_messages_cpp
[26.949s] Scanning dependencies of target sensor_msgs_generate_messages_lisp
[26.964s] [ 69%] Built target sensor_msgs_generate_messages_lisp
[26.980s] Scanning dependencies of target sensor_msgs_generate_messages_py
[26.996s] [ 69%] Built target sensor_msgs_generate_messages_py
[27.014s] Scanning dependencies of target std_msgs_generate_messages_cpp
[27.031s] [ 69%] Built target std_msgs_generate_messages_cpp
[27.047s] Scanning dependencies of target jsk_footstep_msgs_generate_messages_py
[27.063s] [ 69%] Built target jsk_footstep_msgs_generate_messages_py
[27.079s] Scanning dependencies of target visualization_msgs_generate_messages_nodejs
[27.094s] [ 69%] Built target visualization_msgs_generate_messages_nodejs
[27.111s] Scanning dependencies of target vector_map_msgs_generate_messages_nodejs
[27.127s] [ 69%] Built target vector_map_msgs_generate_messages_nodejs
[27.144s] Scanning dependencies of target topic_tools_generate_messages_py
[27.159s] [ 69%] Built target topic_tools_generate_messages_py
[27.176s] Scanning dependencies of target actionlib_msgs_generate_messages_nodejs
[27.193s] [ 69%] Built target actionlib_msgs_generate_messages_nodejs
[27.210s] Scanning dependencies of target geometry_msgs_generate_messages_eus
[27.226s] [ 69%] Built target geometry_msgs_generate_messages_eus
[27.243s] Scanning dependencies of target std_msgs_generate_messages_lisp
[27.261s] [ 69%] Built target std_msgs_generate_messages_lisp
[27.279s] Scanning dependencies of target roscpp_generate_messages_nodejs
[27.296s] [ 69%] Built target roscpp_generate_messages_nodejs
[27.313s] Scanning dependencies of target geometry_msgs_generate_messages_nodejs
[27.330s] [ 69%] Built target geometry_msgs_generate_messages_nodejs
[27.347s] Scanning dependencies of target geometry_msgs_generate_messages_lisp
[27.363s] [ 69%] Built target geometry_msgs_generate_messages_lisp
[27.380s] Scanning dependencies of target pcl_msgs_generate_messages_cpp
[27.396s] [ 69%] Built target pcl_msgs_generate_messages_cpp
[27.412s] Scanning dependencies of target topic_tools_generate_messages_lisp
[27.427s] [ 69%] Built target topic_tools_generate_messages_lisp
[27.443s] Scanning dependencies of target jsk_recognition_msgs_generate_messages_cpp
[27.458s] [ 69%] Built target jsk_recognition_msgs_generate_messages_cpp
[27.475s] Scanning dependencies of target autoware_msgs_generate_messages_eus
[27.491s] [ 69%] Built target autoware_msgs_generate_messages_eus
[27.509s] Scanning dependencies of target autoware_msgs_generate_messages_lisp
[27.526s] [ 69%] Built target autoware_msgs_generate_messages_lisp
[27.544s] Scanning dependencies of target visualization_msgs_generate_messages_lisp
[27.560s] [ 69%] Built target visualization_msgs_generate_messages_lisp
[27.576s] Scanning dependencies of target std_msgs_generate_messages_eus
[27.592s] [ 69%] Built target std_msgs_generate_messages_eus
[27.609s] Scanning dependencies of target vector_map_msgs_generate_messages_py
[27.626s] [ 69%] Built target vector_map_msgs_generate_messages_py
[27.642s] Scanning dependencies of target autoware_msgs_generate_messages_nodejs
[27.659s] [ 69%] Built target autoware_msgs_generate_messages_nodejs
[27.676s] Scanning dependencies of target jsk_footstep_msgs_generate_messages_eus
[27.693s] [ 69%] Built target jsk_footstep_msgs_generate_messages_eus
[27.710s] Scanning dependencies of target actionlib_msgs_generate_messages_py
[27.728s] [ 69%] Built target actionlib_msgs_generate_messages_py
[27.746s] Scanning dependencies of target vector_map_server_generate_messages_lisp
[27.763s] [ 69%] Built target vector_map_server_generate_messages_lisp
[27.780s] Scanning dependencies of target jsk_footstep_msgs_generate_messages_lisp
[27.796s] [ 69%] Built target jsk_footstep_msgs_generate_messages_lisp
[27.813s] Scanning dependencies of target jsk_footstep_msgs_generate_messages_nodejs
[27.829s] [ 69%] Built target jsk_footstep_msgs_generate_messages_nodejs
[27.846s] Scanning dependencies of target tf_generate_messages_eus
[27.863s] [ 69%] Built target tf_generate_messages_eus
[27.881s] Scanning dependencies of target jsk_footstep_msgs_generate_messages_cpp
[27.898s] [ 69%] Built target jsk_footstep_msgs_generate_messages_cpp
[27.916s] Scanning dependencies of target actionlib_msgs_generate_messages_cpp
[27.933s] [ 69%] Built target actionlib_msgs_generate_messages_cpp
[27.950s] Scanning dependencies of target vector_map_msgs_generate_messages_lisp
[27.966s] [ 69%] Built target vector_map_msgs_generate_messages_lisp
[27.984s] Scanning dependencies of target actionlib_msgs_generate_messages_lisp
[28.001s] [ 69%] Built target actionlib_msgs_generate_messages_lisp
[28.020s] Scanning dependencies of target pcl_msgs_generate_messages_py
[28.038s] [ 69%] Built target pcl_msgs_generate_messages_py
[28.057s] Scanning dependencies of target actionlib_generate_messages_eus
[28.074s] [ 69%] Built target actionlib_generate_messages_eus
[28.091s] Scanning dependencies of target geometry_msgs_generate_messages_cpp
[28.107s] [ 69%] Built target geometry_msgs_generate_messages_cpp
[28.124s] Scanning dependencies of target actionlib_generate_messages_lisp
[28.140s] [ 69%] Built target actionlib_generate_messages_lisp
[28.156s] Scanning dependencies of target tf_generate_messages_cpp
[28.171s] [ 69%] Built target tf_generate_messages_cpp
[28.188s] Scanning dependencies of target pcl_msgs_generate_messages_lisp
[28.205s] [ 69%] Built target pcl_msgs_generate_messages_lisp
[28.222s] Scanning dependencies of target actionlib_generate_messages_nodejs
[28.238s] [ 69%] Built target actionlib_generate_messages_nodejs
[28.255s] Scanning dependencies of target std_srvs_generate_messages_eus
[28.271s] [ 69%] Built target std_srvs_generate_messages_eus
[28.289s] Scanning dependencies of target jsk_recognition_msgs_generate_messages_nodejs
[28.305s] [ 69%] Built target jsk_recognition_msgs_generate_messages_nodejs
[28.323s] Scanning dependencies of target roscpp_generate_messages_lisp
[28.341s] [ 69%] Built target roscpp_generate_messages_lisp
[28.358s] Scanning dependencies of target roscpp_generate_messages_py
[28.374s] [ 69%] Built target roscpp_generate_messages_py
[28.390s] Scanning dependencies of target rosgraph_msgs_generate_messages_lisp
[28.413s] [ 69%] Built target rosgraph_msgs_generate_messages_lisp
[28.431s] Scanning dependencies of target rosgraph_msgs_generate_messages_nodejs
[28.447s] [ 69%] Built target rosgraph_msgs_generate_messages_nodejs
[28.464s] Scanning dependencies of target vector_map_server_generate_messages_py
[28.480s] [ 69%] Built target vector_map_server_generate_messages_py
[28.496s] Scanning dependencies of target roscpp_generate_messages_eus
[28.513s] [ 69%] Built target roscpp_generate_messages_eus
[28.531s] Scanning dependencies of target actionlib_msgs_generate_messages_eus
[28.549s] [ 69%] Built target actionlib_msgs_generate_messages_eus
[28.566s] Scanning dependencies of target rosgraph_msgs_generate_messages_py
[28.583s] [ 69%] Built target rosgraph_msgs_generate_messages_py
[28.599s] Scanning dependencies of target tf2_msgs_generate_messages_lisp
[28.616s] [ 69%] Built target tf2_msgs_generate_messages_lisp
[28.632s] Scanning dependencies of target actionlib_generate_messages_py
[28.649s] [ 69%] Built target actionlib_generate_messages_py
[28.666s] Scanning dependencies of target tf2_msgs_generate_messages_py
[28.682s] [ 69%] Built target tf2_msgs_generate_messages_py
[28.699s] Scanning dependencies of target tf2_msgs_generate_messages_nodejs
[28.714s] [ 69%] Built target tf2_msgs_generate_messages_nodejs
[28.731s] Scanning dependencies of target tf2_msgs_generate_messages_eus
[28.747s] [ 69%] Built target tf2_msgs_generate_messages_eus
[28.762s] Scanning dependencies of target visualization_msgs_generate_messages_cpp
[28.778s] [ 69%] Built target visualization_msgs_generate_messages_cpp
[28.795s] Scanning dependencies of target visualization_msgs_generate_messages_py
[28.811s] [ 69%] Built target visualization_msgs_generate_messages_py
[28.828s] Scanning dependencies of target vector_map_msgs_generate_messages_cpp
[28.845s] [ 69%] Built target vector_map_msgs_generate_messages_cpp
[28.863s] Scanning dependencies of target vector_map_msgs_generate_messages_eus
[28.881s] [ 69%] Built target vector_map_msgs_generate_messages_eus
[28.898s] Scanning dependencies of target visualization_msgs_generate_messages_eus
[28.916s] [ 69%] Built target visualization_msgs_generate_messages_eus
[28.934s] Scanning dependencies of target vector_map_server_generate_messages_cpp
[28.951s] [ 69%] Built target vector_map_server_generate_messages_cpp
[28.969s] Scanning dependencies of target roscpp_generate_messages_cpp
[28.985s] [ 69%] Built target roscpp_generate_messages_cpp
[29.660s] [ 76%] Linking CXX executable devel/lib/op_utilities/op_data_logger
[29.975s] [ 76%] Built target op_data_logger
[30.025s] Scanning dependencies of target op_pose2tf
[30.049s] [ 84%] Building CXX object CMakeFiles/op_pose2tf.dir/nodes/op_pose2tf/op_pose2tf.cpp.o
[30.054s] [ 92%] Building CXX object CMakeFiles/op_pose2tf.dir/nodes/op_pose2tf/op_pose2tf_core.cpp.o
[35.240s] [100%] Linking CXX executable devel/lib/op_utilities/op_pose2tf
[35.541s] [100%] Built target op_pose2tf
[35.559s] Invoked command in '/home/autoware/Autoware/build/op_utilities' returned '0': CMAKE_PREFIX_PATH=/home/autoware/Autoware/install/op_ros_helpers:/home/autoware/Autoware/install/op_simu:/home/autoware/Autoware/install/op_planner:/home/autoware/Autoware/install/op_utility:/home/autoware/Autoware/install/map_file:/home/autoware/Autoware/install/vector_map_server:/home/autoware/Autoware/install/libwaypoint_follower:/home/autoware/Autoware/install/lanelet2_extension:/home/autoware/Autoware/install/vector_map:/home/autoware/Autoware/install/amathutils_lib:/home/autoware/Autoware/install/vector_map_msgs:/home/autoware/Autoware/install/autoware_msgs:/home/autoware/Autoware/install/autoware_lanelet2_msgs:/home/autoware/Autoware/install/autoware_build_flags:${CMAKE_PREFIX_PATH} LD_LIBRARY_PATH=/home/autoware/Autoware/install/op_ros_helpers/lib:/home/autoware/Autoware/install/op_simu/lib:/home/autoware/Autoware/install/op_planner/lib:/home/autoware/Autoware/install/op_utility/lib:/home/autoware/Autoware/install/map_file/lib:/home/autoware/Autoware/install/libwaypoint_follower/lib:/home/autoware/Autoware/install/lanelet2_extension/lib:/home/autoware/Autoware/install/vector_map/lib:/home/autoware/Autoware/install/amathutils_lib/lib:${LD_LIBRARY_PATH} PKG_CONFIG_PATH=/home/autoware/Autoware/install/op_ros_helpers/lib/x86_64-linux-gnu/pkgconfig:/home/autoware/Autoware/install/op_ros_helpers/lib/pkgconfig:/home/autoware/Autoware/install/op_simu/lib/x86_64-linux-gnu/pkgconfig:/home/autoware/Autoware/install/op_simu/lib/pkgconfig:/home/autoware/Autoware/install/op_planner/lib/x86_64-linux-gnu/pkgconfig:/home/autoware/Autoware/install/op_planner/lib/pkgconfig:/home/autoware/Autoware/install/op_utility/lib/x86_64-linux-gnu/pkgconfig:/home/autoware/Autoware/install/op_utility/lib/pkgconfig:/home/autoware/Autoware/install/map_file/lib/x86_64-linux-gnu/pkgconfig:/home/autoware/Autoware/install/map_file/lib/pkgconfig:/home/autoware/Autoware/install/vector_map_server/lib/x86_64-linux-gnu/pkgconfig:/home/autoware/Autoware/install/vector_map_server/lib/pkgconfig:/home/autoware/Autoware/install/libwaypoint_follower/lib/x86_64-linux-gnu/pkgconfig:/home/autoware/Autoware/install/libwaypoint_follower/lib/pkgconfig:/home/autoware/Autoware/install/lanelet2_extension/lib/x86_64-linux-gnu/pkgconfig:/home/autoware/Autoware/install/lanelet2_extension/lib/pkgconfig:/home/autoware/Autoware/install/vector_map/lib/x86_64-linux-gnu/pkgconfig:/home/autoware/Autoware/install/vector_map/lib/pkgconfig:/home/autoware/Autoware/install/amathutils_lib/lib/x86_64-linux-gnu/pkgconfig:/home/autoware/Autoware/install/amathutils_lib/lib/pkgconfig:/home/autoware/Autoware/install/vector_map_msgs/lib/x86_64-linux-gnu/pkgconfig:/home/autoware/Autoware/install/vector_map_msgs/lib/pkgconfig:/home/autoware/Autoware/install/autoware_msgs/lib/x86_64-linux-gnu/pkgconfig:/home/autoware/Autoware/install/autoware_msgs/lib/pkgconfig:/home/autoware/Autoware/install/autoware_lanelet2_msgs/lib/x86_64-linux-gnu/pkgconfig:/home/autoware/Autoware/install/autoware_lanelet2_msgs/lib/pkgconfig:/home/autoware/Autoware/install/autoware_build_flags/lib/x86_64-linux-gnu/pkgconfig:/home/autoware/Autoware/install/autoware_build_flags/lib/pkgconfig:${PKG_CONFIG_PATH} PYTHONPATH=/home/autoware/Autoware/install/vector_map_server/lib/python2.7/dist-packages:/home/autoware/Autoware/install/vector_map_msgs/lib/python2.7/dist-packages:/home/autoware/Autoware/install/autoware_msgs/lib/python2.7/dist-packages:/home/autoware/Autoware/install/autoware_lanelet2_msgs/lib/python2.7/dist-packages:${PYTHONPATH} ROS_PACKAGE_PATH=/home/autoware/Autoware/install/op_ros_helpers/share:/home/autoware/Autoware/install/op_simu/share:/home/autoware/Autoware/install/op_planner/share:/home/autoware/Autoware/install/op_utility/share:/home/autoware/Autoware/install/map_file/share:/home/autoware/Autoware/install/vector_map_server/share:/home/autoware/Autoware/install/libwaypoint_follower/share:/home/autoware/Autoware/install/lanelet2_extension/share:/home/autoware/Autoware/install/vector_map/share:/home/autoware/Autoware/install/amathutils_lib/share:/home/autoware/Autoware/install/vector_map_msgs/share:/home/autoware/Autoware/install/autoware_msgs/share:/home/autoware/Autoware/install/autoware_lanelet2_msgs/share:/home/autoware/Autoware/install/autoware_build_flags/share:${ROS_PACKAGE_PATH} /usr/bin/cmake --build /home/autoware/Autoware/build/op_utilities -- -j2 -l2
[35.744s] Invoking command in '/home/autoware/Autoware/build/op_utilities': CMAKE_PREFIX_PATH=/home/autoware/Autoware/install/op_ros_helpers:/home/autoware/Autoware/install/op_simu:/home/autoware/Autoware/install/op_planner:/home/autoware/Autoware/install/op_utility:/home/autoware/Autoware/install/map_file:/home/autoware/Autoware/install/vector_map_server:/home/autoware/Autoware/install/libwaypoint_follower:/home/autoware/Autoware/install/lanelet2_extension:/home/autoware/Autoware/install/vector_map:/home/autoware/Autoware/install/amathutils_lib:/home/autoware/Autoware/install/vector_map_msgs:/home/autoware/Autoware/install/autoware_msgs:/home/autoware/Autoware/install/autoware_lanelet2_msgs:/home/autoware/Autoware/install/autoware_build_flags:${CMAKE_PREFIX_PATH} LD_LIBRARY_PATH=/home/autoware/Autoware/install/op_ros_helpers/lib:/home/autoware/Autoware/install/op_simu/lib:/home/autoware/Autoware/install/op_planner/lib:/home/autoware/Autoware/install/op_utility/lib:/home/autoware/Autoware/install/map_file/lib:/home/autoware/Autoware/install/libwaypoint_follower/lib:/home/autoware/Autoware/install/lanelet2_extension/lib:/home/autoware/Autoware/install/vector_map/lib:/home/autoware/Autoware/install/amathutils_lib/lib:${LD_LIBRARY_PATH} PKG_CONFIG_PATH=/home/autoware/Autoware/install/op_ros_helpers/lib/x86_64-linux-gnu/pkgconfig:/home/autoware/Autoware/install/op_ros_helpers/lib/pkgconfig:/home/autoware/Autoware/install/op_simu/lib/x86_64-linux-gnu/pkgconfig:/home/autoware/Autoware/install/op_simu/lib/pkgconfig:/home/autoware/Autoware/install/op_planner/lib/x86_64-linux-gnu/pkgconfig:/home/autoware/Autoware/install/op_planner/lib/pkgconfig:/home/autoware/Autoware/install/op_utility/lib/x86_64-linux-gnu/pkgconfig:/home/autoware/Autoware/install/op_utility/lib/pkgconfig:/home/autoware/Autoware/install/map_file/lib/x86_64-linux-gnu/pkgconfig:/home/autoware/Autoware/install/map_file/lib/pkgconfig:/home/autoware/Autoware/install/vector_map_server/lib/x86_64-linux-gnu/pkgconfig:/home/autoware/Autoware/install/vector_map_server/lib/pkgconfig:/home/autoware/Autoware/install/libwaypoint_follower/lib/x86_64-linux-gnu/pkgconfig:/home/autoware/Autoware/install/libwaypoint_follower/lib/pkgconfig:/home/autoware/Autoware/install/lanelet2_extension/lib/x86_64-linux-gnu/pkgconfig:/home/autoware/Autoware/install/lanelet2_extension/lib/pkgconfig:/home/autoware/Autoware/install/vector_map/lib/x86_64-linux-gnu/pkgconfig:/home/autoware/Autoware/install/vector_map/lib/pkgconfig:/home/autoware/Autoware/install/amathutils_lib/lib/x86_64-linux-gnu/pkgconfig:/home/autoware/Autoware/install/amathutils_lib/lib/pkgconfig:/home/autoware/Autoware/install/vector_map_msgs/lib/x86_64-linux-gnu/pkgconfig:/home/autoware/Autoware/install/vector_map_msgs/lib/pkgconfig:/home/autoware/Autoware/install/autoware_msgs/lib/x86_64-linux-gnu/pkgconfig:/home/autoware/Autoware/install/autoware_msgs/lib/pkgconfig:/home/autoware/Autoware/install/autoware_lanelet2_msgs/lib/x86_64-linux-gnu/pkgconfig:/home/autoware/Autoware/install/autoware_lanelet2_msgs/lib/pkgconfig:/home/autoware/Autoware/install/autoware_build_flags/lib/x86_64-linux-gnu/pkgconfig:/home/autoware/Autoware/install/autoware_build_flags/lib/pkgconfig:${PKG_CONFIG_PATH} PYTHONPATH=/home/autoware/Autoware/install/vector_map_server/lib/python2.7/dist-packages:/home/autoware/Autoware/install/vector_map_msgs/lib/python2.7/dist-packages:/home/autoware/Autoware/install/autoware_msgs/lib/python2.7/dist-packages:/home/autoware/Autoware/install/autoware_lanelet2_msgs/lib/python2.7/dist-packages:${PYTHONPATH} ROS_PACKAGE_PATH=/home/autoware/Autoware/install/op_ros_helpers/share:/home/autoware/Autoware/install/op_simu/share:/home/autoware/Autoware/install/op_planner/share:/home/autoware/Autoware/install/op_utility/share:/home/autoware/Autoware/install/map_file/share:/home/autoware/Autoware/install/vector_map_server/share:/home/autoware/Autoware/install/libwaypoint_follower/share:/home/autoware/Autoware/install/lanelet2_extension/share:/home/autoware/Autoware/install/vector_map/share:/home/autoware/Autoware/install/amathutils_lib/share:/home/autoware/Autoware/install/vector_map_msgs/share:/home/autoware/Autoware/install/autoware_msgs/share:/home/autoware/Autoware/install/autoware_lanelet2_msgs/share:/home/autoware/Autoware/install/autoware_build_flags/share:${ROS_PACKAGE_PATH} /usr/bin/cmake --build /home/autoware/Autoware/build/op_utilities --target tests -- -j2 -l2
[35.848s] Scanning dependencies of target tests
[35.863s] Built target tests
[35.880s] Invoked command in '/home/autoware/Autoware/build/op_utilities' returned '0': CMAKE_PREFIX_PATH=/home/autoware/Autoware/install/op_ros_helpers:/home/autoware/Autoware/install/op_simu:/home/autoware/Autoware/install/op_planner:/home/autoware/Autoware/install/op_utility:/home/autoware/Autoware/install/map_file:/home/autoware/Autoware/install/vector_map_server:/home/autoware/Autoware/install/libwaypoint_follower:/home/autoware/Autoware/install/lanelet2_extension:/home/autoware/Autoware/install/vector_map:/home/autoware/Autoware/install/amathutils_lib:/home/autoware/Autoware/install/vector_map_msgs:/home/autoware/Autoware/install/autoware_msgs:/home/autoware/Autoware/install/autoware_lanelet2_msgs:/home/autoware/Autoware/install/autoware_build_flags:${CMAKE_PREFIX_PATH} LD_LIBRARY_PATH=/home/autoware/Autoware/install/op_ros_helpers/lib:/home/autoware/Autoware/install/op_simu/lib:/home/autoware/Autoware/install/op_planner/lib:/home/autoware/Autoware/install/op_utility/lib:/home/autoware/Autoware/install/map_file/lib:/home/autoware/Autoware/install/libwaypoint_follower/lib:/home/autoware/Autoware/install/lanelet2_extension/lib:/home/autoware/Autoware/install/vector_map/lib:/home/autoware/Autoware/install/amathutils_lib/lib:${LD_LIBRARY_PATH} PKG_CONFIG_PATH=/home/autoware/Autoware/install/op_ros_helpers/lib/x86_64-linux-gnu/pkgconfig:/home/autoware/Autoware/install/op_ros_helpers/lib/pkgconfig:/home/autoware/Autoware/install/op_simu/lib/x86_64-linux-gnu/pkgconfig:/home/autoware/Autoware/install/op_simu/lib/pkgconfig:/home/autoware/Autoware/install/op_planner/lib/x86_64-linux-gnu/pkgconfig:/home/autoware/Autoware/install/op_planner/lib/pkgconfig:/home/autoware/Autoware/install/op_utility/lib/x86_64-linux-gnu/pkgconfig:/home/autoware/Autoware/install/op_utility/lib/pkgconfig:/home/autoware/Autoware/install/map_file/lib/x86_64-linux-gnu/pkgconfig:/home/autoware/Autoware/install/map_file/lib/pkgconfig:/home/autoware/Autoware/install/vector_map_server/lib/x86_64-linux-gnu/pkgconfig:/home/autoware/Autoware/install/vector_map_server/lib/pkgconfig:/home/autoware/Autoware/install/libwaypoint_follower/lib/x86_64-linux-gnu/pkgconfig:/home/autoware/Autoware/install/libwaypoint_follower/lib/pkgconfig:/home/autoware/Autoware/install/lanelet2_extension/lib/x86_64-linux-gnu/pkgconfig:/home/autoware/Autoware/install/lanelet2_extension/lib/pkgconfig:/home/autoware/Autoware/install/vector_map/lib/x86_64-linux-gnu/pkgconfig:/home/autoware/Autoware/install/vector_map/lib/pkgconfig:/home/autoware/Autoware/install/amathutils_lib/lib/x86_64-linux-gnu/pkgconfig:/home/autoware/Autoware/install/amathutils_lib/lib/pkgconfig:/home/autoware/Autoware/install/vector_map_msgs/lib/x86_64-linux-gnu/pkgconfig:/home/autoware/Autoware/install/vector_map_msgs/lib/pkgconfig:/home/autoware/Autoware/install/autoware_msgs/lib/x86_64-linux-gnu/pkgconfig:/home/autoware/Autoware/install/autoware_msgs/lib/pkgconfig:/home/autoware/Autoware/install/autoware_lanelet2_msgs/lib/x86_64-linux-gnu/pkgconfig:/home/autoware/Autoware/install/autoware_lanelet2_msgs/lib/pkgconfig:/home/autoware/Autoware/install/autoware_build_flags/lib/x86_64-linux-gnu/pkgconfig:/home/autoware/Autoware/install/autoware_build_flags/lib/pkgconfig:${PKG_CONFIG_PATH} PYTHONPATH=/home/autoware/Autoware/install/vector_map_server/lib/python2.7/dist-packages:/home/autoware/Autoware/install/vector_map_msgs/lib/python2.7/dist-packages:/home/autoware/Autoware/install/autoware_msgs/lib/python2.7/dist-packages:/home/autoware/Autoware/install/autoware_lanelet2_msgs/lib/python2.7/dist-packages:${PYTHONPATH} ROS_PACKAGE_PATH=/home/autoware/Autoware/install/op_ros_helpers/share:/home/autoware/Autoware/install/op_simu/share:/home/autoware/Autoware/install/op_planner/share:/home/autoware/Autoware/install/op_utility/share:/home/autoware/Autoware/install/map_file/share:/home/autoware/Autoware/install/vector_map_server/share:/home/autoware/Autoware/install/libwaypoint_follower/share:/home/autoware/Autoware/install/lanelet2_extension/share:/home/autoware/Autoware/install/vector_map/share:/home/autoware/Autoware/install/amathutils_lib/share:/home/autoware/Autoware/install/vector_map_msgs/share:/home/autoware/Autoware/install/autoware_msgs/share:/home/autoware/Autoware/install/autoware_lanelet2_msgs/share:/home/autoware/Autoware/install/autoware_build_flags/share:${ROS_PACKAGE_PATH} /usr/bin/cmake --build /home/autoware/Autoware/build/op_utilities --target tests -- -j2 -l2
[36.062s] Invoking command in '/home/autoware/Autoware/build/op_utilities': CMAKE_PREFIX_PATH=/home/autoware/Autoware/install/op_ros_helpers:/home/autoware/Autoware/install/op_simu:/home/autoware/Autoware/install/op_planner:/home/autoware/Autoware/install/op_utility:/home/autoware/Autoware/install/map_file:/home/autoware/Autoware/install/vector_map_server:/home/autoware/Autoware/install/libwaypoint_follower:/home/autoware/Autoware/install/lanelet2_extension:/home/autoware/Autoware/install/vector_map:/home/autoware/Autoware/install/amathutils_lib:/home/autoware/Autoware/install/vector_map_msgs:/home/autoware/Autoware/install/autoware_msgs:/home/autoware/Autoware/install/autoware_lanelet2_msgs:/home/autoware/Autoware/install/autoware_build_flags:${CMAKE_PREFIX_PATH} LD_LIBRARY_PATH=/home/autoware/Autoware/install/op_ros_helpers/lib:/home/autoware/Autoware/install/op_simu/lib:/home/autoware/Autoware/install/op_planner/lib:/home/autoware/Autoware/install/op_utility/lib:/home/autoware/Autoware/install/map_file/lib:/home/autoware/Autoware/install/libwaypoint_follower/lib:/home/autoware/Autoware/install/lanelet2_extension/lib:/home/autoware/Autoware/install/vector_map/lib:/home/autoware/Autoware/install/amathutils_lib/lib:${LD_LIBRARY_PATH} PKG_CONFIG_PATH=/home/autoware/Autoware/install/op_ros_helpers/lib/x86_64-linux-gnu/pkgconfig:/home/autoware/Autoware/install/op_ros_helpers/lib/pkgconfig:/home/autoware/Autoware/install/op_simu/lib/x86_64-linux-gnu/pkgconfig:/home/autoware/Autoware/install/op_simu/lib/pkgconfig:/home/autoware/Autoware/install/op_planner/lib/x86_64-linux-gnu/pkgconfig:/home/autoware/Autoware/install/op_planner/lib/pkgconfig:/home/autoware/Autoware/install/op_utility/lib/x86_64-linux-gnu/pkgconfig:/home/autoware/Autoware/install/op_utility/lib/pkgconfig:/home/autoware/Autoware/install/map_file/lib/x86_64-linux-gnu/pkgconfig:/home/autoware/Autoware/install/map_file/lib/pkgconfig:/home/autoware/Autoware/install/vector_map_server/lib/x86_64-linux-gnu/pkgconfig:/home/autoware/Autoware/install/vector_map_server/lib/pkgconfig:/home/autoware/Autoware/install/libwaypoint_follower/lib/x86_64-linux-gnu/pkgconfig:/home/autoware/Autoware/install/libwaypoint_follower/lib/pkgconfig:/home/autoware/Autoware/install/lanelet2_extension/lib/x86_64-linux-gnu/pkgconfig:/home/autoware/Autoware/install/lanelet2_extension/lib/pkgconfig:/home/autoware/Autoware/install/vector_map/lib/x86_64-linux-gnu/pkgconfig:/home/autoware/Autoware/install/vector_map/lib/pkgconfig:/home/autoware/Autoware/install/amathutils_lib/lib/x86_64-linux-gnu/pkgconfig:/home/autoware/Autoware/install/amathutils_lib/lib/pkgconfig:/home/autoware/Autoware/install/vector_map_msgs/lib/x86_64-linux-gnu/pkgconfig:/home/autoware/Autoware/install/vector_map_msgs/lib/pkgconfig:/home/autoware/Autoware/install/autoware_msgs/lib/x86_64-linux-gnu/pkgconfig:/home/autoware/Autoware/install/autoware_msgs/lib/pkgconfig:/home/autoware/Autoware/install/autoware_lanelet2_msgs/lib/x86_64-linux-gnu/pkgconfig:/home/autoware/Autoware/install/autoware_lanelet2_msgs/lib/pkgconfig:/home/autoware/Autoware/install/autoware_build_flags/lib/x86_64-linux-gnu/pkgconfig:/home/autoware/Autoware/install/autoware_build_flags/lib/pkgconfig:${PKG_CONFIG_PATH} PYTHONPATH=/home/autoware/Autoware/install/vector_map_server/lib/python2.7/dist-packages:/home/autoware/Autoware/install/vector_map_msgs/lib/python2.7/dist-packages:/home/autoware/Autoware/install/autoware_msgs/lib/python2.7/dist-packages:/home/autoware/Autoware/install/autoware_lanelet2_msgs/lib/python2.7/dist-packages:${PYTHONPATH} ROS_PACKAGE_PATH=/home/autoware/Autoware/install/op_ros_helpers/share:/home/autoware/Autoware/install/op_simu/share:/home/autoware/Autoware/install/op_planner/share:/home/autoware/Autoware/install/op_utility/share:/home/autoware/Autoware/install/map_file/share:/home/autoware/Autoware/install/vector_map_server/share:/home/autoware/Autoware/install/libwaypoint_follower/share:/home/autoware/Autoware/install/lanelet2_extension/share:/home/autoware/Autoware/install/vector_map/share:/home/autoware/Autoware/install/amathutils_lib/share:/home/autoware/Autoware/install/vector_map_msgs/share:/home/autoware/Autoware/install/autoware_msgs/share:/home/autoware/Autoware/install/autoware_lanelet2_msgs/share:/home/autoware/Autoware/install/autoware_build_flags/share:${ROS_PACKAGE_PATH} /usr/bin/cmake --build /home/autoware/Autoware/build/op_utilities --target install -- -j2 -l2
[36.170s] [ 53%] Built target op_bag_player
[36.237s] [ 76%] Built target op_data_logger
[36.279s] [ 76%] Built target vector_map_server_generate_messages_eus
[36.315s] [ 76%] Built target topic_tools_generate_messages_nodejs
[36.350s] [ 76%] Built target topic_tools_generate_messages_eus
[36.386s] [ 76%] Built target topic_tools_generate_messages_cpp
[36.420s] [ 76%] Built target std_srvs_generate_messages_py
[36.454s] [ 76%] Built target std_srvs_generate_messages_nodejs
[36.488s] [ 76%] Built target tf_generate_messages_py
[36.528s] [ 76%] Built target tf_generate_messages_nodejs
[36.562s] [ 76%] Built target tf_generate_messages_lisp
[36.599s] [ 76%] Built target vector_map_server_generate_messages_nodejs
[36.633s] [ 76%] Built target geometry_msgs_generate_messages_py
[36.667s] [ 76%] Built target sensor_msgs_generate_messages_nodejs
[36.700s] [ 76%] Built target actionlib_generate_messages_cpp
[36.741s] [ 76%] Built target pcl_msgs_generate_messages_eus
[36.775s] [ 76%] Built target rosgraph_msgs_generate_messages_eus
[36.810s] [ 76%] Built target jsk_recognition_msgs_generate_messages_lisp
[36.844s] [ 76%] Built target jsk_recognition_msgs_generate_messages_eus
[36.878s] [ 76%] Built target tf2_msgs_generate_messages_cpp
[36.913s] [ 76%] Built target std_msgs_generate_messages_py
[36.948s] [ 76%] Built target autoware_msgs_generate_messages_py
[36.982s] [ 76%] Built target std_msgs_generate_messages_nodejs
[37.016s] [ 76%] Built target sensor_msgs_generate_messages_eus
[37.051s] [ 76%] Built target std_srvs_generate_messages_lisp
[37.084s] [ 76%] Built target _catkin_empty_exported_target
[37.117s] [ 76%] Built target sensor_msgs_generate_messages_cpp
[37.151s] [ 76%] Built target autoware_msgs_generate_messages_cpp
[37.184s] [ 76%] Built target rosgraph_msgs_generate_messages_cpp
[37.219s] [ 76%] Built target pcl_msgs_generate_messages_nodejs
[37.255s] [ 76%] Built target jsk_recognition_msgs_generate_messages_py
[37.290s] [ 76%] Built target std_srvs_generate_messages_cpp
[37.326s] [ 76%] Built target sensor_msgs_generate_messages_lisp
[37.360s] [ 76%] Built target sensor_msgs_generate_messages_py
[37.394s] [ 76%] Built target std_msgs_generate_messages_cpp
[37.431s] [ 76%] Built target jsk_footstep_msgs_generate_messages_py
[37.466s] [ 76%] Built target visualization_msgs_generate_messages_nodejs
[37.500s] [ 76%] Built target vector_map_msgs_generate_messages_nodejs
[37.534s] [ 76%] Built target topic_tools_generate_messages_py
[37.568s] [ 76%] Built target actionlib_msgs_generate_messages_nodejs
[37.609s] [ 76%] Built target geometry_msgs_generate_messages_eus
[37.646s] [ 76%] Built target std_msgs_generate_messages_lisp
[37.681s] [ 76%] Built target roscpp_generate_messages_nodejs
[37.716s] [ 76%] Built target geometry_msgs_generate_messages_nodejs
[37.752s] [ 76%] Built target geometry_msgs_generate_messages_lisp
[37.791s] [ 76%] Built target pcl_msgs_generate_messages_cpp
[37.824s] [ 76%] Built target topic_tools_generate_messages_lisp
[37.856s] [ 76%] Built target jsk_recognition_msgs_generate_messages_cpp
[37.889s] [ 76%] Built target autoware_msgs_generate_messages_eus
[37.925s] [ 76%] Built target autoware_msgs_generate_messages_lisp
[37.958s] [ 76%] Built target visualization_msgs_generate_messages_lisp
[37.993s] [ 76%] Built target std_msgs_generate_messages_eus
[38.026s] [ 76%] Built target vector_map_msgs_generate_messages_py
[38.059s] [ 76%] Built target autoware_msgs_generate_messages_nodejs
[38.092s] [ 76%] Built target jsk_footstep_msgs_generate_messages_eus
[38.125s] [ 76%] Built target actionlib_msgs_generate_messages_py
[38.158s] [ 76%] Built target vector_map_server_generate_messages_lisp
[38.191s] [ 76%] Built target jsk_footstep_msgs_generate_messages_lisp
[38.224s] [ 76%] Built target jsk_footstep_msgs_generate_messages_nodejs
[38.263s] [ 76%] Built target tf_generate_messages_eus
[38.298s] [ 76%] Built target jsk_footstep_msgs_generate_messages_cpp
[38.330s] [ 76%] Built target actionlib_msgs_generate_messages_cpp
[38.363s] [ 76%] Built target vector_map_msgs_generate_messages_lisp
[38.396s] [ 76%] Built target actionlib_msgs_generate_messages_lisp
[38.428s] [ 76%] Built target pcl_msgs_generate_messages_py
[38.460s] [ 76%] Built target actionlib_generate_messages_eus
[38.493s] [ 76%] Built target geometry_msgs_generate_messages_cpp
[38.533s] [ 76%] Built target actionlib_generate_messages_lisp
[38.568s] [ 76%] Built target tf_generate_messages_cpp
[38.604s] [ 76%] Built target pcl_msgs_generate_messages_lisp
[38.639s] [ 76%] Built target actionlib_generate_messages_nodejs
[38.675s] [ 76%] Built target std_srvs_generate_messages_eus
[38.712s] [ 76%] Built target jsk_recognition_msgs_generate_messages_nodejs
[38.752s] [ 76%] Built target roscpp_generate_messages_lisp
[38.787s] [ 76%] Built target roscpp_generate_messages_py
[38.820s] [ 76%] Built target rosgraph_msgs_generate_messages_lisp
[38.852s] [ 76%] Built target rosgraph_msgs_generate_messages_nodejs
[38.884s] [ 76%] Built target vector_map_server_generate_messages_py
[38.916s] [ 76%] Built target roscpp_generate_messages_eus
[38.948s] [ 76%] Built target actionlib_msgs_generate_messages_eus
[38.982s] [ 76%] Built target rosgraph_msgs_generate_messages_py
[39.016s] [ 76%] Built target tf2_msgs_generate_messages_lisp
[39.048s] [ 76%] Built target actionlib_generate_messages_py
[39.081s] [ 76%] Built target tf2_msgs_generate_messages_py
[39.113s] [ 76%] Built target tf2_msgs_generate_messages_nodejs
[39.147s] [ 76%] Built target tf2_msgs_generate_messages_eus
[39.179s] [ 76%] Built target visualization_msgs_generate_messages_cpp
[39.211s] [ 76%] Built target visualization_msgs_generate_messages_py
[39.247s] [ 76%] Built target vector_map_msgs_generate_messages_cpp
[39.281s] [ 76%] Built target vector_map_msgs_generate_messages_eus
[39.315s] [ 76%] Built target visualization_msgs_generate_messages_eus
[39.348s] [ 76%] Built target vector_map_server_generate_messages_cpp
[39.388s] [ 76%] Built target roscpp_generate_messages_cpp
[39.438s] [100%] Built target op_pose2tf
[39.471s] Install the project...
[39.483s] -- Install configuration: "Release"
[39.483s] -- Installing: /home/autoware/Autoware/install/op_utilities/lib/pkgconfig/op_utilities.pc
[39.484s] -- Installing: /home/autoware/Autoware/install/op_utilities/share/op_utilities/cmake/op_utilitiesConfig.cmake
[39.484s] -- Installing: /home/autoware/Autoware/install/op_utilities/share/op_utilities/cmake/op_utilitiesConfig-version.cmake
[39.484s] -- Installing: /home/autoware/Autoware/install/op_utilities/share/op_utilities/package.xml
[39.484s] -- Installing: /home/autoware/Autoware/install/op_utilities/lib/op_utilities/op_pose2tf
[39.485s] -- Set runtime path of "/home/autoware/Autoware/install/op_utilities/lib/op_utilities/op_pose2tf" to ""
[39.485s] -- Installing: /home/autoware/Autoware/install/op_utilities/lib/op_utilities/op_data_logger
[39.486s] -- Set runtime path of "/home/autoware/Autoware/install/op_utilities/lib/op_utilities/op_data_logger" to ""
[39.486s] -- Installing: /home/autoware/Autoware/install/op_utilities/lib/op_utilities/op_bag_player
[39.487s] -- Set runtime path of "/home/autoware/Autoware/install/op_utilities/lib/op_utilities/op_bag_player" to ""
[39.487s] -- Installing: /home/autoware/Autoware/install/op_utilities/share/op_utilities/launch
[39.488s] -- Installing: /home/autoware/Autoware/install/op_utilities/share/op_utilities/launch/op_pose2tf.launch
[39.489s] -- Installing: /home/autoware/Autoware/install/op_utilities/share/op_utilities/launch/op_map_converter.launch
[39.489s] -- Installing: /home/autoware/Autoware/install/op_utilities/share/op_utilities/launch/op_bag_player.launch
[39.489s] -- Installing: /home/autoware/Autoware/install/op_utilities/share/op_utilities/launch/op_data_logger.launch
[39.495s] Invoked command in '/home/autoware/Autoware/build/op_utilities' returned '0': CMAKE_PREFIX_PATH=/home/autoware/Autoware/install/op_ros_helpers:/home/autoware/Autoware/install/op_simu:/home/autoware/Autoware/install/op_planner:/home/autoware/Autoware/install/op_utility:/home/autoware/Autoware/install/map_file:/home/autoware/Autoware/install/vector_map_server:/home/autoware/Autoware/install/libwaypoint_follower:/home/autoware/Autoware/install/lanelet2_extension:/home/autoware/Autoware/install/vector_map:/home/autoware/Autoware/install/amathutils_lib:/home/autoware/Autoware/install/vector_map_msgs:/home/autoware/Autoware/install/autoware_msgs:/home/autoware/Autoware/install/autoware_lanelet2_msgs:/home/autoware/Autoware/install/autoware_build_flags:${CMAKE_PREFIX_PATH} LD_LIBRARY_PATH=/home/autoware/Autoware/install/op_ros_helpers/lib:/home/autoware/Autoware/install/op_simu/lib:/home/autoware/Autoware/install/op_planner/lib:/home/autoware/Autoware/install/op_utility/lib:/home/autoware/Autoware/install/map_file/lib:/home/autoware/Autoware/install/libwaypoint_follower/lib:/home/autoware/Autoware/install/lanelet2_extension/lib:/home/autoware/Autoware/install/vector_map/lib:/home/autoware/Autoware/install/amathutils_lib/lib:${LD_LIBRARY_PATH} PKG_CONFIG_PATH=/home/autoware/Autoware/install/op_ros_helpers/lib/x86_64-linux-gnu/pkgconfig:/home/autoware/Autoware/install/op_ros_helpers/lib/pkgconfig:/home/autoware/Autoware/install/op_simu/lib/x86_64-linux-gnu/pkgconfig:/home/autoware/Autoware/install/op_simu/lib/pkgconfig:/home/autoware/Autoware/install/op_planner/lib/x86_64-linux-gnu/pkgconfig:/home/autoware/Autoware/install/op_planner/lib/pkgconfig:/home/autoware/Autoware/install/op_utility/lib/x86_64-linux-gnu/pkgconfig:/home/autoware/Autoware/install/op_utility/lib/pkgconfig:/home/autoware/Autoware/install/map_file/lib/x86_64-linux-gnu/pkgconfig:/home/autoware/Autoware/install/map_file/lib/pkgconfig:/home/autoware/Autoware/install/vector_map_server/lib/x86_64-linux-gnu/pkgconfig:/home/autoware/Autoware/install/vector_map_server/lib/pkgconfig:/home/autoware/Autoware/install/libwaypoint_follower/lib/x86_64-linux-gnu/pkgconfig:/home/autoware/Autoware/install/libwaypoint_follower/lib/pkgconfig:/home/autoware/Autoware/install/lanelet2_extension/lib/x86_64-linux-gnu/pkgconfig:/home/autoware/Autoware/install/lanelet2_extension/lib/pkgconfig:/home/autoware/Autoware/install/vector_map/lib/x86_64-linux-gnu/pkgconfig:/home/autoware/Autoware/install/vector_map/lib/pkgconfig:/home/autoware/Autoware/install/amathutils_lib/lib/x86_64-linux-gnu/pkgconfig:/home/autoware/Autoware/install/amathutils_lib/lib/pkgconfig:/home/autoware/Autoware/install/vector_map_msgs/lib/x86_64-linux-gnu/pkgconfig:/home/autoware/Autoware/install/vector_map_msgs/lib/pkgconfig:/home/autoware/Autoware/install/autoware_msgs/lib/x86_64-linux-gnu/pkgconfig:/home/autoware/Autoware/install/autoware_msgs/lib/pkgconfig:/home/autoware/Autoware/install/autoware_lanelet2_msgs/lib/x86_64-linux-gnu/pkgconfig:/home/autoware/Autoware/install/autoware_lanelet2_msgs/lib/pkgconfig:/home/autoware/Autoware/install/autoware_build_flags/lib/x86_64-linux-gnu/pkgconfig:/home/autoware/Autoware/install/autoware_build_flags/lib/pkgconfig:${PKG_CONFIG_PATH} PYTHONPATH=/home/autoware/Autoware/install/vector_map_server/lib/python2.7/dist-packages:/home/autoware/Autoware/install/vector_map_msgs/lib/python2.7/dist-packages:/home/autoware/Autoware/install/autoware_msgs/lib/python2.7/dist-packages:/home/autoware/Autoware/install/autoware_lanelet2_msgs/lib/python2.7/dist-packages:${PYTHONPATH} ROS_PACKAGE_PATH=/home/autoware/Autoware/install/op_ros_helpers/share:/home/autoware/Autoware/install/op_simu/share:/home/autoware/Autoware/install/op_planner/share:/home/autoware/Autoware/install/op_utility/share:/home/autoware/Autoware/install/map_file/share:/home/autoware/Autoware/install/vector_map_server/share:/home/autoware/Autoware/install/libwaypoint_follower/share:/home/autoware/Autoware/install/lanelet2_extension/share:/home/autoware/Autoware/install/vector_map/share:/home/autoware/Autoware/install/amathutils_lib/share:/home/autoware/Autoware/install/vector_map_msgs/share:/home/autoware/Autoware/install/autoware_msgs/share:/home/autoware/Autoware/install/autoware_lanelet2_msgs/share:/home/autoware/Autoware/install/autoware_build_flags/share:${ROS_PACKAGE_PATH} /usr/bin/cmake --build /home/autoware/Autoware/build/op_utilities --target install -- -j2 -l2
