[0.014s] Invoking command in '/home/autoware/Autoware/build/autoware_pointgrey_drivers': CMAKE_PREFIX_PATH=/home/autoware/Autoware/install/autoware_build_flags:${CMAKE_PREFIX_PATH} PKG_CONFIG_PATH=/home/autoware/Autoware/install/autoware_build_flags/lib/x86_64-linux-gnu/pkgconfig:/home/autoware/Autoware/install/autoware_build_flags/lib/pkgconfig:${PKG_CONFIG_PATH} ROS_PACKAGE_PATH=/home/autoware/Autoware/install/autoware_build_flags/share:${ROS_PACKAGE_PATH} /usr/bin/cmake /home/autoware/Autoware/src/drivers/awf_drivers/pointgrey -DCMAKE_BUILD_TYPE=Release -DCATKIN_INSTALL_INTO_PREFIX_ROOT=0 -DCMAKE_INSTALL_PREFIX=/home/autoware/Autoware/install/autoware_pointgrey_drivers
[0.096s] -- The C compiler identification is GNU 7.5.0
[0.193s] -- The CXX compiler identification is GNU 7.5.0
[0.193s] -- Check for working C compiler: /usr/bin/cc
[0.269s] -- Check for working C compiler: /usr/bin/cc -- works
[0.269s] -- Detecting C compiler ABI info
[0.342s] -- Detecting C compiler ABI info - done
[0.351s] -- Detecting C compile features
[0.602s] -- Detecting C compile features - done
[0.602s] -- Check for working CXX compiler: /usr/bin/c++
[0.703s] -- Check for working CXX compiler: /usr/bin/c++ -- works
[0.703s] -- Detecting CXX compiler ABI info
[0.792s] -- Detecting CXX compiler ABI info - done
[0.801s] -- Detecting CXX compile features
[1.252s] -- Detecting CXX compile features - done
[1.255s] -- CUDA compilation status: ON.
[1.257s] -- Using CATKIN_DEVEL_PREFIX: /home/autoware/Autoware/build/autoware_pointgrey_drivers/devel
[1.257s] -- Using CMAKE_PREFIX_PATH: /home/autoware/Autoware/install/autoware_build_flags;/opt/ros/melodic
[1.258s] -- This workspace overlays: /home/autoware/Autoware/install/autoware_build_flags;/opt/ros/melodic
[1.274s] -- Found PythonInterp: /usr/bin/python2 (found suitable version "2.7.17", minimum required is "2") 
[1.274s] -- Using PYTHON_EXECUTABLE: /usr/bin/python2
[1.274s] -- Using Debian Python package layout
[1.274s] -- Using empy: /usr/bin/empy
[1.431s] -- Using CATKIN_ENABLE_TESTING: ON
[1.431s] -- Call enable_testing()
[1.436s] -- Using CATKIN_TEST_RESULTS_DIR: /home/autoware/Autoware/build/autoware_pointgrey_drivers/test_results
[1.463s] -- Found gtest sources under '/usr/src/googletest': gtests will be built
[1.463s] -- Found gmock sources under '/usr/src/googletest': gmock will be built
[1.482s] -- Found PythonInterp: /usr/bin/python2 (found version "2.7.17") 
[1.482s] -- Looking for pthread.h
[1.566s] -- Looking for pthread.h - found
[1.566s] -- Looking for pthread_create
[1.646s] -- Looking for pthread_create - not found
[1.646s] -- Looking for pthread_create in pthreads
[1.726s] -- Looking for pthread_create in pthreads - not found
[1.726s] -- Looking for pthread_create in pthread
[1.805s] -- Looking for pthread_create in pthread - found
[1.806s] -- Found Threads: TRUE  
[1.810s] -- Using Python nosetests: /usr/bin/nosetests-2.7
[1.855s] -- catkin 0.7.26
[1.855s] -- BUILD_SHARED_LIBS is on
[2.114s] -- Using these message generators: gencpp;geneus;genlisp;gennodejs;genpy
[2.280s] -- Found OpenCV: /usr (found version "3.2.0") 
[2.418s] 'FlyCapture SDK' is not installed. 'grasshopper3_camera' will not be built.
[2.418s] 'SDK for Ladybug' is not installed. 'ladybug_camera' will not be built.
[2.419s] 'SDK for Spinnaker' is not installed. 'spinnaker_camera' will not be built.
[2.419s] -- Configuring done
[2.441s] -- Generating done
[2.448s] -- Build files have been written to: /home/autoware/Autoware/build/autoware_pointgrey_drivers
[2.459s] Invoked command in '/home/autoware/Autoware/build/autoware_pointgrey_drivers' returned '0': CMAKE_PREFIX_PATH=/home/autoware/Autoware/install/autoware_build_flags:${CMAKE_PREFIX_PATH} PKG_CONFIG_PATH=/home/autoware/Autoware/install/autoware_build_flags/lib/x86_64-linux-gnu/pkgconfig:/home/autoware/Autoware/install/autoware_build_flags/lib/pkgconfig:${PKG_CONFIG_PATH} ROS_PACKAGE_PATH=/home/autoware/Autoware/install/autoware_build_flags/share:${ROS_PACKAGE_PATH} /usr/bin/cmake /home/autoware/Autoware/src/drivers/awf_drivers/pointgrey -DCMAKE_BUILD_TYPE=Release -DCATKIN_INSTALL_INTO_PREFIX_ROOT=0 -DCMAKE_INSTALL_PREFIX=/home/autoware/Autoware/install/autoware_pointgrey_drivers
[2.461s] Invoking command in '/home/autoware/Autoware/build/autoware_pointgrey_drivers': CMAKE_PREFIX_PATH=/home/autoware/Autoware/install/autoware_build_flags:${CMAKE_PREFIX_PATH} PKG_CONFIG_PATH=/home/autoware/Autoware/install/autoware_build_flags/lib/x86_64-linux-gnu/pkgconfig:/home/autoware/Autoware/install/autoware_build_flags/lib/pkgconfig:${PKG_CONFIG_PATH} ROS_PACKAGE_PATH=/home/autoware/Autoware/install/autoware_build_flags/share:${ROS_PACKAGE_PATH} /usr/bin/cmake --build /home/autoware/Autoware/build/autoware_pointgrey_drivers -- -j2 -l2
[2.530s] Invoked command in '/home/autoware/Autoware/build/autoware_pointgrey_drivers' returned '0': CMAKE_PREFIX_PATH=/home/autoware/Autoware/install/autoware_build_flags:${CMAKE_PREFIX_PATH} PKG_CONFIG_PATH=/home/autoware/Autoware/install/autoware_build_flags/lib/x86_64-linux-gnu/pkgconfig:/home/autoware/Autoware/install/autoware_build_flags/lib/pkgconfig:${PKG_CONFIG_PATH} ROS_PACKAGE_PATH=/home/autoware/Autoware/install/autoware_build_flags/share:${ROS_PACKAGE_PATH} /usr/bin/cmake --build /home/autoware/Autoware/build/autoware_pointgrey_drivers -- -j2 -l2
[2.603s] Invoking command in '/home/autoware/Autoware/build/autoware_pointgrey_drivers': CMAKE_PREFIX_PATH=/home/autoware/Autoware/install/autoware_build_flags:${CMAKE_PREFIX_PATH} PKG_CONFIG_PATH=/home/autoware/Autoware/install/autoware_build_flags/lib/x86_64-linux-gnu/pkgconfig:/home/autoware/Autoware/install/autoware_build_flags/lib/pkgconfig:${PKG_CONFIG_PATH} ROS_PACKAGE_PATH=/home/autoware/Autoware/install/autoware_build_flags/share:${ROS_PACKAGE_PATH} /usr/bin/cmake --build /home/autoware/Autoware/build/autoware_pointgrey_drivers --target tests -- -j2 -l2
[2.667s] Scanning dependencies of target tests
[2.679s] Built target tests
[2.695s] Invoked command in '/home/autoware/Autoware/build/autoware_pointgrey_drivers' returned '0': CMAKE_PREFIX_PATH=/home/autoware/Autoware/install/autoware_build_flags:${CMAKE_PREFIX_PATH} PKG_CONFIG_PATH=/home/autoware/Autoware/install/autoware_build_flags/lib/x86_64-linux-gnu/pkgconfig:/home/autoware/Autoware/install/autoware_build_flags/lib/pkgconfig:${PKG_CONFIG_PATH} ROS_PACKAGE_PATH=/home/autoware/Autoware/install/autoware_build_flags/share:${ROS_PACKAGE_PATH} /usr/bin/cmake --build /home/autoware/Autoware/build/autoware_pointgrey_drivers --target tests -- -j2 -l2
[2.772s] Invoking command in '/home/autoware/Autoware/build/autoware_pointgrey_drivers': CMAKE_PREFIX_PATH=/home/autoware/Autoware/install/autoware_build_flags:${CMAKE_PREFIX_PATH} PKG_CONFIG_PATH=/home/autoware/Autoware/install/autoware_build_flags/lib/x86_64-linux-gnu/pkgconfig:/home/autoware/Autoware/install/autoware_build_flags/lib/pkgconfig:${PKG_CONFIG_PATH} ROS_PACKAGE_PATH=/home/autoware/Autoware/install/autoware_build_flags/share:${ROS_PACKAGE_PATH} /usr/bin/cmake --build /home/autoware/Autoware/build/autoware_pointgrey_drivers --target install -- -j2 -l2
[2.834s] Install the project...
[2.842s] -- Install configuration: "Release"
[2.843s] -- Installing: /home/autoware/Autoware/install/autoware_pointgrey_drivers/lib/pkgconfig/autoware_pointgrey_drivers.pc
[2.843s] -- Installing: /home/autoware/Autoware/install/autoware_pointgrey_drivers/share/autoware_pointgrey_drivers/cmake/autoware_pointgrey_driversConfig.cmake
[2.844s] -- Installing: /home/autoware/Autoware/install/autoware_pointgrey_drivers/share/autoware_pointgrey_drivers/cmake/autoware_pointgrey_driversConfig-version.cmake
[2.844s] -- Installing: /home/autoware/Autoware/install/autoware_pointgrey_drivers/share/autoware_pointgrey_drivers/package.xml
[2.850s] Invoked command in '/home/autoware/Autoware/build/autoware_pointgrey_drivers' returned '0': CMAKE_PREFIX_PATH=/home/autoware/Autoware/install/autoware_build_flags:${CMAKE_PREFIX_PATH} PKG_CONFIG_PATH=/home/autoware/Autoware/install/autoware_build_flags/lib/x86_64-linux-gnu/pkgconfig:/home/autoware/Autoware/install/autoware_build_flags/lib/pkgconfig:${PKG_CONFIG_PATH} ROS_PACKAGE_PATH=/home/autoware/Autoware/install/autoware_build_flags/share:${ROS_PACKAGE_PATH} /usr/bin/cmake --build /home/autoware/Autoware/build/autoware_pointgrey_drivers --target install -- -j2 -l2
