[0.024s] Invoking command in '/home/autoware/Autoware/build/op_planner': CMAKE_PREFIX_PATH=/home/autoware/Autoware/install/op_utility:/home/autoware/Autoware/install/vector_map_server:/home/autoware/Autoware/install/vector_map:/home/autoware/Autoware/install/vector_map_msgs:/home/autoware/Autoware/install/autoware_msgs:/home/autoware/Autoware/install/autoware_build_flags:${CMAKE_PREFIX_PATH} LD_LIBRARY_PATH=/home/autoware/Autoware/install/op_utility/lib:/home/autoware/Autoware/install/vector_map/lib:${LD_LIBRARY_PATH} PKG_CONFIG_PATH=/home/autoware/Autoware/install/op_utility/lib/x86_64-linux-gnu/pkgconfig:/home/autoware/Autoware/install/op_utility/lib/pkgconfig:/home/autoware/Autoware/install/vector_map_server/lib/x86_64-linux-gnu/pkgconfig:/home/autoware/Autoware/install/vector_map_server/lib/pkgconfig:/home/autoware/Autoware/install/vector_map/lib/x86_64-linux-gnu/pkgconfig:/home/autoware/Autoware/install/vector_map/lib/pkgconfig:/home/autoware/Autoware/install/vector_map_msgs/lib/x86_64-linux-gnu/pkgconfig:/home/autoware/Autoware/install/vector_map_msgs/lib/pkgconfig:/home/autoware/Autoware/install/autoware_msgs/lib/x86_64-linux-gnu/pkgconfig:/home/autoware/Autoware/install/autoware_msgs/lib/pkgconfig:/home/autoware/Autoware/install/autoware_build_flags/lib/x86_64-linux-gnu/pkgconfig:/home/autoware/Autoware/install/autoware_build_flags/lib/pkgconfig:${PKG_CONFIG_PATH} PYTHONPATH=/home/autoware/Autoware/install/vector_map_server/lib/python2.7/dist-packages:/home/autoware/Autoware/install/vector_map_msgs/lib/python2.7/dist-packages:/home/autoware/Autoware/install/autoware_msgs/lib/python2.7/dist-packages:${PYTHONPATH} ROS_PACKAGE_PATH=/home/autoware/Autoware/install/op_utility/share:/home/autoware/Autoware/install/vector_map_server/share:/home/autoware/Autoware/install/vector_map/share:/home/autoware/Autoware/install/vector_map_msgs/share:/home/autoware/Autoware/install/autoware_msgs/share:/home/autoware/Autoware/install/autoware_build_flags/share:${ROS_PACKAGE_PATH} /usr/bin/cmake /home/autoware/Autoware/src/autoware/common/op_planner -DCMAKE_BUILD_TYPE=Release -DCATKIN_INSTALL_INTO_PREFIX_ROOT=0 -DCMAKE_INSTALL_PREFIX=/home/autoware/Autoware/install/op_planner
[0.115s] -- The C compiler identification is GNU 7.5.0
[0.193s] -- The CXX compiler identification is GNU 7.5.0
[0.199s] -- Check for working C compiler: /usr/bin/cc
[0.289s] -- Check for working C compiler: /usr/bin/cc -- works
[0.289s] -- Detecting C compiler ABI info
[0.383s] -- Detecting C compiler ABI info - done
[0.393s] -- Detecting C compile features
[0.666s] -- Detecting C compile features - done
[0.667s] -- Check for working CXX compiler: /usr/bin/c++
[0.766s] -- Check for working CXX compiler: /usr/bin/c++ -- works
[0.766s] -- Detecting CXX compiler ABI info
[0.869s] -- Detecting CXX compiler ABI info - done
[0.875s] -- Detecting CXX compile features
[1.331s] -- Detecting CXX compile features - done
[1.334s] -- CUDA compilation status: ON.
[1.337s] -- Using CATKIN_DEVEL_PREFIX: /home/autoware/Autoware/build/op_planner/devel
[1.337s] -- Using CMAKE_PREFIX_PATH: /home/autoware/Autoware/install/op_utility;/home/autoware/Autoware/install/vector_map_server;/home/autoware/Autoware/install/vector_map;/home/autoware/Autoware/install/vector_map_msgs;/home/autoware/Autoware/install/autoware_msgs;/home/autoware/Autoware/install/autoware_build_flags;/opt/ros/melodic
[1.338s] -- This workspace overlays: /home/autoware/Autoware/install/op_utility;/home/autoware/Autoware/install/vector_map_server;/home/autoware/Autoware/install/vector_map;/home/autoware/Autoware/install/vector_map_msgs;/home/autoware/Autoware/install/autoware_msgs;/home/autoware/Autoware/install/autoware_build_flags;/opt/ros/melodic
[1.358s] -- Found PythonInterp: /usr/bin/python2 (found suitable version "2.7.17", minimum required is "2") 
[1.358s] -- Using PYTHON_EXECUTABLE: /usr/bin/python2
[1.358s] -- Using Debian Python package layout
[1.359s] -- Using empy: /usr/bin/empy
[1.536s] -- Using CATKIN_ENABLE_TESTING: ON
[1.536s] -- Call enable_testing()
[1.546s] -- Using CATKIN_TEST_RESULTS_DIR: /home/autoware/Autoware/build/op_planner/test_results
[1.568s] -- Found gtest sources under '/usr/src/googletest': gtests will be built
[1.569s] -- Found gmock sources under '/usr/src/googletest': gmock will be built
[1.590s] -- Found PythonInterp: /usr/bin/python2 (found version "2.7.17") 
[1.590s] -- Looking for pthread.h
[1.678s] -- Looking for pthread.h - found
[1.678s] -- Looking for pthread_create
[1.770s] -- Looking for pthread_create - not found
[1.770s] -- Looking for pthread_create in pthreads
[1.850s] -- Looking for pthread_create in pthreads - not found
[1.850s] -- Looking for pthread_create in pthread
[1.942s] -- Looking for pthread_create in pthread - found
[1.942s] -- Found Threads: TRUE  
[1.948s] -- Using Python nosetests: /usr/bin/nosetests-2.7
[1.999s] -- catkin 0.7.26
[1.999s] -- BUILD_SHARED_LIBS is on
[2.224s] -- Using these message generators: gencpp;geneus;genlisp;gennodejs;genpy
[2.464s] -- Found TinyXML: /usr/lib/x86_64-linux-gnu/libtinyxml.so  
[2.635s] -- Configuring done
[2.686s] -- Generating done
[2.698s] -- Build files have been written to: /home/autoware/Autoware/build/op_planner
[2.706s] Invoked command in '/home/autoware/Autoware/build/op_planner' returned '0': CMAKE_PREFIX_PATH=/home/autoware/Autoware/install/op_utility:/home/autoware/Autoware/install/vector_map_server:/home/autoware/Autoware/install/vector_map:/home/autoware/Autoware/install/vector_map_msgs:/home/autoware/Autoware/install/autoware_msgs:/home/autoware/Autoware/install/autoware_build_flags:${CMAKE_PREFIX_PATH} LD_LIBRARY_PATH=/home/autoware/Autoware/install/op_utility/lib:/home/autoware/Autoware/install/vector_map/lib:${LD_LIBRARY_PATH} PKG_CONFIG_PATH=/home/autoware/Autoware/install/op_utility/lib/x86_64-linux-gnu/pkgconfig:/home/autoware/Autoware/install/op_utility/lib/pkgconfig:/home/autoware/Autoware/install/vector_map_server/lib/x86_64-linux-gnu/pkgconfig:/home/autoware/Autoware/install/vector_map_server/lib/pkgconfig:/home/autoware/Autoware/install/vector_map/lib/x86_64-linux-gnu/pkgconfig:/home/autoware/Autoware/install/vector_map/lib/pkgconfig:/home/autoware/Autoware/install/vector_map_msgs/lib/x86_64-linux-gnu/pkgconfig:/home/autoware/Autoware/install/vector_map_msgs/lib/pkgconfig:/home/autoware/Autoware/install/autoware_msgs/lib/x86_64-linux-gnu/pkgconfig:/home/autoware/Autoware/install/autoware_msgs/lib/pkgconfig:/home/autoware/Autoware/install/autoware_build_flags/lib/x86_64-linux-gnu/pkgconfig:/home/autoware/Autoware/install/autoware_build_flags/lib/pkgconfig:${PKG_CONFIG_PATH} PYTHONPATH=/home/autoware/Autoware/install/vector_map_server/lib/python2.7/dist-packages:/home/autoware/Autoware/install/vector_map_msgs/lib/python2.7/dist-packages:/home/autoware/Autoware/install/autoware_msgs/lib/python2.7/dist-packages:${PYTHONPATH} ROS_PACKAGE_PATH=/home/autoware/Autoware/install/op_utility/share:/home/autoware/Autoware/install/vector_map_server/share:/home/autoware/Autoware/install/vector_map/share:/home/autoware/Autoware/install/vector_map_msgs/share:/home/autoware/Autoware/install/autoware_msgs/share:/home/autoware/Autoware/install/autoware_build_flags/share:${ROS_PACKAGE_PATH} /usr/bin/cmake /home/autoware/Autoware/src/autoware/common/op_planner -DCMAKE_BUILD_TYPE=Release -DCATKIN_INSTALL_INTO_PREFIX_ROOT=0 -DCMAKE_INSTALL_PREFIX=/home/autoware/Autoware/install/op_planner
[2.707s] Invoking command in '/home/autoware/Autoware/build/op_planner': CMAKE_PREFIX_PATH=/home/autoware/Autoware/install/op_utility:/home/autoware/Autoware/install/vector_map_server:/home/autoware/Autoware/install/vector_map:/home/autoware/Autoware/install/vector_map_msgs:/home/autoware/Autoware/install/autoware_msgs:/home/autoware/Autoware/install/autoware_build_flags:${CMAKE_PREFIX_PATH} LD_LIBRARY_PATH=/home/autoware/Autoware/install/op_utility/lib:/home/autoware/Autoware/install/vector_map/lib:${LD_LIBRARY_PATH} PKG_CONFIG_PATH=/home/autoware/Autoware/install/op_utility/lib/x86_64-linux-gnu/pkgconfig:/home/autoware/Autoware/install/op_utility/lib/pkgconfig:/home/autoware/Autoware/install/vector_map_server/lib/x86_64-linux-gnu/pkgconfig:/home/autoware/Autoware/install/vector_map_server/lib/pkgconfig:/home/autoware/Autoware/install/vector_map/lib/x86_64-linux-gnu/pkgconfig:/home/autoware/Autoware/install/vector_map/lib/pkgconfig:/home/autoware/Autoware/install/vector_map_msgs/lib/x86_64-linux-gnu/pkgconfig:/home/autoware/Autoware/install/vector_map_msgs/lib/pkgconfig:/home/autoware/Autoware/install/autoware_msgs/lib/x86_64-linux-gnu/pkgconfig:/home/autoware/Autoware/install/autoware_msgs/lib/pkgconfig:/home/autoware/Autoware/install/autoware_build_flags/lib/x86_64-linux-gnu/pkgconfig:/home/autoware/Autoware/install/autoware_build_flags/lib/pkgconfig:${PKG_CONFIG_PATH} PYTHONPATH=/home/autoware/Autoware/install/vector_map_server/lib/python2.7/dist-packages:/home/autoware/Autoware/install/vector_map_msgs/lib/python2.7/dist-packages:/home/autoware/Autoware/install/autoware_msgs/lib/python2.7/dist-packages:${PYTHONPATH} ROS_PACKAGE_PATH=/home/autoware/Autoware/install/op_utility/share:/home/autoware/Autoware/install/vector_map_server/share:/home/autoware/Autoware/install/vector_map/share:/home/autoware/Autoware/install/vector_map_msgs/share:/home/autoware/Autoware/install/autoware_msgs/share:/home/autoware/Autoware/install/autoware_build_flags/share:${ROS_PACKAGE_PATH} /usr/bin/cmake --build /home/autoware/Autoware/build/op_planner -- -j2 -l2
[2.806s] Scanning dependencies of target op_planner
[2.829s] [  7%] Building CXX object CMakeFiles/op_planner.dir/src/BehaviorPrediction.cpp.o
[7.635s] [ 15%] Building CXX object CMakeFiles/op_planner.dir/src/BehaviorStateMachine.cpp.o
[8.411s] [ 23%] Building CXX object CMakeFiles/op_planner.dir/src/DecisionMaker.cpp.o
[10.686s] [ 30%] Building CXX object CMakeFiles/op_planner.dir/src/LocalPlannerH.cpp.o
[13.810s] [ 38%] Building CXX object CMakeFiles/op_planner.dir/src/MappingHelpers.cpp.o
[20.360s] [ 46%] Building CXX object CMakeFiles/op_planner.dir/src/MatrixOperations.cpp.o
[20.748s] [ 53%] Building CXX object CMakeFiles/op_planner.dir/src/PassiveDecisionMaker.cpp.o
[22.089s] [ 61%] Building CXX object CMakeFiles/op_planner.dir/src/PlannerH.cpp.o
[25.450s] [ 69%] Building CXX object CMakeFiles/op_planner.dir/src/PlanningHelpers.cpp.o
[29.540s] [ 76%] Building CXX object CMakeFiles/op_planner.dir/src/SimuDecisionMaker.cpp.o
[31.387s] [ 84%] Building CXX object CMakeFiles/op_planner.dir/src/TrajectoryCosts.cpp.o
[33.268s] [ 92%] Building CXX object CMakeFiles/op_planner.dir/src/TrajectoryDynamicCosts.cpp.o
[35.883s] [100%] Linking CXX shared library devel/lib/libop_planner.so
[36.008s] [100%] Built target op_planner
[36.028s] Invoked command in '/home/autoware/Autoware/build/op_planner' returned '0': CMAKE_PREFIX_PATH=/home/autoware/Autoware/install/op_utility:/home/autoware/Autoware/install/vector_map_server:/home/autoware/Autoware/install/vector_map:/home/autoware/Autoware/install/vector_map_msgs:/home/autoware/Autoware/install/autoware_msgs:/home/autoware/Autoware/install/autoware_build_flags:${CMAKE_PREFIX_PATH} LD_LIBRARY_PATH=/home/autoware/Autoware/install/op_utility/lib:/home/autoware/Autoware/install/vector_map/lib:${LD_LIBRARY_PATH} PKG_CONFIG_PATH=/home/autoware/Autoware/install/op_utility/lib/x86_64-linux-gnu/pkgconfig:/home/autoware/Autoware/install/op_utility/lib/pkgconfig:/home/autoware/Autoware/install/vector_map_server/lib/x86_64-linux-gnu/pkgconfig:/home/autoware/Autoware/install/vector_map_server/lib/pkgconfig:/home/autoware/Autoware/install/vector_map/lib/x86_64-linux-gnu/pkgconfig:/home/autoware/Autoware/install/vector_map/lib/pkgconfig:/home/autoware/Autoware/install/vector_map_msgs/lib/x86_64-linux-gnu/pkgconfig:/home/autoware/Autoware/install/vector_map_msgs/lib/pkgconfig:/home/autoware/Autoware/install/autoware_msgs/lib/x86_64-linux-gnu/pkgconfig:/home/autoware/Autoware/install/autoware_msgs/lib/pkgconfig:/home/autoware/Autoware/install/autoware_build_flags/lib/x86_64-linux-gnu/pkgconfig:/home/autoware/Autoware/install/autoware_build_flags/lib/pkgconfig:${PKG_CONFIG_PATH} PYTHONPATH=/home/autoware/Autoware/install/vector_map_server/lib/python2.7/dist-packages:/home/autoware/Autoware/install/vector_map_msgs/lib/python2.7/dist-packages:/home/autoware/Autoware/install/autoware_msgs/lib/python2.7/dist-packages:${PYTHONPATH} ROS_PACKAGE_PATH=/home/autoware/Autoware/install/op_utility/share:/home/autoware/Autoware/install/vector_map_server/share:/home/autoware/Autoware/install/vector_map/share:/home/autoware/Autoware/install/vector_map_msgs/share:/home/autoware/Autoware/install/autoware_msgs/share:/home/autoware/Autoware/install/autoware_build_flags/share:${ROS_PACKAGE_PATH} /usr/bin/cmake --build /home/autoware/Autoware/build/op_planner -- -j2 -l2
[36.190s] Invoking command in '/home/autoware/Autoware/build/op_planner': CMAKE_PREFIX_PATH=/home/autoware/Autoware/install/op_utility:/home/autoware/Autoware/install/vector_map_server:/home/autoware/Autoware/install/vector_map:/home/autoware/Autoware/install/vector_map_msgs:/home/autoware/Autoware/install/autoware_msgs:/home/autoware/Autoware/install/autoware_build_flags:${CMAKE_PREFIX_PATH} LD_LIBRARY_PATH=/home/autoware/Autoware/install/op_utility/lib:/home/autoware/Autoware/install/vector_map/lib:${LD_LIBRARY_PATH} PKG_CONFIG_PATH=/home/autoware/Autoware/install/op_utility/lib/x86_64-linux-gnu/pkgconfig:/home/autoware/Autoware/install/op_utility/lib/pkgconfig:/home/autoware/Autoware/install/vector_map_server/lib/x86_64-linux-gnu/pkgconfig:/home/autoware/Autoware/install/vector_map_server/lib/pkgconfig:/home/autoware/Autoware/install/vector_map/lib/x86_64-linux-gnu/pkgconfig:/home/autoware/Autoware/install/vector_map/lib/pkgconfig:/home/autoware/Autoware/install/vector_map_msgs/lib/x86_64-linux-gnu/pkgconfig:/home/autoware/Autoware/install/vector_map_msgs/lib/pkgconfig:/home/autoware/Autoware/install/autoware_msgs/lib/x86_64-linux-gnu/pkgconfig:/home/autoware/Autoware/install/autoware_msgs/lib/pkgconfig:/home/autoware/Autoware/install/autoware_build_flags/lib/x86_64-linux-gnu/pkgconfig:/home/autoware/Autoware/install/autoware_build_flags/lib/pkgconfig:${PKG_CONFIG_PATH} PYTHONPATH=/home/autoware/Autoware/install/vector_map_server/lib/python2.7/dist-packages:/home/autoware/Autoware/install/vector_map_msgs/lib/python2.7/dist-packages:/home/autoware/Autoware/install/autoware_msgs/lib/python2.7/dist-packages:${PYTHONPATH} ROS_PACKAGE_PATH=/home/autoware/Autoware/install/op_utility/share:/home/autoware/Autoware/install/vector_map_server/share:/home/autoware/Autoware/install/vector_map/share:/home/autoware/Autoware/install/vector_map_msgs/share:/home/autoware/Autoware/install/autoware_msgs/share:/home/autoware/Autoware/install/autoware_build_flags/share:${ROS_PACKAGE_PATH} /usr/bin/cmake --build /home/autoware/Autoware/build/op_planner --target tests -- -j2 -l2
[36.273s] Scanning dependencies of target tests
[36.286s] Built target tests
[36.308s] Invoked command in '/home/autoware/Autoware/build/op_planner' returned '0': CMAKE_PREFIX_PATH=/home/autoware/Autoware/install/op_utility:/home/autoware/Autoware/install/vector_map_server:/home/autoware/Autoware/install/vector_map:/home/autoware/Autoware/install/vector_map_msgs:/home/autoware/Autoware/install/autoware_msgs:/home/autoware/Autoware/install/autoware_build_flags:${CMAKE_PREFIX_PATH} LD_LIBRARY_PATH=/home/autoware/Autoware/install/op_utility/lib:/home/autoware/Autoware/install/vector_map/lib:${LD_LIBRARY_PATH} PKG_CONFIG_PATH=/home/autoware/Autoware/install/op_utility/lib/x86_64-linux-gnu/pkgconfig:/home/autoware/Autoware/install/op_utility/lib/pkgconfig:/home/autoware/Autoware/install/vector_map_server/lib/x86_64-linux-gnu/pkgconfig:/home/autoware/Autoware/install/vector_map_server/lib/pkgconfig:/home/autoware/Autoware/install/vector_map/lib/x86_64-linux-gnu/pkgconfig:/home/autoware/Autoware/install/vector_map/lib/pkgconfig:/home/autoware/Autoware/install/vector_map_msgs/lib/x86_64-linux-gnu/pkgconfig:/home/autoware/Autoware/install/vector_map_msgs/lib/pkgconfig:/home/autoware/Autoware/install/autoware_msgs/lib/x86_64-linux-gnu/pkgconfig:/home/autoware/Autoware/install/autoware_msgs/lib/pkgconfig:/home/autoware/Autoware/install/autoware_build_flags/lib/x86_64-linux-gnu/pkgconfig:/home/autoware/Autoware/install/autoware_build_flags/lib/pkgconfig:${PKG_CONFIG_PATH} PYTHONPATH=/home/autoware/Autoware/install/vector_map_server/lib/python2.7/dist-packages:/home/autoware/Autoware/install/vector_map_msgs/lib/python2.7/dist-packages:/home/autoware/Autoware/install/autoware_msgs/lib/python2.7/dist-packages:${PYTHONPATH} ROS_PACKAGE_PATH=/home/autoware/Autoware/install/op_utility/share:/home/autoware/Autoware/install/vector_map_server/share:/home/autoware/Autoware/install/vector_map/share:/home/autoware/Autoware/install/vector_map_msgs/share:/home/autoware/Autoware/install/autoware_msgs/share:/home/autoware/Autoware/install/autoware_build_flags/share:${ROS_PACKAGE_PATH} /usr/bin/cmake --build /home/autoware/Autoware/build/op_planner --target tests -- -j2 -l2
[36.468s] Invoking command in '/home/autoware/Autoware/build/op_planner': CMAKE_PREFIX_PATH=/home/autoware/Autoware/install/op_utility:/home/autoware/Autoware/install/vector_map_server:/home/autoware/Autoware/install/vector_map:/home/autoware/Autoware/install/vector_map_msgs:/home/autoware/Autoware/install/autoware_msgs:/home/autoware/Autoware/install/autoware_build_flags:${CMAKE_PREFIX_PATH} LD_LIBRARY_PATH=/home/autoware/Autoware/install/op_utility/lib:/home/autoware/Autoware/install/vector_map/lib:${LD_LIBRARY_PATH} PKG_CONFIG_PATH=/home/autoware/Autoware/install/op_utility/lib/x86_64-linux-gnu/pkgconfig:/home/autoware/Autoware/install/op_utility/lib/pkgconfig:/home/autoware/Autoware/install/vector_map_server/lib/x86_64-linux-gnu/pkgconfig:/home/autoware/Autoware/install/vector_map_server/lib/pkgconfig:/home/autoware/Autoware/install/vector_map/lib/x86_64-linux-gnu/pkgconfig:/home/autoware/Autoware/install/vector_map/lib/pkgconfig:/home/autoware/Autoware/install/vector_map_msgs/lib/x86_64-linux-gnu/pkgconfig:/home/autoware/Autoware/install/vector_map_msgs/lib/pkgconfig:/home/autoware/Autoware/install/autoware_msgs/lib/x86_64-linux-gnu/pkgconfig:/home/autoware/Autoware/install/autoware_msgs/lib/pkgconfig:/home/autoware/Autoware/install/autoware_build_flags/lib/x86_64-linux-gnu/pkgconfig:/home/autoware/Autoware/install/autoware_build_flags/lib/pkgconfig:${PKG_CONFIG_PATH} PYTHONPATH=/home/autoware/Autoware/install/vector_map_server/lib/python2.7/dist-packages:/home/autoware/Autoware/install/vector_map_msgs/lib/python2.7/dist-packages:/home/autoware/Autoware/install/autoware_msgs/lib/python2.7/dist-packages:${PYTHONPATH} ROS_PACKAGE_PATH=/home/autoware/Autoware/install/op_utility/share:/home/autoware/Autoware/install/vector_map_server/share:/home/autoware/Autoware/install/vector_map/share:/home/autoware/Autoware/install/vector_map_msgs/share:/home/autoware/Autoware/install/autoware_msgs/share:/home/autoware/Autoware/install/autoware_build_flags/share:${ROS_PACKAGE_PATH} /usr/bin/cmake --build /home/autoware/Autoware/build/op_planner --target install -- -j2 -l2
[36.575s] [100%] Built target op_planner
[36.605s] Install the project...
[36.621s] -- Install configuration: "Release"
[36.623s] -- Installing: /home/autoware/Autoware/install/op_planner/lib/pkgconfig/op_planner.pc
[36.624s] -- Installing: /home/autoware/Autoware/install/op_planner/share/op_planner/cmake/op_plannerConfig.cmake
[36.625s] -- Installing: /home/autoware/Autoware/install/op_planner/share/op_planner/cmake/op_plannerConfig-version.cmake
[36.625s] -- Installing: /home/autoware/Autoware/install/op_planner/share/op_planner/package.xml
[36.626s] -- Installing: /home/autoware/Autoware/install/op_planner/include/op_planner
[36.626s] -- Installing: /home/autoware/Autoware/install/op_planner/include/op_planner/PlanningHelpers.h
[36.627s] -- Installing: /home/autoware/Autoware/install/op_planner/include/op_planner/BehaviorPrediction.h
[36.627s] -- Installing: /home/autoware/Autoware/install/op_planner/include/op_planner/MappingHelpers.h
[36.627s] -- Installing: /home/autoware/Autoware/install/op_planner/include/op_planner/PlannerCommonDef.h
[36.628s] -- Installing: /home/autoware/Autoware/install/op_planner/include/op_planner/PassiveDecisionMaker.h
[36.628s] -- Installing: /home/autoware/Autoware/install/op_planner/include/op_planner/BehaviorStateMachine.h
[36.628s] -- Installing: /home/autoware/Autoware/install/op_planner/include/op_planner/TrajectoryCosts.h
[36.629s] -- Installing: /home/autoware/Autoware/install/op_planner/include/op_planner/MatrixOperations.h
[36.629s] -- Installing: /home/autoware/Autoware/install/op_planner/include/op_planner/RoadNetwork.h
[36.629s] -- Installing: /home/autoware/Autoware/install/op_planner/include/op_planner/PlannerH.h
[36.630s] -- Installing: /home/autoware/Autoware/install/op_planner/include/op_planner/TrajectoryDynamicCosts.h
[36.630s] -- Installing: /home/autoware/Autoware/install/op_planner/include/op_planner/LocalPlannerH.h
[36.630s] -- Installing: /home/autoware/Autoware/install/op_planner/include/op_planner/SimuDecisionMaker.h
[36.631s] -- Installing: /home/autoware/Autoware/install/op_planner/include/op_planner/DecisionMaker.h
[36.632s] -- Installing: /home/autoware/Autoware/install/op_planner/lib/libop_planner.so
[36.634s] -- Set runtime path of "/home/autoware/Autoware/install/op_planner/lib/libop_planner.so" to ""
[36.647s] Invoked command in '/home/autoware/Autoware/build/op_planner' returned '0': CMAKE_PREFIX_PATH=/home/autoware/Autoware/install/op_utility:/home/autoware/Autoware/install/vector_map_server:/home/autoware/Autoware/install/vector_map:/home/autoware/Autoware/install/vector_map_msgs:/home/autoware/Autoware/install/autoware_msgs:/home/autoware/Autoware/install/autoware_build_flags:${CMAKE_PREFIX_PATH} LD_LIBRARY_PATH=/home/autoware/Autoware/install/op_utility/lib:/home/autoware/Autoware/install/vector_map/lib:${LD_LIBRARY_PATH} PKG_CONFIG_PATH=/home/autoware/Autoware/install/op_utility/lib/x86_64-linux-gnu/pkgconfig:/home/autoware/Autoware/install/op_utility/lib/pkgconfig:/home/autoware/Autoware/install/vector_map_server/lib/x86_64-linux-gnu/pkgconfig:/home/autoware/Autoware/install/vector_map_server/lib/pkgconfig:/home/autoware/Autoware/install/vector_map/lib/x86_64-linux-gnu/pkgconfig:/home/autoware/Autoware/install/vector_map/lib/pkgconfig:/home/autoware/Autoware/install/vector_map_msgs/lib/x86_64-linux-gnu/pkgconfig:/home/autoware/Autoware/install/vector_map_msgs/lib/pkgconfig:/home/autoware/Autoware/install/autoware_msgs/lib/x86_64-linux-gnu/pkgconfig:/home/autoware/Autoware/install/autoware_msgs/lib/pkgconfig:/home/autoware/Autoware/install/autoware_build_flags/lib/x86_64-linux-gnu/pkgconfig:/home/autoware/Autoware/install/autoware_build_flags/lib/pkgconfig:${PKG_CONFIG_PATH} PYTHONPATH=/home/autoware/Autoware/install/vector_map_server/lib/python2.7/dist-packages:/home/autoware/Autoware/install/vector_map_msgs/lib/python2.7/dist-packages:/home/autoware/Autoware/install/autoware_msgs/lib/python2.7/dist-packages:${PYTHONPATH} ROS_PACKAGE_PATH=/home/autoware/Autoware/install/op_utility/share:/home/autoware/Autoware/install/vector_map_server/share:/home/autoware/Autoware/install/vector_map/share:/home/autoware/Autoware/install/vector_map_msgs/share:/home/autoware/Autoware/install/autoware_msgs/share:/home/autoware/Autoware/install/autoware_build_flags/share:${ROS_PACKAGE_PATH} /usr/bin/cmake --build /home/autoware/Autoware/build/op_planner --target install -- -j2 -l2
