Determining if the pthread_create exist failed with the following output:
Change Dir: /home/autoware/Autoware/build/vehicle_gazebo_simulation_launcher/CMakeFiles/CMakeTmp

Run Build Command:"/usr/bin/make" "cmTC_c7041/fast"
/usr/bin/make -f CMakeFiles/cmTC_c7041.dir/build.make CMakeFiles/cmTC_c7041.dir/build
make[1]: Entering directory '/home/autoware/Autoware/build/vehicle_gazebo_simulation_launcher/CMakeFiles/CMakeTmp'
Building C object CMakeFiles/cmTC_c7041.dir/CheckSymbolExists.c.o
/usr/bin/cc    -o CMakeFiles/cmTC_c7041.dir/CheckSymbolExists.c.o   -c /home/autoware/Autoware/build/vehicle_gazebo_simulation_launcher/CMakeFiles/CMakeTmp/CheckSymbolExists.c
Linking C executable cmTC_c7041
/usr/bin/cmake -E cmake_link_script CMakeFiles/cmTC_c7041.dir/link.txt --verbose=1
/usr/bin/cc      -rdynamic CMakeFiles/cmTC_c7041.dir/CheckSymbolExists.c.o  -o cmTC_c7041 
CMakeFiles/cmTC_c7041.dir/CheckSymbolExists.c.o: In function `main':
CheckSymbolExists.c:(.text+0x1b): undefined reference to `pthread_create'
collect2: error: ld returned 1 exit status
CMakeFiles/cmTC_c7041.dir/build.make:97: recipe for target 'cmTC_c7041' failed
make[1]: *** [cmTC_c7041] Error 1
make[1]: Leaving directory '/home/autoware/Autoware/build/vehicle_gazebo_simulation_launcher/CMakeFiles/CMakeTmp'
Makefile:126: recipe for target 'cmTC_c7041/fast' failed
make: *** [cmTC_c7041/fast] Error 2

File /home/autoware/Autoware/build/vehicle_gazebo_simulation_launcher/CMakeFiles/CMakeTmp/CheckSymbolExists.c:
/* */
#include <pthread.h>

int main(int argc, char** argv)
{
  (void)argv;
#ifndef pthread_create
  return ((int*)(&pthread_create))[argc];
#else
  (void)argc;
  return 0;
#endif
}

Determining if the function pthread_create exists in the pthreads failed with the following output:
Change Dir: /home/autoware/Autoware/build/vehicle_gazebo_simulation_launcher/CMakeFiles/CMakeTmp

Run Build Command:"/usr/bin/make" "cmTC_424ff/fast"
/usr/bin/make -f CMakeFiles/cmTC_424ff.dir/build.make CMakeFiles/cmTC_424ff.dir/build
make[1]: Entering directory '/home/autoware/Autoware/build/vehicle_gazebo_simulation_launcher/CMakeFiles/CMakeTmp'
Building C object CMakeFiles/cmTC_424ff.dir/CheckFunctionExists.c.o
/usr/bin/cc   -DCHECK_FUNCTION_EXISTS=pthread_create   -o CMakeFiles/cmTC_424ff.dir/CheckFunctionExists.c.o   -c /usr/share/cmake-3.10/Modules/CheckFunctionExists.c
Linking C executable cmTC_424ff
/usr/bin/cmake -E cmake_link_script CMakeFiles/cmTC_424ff.dir/link.txt --verbose=1
/usr/bin/cc  -DCHECK_FUNCTION_EXISTS=pthread_create    -rdynamic CMakeFiles/cmTC_424ff.dir/CheckFunctionExists.c.o  -o cmTC_424ff -lpthreads 
/usr/bin/ld: cannot find -lpthreads
collect2: error: ld returned 1 exit status
CMakeFiles/cmTC_424ff.dir/build.make:97: recipe for target 'cmTC_424ff' failed
make[1]: *** [cmTC_424ff] Error 1
make[1]: Leaving directory '/home/autoware/Autoware/build/vehicle_gazebo_simulation_launcher/CMakeFiles/CMakeTmp'
Makefile:126: recipe for target 'cmTC_424ff/fast' failed
make: *** [cmTC_424ff/fast] Error 2


