-- The C compiler identification is GNU 7.5.0
-- The CXX compiler identification is GNU 7.5.0
-- Check for working C compiler: /usr/bin/cc
-- Check for working C compiler: /usr/bin/cc -- works
-- Detecting C compiler ABI info
-- Detecting C compiler ABI info - done
-- Detecting C compile features
-- Detecting C compile features - done
-- Check for working CXX compiler: /usr/bin/c++
-- Check for working CXX compiler: /usr/bin/c++ -- works
-- Detecting CXX compiler ABI info
-- Detecting CXX compiler ABI info - done
-- Detecting CXX compile features
-- Detecting CXX compile features - done
-- CUDA compilation status: ON.
-- Using CATKIN_DEVEL_PREFIX: /home/autoware/Autoware/build/pos_db/devel
-- Using CMAKE_PREFIX_PATH: /home/autoware/Autoware/install/gnss;/home/autoware/Autoware/install/autoware_msgs;/home/autoware/Autoware/install/autoware_build_flags;/opt/ros/melodic
-- This workspace overlays: /home/autoware/Autoware/install/gnss;/home/autoware/Autoware/install/autoware_msgs;/home/autoware/Autoware/install/autoware_build_flags;/opt/ros/melodic
-- Found PythonInterp: /usr/bin/python2 (found suitable version "2.7.17", minimum required is "2") 
-- Using PYTHON_EXECUTABLE: /usr/bin/python2
-- Using Debian Python package layout
-- Using empy: /usr/bin/empy
-- Using CATKIN_ENABLE_TESTING: ON
-- Call enable_testing()
-- Using CATKIN_TEST_RESULTS_DIR: /home/autoware/Autoware/build/pos_db/test_results
-- Found gtest sources under '/usr/src/googletest': gtests will be built
-- Found gmock sources under '/usr/src/googletest': gmock will be built
-- Found PythonInterp: /usr/bin/python2 (found version "2.7.17") 
-- Looking for pthread.h
-- Looking for pthread.h - found
-- Looking for pthread_create
-- Looking for pthread_create - not found
-- Looking for pthread_create in pthreads
-- Looking for pthread_create in pthreads - not found
-- Looking for pthread_create in pthread
-- Looking for pthread_create in pthread - found
-- Found Threads: TRUE  
-- Using Python nosetests: /usr/bin/nosetests-2.7
-- catkin 0.7.26
-- BUILD_SHARED_LIBS is on
-- Using these message generators: gencpp;geneus;genlisp;gennodejs;genpy
-- Found PkgConfig: /usr/bin/pkg-config (found version "0.29.1") 
-- Looking for libssh2...
-- Found LibSsh2: /usr/lib/x86_64-linux-gnu/libssh2.so  
-- Configuring done
-- Generating done
-- Build files have been written to: /home/autoware/Autoware/build/pos_db
Scanning dependencies of target pos_db
[ 14%] Building CXX object CMakeFiles/pos_db.dir/lib/pos_db/SendData.cpp.o
[ 28%] Building CXX object CMakeFiles/pos_db.dir/lib/pos_db/util.cpp.o
[ 42%] Linking CXX shared library devel/lib/libpos_db.so
[ 42%] Built target pos_db
Scanning dependencies of target nodelet_generate_messages_eus
[ 42%] Built target nodelet_generate_messages_eus
Scanning dependencies of target nav_msgs_generate_messages_nodejs
[ 42%] Built target nav_msgs_generate_messages_nodejs
Scanning dependencies of target map_msgs_generate_messages_lisp
[ 42%] Built target map_msgs_generate_messages_lisp
Scanning dependencies of target rviz_generate_messages_py
[ 42%] Built target rviz_generate_messages_py
Scanning dependencies of target rviz_generate_messages_cpp
[ 42%] Built target rviz_generate_messages_cpp
Scanning dependencies of target people_msgs_generate_messages_py
[ 42%] Built target people_msgs_generate_messages_py
Scanning dependencies of target people_msgs_generate_messages_lisp
[ 42%] Built target people_msgs_generate_messages_lisp
Scanning dependencies of target rviz_generate_messages_eus
[ 42%] Built target rviz_generate_messages_eus
Scanning dependencies of target people_msgs_generate_messages_eus
[ 42%] Built target people_msgs_generate_messages_eus
Scanning dependencies of target people_msgs_generate_messages_cpp
[ 42%] Built target people_msgs_generate_messages_cpp
Scanning dependencies of target visualization_msgs_generate_messages_py
[ 42%] Built target visualization_msgs_generate_messages_py
Scanning dependencies of target visualization_msgs_generate_messages_nodejs
[ 42%] Built target visualization_msgs_generate_messages_nodejs
Scanning dependencies of target visualization_msgs_generate_messages_eus
[ 42%] Built target visualization_msgs_generate_messages_eus
Scanning dependencies of target tf2_msgs_generate_messages_nodejs
[ 42%] Built target tf2_msgs_generate_messages_nodejs
Scanning dependencies of target nav_msgs_generate_messages_eus
[ 42%] Built target nav_msgs_generate_messages_eus
Scanning dependencies of target visualization_msgs_generate_messages_cpp
[ 42%] Built target visualization_msgs_generate_messages_cpp
Scanning dependencies of target tf2_msgs_generate_messages_eus
[ 42%] Built target tf2_msgs_generate_messages_eus
Scanning dependencies of target tf2_msgs_generate_messages_cpp
[ 42%] Built target tf2_msgs_generate_messages_cpp
Scanning dependencies of target map_msgs_generate_messages_cpp
[ 42%] Built target map_msgs_generate_messages_cpp
Scanning dependencies of target tf2_msgs_generate_messages_py
[ 42%] Built target tf2_msgs_generate_messages_py
Scanning dependencies of target actionlib_generate_messages_py
[ 42%] Built target actionlib_generate_messages_py
Scanning dependencies of target actionlib_generate_messages_cpp
[ 42%] Built target actionlib_generate_messages_cpp
Scanning dependencies of target tf_generate_messages_nodejs
[ 42%] Built target tf_generate_messages_nodejs
Scanning dependencies of target tf_generate_messages_lisp
[ 42%] Built target tf_generate_messages_lisp
Scanning dependencies of target topic_tools_generate_messages_nodejs
[ 42%] Built target topic_tools_generate_messages_nodejs
Scanning dependencies of target topic_tools_generate_messages_eus
[ 42%] Built target topic_tools_generate_messages_eus
Scanning dependencies of target topic_tools_generate_messages_cpp
[ 42%] Built target topic_tools_generate_messages_cpp
Scanning dependencies of target std_srvs_generate_messages_py
[ 42%] Built target std_srvs_generate_messages_py
Scanning dependencies of target std_srvs_generate_messages_nodejs
[ 42%] Built target std_srvs_generate_messages_nodejs
Scanning dependencies of target bond_generate_messages_py
[ 42%] Built target bond_generate_messages_py
Scanning dependencies of target bond_generate_messages_nodejs
[ 42%] Built target bond_generate_messages_nodejs
Scanning dependencies of target bond_generate_messages_lisp
[ 42%] Built target bond_generate_messages_lisp
Scanning dependencies of target bond_generate_messages_eus
[ 42%] Built target bond_generate_messages_eus
Scanning dependencies of target bond_generate_messages_cpp
[ 42%] Built target bond_generate_messages_cpp
Scanning dependencies of target nodelet_generate_messages_nodejs
[ 42%] Built target nodelet_generate_messages_nodejs
Scanning dependencies of target geometry_msgs_generate_messages_py
[ 42%] Built target geometry_msgs_generate_messages_py
Scanning dependencies of target sensor_msgs_generate_messages_nodejs
[ 42%] Built target sensor_msgs_generate_messages_nodejs
Scanning dependencies of target roscpp_generate_messages_cpp
[ 42%] Built target roscpp_generate_messages_cpp
Scanning dependencies of target pcl_msgs_generate_messages_eus
[ 42%] Built target pcl_msgs_generate_messages_eus
Scanning dependencies of target rosgraph_msgs_generate_messages_eus
[ 42%] Built target rosgraph_msgs_generate_messages_eus
Scanning dependencies of target jsk_recognition_msgs_generate_messages_lisp
[ 42%] Built target jsk_recognition_msgs_generate_messages_lisp
Scanning dependencies of target jsk_recognition_msgs_generate_messages_eus
[ 42%] Built target jsk_recognition_msgs_generate_messages_eus
Scanning dependencies of target std_msgs_generate_messages_py
[ 42%] Built target std_msgs_generate_messages_py
Scanning dependencies of target sensor_msgs_generate_messages_eus
[ 42%] Built target sensor_msgs_generate_messages_eus
Scanning dependencies of target std_srvs_generate_messages_lisp
[ 42%] Built target std_srvs_generate_messages_lisp
Scanning dependencies of target _catkin_empty_exported_target
[ 42%] Built target _catkin_empty_exported_target
Scanning dependencies of target sensor_msgs_generate_messages_cpp
[ 42%] Built target sensor_msgs_generate_messages_cpp
Scanning dependencies of target autoware_msgs_generate_messages_cpp
[ 42%] Built target autoware_msgs_generate_messages_cpp
Scanning dependencies of target tf_generate_messages_py
[ 42%] Built target tf_generate_messages_py
Scanning dependencies of target dynamic_reconfigure_generate_messages_cpp
[ 42%] Built target dynamic_reconfigure_generate_messages_cpp
Scanning dependencies of target rosgraph_msgs_generate_messages_cpp
[ 42%] Built target rosgraph_msgs_generate_messages_cpp
Scanning dependencies of target nav_msgs_generate_messages_lisp
[ 42%] Built target nav_msgs_generate_messages_lisp
Scanning dependencies of target pcl_msgs_generate_messages_nodejs
[ 42%] Built target pcl_msgs_generate_messages_nodejs
Scanning dependencies of target jsk_hark_msgs_generate_messages_py
[ 42%] Built target jsk_hark_msgs_generate_messages_py
Scanning dependencies of target jsk_recognition_msgs_generate_messages_py
[ 42%] Built target jsk_recognition_msgs_generate_messages_py
Scanning dependencies of target std_srvs_generate_messages_cpp
[ 42%] Built target std_srvs_generate_messages_cpp
Scanning dependencies of target nav_msgs_generate_messages_cpp
[ 42%] Built target nav_msgs_generate_messages_cpp
Scanning dependencies of target sensor_msgs_generate_messages_lisp
[ 42%] Built target sensor_msgs_generate_messages_lisp
Scanning dependencies of target nodelet_generate_messages_py
[ 42%] Built target nodelet_generate_messages_py
Scanning dependencies of target sensor_msgs_generate_messages_py
[ 42%] Built target sensor_msgs_generate_messages_py
Scanning dependencies of target jsk_rviz_plugins_generate_messages_py
[ 42%] Built target jsk_rviz_plugins_generate_messages_py
Scanning dependencies of target jsk_hark_msgs_generate_messages_eus
[ 42%] Built target jsk_hark_msgs_generate_messages_eus
Scanning dependencies of target std_msgs_generate_messages_cpp
[ 42%] Built target std_msgs_generate_messages_cpp
Scanning dependencies of target jsk_footstep_msgs_generate_messages_py
[ 42%] Built target jsk_footstep_msgs_generate_messages_py
Scanning dependencies of target map_msgs_generate_messages_nodejs
[ 42%] Built target map_msgs_generate_messages_nodejs
Scanning dependencies of target topic_tools_generate_messages_py
[ 42%] Built target topic_tools_generate_messages_py
Scanning dependencies of target nodelet_topic_tools_gencfg
[ 42%] Built target nodelet_topic_tools_gencfg
Scanning dependencies of target actionlib_msgs_generate_messages_nodejs
[ 42%] Built target actionlib_msgs_generate_messages_nodejs
Scanning dependencies of target geometry_msgs_generate_messages_eus
[ 42%] Built target geometry_msgs_generate_messages_eus
Scanning dependencies of target geometry_msgs_generate_messages_nodejs
[ 42%] Built target geometry_msgs_generate_messages_nodejs
Scanning dependencies of target actionlib_generate_messages_eus
[ 42%] Built target actionlib_generate_messages_eus
Scanning dependencies of target jsk_rviz_plugins_generate_messages_eus
[ 42%] Built target jsk_rviz_plugins_generate_messages_eus
Scanning dependencies of target pcl_msgs_generate_messages_py
[ 42%] Built target pcl_msgs_generate_messages_py
Scanning dependencies of target geometry_msgs_generate_messages_lisp
[ 42%] Built target geometry_msgs_generate_messages_lisp
Scanning dependencies of target actionlib_generate_messages_lisp
[ 42%] Built target actionlib_generate_messages_lisp
Scanning dependencies of target geometry_msgs_generate_messages_cpp
[ 42%] Built target geometry_msgs_generate_messages_cpp
Scanning dependencies of target pcl_msgs_generate_messages_cpp
[ 42%] Built target pcl_msgs_generate_messages_cpp
Scanning dependencies of target people_msgs_generate_messages_nodejs
[ 42%] Built target people_msgs_generate_messages_nodejs
Scanning dependencies of target dynamic_reconfigure_generate_messages_lisp
[ 42%] Built target dynamic_reconfigure_generate_messages_lisp
Scanning dependencies of target topic_tools_generate_messages_lisp
[ 42%] Built target topic_tools_generate_messages_lisp
Scanning dependencies of target jsk_recognition_msgs_generate_messages_cpp
[ 42%] Built target jsk_recognition_msgs_generate_messages_cpp
Scanning dependencies of target autoware_msgs_generate_messages_eus
[ 42%] Built target autoware_msgs_generate_messages_eus
Scanning dependencies of target autoware_msgs_generate_messages_lisp
[ 42%] Built target autoware_msgs_generate_messages_lisp
Scanning dependencies of target autoware_msgs_generate_messages_py
[ 42%] Built target autoware_msgs_generate_messages_py
Scanning dependencies of target nodelet_generate_messages_lisp
[ 42%] Built target nodelet_generate_messages_lisp
Scanning dependencies of target actionlib_generate_messages_nodejs
[ 42%] Built target actionlib_generate_messages_nodejs
Scanning dependencies of target tf_generate_messages_cpp
[ 42%] Built target tf_generate_messages_cpp
Scanning dependencies of target pcl_msgs_generate_messages_lisp
[ 42%] Built target pcl_msgs_generate_messages_lisp
Scanning dependencies of target visualization_msgs_generate_messages_lisp
[ 42%] Built target visualization_msgs_generate_messages_lisp
Scanning dependencies of target std_msgs_generate_messages_eus
[ 42%] Built target std_msgs_generate_messages_eus
Scanning dependencies of target rviz_generate_messages_lisp
[ 42%] Built target rviz_generate_messages_lisp
Scanning dependencies of target jsk_rviz_plugins_gencfg
[ 42%] Built target jsk_rviz_plugins_gencfg
Scanning dependencies of target autoware_msgs_generate_messages_nodejs
[ 42%] Built target autoware_msgs_generate_messages_nodejs
Scanning dependencies of target jsk_footstep_msgs_generate_messages_eus
[ 42%] Built target jsk_footstep_msgs_generate_messages_eus
Scanning dependencies of target actionlib_msgs_generate_messages_py
[ 42%] Built target actionlib_msgs_generate_messages_py
Scanning dependencies of target std_msgs_generate_messages_nodejs
[ 42%] Built target std_msgs_generate_messages_nodejs
Scanning dependencies of target jsk_hark_msgs_generate_messages_lisp
[ 42%] Built target jsk_hark_msgs_generate_messages_lisp
Scanning dependencies of target jsk_footstep_msgs_generate_messages_lisp
[ 42%] Built target jsk_footstep_msgs_generate_messages_lisp
Scanning dependencies of target jsk_footstep_msgs_generate_messages_nodejs
[ 42%] Built target jsk_footstep_msgs_generate_messages_nodejs
Scanning dependencies of target tf_generate_messages_eus
[ 42%] Built target tf_generate_messages_eus
Scanning dependencies of target jsk_footstep_msgs_generate_messages_cpp
[ 42%] Built target jsk_footstep_msgs_generate_messages_cpp
Scanning dependencies of target actionlib_msgs_generate_messages_cpp
[ 42%] Built target actionlib_msgs_generate_messages_cpp
Scanning dependencies of target actionlib_msgs_generate_messages_lisp
[ 42%] Built target actionlib_msgs_generate_messages_lisp
Scanning dependencies of target std_msgs_generate_messages_lisp
[ 42%] Built target std_msgs_generate_messages_lisp
Scanning dependencies of target roscpp_generate_messages_nodejs
[ 42%] Built target roscpp_generate_messages_nodejs
Scanning dependencies of target jsk_rviz_plugins_generate_messages_cpp
[ 42%] Built target jsk_rviz_plugins_generate_messages_cpp
Scanning dependencies of target rviz_generate_messages_nodejs
[ 42%] Built target rviz_generate_messages_nodejs
Scanning dependencies of target jsk_hark_msgs_generate_messages_nodejs
[ 42%] Built target jsk_hark_msgs_generate_messages_nodejs
Scanning dependencies of target jsk_rviz_plugins_generate_messages_nodejs
[ 42%] Built target jsk_rviz_plugins_generate_messages_nodejs
Scanning dependencies of target jsk_hark_msgs_generate_messages_cpp
[ 42%] Built target jsk_hark_msgs_generate_messages_cpp
Scanning dependencies of target jsk_rviz_plugins_generate_messages_lisp
[ 42%] Built target jsk_rviz_plugins_generate_messages_lisp
Scanning dependencies of target jsk_recognition_utils_gencfg
[ 42%] Built target jsk_recognition_utils_gencfg
Scanning dependencies of target roscpp_generate_messages_eus
[ 42%] Built target roscpp_generate_messages_eus
Scanning dependencies of target actionlib_msgs_generate_messages_eus
[ 42%] Built target actionlib_msgs_generate_messages_eus
Scanning dependencies of target rosgraph_msgs_generate_messages_py
[ 42%] Built target rosgraph_msgs_generate_messages_py
Scanning dependencies of target map_msgs_generate_messages_py
[ 42%] Built target map_msgs_generate_messages_py
Scanning dependencies of target pcl_ros_gencfg
[ 42%] Built target pcl_ros_gencfg
Scanning dependencies of target dynamic_reconfigure_generate_messages_eus
[ 42%] Built target dynamic_reconfigure_generate_messages_eus
Scanning dependencies of target dynamic_reconfigure_generate_messages_nodejs
[ 42%] Built target dynamic_reconfigure_generate_messages_nodejs
Scanning dependencies of target dynamic_reconfigure_generate_messages_py
[ 42%] Built target dynamic_reconfigure_generate_messages_py
Scanning dependencies of target nav_msgs_generate_messages_py
[ 42%] Built target nav_msgs_generate_messages_py
Scanning dependencies of target tf2_msgs_generate_messages_lisp
[ 42%] Built target tf2_msgs_generate_messages_lisp
Scanning dependencies of target dynamic_reconfigure_gencfg
[ 42%] Built target dynamic_reconfigure_gencfg
Scanning dependencies of target std_srvs_generate_messages_eus
[ 42%] Built target std_srvs_generate_messages_eus
Scanning dependencies of target jsk_recognition_msgs_generate_messages_nodejs
[ 42%] Built target jsk_recognition_msgs_generate_messages_nodejs
Scanning dependencies of target roscpp_generate_messages_lisp
[ 42%] Built target roscpp_generate_messages_lisp
Scanning dependencies of target roscpp_generate_messages_py
[ 42%] Built target roscpp_generate_messages_py
Scanning dependencies of target rosgraph_msgs_generate_messages_lisp
[ 42%] Built target rosgraph_msgs_generate_messages_lisp
Scanning dependencies of target rosgraph_msgs_generate_messages_nodejs
[ 42%] Built target rosgraph_msgs_generate_messages_nodejs
Scanning dependencies of target nodelet_generate_messages_cpp
[ 42%] Built target nodelet_generate_messages_cpp
Scanning dependencies of target map_msgs_generate_messages_eus
[ 42%] Built target map_msgs_generate_messages_eus
Scanning dependencies of target pos_downloader
[ 57%] Building CXX object CMakeFiles/pos_downloader.dir/nodes/pos_downloader/pos_downloader.cpp.o
[ 71%] Linking CXX executable devel/lib/pos_db/pos_downloader
[ 71%] Built target pos_downloader
Scanning dependencies of target pos_uploader
[ 85%] Building CXX object CMakeFiles/pos_uploader.dir/nodes/pos_uploader/pos_uploader.cpp.o
[100%] Linking CXX executable devel/lib/pos_db/pos_uploader
[100%] Built target pos_uploader
Scanning dependencies of target tests
Built target tests
[ 42%] Built target pos_db
[ 42%] Built target nodelet_generate_messages_eus
[ 42%] Built target nav_msgs_generate_messages_nodejs
[ 42%] Built target map_msgs_generate_messages_lisp
[ 42%] Built target rviz_generate_messages_py
[ 42%] Built target rviz_generate_messages_cpp
[ 42%] Built target people_msgs_generate_messages_py
[ 42%] Built target people_msgs_generate_messages_lisp
[ 42%] Built target rviz_generate_messages_eus
[ 42%] Built target people_msgs_generate_messages_eus
[ 42%] Built target people_msgs_generate_messages_cpp
[ 42%] Built target visualization_msgs_generate_messages_py
[ 42%] Built target visualization_msgs_generate_messages_nodejs
[ 42%] Built target visualization_msgs_generate_messages_eus
[ 42%] Built target tf2_msgs_generate_messages_nodejs
[ 42%] Built target nav_msgs_generate_messages_eus
[ 42%] Built target visualization_msgs_generate_messages_cpp
[ 42%] Built target tf2_msgs_generate_messages_eus
[ 42%] Built target tf2_msgs_generate_messages_cpp
[ 42%] Built target map_msgs_generate_messages_cpp
[ 42%] Built target tf2_msgs_generate_messages_py
[ 42%] Built target actionlib_generate_messages_py
[ 42%] Built target actionlib_generate_messages_cpp
[ 42%] Built target tf_generate_messages_nodejs
[ 42%] Built target tf_generate_messages_lisp
[ 42%] Built target topic_tools_generate_messages_nodejs
[ 42%] Built target topic_tools_generate_messages_eus
[ 42%] Built target topic_tools_generate_messages_cpp
[ 42%] Built target std_srvs_generate_messages_py
[ 42%] Built target std_srvs_generate_messages_nodejs
[ 42%] Built target bond_generate_messages_py
[ 42%] Built target bond_generate_messages_nodejs
[ 42%] Built target bond_generate_messages_lisp
[ 42%] Built target bond_generate_messages_eus
[ 42%] Built target bond_generate_messages_cpp
[ 42%] Built target nodelet_generate_messages_nodejs
[ 42%] Built target geometry_msgs_generate_messages_py
[ 42%] Built target sensor_msgs_generate_messages_nodejs
[ 42%] Built target roscpp_generate_messages_cpp
[ 42%] Built target pcl_msgs_generate_messages_eus
[ 42%] Built target rosgraph_msgs_generate_messages_eus
[ 42%] Built target jsk_recognition_msgs_generate_messages_lisp
[ 42%] Built target jsk_recognition_msgs_generate_messages_eus
[ 42%] Built target std_msgs_generate_messages_py
[ 42%] Built target sensor_msgs_generate_messages_eus
[ 42%] Built target std_srvs_generate_messages_lisp
[ 42%] Built target _catkin_empty_exported_target
[ 42%] Built target sensor_msgs_generate_messages_cpp
[ 42%] Built target autoware_msgs_generate_messages_cpp
[ 42%] Built target tf_generate_messages_py
[ 42%] Built target dynamic_reconfigure_generate_messages_cpp
[ 42%] Built target rosgraph_msgs_generate_messages_cpp
[ 42%] Built target nav_msgs_generate_messages_lisp
[ 42%] Built target pcl_msgs_generate_messages_nodejs
[ 42%] Built target jsk_hark_msgs_generate_messages_py
[ 42%] Built target jsk_recognition_msgs_generate_messages_py
[ 42%] Built target std_srvs_generate_messages_cpp
[ 42%] Built target nav_msgs_generate_messages_cpp
[ 42%] Built target sensor_msgs_generate_messages_lisp
[ 42%] Built target nodelet_generate_messages_py
[ 42%] Built target sensor_msgs_generate_messages_py
[ 42%] Built target jsk_rviz_plugins_generate_messages_py
[ 42%] Built target jsk_hark_msgs_generate_messages_eus
[ 42%] Built target std_msgs_generate_messages_cpp
[ 42%] Built target jsk_footstep_msgs_generate_messages_py
[ 42%] Built target map_msgs_generate_messages_nodejs
[ 42%] Built target topic_tools_generate_messages_py
[ 42%] Built target nodelet_topic_tools_gencfg
[ 42%] Built target actionlib_msgs_generate_messages_nodejs
[ 42%] Built target geometry_msgs_generate_messages_eus
[ 42%] Built target geometry_msgs_generate_messages_nodejs
[ 42%] Built target actionlib_generate_messages_eus
[ 42%] Built target jsk_rviz_plugins_generate_messages_eus
[ 42%] Built target pcl_msgs_generate_messages_py
[ 42%] Built target geometry_msgs_generate_messages_lisp
[ 42%] Built target actionlib_generate_messages_lisp
[ 42%] Built target geometry_msgs_generate_messages_cpp
[ 42%] Built target pcl_msgs_generate_messages_cpp
[ 42%] Built target people_msgs_generate_messages_nodejs
[ 42%] Built target dynamic_reconfigure_generate_messages_lisp
[ 42%] Built target topic_tools_generate_messages_lisp
[ 42%] Built target jsk_recognition_msgs_generate_messages_cpp
[ 42%] Built target autoware_msgs_generate_messages_eus
[ 42%] Built target autoware_msgs_generate_messages_lisp
[ 42%] Built target autoware_msgs_generate_messages_py
[ 42%] Built target nodelet_generate_messages_lisp
[ 42%] Built target actionlib_generate_messages_nodejs
[ 42%] Built target tf_generate_messages_cpp
[ 42%] Built target pcl_msgs_generate_messages_lisp
[ 42%] Built target visualization_msgs_generate_messages_lisp
[ 42%] Built target std_msgs_generate_messages_eus
[ 42%] Built target rviz_generate_messages_lisp
[ 42%] Built target jsk_rviz_plugins_gencfg
[ 42%] Built target autoware_msgs_generate_messages_nodejs
[ 42%] Built target jsk_footstep_msgs_generate_messages_eus
[ 42%] Built target actionlib_msgs_generate_messages_py
[ 42%] Built target std_msgs_generate_messages_nodejs
[ 42%] Built target jsk_hark_msgs_generate_messages_lisp
[ 42%] Built target jsk_footstep_msgs_generate_messages_lisp
[ 42%] Built target jsk_footstep_msgs_generate_messages_nodejs
[ 42%] Built target tf_generate_messages_eus
[ 42%] Built target jsk_footstep_msgs_generate_messages_cpp
[ 42%] Built target actionlib_msgs_generate_messages_cpp
[ 42%] Built target actionlib_msgs_generate_messages_lisp
[ 42%] Built target std_msgs_generate_messages_lisp
[ 42%] Built target roscpp_generate_messages_nodejs
[ 42%] Built target jsk_rviz_plugins_generate_messages_cpp
[ 42%] Built target rviz_generate_messages_nodejs
[ 42%] Built target jsk_hark_msgs_generate_messages_nodejs
[ 42%] Built target jsk_rviz_plugins_generate_messages_nodejs
[ 42%] Built target jsk_hark_msgs_generate_messages_cpp
[ 42%] Built target jsk_rviz_plugins_generate_messages_lisp
[ 42%] Built target jsk_recognition_utils_gencfg
[ 42%] Built target roscpp_generate_messages_eus
[ 42%] Built target actionlib_msgs_generate_messages_eus
[ 42%] Built target rosgraph_msgs_generate_messages_py
[ 42%] Built target map_msgs_generate_messages_py
[ 42%] Built target pcl_ros_gencfg
[ 42%] Built target dynamic_reconfigure_generate_messages_eus
[ 42%] Built target dynamic_reconfigure_generate_messages_nodejs
[ 42%] Built target dynamic_reconfigure_generate_messages_py
[ 42%] Built target nav_msgs_generate_messages_py
[ 42%] Built target tf2_msgs_generate_messages_lisp
[ 42%] Built target dynamic_reconfigure_gencfg
[ 42%] Built target std_srvs_generate_messages_eus
[ 42%] Built target jsk_recognition_msgs_generate_messages_nodejs
[ 42%] Built target roscpp_generate_messages_lisp
[ 42%] Built target roscpp_generate_messages_py
[ 42%] Built target rosgraph_msgs_generate_messages_lisp
[ 42%] Built target rosgraph_msgs_generate_messages_nodejs
[ 42%] Built target nodelet_generate_messages_cpp
[ 42%] Built target map_msgs_generate_messages_eus
[ 71%] Built target pos_downloader
[100%] Built target pos_uploader
Install the project...
-- Install configuration: "Release"
-- Installing: /home/autoware/Autoware/install/pos_db/lib/pkgconfig/pos_db.pc
-- Installing: /home/autoware/Autoware/install/pos_db/share/pos_db/cmake/pos_dbConfig.cmake
-- Installing: /home/autoware/Autoware/install/pos_db/share/pos_db/cmake/pos_dbConfig-version.cmake
-- Installing: /home/autoware/Autoware/install/pos_db/share/pos_db/package.xml
-- Installing: /home/autoware/Autoware/install/pos_db/lib/pos_db/pos_downloader
-- Set runtime path of "/home/autoware/Autoware/install/pos_db/lib/pos_db/pos_downloader" to ""
-- Installing: /home/autoware/Autoware/install/pos_db/lib/libpos_db.so
-- Installing: /home/autoware/Autoware/install/pos_db/lib/pos_db/pos_uploader
-- Set runtime path of "/home/autoware/Autoware/install/pos_db/lib/pos_db/pos_uploader" to ""
-- Installing: /home/autoware/Autoware/install/pos_db/include/pos_db/include
-- Installing: /home/autoware/Autoware/install/pos_db/include/pos_db/include/pos_db.h
-- Installing: /home/autoware/Autoware/install/pos_db/share/pos_db/model/prius_model.dae
