[0.038s] Invoking command in '/home/autoware/Autoware/build/lanelet_aisan_converter': CMAKE_PREFIX_PATH=/home/autoware/Autoware/install/map_file:/home/autoware/Autoware/install/lanelet2_extension:/home/autoware/Autoware/install/vector_map:/home/autoware/Autoware/install/amathutils_lib:/home/autoware/Autoware/install/vector_map_msgs:/home/autoware/Autoware/install/autoware_msgs:/home/autoware/Autoware/install/autoware_lanelet2_msgs:${CMAKE_PREFIX_PATH} LD_LIBRARY_PATH=/home/autoware/Autoware/install/map_file/lib:/home/autoware/Autoware/install/lanelet2_extension/lib:/home/autoware/Autoware/install/vector_map/lib:/home/autoware/Autoware/install/amathutils_lib/lib:${LD_LIBRARY_PATH} PKG_CONFIG_PATH=/home/autoware/Autoware/install/map_file/lib/x86_64-linux-gnu/pkgconfig:/home/autoware/Autoware/install/map_file/lib/pkgconfig:/home/autoware/Autoware/install/lanelet2_extension/lib/x86_64-linux-gnu/pkgconfig:/home/autoware/Autoware/install/lanelet2_extension/lib/pkgconfig:/home/autoware/Autoware/install/vector_map/lib/x86_64-linux-gnu/pkgconfig:/home/autoware/Autoware/install/vector_map/lib/pkgconfig:/home/autoware/Autoware/install/amathutils_lib/lib/x86_64-linux-gnu/pkgconfig:/home/autoware/Autoware/install/amathutils_lib/lib/pkgconfig:/home/autoware/Autoware/install/vector_map_msgs/lib/x86_64-linux-gnu/pkgconfig:/home/autoware/Autoware/install/vector_map_msgs/lib/pkgconfig:/home/autoware/Autoware/install/autoware_msgs/lib/x86_64-linux-gnu/pkgconfig:/home/autoware/Autoware/install/autoware_msgs/lib/pkgconfig:/home/autoware/Autoware/install/autoware_lanelet2_msgs/lib/x86_64-linux-gnu/pkgconfig:/home/autoware/Autoware/install/autoware_lanelet2_msgs/lib/pkgconfig:${PKG_CONFIG_PATH} PYTHONPATH=/home/autoware/Autoware/install/vector_map_msgs/lib/python2.7/dist-packages:/home/autoware/Autoware/install/autoware_msgs/lib/python2.7/dist-packages:/home/autoware/Autoware/install/autoware_lanelet2_msgs/lib/python2.7/dist-packages:${PYTHONPATH} ROS_PACKAGE_PATH=/home/autoware/Autoware/install/map_file/share:/home/autoware/Autoware/install/lanelet2_extension/share:/home/autoware/Autoware/install/vector_map/share:/home/autoware/Autoware/install/amathutils_lib/share:/home/autoware/Autoware/install/vector_map_msgs/share:/home/autoware/Autoware/install/autoware_msgs/share:/home/autoware/Autoware/install/autoware_lanelet2_msgs/share:${ROS_PACKAGE_PATH} /usr/bin/cmake /home/autoware/Autoware/src/autoware/utilities/lanelet_aisan_converter -DCMAKE_BUILD_TYPE=Release -DCATKIN_INSTALL_INTO_PREFIX_ROOT=0 -DCMAKE_INSTALL_PREFIX=/home/autoware/Autoware/install/lanelet_aisan_converter
[0.122s] -- The C compiler identification is GNU 7.5.0
[0.198s] -- The CXX compiler identification is GNU 7.5.0
[0.204s] -- Check for working C compiler: /usr/bin/cc
[0.301s] -- Check for working C compiler: /usr/bin/cc -- works
[0.301s] -- Detecting C compiler ABI info
[0.393s] -- Detecting C compiler ABI info - done
[0.402s] -- Detecting C compile features
[0.689s] -- Detecting C compile features - done
[0.693s] -- Check for working CXX compiler: /usr/bin/c++
[0.809s] -- Check for working CXX compiler: /usr/bin/c++ -- works
[0.809s] -- Detecting CXX compiler ABI info
[0.921s] -- Detecting CXX compiler ABI info - done
[0.923s] -- Detecting CXX compile features
[1.412s] -- Detecting CXX compile features - done
[1.417s] -- Using CATKIN_DEVEL_PREFIX: /home/autoware/Autoware/build/lanelet_aisan_converter/devel
[1.417s] -- Using CMAKE_PREFIX_PATH: /home/autoware/Autoware/install/map_file;/home/autoware/Autoware/install/lanelet2_extension;/home/autoware/Autoware/install/vector_map;/home/autoware/Autoware/install/amathutils_lib;/home/autoware/Autoware/install/vector_map_msgs;/home/autoware/Autoware/install/autoware_msgs;/home/autoware/Autoware/install/autoware_lanelet2_msgs;/opt/ros/melodic
[1.419s] -- This workspace overlays: /home/autoware/Autoware/install/map_file;/home/autoware/Autoware/install/lanelet2_extension;/home/autoware/Autoware/install/vector_map;/home/autoware/Autoware/install/amathutils_lib;/home/autoware/Autoware/install/vector_map_msgs;/home/autoware/Autoware/install/autoware_msgs;/home/autoware/Autoware/install/autoware_lanelet2_msgs;/opt/ros/melodic
[1.441s] -- Found PythonInterp: /usr/bin/python2 (found suitable version "2.7.17", minimum required is "2") 
[1.441s] -- Using PYTHON_EXECUTABLE: /usr/bin/python2
[1.441s] -- Using Debian Python package layout
[1.441s] -- Using empy: /usr/bin/empy
[1.602s] -- Using CATKIN_ENABLE_TESTING: ON
[1.602s] -- Call enable_testing()
[1.609s] -- Using CATKIN_TEST_RESULTS_DIR: /home/autoware/Autoware/build/lanelet_aisan_converter/test_results
[1.635s] -- Found gtest sources under '/usr/src/googletest': gtests will be built
[1.636s] -- Found gmock sources under '/usr/src/googletest': gmock will be built
[1.657s] -- Found PythonInterp: /usr/bin/python2 (found version "2.7.17") 
[1.657s] -- Looking for pthread.h
[1.753s] -- Looking for pthread.h - found
[1.757s] -- Looking for pthread_create
[1.856s] -- Looking for pthread_create - not found
[1.856s] -- Looking for pthread_create in pthreads
[1.941s] -- Looking for pthread_create in pthreads - not found
[1.941s] -- Looking for pthread_create in pthread
[2.041s] -- Looking for pthread_create in pthread - found
[2.041s] -- Found Threads: TRUE  
[2.042s] -- Using Python nosetests: /usr/bin/nosetests-2.7
[2.095s] -- catkin 0.7.26
[2.095s] -- BUILD_SHARED_LIBS is on
[2.319s] -- Using these message generators: gencpp;geneus;genlisp;gennodejs;genpy
[2.691s] -- Boost version: 1.65.1
[2.691s] -- Found the following Boost libraries:
[2.692s] --   wserialization
[2.692s] --   thread
[2.692s] --   random
[2.693s] --   serialization
[2.693s] --   log_setup
[2.693s] --   prg_exec_monitor
[2.693s] --   wave
[2.693s] --   system
[2.694s] --   chrono
[2.694s] --   filesystem
[2.694s] --   locale
[2.694s] --   timer
[2.695s] --   date_time
[2.695s] --   regex
[2.695s] --   graph
[2.695s] --   program_options
[2.696s] --   unit_test_framework
[2.696s] --   log
[2.696s] --   atomic
[3.047s] -- Found OpenMP_C: -fopenmp (found version "4.5") 
[3.164s] -- Found OpenMP_CXX: -fopenmp (found version "4.5") 
[3.166s] -- Found OpenMP: TRUE (found version "4.5")  
[3.175s] -- Found pugixml: /usr/lib/x86_64-linux-gnu/libpugixml.so  
[3.189s] -- Found PkgConfig: /usr/bin/pkg-config (found version "0.29.1") 
[3.190s] -- Found GeographicLib: /usr/lib/x86_64-linux-gnu/libGeographic.so  
[3.382s] -- Boost version: 1.65.1
[3.383s] -- Found the following Boost libraries:
[3.383s] --   filesystem
[3.383s] --   system
[3.571s] -- Configuring done
[3.727s] -- Generating done
[3.745s] -- Build files have been written to: /home/autoware/Autoware/build/lanelet_aisan_converter
[3.756s] Invoked command in '/home/autoware/Autoware/build/lanelet_aisan_converter' returned '0': CMAKE_PREFIX_PATH=/home/autoware/Autoware/install/map_file:/home/autoware/Autoware/install/lanelet2_extension:/home/autoware/Autoware/install/vector_map:/home/autoware/Autoware/install/amathutils_lib:/home/autoware/Autoware/install/vector_map_msgs:/home/autoware/Autoware/install/autoware_msgs:/home/autoware/Autoware/install/autoware_lanelet2_msgs:${CMAKE_PREFIX_PATH} LD_LIBRARY_PATH=/home/autoware/Autoware/install/map_file/lib:/home/autoware/Autoware/install/lanelet2_extension/lib:/home/autoware/Autoware/install/vector_map/lib:/home/autoware/Autoware/install/amathutils_lib/lib:${LD_LIBRARY_PATH} PKG_CONFIG_PATH=/home/autoware/Autoware/install/map_file/lib/x86_64-linux-gnu/pkgconfig:/home/autoware/Autoware/install/map_file/lib/pkgconfig:/home/autoware/Autoware/install/lanelet2_extension/lib/x86_64-linux-gnu/pkgconfig:/home/autoware/Autoware/install/lanelet2_extension/lib/pkgconfig:/home/autoware/Autoware/install/vector_map/lib/x86_64-linux-gnu/pkgconfig:/home/autoware/Autoware/install/vector_map/lib/pkgconfig:/home/autoware/Autoware/install/amathutils_lib/lib/x86_64-linux-gnu/pkgconfig:/home/autoware/Autoware/install/amathutils_lib/lib/pkgconfig:/home/autoware/Autoware/install/vector_map_msgs/lib/x86_64-linux-gnu/pkgconfig:/home/autoware/Autoware/install/vector_map_msgs/lib/pkgconfig:/home/autoware/Autoware/install/autoware_msgs/lib/x86_64-linux-gnu/pkgconfig:/home/autoware/Autoware/install/autoware_msgs/lib/pkgconfig:/home/autoware/Autoware/install/autoware_lanelet2_msgs/lib/x86_64-linux-gnu/pkgconfig:/home/autoware/Autoware/install/autoware_lanelet2_msgs/lib/pkgconfig:${PKG_CONFIG_PATH} PYTHONPATH=/home/autoware/Autoware/install/vector_map_msgs/lib/python2.7/dist-packages:/home/autoware/Autoware/install/autoware_msgs/lib/python2.7/dist-packages:/home/autoware/Autoware/install/autoware_lanelet2_msgs/lib/python2.7/dist-packages:${PYTHONPATH} ROS_PACKAGE_PATH=/home/autoware/Autoware/install/map_file/share:/home/autoware/Autoware/install/lanelet2_extension/share:/home/autoware/Autoware/install/vector_map/share:/home/autoware/Autoware/install/amathutils_lib/share:/home/autoware/Autoware/install/vector_map_msgs/share:/home/autoware/Autoware/install/autoware_msgs/share:/home/autoware/Autoware/install/autoware_lanelet2_msgs/share:${ROS_PACKAGE_PATH} /usr/bin/cmake /home/autoware/Autoware/src/autoware/utilities/lanelet_aisan_converter -DCMAKE_BUILD_TYPE=Release -DCATKIN_INSTALL_INTO_PREFIX_ROOT=0 -DCMAKE_INSTALL_PREFIX=/home/autoware/Autoware/install/lanelet_aisan_converter
[3.757s] Invoking command in '/home/autoware/Autoware/build/lanelet_aisan_converter': CMAKE_PREFIX_PATH=/home/autoware/Autoware/install/map_file:/home/autoware/Autoware/install/lanelet2_extension:/home/autoware/Autoware/install/vector_map:/home/autoware/Autoware/install/amathutils_lib:/home/autoware/Autoware/install/vector_map_msgs:/home/autoware/Autoware/install/autoware_msgs:/home/autoware/Autoware/install/autoware_lanelet2_msgs:${CMAKE_PREFIX_PATH} LD_LIBRARY_PATH=/home/autoware/Autoware/install/map_file/lib:/home/autoware/Autoware/install/lanelet2_extension/lib:/home/autoware/Autoware/install/vector_map/lib:/home/autoware/Autoware/install/amathutils_lib/lib:${LD_LIBRARY_PATH} PKG_CONFIG_PATH=/home/autoware/Autoware/install/map_file/lib/x86_64-linux-gnu/pkgconfig:/home/autoware/Autoware/install/map_file/lib/pkgconfig:/home/autoware/Autoware/install/lanelet2_extension/lib/x86_64-linux-gnu/pkgconfig:/home/autoware/Autoware/install/lanelet2_extension/lib/pkgconfig:/home/autoware/Autoware/install/vector_map/lib/x86_64-linux-gnu/pkgconfig:/home/autoware/Autoware/install/vector_map/lib/pkgconfig:/home/autoware/Autoware/install/amathutils_lib/lib/x86_64-linux-gnu/pkgconfig:/home/autoware/Autoware/install/amathutils_lib/lib/pkgconfig:/home/autoware/Autoware/install/vector_map_msgs/lib/x86_64-linux-gnu/pkgconfig:/home/autoware/Autoware/install/vector_map_msgs/lib/pkgconfig:/home/autoware/Autoware/install/autoware_msgs/lib/x86_64-linux-gnu/pkgconfig:/home/autoware/Autoware/install/autoware_msgs/lib/pkgconfig:/home/autoware/Autoware/install/autoware_lanelet2_msgs/lib/x86_64-linux-gnu/pkgconfig:/home/autoware/Autoware/install/autoware_lanelet2_msgs/lib/pkgconfig:${PKG_CONFIG_PATH} PYTHONPATH=/home/autoware/Autoware/install/vector_map_msgs/lib/python2.7/dist-packages:/home/autoware/Autoware/install/autoware_msgs/lib/python2.7/dist-packages:/home/autoware/Autoware/install/autoware_lanelet2_msgs/lib/python2.7/dist-packages:${PYTHONPATH} ROS_PACKAGE_PATH=/home/autoware/Autoware/install/map_file/share:/home/autoware/Autoware/install/lanelet2_extension/share:/home/autoware/Autoware/install/vector_map/share:/home/autoware/Autoware/install/amathutils_lib/share:/home/autoware/Autoware/install/vector_map_msgs/share:/home/autoware/Autoware/install/autoware_msgs/share:/home/autoware/Autoware/install/autoware_lanelet2_msgs/share:${ROS_PACKAGE_PATH} /usr/bin/cmake --build /home/autoware/Autoware/build/lanelet_aisan_converter -- -j2 -l2
[3.837s] Scanning dependencies of target uuid_msgs_generate_messages_cpp
[3.851s] [  0%] Built target uuid_msgs_generate_messages_cpp
[3.875s] Scanning dependencies of target vector_map_msgs_generate_messages_py
[3.890s] [  0%] Built target vector_map_msgs_generate_messages_py
[3.906s] Scanning dependencies of target vector_map_msgs_generate_messages_nodejs
[3.921s] [  0%] Built target vector_map_msgs_generate_messages_nodejs
[3.936s] Scanning dependencies of target vector_map_msgs_generate_messages_lisp
[3.950s] [  0%] Built target vector_map_msgs_generate_messages_lisp
[3.965s] Scanning dependencies of target vector_map_msgs_generate_messages_eus
[3.979s] [  0%] Built target vector_map_msgs_generate_messages_eus
[3.995s] Scanning dependencies of target vector_map_msgs_generate_messages_cpp
[4.010s] [  0%] Built target vector_map_msgs_generate_messages_cpp
[4.025s] Scanning dependencies of target visualization_msgs_generate_messages_py
[4.041s] [  0%] Built target visualization_msgs_generate_messages_py
[4.055s] Scanning dependencies of target visualization_msgs_generate_messages_nodejs
[4.069s] [  0%] Built target visualization_msgs_generate_messages_nodejs
[4.084s] Scanning dependencies of target visualization_msgs_generate_messages_eus
[4.100s] [  0%] Built target visualization_msgs_generate_messages_eus
[4.115s] Scanning dependencies of target uuid_msgs_generate_messages_nodejs
[4.131s] [  0%] Built target uuid_msgs_generate_messages_nodejs
[4.146s] Scanning dependencies of target uuid_msgs_generate_messages_lisp
[4.161s] [  0%] Built target uuid_msgs_generate_messages_lisp
[4.178s] Scanning dependencies of target geometry_msgs_generate_messages_py
[4.195s] [  0%] Built target geometry_msgs_generate_messages_py
[4.210s] Scanning dependencies of target sensor_msgs_generate_messages_nodejs
[4.226s] [  0%] Built target sensor_msgs_generate_messages_nodejs
[4.242s] Scanning dependencies of target actionlib_generate_messages_cpp
[4.257s] [  0%] Built target actionlib_generate_messages_cpp
[4.272s] Scanning dependencies of target pcl_msgs_generate_messages_eus
[4.288s] [  0%] Built target pcl_msgs_generate_messages_eus
[4.303s] Scanning dependencies of target rosgraph_msgs_generate_messages_eus
[4.318s] [  0%] Built target rosgraph_msgs_generate_messages_eus
[4.334s] Scanning dependencies of target jsk_recognition_msgs_generate_messages_lisp
[4.349s] [  0%] Built target jsk_recognition_msgs_generate_messages_lisp
[4.367s] Scanning dependencies of target jsk_recognition_msgs_generate_messages_eus
[4.384s] [  0%] Built target jsk_recognition_msgs_generate_messages_eus
[4.401s] Scanning dependencies of target tf2_msgs_generate_messages_cpp
[4.416s] [  0%] Built target tf2_msgs_generate_messages_cpp
[4.432s] Scanning dependencies of target std_msgs_generate_messages_py
[4.447s] [  0%] Built target std_msgs_generate_messages_py
[4.462s] Scanning dependencies of target autoware_msgs_generate_messages_py
[4.477s] [  0%] Built target autoware_msgs_generate_messages_py
[4.493s] Scanning dependencies of target std_msgs_generate_messages_nodejs
[4.507s] [  0%] Built target std_msgs_generate_messages_nodejs
[4.522s] Scanning dependencies of target sensor_msgs_generate_messages_eus
[4.537s] [  0%] Built target sensor_msgs_generate_messages_eus
[4.553s] Scanning dependencies of target _catkin_empty_exported_target
[4.567s] [  0%] Built target _catkin_empty_exported_target
[4.583s] Scanning dependencies of target sensor_msgs_generate_messages_cpp
[4.598s] [  0%] Built target sensor_msgs_generate_messages_cpp
[4.613s] Scanning dependencies of target autoware_msgs_generate_messages_cpp
[4.628s] [  0%] Built target autoware_msgs_generate_messages_cpp
[4.643s] Scanning dependencies of target rosgraph_msgs_generate_messages_cpp
[4.657s] [  0%] Built target rosgraph_msgs_generate_messages_cpp
[4.672s] Scanning dependencies of target pcl_msgs_generate_messages_nodejs
[4.688s] [  0%] Built target pcl_msgs_generate_messages_nodejs
[4.703s] Scanning dependencies of target jsk_recognition_msgs_generate_messages_py
[4.717s] [  0%] Built target jsk_recognition_msgs_generate_messages_py
[4.733s] Scanning dependencies of target sensor_msgs_generate_messages_lisp
[4.748s] [  0%] Built target sensor_msgs_generate_messages_lisp
[4.763s] Scanning dependencies of target sensor_msgs_generate_messages_py
[4.778s] [  0%] Built target sensor_msgs_generate_messages_py
[4.794s] Scanning dependencies of target tf_generate_messages_py
[4.808s] [  0%] Built target tf_generate_messages_py
[4.822s] Scanning dependencies of target std_msgs_generate_messages_cpp
[4.838s] [  0%] Built target std_msgs_generate_messages_cpp
[4.854s] Scanning dependencies of target jsk_footstep_msgs_generate_messages_py
[4.871s] [  0%] Built target jsk_footstep_msgs_generate_messages_py
[4.890s] Scanning dependencies of target actionlib_msgs_generate_messages_nodejs
[4.906s] [  0%] Built target actionlib_msgs_generate_messages_nodejs
[4.921s] Scanning dependencies of target uuid_msgs_generate_messages_py
[4.937s] [  0%] Built target uuid_msgs_generate_messages_py
[4.953s] Scanning dependencies of target geometry_msgs_generate_messages_eus
[4.968s] [  0%] Built target geometry_msgs_generate_messages_eus
[4.985s] Scanning dependencies of target std_msgs_generate_messages_lisp
[5.000s] [  0%] Built target std_msgs_generate_messages_lisp
[5.015s] Scanning dependencies of target roscpp_generate_messages_nodejs
[5.029s] [  0%] Built target roscpp_generate_messages_nodejs
[5.046s] Scanning dependencies of target geometry_msgs_generate_messages_nodejs
[5.062s] [  0%] Built target geometry_msgs_generate_messages_nodejs
[5.077s] Scanning dependencies of target geometry_msgs_generate_messages_lisp
[5.093s] [  0%] Built target geometry_msgs_generate_messages_lisp
[5.108s] Scanning dependencies of target pcl_msgs_generate_messages_cpp
[5.122s] [  0%] Built target pcl_msgs_generate_messages_cpp
[5.137s] Scanning dependencies of target geographic_msgs_generate_messages_cpp
[5.150s] [  0%] Built target geographic_msgs_generate_messages_cpp
[5.165s] Scanning dependencies of target jsk_recognition_msgs_generate_messages_cpp
[5.180s] [  0%] Built target jsk_recognition_msgs_generate_messages_cpp
[5.194s] Scanning dependencies of target autoware_msgs_generate_messages_eus
[5.208s] [  0%] Built target autoware_msgs_generate_messages_eus
[5.223s] Scanning dependencies of target autoware_msgs_generate_messages_lisp
[5.239s] [  0%] Built target autoware_msgs_generate_messages_lisp
[5.254s] Scanning dependencies of target visualization_msgs_generate_messages_lisp
[5.269s] [  0%] Built target visualization_msgs_generate_messages_lisp
[5.284s] Scanning dependencies of target std_msgs_generate_messages_eus
[5.299s] [  0%] Built target std_msgs_generate_messages_eus
[5.315s] Scanning dependencies of target jsk_footstep_msgs_generate_messages_eus
[5.330s] [  0%] Built target jsk_footstep_msgs_generate_messages_eus
[5.345s] Scanning dependencies of target actionlib_msgs_generate_messages_py
[5.361s] [  0%] Built target actionlib_msgs_generate_messages_py
[5.378s] Scanning dependencies of target jsk_footstep_msgs_generate_messages_lisp
[5.394s] [  0%] Built target jsk_footstep_msgs_generate_messages_lisp
[5.409s] Scanning dependencies of target jsk_footstep_msgs_generate_messages_nodejs
[5.424s] [  0%] Built target jsk_footstep_msgs_generate_messages_nodejs
[5.438s] Scanning dependencies of target actionlib_msgs_generate_messages_lisp
[5.452s] [  0%] Built target actionlib_msgs_generate_messages_lisp
[5.467s] Scanning dependencies of target jsk_footstep_msgs_generate_messages_cpp
[5.482s] [  0%] Built target jsk_footstep_msgs_generate_messages_cpp
[5.497s] Scanning dependencies of target actionlib_msgs_generate_messages_cpp
[5.511s] [  0%] Built target actionlib_msgs_generate_messages_cpp
[5.526s] Scanning dependencies of target tf_generate_messages_eus
[5.540s] [  0%] Built target tf_generate_messages_eus
[5.555s] Scanning dependencies of target tf_generate_messages_lisp
[5.569s] [  0%] Built target tf_generate_messages_lisp
[5.583s] Scanning dependencies of target tf_generate_messages_nodejs
[5.597s] [  0%] Built target tf_generate_messages_nodejs
[5.612s] Scanning dependencies of target jsk_recognition_msgs_generate_messages_nodejs
[5.626s] [  0%] Built target jsk_recognition_msgs_generate_messages_nodejs
[5.640s] Scanning dependencies of target roscpp_generate_messages_lisp
[5.654s] [  0%] Built target roscpp_generate_messages_lisp
[5.668s] Scanning dependencies of target roscpp_generate_messages_py
[5.682s] [  0%] Built target roscpp_generate_messages_py
[5.698s] Scanning dependencies of target rosgraph_msgs_generate_messages_lisp
[5.712s] [  0%] Built target rosgraph_msgs_generate_messages_lisp
[5.727s] Scanning dependencies of target rosgraph_msgs_generate_messages_nodejs
[5.742s] [  0%] Built target rosgraph_msgs_generate_messages_nodejs
[5.758s] Scanning dependencies of target geographic_msgs_generate_messages_lisp
[5.772s] [  0%] Built target geographic_msgs_generate_messages_lisp
[5.788s] Scanning dependencies of target roscpp_generate_messages_eus
[5.802s] [  0%] Built target roscpp_generate_messages_eus
[5.818s] Scanning dependencies of target actionlib_msgs_generate_messages_eus
[5.833s] [  0%] Built target actionlib_msgs_generate_messages_eus
[5.848s] Scanning dependencies of target rosgraph_msgs_generate_messages_py
[5.863s] [  0%] Built target rosgraph_msgs_generate_messages_py
[5.880s] Scanning dependencies of target pcl_msgs_generate_messages_py
[5.896s] [  0%] Built target pcl_msgs_generate_messages_py
[5.911s] Scanning dependencies of target actionlib_generate_messages_eus
[5.925s] [  0%] Built target actionlib_generate_messages_eus
[5.940s] Scanning dependencies of target geometry_msgs_generate_messages_cpp
[5.954s] [  0%] Built target geometry_msgs_generate_messages_cpp
[5.969s] Scanning dependencies of target actionlib_generate_messages_lisp
[5.983s] [  0%] Built target actionlib_generate_messages_lisp
[5.997s] Scanning dependencies of target pcl_msgs_generate_messages_lisp
[6.011s] [  0%] Built target pcl_msgs_generate_messages_lisp
[6.025s] Scanning dependencies of target tf_generate_messages_cpp
[6.040s] [  0%] Built target tf_generate_messages_cpp
[6.054s] Scanning dependencies of target actionlib_generate_messages_nodejs
[6.068s] [  0%] Built target actionlib_generate_messages_nodejs
[6.082s] Scanning dependencies of target geographic_msgs_generate_messages_nodejs
[6.096s] [  0%] Built target geographic_msgs_generate_messages_nodejs
[6.111s] Scanning dependencies of target visualization_msgs_generate_messages_cpp
[6.127s] [  0%] Built target visualization_msgs_generate_messages_cpp
[6.143s] Scanning dependencies of target tf2_msgs_generate_messages_eus
[6.158s] [  0%] Built target tf2_msgs_generate_messages_eus
[6.173s] Scanning dependencies of target tf2_msgs_generate_messages_lisp
[6.187s] [  0%] Built target tf2_msgs_generate_messages_lisp
[6.202s] Scanning dependencies of target actionlib_generate_messages_py
[6.216s] [  0%] Built target actionlib_generate_messages_py
[6.230s] Scanning dependencies of target tf2_msgs_generate_messages_py
[6.245s] [  0%] Built target tf2_msgs_generate_messages_py
[6.260s] Scanning dependencies of target tf2_msgs_generate_messages_nodejs
[6.275s] [  0%] Built target tf2_msgs_generate_messages_nodejs
[6.290s] Scanning dependencies of target autoware_msgs_generate_messages_nodejs
[6.305s] [  0%] Built target autoware_msgs_generate_messages_nodejs
[6.321s] Scanning dependencies of target geographic_msgs_generate_messages_eus
[6.337s] [  0%] Built target geographic_msgs_generate_messages_eus
[6.351s] Scanning dependencies of target roscpp_generate_messages_cpp
[6.367s] [  0%] Built target roscpp_generate_messages_cpp
[6.384s] Scanning dependencies of target geographic_msgs_generate_messages_py
[6.400s] [  0%] Built target geographic_msgs_generate_messages_py
[6.416s] Scanning dependencies of target uuid_msgs_generate_messages_eus
[6.432s] [  0%] Built target uuid_msgs_generate_messages_eus
[6.510s] Scanning dependencies of target lanelet_helper
[6.534s] [  9%] Building CXX object CMakeFiles/lanelet_helper.dir/lib/lanelet_helper/lanelet_helper.cpp.o
[17.748s] [ 18%] Linking CXX static library devel/lib/liblanelet_helper.a
[17.792s] [ 18%] Built target lanelet_helper
[17.814s] Scanning dependencies of target aisan_map
[17.834s] [ 27%] Building CXX object CMakeFiles/aisan_map.dir/lib/aisan_map/aisan_map.cpp.o
[20.506s] [ 36%] Linking CXX static library devel/lib/libaisan_map.a
[20.548s] [ 36%] Built target aisan_map
[20.645s] Scanning dependencies of target lanelet2aisan_converter
[20.677s] [ 45%] Building CXX object CMakeFiles/lanelet2aisan_converter.dir/lib/lanelet2aisan_converter/create_basic_shape.cpp.o
[24.633s] [ 54%] Building CXX object CMakeFiles/lanelet2aisan_converter.dir/lib/lanelet2aisan_converter/create_feature.cpp.o
[38.766s] [ 63%] Building CXX object CMakeFiles/lanelet2aisan_converter.dir/lib/lanelet2aisan_converter/overwrite.cpp.o
[46.410s] [ 72%] Building CXX object CMakeFiles/lanelet2aisan_converter.dir/lib/lanelet2aisan_converter/lanelet2aisan_converter.cpp.o
[53.624s] [ 81%] Linking CXX static library devel/lib/liblanelet2aisan_converter.a
[53.672s] [ 81%] Built target lanelet2aisan_converter
[53.735s] Scanning dependencies of target lanelet2aisan
[53.761s] [ 90%] Building CXX object CMakeFiles/lanelet2aisan.dir/nodes/lanelet2aisan/lanelet2aisan.cpp.o
[58.373s] [100%] Linking CXX executable devel/lib/lanelet_aisan_converter/lanelet2aisan
[58.637s] [100%] Built target lanelet2aisan
[58.654s] Invoked command in '/home/autoware/Autoware/build/lanelet_aisan_converter' returned '0': CMAKE_PREFIX_PATH=/home/autoware/Autoware/install/map_file:/home/autoware/Autoware/install/lanelet2_extension:/home/autoware/Autoware/install/vector_map:/home/autoware/Autoware/install/amathutils_lib:/home/autoware/Autoware/install/vector_map_msgs:/home/autoware/Autoware/install/autoware_msgs:/home/autoware/Autoware/install/autoware_lanelet2_msgs:${CMAKE_PREFIX_PATH} LD_LIBRARY_PATH=/home/autoware/Autoware/install/map_file/lib:/home/autoware/Autoware/install/lanelet2_extension/lib:/home/autoware/Autoware/install/vector_map/lib:/home/autoware/Autoware/install/amathutils_lib/lib:${LD_LIBRARY_PATH} PKG_CONFIG_PATH=/home/autoware/Autoware/install/map_file/lib/x86_64-linux-gnu/pkgconfig:/home/autoware/Autoware/install/map_file/lib/pkgconfig:/home/autoware/Autoware/install/lanelet2_extension/lib/x86_64-linux-gnu/pkgconfig:/home/autoware/Autoware/install/lanelet2_extension/lib/pkgconfig:/home/autoware/Autoware/install/vector_map/lib/x86_64-linux-gnu/pkgconfig:/home/autoware/Autoware/install/vector_map/lib/pkgconfig:/home/autoware/Autoware/install/amathutils_lib/lib/x86_64-linux-gnu/pkgconfig:/home/autoware/Autoware/install/amathutils_lib/lib/pkgconfig:/home/autoware/Autoware/install/vector_map_msgs/lib/x86_64-linux-gnu/pkgconfig:/home/autoware/Autoware/install/vector_map_msgs/lib/pkgconfig:/home/autoware/Autoware/install/autoware_msgs/lib/x86_64-linux-gnu/pkgconfig:/home/autoware/Autoware/install/autoware_msgs/lib/pkgconfig:/home/autoware/Autoware/install/autoware_lanelet2_msgs/lib/x86_64-linux-gnu/pkgconfig:/home/autoware/Autoware/install/autoware_lanelet2_msgs/lib/pkgconfig:${PKG_CONFIG_PATH} PYTHONPATH=/home/autoware/Autoware/install/vector_map_msgs/lib/python2.7/dist-packages:/home/autoware/Autoware/install/autoware_msgs/lib/python2.7/dist-packages:/home/autoware/Autoware/install/autoware_lanelet2_msgs/lib/python2.7/dist-packages:${PYTHONPATH} ROS_PACKAGE_PATH=/home/autoware/Autoware/install/map_file/share:/home/autoware/Autoware/install/lanelet2_extension/share:/home/autoware/Autoware/install/vector_map/share:/home/autoware/Autoware/install/amathutils_lib/share:/home/autoware/Autoware/install/vector_map_msgs/share:/home/autoware/Autoware/install/autoware_msgs/share:/home/autoware/Autoware/install/autoware_lanelet2_msgs/share:${ROS_PACKAGE_PATH} /usr/bin/cmake --build /home/autoware/Autoware/build/lanelet_aisan_converter -- -j2 -l2
[58.826s] Invoking command in '/home/autoware/Autoware/build/lanelet_aisan_converter': CMAKE_PREFIX_PATH=/home/autoware/Autoware/install/map_file:/home/autoware/Autoware/install/lanelet2_extension:/home/autoware/Autoware/install/vector_map:/home/autoware/Autoware/install/amathutils_lib:/home/autoware/Autoware/install/vector_map_msgs:/home/autoware/Autoware/install/autoware_msgs:/home/autoware/Autoware/install/autoware_lanelet2_msgs:${CMAKE_PREFIX_PATH} LD_LIBRARY_PATH=/home/autoware/Autoware/install/map_file/lib:/home/autoware/Autoware/install/lanelet2_extension/lib:/home/autoware/Autoware/install/vector_map/lib:/home/autoware/Autoware/install/amathutils_lib/lib:${LD_LIBRARY_PATH} PKG_CONFIG_PATH=/home/autoware/Autoware/install/map_file/lib/x86_64-linux-gnu/pkgconfig:/home/autoware/Autoware/install/map_file/lib/pkgconfig:/home/autoware/Autoware/install/lanelet2_extension/lib/x86_64-linux-gnu/pkgconfig:/home/autoware/Autoware/install/lanelet2_extension/lib/pkgconfig:/home/autoware/Autoware/install/vector_map/lib/x86_64-linux-gnu/pkgconfig:/home/autoware/Autoware/install/vector_map/lib/pkgconfig:/home/autoware/Autoware/install/amathutils_lib/lib/x86_64-linux-gnu/pkgconfig:/home/autoware/Autoware/install/amathutils_lib/lib/pkgconfig:/home/autoware/Autoware/install/vector_map_msgs/lib/x86_64-linux-gnu/pkgconfig:/home/autoware/Autoware/install/vector_map_msgs/lib/pkgconfig:/home/autoware/Autoware/install/autoware_msgs/lib/x86_64-linux-gnu/pkgconfig:/home/autoware/Autoware/install/autoware_msgs/lib/pkgconfig:/home/autoware/Autoware/install/autoware_lanelet2_msgs/lib/x86_64-linux-gnu/pkgconfig:/home/autoware/Autoware/install/autoware_lanelet2_msgs/lib/pkgconfig:${PKG_CONFIG_PATH} PYTHONPATH=/home/autoware/Autoware/install/vector_map_msgs/lib/python2.7/dist-packages:/home/autoware/Autoware/install/autoware_msgs/lib/python2.7/dist-packages:/home/autoware/Autoware/install/autoware_lanelet2_msgs/lib/python2.7/dist-packages:${PYTHONPATH} ROS_PACKAGE_PATH=/home/autoware/Autoware/install/map_file/share:/home/autoware/Autoware/install/lanelet2_extension/share:/home/autoware/Autoware/install/vector_map/share:/home/autoware/Autoware/install/amathutils_lib/share:/home/autoware/Autoware/install/vector_map_msgs/share:/home/autoware/Autoware/install/autoware_msgs/share:/home/autoware/Autoware/install/autoware_lanelet2_msgs/share:${ROS_PACKAGE_PATH} /usr/bin/cmake --build /home/autoware/Autoware/build/lanelet_aisan_converter --target tests -- -j2 -l2
[58.934s] Scanning dependencies of target gtest
[58.951s] [  7%] Building CXX object gtest/googlemock/gtest/CMakeFiles/gtest.dir/src/gtest-all.cc.o
[64.487s] [ 15%] Linking CXX shared library libgtest.so
[64.581s] [ 15%] Built target gtest
[64.610s] [ 15%] Built target uuid_msgs_generate_messages_cpp
[64.641s] [ 15%] Built target vector_map_msgs_generate_messages_py
[64.669s] [ 15%] Built target vector_map_msgs_generate_messages_nodejs
[64.701s] [ 15%] Built target vector_map_msgs_generate_messages_lisp
[64.730s] [ 15%] Built target vector_map_msgs_generate_messages_eus
[64.759s] [ 15%] Built target vector_map_msgs_generate_messages_cpp
[64.788s] [ 15%] Built target visualization_msgs_generate_messages_py
[64.816s] [ 15%] Built target visualization_msgs_generate_messages_nodejs
[64.843s] [ 15%] Built target visualization_msgs_generate_messages_eus
[64.870s] [ 15%] Built target uuid_msgs_generate_messages_nodejs
[64.897s] [ 15%] Built target uuid_msgs_generate_messages_lisp
[64.925s] [ 15%] Built target geometry_msgs_generate_messages_py
[64.956s] [ 15%] Built target sensor_msgs_generate_messages_nodejs
[64.986s] [ 15%] Built target actionlib_generate_messages_cpp
[65.015s] [ 15%] Built target pcl_msgs_generate_messages_eus
[65.042s] [ 15%] Built target rosgraph_msgs_generate_messages_eus
[65.068s] [ 15%] Built target jsk_recognition_msgs_generate_messages_lisp
[65.095s] [ 15%] Built target jsk_recognition_msgs_generate_messages_eus
[65.121s] [ 15%] Built target tf2_msgs_generate_messages_cpp
[65.147s] [ 15%] Built target std_msgs_generate_messages_py
[65.174s] [ 15%] Built target autoware_msgs_generate_messages_py
[65.202s] [ 15%] Built target std_msgs_generate_messages_nodejs
[65.229s] [ 15%] Built target sensor_msgs_generate_messages_eus
[65.256s] [ 15%] Built target _catkin_empty_exported_target
[65.283s] [ 15%] Built target sensor_msgs_generate_messages_cpp
[65.310s] [ 15%] Built target autoware_msgs_generate_messages_cpp
[65.338s] [ 15%] Built target rosgraph_msgs_generate_messages_cpp
[65.365s] [ 15%] Built target pcl_msgs_generate_messages_nodejs
[65.393s] [ 15%] Built target jsk_recognition_msgs_generate_messages_py
[65.422s] [ 15%] Built target sensor_msgs_generate_messages_lisp
[65.452s] [ 15%] Built target sensor_msgs_generate_messages_py
[65.481s] [ 15%] Built target tf_generate_messages_py
[65.509s] [ 15%] Built target std_msgs_generate_messages_cpp
[65.536s] [ 15%] Built target jsk_footstep_msgs_generate_messages_py
[65.564s] [ 15%] Built target actionlib_msgs_generate_messages_nodejs
[65.593s] [ 15%] Built target uuid_msgs_generate_messages_py
[65.621s] [ 15%] Built target geometry_msgs_generate_messages_eus
[65.649s] [ 15%] Built target std_msgs_generate_messages_lisp
[65.677s] [ 15%] Built target roscpp_generate_messages_nodejs
[65.705s] [ 15%] Built target geometry_msgs_generate_messages_nodejs
[65.733s] [ 15%] Built target geometry_msgs_generate_messages_lisp
[65.760s] [ 15%] Built target pcl_msgs_generate_messages_cpp
[65.786s] [ 15%] Built target geographic_msgs_generate_messages_cpp
[65.814s] [ 15%] Built target jsk_recognition_msgs_generate_messages_cpp
[65.842s] [ 15%] Built target autoware_msgs_generate_messages_eus
[65.871s] [ 15%] Built target autoware_msgs_generate_messages_lisp
[65.899s] [ 15%] Built target visualization_msgs_generate_messages_lisp
[65.928s] [ 15%] Built target std_msgs_generate_messages_eus
[65.956s] [ 15%] Built target jsk_footstep_msgs_generate_messages_eus
[65.989s] [ 15%] Built target actionlib_msgs_generate_messages_py
[66.016s] [ 15%] Built target jsk_footstep_msgs_generate_messages_lisp
[66.043s] [ 15%] Built target jsk_footstep_msgs_generate_messages_nodejs
[66.070s] [ 15%] Built target actionlib_msgs_generate_messages_lisp
[66.099s] [ 15%] Built target jsk_footstep_msgs_generate_messages_cpp
[66.127s] [ 15%] Built target actionlib_msgs_generate_messages_cpp
[66.157s] [ 15%] Built target tf_generate_messages_eus
[66.184s] [ 15%] Built target tf_generate_messages_lisp
[66.211s] [ 15%] Built target tf_generate_messages_nodejs
[66.240s] [ 15%] Built target jsk_recognition_msgs_generate_messages_nodejs
[66.268s] [ 15%] Built target roscpp_generate_messages_lisp
[66.297s] [ 15%] Built target roscpp_generate_messages_py
[66.326s] [ 15%] Built target rosgraph_msgs_generate_messages_lisp
[66.355s] [ 15%] Built target rosgraph_msgs_generate_messages_nodejs
[66.398s] [ 15%] Built target geographic_msgs_generate_messages_lisp
[66.427s] [ 15%] Built target roscpp_generate_messages_eus
[66.457s] [ 15%] Built target actionlib_msgs_generate_messages_eus
[66.487s] [ 15%] Built target rosgraph_msgs_generate_messages_py
[66.516s] [ 15%] Built target pcl_msgs_generate_messages_py
[66.543s] [ 15%] Built target actionlib_generate_messages_eus
[66.570s] [ 15%] Built target geometry_msgs_generate_messages_cpp
[66.599s] [ 15%] Built target actionlib_generate_messages_lisp
[66.627s] [ 15%] Built target pcl_msgs_generate_messages_lisp
[66.655s] [ 15%] Built target tf_generate_messages_cpp
[66.684s] [ 15%] Built target actionlib_generate_messages_nodejs
[66.714s] [ 15%] Built target geographic_msgs_generate_messages_nodejs
[66.746s] [ 15%] Built target visualization_msgs_generate_messages_cpp
[66.774s] [ 15%] Built target tf2_msgs_generate_messages_eus
[66.806s] [ 15%] Built target tf2_msgs_generate_messages_lisp
[66.834s] [ 15%] Built target actionlib_generate_messages_py
[66.864s] [ 15%] Built target tf2_msgs_generate_messages_py
[66.895s] [ 15%] Built target tf2_msgs_generate_messages_nodejs
[66.927s] [ 15%] Built target autoware_msgs_generate_messages_nodejs
[66.966s] [ 15%] Built target geographic_msgs_generate_messages_eus
[66.999s] [ 15%] Built target roscpp_generate_messages_cpp
[67.029s] [ 15%] Built target geographic_msgs_generate_messages_py
[67.056s] [ 15%] Built target uuid_msgs_generate_messages_eus
[67.095s] [ 30%] Built target lanelet_helper
[67.126s] [ 46%] Built target aisan_map
[67.174s] [ 84%] Built target lanelet2aisan_converter
[67.253s] Scanning dependencies of target test_lanelet2aisan_converter
[67.284s] [ 92%] Building CXX object CMakeFiles/test_lanelet2aisan_converter.dir/test/src/test_lanelet2aisan_converter.cpp.o
[73.971s] [100%] Linking CXX executable devel/lib/lanelet_aisan_converter/test_lanelet2aisan_converter
[74.269s] [100%] Built target test_lanelet2aisan_converter
[74.284s] Scanning dependencies of target tests
[74.299s] [100%] Built target tests
[74.316s] Invoked command in '/home/autoware/Autoware/build/lanelet_aisan_converter' returned '0': CMAKE_PREFIX_PATH=/home/autoware/Autoware/install/map_file:/home/autoware/Autoware/install/lanelet2_extension:/home/autoware/Autoware/install/vector_map:/home/autoware/Autoware/install/amathutils_lib:/home/autoware/Autoware/install/vector_map_msgs:/home/autoware/Autoware/install/autoware_msgs:/home/autoware/Autoware/install/autoware_lanelet2_msgs:${CMAKE_PREFIX_PATH} LD_LIBRARY_PATH=/home/autoware/Autoware/install/map_file/lib:/home/autoware/Autoware/install/lanelet2_extension/lib:/home/autoware/Autoware/install/vector_map/lib:/home/autoware/Autoware/install/amathutils_lib/lib:${LD_LIBRARY_PATH} PKG_CONFIG_PATH=/home/autoware/Autoware/install/map_file/lib/x86_64-linux-gnu/pkgconfig:/home/autoware/Autoware/install/map_file/lib/pkgconfig:/home/autoware/Autoware/install/lanelet2_extension/lib/x86_64-linux-gnu/pkgconfig:/home/autoware/Autoware/install/lanelet2_extension/lib/pkgconfig:/home/autoware/Autoware/install/vector_map/lib/x86_64-linux-gnu/pkgconfig:/home/autoware/Autoware/install/vector_map/lib/pkgconfig:/home/autoware/Autoware/install/amathutils_lib/lib/x86_64-linux-gnu/pkgconfig:/home/autoware/Autoware/install/amathutils_lib/lib/pkgconfig:/home/autoware/Autoware/install/vector_map_msgs/lib/x86_64-linux-gnu/pkgconfig:/home/autoware/Autoware/install/vector_map_msgs/lib/pkgconfig:/home/autoware/Autoware/install/autoware_msgs/lib/x86_64-linux-gnu/pkgconfig:/home/autoware/Autoware/install/autoware_msgs/lib/pkgconfig:/home/autoware/Autoware/install/autoware_lanelet2_msgs/lib/x86_64-linux-gnu/pkgconfig:/home/autoware/Autoware/install/autoware_lanelet2_msgs/lib/pkgconfig:${PKG_CONFIG_PATH} PYTHONPATH=/home/autoware/Autoware/install/vector_map_msgs/lib/python2.7/dist-packages:/home/autoware/Autoware/install/autoware_msgs/lib/python2.7/dist-packages:/home/autoware/Autoware/install/autoware_lanelet2_msgs/lib/python2.7/dist-packages:${PYTHONPATH} ROS_PACKAGE_PATH=/home/autoware/Autoware/install/map_file/share:/home/autoware/Autoware/install/lanelet2_extension/share:/home/autoware/Autoware/install/vector_map/share:/home/autoware/Autoware/install/amathutils_lib/share:/home/autoware/Autoware/install/vector_map_msgs/share:/home/autoware/Autoware/install/autoware_msgs/share:/home/autoware/Autoware/install/autoware_lanelet2_msgs/share:${ROS_PACKAGE_PATH} /usr/bin/cmake --build /home/autoware/Autoware/build/lanelet_aisan_converter --target tests -- -j2 -l2
[74.481s] Invoking command in '/home/autoware/Autoware/build/lanelet_aisan_converter': CMAKE_PREFIX_PATH=/home/autoware/Autoware/install/map_file:/home/autoware/Autoware/install/lanelet2_extension:/home/autoware/Autoware/install/vector_map:/home/autoware/Autoware/install/amathutils_lib:/home/autoware/Autoware/install/vector_map_msgs:/home/autoware/Autoware/install/autoware_msgs:/home/autoware/Autoware/install/autoware_lanelet2_msgs:${CMAKE_PREFIX_PATH} LD_LIBRARY_PATH=/home/autoware/Autoware/install/map_file/lib:/home/autoware/Autoware/install/lanelet2_extension/lib:/home/autoware/Autoware/install/vector_map/lib:/home/autoware/Autoware/install/amathutils_lib/lib:${LD_LIBRARY_PATH} PKG_CONFIG_PATH=/home/autoware/Autoware/install/map_file/lib/x86_64-linux-gnu/pkgconfig:/home/autoware/Autoware/install/map_file/lib/pkgconfig:/home/autoware/Autoware/install/lanelet2_extension/lib/x86_64-linux-gnu/pkgconfig:/home/autoware/Autoware/install/lanelet2_extension/lib/pkgconfig:/home/autoware/Autoware/install/vector_map/lib/x86_64-linux-gnu/pkgconfig:/home/autoware/Autoware/install/vector_map/lib/pkgconfig:/home/autoware/Autoware/install/amathutils_lib/lib/x86_64-linux-gnu/pkgconfig:/home/autoware/Autoware/install/amathutils_lib/lib/pkgconfig:/home/autoware/Autoware/install/vector_map_msgs/lib/x86_64-linux-gnu/pkgconfig:/home/autoware/Autoware/install/vector_map_msgs/lib/pkgconfig:/home/autoware/Autoware/install/autoware_msgs/lib/x86_64-linux-gnu/pkgconfig:/home/autoware/Autoware/install/autoware_msgs/lib/pkgconfig:/home/autoware/Autoware/install/autoware_lanelet2_msgs/lib/x86_64-linux-gnu/pkgconfig:/home/autoware/Autoware/install/autoware_lanelet2_msgs/lib/pkgconfig:${PKG_CONFIG_PATH} PYTHONPATH=/home/autoware/Autoware/install/vector_map_msgs/lib/python2.7/dist-packages:/home/autoware/Autoware/install/autoware_msgs/lib/python2.7/dist-packages:/home/autoware/Autoware/install/autoware_lanelet2_msgs/lib/python2.7/dist-packages:${PYTHONPATH} ROS_PACKAGE_PATH=/home/autoware/Autoware/install/map_file/share:/home/autoware/Autoware/install/lanelet2_extension/share:/home/autoware/Autoware/install/vector_map/share:/home/autoware/Autoware/install/amathutils_lib/share:/home/autoware/Autoware/install/vector_map_msgs/share:/home/autoware/Autoware/install/autoware_msgs/share:/home/autoware/Autoware/install/autoware_lanelet2_msgs/share:${ROS_PACKAGE_PATH} /usr/bin/cmake --build /home/autoware/Autoware/build/lanelet_aisan_converter --target install -- -j2 -l2
[74.560s] [  0%] Built target uuid_msgs_generate_messages_cpp
[74.587s] [  0%] Built target vector_map_msgs_generate_messages_py
[74.614s] [  0%] Built target vector_map_msgs_generate_messages_nodejs
[74.643s] [  0%] Built target vector_map_msgs_generate_messages_lisp
[74.670s] [  0%] Built target vector_map_msgs_generate_messages_eus
[74.697s] [  0%] Built target vector_map_msgs_generate_messages_cpp
[74.727s] [  0%] Built target visualization_msgs_generate_messages_py
[74.757s] [  0%] Built target visualization_msgs_generate_messages_nodejs
[74.787s] [  0%] Built target visualization_msgs_generate_messages_eus
[74.816s] [  0%] Built target uuid_msgs_generate_messages_nodejs
[74.845s] [  0%] Built target uuid_msgs_generate_messages_lisp
[74.872s] [  0%] Built target geometry_msgs_generate_messages_py
[74.900s] [  0%] Built target sensor_msgs_generate_messages_nodejs
[74.927s] [  0%] Built target actionlib_generate_messages_cpp
[74.953s] [  0%] Built target pcl_msgs_generate_messages_eus
[74.982s] [  0%] Built target rosgraph_msgs_generate_messages_eus
[75.010s] [  0%] Built target jsk_recognition_msgs_generate_messages_lisp
[75.037s] [  0%] Built target jsk_recognition_msgs_generate_messages_eus
[75.065s] [  0%] Built target tf2_msgs_generate_messages_cpp
[75.093s] [  0%] Built target std_msgs_generate_messages_py
[75.120s] [  0%] Built target autoware_msgs_generate_messages_py
[75.152s] [  0%] Built target std_msgs_generate_messages_nodejs
[75.184s] [  0%] Built target sensor_msgs_generate_messages_eus
[75.213s] [  0%] Built target _catkin_empty_exported_target
[75.243s] [  0%] Built target sensor_msgs_generate_messages_cpp
[75.272s] [  0%] Built target autoware_msgs_generate_messages_cpp
[75.299s] [  0%] Built target rosgraph_msgs_generate_messages_cpp
[75.326s] [  0%] Built target pcl_msgs_generate_messages_nodejs
[75.356s] [  0%] Built target jsk_recognition_msgs_generate_messages_py
[75.384s] [  0%] Built target sensor_msgs_generate_messages_lisp
[75.414s] [  0%] Built target sensor_msgs_generate_messages_py
[75.443s] [  0%] Built target tf_generate_messages_py
[75.474s] [  0%] Built target std_msgs_generate_messages_cpp
[75.504s] [  0%] Built target jsk_footstep_msgs_generate_messages_py
[75.534s] [  0%] Built target actionlib_msgs_generate_messages_nodejs
[75.563s] [  0%] Built target uuid_msgs_generate_messages_py
[75.590s] [  0%] Built target geometry_msgs_generate_messages_eus
[75.618s] [  0%] Built target std_msgs_generate_messages_lisp
[75.648s] [  0%] Built target roscpp_generate_messages_nodejs
[75.678s] [  0%] Built target geometry_msgs_generate_messages_nodejs
[75.707s] [  0%] Built target geometry_msgs_generate_messages_lisp
[75.736s] [  0%] Built target pcl_msgs_generate_messages_cpp
[75.762s] [  0%] Built target geographic_msgs_generate_messages_cpp
[75.797s] [  0%] Built target jsk_recognition_msgs_generate_messages_cpp
[75.828s] [  0%] Built target autoware_msgs_generate_messages_eus
[75.855s] [  0%] Built target autoware_msgs_generate_messages_lisp
[75.885s] [  0%] Built target visualization_msgs_generate_messages_lisp
[75.913s] [  0%] Built target std_msgs_generate_messages_eus
[75.941s] [  0%] Built target jsk_footstep_msgs_generate_messages_eus
[75.970s] [  0%] Built target actionlib_msgs_generate_messages_py
[75.998s] [  0%] Built target jsk_footstep_msgs_generate_messages_lisp
[76.026s] [  0%] Built target jsk_footstep_msgs_generate_messages_nodejs
[76.056s] [  0%] Built target actionlib_msgs_generate_messages_lisp
[76.085s] [  0%] Built target jsk_footstep_msgs_generate_messages_cpp
[76.115s] [  0%] Built target actionlib_msgs_generate_messages_cpp
[76.146s] [  0%] Built target tf_generate_messages_eus
[76.181s] [  0%] Built target tf_generate_messages_lisp
[76.214s] [  0%] Built target tf_generate_messages_nodejs
[76.245s] [  0%] Built target jsk_recognition_msgs_generate_messages_nodejs
[76.277s] [  0%] Built target roscpp_generate_messages_lisp
[76.308s] [  0%] Built target roscpp_generate_messages_py
[76.337s] [  0%] Built target rosgraph_msgs_generate_messages_lisp
[76.366s] [  0%] Built target rosgraph_msgs_generate_messages_nodejs
[76.396s] [  0%] Built target geographic_msgs_generate_messages_lisp
[76.425s] [  0%] Built target roscpp_generate_messages_eus
[76.455s] [  0%] Built target actionlib_msgs_generate_messages_eus
[76.486s] [  0%] Built target rosgraph_msgs_generate_messages_py
[76.518s] [  0%] Built target pcl_msgs_generate_messages_py
[76.550s] [  0%] Built target actionlib_generate_messages_eus
[76.579s] [  0%] Built target geometry_msgs_generate_messages_cpp
[76.610s] [  0%] Built target actionlib_generate_messages_lisp
[76.641s] [  0%] Built target pcl_msgs_generate_messages_lisp
[76.674s] [  0%] Built target tf_generate_messages_cpp
[76.707s] [  0%] Built target actionlib_generate_messages_nodejs
[76.739s] [  0%] Built target geographic_msgs_generate_messages_nodejs
[76.771s] [  0%] Built target visualization_msgs_generate_messages_cpp
[76.803s] [  0%] Built target tf2_msgs_generate_messages_eus
[76.836s] [  0%] Built target tf2_msgs_generate_messages_lisp
[76.870s] [  0%] Built target actionlib_generate_messages_py
[76.903s] [  0%] Built target tf2_msgs_generate_messages_py
[76.937s] [  0%] Built target tf2_msgs_generate_messages_nodejs
[76.967s] [  0%] Built target autoware_msgs_generate_messages_nodejs
[76.997s] [  0%] Built target geographic_msgs_generate_messages_eus
[77.029s] [  0%] Built target roscpp_generate_messages_cpp
[77.061s] [  0%] Built target geographic_msgs_generate_messages_py
[77.093s] [  0%] Built target uuid_msgs_generate_messages_eus
[77.137s] [ 18%] Built target lanelet_helper
[77.171s] [ 36%] Built target aisan_map
[77.229s] [ 81%] Built target lanelet2aisan_converter
[77.278s] [100%] Built target lanelet2aisan
[77.312s] Install the project...
[77.325s] -- Install configuration: "Release"
[77.326s] -- Installing: /home/autoware/Autoware/install/lanelet_aisan_converter/lib/pkgconfig/lanelet_aisan_converter.pc
[77.326s] -- Installing: /home/autoware/Autoware/install/lanelet_aisan_converter/share/lanelet_aisan_converter/cmake/lanelet_aisan_converterConfig.cmake
[77.327s] -- Installing: /home/autoware/Autoware/install/lanelet_aisan_converter/share/lanelet_aisan_converter/cmake/lanelet_aisan_converterConfig-version.cmake
[77.327s] -- Installing: /home/autoware/Autoware/install/lanelet_aisan_converter/share/lanelet_aisan_converter/package.xml
[77.328s] -- Installing: /home/autoware/Autoware/install/lanelet_aisan_converter/lib/lanelet_aisan_converter/lanelet2aisan
[77.329s] -- Set runtime path of "/home/autoware/Autoware/install/lanelet_aisan_converter/lib/lanelet_aisan_converter/lanelet2aisan" to ""
[77.330s] -- Installing: /home/autoware/Autoware/install/lanelet_aisan_converter/lib/liblanelet_helper.a
[77.330s] -- Installing: /home/autoware/Autoware/install/lanelet_aisan_converter/lib/liblanelet2aisan_converter.a
[77.331s] -- Installing: /home/autoware/Autoware/install/lanelet_aisan_converter/lib/libaisan_map.a
[77.332s] -- Installing: /home/autoware/Autoware/install/lanelet_aisan_converter/include/lanelet_aisan_converter
[77.332s] -- Installing: /home/autoware/Autoware/install/lanelet_aisan_converter/include/lanelet_aisan_converter/aisan_map
[77.333s] -- Installing: /home/autoware/Autoware/install/lanelet_aisan_converter/include/lanelet_aisan_converter/aisan_map/aisan_map.h
[77.333s] -- Installing: /home/autoware/Autoware/install/lanelet_aisan_converter/include/lanelet_aisan_converter/aisan_map/csv_def.h
[77.334s] -- Installing: /home/autoware/Autoware/install/lanelet_aisan_converter/include/lanelet_aisan_converter/aisan_map/supported_vector_map_msgs.h
[77.334s] -- Installing: /home/autoware/Autoware/install/lanelet_aisan_converter/include/lanelet_aisan_converter/lanelet_helper
[77.334s] -- Installing: /home/autoware/Autoware/install/lanelet_aisan_converter/include/lanelet_aisan_converter/lanelet_helper/lanelet_helper.h
[77.335s] -- Installing: /home/autoware/Autoware/install/lanelet_aisan_converter/include/lanelet_aisan_converter/lanelet2aisan_converter
[77.335s] -- Installing: /home/autoware/Autoware/install/lanelet_aisan_converter/include/lanelet_aisan_converter/lanelet2aisan_converter/lanelet2aisan_converter.h
[77.335s] -- Installing: /home/autoware/Autoware/install/lanelet_aisan_converter/include/lanelet_aisan_converter/lanelet2aisan_converter/unique_id_handler.h
[77.336s] -- Installing: /home/autoware/Autoware/install/lanelet_aisan_converter/share/lanelet_aisan_converter/scripts/launch_vector_map_loader.sh
[77.350s] Invoked command in '/home/autoware/Autoware/build/lanelet_aisan_converter' returned '0': CMAKE_PREFIX_PATH=/home/autoware/Autoware/install/map_file:/home/autoware/Autoware/install/lanelet2_extension:/home/autoware/Autoware/install/vector_map:/home/autoware/Autoware/install/amathutils_lib:/home/autoware/Autoware/install/vector_map_msgs:/home/autoware/Autoware/install/autoware_msgs:/home/autoware/Autoware/install/autoware_lanelet2_msgs:${CMAKE_PREFIX_PATH} LD_LIBRARY_PATH=/home/autoware/Autoware/install/map_file/lib:/home/autoware/Autoware/install/lanelet2_extension/lib:/home/autoware/Autoware/install/vector_map/lib:/home/autoware/Autoware/install/amathutils_lib/lib:${LD_LIBRARY_PATH} PKG_CONFIG_PATH=/home/autoware/Autoware/install/map_file/lib/x86_64-linux-gnu/pkgconfig:/home/autoware/Autoware/install/map_file/lib/pkgconfig:/home/autoware/Autoware/install/lanelet2_extension/lib/x86_64-linux-gnu/pkgconfig:/home/autoware/Autoware/install/lanelet2_extension/lib/pkgconfig:/home/autoware/Autoware/install/vector_map/lib/x86_64-linux-gnu/pkgconfig:/home/autoware/Autoware/install/vector_map/lib/pkgconfig:/home/autoware/Autoware/install/amathutils_lib/lib/x86_64-linux-gnu/pkgconfig:/home/autoware/Autoware/install/amathutils_lib/lib/pkgconfig:/home/autoware/Autoware/install/vector_map_msgs/lib/x86_64-linux-gnu/pkgconfig:/home/autoware/Autoware/install/vector_map_msgs/lib/pkgconfig:/home/autoware/Autoware/install/autoware_msgs/lib/x86_64-linux-gnu/pkgconfig:/home/autoware/Autoware/install/autoware_msgs/lib/pkgconfig:/home/autoware/Autoware/install/autoware_lanelet2_msgs/lib/x86_64-linux-gnu/pkgconfig:/home/autoware/Autoware/install/autoware_lanelet2_msgs/lib/pkgconfig:${PKG_CONFIG_PATH} PYTHONPATH=/home/autoware/Autoware/install/vector_map_msgs/lib/python2.7/dist-packages:/home/autoware/Autoware/install/autoware_msgs/lib/python2.7/dist-packages:/home/autoware/Autoware/install/autoware_lanelet2_msgs/lib/python2.7/dist-packages:${PYTHONPATH} ROS_PACKAGE_PATH=/home/autoware/Autoware/install/map_file/share:/home/autoware/Autoware/install/lanelet2_extension/share:/home/autoware/Autoware/install/vector_map/share:/home/autoware/Autoware/install/amathutils_lib/share:/home/autoware/Autoware/install/vector_map_msgs/share:/home/autoware/Autoware/install/autoware_msgs/share:/home/autoware/Autoware/install/autoware_lanelet2_msgs/share:${ROS_PACKAGE_PATH} /usr/bin/cmake --build /home/autoware/Autoware/build/lanelet_aisan_converter --target install -- -j2 -l2
