[0.015s] Invoking command in '/home/autoware/Autoware/build/vision_lane_detect': CMAKE_PREFIX_PATH=/home/autoware/Autoware/install/autoware_msgs:${CMAKE_PREFIX_PATH} PKG_CONFIG_PATH=/home/autoware/Autoware/install/autoware_msgs/lib/x86_64-linux-gnu/pkgconfig:/home/autoware/Autoware/install/autoware_msgs/lib/pkgconfig:${PKG_CONFIG_PATH} PYTHONPATH=/home/autoware/Autoware/install/autoware_msgs/lib/python2.7/dist-packages:${PYTHONPATH} ROS_PACKAGE_PATH=/home/autoware/Autoware/install/autoware_msgs/share:${ROS_PACKAGE_PATH} /usr/bin/cmake /home/autoware/Autoware/src/autoware/core_perception/vision_lane_detect -DCMAKE_BUILD_TYPE=Release -DCATKIN_INSTALL_INTO_PREFIX_ROOT=0 -DCMAKE_INSTALL_PREFIX=/home/autoware/Autoware/install/vision_lane_detect
[0.097s] -- The C compiler identification is GNU 7.5.0
[0.176s] -- The CXX compiler identification is GNU 7.5.0
[0.182s] -- Check for working C compiler: /usr/bin/cc
[0.278s] -- Check for working C compiler: /usr/bin/cc -- works
[0.278s] -- Detecting C compiler ABI info
[0.373s] -- Detecting C compiler ABI info - done
[0.378s] -- Detecting C compile features
[0.658s] -- Detecting C compile features - done
[0.662s] -- Check for working CXX compiler: /usr/bin/c++
[0.774s] -- Check for working CXX compiler: /usr/bin/c++ -- works
[0.774s] -- Detecting CXX compiler ABI info
[0.873s] -- Detecting CXX compiler ABI info - done
[0.883s] -- Detecting CXX compile features
[1.356s] -- Detecting CXX compile features - done
[1.359s] -- Using CATKIN_DEVEL_PREFIX: /home/autoware/Autoware/build/vision_lane_detect/devel
[1.360s] -- Using CMAKE_PREFIX_PATH: /home/autoware/Autoware/install/autoware_msgs;/opt/ros/melodic
[1.360s] -- This workspace overlays: /home/autoware/Autoware/install/autoware_msgs;/opt/ros/melodic
[1.381s] -- Found PythonInterp: /usr/bin/python2 (found suitable version "2.7.17", minimum required is "2") 
[1.382s] -- Using PYTHON_EXECUTABLE: /usr/bin/python2
[1.382s] -- Using Debian Python package layout
[1.382s] -- Using empy: /usr/bin/empy
[1.562s] -- Using CATKIN_ENABLE_TESTING: ON
[1.562s] -- Call enable_testing()
[1.569s] -- Using CATKIN_TEST_RESULTS_DIR: /home/autoware/Autoware/build/vision_lane_detect/test_results
[1.596s] -- Found gtest sources under '/usr/src/googletest': gtests will be built
[1.596s] -- Found gmock sources under '/usr/src/googletest': gmock will be built
[1.617s] -- Found PythonInterp: /usr/bin/python2 (found version "2.7.17") 
[1.618s] -- Looking for pthread.h
[1.714s] -- Looking for pthread.h - found
[1.714s] -- Looking for pthread_create
[1.809s] -- Looking for pthread_create - not found
[1.810s] -- Looking for pthread_create in pthreads
[1.889s] -- Looking for pthread_create in pthreads - not found
[1.890s] -- Looking for pthread_create in pthread
[1.990s] -- Looking for pthread_create in pthread - found
[1.990s] -- Found Threads: TRUE  
[1.990s] -- Using Python nosetests: /usr/bin/nosetests-2.7
[2.047s] -- catkin 0.7.26
[2.047s] -- BUILD_SHARED_LIBS is on
[2.249s] -- Using these message generators: gencpp;geneus;genlisp;gennodejs;genpy
[2.457s] -- Found OpenCV: /usr (found version "3.2.0") 
[2.465s] -- Found OpenGL: /usr/lib/x86_64-linux-gnu/libOpenGL.so   
[2.669s] -- Configuring done
[2.719s] -- Generating done
[2.729s] -- Build files have been written to: /home/autoware/Autoware/build/vision_lane_detect
[2.738s] Invoked command in '/home/autoware/Autoware/build/vision_lane_detect' returned '0': CMAKE_PREFIX_PATH=/home/autoware/Autoware/install/autoware_msgs:${CMAKE_PREFIX_PATH} PKG_CONFIG_PATH=/home/autoware/Autoware/install/autoware_msgs/lib/x86_64-linux-gnu/pkgconfig:/home/autoware/Autoware/install/autoware_msgs/lib/pkgconfig:${PKG_CONFIG_PATH} PYTHONPATH=/home/autoware/Autoware/install/autoware_msgs/lib/python2.7/dist-packages:${PYTHONPATH} ROS_PACKAGE_PATH=/home/autoware/Autoware/install/autoware_msgs/share:${ROS_PACKAGE_PATH} /usr/bin/cmake /home/autoware/Autoware/src/autoware/core_perception/vision_lane_detect -DCMAKE_BUILD_TYPE=Release -DCATKIN_INSTALL_INTO_PREFIX_ROOT=0 -DCMAKE_INSTALL_PREFIX=/home/autoware/Autoware/install/vision_lane_detect
[2.739s] Invoking command in '/home/autoware/Autoware/build/vision_lane_detect': CMAKE_PREFIX_PATH=/home/autoware/Autoware/install/autoware_msgs:${CMAKE_PREFIX_PATH} PKG_CONFIG_PATH=/home/autoware/Autoware/install/autoware_msgs/lib/x86_64-linux-gnu/pkgconfig:/home/autoware/Autoware/install/autoware_msgs/lib/pkgconfig:${PKG_CONFIG_PATH} PYTHONPATH=/home/autoware/Autoware/install/autoware_msgs/lib/python2.7/dist-packages:${PYTHONPATH} ROS_PACKAGE_PATH=/home/autoware/Autoware/install/autoware_msgs/share:${ROS_PACKAGE_PATH} /usr/bin/cmake --build /home/autoware/Autoware/build/vision_lane_detect -- -j2 -l2
[2.797s] Scanning dependencies of target jsk_footstep_msgs_generate_messages_cpp
[2.811s] [  0%] Built target jsk_footstep_msgs_generate_messages_cpp
[2.825s] Scanning dependencies of target rosgraph_msgs_generate_messages_py
[2.839s] [  0%] Built target rosgraph_msgs_generate_messages_py
[2.853s] Scanning dependencies of target rosgraph_msgs_generate_messages_nodejs
[2.867s] [  0%] Built target rosgraph_msgs_generate_messages_nodejs
[2.881s] Scanning dependencies of target rosgraph_msgs_generate_messages_lisp
[2.895s] [  0%] Built target rosgraph_msgs_generate_messages_lisp
[2.909s] Scanning dependencies of target roscpp_generate_messages_py
[2.922s] [  0%] Built target roscpp_generate_messages_py
[2.936s] Scanning dependencies of target roscpp_generate_messages_lisp
[2.950s] [  0%] Built target roscpp_generate_messages_lisp
[2.965s] Scanning dependencies of target actionlib_msgs_generate_messages_lisp
[2.980s] [  0%] Built target actionlib_msgs_generate_messages_lisp
[2.996s] Scanning dependencies of target actionlib_msgs_generate_messages_cpp
[3.011s] [  0%] Built target actionlib_msgs_generate_messages_cpp
[3.026s] Scanning dependencies of target jsk_footstep_msgs_generate_messages_nodejs
[3.041s] [  0%] Built target jsk_footstep_msgs_generate_messages_nodejs
[3.055s] Scanning dependencies of target jsk_footstep_msgs_generate_messages_lisp
[3.069s] [  0%] Built target jsk_footstep_msgs_generate_messages_lisp
[3.084s] Scanning dependencies of target actionlib_msgs_generate_messages_py
[3.098s] [  0%] Built target actionlib_msgs_generate_messages_py
[3.112s] Scanning dependencies of target jsk_footstep_msgs_generate_messages_eus
[3.127s] [  0%] Built target jsk_footstep_msgs_generate_messages_eus
[3.141s] Scanning dependencies of target autoware_msgs_generate_messages_nodejs
[3.156s] [  0%] Built target autoware_msgs_generate_messages_nodejs
[3.170s] Scanning dependencies of target std_msgs_generate_messages_eus
[3.183s] [  0%] Built target std_msgs_generate_messages_eus
[3.197s] Scanning dependencies of target pcl_msgs_generate_messages_lisp
[3.211s] [  0%] Built target pcl_msgs_generate_messages_lisp
[3.225s] Scanning dependencies of target actionlib_msgs_generate_messages_eus
[3.239s] [  0%] Built target actionlib_msgs_generate_messages_eus
[3.254s] Scanning dependencies of target autoware_msgs_generate_messages_lisp
[3.269s] [  0%] Built target autoware_msgs_generate_messages_lisp
[3.284s] Scanning dependencies of target autoware_msgs_generate_messages_eus
[3.298s] [  0%] Built target autoware_msgs_generate_messages_eus
[3.314s] Scanning dependencies of target jsk_recognition_msgs_generate_messages_cpp
[3.328s] [  0%] Built target jsk_recognition_msgs_generate_messages_cpp
[3.344s] Scanning dependencies of target pcl_msgs_generate_messages_cpp
[3.360s] [  0%] Built target pcl_msgs_generate_messages_cpp
[3.376s] Scanning dependencies of target geometry_msgs_generate_messages_cpp
[3.392s] [  0%] Built target geometry_msgs_generate_messages_cpp
[3.409s] Scanning dependencies of target geometry_msgs_generate_messages_lisp
[3.425s] [  0%] Built target geometry_msgs_generate_messages_lisp
[3.442s] Scanning dependencies of target pcl_msgs_generate_messages_py
[3.458s] [  0%] Built target pcl_msgs_generate_messages_py
[3.477s] Scanning dependencies of target roscpp_generate_messages_nodejs
[3.492s] [  0%] Built target roscpp_generate_messages_nodejs
[3.508s] Scanning dependencies of target roscpp_generate_messages_eus
[3.523s] [  0%] Built target roscpp_generate_messages_eus
[3.538s] Scanning dependencies of target geometry_msgs_generate_messages_eus
[3.553s] [  0%] Built target geometry_msgs_generate_messages_eus
[3.570s] Scanning dependencies of target actionlib_msgs_generate_messages_nodejs
[3.585s] [  0%] Built target actionlib_msgs_generate_messages_nodejs
[3.600s] Scanning dependencies of target jsk_footstep_msgs_generate_messages_py
[3.615s] [  0%] Built target jsk_footstep_msgs_generate_messages_py
[3.636s] Scanning dependencies of target std_msgs_generate_messages_cpp
[3.655s] [  0%] Built target std_msgs_generate_messages_cpp
[3.670s] Scanning dependencies of target geometry_msgs_generate_messages_nodejs
[3.684s] [  0%] Built target geometry_msgs_generate_messages_nodejs
[3.699s] Scanning dependencies of target sensor_msgs_generate_messages_py
[3.713s] [  0%] Built target sensor_msgs_generate_messages_py
[3.727s] Scanning dependencies of target sensor_msgs_generate_messages_lisp
[3.742s] [  0%] Built target sensor_msgs_generate_messages_lisp
[3.757s] Scanning dependencies of target jsk_recognition_msgs_generate_messages_py
[3.772s] [  0%] Built target jsk_recognition_msgs_generate_messages_py
[3.786s] Scanning dependencies of target pcl_msgs_generate_messages_nodejs
[3.800s] [  0%] Built target pcl_msgs_generate_messages_nodejs
[3.814s] Scanning dependencies of target rosgraph_msgs_generate_messages_cpp
[3.827s] [  0%] Built target rosgraph_msgs_generate_messages_cpp
[3.842s] Scanning dependencies of target autoware_msgs_generate_messages_cpp
[3.858s] [  0%] Built target autoware_msgs_generate_messages_cpp
[3.873s] Scanning dependencies of target std_msgs_generate_messages_lisp
[3.888s] [  0%] Built target std_msgs_generate_messages_lisp
[3.902s] Scanning dependencies of target sensor_msgs_generate_messages_cpp
[3.916s] [  0%] Built target sensor_msgs_generate_messages_cpp
[3.931s] Scanning dependencies of target _catkin_empty_exported_target
[3.948s] [  0%] Built target _catkin_empty_exported_target
[3.963s] Scanning dependencies of target sensor_msgs_generate_messages_eus
[3.977s] [  0%] Built target sensor_msgs_generate_messages_eus
[3.997s] Scanning dependencies of target std_msgs_generate_messages_nodejs
[4.013s] [  0%] Built target std_msgs_generate_messages_nodejs
[4.027s] Scanning dependencies of target autoware_msgs_generate_messages_py
[4.041s] [  0%] Built target autoware_msgs_generate_messages_py
[4.056s] Scanning dependencies of target std_msgs_generate_messages_py
[4.070s] [  0%] Built target std_msgs_generate_messages_py
[4.084s] Scanning dependencies of target jsk_recognition_msgs_generate_messages_eus
[4.097s] [  0%] Built target jsk_recognition_msgs_generate_messages_eus
[4.111s] Scanning dependencies of target jsk_recognition_msgs_generate_messages_lisp
[4.124s] [  0%] Built target jsk_recognition_msgs_generate_messages_lisp
[4.139s] Scanning dependencies of target rosgraph_msgs_generate_messages_eus
[4.152s] [  0%] Built target rosgraph_msgs_generate_messages_eus
[4.166s] Scanning dependencies of target jsk_recognition_msgs_generate_messages_nodejs
[4.180s] [  0%] Built target jsk_recognition_msgs_generate_messages_nodejs
[4.194s] Scanning dependencies of target pcl_msgs_generate_messages_eus
[4.208s] [  0%] Built target pcl_msgs_generate_messages_eus
[4.223s] Scanning dependencies of target roscpp_generate_messages_cpp
[4.236s] [  0%] Built target roscpp_generate_messages_cpp
[4.250s] Scanning dependencies of target sensor_msgs_generate_messages_nodejs
[4.263s] [  0%] Built target sensor_msgs_generate_messages_nodejs
[4.277s] Scanning dependencies of target geometry_msgs_generate_messages_py
[4.291s] [  0%] Built target geometry_msgs_generate_messages_py
[4.316s] Scanning dependencies of target vision_lane_detect
[4.341s] [ 50%] Building CXX object CMakeFiles/vision_lane_detect.dir/nodes/vision_lane_detect/vision_lane_detect.cpp.o
[7.493s] [100%] Linking CXX executable devel/lib/vision_lane_detect/vision_lane_detect
[7.982s] [100%] Built target vision_lane_detect
[7.996s] Invoked command in '/home/autoware/Autoware/build/vision_lane_detect' returned '0': CMAKE_PREFIX_PATH=/home/autoware/Autoware/install/autoware_msgs:${CMAKE_PREFIX_PATH} PKG_CONFIG_PATH=/home/autoware/Autoware/install/autoware_msgs/lib/x86_64-linux-gnu/pkgconfig:/home/autoware/Autoware/install/autoware_msgs/lib/pkgconfig:${PKG_CONFIG_PATH} PYTHONPATH=/home/autoware/Autoware/install/autoware_msgs/lib/python2.7/dist-packages:${PYTHONPATH} ROS_PACKAGE_PATH=/home/autoware/Autoware/install/autoware_msgs/share:${ROS_PACKAGE_PATH} /usr/bin/cmake --build /home/autoware/Autoware/build/vision_lane_detect -- -j2 -l2
[8.099s] Invoking command in '/home/autoware/Autoware/build/vision_lane_detect': CMAKE_PREFIX_PATH=/home/autoware/Autoware/install/autoware_msgs:${CMAKE_PREFIX_PATH} PKG_CONFIG_PATH=/home/autoware/Autoware/install/autoware_msgs/lib/x86_64-linux-gnu/pkgconfig:/home/autoware/Autoware/install/autoware_msgs/lib/pkgconfig:${PKG_CONFIG_PATH} PYTHONPATH=/home/autoware/Autoware/install/autoware_msgs/lib/python2.7/dist-packages:${PYTHONPATH} ROS_PACKAGE_PATH=/home/autoware/Autoware/install/autoware_msgs/share:${ROS_PACKAGE_PATH} /usr/bin/cmake --build /home/autoware/Autoware/build/vision_lane_detect --target tests -- -j2 -l2
[8.178s] Scanning dependencies of target tests
[8.192s] Built target tests
[8.209s] Invoked command in '/home/autoware/Autoware/build/vision_lane_detect' returned '0': CMAKE_PREFIX_PATH=/home/autoware/Autoware/install/autoware_msgs:${CMAKE_PREFIX_PATH} PKG_CONFIG_PATH=/home/autoware/Autoware/install/autoware_msgs/lib/x86_64-linux-gnu/pkgconfig:/home/autoware/Autoware/install/autoware_msgs/lib/pkgconfig:${PKG_CONFIG_PATH} PYTHONPATH=/home/autoware/Autoware/install/autoware_msgs/lib/python2.7/dist-packages:${PYTHONPATH} ROS_PACKAGE_PATH=/home/autoware/Autoware/install/autoware_msgs/share:${ROS_PACKAGE_PATH} /usr/bin/cmake --build /home/autoware/Autoware/build/vision_lane_detect --target tests -- -j2 -l2
[8.307s] Invoking command in '/home/autoware/Autoware/build/vision_lane_detect': CMAKE_PREFIX_PATH=/home/autoware/Autoware/install/autoware_msgs:${CMAKE_PREFIX_PATH} PKG_CONFIG_PATH=/home/autoware/Autoware/install/autoware_msgs/lib/x86_64-linux-gnu/pkgconfig:/home/autoware/Autoware/install/autoware_msgs/lib/pkgconfig:${PKG_CONFIG_PATH} PYTHONPATH=/home/autoware/Autoware/install/autoware_msgs/lib/python2.7/dist-packages:${PYTHONPATH} ROS_PACKAGE_PATH=/home/autoware/Autoware/install/autoware_msgs/share:${ROS_PACKAGE_PATH} /usr/bin/cmake --build /home/autoware/Autoware/build/vision_lane_detect --target install -- -j2 -l2
[8.383s] [  0%] Built target jsk_footstep_msgs_generate_messages_cpp
[8.413s] [  0%] Built target rosgraph_msgs_generate_messages_py
[8.447s] [  0%] Built target rosgraph_msgs_generate_messages_nodejs
[8.480s] [  0%] Built target rosgraph_msgs_generate_messages_lisp
[8.507s] [  0%] Built target roscpp_generate_messages_py
[8.535s] [  0%] Built target roscpp_generate_messages_lisp
[8.562s] [  0%] Built target actionlib_msgs_generate_messages_lisp
[8.595s] [  0%] Built target actionlib_msgs_generate_messages_cpp
[8.625s] [  0%] Built target jsk_footstep_msgs_generate_messages_nodejs
[8.653s] [  0%] Built target jsk_footstep_msgs_generate_messages_lisp
[8.682s] [  0%] Built target actionlib_msgs_generate_messages_py
[8.709s] [  0%] Built target jsk_footstep_msgs_generate_messages_eus
[8.737s] [  0%] Built target autoware_msgs_generate_messages_nodejs
[8.765s] [  0%] Built target std_msgs_generate_messages_eus
[8.794s] [  0%] Built target pcl_msgs_generate_messages_lisp
[8.822s] [  0%] Built target actionlib_msgs_generate_messages_eus
[8.850s] [  0%] Built target autoware_msgs_generate_messages_lisp
[8.876s] [  0%] Built target autoware_msgs_generate_messages_eus
[8.903s] [  0%] Built target jsk_recognition_msgs_generate_messages_cpp
[8.930s] [  0%] Built target pcl_msgs_generate_messages_cpp
[8.957s] [  0%] Built target geometry_msgs_generate_messages_cpp
[8.984s] [  0%] Built target geometry_msgs_generate_messages_lisp
[9.010s] [  0%] Built target pcl_msgs_generate_messages_py
[9.036s] [  0%] Built target roscpp_generate_messages_nodejs
[9.064s] [  0%] Built target roscpp_generate_messages_eus
[9.091s] [  0%] Built target geometry_msgs_generate_messages_eus
[9.130s] [  0%] Built target actionlib_msgs_generate_messages_nodejs
[9.159s] [  0%] Built target jsk_footstep_msgs_generate_messages_py
[9.186s] [  0%] Built target std_msgs_generate_messages_cpp
[9.214s] [  0%] Built target geometry_msgs_generate_messages_nodejs
[9.240s] [  0%] Built target sensor_msgs_generate_messages_py
[9.268s] [  0%] Built target sensor_msgs_generate_messages_lisp
[9.295s] [  0%] Built target jsk_recognition_msgs_generate_messages_py
[9.322s] [  0%] Built target pcl_msgs_generate_messages_nodejs
[9.349s] [  0%] Built target rosgraph_msgs_generate_messages_cpp
[9.375s] [  0%] Built target autoware_msgs_generate_messages_cpp
[9.402s] [  0%] Built target std_msgs_generate_messages_lisp
[9.429s] [  0%] Built target sensor_msgs_generate_messages_cpp
[9.455s] [  0%] Built target _catkin_empty_exported_target
[9.482s] [  0%] Built target sensor_msgs_generate_messages_eus
[9.509s] [  0%] Built target std_msgs_generate_messages_nodejs
[9.535s] [  0%] Built target autoware_msgs_generate_messages_py
[9.562s] [  0%] Built target std_msgs_generate_messages_py
[9.589s] [  0%] Built target jsk_recognition_msgs_generate_messages_eus
[9.616s] [  0%] Built target jsk_recognition_msgs_generate_messages_lisp
[9.646s] [  0%] Built target rosgraph_msgs_generate_messages_eus
[9.684s] [  0%] Built target jsk_recognition_msgs_generate_messages_nodejs
[9.711s] [  0%] Built target pcl_msgs_generate_messages_eus
[9.738s] [  0%] Built target roscpp_generate_messages_cpp
[9.765s] [  0%] Built target sensor_msgs_generate_messages_nodejs
[9.790s] [  0%] Built target geometry_msgs_generate_messages_py
[9.824s] [100%] Built target vision_lane_detect
[9.849s] Install the project...
[9.860s] -- Install configuration: "Release"
[9.860s] -- Installing: /home/autoware/Autoware/install/vision_lane_detect/lib/pkgconfig/vision_lane_detect.pc
[9.861s] -- Installing: /home/autoware/Autoware/install/vision_lane_detect/share/vision_lane_detect/cmake/vision_lane_detectConfig.cmake
[9.861s] -- Installing: /home/autoware/Autoware/install/vision_lane_detect/share/vision_lane_detect/cmake/vision_lane_detectConfig-version.cmake
[9.861s] -- Installing: /home/autoware/Autoware/install/vision_lane_detect/share/vision_lane_detect/package.xml
[9.861s] -- Installing: /home/autoware/Autoware/install/vision_lane_detect/lib/vision_lane_detect/vision_lane_detect
[9.862s] -- Set runtime path of "/home/autoware/Autoware/install/vision_lane_detect/lib/vision_lane_detect/vision_lane_detect" to ""
[9.867s] Invoked command in '/home/autoware/Autoware/build/vision_lane_detect' returned '0': CMAKE_PREFIX_PATH=/home/autoware/Autoware/install/autoware_msgs:${CMAKE_PREFIX_PATH} PKG_CONFIG_PATH=/home/autoware/Autoware/install/autoware_msgs/lib/x86_64-linux-gnu/pkgconfig:/home/autoware/Autoware/install/autoware_msgs/lib/pkgconfig:${PKG_CONFIG_PATH} PYTHONPATH=/home/autoware/Autoware/install/autoware_msgs/lib/python2.7/dist-packages:${PYTHONPATH} ROS_PACKAGE_PATH=/home/autoware/Autoware/install/autoware_msgs/share:${ROS_PACKAGE_PATH} /usr/bin/cmake --build /home/autoware/Autoware/build/vision_lane_detect --target install -- -j2 -l2
