-- The C compiler identification is GNU 7.5.0
-- The CXX compiler identification is GNU 7.5.0
-- Check for working C compiler: /usr/bin/cc
-- Check for working C compiler: /usr/bin/cc -- works
-- Detecting C compiler ABI info
-- Detecting C compiler ABI info - done
-- Detecting C compile features
-- Detecting C compile features - done
-- Check for working CXX compiler: /usr/bin/c++
-- Check for working CXX compiler: /usr/bin/c++ -- works
-- Detecting CXX compiler ABI info
-- Detecting CXX compiler ABI info - done
-- Detecting CXX compile features
-- Detecting CXX compile features - done
-- Using CATKIN_DEVEL_PREFIX: /home/autoware/Autoware/build/autoware_config_msgs/devel
-- Using CMAKE_PREFIX_PATH: /opt/ros/melodic
-- This workspace overlays: /opt/ros/melodic
-- Found PythonInterp: /usr/bin/python2 (found suitable version "2.7.17", minimum required is "2") 
-- Using PYTHON_EXECUTABLE: /usr/bin/python2
-- Using Debian Python package layout
-- Using empy: /usr/bin/empy
-- Using CATKIN_ENABLE_TESTING: ON
-- Call enable_testing()
-- Using CATKIN_TEST_RESULTS_DIR: /home/autoware/Autoware/build/autoware_config_msgs/test_results
-- Found gtest sources under '/usr/src/googletest': gtests will be built
-- Found gmock sources under '/usr/src/googletest': gmock will be built
-- Found PythonInterp: /usr/bin/python2 (found version "2.7.17") 
-- Looking for pthread.h
-- Looking for pthread.h - found
-- Looking for pthread_create
-- Looking for pthread_create - not found
-- Looking for pthread_create in pthreads
-- Looking for pthread_create in pthreads - not found
-- Looking for pthread_create in pthread
-- Looking for pthread_create in pthread - found
-- Found Threads: TRUE  
-- Using Python nosetests: /usr/bin/nosetests-2.7
-- catkin 0.7.26
-- BUILD_SHARED_LIBS is on
-- Using these message generators: gencpp;geneus;genlisp;gennodejs;genpy
-- autoware_config_msgs: 31 messages, 0 services
-- Configuring done
-- Generating done
-- Build files have been written to: /home/autoware/Autoware/build/autoware_config_msgs
Scanning dependencies of target _autoware_config_msgs_generate_messages_check_deps_ConfigNDTMappingOutput
[  0%] Built target _autoware_config_msgs_generate_messages_check_deps_ConfigNDTMappingOutput
Scanning dependencies of target _autoware_config_msgs_generate_messages_check_deps_ConfigRingFilter
[  0%] Built target _autoware_config_msgs_generate_messages_check_deps_ConfigRingFilter
Scanning dependencies of target _autoware_config_msgs_generate_messages_check_deps_ConfigDecisionMaker
[  0%] Built target _autoware_config_msgs_generate_messages_check_deps_ConfigDecisionMaker
Scanning dependencies of target _autoware_config_msgs_generate_messages_check_deps_ConfigLaneRule
[  0%] Built target _autoware_config_msgs_generate_messages_check_deps_ConfigLaneRule
Scanning dependencies of target _autoware_config_msgs_generate_messages_check_deps_ConfigPedestrianFusion
[  0%] Built target _autoware_config_msgs_generate_messages_check_deps_ConfigPedestrianFusion
Scanning dependencies of target _autoware_config_msgs_generate_messages_check_deps_ConfigDistanceFilter
[  0%] Built target _autoware_config_msgs_generate_messages_check_deps_ConfigDistanceFilter
Scanning dependencies of target _autoware_config_msgs_generate_messages_check_deps_ConfigPedestrianKF
[  0%] Built target _autoware_config_msgs_generate_messages_check_deps_ConfigPedestrianKF
Scanning dependencies of target std_msgs_generate_messages_lisp
[  0%] Built target std_msgs_generate_messages_lisp
Scanning dependencies of target _autoware_config_msgs_generate_messages_check_deps_ConfigApproximateNDTMapping
[  0%] Built target _autoware_config_msgs_generate_messages_check_deps_ConfigApproximateNDTMapping
Scanning dependencies of target _autoware_config_msgs_generate_messages_check_deps_ConfigTwistFilter
[  0%] Built target _autoware_config_msgs_generate_messages_check_deps_ConfigTwistFilter
Scanning dependencies of target _autoware_config_msgs_generate_messages_check_deps_ConfigLatticeVelocitySet
[  0%] Built target _autoware_config_msgs_generate_messages_check_deps_ConfigLatticeVelocitySet
Scanning dependencies of target _autoware_config_msgs_generate_messages_check_deps_ConfigCarKF
[  0%] Built target _autoware_config_msgs_generate_messages_check_deps_ConfigCarKF
Scanning dependencies of target _autoware_config_msgs_generate_messages_check_deps_ConfigVoxelGridFilter
[  0%] Built target _autoware_config_msgs_generate_messages_check_deps_ConfigVoxelGridFilter
Scanning dependencies of target _autoware_config_msgs_generate_messages_check_deps_ConfigPedestrianDPM
[  0%] Built target _autoware_config_msgs_generate_messages_check_deps_ConfigPedestrianDPM
Scanning dependencies of target _autoware_config_msgs_generate_messages_check_deps_ConfigCarDPM
[  0%] Built target _autoware_config_msgs_generate_messages_check_deps_ConfigCarDPM
Scanning dependencies of target _autoware_config_msgs_generate_messages_check_deps_ConfigLaneStop
[  0%] Built target _autoware_config_msgs_generate_messages_check_deps_ConfigLaneStop
Scanning dependencies of target _autoware_config_msgs_generate_messages_check_deps_ConfigCarFusion
[  0%] Built target _autoware_config_msgs_generate_messages_check_deps_ConfigCarFusion
Scanning dependencies of target _autoware_config_msgs_generate_messages_check_deps_ConfigWaypointReplanner
[  0%] Built target _autoware_config_msgs_generate_messages_check_deps_ConfigWaypointReplanner
Scanning dependencies of target _autoware_config_msgs_generate_messages_check_deps_ConfigRayGroundFilter
[  0%] Built target _autoware_config_msgs_generate_messages_check_deps_ConfigRayGroundFilter
Scanning dependencies of target _autoware_config_msgs_generate_messages_check_deps_ConfigWaypointFollower
[  0%] Built target _autoware_config_msgs_generate_messages_check_deps_ConfigWaypointFollower
Scanning dependencies of target _autoware_config_msgs_generate_messages_check_deps_ConfigICP
[  0%] Built target _autoware_config_msgs_generate_messages_check_deps_ConfigICP
Scanning dependencies of target _autoware_config_msgs_generate_messages_check_deps_ConfigNDT
[  0%] Built target _autoware_config_msgs_generate_messages_check_deps_ConfigNDT
Scanning dependencies of target _autoware_config_msgs_generate_messages_check_deps_ConfigRingGroundFilter
[  0%] Built target _autoware_config_msgs_generate_messages_check_deps_ConfigRingGroundFilter
Scanning dependencies of target _autoware_config_msgs_generate_messages_check_deps_ConfigLaneSelect
[  0%] Built target _autoware_config_msgs_generate_messages_check_deps_ConfigLaneSelect
Scanning dependencies of target _autoware_config_msgs_generate_messages_check_deps_ConfigCompareMapFilter
[  0%] Built target _autoware_config_msgs_generate_messages_check_deps_ConfigCompareMapFilter
Scanning dependencies of target _autoware_config_msgs_generate_messages_check_deps_ConfigNDTMapping
[  0%] Built target _autoware_config_msgs_generate_messages_check_deps_ConfigNDTMapping
Scanning dependencies of target _autoware_config_msgs_generate_messages_check_deps_ConfigPoints2Polygon
[  0%] Built target _autoware_config_msgs_generate_messages_check_deps_ConfigPoints2Polygon
Scanning dependencies of target _autoware_config_msgs_generate_messages_check_deps_ConfigRandomFilter
[  0%] Built target _autoware_config_msgs_generate_messages_check_deps_ConfigRandomFilter
Scanning dependencies of target _autoware_config_msgs_generate_messages_check_deps_ConfigRcnn
[  0%] Built target _autoware_config_msgs_generate_messages_check_deps_ConfigRcnn
Scanning dependencies of target _autoware_config_msgs_generate_messages_check_deps_ConfigSSD
[  0%] Built target _autoware_config_msgs_generate_messages_check_deps_ConfigSSD
Scanning dependencies of target _autoware_config_msgs_generate_messages_check_deps_ConfigPlannerSelector
[  0%] Built target _autoware_config_msgs_generate_messages_check_deps_ConfigPlannerSelector
Scanning dependencies of target _autoware_config_msgs_generate_messages_check_deps_ConfigVelocitySet
[  0%] Built target _autoware_config_msgs_generate_messages_check_deps_ConfigVelocitySet
Scanning dependencies of target std_msgs_generate_messages_cpp
[  0%] Built target std_msgs_generate_messages_cpp
Scanning dependencies of target std_msgs_generate_messages_py
[  0%] Built target std_msgs_generate_messages_py
Scanning dependencies of target std_msgs_generate_messages_nodejs
[  0%] Built target std_msgs_generate_messages_nodejs
Scanning dependencies of target std_msgs_generate_messages_eus
[  0%] Built target std_msgs_generate_messages_eus
Scanning dependencies of target autoware_config_msgs_generate_messages_lisp
[  1%] Generating Lisp code from autoware_config_msgs/ConfigCarKF.msg
[  1%] Generating Lisp code from autoware_config_msgs/ConfigNDTMappingOutput.msg
[  2%] Generating Lisp code from autoware_config_msgs/ConfigPlannerSelector.msg
[  2%] Generating Lisp code from autoware_config_msgs/ConfigVelocitySet.msg
[  3%] Generating Lisp code from autoware_config_msgs/ConfigNDT.msg
[  4%] Generating Lisp code from autoware_config_msgs/ConfigCarDPM.msg
[  4%] Generating Lisp code from autoware_config_msgs/ConfigTwistFilter.msg
[  5%] Generating Lisp code from autoware_config_msgs/ConfigLaneStop.msg
[  5%] Generating Lisp code from autoware_config_msgs/ConfigCompareMapFilter.msg
[  6%] Generating Lisp code from autoware_config_msgs/ConfigVoxelGridFilter.msg
[  7%] Generating Lisp code from autoware_config_msgs/ConfigWaypointFollower.msg
[  7%] Generating Lisp code from autoware_config_msgs/ConfigICP.msg
[  8%] Generating Lisp code from autoware_config_msgs/ConfigCarFusion.msg
[  8%] Generating Lisp code from autoware_config_msgs/ConfigRingGroundFilter.msg
[  9%] Generating Lisp code from autoware_config_msgs/ConfigLaneSelect.msg
[ 10%] Generating Lisp code from autoware_config_msgs/ConfigRcnn.msg
[ 10%] Generating Lisp code from autoware_config_msgs/ConfigApproximateNDTMapping.msg
[ 11%] Generating Lisp code from autoware_config_msgs/ConfigNDTMapping.msg
[ 11%] Generating Lisp code from autoware_config_msgs/ConfigPedestrianDPM.msg
[ 12%] Generating Lisp code from autoware_config_msgs/ConfigRandomFilter.msg
[ 13%] Generating Lisp code from autoware_config_msgs/ConfigSSD.msg
[ 13%] Generating Lisp code from autoware_config_msgs/ConfigRayGroundFilter.msg
[ 15%] Generating Lisp code from autoware_config_msgs/ConfigPoints2Polygon.msg
[ 15%] Generating Lisp code from autoware_config_msgs/ConfigPedestrianKF.msg
[ 16%] Generating Lisp code from autoware_config_msgs/ConfigPedestrianFusion.msg
[ 16%] Generating Lisp code from autoware_config_msgs/ConfigWaypointReplanner.msg
[ 17%] Generating Lisp code from autoware_config_msgs/ConfigLaneRule.msg
[ 18%] Generating Lisp code from autoware_config_msgs/ConfigDecisionMaker.msg
[ 18%] Generating Lisp code from autoware_config_msgs/ConfigRingFilter.msg
[ 19%] Generating Lisp code from autoware_config_msgs/ConfigLatticeVelocitySet.msg
[ 19%] Generating Lisp code from autoware_config_msgs/ConfigDistanceFilter.msg
[ 19%] Built target autoware_config_msgs_generate_messages_lisp
Scanning dependencies of target autoware_config_msgs_generate_messages_cpp
[ 19%] Generating C++ code from autoware_config_msgs/ConfigCarKF.msg
[ 20%] Generating C++ code from autoware_config_msgs/ConfigNDTMappingOutput.msg
[ 20%] Generating C++ code from autoware_config_msgs/ConfigPlannerSelector.msg
[ 21%] Generating C++ code from autoware_config_msgs/ConfigVelocitySet.msg
[ 21%] Generating C++ code from autoware_config_msgs/ConfigNDT.msg
[ 22%] Generating C++ code from autoware_config_msgs/ConfigCarDPM.msg
[ 23%] Generating C++ code from autoware_config_msgs/ConfigTwistFilter.msg
[ 23%] Generating C++ code from autoware_config_msgs/ConfigLaneStop.msg
[ 24%] Generating C++ code from autoware_config_msgs/ConfigCompareMapFilter.msg
[ 24%] Generating C++ code from autoware_config_msgs/ConfigVoxelGridFilter.msg
[ 25%] Generating C++ code from autoware_config_msgs/ConfigWaypointFollower.msg
[ 26%] Generating C++ code from autoware_config_msgs/ConfigICP.msg
[ 26%] Generating C++ code from autoware_config_msgs/ConfigCarFusion.msg
[ 27%] Generating C++ code from autoware_config_msgs/ConfigRingGroundFilter.msg
[ 27%] Generating C++ code from autoware_config_msgs/ConfigLaneSelect.msg
[ 29%] Generating C++ code from autoware_config_msgs/ConfigRcnn.msg
[ 30%] Generating C++ code from autoware_config_msgs/ConfigApproximateNDTMapping.msg
[ 30%] Generating C++ code from autoware_config_msgs/ConfigNDTMapping.msg
[ 31%] Generating C++ code from autoware_config_msgs/ConfigPedestrianDPM.msg
[ 31%] Generating C++ code from autoware_config_msgs/ConfigRandomFilter.msg
[ 32%] Generating C++ code from autoware_config_msgs/ConfigSSD.msg
[ 33%] Generating C++ code from autoware_config_msgs/ConfigRayGroundFilter.msg
[ 33%] Generating C++ code from autoware_config_msgs/ConfigPoints2Polygon.msg
[ 34%] Generating C++ code from autoware_config_msgs/ConfigPedestrianKF.msg
[ 34%] Generating C++ code from autoware_config_msgs/ConfigPedestrianFusion.msg
[ 35%] Generating C++ code from autoware_config_msgs/ConfigWaypointReplanner.msg
[ 36%] Generating C++ code from autoware_config_msgs/ConfigLaneRule.msg
[ 36%] Generating C++ code from autoware_config_msgs/ConfigDecisionMaker.msg
[ 37%] Generating C++ code from autoware_config_msgs/ConfigRingFilter.msg
[ 37%] Generating C++ code from autoware_config_msgs/ConfigLatticeVelocitySet.msg
[ 38%] Generating C++ code from autoware_config_msgs/ConfigDistanceFilter.msg
[ 38%] Built target autoware_config_msgs_generate_messages_cpp
Scanning dependencies of target autoware_config_msgs_generate_messages_py
[ 39%] Generating Python from MSG autoware_config_msgs/ConfigCarKF
[ 39%] Generating Python from MSG autoware_config_msgs/ConfigNDTMappingOutput
[ 40%] Generating Python from MSG autoware_config_msgs/ConfigPlannerSelector
[ 40%] Generating Python from MSG autoware_config_msgs/ConfigVelocitySet
[ 41%] Generating Python from MSG autoware_config_msgs/ConfigNDT
[ 41%] Generating Python from MSG autoware_config_msgs/ConfigCarDPM
[ 43%] Generating Python from MSG autoware_config_msgs/ConfigTwistFilter
[ 44%] Generating Python from MSG autoware_config_msgs/ConfigLaneStop
[ 44%] Generating Python from MSG autoware_config_msgs/ConfigCompareMapFilter
[ 45%] Generating Python from MSG autoware_config_msgs/ConfigVoxelGridFilter
[ 45%] Generating Python from MSG autoware_config_msgs/ConfigWaypointFollower
[ 46%] Generating Python from MSG autoware_config_msgs/ConfigICP
[ 47%] Generating Python from MSG autoware_config_msgs/ConfigCarFusion
[ 47%] Generating Python from MSG autoware_config_msgs/ConfigRingGroundFilter
[ 48%] Generating Python from MSG autoware_config_msgs/ConfigLaneSelect
[ 48%] Generating Python from MSG autoware_config_msgs/ConfigRcnn
[ 49%] Generating Python from MSG autoware_config_msgs/ConfigApproximateNDTMapping
[ 50%] Generating Python from MSG autoware_config_msgs/ConfigNDTMapping
[ 50%] Generating Python from MSG autoware_config_msgs/ConfigPedestrianDPM
[ 51%] Generating Python from MSG autoware_config_msgs/ConfigRandomFilter
[ 51%] Generating Python from MSG autoware_config_msgs/ConfigSSD
[ 52%] Generating Python from MSG autoware_config_msgs/ConfigRayGroundFilter
[ 53%] Generating Python from MSG autoware_config_msgs/ConfigPoints2Polygon
[ 53%] Generating Python from MSG autoware_config_msgs/ConfigPedestrianKF
[ 54%] Generating Python from MSG autoware_config_msgs/ConfigPedestrianFusion
[ 54%] Generating Python from MSG autoware_config_msgs/ConfigWaypointReplanner
[ 55%] Generating Python from MSG autoware_config_msgs/ConfigLaneRule
[ 56%] Generating Python from MSG autoware_config_msgs/ConfigDecisionMaker
[ 56%] Generating Python from MSG autoware_config_msgs/ConfigRingFilter
[ 58%] Generating Python from MSG autoware_config_msgs/ConfigLatticeVelocitySet
[ 58%] Generating Python from MSG autoware_config_msgs/ConfigDistanceFilter
[ 59%] Generating Python msg __init__.py for autoware_config_msgs
[ 59%] Built target autoware_config_msgs_generate_messages_py
Scanning dependencies of target autoware_config_msgs_generate_messages_nodejs
[ 60%] Generating Javascript code from autoware_config_msgs/ConfigCarKF.msg
[ 61%] Generating Javascript code from autoware_config_msgs/ConfigNDTMappingOutput.msg
[ 61%] Generating Javascript code from autoware_config_msgs/ConfigPlannerSelector.msg
[ 62%] Generating Javascript code from autoware_config_msgs/ConfigVelocitySet.msg
[ 62%] Generating Javascript code from autoware_config_msgs/ConfigNDT.msg
[ 63%] Generating Javascript code from autoware_config_msgs/ConfigCarDPM.msg
[ 64%] Generating Javascript code from autoware_config_msgs/ConfigTwistFilter.msg
[ 64%] Generating Javascript code from autoware_config_msgs/ConfigLaneStop.msg
[ 65%] Generating Javascript code from autoware_config_msgs/ConfigCompareMapFilter.msg
[ 65%] Generating Javascript code from autoware_config_msgs/ConfigVoxelGridFilter.msg
[ 66%] Generating Javascript code from autoware_config_msgs/ConfigWaypointFollower.msg
[ 67%] Generating Javascript code from autoware_config_msgs/ConfigICP.msg
[ 67%] Generating Javascript code from autoware_config_msgs/ConfigCarFusion.msg
[ 68%] Generating Javascript code from autoware_config_msgs/ConfigRingGroundFilter.msg
[ 68%] Generating Javascript code from autoware_config_msgs/ConfigLaneSelect.msg
[ 69%] Generating Javascript code from autoware_config_msgs/ConfigRcnn.msg
[ 70%] Generating Javascript code from autoware_config_msgs/ConfigApproximateNDTMapping.msg
[ 70%] Generating Javascript code from autoware_config_msgs/ConfigNDTMapping.msg
[ 72%] Generating Javascript code from autoware_config_msgs/ConfigPedestrianDPM.msg
[ 72%] Generating Javascript code from autoware_config_msgs/ConfigRandomFilter.msg
[ 73%] Generating Javascript code from autoware_config_msgs/ConfigSSD.msg
[ 74%] Generating Javascript code from autoware_config_msgs/ConfigRayGroundFilter.msg
[ 74%] Generating Javascript code from autoware_config_msgs/ConfigPoints2Polygon.msg
[ 75%] Generating Javascript code from autoware_config_msgs/ConfigPedestrianKF.msg
[ 75%] Generating Javascript code from autoware_config_msgs/ConfigPedestrianFusion.msg
[ 76%] Generating Javascript code from autoware_config_msgs/ConfigWaypointReplanner.msg
[ 77%] Generating Javascript code from autoware_config_msgs/ConfigLaneRule.msg
[ 77%] Generating Javascript code from autoware_config_msgs/ConfigDecisionMaker.msg
[ 78%] Generating Javascript code from autoware_config_msgs/ConfigRingFilter.msg
[ 78%] Generating Javascript code from autoware_config_msgs/ConfigLatticeVelocitySet.msg
[ 79%] Generating Javascript code from autoware_config_msgs/ConfigDistanceFilter.msg
[ 79%] Built target autoware_config_msgs_generate_messages_nodejs
Scanning dependencies of target autoware_config_msgs_generate_messages_eus
[ 80%] Generating EusLisp code from autoware_config_msgs/ConfigCarKF.msg
[ 80%] Generating EusLisp code from autoware_config_msgs/ConfigNDTMappingOutput.msg
[ 81%] Generating EusLisp code from autoware_config_msgs/ConfigPlannerSelector.msg
[ 81%] Generating EusLisp code from autoware_config_msgs/ConfigVelocitySet.msg
[ 82%] Generating EusLisp code from autoware_config_msgs/ConfigNDT.msg
[ 83%] Generating EusLisp code from autoware_config_msgs/ConfigCarDPM.msg
[ 83%] Generating EusLisp code from autoware_config_msgs/ConfigTwistFilter.msg
[ 84%] Generating EusLisp code from autoware_config_msgs/ConfigLaneStop.msg
[ 84%] Generating EusLisp code from autoware_config_msgs/ConfigCompareMapFilter.msg
[ 86%] Generating EusLisp code from autoware_config_msgs/ConfigVoxelGridFilter.msg
[ 87%] Generating EusLisp code from autoware_config_msgs/ConfigWaypointFollower.msg
[ 87%] Generating EusLisp code from autoware_config_msgs/ConfigICP.msg
[ 88%] Generating EusLisp code from autoware_config_msgs/ConfigCarFusion.msg
[ 88%] Generating EusLisp code from autoware_config_msgs/ConfigRingGroundFilter.msg
[ 89%] Generating EusLisp code from autoware_config_msgs/ConfigLaneSelect.msg
[ 89%] Generating EusLisp code from autoware_config_msgs/ConfigRcnn.msg
[ 90%] Generating EusLisp code from autoware_config_msgs/ConfigApproximateNDTMapping.msg
[ 91%] Generating EusLisp code from autoware_config_msgs/ConfigNDTMapping.msg
[ 91%] Generating EusLisp code from autoware_config_msgs/ConfigPedestrianDPM.msg
[ 92%] Generating EusLisp code from autoware_config_msgs/ConfigRandomFilter.msg
[ 92%] Generating EusLisp code from autoware_config_msgs/ConfigSSD.msg
[ 93%] Generating EusLisp code from autoware_config_msgs/ConfigRayGroundFilter.msg
[ 94%] Generating EusLisp code from autoware_config_msgs/ConfigPoints2Polygon.msg
[ 94%] Generating EusLisp code from autoware_config_msgs/ConfigPedestrianKF.msg
[ 95%] Generating EusLisp code from autoware_config_msgs/ConfigPedestrianFusion.msg
[ 95%] Generating EusLisp code from autoware_config_msgs/ConfigWaypointReplanner.msg
[ 96%] Generating EusLisp code from autoware_config_msgs/ConfigLaneRule.msg
[ 97%] Generating EusLisp code from autoware_config_msgs/ConfigDecisionMaker.msg
[ 97%] Generating EusLisp code from autoware_config_msgs/ConfigRingFilter.msg
[ 98%] Generating EusLisp code from autoware_config_msgs/ConfigLatticeVelocitySet.msg
[ 98%] Generating EusLisp code from autoware_config_msgs/ConfigDistanceFilter.msg
[100%] Generating EusLisp manifest code for autoware_config_msgs
[100%] Built target autoware_config_msgs_generate_messages_eus
Scanning dependencies of target autoware_config_msgs_generate_messages
[100%] Built target autoware_config_msgs_generate_messages
Scanning dependencies of target tests
Built target tests
[  0%] Built target _autoware_config_msgs_generate_messages_check_deps_ConfigNDTMappingOutput
[  0%] Built target _autoware_config_msgs_generate_messages_check_deps_ConfigRingFilter
[  0%] Built target _autoware_config_msgs_generate_messages_check_deps_ConfigDecisionMaker
[  0%] Built target _autoware_config_msgs_generate_messages_check_deps_ConfigLaneRule
[  0%] Built target _autoware_config_msgs_generate_messages_check_deps_ConfigPedestrianFusion
[  0%] Built target _autoware_config_msgs_generate_messages_check_deps_ConfigDistanceFilter
[  0%] Built target _autoware_config_msgs_generate_messages_check_deps_ConfigPedestrianKF
[  0%] Built target std_msgs_generate_messages_lisp
[  0%] Built target _autoware_config_msgs_generate_messages_check_deps_ConfigApproximateNDTMapping
[  0%] Built target _autoware_config_msgs_generate_messages_check_deps_ConfigTwistFilter
[  0%] Built target _autoware_config_msgs_generate_messages_check_deps_ConfigLatticeVelocitySet
[  0%] Built target _autoware_config_msgs_generate_messages_check_deps_ConfigCarKF
[  0%] Built target _autoware_config_msgs_generate_messages_check_deps_ConfigVoxelGridFilter
[  0%] Built target _autoware_config_msgs_generate_messages_check_deps_ConfigPedestrianDPM
[  0%] Built target _autoware_config_msgs_generate_messages_check_deps_ConfigCarDPM
[  0%] Built target _autoware_config_msgs_generate_messages_check_deps_ConfigLaneStop
[  0%] Built target _autoware_config_msgs_generate_messages_check_deps_ConfigCarFusion
[  0%] Built target _autoware_config_msgs_generate_messages_check_deps_ConfigWaypointReplanner
[  0%] Built target _autoware_config_msgs_generate_messages_check_deps_ConfigRayGroundFilter
[  0%] Built target _autoware_config_msgs_generate_messages_check_deps_ConfigWaypointFollower
[  0%] Built target _autoware_config_msgs_generate_messages_check_deps_ConfigICP
[  0%] Built target _autoware_config_msgs_generate_messages_check_deps_ConfigNDT
[  0%] Built target _autoware_config_msgs_generate_messages_check_deps_ConfigRingGroundFilter
[  0%] Built target _autoware_config_msgs_generate_messages_check_deps_ConfigLaneSelect
[  0%] Built target _autoware_config_msgs_generate_messages_check_deps_ConfigCompareMapFilter
[  0%] Built target _autoware_config_msgs_generate_messages_check_deps_ConfigNDTMapping
[  0%] Built target _autoware_config_msgs_generate_messages_check_deps_ConfigPoints2Polygon
[  0%] Built target _autoware_config_msgs_generate_messages_check_deps_ConfigRandomFilter
[  0%] Built target _autoware_config_msgs_generate_messages_check_deps_ConfigRcnn
[  0%] Built target _autoware_config_msgs_generate_messages_check_deps_ConfigSSD
[  0%] Built target _autoware_config_msgs_generate_messages_check_deps_ConfigPlannerSelector
[  0%] Built target _autoware_config_msgs_generate_messages_check_deps_ConfigVelocitySet
[  0%] Built target std_msgs_generate_messages_cpp
[  0%] Built target std_msgs_generate_messages_py
[  0%] Built target std_msgs_generate_messages_nodejs
[  0%] Built target std_msgs_generate_messages_eus
[ 19%] Built target autoware_config_msgs_generate_messages_lisp
[ 38%] Built target autoware_config_msgs_generate_messages_cpp
[ 59%] Built target autoware_config_msgs_generate_messages_py
[ 79%] Built target autoware_config_msgs_generate_messages_nodejs
[100%] Built target autoware_config_msgs_generate_messages_eus
[100%] Built target autoware_config_msgs_generate_messages
Install the project...
-- Install configuration: "Release"
-- Installing: /home/autoware/Autoware/install/autoware_config_msgs/share/autoware_config_msgs/msg/ConfigApproximateNDTMapping.msg
-- Installing: /home/autoware/Autoware/install/autoware_config_msgs/share/autoware_config_msgs/msg/ConfigCarDPM.msg
-- Installing: /home/autoware/Autoware/install/autoware_config_msgs/share/autoware_config_msgs/msg/ConfigCarFusion.msg
-- Installing: /home/autoware/Autoware/install/autoware_config_msgs/share/autoware_config_msgs/msg/ConfigCarKF.msg
-- Installing: /home/autoware/Autoware/install/autoware_config_msgs/share/autoware_config_msgs/msg/ConfigCompareMapFilter.msg
-- Installing: /home/autoware/Autoware/install/autoware_config_msgs/share/autoware_config_msgs/msg/ConfigDecisionMaker.msg
-- Installing: /home/autoware/Autoware/install/autoware_config_msgs/share/autoware_config_msgs/msg/ConfigDistanceFilter.msg
-- Installing: /home/autoware/Autoware/install/autoware_config_msgs/share/autoware_config_msgs/msg/ConfigICP.msg
-- Installing: /home/autoware/Autoware/install/autoware_config_msgs/share/autoware_config_msgs/msg/ConfigLaneRule.msg
-- Installing: /home/autoware/Autoware/install/autoware_config_msgs/share/autoware_config_msgs/msg/ConfigLaneSelect.msg
-- Installing: /home/autoware/Autoware/install/autoware_config_msgs/share/autoware_config_msgs/msg/ConfigLaneStop.msg
-- Installing: /home/autoware/Autoware/install/autoware_config_msgs/share/autoware_config_msgs/msg/ConfigLatticeVelocitySet.msg
-- Installing: /home/autoware/Autoware/install/autoware_config_msgs/share/autoware_config_msgs/msg/ConfigNDT.msg
-- Installing: /home/autoware/Autoware/install/autoware_config_msgs/share/autoware_config_msgs/msg/ConfigNDTMapping.msg
-- Installing: /home/autoware/Autoware/install/autoware_config_msgs/share/autoware_config_msgs/msg/ConfigNDTMappingOutput.msg
-- Installing: /home/autoware/Autoware/install/autoware_config_msgs/share/autoware_config_msgs/msg/ConfigPedestrianDPM.msg
-- Installing: /home/autoware/Autoware/install/autoware_config_msgs/share/autoware_config_msgs/msg/ConfigPedestrianFusion.msg
-- Installing: /home/autoware/Autoware/install/autoware_config_msgs/share/autoware_config_msgs/msg/ConfigPedestrianKF.msg
-- Installing: /home/autoware/Autoware/install/autoware_config_msgs/share/autoware_config_msgs/msg/ConfigPlannerSelector.msg
-- Installing: /home/autoware/Autoware/install/autoware_config_msgs/share/autoware_config_msgs/msg/ConfigPoints2Polygon.msg
-- Installing: /home/autoware/Autoware/install/autoware_config_msgs/share/autoware_config_msgs/msg/ConfigRandomFilter.msg
-- Installing: /home/autoware/Autoware/install/autoware_config_msgs/share/autoware_config_msgs/msg/ConfigRayGroundFilter.msg
-- Installing: /home/autoware/Autoware/install/autoware_config_msgs/share/autoware_config_msgs/msg/ConfigRcnn.msg
-- Installing: /home/autoware/Autoware/install/autoware_config_msgs/share/autoware_config_msgs/msg/ConfigRingFilter.msg
-- Installing: /home/autoware/Autoware/install/autoware_config_msgs/share/autoware_config_msgs/msg/ConfigRingGroundFilter.msg
-- Installing: /home/autoware/Autoware/install/autoware_config_msgs/share/autoware_config_msgs/msg/ConfigSSD.msg
-- Installing: /home/autoware/Autoware/install/autoware_config_msgs/share/autoware_config_msgs/msg/ConfigTwistFilter.msg
-- Installing: /home/autoware/Autoware/install/autoware_config_msgs/share/autoware_config_msgs/msg/ConfigVelocitySet.msg
-- Installing: /home/autoware/Autoware/install/autoware_config_msgs/share/autoware_config_msgs/msg/ConfigVoxelGridFilter.msg
-- Installing: /home/autoware/Autoware/install/autoware_config_msgs/share/autoware_config_msgs/msg/ConfigWaypointFollower.msg
-- Installing: /home/autoware/Autoware/install/autoware_config_msgs/share/autoware_config_msgs/msg/ConfigWaypointReplanner.msg
-- Installing: /home/autoware/Autoware/install/autoware_config_msgs/share/autoware_config_msgs/cmake/autoware_config_msgs-msg-paths.cmake
-- Installing: /home/autoware/Autoware/install/autoware_config_msgs/include/autoware_config_msgs
-- Installing: /home/autoware/Autoware/install/autoware_config_msgs/include/autoware_config_msgs/ConfigLatticeVelocitySet.h
-- Installing: /home/autoware/Autoware/install/autoware_config_msgs/include/autoware_config_msgs/ConfigPoints2Polygon.h
-- Installing: /home/autoware/Autoware/install/autoware_config_msgs/include/autoware_config_msgs/ConfigRandomFilter.h
-- Installing: /home/autoware/Autoware/install/autoware_config_msgs/include/autoware_config_msgs/ConfigCompareMapFilter.h
-- Installing: /home/autoware/Autoware/install/autoware_config_msgs/include/autoware_config_msgs/ConfigDecisionMaker.h
-- Installing: /home/autoware/Autoware/install/autoware_config_msgs/include/autoware_config_msgs/ConfigTwistFilter.h
-- Installing: /home/autoware/Autoware/install/autoware_config_msgs/include/autoware_config_msgs/ConfigVelocitySet.h
-- Installing: /home/autoware/Autoware/install/autoware_config_msgs/include/autoware_config_msgs/ConfigRcnn.h
-- Installing: /home/autoware/Autoware/install/autoware_config_msgs/include/autoware_config_msgs/ConfigRingFilter.h
-- Installing: /home/autoware/Autoware/install/autoware_config_msgs/include/autoware_config_msgs/ConfigNDTMapping.h
-- Installing: /home/autoware/Autoware/install/autoware_config_msgs/include/autoware_config_msgs/ConfigICP.h
-- Installing: /home/autoware/Autoware/install/autoware_config_msgs/include/autoware_config_msgs/ConfigApproximateNDTMapping.h
-- Installing: /home/autoware/Autoware/install/autoware_config_msgs/include/autoware_config_msgs/ConfigPedestrianDPM.h
-- Installing: /home/autoware/Autoware/install/autoware_config_msgs/include/autoware_config_msgs/ConfigLaneRule.h
-- Installing: /home/autoware/Autoware/install/autoware_config_msgs/include/autoware_config_msgs/ConfigRayGroundFilter.h
-- Installing: /home/autoware/Autoware/install/autoware_config_msgs/include/autoware_config_msgs/ConfigSSD.h
-- Installing: /home/autoware/Autoware/install/autoware_config_msgs/include/autoware_config_msgs/ConfigVoxelGridFilter.h
-- Installing: /home/autoware/Autoware/install/autoware_config_msgs/include/autoware_config_msgs/ConfigLaneStop.h
-- Installing: /home/autoware/Autoware/install/autoware_config_msgs/include/autoware_config_msgs/ConfigWaypointFollower.h
-- Installing: /home/autoware/Autoware/install/autoware_config_msgs/include/autoware_config_msgs/ConfigNDTMappingOutput.h
-- Installing: /home/autoware/Autoware/install/autoware_config_msgs/include/autoware_config_msgs/ConfigRingGroundFilter.h
-- Installing: /home/autoware/Autoware/install/autoware_config_msgs/include/autoware_config_msgs/ConfigCarDPM.h
-- Installing: /home/autoware/Autoware/install/autoware_config_msgs/include/autoware_config_msgs/ConfigPlannerSelector.h
-- Installing: /home/autoware/Autoware/install/autoware_config_msgs/include/autoware_config_msgs/ConfigPedestrianKF.h
-- Installing: /home/autoware/Autoware/install/autoware_config_msgs/include/autoware_config_msgs/ConfigWaypointReplanner.h
-- Installing: /home/autoware/Autoware/install/autoware_config_msgs/include/autoware_config_msgs/ConfigCarFusion.h
-- Installing: /home/autoware/Autoware/install/autoware_config_msgs/include/autoware_config_msgs/ConfigCarKF.h
-- Installing: /home/autoware/Autoware/install/autoware_config_msgs/include/autoware_config_msgs/ConfigDistanceFilter.h
-- Installing: /home/autoware/Autoware/install/autoware_config_msgs/include/autoware_config_msgs/ConfigNDT.h
-- Installing: /home/autoware/Autoware/install/autoware_config_msgs/include/autoware_config_msgs/ConfigLaneSelect.h
-- Installing: /home/autoware/Autoware/install/autoware_config_msgs/include/autoware_config_msgs/ConfigPedestrianFusion.h
-- Installing: /home/autoware/Autoware/install/autoware_config_msgs/share/roseus/ros/autoware_config_msgs
-- Installing: /home/autoware/Autoware/install/autoware_config_msgs/share/roseus/ros/autoware_config_msgs/msg
-- Installing: /home/autoware/Autoware/install/autoware_config_msgs/share/roseus/ros/autoware_config_msgs/msg/ConfigVoxelGridFilter.l
-- Installing: /home/autoware/Autoware/install/autoware_config_msgs/share/roseus/ros/autoware_config_msgs/msg/ConfigRingFilter.l
-- Installing: /home/autoware/Autoware/install/autoware_config_msgs/share/roseus/ros/autoware_config_msgs/msg/ConfigCarDPM.l
-- Installing: /home/autoware/Autoware/install/autoware_config_msgs/share/roseus/ros/autoware_config_msgs/msg/ConfigCarFusion.l
-- Installing: /home/autoware/Autoware/install/autoware_config_msgs/share/roseus/ros/autoware_config_msgs/msg/ConfigPlannerSelector.l
-- Installing: /home/autoware/Autoware/install/autoware_config_msgs/share/roseus/ros/autoware_config_msgs/msg/ConfigLatticeVelocitySet.l
-- Installing: /home/autoware/Autoware/install/autoware_config_msgs/share/roseus/ros/autoware_config_msgs/msg/ConfigNDTMapping.l
-- Installing: /home/autoware/Autoware/install/autoware_config_msgs/share/roseus/ros/autoware_config_msgs/msg/ConfigCarKF.l
-- Installing: /home/autoware/Autoware/install/autoware_config_msgs/share/roseus/ros/autoware_config_msgs/msg/ConfigLaneSelect.l
-- Installing: /home/autoware/Autoware/install/autoware_config_msgs/share/roseus/ros/autoware_config_msgs/msg/ConfigRandomFilter.l
-- Installing: /home/autoware/Autoware/install/autoware_config_msgs/share/roseus/ros/autoware_config_msgs/msg/ConfigNDTMappingOutput.l
-- Installing: /home/autoware/Autoware/install/autoware_config_msgs/share/roseus/ros/autoware_config_msgs/msg/ConfigRayGroundFilter.l
-- Installing: /home/autoware/Autoware/install/autoware_config_msgs/share/roseus/ros/autoware_config_msgs/msg/ConfigSSD.l
-- Installing: /home/autoware/Autoware/install/autoware_config_msgs/share/roseus/ros/autoware_config_msgs/msg/ConfigRcnn.l
-- Installing: /home/autoware/Autoware/install/autoware_config_msgs/share/roseus/ros/autoware_config_msgs/msg/ConfigPedestrianDPM.l
-- Installing: /home/autoware/Autoware/install/autoware_config_msgs/share/roseus/ros/autoware_config_msgs/msg/ConfigPedestrianKF.l
-- Installing: /home/autoware/Autoware/install/autoware_config_msgs/share/roseus/ros/autoware_config_msgs/msg/ConfigWaypointReplanner.l
-- Installing: /home/autoware/Autoware/install/autoware_config_msgs/share/roseus/ros/autoware_config_msgs/msg/ConfigRingGroundFilter.l
-- Installing: /home/autoware/Autoware/install/autoware_config_msgs/share/roseus/ros/autoware_config_msgs/msg/ConfigDistanceFilter.l
-- Installing: /home/autoware/Autoware/install/autoware_config_msgs/share/roseus/ros/autoware_config_msgs/msg/ConfigApproximateNDTMapping.l
-- Installing: /home/autoware/Autoware/install/autoware_config_msgs/share/roseus/ros/autoware_config_msgs/msg/ConfigLaneStop.l
-- Installing: /home/autoware/Autoware/install/autoware_config_msgs/share/roseus/ros/autoware_config_msgs/msg/ConfigCompareMapFilter.l
-- Installing: /home/autoware/Autoware/install/autoware_config_msgs/share/roseus/ros/autoware_config_msgs/msg/ConfigNDT.l
-- Installing: /home/autoware/Autoware/install/autoware_config_msgs/share/roseus/ros/autoware_config_msgs/msg/ConfigTwistFilter.l
-- Installing: /home/autoware/Autoware/install/autoware_config_msgs/share/roseus/ros/autoware_config_msgs/msg/ConfigPedestrianFusion.l
-- Installing: /home/autoware/Autoware/install/autoware_config_msgs/share/roseus/ros/autoware_config_msgs/msg/ConfigICP.l
-- Installing: /home/autoware/Autoware/install/autoware_config_msgs/share/roseus/ros/autoware_config_msgs/msg/ConfigDecisionMaker.l
-- Installing: /home/autoware/Autoware/install/autoware_config_msgs/share/roseus/ros/autoware_config_msgs/msg/ConfigLaneRule.l
-- Installing: /home/autoware/Autoware/install/autoware_config_msgs/share/roseus/ros/autoware_config_msgs/msg/ConfigWaypointFollower.l
-- Installing: /home/autoware/Autoware/install/autoware_config_msgs/share/roseus/ros/autoware_config_msgs/msg/ConfigPoints2Polygon.l
-- Installing: /home/autoware/Autoware/install/autoware_config_msgs/share/roseus/ros/autoware_config_msgs/msg/ConfigVelocitySet.l
-- Installing: /home/autoware/Autoware/install/autoware_config_msgs/share/roseus/ros/autoware_config_msgs/manifest.l
-- Installing: /home/autoware/Autoware/install/autoware_config_msgs/share/common-lisp/ros/autoware_config_msgs
-- Installing: /home/autoware/Autoware/install/autoware_config_msgs/share/common-lisp/ros/autoware_config_msgs/msg
-- Installing: /home/autoware/Autoware/install/autoware_config_msgs/share/common-lisp/ros/autoware_config_msgs/msg/ConfigRingFilter.lisp
-- Installing: /home/autoware/Autoware/install/autoware_config_msgs/share/common-lisp/ros/autoware_config_msgs/msg/_package_ConfigWaypointFollower.lisp
-- Installing: /home/autoware/Autoware/install/autoware_config_msgs/share/common-lisp/ros/autoware_config_msgs/msg/_package_ConfigTwistFilter.lisp
-- Installing: /home/autoware/Autoware/install/autoware_config_msgs/share/common-lisp/ros/autoware_config_msgs/msg/_package_ConfigPlannerSelector.lisp
-- Installing: /home/autoware/Autoware/install/autoware_config_msgs/share/common-lisp/ros/autoware_config_msgs/msg/ConfigCarDPM.lisp
-- Installing: /home/autoware/Autoware/install/autoware_config_msgs/share/common-lisp/ros/autoware_config_msgs/msg/_package_ConfigApproximateNDTMapping.lisp
-- Installing: /home/autoware/Autoware/install/autoware_config_msgs/share/common-lisp/ros/autoware_config_msgs/msg/ConfigPlannerSelector.lisp
-- Installing: /home/autoware/Autoware/install/autoware_config_msgs/share/common-lisp/ros/autoware_config_msgs/msg/_package_ConfigRingGroundFilter.lisp
-- Installing: /home/autoware/Autoware/install/autoware_config_msgs/share/common-lisp/ros/autoware_config_msgs/msg/_package_ConfigPedestrianFusion.lisp
-- Installing: /home/autoware/Autoware/install/autoware_config_msgs/share/common-lisp/ros/autoware_config_msgs/msg/_package.lisp
-- Installing: /home/autoware/Autoware/install/autoware_config_msgs/share/common-lisp/ros/autoware_config_msgs/msg/ConfigCompareMapFilter.lisp
-- Installing: /home/autoware/Autoware/install/autoware_config_msgs/share/common-lisp/ros/autoware_config_msgs/msg/_package_ConfigLaneStop.lisp
-- Installing: /home/autoware/Autoware/install/autoware_config_msgs/share/common-lisp/ros/autoware_config_msgs/msg/ConfigNDTMappingOutput.lisp
-- Installing: /home/autoware/Autoware/install/autoware_config_msgs/share/common-lisp/ros/autoware_config_msgs/msg/ConfigVelocitySet.lisp
-- Installing: /home/autoware/Autoware/install/autoware_config_msgs/share/common-lisp/ros/autoware_config_msgs/msg/autoware_config_msgs-msg.asd
-- Installing: /home/autoware/Autoware/install/autoware_config_msgs/share/common-lisp/ros/autoware_config_msgs/msg/_package_ConfigRayGroundFilter.lisp
-- Installing: /home/autoware/Autoware/install/autoware_config_msgs/share/common-lisp/ros/autoware_config_msgs/msg/_package_ConfigCarDPM.lisp
-- Installing: /home/autoware/Autoware/install/autoware_config_msgs/share/common-lisp/ros/autoware_config_msgs/msg/ConfigCarFusion.lisp
-- Installing: /home/autoware/Autoware/install/autoware_config_msgs/share/common-lisp/ros/autoware_config_msgs/msg/ConfigVoxelGridFilter.lisp
-- Installing: /home/autoware/Autoware/install/autoware_config_msgs/share/common-lisp/ros/autoware_config_msgs/msg/_package_ConfigWaypointReplanner.lisp
-- Installing: /home/autoware/Autoware/install/autoware_config_msgs/share/common-lisp/ros/autoware_config_msgs/msg/ConfigLaneSelect.lisp
-- Installing: /home/autoware/Autoware/install/autoware_config_msgs/share/common-lisp/ros/autoware_config_msgs/msg/ConfigPedestrianDPM.lisp
-- Installing: /home/autoware/Autoware/install/autoware_config_msgs/share/common-lisp/ros/autoware_config_msgs/msg/_package_ConfigLaneRule.lisp
-- Installing: /home/autoware/Autoware/install/autoware_config_msgs/share/common-lisp/ros/autoware_config_msgs/msg/ConfigApproximateNDTMapping.lisp
-- Installing: /home/autoware/Autoware/install/autoware_config_msgs/share/common-lisp/ros/autoware_config_msgs/msg/_package_ConfigCarFusion.lisp
-- Installing: /home/autoware/Autoware/install/autoware_config_msgs/share/common-lisp/ros/autoware_config_msgs/msg/ConfigRcnn.lisp
-- Installing: /home/autoware/Autoware/install/autoware_config_msgs/share/common-lisp/ros/autoware_config_msgs/msg/_package_ConfigLaneSelect.lisp
-- Installing: /home/autoware/Autoware/install/autoware_config_msgs/share/common-lisp/ros/autoware_config_msgs/msg/_package_ConfigCompareMapFilter.lisp
-- Installing: /home/autoware/Autoware/install/autoware_config_msgs/share/common-lisp/ros/autoware_config_msgs/msg/ConfigNDTMapping.lisp
-- Installing: /home/autoware/Autoware/install/autoware_config_msgs/share/common-lisp/ros/autoware_config_msgs/msg/_package_ConfigNDTMapping.lisp
-- Installing: /home/autoware/Autoware/install/autoware_config_msgs/share/common-lisp/ros/autoware_config_msgs/msg/ConfigPoints2Polygon.lisp
-- Installing: /home/autoware/Autoware/install/autoware_config_msgs/share/common-lisp/ros/autoware_config_msgs/msg/ConfigWaypointReplanner.lisp
-- Installing: /home/autoware/Autoware/install/autoware_config_msgs/share/common-lisp/ros/autoware_config_msgs/msg/ConfigDistanceFilter.lisp
-- Installing: /home/autoware/Autoware/install/autoware_config_msgs/share/common-lisp/ros/autoware_config_msgs/msg/_package_ConfigPedestrianDPM.lisp
-- Installing: /home/autoware/Autoware/install/autoware_config_msgs/share/common-lisp/ros/autoware_config_msgs/msg/_package_ConfigVelocitySet.lisp
-- Installing: /home/autoware/Autoware/install/autoware_config_msgs/share/common-lisp/ros/autoware_config_msgs/msg/_package_ConfigDecisionMaker.lisp
-- Installing: /home/autoware/Autoware/install/autoware_config_msgs/share/common-lisp/ros/autoware_config_msgs/msg/ConfigPedestrianKF.lisp
-- Installing: /home/autoware/Autoware/install/autoware_config_msgs/share/common-lisp/ros/autoware_config_msgs/msg/ConfigWaypointFollower.lisp
-- Installing: /home/autoware/Autoware/install/autoware_config_msgs/share/common-lisp/ros/autoware_config_msgs/msg/ConfigLaneStop.lisp
-- Installing: /home/autoware/Autoware/install/autoware_config_msgs/share/common-lisp/ros/autoware_config_msgs/msg/ConfigDecisionMaker.lisp
-- Installing: /home/autoware/Autoware/install/autoware_config_msgs/share/common-lisp/ros/autoware_config_msgs/msg/_package_ConfigDistanceFilter.lisp
-- Installing: /home/autoware/Autoware/install/autoware_config_msgs/share/common-lisp/ros/autoware_config_msgs/msg/ConfigRayGroundFilter.lisp
-- Installing: /home/autoware/Autoware/install/autoware_config_msgs/share/common-lisp/ros/autoware_config_msgs/msg/_package_ConfigCarKF.lisp
-- Installing: /home/autoware/Autoware/install/autoware_config_msgs/share/common-lisp/ros/autoware_config_msgs/msg/ConfigICP.lisp
-- Installing: /home/autoware/Autoware/install/autoware_config_msgs/share/common-lisp/ros/autoware_config_msgs/msg/_package_ConfigPoints2Polygon.lisp
-- Installing: /home/autoware/Autoware/install/autoware_config_msgs/share/common-lisp/ros/autoware_config_msgs/msg/_package_ConfigLatticeVelocitySet.lisp
-- Installing: /home/autoware/Autoware/install/autoware_config_msgs/share/common-lisp/ros/autoware_config_msgs/msg/ConfigLatticeVelocitySet.lisp
-- Installing: /home/autoware/Autoware/install/autoware_config_msgs/share/common-lisp/ros/autoware_config_msgs/msg/ConfigSSD.lisp
-- Installing: /home/autoware/Autoware/install/autoware_config_msgs/share/common-lisp/ros/autoware_config_msgs/msg/_package_ConfigRingFilter.lisp
-- Installing: /home/autoware/Autoware/install/autoware_config_msgs/share/common-lisp/ros/autoware_config_msgs/msg/_package_ConfigRandomFilter.lisp
-- Installing: /home/autoware/Autoware/install/autoware_config_msgs/share/common-lisp/ros/autoware_config_msgs/msg/_package_ConfigICP.lisp
-- Installing: /home/autoware/Autoware/install/autoware_config_msgs/share/common-lisp/ros/autoware_config_msgs/msg/_package_ConfigVoxelGridFilter.lisp
-- Installing: /home/autoware/Autoware/install/autoware_config_msgs/share/common-lisp/ros/autoware_config_msgs/msg/_package_ConfigNDT.lisp
-- Installing: /home/autoware/Autoware/install/autoware_config_msgs/share/common-lisp/ros/autoware_config_msgs/msg/_package_ConfigSSD.lisp
-- Installing: /home/autoware/Autoware/install/autoware_config_msgs/share/common-lisp/ros/autoware_config_msgs/msg/ConfigLaneRule.lisp
-- Installing: /home/autoware/Autoware/install/autoware_config_msgs/share/common-lisp/ros/autoware_config_msgs/msg/ConfigPedestrianFusion.lisp
-- Installing: /home/autoware/Autoware/install/autoware_config_msgs/share/common-lisp/ros/autoware_config_msgs/msg/ConfigNDT.lisp
-- Installing: /home/autoware/Autoware/install/autoware_config_msgs/share/common-lisp/ros/autoware_config_msgs/msg/ConfigCarKF.lisp
-- Installing: /home/autoware/Autoware/install/autoware_config_msgs/share/common-lisp/ros/autoware_config_msgs/msg/_package_ConfigRcnn.lisp
-- Installing: /home/autoware/Autoware/install/autoware_config_msgs/share/common-lisp/ros/autoware_config_msgs/msg/ConfigRandomFilter.lisp
-- Installing: /home/autoware/Autoware/install/autoware_config_msgs/share/common-lisp/ros/autoware_config_msgs/msg/ConfigTwistFilter.lisp
-- Installing: /home/autoware/Autoware/install/autoware_config_msgs/share/common-lisp/ros/autoware_config_msgs/msg/ConfigRingGroundFilter.lisp
-- Installing: /home/autoware/Autoware/install/autoware_config_msgs/share/common-lisp/ros/autoware_config_msgs/msg/_package_ConfigPedestrianKF.lisp
-- Installing: /home/autoware/Autoware/install/autoware_config_msgs/share/common-lisp/ros/autoware_config_msgs/msg/_package_ConfigNDTMappingOutput.lisp
-- Installing: /home/autoware/Autoware/install/autoware_config_msgs/share/gennodejs/ros/autoware_config_msgs
-- Installing: /home/autoware/Autoware/install/autoware_config_msgs/share/gennodejs/ros/autoware_config_msgs/msg
-- Installing: /home/autoware/Autoware/install/autoware_config_msgs/share/gennodejs/ros/autoware_config_msgs/msg/ConfigPedestrianKF.js
-- Installing: /home/autoware/Autoware/install/autoware_config_msgs/share/gennodejs/ros/autoware_config_msgs/msg/ConfigApproximateNDTMapping.js
-- Installing: /home/autoware/Autoware/install/autoware_config_msgs/share/gennodejs/ros/autoware_config_msgs/msg/ConfigLaneSelect.js
-- Installing: /home/autoware/Autoware/install/autoware_config_msgs/share/gennodejs/ros/autoware_config_msgs/msg/ConfigDistanceFilter.js
-- Installing: /home/autoware/Autoware/install/autoware_config_msgs/share/gennodejs/ros/autoware_config_msgs/msg/ConfigPedestrianDPM.js
-- Installing: /home/autoware/Autoware/install/autoware_config_msgs/share/gennodejs/ros/autoware_config_msgs/msg/ConfigNDT.js
-- Installing: /home/autoware/Autoware/install/autoware_config_msgs/share/gennodejs/ros/autoware_config_msgs/msg/ConfigWaypointFollower.js
-- Installing: /home/autoware/Autoware/install/autoware_config_msgs/share/gennodejs/ros/autoware_config_msgs/msg/ConfigPlannerSelector.js
-- Installing: /home/autoware/Autoware/install/autoware_config_msgs/share/gennodejs/ros/autoware_config_msgs/msg/ConfigCarDPM.js
-- Installing: /home/autoware/Autoware/install/autoware_config_msgs/share/gennodejs/ros/autoware_config_msgs/msg/ConfigLaneRule.js
-- Installing: /home/autoware/Autoware/install/autoware_config_msgs/share/gennodejs/ros/autoware_config_msgs/msg/ConfigRingFilter.js
-- Installing: /home/autoware/Autoware/install/autoware_config_msgs/share/gennodejs/ros/autoware_config_msgs/msg/ConfigRandomFilter.js
-- Installing: /home/autoware/Autoware/install/autoware_config_msgs/share/gennodejs/ros/autoware_config_msgs/msg/ConfigDecisionMaker.js
-- Installing: /home/autoware/Autoware/install/autoware_config_msgs/share/gennodejs/ros/autoware_config_msgs/msg/ConfigVelocitySet.js
-- Installing: /home/autoware/Autoware/install/autoware_config_msgs/share/gennodejs/ros/autoware_config_msgs/msg/ConfigLatticeVelocitySet.js
-- Installing: /home/autoware/Autoware/install/autoware_config_msgs/share/gennodejs/ros/autoware_config_msgs/msg/ConfigSSD.js
-- Installing: /home/autoware/Autoware/install/autoware_config_msgs/share/gennodejs/ros/autoware_config_msgs/msg/ConfigCarKF.js
-- Installing: /home/autoware/Autoware/install/autoware_config_msgs/share/gennodejs/ros/autoware_config_msgs/msg/ConfigPoints2Polygon.js
-- Installing: /home/autoware/Autoware/install/autoware_config_msgs/share/gennodejs/ros/autoware_config_msgs/msg/ConfigCompareMapFilter.js
-- Installing: /home/autoware/Autoware/install/autoware_config_msgs/share/gennodejs/ros/autoware_config_msgs/msg/_index.js
-- Installing: /home/autoware/Autoware/install/autoware_config_msgs/share/gennodejs/ros/autoware_config_msgs/msg/ConfigRcnn.js
-- Installing: /home/autoware/Autoware/install/autoware_config_msgs/share/gennodejs/ros/autoware_config_msgs/msg/ConfigCarFusion.js
-- Installing: /home/autoware/Autoware/install/autoware_config_msgs/share/gennodejs/ros/autoware_config_msgs/msg/ConfigICP.js
-- Installing: /home/autoware/Autoware/install/autoware_config_msgs/share/gennodejs/ros/autoware_config_msgs/msg/ConfigRayGroundFilter.js
-- Installing: /home/autoware/Autoware/install/autoware_config_msgs/share/gennodejs/ros/autoware_config_msgs/msg/ConfigTwistFilter.js
-- Installing: /home/autoware/Autoware/install/autoware_config_msgs/share/gennodejs/ros/autoware_config_msgs/msg/ConfigLaneStop.js
-- Installing: /home/autoware/Autoware/install/autoware_config_msgs/share/gennodejs/ros/autoware_config_msgs/msg/ConfigNDTMapping.js
-- Installing: /home/autoware/Autoware/install/autoware_config_msgs/share/gennodejs/ros/autoware_config_msgs/msg/ConfigVoxelGridFilter.js
-- Installing: /home/autoware/Autoware/install/autoware_config_msgs/share/gennodejs/ros/autoware_config_msgs/msg/ConfigPedestrianFusion.js
-- Installing: /home/autoware/Autoware/install/autoware_config_msgs/share/gennodejs/ros/autoware_config_msgs/msg/ConfigWaypointReplanner.js
-- Installing: /home/autoware/Autoware/install/autoware_config_msgs/share/gennodejs/ros/autoware_config_msgs/msg/ConfigRingGroundFilter.js
-- Installing: /home/autoware/Autoware/install/autoware_config_msgs/share/gennodejs/ros/autoware_config_msgs/msg/ConfigNDTMappingOutput.js
-- Installing: /home/autoware/Autoware/install/autoware_config_msgs/share/gennodejs/ros/autoware_config_msgs/_index.js
Listing /home/autoware/Autoware/build/autoware_config_msgs/devel/lib/python2.7/dist-packages/autoware_config_msgs ...
Compiling /home/autoware/Autoware/build/autoware_config_msgs/devel/lib/python2.7/dist-packages/autoware_config_msgs/__init__.py ...
Listing /home/autoware/Autoware/build/autoware_config_msgs/devel/lib/python2.7/dist-packages/autoware_config_msgs/msg ...
Compiling /home/autoware/Autoware/build/autoware_config_msgs/devel/lib/python2.7/dist-packages/autoware_config_msgs/msg/_ConfigApproximateNDTMapping.py ...
Compiling /home/autoware/Autoware/build/autoware_config_msgs/devel/lib/python2.7/dist-packages/autoware_config_msgs/msg/_ConfigCarDPM.py ...
Compiling /home/autoware/Autoware/build/autoware_config_msgs/devel/lib/python2.7/dist-packages/autoware_config_msgs/msg/_ConfigCarFusion.py ...
Compiling /home/autoware/Autoware/build/autoware_config_msgs/devel/lib/python2.7/dist-packages/autoware_config_msgs/msg/_ConfigCarKF.py ...
Compiling /home/autoware/Autoware/build/autoware_config_msgs/devel/lib/python2.7/dist-packages/autoware_config_msgs/msg/_ConfigCompareMapFilter.py ...
Compiling /home/autoware/Autoware/build/autoware_config_msgs/devel/lib/python2.7/dist-packages/autoware_config_msgs/msg/_ConfigDecisionMaker.py ...
Compiling /home/autoware/Autoware/build/autoware_config_msgs/devel/lib/python2.7/dist-packages/autoware_config_msgs/msg/_ConfigDistanceFilter.py ...
Compiling /home/autoware/Autoware/build/autoware_config_msgs/devel/lib/python2.7/dist-packages/autoware_config_msgs/msg/_ConfigICP.py ...
Compiling /home/autoware/Autoware/build/autoware_config_msgs/devel/lib/python2.7/dist-packages/autoware_config_msgs/msg/_ConfigLaneRule.py ...
Compiling /home/autoware/Autoware/build/autoware_config_msgs/devel/lib/python2.7/dist-packages/autoware_config_msgs/msg/_ConfigLaneSelect.py ...
Compiling /home/autoware/Autoware/build/autoware_config_msgs/devel/lib/python2.7/dist-packages/autoware_config_msgs/msg/_ConfigLaneStop.py ...
Compiling /home/autoware/Autoware/build/autoware_config_msgs/devel/lib/python2.7/dist-packages/autoware_config_msgs/msg/_ConfigLatticeVelocitySet.py ...
Compiling /home/autoware/Autoware/build/autoware_config_msgs/devel/lib/python2.7/dist-packages/autoware_config_msgs/msg/_ConfigNDT.py ...
Compiling /home/autoware/Autoware/build/autoware_config_msgs/devel/lib/python2.7/dist-packages/autoware_config_msgs/msg/_ConfigNDTMapping.py ...
Compiling /home/autoware/Autoware/build/autoware_config_msgs/devel/lib/python2.7/dist-packages/autoware_config_msgs/msg/_ConfigNDTMappingOutput.py ...
Compiling /home/autoware/Autoware/build/autoware_config_msgs/devel/lib/python2.7/dist-packages/autoware_config_msgs/msg/_ConfigPedestrianDPM.py ...
Compiling /home/autoware/Autoware/build/autoware_config_msgs/devel/lib/python2.7/dist-packages/autoware_config_msgs/msg/_ConfigPedestrianFusion.py ...
Compiling /home/autoware/Autoware/build/autoware_config_msgs/devel/lib/python2.7/dist-packages/autoware_config_msgs/msg/_ConfigPedestrianKF.py ...
Compiling /home/autoware/Autoware/build/autoware_config_msgs/devel/lib/python2.7/dist-packages/autoware_config_msgs/msg/_ConfigPlannerSelector.py ...
Compiling /home/autoware/Autoware/build/autoware_config_msgs/devel/lib/python2.7/dist-packages/autoware_config_msgs/msg/_ConfigPoints2Polygon.py ...
Compiling /home/autoware/Autoware/build/autoware_config_msgs/devel/lib/python2.7/dist-packages/autoware_config_msgs/msg/_ConfigRandomFilter.py ...
Compiling /home/autoware/Autoware/build/autoware_config_msgs/devel/lib/python2.7/dist-packages/autoware_config_msgs/msg/_ConfigRayGroundFilter.py ...
Compiling /home/autoware/Autoware/build/autoware_config_msgs/devel/lib/python2.7/dist-packages/autoware_config_msgs/msg/_ConfigRcnn.py ...
Compiling /home/autoware/Autoware/build/autoware_config_msgs/devel/lib/python2.7/dist-packages/autoware_config_msgs/msg/_ConfigRingFilter.py ...
Compiling /home/autoware/Autoware/build/autoware_config_msgs/devel/lib/python2.7/dist-packages/autoware_config_msgs/msg/_ConfigRingGroundFilter.py ...
Compiling /home/autoware/Autoware/build/autoware_config_msgs/devel/lib/python2.7/dist-packages/autoware_config_msgs/msg/_ConfigSSD.py ...
Compiling /home/autoware/Autoware/build/autoware_config_msgs/devel/lib/python2.7/dist-packages/autoware_config_msgs/msg/_ConfigTwistFilter.py ...
Compiling /home/autoware/Autoware/build/autoware_config_msgs/devel/lib/python2.7/dist-packages/autoware_config_msgs/msg/_ConfigVelocitySet.py ...
Compiling /home/autoware/Autoware/build/autoware_config_msgs/devel/lib/python2.7/dist-packages/autoware_config_msgs/msg/_ConfigVoxelGridFilter.py ...
Compiling /home/autoware/Autoware/build/autoware_config_msgs/devel/lib/python2.7/dist-packages/autoware_config_msgs/msg/_ConfigWaypointFollower.py ...
Compiling /home/autoware/Autoware/build/autoware_config_msgs/devel/lib/python2.7/dist-packages/autoware_config_msgs/msg/_ConfigWaypointReplanner.py ...
Compiling /home/autoware/Autoware/build/autoware_config_msgs/devel/lib/python2.7/dist-packages/autoware_config_msgs/msg/__init__.py ...
-- Installing: /home/autoware/Autoware/install/autoware_config_msgs/lib/python2.7/dist-packages/autoware_config_msgs
-- Installing: /home/autoware/Autoware/install/autoware_config_msgs/lib/python2.7/dist-packages/autoware_config_msgs/msg
-- Installing: /home/autoware/Autoware/install/autoware_config_msgs/lib/python2.7/dist-packages/autoware_config_msgs/msg/_ConfigDistanceFilter.py
-- Installing: /home/autoware/Autoware/install/autoware_config_msgs/lib/python2.7/dist-packages/autoware_config_msgs/msg/_ConfigPedestrianKF.py
-- Installing: /home/autoware/Autoware/install/autoware_config_msgs/lib/python2.7/dist-packages/autoware_config_msgs/msg/_ConfigICP.pyc
-- Installing: /home/autoware/Autoware/install/autoware_config_msgs/lib/python2.7/dist-packages/autoware_config_msgs/msg/_ConfigPedestrianDPM.pyc
-- Installing: /home/autoware/Autoware/install/autoware_config_msgs/lib/python2.7/dist-packages/autoware_config_msgs/msg/_ConfigNDTMapping.pyc
-- Installing: /home/autoware/Autoware/install/autoware_config_msgs/lib/python2.7/dist-packages/autoware_config_msgs/msg/_ConfigPedestrianKF.pyc
-- Installing: /home/autoware/Autoware/install/autoware_config_msgs/lib/python2.7/dist-packages/autoware_config_msgs/msg/_ConfigNDT.py
-- Installing: /home/autoware/Autoware/install/autoware_config_msgs/lib/python2.7/dist-packages/autoware_config_msgs/msg/_ConfigVoxelGridFilter.pyc
-- Installing: /home/autoware/Autoware/install/autoware_config_msgs/lib/python2.7/dist-packages/autoware_config_msgs/msg/_ConfigPoints2Polygon.pyc
-- Installing: /home/autoware/Autoware/install/autoware_config_msgs/lib/python2.7/dist-packages/autoware_config_msgs/msg/_ConfigSSD.py
-- Installing: /home/autoware/Autoware/install/autoware_config_msgs/lib/python2.7/dist-packages/autoware_config_msgs/msg/_ConfigRayGroundFilter.pyc
-- Installing: /home/autoware/Autoware/install/autoware_config_msgs/lib/python2.7/dist-packages/autoware_config_msgs/msg/_ConfigDecisionMaker.pyc
-- Installing: /home/autoware/Autoware/install/autoware_config_msgs/lib/python2.7/dist-packages/autoware_config_msgs/msg/_ConfigPoints2Polygon.py
-- Installing: /home/autoware/Autoware/install/autoware_config_msgs/lib/python2.7/dist-packages/autoware_config_msgs/msg/_ConfigApproximateNDTMapping.py
-- Installing: /home/autoware/Autoware/install/autoware_config_msgs/lib/python2.7/dist-packages/autoware_config_msgs/msg/_ConfigDistanceFilter.pyc
-- Installing: /home/autoware/Autoware/install/autoware_config_msgs/lib/python2.7/dist-packages/autoware_config_msgs/msg/_ConfigNDTMappingOutput.py
-- Installing: /home/autoware/Autoware/install/autoware_config_msgs/lib/python2.7/dist-packages/autoware_config_msgs/msg/_ConfigPlannerSelector.py
-- Installing: /home/autoware/Autoware/install/autoware_config_msgs/lib/python2.7/dist-packages/autoware_config_msgs/msg/_ConfigRayGroundFilter.py
-- Installing: /home/autoware/Autoware/install/autoware_config_msgs/lib/python2.7/dist-packages/autoware_config_msgs/msg/_ConfigLatticeVelocitySet.pyc
-- Installing: /home/autoware/Autoware/install/autoware_config_msgs/lib/python2.7/dist-packages/autoware_config_msgs/msg/_ConfigWaypointFollower.pyc
-- Installing: /home/autoware/Autoware/install/autoware_config_msgs/lib/python2.7/dist-packages/autoware_config_msgs/msg/_ConfigCarKF.pyc
-- Installing: /home/autoware/Autoware/install/autoware_config_msgs/lib/python2.7/dist-packages/autoware_config_msgs/msg/_ConfigWaypointReplanner.pyc
-- Installing: /home/autoware/Autoware/install/autoware_config_msgs/lib/python2.7/dist-packages/autoware_config_msgs/msg/_ConfigRcnn.py
-- Installing: /home/autoware/Autoware/install/autoware_config_msgs/lib/python2.7/dist-packages/autoware_config_msgs/msg/_ConfigApproximateNDTMapping.pyc
-- Installing: /home/autoware/Autoware/install/autoware_config_msgs/lib/python2.7/dist-packages/autoware_config_msgs/msg/_ConfigCarFusion.pyc
-- Installing: /home/autoware/Autoware/install/autoware_config_msgs/lib/python2.7/dist-packages/autoware_config_msgs/msg/_ConfigLaneRule.pyc
-- Installing: /home/autoware/Autoware/install/autoware_config_msgs/lib/python2.7/dist-packages/autoware_config_msgs/msg/__init__.pyc
-- Installing: /home/autoware/Autoware/install/autoware_config_msgs/lib/python2.7/dist-packages/autoware_config_msgs/msg/_ConfigCarDPM.pyc
-- Installing: /home/autoware/Autoware/install/autoware_config_msgs/lib/python2.7/dist-packages/autoware_config_msgs/msg/_ConfigLaneSelect.py
-- Installing: /home/autoware/Autoware/install/autoware_config_msgs/lib/python2.7/dist-packages/autoware_config_msgs/msg/_ConfigCarKF.py
-- Installing: /home/autoware/Autoware/install/autoware_config_msgs/lib/python2.7/dist-packages/autoware_config_msgs/msg/_ConfigRingGroundFilter.pyc
-- Installing: /home/autoware/Autoware/install/autoware_config_msgs/lib/python2.7/dist-packages/autoware_config_msgs/msg/_ConfigRandomFilter.pyc
-- Installing: /home/autoware/Autoware/install/autoware_config_msgs/lib/python2.7/dist-packages/autoware_config_msgs/msg/_ConfigTwistFilter.pyc
-- Installing: /home/autoware/Autoware/install/autoware_config_msgs/lib/python2.7/dist-packages/autoware_config_msgs/msg/_ConfigRandomFilter.py
-- Installing: /home/autoware/Autoware/install/autoware_config_msgs/lib/python2.7/dist-packages/autoware_config_msgs/msg/_ConfigSSD.pyc
-- Installing: /home/autoware/Autoware/install/autoware_config_msgs/lib/python2.7/dist-packages/autoware_config_msgs/msg/_ConfigRingFilter.pyc
-- Installing: /home/autoware/Autoware/install/autoware_config_msgs/lib/python2.7/dist-packages/autoware_config_msgs/msg/_ConfigLatticeVelocitySet.py
-- Installing: /home/autoware/Autoware/install/autoware_config_msgs/lib/python2.7/dist-packages/autoware_config_msgs/msg/_ConfigPlannerSelector.pyc
-- Installing: /home/autoware/Autoware/install/autoware_config_msgs/lib/python2.7/dist-packages/autoware_config_msgs/msg/_ConfigVelocitySet.py
-- Installing: /home/autoware/Autoware/install/autoware_config_msgs/lib/python2.7/dist-packages/autoware_config_msgs/msg/_ConfigICP.py
-- Installing: /home/autoware/Autoware/install/autoware_config_msgs/lib/python2.7/dist-packages/autoware_config_msgs/msg/_ConfigRingGroundFilter.py
-- Installing: /home/autoware/Autoware/install/autoware_config_msgs/lib/python2.7/dist-packages/autoware_config_msgs/msg/_ConfigNDT.pyc
-- Installing: /home/autoware/Autoware/install/autoware_config_msgs/lib/python2.7/dist-packages/autoware_config_msgs/msg/_ConfigTwistFilter.py
-- Installing: /home/autoware/Autoware/install/autoware_config_msgs/lib/python2.7/dist-packages/autoware_config_msgs/msg/_ConfigLaneRule.py
-- Installing: /home/autoware/Autoware/install/autoware_config_msgs/lib/python2.7/dist-packages/autoware_config_msgs/msg/_ConfigDecisionMaker.py
-- Installing: /home/autoware/Autoware/install/autoware_config_msgs/lib/python2.7/dist-packages/autoware_config_msgs/msg/_ConfigNDTMapping.py
-- Installing: /home/autoware/Autoware/install/autoware_config_msgs/lib/python2.7/dist-packages/autoware_config_msgs/msg/_ConfigPedestrianDPM.py
-- Installing: /home/autoware/Autoware/install/autoware_config_msgs/lib/python2.7/dist-packages/autoware_config_msgs/msg/__init__.py
-- Installing: /home/autoware/Autoware/install/autoware_config_msgs/lib/python2.7/dist-packages/autoware_config_msgs/msg/_ConfigRcnn.pyc
-- Installing: /home/autoware/Autoware/install/autoware_config_msgs/lib/python2.7/dist-packages/autoware_config_msgs/msg/_ConfigCarFusion.py
-- Installing: /home/autoware/Autoware/install/autoware_config_msgs/lib/python2.7/dist-packages/autoware_config_msgs/msg/_ConfigCompareMapFilter.py
-- Installing: /home/autoware/Autoware/install/autoware_config_msgs/lib/python2.7/dist-packages/autoware_config_msgs/msg/_ConfigNDTMappingOutput.pyc
-- Installing: /home/autoware/Autoware/install/autoware_config_msgs/lib/python2.7/dist-packages/autoware_config_msgs/msg/_ConfigRingFilter.py
-- Installing: /home/autoware/Autoware/install/autoware_config_msgs/lib/python2.7/dist-packages/autoware_config_msgs/msg/_ConfigCarDPM.py
-- Installing: /home/autoware/Autoware/install/autoware_config_msgs/lib/python2.7/dist-packages/autoware_config_msgs/msg/_ConfigWaypointFollower.py
-- Installing: /home/autoware/Autoware/install/autoware_config_msgs/lib/python2.7/dist-packages/autoware_config_msgs/msg/_ConfigVelocitySet.pyc
-- Installing: /home/autoware/Autoware/install/autoware_config_msgs/lib/python2.7/dist-packages/autoware_config_msgs/msg/_ConfigCompareMapFilter.pyc
-- Installing: /home/autoware/Autoware/install/autoware_config_msgs/lib/python2.7/dist-packages/autoware_config_msgs/msg/_ConfigWaypointReplanner.py
-- Installing: /home/autoware/Autoware/install/autoware_config_msgs/lib/python2.7/dist-packages/autoware_config_msgs/msg/_ConfigVoxelGridFilter.py
-- Installing: /home/autoware/Autoware/install/autoware_config_msgs/lib/python2.7/dist-packages/autoware_config_msgs/msg/_ConfigLaneSelect.pyc
-- Installing: /home/autoware/Autoware/install/autoware_config_msgs/lib/python2.7/dist-packages/autoware_config_msgs/msg/_ConfigLaneStop.py
-- Installing: /home/autoware/Autoware/install/autoware_config_msgs/lib/python2.7/dist-packages/autoware_config_msgs/msg/_ConfigLaneStop.pyc
-- Installing: /home/autoware/Autoware/install/autoware_config_msgs/lib/python2.7/dist-packages/autoware_config_msgs/msg/_ConfigPedestrianFusion.pyc
-- Installing: /home/autoware/Autoware/install/autoware_config_msgs/lib/python2.7/dist-packages/autoware_config_msgs/msg/_ConfigPedestrianFusion.py
-- Installing: /home/autoware/Autoware/install/autoware_config_msgs/lib/python2.7/dist-packages/autoware_config_msgs/__init__.pyc
-- Installing: /home/autoware/Autoware/install/autoware_config_msgs/lib/python2.7/dist-packages/autoware_config_msgs/__init__.py
-- Installing: /home/autoware/Autoware/install/autoware_config_msgs/lib/pkgconfig/autoware_config_msgs.pc
-- Installing: /home/autoware/Autoware/install/autoware_config_msgs/share/autoware_config_msgs/cmake/autoware_config_msgs-msg-extras.cmake
-- Installing: /home/autoware/Autoware/install/autoware_config_msgs/share/autoware_config_msgs/cmake/autoware_config_msgsConfig.cmake
-- Installing: /home/autoware/Autoware/install/autoware_config_msgs/share/autoware_config_msgs/cmake/autoware_config_msgsConfig-version.cmake
-- Installing: /home/autoware/Autoware/install/autoware_config_msgs/share/autoware_config_msgs/package.xml
