[0.012s] Invoking command in '/home/autoware/Autoware/build/calibration_publisher': CMAKE_PREFIX_PATH=/home/autoware/Autoware/install/autoware_msgs:/home/autoware/Autoware/install/autoware_build_flags:${CMAKE_PREFIX_PATH} PKG_CONFIG_PATH=/home/autoware/Autoware/install/autoware_msgs/lib/x86_64-linux-gnu/pkgconfig:/home/autoware/Autoware/install/autoware_msgs/lib/pkgconfig:/home/autoware/Autoware/install/autoware_build_flags/lib/x86_64-linux-gnu/pkgconfig:/home/autoware/Autoware/install/autoware_build_flags/lib/pkgconfig:${PKG_CONFIG_PATH} PYTHONPATH=/home/autoware/Autoware/install/autoware_msgs/lib/python2.7/dist-packages:${PYTHONPATH} ROS_PACKAGE_PATH=/home/autoware/Autoware/install/autoware_msgs/share:/home/autoware/Autoware/install/autoware_build_flags/share:${ROS_PACKAGE_PATH} /usr/bin/cmake /home/autoware/Autoware/src/autoware/utilities/calibration_publisher -DCMAKE_BUILD_TYPE=Release -DCATKIN_INSTALL_INTO_PREFIX_ROOT=0 -DCMAKE_INSTALL_PREFIX=/home/autoware/Autoware/install/calibration_publisher
[0.088s] -- The C compiler identification is GNU 7.5.0
[0.154s] -- The CXX compiler identification is GNU 7.5.0
[0.161s] -- Check for working C compiler: /usr/bin/cc
[0.241s] -- Check for working C compiler: /usr/bin/cc -- works
[0.241s] -- Detecting C compiler ABI info
[0.313s] -- Detecting C compiler ABI info - done
[0.321s] -- Detecting C compile features
[0.553s] -- Detecting C compile features - done
[0.555s] -- Check for working CXX compiler: /usr/bin/c++
[0.653s] -- Check for working CXX compiler: /usr/bin/c++ -- works
[0.653s] -- Detecting CXX compiler ABI info
[0.748s] -- Detecting CXX compiler ABI info - done
[0.754s] -- Detecting CXX compile features
[1.188s] -- Detecting CXX compile features - done
[1.191s] -- CUDA compilation status: ON.
[1.193s] -- Using CATKIN_DEVEL_PREFIX: /home/autoware/Autoware/build/calibration_publisher/devel
[1.193s] -- Using CMAKE_PREFIX_PATH: /home/autoware/Autoware/install/autoware_msgs;/home/autoware/Autoware/install/autoware_build_flags;/opt/ros/melodic
[1.194s] -- This workspace overlays: /home/autoware/Autoware/install/autoware_msgs;/home/autoware/Autoware/install/autoware_build_flags;/opt/ros/melodic
[1.213s] -- Found PythonInterp: /usr/bin/python2 (found suitable version "2.7.17", minimum required is "2") 
[1.213s] -- Using PYTHON_EXECUTABLE: /usr/bin/python2
[1.213s] -- Using Debian Python package layout
[1.213s] -- Using empy: /usr/bin/empy
[1.378s] -- Using CATKIN_ENABLE_TESTING: ON
[1.379s] -- Call enable_testing()
[1.381s] -- Using CATKIN_TEST_RESULTS_DIR: /home/autoware/Autoware/build/calibration_publisher/test_results
[1.410s] -- Found gtest sources under '/usr/src/googletest': gtests will be built
[1.410s] -- Found gmock sources under '/usr/src/googletest': gmock will be built
[1.427s] -- Found PythonInterp: /usr/bin/python2 (found version "2.7.17") 
[1.429s] -- Looking for pthread.h
[1.512s] -- Looking for pthread.h - found
[1.513s] -- Looking for pthread_create
[1.596s] -- Looking for pthread_create - not found
[1.596s] -- Looking for pthread_create in pthreads
[1.663s] -- Looking for pthread_create in pthreads - not found
[1.664s] -- Looking for pthread_create in pthread
[1.747s] -- Looking for pthread_create in pthread - found
[1.748s] -- Found Threads: TRUE  
[1.753s] -- Using Python nosetests: /usr/bin/nosetests-2.7
[1.801s] -- catkin 0.7.26
[1.801s] -- BUILD_SHARED_LIBS is on
[1.987s] -- Using these message generators: gencpp;geneus;genlisp;gennodejs;genpy
[2.237s] -- Found OpenCV: /usr (found version "3.2.0") 
[2.365s] -- Configuring done
[2.402s] -- Generating done
[2.410s] -- Build files have been written to: /home/autoware/Autoware/build/calibration_publisher
[2.419s] Invoked command in '/home/autoware/Autoware/build/calibration_publisher' returned '0': CMAKE_PREFIX_PATH=/home/autoware/Autoware/install/autoware_msgs:/home/autoware/Autoware/install/autoware_build_flags:${CMAKE_PREFIX_PATH} PKG_CONFIG_PATH=/home/autoware/Autoware/install/autoware_msgs/lib/x86_64-linux-gnu/pkgconfig:/home/autoware/Autoware/install/autoware_msgs/lib/pkgconfig:/home/autoware/Autoware/install/autoware_build_flags/lib/x86_64-linux-gnu/pkgconfig:/home/autoware/Autoware/install/autoware_build_flags/lib/pkgconfig:${PKG_CONFIG_PATH} PYTHONPATH=/home/autoware/Autoware/install/autoware_msgs/lib/python2.7/dist-packages:${PYTHONPATH} ROS_PACKAGE_PATH=/home/autoware/Autoware/install/autoware_msgs/share:/home/autoware/Autoware/install/autoware_build_flags/share:${ROS_PACKAGE_PATH} /usr/bin/cmake /home/autoware/Autoware/src/autoware/utilities/calibration_publisher -DCMAKE_BUILD_TYPE=Release -DCATKIN_INSTALL_INTO_PREFIX_ROOT=0 -DCMAKE_INSTALL_PREFIX=/home/autoware/Autoware/install/calibration_publisher
[2.420s] Invoking command in '/home/autoware/Autoware/build/calibration_publisher': CMAKE_PREFIX_PATH=/home/autoware/Autoware/install/autoware_msgs:/home/autoware/Autoware/install/autoware_build_flags:${CMAKE_PREFIX_PATH} PKG_CONFIG_PATH=/home/autoware/Autoware/install/autoware_msgs/lib/x86_64-linux-gnu/pkgconfig:/home/autoware/Autoware/install/autoware_msgs/lib/pkgconfig:/home/autoware/Autoware/install/autoware_build_flags/lib/x86_64-linux-gnu/pkgconfig:/home/autoware/Autoware/install/autoware_build_flags/lib/pkgconfig:${PKG_CONFIG_PATH} PYTHONPATH=/home/autoware/Autoware/install/autoware_msgs/lib/python2.7/dist-packages:${PYTHONPATH} ROS_PACKAGE_PATH=/home/autoware/Autoware/install/autoware_msgs/share:/home/autoware/Autoware/install/autoware_build_flags/share:${ROS_PACKAGE_PATH} /usr/bin/cmake --build /home/autoware/Autoware/build/calibration_publisher -- -j2 -l2
[2.470s] Scanning dependencies of target autoware_msgs_generate_messages_cpp
[2.483s] [  0%] Built target autoware_msgs_generate_messages_cpp
[2.494s] Scanning dependencies of target geometry_msgs_generate_messages_py
[2.505s] [  0%] Built target geometry_msgs_generate_messages_py
[2.516s] Scanning dependencies of target sensor_msgs_generate_messages_nodejs
[2.527s] [  0%] Built target sensor_msgs_generate_messages_nodejs
[2.538s] Scanning dependencies of target roscpp_generate_messages_cpp
[2.549s] [  0%] Built target roscpp_generate_messages_cpp
[2.560s] Scanning dependencies of target actionlib_generate_messages_cpp
[2.571s] [  0%] Built target actionlib_generate_messages_cpp
[2.583s] Scanning dependencies of target pcl_msgs_generate_messages_eus
[2.594s] [  0%] Built target pcl_msgs_generate_messages_eus
[2.606s] Scanning dependencies of target rosgraph_msgs_generate_messages_eus
[2.617s] [  0%] Built target rosgraph_msgs_generate_messages_eus
[2.627s] Scanning dependencies of target jsk_recognition_msgs_generate_messages_lisp
[2.640s] [  0%] Built target jsk_recognition_msgs_generate_messages_lisp
[2.652s] Scanning dependencies of target jsk_recognition_msgs_generate_messages_eus
[2.661s] [  0%] Built target jsk_recognition_msgs_generate_messages_eus
[2.672s] Scanning dependencies of target tf2_msgs_generate_messages_cpp
[2.684s] [  0%] Built target tf2_msgs_generate_messages_cpp
[2.696s] Scanning dependencies of target std_msgs_generate_messages_py
[2.709s] [  0%] Built target std_msgs_generate_messages_py
[2.720s] Scanning dependencies of target autoware_msgs_generate_messages_py
[2.733s] [  0%] Built target autoware_msgs_generate_messages_py
[2.746s] Scanning dependencies of target std_msgs_generate_messages_nodejs
[2.757s] [  0%] Built target std_msgs_generate_messages_nodejs
[2.768s] Scanning dependencies of target sensor_msgs_generate_messages_eus
[2.780s] [  0%] Built target sensor_msgs_generate_messages_eus
[2.792s] Scanning dependencies of target _catkin_empty_exported_target
[2.803s] [  0%] Built target _catkin_empty_exported_target
[2.814s] Scanning dependencies of target sensor_msgs_generate_messages_cpp
[2.825s] [  0%] Built target sensor_msgs_generate_messages_cpp
[2.839s] Scanning dependencies of target rosgraph_msgs_generate_messages_cpp
[2.851s] [  0%] Built target rosgraph_msgs_generate_messages_cpp
[2.863s] Scanning dependencies of target pcl_msgs_generate_messages_nodejs
[2.875s] [  0%] Built target pcl_msgs_generate_messages_nodejs
[2.888s] Scanning dependencies of target jsk_recognition_msgs_generate_messages_py
[2.902s] [  0%] Built target jsk_recognition_msgs_generate_messages_py
[2.915s] Scanning dependencies of target sensor_msgs_generate_messages_lisp
[2.927s] [  0%] Built target sensor_msgs_generate_messages_lisp
[2.940s] Scanning dependencies of target sensor_msgs_generate_messages_py
[2.955s] [  0%] Built target sensor_msgs_generate_messages_py
[2.968s] Scanning dependencies of target tf_generate_messages_py
[2.981s] [  0%] Built target tf_generate_messages_py
[2.994s] Scanning dependencies of target std_msgs_generate_messages_cpp
[3.007s] [  0%] Built target std_msgs_generate_messages_cpp
[3.018s] Scanning dependencies of target jsk_footstep_msgs_generate_messages_py
[3.030s] [  0%] Built target jsk_footstep_msgs_generate_messages_py
[3.041s] Scanning dependencies of target actionlib_msgs_generate_messages_nodejs
[3.051s] [  0%] Built target actionlib_msgs_generate_messages_nodejs
[3.062s] Scanning dependencies of target geometry_msgs_generate_messages_eus
[3.075s] [  0%] Built target geometry_msgs_generate_messages_eus
[3.086s] Scanning dependencies of target std_msgs_generate_messages_lisp
[3.098s] [  0%] Built target std_msgs_generate_messages_lisp
[3.109s] Scanning dependencies of target roscpp_generate_messages_nodejs
[3.120s] [  0%] Built target roscpp_generate_messages_nodejs
[3.131s] Scanning dependencies of target geometry_msgs_generate_messages_nodejs
[3.141s] [  0%] Built target geometry_msgs_generate_messages_nodejs
[3.153s] Scanning dependencies of target geometry_msgs_generate_messages_lisp
[3.163s] [  0%] Built target geometry_msgs_generate_messages_lisp
[3.176s] Scanning dependencies of target pcl_msgs_generate_messages_cpp
[3.188s] [  0%] Built target pcl_msgs_generate_messages_cpp
[3.200s] Scanning dependencies of target jsk_recognition_msgs_generate_messages_cpp
[3.214s] [  0%] Built target jsk_recognition_msgs_generate_messages_cpp
[3.229s] Scanning dependencies of target autoware_msgs_generate_messages_eus
[3.242s] [  0%] Built target autoware_msgs_generate_messages_eus
[3.257s] Scanning dependencies of target autoware_msgs_generate_messages_lisp
[3.269s] [  0%] Built target autoware_msgs_generate_messages_lisp
[3.282s] Scanning dependencies of target autoware_msgs_generate_messages_nodejs
[3.294s] [  0%] Built target autoware_msgs_generate_messages_nodejs
[3.307s] Scanning dependencies of target jsk_footstep_msgs_generate_messages_eus
[3.319s] [  0%] Built target jsk_footstep_msgs_generate_messages_eus
[3.331s] Scanning dependencies of target actionlib_msgs_generate_messages_py
[3.344s] [  0%] Built target actionlib_msgs_generate_messages_py
[3.356s] Scanning dependencies of target jsk_footstep_msgs_generate_messages_lisp
[3.369s] [  0%] Built target jsk_footstep_msgs_generate_messages_lisp
[3.382s] Scanning dependencies of target jsk_footstep_msgs_generate_messages_nodejs
[3.395s] [  0%] Built target jsk_footstep_msgs_generate_messages_nodejs
[3.407s] Scanning dependencies of target actionlib_msgs_generate_messages_lisp
[3.419s] [  0%] Built target actionlib_msgs_generate_messages_lisp
[3.432s] Scanning dependencies of target jsk_recognition_msgs_generate_messages_nodejs
[3.445s] [  0%] Built target jsk_recognition_msgs_generate_messages_nodejs
[3.457s] Scanning dependencies of target roscpp_generate_messages_lisp
[3.469s] [  0%] Built target roscpp_generate_messages_lisp
[3.482s] Scanning dependencies of target roscpp_generate_messages_py
[3.495s] [  0%] Built target roscpp_generate_messages_py
[3.508s] Scanning dependencies of target rosgraph_msgs_generate_messages_lisp
[3.520s] [  0%] Built target rosgraph_msgs_generate_messages_lisp
[3.536s] Scanning dependencies of target rosgraph_msgs_generate_messages_nodejs
[3.557s] [  0%] Built target rosgraph_msgs_generate_messages_nodejs
[3.572s] Scanning dependencies of target roscpp_generate_messages_eus
[3.585s] [  0%] Built target roscpp_generate_messages_eus
[3.598s] Scanning dependencies of target actionlib_msgs_generate_messages_eus
[3.612s] [  0%] Built target actionlib_msgs_generate_messages_eus
[3.625s] Scanning dependencies of target rosgraph_msgs_generate_messages_py
[3.637s] [  0%] Built target rosgraph_msgs_generate_messages_py
[3.650s] Scanning dependencies of target jsk_footstep_msgs_generate_messages_cpp
[3.662s] [  0%] Built target jsk_footstep_msgs_generate_messages_cpp
[3.675s] Scanning dependencies of target actionlib_msgs_generate_messages_cpp
[3.688s] [  0%] Built target actionlib_msgs_generate_messages_cpp
[3.701s] Scanning dependencies of target tf_generate_messages_eus
[3.714s] [  0%] Built target tf_generate_messages_eus
[3.728s] Scanning dependencies of target tf_generate_messages_lisp
[3.741s] [  0%] Built target tf_generate_messages_lisp
[3.755s] Scanning dependencies of target tf_generate_messages_nodejs
[3.768s] [  0%] Built target tf_generate_messages_nodejs
[3.781s] Scanning dependencies of target pcl_msgs_generate_messages_py
[3.794s] [  0%] Built target pcl_msgs_generate_messages_py
[3.807s] Scanning dependencies of target actionlib_generate_messages_eus
[3.819s] [  0%] Built target actionlib_generate_messages_eus
[3.832s] Scanning dependencies of target geometry_msgs_generate_messages_cpp
[3.844s] [  0%] Built target geometry_msgs_generate_messages_cpp
[3.857s] Scanning dependencies of target actionlib_generate_messages_lisp
[3.870s] [  0%] Built target actionlib_generate_messages_lisp
[3.883s] Scanning dependencies of target pcl_msgs_generate_messages_lisp
[3.895s] [  0%] Built target pcl_msgs_generate_messages_lisp
[3.908s] Scanning dependencies of target tf_generate_messages_cpp
[3.920s] [  0%] Built target tf_generate_messages_cpp
[3.934s] Scanning dependencies of target actionlib_generate_messages_nodejs
[3.947s] [  0%] Built target actionlib_generate_messages_nodejs
[3.961s] Scanning dependencies of target tf2_msgs_generate_messages_eus
[3.975s] [  0%] Built target tf2_msgs_generate_messages_eus
[3.989s] Scanning dependencies of target tf2_msgs_generate_messages_lisp
[4.002s] [  0%] Built target tf2_msgs_generate_messages_lisp
[4.016s] Scanning dependencies of target actionlib_generate_messages_py
[4.030s] [  0%] Built target actionlib_generate_messages_py
[4.044s] Scanning dependencies of target tf2_msgs_generate_messages_py
[4.057s] [  0%] Built target tf2_msgs_generate_messages_py
[4.070s] Scanning dependencies of target tf2_msgs_generate_messages_nodejs
[4.082s] [  0%] Built target tf2_msgs_generate_messages_nodejs
[4.095s] Scanning dependencies of target std_msgs_generate_messages_eus
[4.106s] [  0%] Built target std_msgs_generate_messages_eus
[4.129s] Scanning dependencies of target calibration_publisher
[4.147s] [ 50%] Building CXX object CMakeFiles/calibration_publisher.dir/src/calibration_publisher.cpp.o
[8.000s] [100%] Linking CXX executable devel/lib/calibration_publisher/calibration_publisher
[8.157s] [100%] Built target calibration_publisher
[8.174s] Invoked command in '/home/autoware/Autoware/build/calibration_publisher' returned '0': CMAKE_PREFIX_PATH=/home/autoware/Autoware/install/autoware_msgs:/home/autoware/Autoware/install/autoware_build_flags:${CMAKE_PREFIX_PATH} PKG_CONFIG_PATH=/home/autoware/Autoware/install/autoware_msgs/lib/x86_64-linux-gnu/pkgconfig:/home/autoware/Autoware/install/autoware_msgs/lib/pkgconfig:/home/autoware/Autoware/install/autoware_build_flags/lib/x86_64-linux-gnu/pkgconfig:/home/autoware/Autoware/install/autoware_build_flags/lib/pkgconfig:${PKG_CONFIG_PATH} PYTHONPATH=/home/autoware/Autoware/install/autoware_msgs/lib/python2.7/dist-packages:${PYTHONPATH} ROS_PACKAGE_PATH=/home/autoware/Autoware/install/autoware_msgs/share:/home/autoware/Autoware/install/autoware_build_flags/share:${ROS_PACKAGE_PATH} /usr/bin/cmake --build /home/autoware/Autoware/build/calibration_publisher -- -j2 -l2
[8.288s] Invoking command in '/home/autoware/Autoware/build/calibration_publisher': CMAKE_PREFIX_PATH=/home/autoware/Autoware/install/autoware_msgs:/home/autoware/Autoware/install/autoware_build_flags:${CMAKE_PREFIX_PATH} PKG_CONFIG_PATH=/home/autoware/Autoware/install/autoware_msgs/lib/x86_64-linux-gnu/pkgconfig:/home/autoware/Autoware/install/autoware_msgs/lib/pkgconfig:/home/autoware/Autoware/install/autoware_build_flags/lib/x86_64-linux-gnu/pkgconfig:/home/autoware/Autoware/install/autoware_build_flags/lib/pkgconfig:${PKG_CONFIG_PATH} PYTHONPATH=/home/autoware/Autoware/install/autoware_msgs/lib/python2.7/dist-packages:${PYTHONPATH} ROS_PACKAGE_PATH=/home/autoware/Autoware/install/autoware_msgs/share:/home/autoware/Autoware/install/autoware_build_flags/share:${ROS_PACKAGE_PATH} /usr/bin/cmake --build /home/autoware/Autoware/build/calibration_publisher --target tests -- -j2 -l2
[8.359s] Scanning dependencies of target tests
[8.370s] Built target tests
[8.384s] Invoked command in '/home/autoware/Autoware/build/calibration_publisher' returned '0': CMAKE_PREFIX_PATH=/home/autoware/Autoware/install/autoware_msgs:/home/autoware/Autoware/install/autoware_build_flags:${CMAKE_PREFIX_PATH} PKG_CONFIG_PATH=/home/autoware/Autoware/install/autoware_msgs/lib/x86_64-linux-gnu/pkgconfig:/home/autoware/Autoware/install/autoware_msgs/lib/pkgconfig:/home/autoware/Autoware/install/autoware_build_flags/lib/x86_64-linux-gnu/pkgconfig:/home/autoware/Autoware/install/autoware_build_flags/lib/pkgconfig:${PKG_CONFIG_PATH} PYTHONPATH=/home/autoware/Autoware/install/autoware_msgs/lib/python2.7/dist-packages:${PYTHONPATH} ROS_PACKAGE_PATH=/home/autoware/Autoware/install/autoware_msgs/share:/home/autoware/Autoware/install/autoware_build_flags/share:${ROS_PACKAGE_PATH} /usr/bin/cmake --build /home/autoware/Autoware/build/calibration_publisher --target tests -- -j2 -l2
[8.491s] Invoking command in '/home/autoware/Autoware/build/calibration_publisher': CMAKE_PREFIX_PATH=/home/autoware/Autoware/install/autoware_msgs:/home/autoware/Autoware/install/autoware_build_flags:${CMAKE_PREFIX_PATH} PKG_CONFIG_PATH=/home/autoware/Autoware/install/autoware_msgs/lib/x86_64-linux-gnu/pkgconfig:/home/autoware/Autoware/install/autoware_msgs/lib/pkgconfig:/home/autoware/Autoware/install/autoware_build_flags/lib/x86_64-linux-gnu/pkgconfig:/home/autoware/Autoware/install/autoware_build_flags/lib/pkgconfig:${PKG_CONFIG_PATH} PYTHONPATH=/home/autoware/Autoware/install/autoware_msgs/lib/python2.7/dist-packages:${PYTHONPATH} ROS_PACKAGE_PATH=/home/autoware/Autoware/install/autoware_msgs/share:/home/autoware/Autoware/install/autoware_build_flags/share:${ROS_PACKAGE_PATH} /usr/bin/cmake --build /home/autoware/Autoware/build/calibration_publisher --target install -- -j2 -l2
[8.556s] [  0%] Built target autoware_msgs_generate_messages_cpp
[8.579s] [  0%] Built target geometry_msgs_generate_messages_py
[8.603s] [  0%] Built target sensor_msgs_generate_messages_nodejs
[8.628s] [  0%] Built target roscpp_generate_messages_cpp
[8.656s] [  0%] Built target actionlib_generate_messages_cpp
[8.683s] [  0%] Built target pcl_msgs_generate_messages_eus
[8.707s] [  0%] Built target rosgraph_msgs_generate_messages_eus
[8.734s] [  0%] Built target jsk_recognition_msgs_generate_messages_lisp
[8.760s] [  0%] Built target jsk_recognition_msgs_generate_messages_eus
[8.787s] [  0%] Built target tf2_msgs_generate_messages_cpp
[8.812s] [  0%] Built target std_msgs_generate_messages_py
[8.839s] [  0%] Built target autoware_msgs_generate_messages_py
[8.866s] [  0%] Built target std_msgs_generate_messages_nodejs
[8.891s] [  0%] Built target sensor_msgs_generate_messages_eus
[8.915s] [  0%] Built target _catkin_empty_exported_target
[8.937s] [  0%] Built target sensor_msgs_generate_messages_cpp
[8.960s] [  0%] Built target rosgraph_msgs_generate_messages_cpp
[8.986s] [  0%] Built target pcl_msgs_generate_messages_nodejs
[9.012s] [  0%] Built target jsk_recognition_msgs_generate_messages_py
[9.037s] [  0%] Built target sensor_msgs_generate_messages_lisp
[9.060s] [  0%] Built target sensor_msgs_generate_messages_py
[9.083s] [  0%] Built target tf_generate_messages_py
[9.105s] [  0%] Built target std_msgs_generate_messages_cpp
[9.128s] [  0%] Built target jsk_footstep_msgs_generate_messages_py
[9.152s] [  0%] Built target actionlib_msgs_generate_messages_nodejs
[9.175s] [  0%] Built target geometry_msgs_generate_messages_eus
[9.198s] [  0%] Built target std_msgs_generate_messages_lisp
[9.219s] [  0%] Built target roscpp_generate_messages_nodejs
[9.243s] [  0%] Built target geometry_msgs_generate_messages_nodejs
[9.266s] [  0%] Built target geometry_msgs_generate_messages_lisp
[9.289s] [  0%] Built target pcl_msgs_generate_messages_cpp
[9.315s] [  0%] Built target jsk_recognition_msgs_generate_messages_cpp
[9.344s] [  0%] Built target autoware_msgs_generate_messages_eus
[9.374s] [  0%] Built target autoware_msgs_generate_messages_lisp
[9.399s] [  0%] Built target autoware_msgs_generate_messages_nodejs
[9.423s] [  0%] Built target jsk_footstep_msgs_generate_messages_eus
[9.446s] [  0%] Built target actionlib_msgs_generate_messages_py
[9.469s] [  0%] Built target jsk_footstep_msgs_generate_messages_lisp
[9.493s] [  0%] Built target jsk_footstep_msgs_generate_messages_nodejs
[9.517s] [  0%] Built target actionlib_msgs_generate_messages_lisp
[9.539s] [  0%] Built target jsk_recognition_msgs_generate_messages_nodejs
[9.561s] [  0%] Built target roscpp_generate_messages_lisp
[9.583s] [  0%] Built target roscpp_generate_messages_py
[9.605s] [  0%] Built target rosgraph_msgs_generate_messages_lisp
[9.627s] [  0%] Built target rosgraph_msgs_generate_messages_nodejs
[9.653s] [  0%] Built target roscpp_generate_messages_eus
[9.681s] [  0%] Built target actionlib_msgs_generate_messages_eus
[9.708s] [  0%] Built target rosgraph_msgs_generate_messages_py
[9.734s] [  0%] Built target jsk_footstep_msgs_generate_messages_cpp
[9.758s] [  0%] Built target actionlib_msgs_generate_messages_cpp
[9.784s] [  0%] Built target tf_generate_messages_eus
[9.808s] [  0%] Built target tf_generate_messages_lisp
[9.833s] [  0%] Built target tf_generate_messages_nodejs
[9.863s] [  0%] Built target pcl_msgs_generate_messages_py
[9.893s] [  0%] Built target actionlib_generate_messages_eus
[9.917s] [  0%] Built target geometry_msgs_generate_messages_cpp
[9.941s] [  0%] Built target actionlib_generate_messages_lisp
[9.964s] [  0%] Built target pcl_msgs_generate_messages_lisp
[9.987s] [  0%] Built target tf_generate_messages_cpp
[10.010s] [  0%] Built target actionlib_generate_messages_nodejs
[10.032s] [  0%] Built target tf2_msgs_generate_messages_eus
[10.055s] [  0%] Built target tf2_msgs_generate_messages_lisp
[10.081s] [  0%] Built target actionlib_generate_messages_py
[10.104s] [  0%] Built target tf2_msgs_generate_messages_py
[10.127s] [  0%] Built target tf2_msgs_generate_messages_nodejs
[10.153s] [  0%] Built target std_msgs_generate_messages_eus
[10.186s] [100%] Built target calibration_publisher
[10.210s] Install the project...
[10.221s] -- Install configuration: "Release"
[10.221s] -- Installing: /home/autoware/Autoware/install/calibration_publisher/lib/pkgconfig/calibration_publisher.pc
[10.222s] -- Installing: /home/autoware/Autoware/install/calibration_publisher/share/calibration_publisher/cmake/calibration_publisherConfig.cmake
[10.222s] -- Installing: /home/autoware/Autoware/install/calibration_publisher/share/calibration_publisher/cmake/calibration_publisherConfig-version.cmake
[10.222s] -- Installing: /home/autoware/Autoware/install/calibration_publisher/share/calibration_publisher/package.xml
[10.223s] -- Installing: /home/autoware/Autoware/install/calibration_publisher/lib/calibration_publisher/calibration_publisher
[10.223s] -- Set runtime path of "/home/autoware/Autoware/install/calibration_publisher/lib/calibration_publisher/calibration_publisher" to ""
[10.229s] Invoked command in '/home/autoware/Autoware/build/calibration_publisher' returned '0': CMAKE_PREFIX_PATH=/home/autoware/Autoware/install/autoware_msgs:/home/autoware/Autoware/install/autoware_build_flags:${CMAKE_PREFIX_PATH} PKG_CONFIG_PATH=/home/autoware/Autoware/install/autoware_msgs/lib/x86_64-linux-gnu/pkgconfig:/home/autoware/Autoware/install/autoware_msgs/lib/pkgconfig:/home/autoware/Autoware/install/autoware_build_flags/lib/x86_64-linux-gnu/pkgconfig:/home/autoware/Autoware/install/autoware_build_flags/lib/pkgconfig:${PKG_CONFIG_PATH} PYTHONPATH=/home/autoware/Autoware/install/autoware_msgs/lib/python2.7/dist-packages:${PYTHONPATH} ROS_PACKAGE_PATH=/home/autoware/Autoware/install/autoware_msgs/share:/home/autoware/Autoware/install/autoware_build_flags/share:${ROS_PACKAGE_PATH} /usr/bin/cmake --build /home/autoware/Autoware/build/calibration_publisher --target install -- -j2 -l2
