[0.013s] Invoking command in '/home/autoware/Autoware/build/marker_downsampler': /usr/bin/cmake /home/autoware/Autoware/src/autoware/utilities/marker_downsampler -DCMAKE_BUILD_TYPE=Release -DCATKIN_INSTALL_INTO_PREFIX_ROOT=0 -DCMAKE_INSTALL_PREFIX=/home/autoware/Autoware/install/marker_downsampler
[0.080s] -- The C compiler identification is GNU 7.5.0
[0.155s] -- The CXX compiler identification is GNU 7.5.0
[0.159s] -- Check for working C compiler: /usr/bin/cc
[0.238s] -- Check for working C compiler: /usr/bin/cc -- works
[0.238s] -- Detecting C compiler ABI info
[0.317s] -- Detecting C compiler ABI info - done
[0.325s] -- Detecting C compile features
[0.584s] -- Detecting C compile features - done
[0.584s] -- Check for working CXX compiler: /usr/bin/c++
[0.689s] -- Check for working CXX compiler: /usr/bin/c++ -- works
[0.689s] -- Detecting CXX compiler ABI info
[0.778s] -- Detecting CXX compiler ABI info - done
[0.787s] -- Detecting CXX compile features
[1.191s] -- Detecting CXX compile features - done
[1.193s] -- Using CATKIN_DEVEL_PREFIX: /home/autoware/Autoware/build/marker_downsampler/devel
[1.193s] -- Using CMAKE_PREFIX_PATH: /opt/ros/melodic
[1.194s] -- This workspace overlays: /opt/ros/melodic
[1.212s] -- Found PythonInterp: /usr/bin/python2 (found suitable version "2.7.17", minimum required is "2") 
[1.212s] -- Using PYTHON_EXECUTABLE: /usr/bin/python2
[1.212s] -- Using Debian Python package layout
[1.212s] -- Using empy: /usr/bin/empy
[1.353s] -- Using CATKIN_ENABLE_TESTING: ON
[1.354s] -- Call enable_testing()
[1.356s] -- Using CATKIN_TEST_RESULTS_DIR: /home/autoware/Autoware/build/marker_downsampler/test_results
[1.385s] -- Found gtest sources under '/usr/src/googletest': gtests will be built
[1.386s] -- Found gmock sources under '/usr/src/googletest': gmock will be built
[1.404s] -- Found PythonInterp: /usr/bin/python2 (found version "2.7.17") 
[1.406s] -- Looking for pthread.h
[1.493s] -- Looking for pthread.h - found
[1.493s] -- Looking for pthread_create
[1.605s] -- Looking for pthread_create - not found
[1.605s] -- Looking for pthread_create in pthreads
[1.682s] -- Looking for pthread_create in pthreads - not found
[1.682s] -- Looking for pthread_create in pthread
[1.754s] -- Looking for pthread_create in pthread - found
[1.757s] -- Found Threads: TRUE  
[1.759s] -- Using Python nosetests: /usr/bin/nosetests-2.7
[1.802s] -- catkin 0.7.26
[1.803s] -- BUILD_SHARED_LIBS is on
[2.176s] -- Configuring done
[2.196s] -- Generating done
[2.202s] -- Build files have been written to: /home/autoware/Autoware/build/marker_downsampler
[2.206s] Invoked command in '/home/autoware/Autoware/build/marker_downsampler' returned '0': /usr/bin/cmake /home/autoware/Autoware/src/autoware/utilities/marker_downsampler -DCMAKE_BUILD_TYPE=Release -DCATKIN_INSTALL_INTO_PREFIX_ROOT=0 -DCMAKE_INSTALL_PREFIX=/home/autoware/Autoware/install/marker_downsampler
[2.207s] Invoking command in '/home/autoware/Autoware/build/marker_downsampler': /usr/bin/cmake --build /home/autoware/Autoware/build/marker_downsampler -- -j2 -l2
[2.263s] Invoked command in '/home/autoware/Autoware/build/marker_downsampler' returned '0': /usr/bin/cmake --build /home/autoware/Autoware/build/marker_downsampler -- -j2 -l2
[2.321s] Invoking command in '/home/autoware/Autoware/build/marker_downsampler': /usr/bin/cmake --build /home/autoware/Autoware/build/marker_downsampler --target tests -- -j2 -l2
[2.381s] Scanning dependencies of target tests
[2.392s] Built target tests
[2.407s] Invoked command in '/home/autoware/Autoware/build/marker_downsampler' returned '0': /usr/bin/cmake --build /home/autoware/Autoware/build/marker_downsampler --target tests -- -j2 -l2
[2.485s] Invoking command in '/home/autoware/Autoware/build/marker_downsampler': /usr/bin/cmake --build /home/autoware/Autoware/build/marker_downsampler --target install -- -j2 -l2
[2.546s] Install the project...
[2.556s] -- Install configuration: "Release"
[2.557s] -- Installing: /home/autoware/Autoware/install/marker_downsampler/lib/pkgconfig/marker_downsampler.pc
[2.557s] -- Installing: /home/autoware/Autoware/install/marker_downsampler/share/marker_downsampler/cmake/marker_downsamplerConfig.cmake
[2.558s] -- Installing: /home/autoware/Autoware/install/marker_downsampler/share/marker_downsampler/cmake/marker_downsamplerConfig-version.cmake
[2.558s] -- Installing: /home/autoware/Autoware/install/marker_downsampler/share/marker_downsampler/package.xml
[2.559s] -- Installing: /home/autoware/Autoware/install/marker_downsampler/lib/marker_downsampler/app.py
[2.565s] Invoked command in '/home/autoware/Autoware/build/marker_downsampler' returned '0': /usr/bin/cmake --build /home/autoware/Autoware/build/marker_downsampler --target install -- -j2 -l2
