Determining if the pthread_create exist failed with the following output:
Change Dir: /home/autoware/Autoware/build/object_map/CMakeFiles/CMakeTmp

Run Build Command:"/usr/bin/make" "cmTC_dab2c/fast"
/usr/bin/make -f CMakeFiles/cmTC_dab2c.dir/build.make CMakeFiles/cmTC_dab2c.dir/build
make[1]: Entering directory '/home/autoware/Autoware/build/object_map/CMakeFiles/CMakeTmp'
Building C object CMakeFiles/cmTC_dab2c.dir/CheckSymbolExists.c.o
/usr/bin/cc    -o CMakeFiles/cmTC_dab2c.dir/CheckSymbolExists.c.o   -c /home/autoware/Autoware/build/object_map/CMakeFiles/CMakeTmp/CheckSymbolExists.c
Linking C executable cmTC_dab2c
/usr/bin/cmake -E cmake_link_script CMakeFiles/cmTC_dab2c.dir/link.txt --verbose=1
/usr/bin/cc      -rdynamic CMakeFiles/cmTC_dab2c.dir/CheckSymbolExists.c.o  -o cmTC_dab2c 
CMakeFiles/cmTC_dab2c.dir/CheckSymbolExists.c.o: In function `main':
CheckSymbolExists.c:(.text+0x1b): undefined reference to `pthread_create'
collect2: error: ld returned 1 exit status
CMakeFiles/cmTC_dab2c.dir/build.make:97: recipe for target 'cmTC_dab2c' failed
make[1]: *** [cmTC_dab2c] Error 1
make[1]: Leaving directory '/home/autoware/Autoware/build/object_map/CMakeFiles/CMakeTmp'
Makefile:126: recipe for target 'cmTC_dab2c/fast' failed
make: *** [cmTC_dab2c/fast] Error 2

File /home/autoware/Autoware/build/object_map/CMakeFiles/CMakeTmp/CheckSymbolExists.c:
/* */
#include <pthread.h>

int main(int argc, char** argv)
{
  (void)argv;
#ifndef pthread_create
  return ((int*)(&pthread_create))[argc];
#else
  (void)argc;
  return 0;
#endif
}

Determining if the function pthread_create exists in the pthreads failed with the following output:
Change Dir: /home/autoware/Autoware/build/object_map/CMakeFiles/CMakeTmp

Run Build Command:"/usr/bin/make" "cmTC_addff/fast"
/usr/bin/make -f CMakeFiles/cmTC_addff.dir/build.make CMakeFiles/cmTC_addff.dir/build
make[1]: Entering directory '/home/autoware/Autoware/build/object_map/CMakeFiles/CMakeTmp'
Building C object CMakeFiles/cmTC_addff.dir/CheckFunctionExists.c.o
/usr/bin/cc   -DCHECK_FUNCTION_EXISTS=pthread_create   -o CMakeFiles/cmTC_addff.dir/CheckFunctionExists.c.o   -c /usr/share/cmake-3.10/Modules/CheckFunctionExists.c
Linking C executable cmTC_addff
/usr/bin/cmake -E cmake_link_script CMakeFiles/cmTC_addff.dir/link.txt --verbose=1
/usr/bin/cc  -DCHECK_FUNCTION_EXISTS=pthread_create    -rdynamic CMakeFiles/cmTC_addff.dir/CheckFunctionExists.c.o  -o cmTC_addff -lpthreads 
/usr/bin/ld: cannot find -lpthreads
collect2: error: ld returned 1 exit status
CMakeFiles/cmTC_addff.dir/build.make:97: recipe for target 'cmTC_addff' failed
make[1]: *** [cmTC_addff] Error 1
make[1]: Leaving directory '/home/autoware/Autoware/build/object_map/CMakeFiles/CMakeTmp'
Makefile:126: recipe for target 'cmTC_addff/fast' failed
make: *** [cmTC_addff/fast] Error 2


