[0.030s] Invoking command in '/home/autoware/Autoware/build/twist_gate': CMAKE_PREFIX_PATH=/home/autoware/Autoware/install/autoware_health_checker:/home/autoware/Autoware/install/tablet_socket_msgs:/home/autoware/Autoware/install/ros_observer:/home/autoware/Autoware/install/autoware_system_msgs:/home/autoware/Autoware/install/autoware_msgs:/home/autoware/Autoware/install/autoware_config_msgs:/home/autoware/Autoware/install/autoware_build_flags:${CMAKE_PREFIX_PATH} LD_LIBRARY_PATH=/home/autoware/Autoware/install/autoware_health_checker/lib:/home/autoware/Autoware/install/ros_observer/lib:${LD_LIBRARY_PATH} PKG_CONFIG_PATH=/home/autoware/Autoware/install/autoware_health_checker/lib/x86_64-linux-gnu/pkgconfig:/home/autoware/Autoware/install/autoware_health_checker/lib/pkgconfig:/home/autoware/Autoware/install/tablet_socket_msgs/lib/x86_64-linux-gnu/pkgconfig:/home/autoware/Autoware/install/tablet_socket_msgs/lib/pkgconfig:/home/autoware/Autoware/install/ros_observer/lib/x86_64-linux-gnu/pkgconfig:/home/autoware/Autoware/install/ros_observer/lib/pkgconfig:/home/autoware/Autoware/install/autoware_system_msgs/lib/x86_64-linux-gnu/pkgconfig:/home/autoware/Autoware/install/autoware_system_msgs/lib/pkgconfig:/home/autoware/Autoware/install/autoware_msgs/lib/x86_64-linux-gnu/pkgconfig:/home/autoware/Autoware/install/autoware_msgs/lib/pkgconfig:/home/autoware/Autoware/install/autoware_config_msgs/lib/x86_64-linux-gnu/pkgconfig:/home/autoware/Autoware/install/autoware_config_msgs/lib/pkgconfig:/home/autoware/Autoware/install/autoware_build_flags/lib/x86_64-linux-gnu/pkgconfig:/home/autoware/Autoware/install/autoware_build_flags/lib/pkgconfig:${PKG_CONFIG_PATH} PYTHONPATH=/home/autoware/Autoware/install/tablet_socket_msgs/lib/python2.7/dist-packages:/home/autoware/Autoware/install/autoware_system_msgs/lib/python2.7/dist-packages:/home/autoware/Autoware/install/autoware_msgs/lib/python2.7/dist-packages:/home/autoware/Autoware/install/autoware_config_msgs/lib/python2.7/dist-packages:${PYTHONPATH} ROS_PACKAGE_PATH=/home/autoware/Autoware/install/autoware_health_checker/share:/home/autoware/Autoware/install/tablet_socket_msgs/share:/home/autoware/Autoware/install/ros_observer/share:/home/autoware/Autoware/install/autoware_system_msgs/share:/home/autoware/Autoware/install/autoware_msgs/share:/home/autoware/Autoware/install/autoware_config_msgs/share:/home/autoware/Autoware/install/autoware_build_flags/share:${ROS_PACKAGE_PATH} /usr/bin/cmake /home/autoware/Autoware/src/autoware/core_planning/twist_gate -DCMAKE_BUILD_TYPE=Release -DCATKIN_INSTALL_INTO_PREFIX_ROOT=0 -DCMAKE_INSTALL_PREFIX=/home/autoware/Autoware/install/twist_gate
[0.110s] -- The C compiler identification is GNU 7.5.0
[0.185s] -- The CXX compiler identification is GNU 7.5.0
[0.193s] -- Check for working C compiler: /usr/bin/cc
[0.289s] -- Check for working C compiler: /usr/bin/cc -- works
[0.289s] -- Detecting C compiler ABI info
[0.389s] -- Detecting C compiler ABI info - done
[0.394s] -- Detecting C compile features
[0.671s] -- Detecting C compile features - done
[0.676s] -- Check for working CXX compiler: /usr/bin/c++
[0.789s] -- Check for working CXX compiler: /usr/bin/c++ -- works
[0.789s] -- Detecting CXX compiler ABI info
[0.888s] -- Detecting CXX compiler ABI info - done
[0.898s] -- Detecting CXX compile features
[1.377s] -- Detecting CXX compile features - done
[1.381s] -- CUDA compilation status: ON.
[1.384s] -- Using CATKIN_DEVEL_PREFIX: /home/autoware/Autoware/build/twist_gate/devel
[1.384s] -- Using CMAKE_PREFIX_PATH: /home/autoware/Autoware/install/autoware_health_checker;/home/autoware/Autoware/install/tablet_socket_msgs;/home/autoware/Autoware/install/ros_observer;/home/autoware/Autoware/install/autoware_system_msgs;/home/autoware/Autoware/install/autoware_msgs;/home/autoware/Autoware/install/autoware_config_msgs;/home/autoware/Autoware/install/autoware_build_flags;/opt/ros/melodic
[1.385s] -- This workspace overlays: /home/autoware/Autoware/install/autoware_health_checker;/home/autoware/Autoware/install/tablet_socket_msgs;/home/autoware/Autoware/install/ros_observer;/home/autoware/Autoware/install/autoware_system_msgs;/home/autoware/Autoware/install/autoware_msgs;/home/autoware/Autoware/install/autoware_config_msgs;/home/autoware/Autoware/install/autoware_build_flags;/opt/ros/melodic
[1.408s] -- Found PythonInterp: /usr/bin/python2 (found suitable version "2.7.17", minimum required is "2") 
[1.408s] -- Using PYTHON_EXECUTABLE: /usr/bin/python2
[1.408s] -- Using Debian Python package layout
[1.408s] -- Using empy: /usr/bin/empy
[1.576s] -- Using CATKIN_ENABLE_TESTING: ON
[1.576s] -- Call enable_testing()
[1.581s] -- Using CATKIN_TEST_RESULTS_DIR: /home/autoware/Autoware/build/twist_gate/test_results
[1.610s] -- Found gtest sources under '/usr/src/googletest': gtests will be built
[1.610s] -- Found gmock sources under '/usr/src/googletest': gmock will be built
[1.633s] -- Found PythonInterp: /usr/bin/python2 (found version "2.7.17") 
[1.633s] -- Looking for pthread.h
[1.737s] -- Looking for pthread.h - found
[1.737s] -- Looking for pthread_create
[1.833s] -- Looking for pthread_create - not found
[1.833s] -- Looking for pthread_create in pthreads
[1.905s] -- Looking for pthread_create in pthreads - not found
[1.909s] -- Looking for pthread_create in pthread
[1.997s] -- Looking for pthread_create in pthread - found
[1.997s] -- Found Threads: TRUE  
[2.001s] -- Using Python nosetests: /usr/bin/nosetests-2.7
[2.055s] -- catkin 0.7.26
[2.055s] -- BUILD_SHARED_LIBS is on
[2.311s] -- Using these message generators: gencpp;geneus;genlisp;gennodejs;genpy
[2.620s] -- Configuring done
[2.674s] -- Generating done
[2.688s] -- Build files have been written to: /home/autoware/Autoware/build/twist_gate
[2.697s] Invoked command in '/home/autoware/Autoware/build/twist_gate' returned '0': CMAKE_PREFIX_PATH=/home/autoware/Autoware/install/autoware_health_checker:/home/autoware/Autoware/install/tablet_socket_msgs:/home/autoware/Autoware/install/ros_observer:/home/autoware/Autoware/install/autoware_system_msgs:/home/autoware/Autoware/install/autoware_msgs:/home/autoware/Autoware/install/autoware_config_msgs:/home/autoware/Autoware/install/autoware_build_flags:${CMAKE_PREFIX_PATH} LD_LIBRARY_PATH=/home/autoware/Autoware/install/autoware_health_checker/lib:/home/autoware/Autoware/install/ros_observer/lib:${LD_LIBRARY_PATH} PKG_CONFIG_PATH=/home/autoware/Autoware/install/autoware_health_checker/lib/x86_64-linux-gnu/pkgconfig:/home/autoware/Autoware/install/autoware_health_checker/lib/pkgconfig:/home/autoware/Autoware/install/tablet_socket_msgs/lib/x86_64-linux-gnu/pkgconfig:/home/autoware/Autoware/install/tablet_socket_msgs/lib/pkgconfig:/home/autoware/Autoware/install/ros_observer/lib/x86_64-linux-gnu/pkgconfig:/home/autoware/Autoware/install/ros_observer/lib/pkgconfig:/home/autoware/Autoware/install/autoware_system_msgs/lib/x86_64-linux-gnu/pkgconfig:/home/autoware/Autoware/install/autoware_system_msgs/lib/pkgconfig:/home/autoware/Autoware/install/autoware_msgs/lib/x86_64-linux-gnu/pkgconfig:/home/autoware/Autoware/install/autoware_msgs/lib/pkgconfig:/home/autoware/Autoware/install/autoware_config_msgs/lib/x86_64-linux-gnu/pkgconfig:/home/autoware/Autoware/install/autoware_config_msgs/lib/pkgconfig:/home/autoware/Autoware/install/autoware_build_flags/lib/x86_64-linux-gnu/pkgconfig:/home/autoware/Autoware/install/autoware_build_flags/lib/pkgconfig:${PKG_CONFIG_PATH} PYTHONPATH=/home/autoware/Autoware/install/tablet_socket_msgs/lib/python2.7/dist-packages:/home/autoware/Autoware/install/autoware_system_msgs/lib/python2.7/dist-packages:/home/autoware/Autoware/install/autoware_msgs/lib/python2.7/dist-packages:/home/autoware/Autoware/install/autoware_config_msgs/lib/python2.7/dist-packages:${PYTHONPATH} ROS_PACKAGE_PATH=/home/autoware/Autoware/install/autoware_health_checker/share:/home/autoware/Autoware/install/tablet_socket_msgs/share:/home/autoware/Autoware/install/ros_observer/share:/home/autoware/Autoware/install/autoware_system_msgs/share:/home/autoware/Autoware/install/autoware_msgs/share:/home/autoware/Autoware/install/autoware_config_msgs/share:/home/autoware/Autoware/install/autoware_build_flags/share:${ROS_PACKAGE_PATH} /usr/bin/cmake /home/autoware/Autoware/src/autoware/core_planning/twist_gate -DCMAKE_BUILD_TYPE=Release -DCATKIN_INSTALL_INTO_PREFIX_ROOT=0 -DCMAKE_INSTALL_PREFIX=/home/autoware/Autoware/install/twist_gate
[2.698s] Invoking command in '/home/autoware/Autoware/build/twist_gate': CMAKE_PREFIX_PATH=/home/autoware/Autoware/install/autoware_health_checker:/home/autoware/Autoware/install/tablet_socket_msgs:/home/autoware/Autoware/install/ros_observer:/home/autoware/Autoware/install/autoware_system_msgs:/home/autoware/Autoware/install/autoware_msgs:/home/autoware/Autoware/install/autoware_config_msgs:/home/autoware/Autoware/install/autoware_build_flags:${CMAKE_PREFIX_PATH} LD_LIBRARY_PATH=/home/autoware/Autoware/install/autoware_health_checker/lib:/home/autoware/Autoware/install/ros_observer/lib:${LD_LIBRARY_PATH} PKG_CONFIG_PATH=/home/autoware/Autoware/install/autoware_health_checker/lib/x86_64-linux-gnu/pkgconfig:/home/autoware/Autoware/install/autoware_health_checker/lib/pkgconfig:/home/autoware/Autoware/install/tablet_socket_msgs/lib/x86_64-linux-gnu/pkgconfig:/home/autoware/Autoware/install/tablet_socket_msgs/lib/pkgconfig:/home/autoware/Autoware/install/ros_observer/lib/x86_64-linux-gnu/pkgconfig:/home/autoware/Autoware/install/ros_observer/lib/pkgconfig:/home/autoware/Autoware/install/autoware_system_msgs/lib/x86_64-linux-gnu/pkgconfig:/home/autoware/Autoware/install/autoware_system_msgs/lib/pkgconfig:/home/autoware/Autoware/install/autoware_msgs/lib/x86_64-linux-gnu/pkgconfig:/home/autoware/Autoware/install/autoware_msgs/lib/pkgconfig:/home/autoware/Autoware/install/autoware_config_msgs/lib/x86_64-linux-gnu/pkgconfig:/home/autoware/Autoware/install/autoware_config_msgs/lib/pkgconfig:/home/autoware/Autoware/install/autoware_build_flags/lib/x86_64-linux-gnu/pkgconfig:/home/autoware/Autoware/install/autoware_build_flags/lib/pkgconfig:${PKG_CONFIG_PATH} PYTHONPATH=/home/autoware/Autoware/install/tablet_socket_msgs/lib/python2.7/dist-packages:/home/autoware/Autoware/install/autoware_system_msgs/lib/python2.7/dist-packages:/home/autoware/Autoware/install/autoware_msgs/lib/python2.7/dist-packages:/home/autoware/Autoware/install/autoware_config_msgs/lib/python2.7/dist-packages:${PYTHONPATH} ROS_PACKAGE_PATH=/home/autoware/Autoware/install/autoware_health_checker/share:/home/autoware/Autoware/install/tablet_socket_msgs/share:/home/autoware/Autoware/install/ros_observer/share:/home/autoware/Autoware/install/autoware_system_msgs/share:/home/autoware/Autoware/install/autoware_msgs/share:/home/autoware/Autoware/install/autoware_config_msgs/share:/home/autoware/Autoware/install/autoware_build_flags/share:${ROS_PACKAGE_PATH} /usr/bin/cmake --build /home/autoware/Autoware/build/twist_gate -- -j2 -l2
[2.759s] Scanning dependencies of target autoware_msgs_generate_messages_cpp
[2.774s] [  0%] Built target autoware_msgs_generate_messages_cpp
[2.787s] Scanning dependencies of target geometry_msgs_generate_messages_py
[2.801s] [  0%] Built target geometry_msgs_generate_messages_py
[2.815s] Scanning dependencies of target geometry_msgs_generate_messages_lisp
[2.829s] [  0%] Built target geometry_msgs_generate_messages_lisp
[2.843s] Scanning dependencies of target geometry_msgs_generate_messages_cpp
[2.860s] [  0%] Built target geometry_msgs_generate_messages_cpp
[2.874s] Scanning dependencies of target geometry_msgs_generate_messages_eus
[2.888s] [  0%] Built target geometry_msgs_generate_messages_eus
[2.902s] Scanning dependencies of target autoware_system_msgs_generate_messages_cpp
[2.915s] [  0%] Built target autoware_system_msgs_generate_messages_cpp
[2.929s] Scanning dependencies of target autoware_config_msgs_generate_messages_nodejs
[2.942s] [  0%] Built target autoware_config_msgs_generate_messages_nodejs
[2.956s] Scanning dependencies of target autoware_msgs_generate_messages_lisp
[2.970s] [  0%] Built target autoware_msgs_generate_messages_lisp
[2.985s] Scanning dependencies of target jsk_recognition_msgs_generate_messages_cpp
[2.998s] [  0%] Built target jsk_recognition_msgs_generate_messages_cpp
[3.011s] Scanning dependencies of target autoware_msgs_generate_messages_eus
[3.025s] [  0%] Built target autoware_msgs_generate_messages_eus
[3.039s] Scanning dependencies of target rosgraph_msgs_generate_messages_cpp
[3.052s] [  0%] Built target rosgraph_msgs_generate_messages_cpp
[3.066s] Scanning dependencies of target rosgraph_msgs_generate_messages_lisp
[3.080s] [  0%] Built target rosgraph_msgs_generate_messages_lisp
[3.095s] Scanning dependencies of target autoware_system_msgs_generate_messages_eus
[3.109s] [  0%] Built target autoware_system_msgs_generate_messages_eus
[3.124s] Scanning dependencies of target jsk_recognition_msgs_generate_messages_eus
[3.138s] [  0%] Built target jsk_recognition_msgs_generate_messages_eus
[3.153s] Scanning dependencies of target sensor_msgs_generate_messages_lisp
[3.167s] [  0%] Built target sensor_msgs_generate_messages_lisp
[3.182s] Scanning dependencies of target rosgraph_msgs_generate_messages_eus
[3.196s] [  0%] Built target rosgraph_msgs_generate_messages_eus
[3.211s] Scanning dependencies of target autoware_msgs_generate_messages_py
[3.225s] [  0%] Built target autoware_msgs_generate_messages_py
[3.242s] Scanning dependencies of target std_msgs_generate_messages_py
[3.257s] [  0%] Built target std_msgs_generate_messages_py
[3.273s] Scanning dependencies of target std_msgs_generate_messages_cpp
[3.287s] [  0%] Built target std_msgs_generate_messages_cpp
[3.302s] Scanning dependencies of target actionlib_msgs_generate_messages_nodejs
[3.316s] [  0%] Built target actionlib_msgs_generate_messages_nodejs
[3.331s] Scanning dependencies of target autoware_system_msgs_generate_messages_lisp
[3.346s] [  0%] Built target autoware_system_msgs_generate_messages_lisp
[3.362s] Scanning dependencies of target autoware_config_msgs_generate_messages_py
[3.377s] [  0%] Built target autoware_config_msgs_generate_messages_py
[3.391s] Scanning dependencies of target roscpp_generate_messages_eus
[3.405s] [  0%] Built target roscpp_generate_messages_eus
[3.420s] Scanning dependencies of target actionlib_msgs_generate_messages_eus
[3.434s] [  0%] Built target actionlib_msgs_generate_messages_eus
[3.448s] Scanning dependencies of target rosgraph_msgs_generate_messages_py
[3.463s] [  0%] Built target rosgraph_msgs_generate_messages_py
[3.478s] Scanning dependencies of target autoware_msgs_generate_messages_nodejs
[3.493s] [  0%] Built target autoware_msgs_generate_messages_nodejs
[3.508s] Scanning dependencies of target autoware_config_msgs_generate_messages_cpp
[3.523s] [  0%] Built target autoware_config_msgs_generate_messages_cpp
[3.537s] Scanning dependencies of target rosgraph_msgs_generate_messages_nodejs
[3.552s] [  0%] Built target rosgraph_msgs_generate_messages_nodejs
[3.570s] Scanning dependencies of target std_msgs_generate_messages_eus
[3.584s] [  0%] Built target std_msgs_generate_messages_eus
[3.599s] Scanning dependencies of target geometry_msgs_generate_messages_nodejs
[3.613s] [  0%] Built target geometry_msgs_generate_messages_nodejs
[3.628s] Scanning dependencies of target autoware_config_msgs_generate_messages_eus
[3.644s] [  0%] Built target autoware_config_msgs_generate_messages_eus
[3.661s] Scanning dependencies of target jsk_footstep_msgs_generate_messages_py
[3.676s] [  0%] Built target jsk_footstep_msgs_generate_messages_py
[3.691s] Scanning dependencies of target tablet_socket_msgs_generate_messages_py
[3.705s] [  0%] Built target tablet_socket_msgs_generate_messages_py
[3.720s] Scanning dependencies of target roscpp_generate_messages_nodejs
[3.735s] [  0%] Built target roscpp_generate_messages_nodejs
[3.751s] Scanning dependencies of target std_msgs_generate_messages_lisp
[3.766s] [  0%] Built target std_msgs_generate_messages_lisp
[3.780s] Scanning dependencies of target std_msgs_generate_messages_nodejs
[3.794s] [  0%] Built target std_msgs_generate_messages_nodejs
[3.809s] Scanning dependencies of target jsk_recognition_msgs_generate_messages_lisp
[3.828s] [  0%] Built target jsk_recognition_msgs_generate_messages_lisp
[3.842s] Scanning dependencies of target jsk_recognition_msgs_generate_messages_py
[3.856s] [  0%] Built target jsk_recognition_msgs_generate_messages_py
[3.869s] Scanning dependencies of target sensor_msgs_generate_messages_cpp
[3.883s] [  0%] Built target sensor_msgs_generate_messages_cpp
[3.897s] Scanning dependencies of target sensor_msgs_generate_messages_eus
[3.911s] [  0%] Built target sensor_msgs_generate_messages_eus
[3.924s] Scanning dependencies of target autoware_system_msgs_generate_messages_py
[3.939s] [  0%] Built target autoware_system_msgs_generate_messages_py
[3.953s] Scanning dependencies of target sensor_msgs_generate_messages_nodejs
[3.968s] [  0%] Built target sensor_msgs_generate_messages_nodejs
[3.982s] Scanning dependencies of target roscpp_generate_messages_cpp
[3.995s] [  0%] Built target roscpp_generate_messages_cpp
[4.008s] Scanning dependencies of target sensor_msgs_generate_messages_py
[4.022s] [  0%] Built target sensor_msgs_generate_messages_py
[4.037s] Scanning dependencies of target pcl_msgs_generate_messages_cpp
[4.053s] [  0%] Built target pcl_msgs_generate_messages_cpp
[4.069s] Scanning dependencies of target pcl_msgs_generate_messages_eus
[4.083s] [  0%] Built target pcl_msgs_generate_messages_eus
[4.099s] Scanning dependencies of target pcl_msgs_generate_messages_lisp
[4.113s] [  0%] Built target pcl_msgs_generate_messages_lisp
[4.130s] Scanning dependencies of target pcl_msgs_generate_messages_nodejs
[4.145s] [  0%] Built target pcl_msgs_generate_messages_nodejs
[4.161s] Scanning dependencies of target pcl_msgs_generate_messages_py
[4.182s] [  0%] Built target pcl_msgs_generate_messages_py
[4.196s] Scanning dependencies of target jsk_footstep_msgs_generate_messages_eus
[4.209s] [  0%] Built target jsk_footstep_msgs_generate_messages_eus
[4.224s] Scanning dependencies of target actionlib_msgs_generate_messages_py
[4.239s] [  0%] Built target actionlib_msgs_generate_messages_py
[4.254s] Scanning dependencies of target jsk_footstep_msgs_generate_messages_lisp
[4.271s] [  0%] Built target jsk_footstep_msgs_generate_messages_lisp
[4.287s] Scanning dependencies of target jsk_footstep_msgs_generate_messages_nodejs
[4.303s] [  0%] Built target jsk_footstep_msgs_generate_messages_nodejs
[4.319s] Scanning dependencies of target jsk_footstep_msgs_generate_messages_cpp
[4.339s] [  0%] Built target jsk_footstep_msgs_generate_messages_cpp
[4.354s] Scanning dependencies of target actionlib_msgs_generate_messages_cpp
[4.369s] [  0%] Built target actionlib_msgs_generate_messages_cpp
[4.384s] Scanning dependencies of target autoware_system_msgs_generate_messages_nodejs
[4.398s] [  0%] Built target autoware_system_msgs_generate_messages_nodejs
[4.413s] Scanning dependencies of target actionlib_msgs_generate_messages_lisp
[4.427s] [  0%] Built target actionlib_msgs_generate_messages_lisp
[4.441s] Scanning dependencies of target jsk_recognition_msgs_generate_messages_nodejs
[4.455s] [  0%] Built target jsk_recognition_msgs_generate_messages_nodejs
[4.470s] Scanning dependencies of target roscpp_generate_messages_lisp
[4.483s] [  0%] Built target roscpp_generate_messages_lisp
[4.497s] Scanning dependencies of target roscpp_generate_messages_py
[4.511s] [  0%] Built target roscpp_generate_messages_py
[4.527s] Scanning dependencies of target autoware_config_msgs_generate_messages_lisp
[4.548s] [  0%] Built target autoware_config_msgs_generate_messages_lisp
[4.561s] Scanning dependencies of target tablet_socket_msgs_generate_messages_cpp
[4.575s] [  0%] Built target tablet_socket_msgs_generate_messages_cpp
[4.591s] Scanning dependencies of target tablet_socket_msgs_generate_messages_eus
[4.608s] [  0%] Built target tablet_socket_msgs_generate_messages_eus
[4.622s] Scanning dependencies of target tablet_socket_msgs_generate_messages_lisp
[4.636s] [  0%] Built target tablet_socket_msgs_generate_messages_lisp
[4.650s] Scanning dependencies of target tablet_socket_msgs_generate_messages_nodejs
[4.663s] [  0%] Built target tablet_socket_msgs_generate_messages_nodejs
[4.695s] Scanning dependencies of target twist_gate
[4.718s] [ 33%] Building CXX object CMakeFiles/twist_gate.dir/src/twist_gate_node.cpp.o
[6.979s] [ 66%] Building CXX object CMakeFiles/twist_gate.dir/src/twist_gate.cpp.o
[18.478s] [100%] Linking CXX executable devel/lib/twist_gate/twist_gate
[18.721s] [100%] Built target twist_gate
[18.735s] Invoked command in '/home/autoware/Autoware/build/twist_gate' returned '0': CMAKE_PREFIX_PATH=/home/autoware/Autoware/install/autoware_health_checker:/home/autoware/Autoware/install/tablet_socket_msgs:/home/autoware/Autoware/install/ros_observer:/home/autoware/Autoware/install/autoware_system_msgs:/home/autoware/Autoware/install/autoware_msgs:/home/autoware/Autoware/install/autoware_config_msgs:/home/autoware/Autoware/install/autoware_build_flags:${CMAKE_PREFIX_PATH} LD_LIBRARY_PATH=/home/autoware/Autoware/install/autoware_health_checker/lib:/home/autoware/Autoware/install/ros_observer/lib:${LD_LIBRARY_PATH} PKG_CONFIG_PATH=/home/autoware/Autoware/install/autoware_health_checker/lib/x86_64-linux-gnu/pkgconfig:/home/autoware/Autoware/install/autoware_health_checker/lib/pkgconfig:/home/autoware/Autoware/install/tablet_socket_msgs/lib/x86_64-linux-gnu/pkgconfig:/home/autoware/Autoware/install/tablet_socket_msgs/lib/pkgconfig:/home/autoware/Autoware/install/ros_observer/lib/x86_64-linux-gnu/pkgconfig:/home/autoware/Autoware/install/ros_observer/lib/pkgconfig:/home/autoware/Autoware/install/autoware_system_msgs/lib/x86_64-linux-gnu/pkgconfig:/home/autoware/Autoware/install/autoware_system_msgs/lib/pkgconfig:/home/autoware/Autoware/install/autoware_msgs/lib/x86_64-linux-gnu/pkgconfig:/home/autoware/Autoware/install/autoware_msgs/lib/pkgconfig:/home/autoware/Autoware/install/autoware_config_msgs/lib/x86_64-linux-gnu/pkgconfig:/home/autoware/Autoware/install/autoware_config_msgs/lib/pkgconfig:/home/autoware/Autoware/install/autoware_build_flags/lib/x86_64-linux-gnu/pkgconfig:/home/autoware/Autoware/install/autoware_build_flags/lib/pkgconfig:${PKG_CONFIG_PATH} PYTHONPATH=/home/autoware/Autoware/install/tablet_socket_msgs/lib/python2.7/dist-packages:/home/autoware/Autoware/install/autoware_system_msgs/lib/python2.7/dist-packages:/home/autoware/Autoware/install/autoware_msgs/lib/python2.7/dist-packages:/home/autoware/Autoware/install/autoware_config_msgs/lib/python2.7/dist-packages:${PYTHONPATH} ROS_PACKAGE_PATH=/home/autoware/Autoware/install/autoware_health_checker/share:/home/autoware/Autoware/install/tablet_socket_msgs/share:/home/autoware/Autoware/install/ros_observer/share:/home/autoware/Autoware/install/autoware_system_msgs/share:/home/autoware/Autoware/install/autoware_msgs/share:/home/autoware/Autoware/install/autoware_config_msgs/share:/home/autoware/Autoware/install/autoware_build_flags/share:${ROS_PACKAGE_PATH} /usr/bin/cmake --build /home/autoware/Autoware/build/twist_gate -- -j2 -l2
[18.866s] Invoking command in '/home/autoware/Autoware/build/twist_gate': CMAKE_PREFIX_PATH=/home/autoware/Autoware/install/autoware_health_checker:/home/autoware/Autoware/install/tablet_socket_msgs:/home/autoware/Autoware/install/ros_observer:/home/autoware/Autoware/install/autoware_system_msgs:/home/autoware/Autoware/install/autoware_msgs:/home/autoware/Autoware/install/autoware_config_msgs:/home/autoware/Autoware/install/autoware_build_flags:${CMAKE_PREFIX_PATH} LD_LIBRARY_PATH=/home/autoware/Autoware/install/autoware_health_checker/lib:/home/autoware/Autoware/install/ros_observer/lib:${LD_LIBRARY_PATH} PKG_CONFIG_PATH=/home/autoware/Autoware/install/autoware_health_checker/lib/x86_64-linux-gnu/pkgconfig:/home/autoware/Autoware/install/autoware_health_checker/lib/pkgconfig:/home/autoware/Autoware/install/tablet_socket_msgs/lib/x86_64-linux-gnu/pkgconfig:/home/autoware/Autoware/install/tablet_socket_msgs/lib/pkgconfig:/home/autoware/Autoware/install/ros_observer/lib/x86_64-linux-gnu/pkgconfig:/home/autoware/Autoware/install/ros_observer/lib/pkgconfig:/home/autoware/Autoware/install/autoware_system_msgs/lib/x86_64-linux-gnu/pkgconfig:/home/autoware/Autoware/install/autoware_system_msgs/lib/pkgconfig:/home/autoware/Autoware/install/autoware_msgs/lib/x86_64-linux-gnu/pkgconfig:/home/autoware/Autoware/install/autoware_msgs/lib/pkgconfig:/home/autoware/Autoware/install/autoware_config_msgs/lib/x86_64-linux-gnu/pkgconfig:/home/autoware/Autoware/install/autoware_config_msgs/lib/pkgconfig:/home/autoware/Autoware/install/autoware_build_flags/lib/x86_64-linux-gnu/pkgconfig:/home/autoware/Autoware/install/autoware_build_flags/lib/pkgconfig:${PKG_CONFIG_PATH} PYTHONPATH=/home/autoware/Autoware/install/tablet_socket_msgs/lib/python2.7/dist-packages:/home/autoware/Autoware/install/autoware_system_msgs/lib/python2.7/dist-packages:/home/autoware/Autoware/install/autoware_msgs/lib/python2.7/dist-packages:/home/autoware/Autoware/install/autoware_config_msgs/lib/python2.7/dist-packages:${PYTHONPATH} ROS_PACKAGE_PATH=/home/autoware/Autoware/install/autoware_health_checker/share:/home/autoware/Autoware/install/tablet_socket_msgs/share:/home/autoware/Autoware/install/ros_observer/share:/home/autoware/Autoware/install/autoware_system_msgs/share:/home/autoware/Autoware/install/autoware_msgs/share:/home/autoware/Autoware/install/autoware_config_msgs/share:/home/autoware/Autoware/install/autoware_build_flags/share:${ROS_PACKAGE_PATH} /usr/bin/cmake --build /home/autoware/Autoware/build/twist_gate --target tests -- -j2 -l2
[18.952s] Scanning dependencies of target gtest
[18.970s] [ 20%] Building CXX object gtest/googlemock/gtest/CMakeFiles/gtest.dir/src/gtest-all.cc.o
[24.533s] [ 40%] Linking CXX shared library libgtest.so
[24.627s] [ 40%] Built target gtest
[24.653s] [ 40%] Built target geometry_msgs_generate_messages_py
[24.678s] [ 40%] Built target geometry_msgs_generate_messages_lisp
[24.706s] [ 40%] Built target geometry_msgs_generate_messages_cpp
[24.734s] [ 40%] Built target geometry_msgs_generate_messages_eus
[24.759s] [ 40%] Built target autoware_system_msgs_generate_messages_cpp
[24.786s] [ 40%] Built target autoware_config_msgs_generate_messages_nodejs
[24.813s] [ 40%] Built target autoware_msgs_generate_messages_lisp
[24.840s] [ 40%] Built target jsk_recognition_msgs_generate_messages_cpp
[24.864s] [ 40%] Built target autoware_msgs_generate_messages_eus
[24.890s] [ 40%] Built target rosgraph_msgs_generate_messages_cpp
[24.917s] [ 40%] Built target rosgraph_msgs_generate_messages_lisp
[24.943s] [ 40%] Built target autoware_system_msgs_generate_messages_eus
[24.969s] [ 40%] Built target jsk_recognition_msgs_generate_messages_eus
[24.994s] [ 40%] Built target sensor_msgs_generate_messages_lisp
[25.020s] [ 40%] Built target rosgraph_msgs_generate_messages_eus
[25.048s] [ 40%] Built target autoware_msgs_generate_messages_py
[25.073s] [ 40%] Built target std_msgs_generate_messages_py
[25.099s] [ 40%] Built target std_msgs_generate_messages_cpp
[25.126s] [ 40%] Built target actionlib_msgs_generate_messages_nodejs
[25.153s] [ 40%] Built target autoware_system_msgs_generate_messages_lisp
[25.179s] [ 40%] Built target autoware_config_msgs_generate_messages_py
[25.206s] [ 40%] Built target roscpp_generate_messages_eus
[25.234s] [ 40%] Built target actionlib_msgs_generate_messages_eus
[25.260s] [ 40%] Built target rosgraph_msgs_generate_messages_py
[25.286s] [ 40%] Built target autoware_msgs_generate_messages_nodejs
[25.312s] [ 40%] Built target autoware_config_msgs_generate_messages_cpp
[25.338s] [ 40%] Built target rosgraph_msgs_generate_messages_nodejs
[25.364s] [ 40%] Built target std_msgs_generate_messages_eus
[25.390s] [ 40%] Built target geometry_msgs_generate_messages_nodejs
[25.414s] [ 40%] Built target autoware_config_msgs_generate_messages_eus
[25.439s] [ 40%] Built target jsk_footstep_msgs_generate_messages_py
[25.464s] [ 40%] Built target tablet_socket_msgs_generate_messages_py
[25.490s] [ 40%] Built target roscpp_generate_messages_nodejs
[25.518s] [ 40%] Built target std_msgs_generate_messages_lisp
[25.544s] [ 40%] Built target std_msgs_generate_messages_nodejs
[25.572s] [ 40%] Built target jsk_recognition_msgs_generate_messages_lisp
[25.600s] [ 40%] Built target jsk_recognition_msgs_generate_messages_py
[25.628s] [ 40%] Built target sensor_msgs_generate_messages_cpp
[25.654s] [ 40%] Built target sensor_msgs_generate_messages_eus
[25.682s] [ 40%] Built target autoware_system_msgs_generate_messages_py
[25.710s] [ 40%] Built target sensor_msgs_generate_messages_nodejs
[25.738s] [ 40%] Built target roscpp_generate_messages_cpp
[25.765s] [ 40%] Built target sensor_msgs_generate_messages_py
[25.794s] [ 40%] Built target pcl_msgs_generate_messages_cpp
[25.820s] [ 40%] Built target pcl_msgs_generate_messages_eus
[25.846s] [ 40%] Built target pcl_msgs_generate_messages_lisp
[25.871s] [ 40%] Built target pcl_msgs_generate_messages_nodejs
[25.896s] [ 40%] Built target pcl_msgs_generate_messages_py
[25.922s] [ 40%] Built target jsk_footstep_msgs_generate_messages_eus
[25.947s] [ 40%] Built target actionlib_msgs_generate_messages_py
[25.978s] [ 40%] Built target jsk_footstep_msgs_generate_messages_lisp
[26.005s] [ 40%] Built target jsk_footstep_msgs_generate_messages_nodejs
[26.031s] [ 40%] Built target jsk_footstep_msgs_generate_messages_cpp
[26.062s] [ 40%] Built target actionlib_msgs_generate_messages_cpp
[26.088s] [ 40%] Built target autoware_system_msgs_generate_messages_nodejs
[26.113s] [ 40%] Built target actionlib_msgs_generate_messages_lisp
[26.139s] [ 40%] Built target jsk_recognition_msgs_generate_messages_nodejs
[26.165s] [ 40%] Built target roscpp_generate_messages_lisp
[26.191s] [ 40%] Built target roscpp_generate_messages_py
[26.218s] [ 40%] Built target autoware_config_msgs_generate_messages_lisp
[26.246s] [ 40%] Built target tablet_socket_msgs_generate_messages_cpp
[26.273s] [ 40%] Built target tablet_socket_msgs_generate_messages_eus
[26.299s] [ 40%] Built target tablet_socket_msgs_generate_messages_lisp
[26.324s] [ 40%] Built target tablet_socket_msgs_generate_messages_nodejs
[26.351s] [ 40%] Built target autoware_msgs_generate_messages_cpp
[26.391s] Scanning dependencies of target test-twist_gate
[26.414s] [ 60%] Building CXX object CMakeFiles/test-twist_gate.dir/test/src/test_twist_gate.cpp.o
[32.185s] [ 80%] Building CXX object CMakeFiles/test-twist_gate.dir/src/twist_gate.cpp.o
[43.826s] [100%] Linking CXX executable devel/lib/twist_gate/test-twist_gate
[44.146s] [100%] Built target test-twist_gate
[44.163s] Scanning dependencies of target tests
[44.185s] [100%] Built target tests
[44.200s] Invoked command in '/home/autoware/Autoware/build/twist_gate' returned '0': CMAKE_PREFIX_PATH=/home/autoware/Autoware/install/autoware_health_checker:/home/autoware/Autoware/install/tablet_socket_msgs:/home/autoware/Autoware/install/ros_observer:/home/autoware/Autoware/install/autoware_system_msgs:/home/autoware/Autoware/install/autoware_msgs:/home/autoware/Autoware/install/autoware_config_msgs:/home/autoware/Autoware/install/autoware_build_flags:${CMAKE_PREFIX_PATH} LD_LIBRARY_PATH=/home/autoware/Autoware/install/autoware_health_checker/lib:/home/autoware/Autoware/install/ros_observer/lib:${LD_LIBRARY_PATH} PKG_CONFIG_PATH=/home/autoware/Autoware/install/autoware_health_checker/lib/x86_64-linux-gnu/pkgconfig:/home/autoware/Autoware/install/autoware_health_checker/lib/pkgconfig:/home/autoware/Autoware/install/tablet_socket_msgs/lib/x86_64-linux-gnu/pkgconfig:/home/autoware/Autoware/install/tablet_socket_msgs/lib/pkgconfig:/home/autoware/Autoware/install/ros_observer/lib/x86_64-linux-gnu/pkgconfig:/home/autoware/Autoware/install/ros_observer/lib/pkgconfig:/home/autoware/Autoware/install/autoware_system_msgs/lib/x86_64-linux-gnu/pkgconfig:/home/autoware/Autoware/install/autoware_system_msgs/lib/pkgconfig:/home/autoware/Autoware/install/autoware_msgs/lib/x86_64-linux-gnu/pkgconfig:/home/autoware/Autoware/install/autoware_msgs/lib/pkgconfig:/home/autoware/Autoware/install/autoware_config_msgs/lib/x86_64-linux-gnu/pkgconfig:/home/autoware/Autoware/install/autoware_config_msgs/lib/pkgconfig:/home/autoware/Autoware/install/autoware_build_flags/lib/x86_64-linux-gnu/pkgconfig:/home/autoware/Autoware/install/autoware_build_flags/lib/pkgconfig:${PKG_CONFIG_PATH} PYTHONPATH=/home/autoware/Autoware/install/tablet_socket_msgs/lib/python2.7/dist-packages:/home/autoware/Autoware/install/autoware_system_msgs/lib/python2.7/dist-packages:/home/autoware/Autoware/install/autoware_msgs/lib/python2.7/dist-packages:/home/autoware/Autoware/install/autoware_config_msgs/lib/python2.7/dist-packages:${PYTHONPATH} ROS_PACKAGE_PATH=/home/autoware/Autoware/install/autoware_health_checker/share:/home/autoware/Autoware/install/tablet_socket_msgs/share:/home/autoware/Autoware/install/ros_observer/share:/home/autoware/Autoware/install/autoware_system_msgs/share:/home/autoware/Autoware/install/autoware_msgs/share:/home/autoware/Autoware/install/autoware_config_msgs/share:/home/autoware/Autoware/install/autoware_build_flags/share:${ROS_PACKAGE_PATH} /usr/bin/cmake --build /home/autoware/Autoware/build/twist_gate --target tests -- -j2 -l2
[44.340s] Invoking command in '/home/autoware/Autoware/build/twist_gate': CMAKE_PREFIX_PATH=/home/autoware/Autoware/install/autoware_health_checker:/home/autoware/Autoware/install/tablet_socket_msgs:/home/autoware/Autoware/install/ros_observer:/home/autoware/Autoware/install/autoware_system_msgs:/home/autoware/Autoware/install/autoware_msgs:/home/autoware/Autoware/install/autoware_config_msgs:/home/autoware/Autoware/install/autoware_build_flags:${CMAKE_PREFIX_PATH} LD_LIBRARY_PATH=/home/autoware/Autoware/install/autoware_health_checker/lib:/home/autoware/Autoware/install/ros_observer/lib:${LD_LIBRARY_PATH} PKG_CONFIG_PATH=/home/autoware/Autoware/install/autoware_health_checker/lib/x86_64-linux-gnu/pkgconfig:/home/autoware/Autoware/install/autoware_health_checker/lib/pkgconfig:/home/autoware/Autoware/install/tablet_socket_msgs/lib/x86_64-linux-gnu/pkgconfig:/home/autoware/Autoware/install/tablet_socket_msgs/lib/pkgconfig:/home/autoware/Autoware/install/ros_observer/lib/x86_64-linux-gnu/pkgconfig:/home/autoware/Autoware/install/ros_observer/lib/pkgconfig:/home/autoware/Autoware/install/autoware_system_msgs/lib/x86_64-linux-gnu/pkgconfig:/home/autoware/Autoware/install/autoware_system_msgs/lib/pkgconfig:/home/autoware/Autoware/install/autoware_msgs/lib/x86_64-linux-gnu/pkgconfig:/home/autoware/Autoware/install/autoware_msgs/lib/pkgconfig:/home/autoware/Autoware/install/autoware_config_msgs/lib/x86_64-linux-gnu/pkgconfig:/home/autoware/Autoware/install/autoware_config_msgs/lib/pkgconfig:/home/autoware/Autoware/install/autoware_build_flags/lib/x86_64-linux-gnu/pkgconfig:/home/autoware/Autoware/install/autoware_build_flags/lib/pkgconfig:${PKG_CONFIG_PATH} PYTHONPATH=/home/autoware/Autoware/install/tablet_socket_msgs/lib/python2.7/dist-packages:/home/autoware/Autoware/install/autoware_system_msgs/lib/python2.7/dist-packages:/home/autoware/Autoware/install/autoware_msgs/lib/python2.7/dist-packages:/home/autoware/Autoware/install/autoware_config_msgs/lib/python2.7/dist-packages:${PYTHONPATH} ROS_PACKAGE_PATH=/home/autoware/Autoware/install/autoware_health_checker/share:/home/autoware/Autoware/install/tablet_socket_msgs/share:/home/autoware/Autoware/install/ros_observer/share:/home/autoware/Autoware/install/autoware_system_msgs/share:/home/autoware/Autoware/install/autoware_msgs/share:/home/autoware/Autoware/install/autoware_config_msgs/share:/home/autoware/Autoware/install/autoware_build_flags/share:${ROS_PACKAGE_PATH} /usr/bin/cmake --build /home/autoware/Autoware/build/twist_gate --target install -- -j2 -l2
[44.421s] [  0%] Built target autoware_msgs_generate_messages_cpp
[44.449s] [  0%] Built target geometry_msgs_generate_messages_py
[44.478s] [  0%] Built target geometry_msgs_generate_messages_lisp
[44.506s] [  0%] Built target geometry_msgs_generate_messages_cpp
[44.534s] [  0%] Built target geometry_msgs_generate_messages_eus
[44.564s] [  0%] Built target autoware_system_msgs_generate_messages_cpp
[44.598s] [  0%] Built target autoware_config_msgs_generate_messages_nodejs
[44.627s] [  0%] Built target autoware_msgs_generate_messages_lisp
[44.657s] [  0%] Built target jsk_recognition_msgs_generate_messages_cpp
[44.685s] [  0%] Built target autoware_msgs_generate_messages_eus
[44.714s] [  0%] Built target rosgraph_msgs_generate_messages_cpp
[44.744s] [  0%] Built target rosgraph_msgs_generate_messages_lisp
[44.774s] [  0%] Built target autoware_system_msgs_generate_messages_eus
[44.811s] [  0%] Built target jsk_recognition_msgs_generate_messages_eus
[44.836s] [  0%] Built target sensor_msgs_generate_messages_lisp
[44.865s] [  0%] Built target rosgraph_msgs_generate_messages_eus
[44.894s] [  0%] Built target autoware_msgs_generate_messages_py
[44.921s] [  0%] Built target std_msgs_generate_messages_py
[44.953s] [  0%] Built target std_msgs_generate_messages_cpp
[44.981s] [  0%] Built target actionlib_msgs_generate_messages_nodejs
[45.009s] [  0%] Built target autoware_system_msgs_generate_messages_lisp
[45.037s] [  0%] Built target autoware_config_msgs_generate_messages_py
[45.067s] [  0%] Built target roscpp_generate_messages_eus
[45.096s] [  0%] Built target actionlib_msgs_generate_messages_eus
[45.130s] [  0%] Built target rosgraph_msgs_generate_messages_py
[45.159s] [  0%] Built target autoware_msgs_generate_messages_nodejs
[45.187s] [  0%] Built target autoware_config_msgs_generate_messages_cpp
[45.227s] [  0%] Built target rosgraph_msgs_generate_messages_nodejs
[45.254s] [  0%] Built target std_msgs_generate_messages_eus
[45.281s] [  0%] Built target geometry_msgs_generate_messages_nodejs
[45.310s] [  0%] Built target autoware_config_msgs_generate_messages_eus
[45.340s] [  0%] Built target jsk_footstep_msgs_generate_messages_py
[45.376s] [  0%] Built target tablet_socket_msgs_generate_messages_py
[45.405s] [  0%] Built target roscpp_generate_messages_nodejs
[45.435s] [  0%] Built target std_msgs_generate_messages_lisp
[45.468s] [  0%] Built target std_msgs_generate_messages_nodejs
[45.500s] [  0%] Built target jsk_recognition_msgs_generate_messages_lisp
[45.539s] [  0%] Built target jsk_recognition_msgs_generate_messages_py
[45.571s] [  0%] Built target sensor_msgs_generate_messages_cpp
[45.603s] [  0%] Built target sensor_msgs_generate_messages_eus
[45.632s] [  0%] Built target autoware_system_msgs_generate_messages_py
[45.660s] [  0%] Built target sensor_msgs_generate_messages_nodejs
[45.693s] [  0%] Built target roscpp_generate_messages_cpp
[45.721s] [  0%] Built target sensor_msgs_generate_messages_py
[45.752s] [  0%] Built target pcl_msgs_generate_messages_cpp
[45.777s] [  0%] Built target pcl_msgs_generate_messages_eus
[45.812s] [  0%] Built target pcl_msgs_generate_messages_lisp
[45.845s] [  0%] Built target pcl_msgs_generate_messages_nodejs
[45.876s] [  0%] Built target pcl_msgs_generate_messages_py
[45.907s] [  0%] Built target jsk_footstep_msgs_generate_messages_eus
[45.937s] [  0%] Built target actionlib_msgs_generate_messages_py
[45.966s] [  0%] Built target jsk_footstep_msgs_generate_messages_lisp
[46.009s] [  0%] Built target jsk_footstep_msgs_generate_messages_nodejs
[46.038s] [  0%] Built target jsk_footstep_msgs_generate_messages_cpp
[46.067s] [  0%] Built target actionlib_msgs_generate_messages_cpp
[46.098s] [  0%] Built target autoware_system_msgs_generate_messages_nodejs
[46.136s] [  0%] Built target actionlib_msgs_generate_messages_lisp
[46.166s] [  0%] Built target jsk_recognition_msgs_generate_messages_nodejs
[46.195s] [  0%] Built target roscpp_generate_messages_lisp
[46.223s] [  0%] Built target roscpp_generate_messages_py
[46.253s] [  0%] Built target autoware_config_msgs_generate_messages_lisp
[46.283s] [  0%] Built target tablet_socket_msgs_generate_messages_cpp
[46.311s] [  0%] Built target tablet_socket_msgs_generate_messages_eus
[46.340s] [  0%] Built target tablet_socket_msgs_generate_messages_lisp
[46.367s] [  0%] Built target tablet_socket_msgs_generate_messages_nodejs
[46.409s] [100%] Built target twist_gate
[46.440s] Install the project...
[46.452s] -- Install configuration: "Release"
[46.453s] -- Installing: /home/autoware/Autoware/install/twist_gate/lib/pkgconfig/twist_gate.pc
[46.454s] -- Installing: /home/autoware/Autoware/install/twist_gate/share/twist_gate/cmake/twist_gateConfig.cmake
[46.455s] -- Installing: /home/autoware/Autoware/install/twist_gate/share/twist_gate/cmake/twist_gateConfig-version.cmake
[46.455s] -- Installing: /home/autoware/Autoware/install/twist_gate/share/twist_gate/package.xml
[46.456s] -- Installing: /home/autoware/Autoware/install/twist_gate/lib/twist_gate/twist_gate
[46.463s] -- Set runtime path of "/home/autoware/Autoware/install/twist_gate/lib/twist_gate/twist_gate" to ""
[46.473s] Invoked command in '/home/autoware/Autoware/build/twist_gate' returned '0': CMAKE_PREFIX_PATH=/home/autoware/Autoware/install/autoware_health_checker:/home/autoware/Autoware/install/tablet_socket_msgs:/home/autoware/Autoware/install/ros_observer:/home/autoware/Autoware/install/autoware_system_msgs:/home/autoware/Autoware/install/autoware_msgs:/home/autoware/Autoware/install/autoware_config_msgs:/home/autoware/Autoware/install/autoware_build_flags:${CMAKE_PREFIX_PATH} LD_LIBRARY_PATH=/home/autoware/Autoware/install/autoware_health_checker/lib:/home/autoware/Autoware/install/ros_observer/lib:${LD_LIBRARY_PATH} PKG_CONFIG_PATH=/home/autoware/Autoware/install/autoware_health_checker/lib/x86_64-linux-gnu/pkgconfig:/home/autoware/Autoware/install/autoware_health_checker/lib/pkgconfig:/home/autoware/Autoware/install/tablet_socket_msgs/lib/x86_64-linux-gnu/pkgconfig:/home/autoware/Autoware/install/tablet_socket_msgs/lib/pkgconfig:/home/autoware/Autoware/install/ros_observer/lib/x86_64-linux-gnu/pkgconfig:/home/autoware/Autoware/install/ros_observer/lib/pkgconfig:/home/autoware/Autoware/install/autoware_system_msgs/lib/x86_64-linux-gnu/pkgconfig:/home/autoware/Autoware/install/autoware_system_msgs/lib/pkgconfig:/home/autoware/Autoware/install/autoware_msgs/lib/x86_64-linux-gnu/pkgconfig:/home/autoware/Autoware/install/autoware_msgs/lib/pkgconfig:/home/autoware/Autoware/install/autoware_config_msgs/lib/x86_64-linux-gnu/pkgconfig:/home/autoware/Autoware/install/autoware_config_msgs/lib/pkgconfig:/home/autoware/Autoware/install/autoware_build_flags/lib/x86_64-linux-gnu/pkgconfig:/home/autoware/Autoware/install/autoware_build_flags/lib/pkgconfig:${PKG_CONFIG_PATH} PYTHONPATH=/home/autoware/Autoware/install/tablet_socket_msgs/lib/python2.7/dist-packages:/home/autoware/Autoware/install/autoware_system_msgs/lib/python2.7/dist-packages:/home/autoware/Autoware/install/autoware_msgs/lib/python2.7/dist-packages:/home/autoware/Autoware/install/autoware_config_msgs/lib/python2.7/dist-packages:${PYTHONPATH} ROS_PACKAGE_PATH=/home/autoware/Autoware/install/autoware_health_checker/share:/home/autoware/Autoware/install/tablet_socket_msgs/share:/home/autoware/Autoware/install/ros_observer/share:/home/autoware/Autoware/install/autoware_system_msgs/share:/home/autoware/Autoware/install/autoware_msgs/share:/home/autoware/Autoware/install/autoware_config_msgs/share:/home/autoware/Autoware/install/autoware_build_flags/share:${ROS_PACKAGE_PATH} /usr/bin/cmake --build /home/autoware/Autoware/build/twist_gate --target install -- -j2 -l2
