-- The C compiler identification is GNU 7.5.0
-- The CXX compiler identification is GNU 7.5.0
-- Check for working C compiler: /usr/bin/cc
-- Check for working C compiler: /usr/bin/cc -- works
-- Detecting C compiler ABI info
-- Detecting C compiler ABI info - done
-- Detecting C compile features
-- Detecting C compile features - done
-- Check for working CXX compiler: /usr/bin/c++
-- Check for working CXX compiler: /usr/bin/c++ -- works
-- Detecting CXX compiler ABI info
-- Detecting CXX compiler ABI info - done
-- Detecting CXX compile features
-- Detecting CXX compile features - done
-- CUDA compilation status: ON.
-- Using CATKIN_DEVEL_PREFIX: /home/autoware/Autoware/build/mqtt_socket/devel
-- Using CMAKE_PREFIX_PATH: /home/autoware/Autoware/install/tablet_socket_msgs;/home/autoware/Autoware/install/autoware_msgs;/home/autoware/Autoware/install/autoware_can_msgs;/home/autoware/Autoware/install/autoware_build_flags;/opt/ros/melodic
-- This workspace overlays: /home/autoware/Autoware/install/tablet_socket_msgs;/home/autoware/Autoware/install/autoware_msgs;/home/autoware/Autoware/install/autoware_can_msgs;/home/autoware/Autoware/install/autoware_build_flags;/opt/ros/melodic
-- Found PythonInterp: /usr/bin/python2 (found suitable version "2.7.17", minimum required is "2") 
-- Using PYTHON_EXECUTABLE: /usr/bin/python2
-- Using Debian Python package layout
-- Using empy: /usr/bin/empy
-- Using CATKIN_ENABLE_TESTING: ON
-- Call enable_testing()
-- Using CATKIN_TEST_RESULTS_DIR: /home/autoware/Autoware/build/mqtt_socket/test_results
-- Found gtest sources under '/usr/src/googletest': gtests will be built
-- Found gmock sources under '/usr/src/googletest': gmock will be built
-- Found PythonInterp: /usr/bin/python2 (found version "2.7.17") 
-- Looking for pthread.h
-- Looking for pthread.h - found
-- Looking for pthread_create
-- Looking for pthread_create - not found
-- Looking for pthread_create in pthreads
-- Looking for pthread_create in pthreads - not found
-- Looking for pthread_create in pthread
-- Looking for pthread_create in pthread - found
-- Found Threads: TRUE  
-- Using Python nosetests: /usr/bin/nosetests-2.7
-- catkin 0.7.26
-- BUILD_SHARED_LIBS is on
-- Using these message generators: gencpp;geneus;genlisp;gennodejs;genpy
-- Found MOSQUITTO: /usr/lib/x86_64-linux-gnu/libmosquitto.so  
-- libmosquitto include dir: /usr/include
-- libmosquitto: /usr/lib/x86_64-linux-gnu/libmosquitto.so
-- Configuring done
-- Generating done
-- Build files have been written to: /home/autoware/Autoware/build/mqtt_socket
Scanning dependencies of target sensor_msgs_generate_messages_nodejs
[  0%] Built target sensor_msgs_generate_messages_nodejs
Scanning dependencies of target tablet_socket_msgs_generate_messages_py
[  0%] Built target tablet_socket_msgs_generate_messages_py
Scanning dependencies of target tablet_socket_msgs_generate_messages_nodejs
[  0%] Built target tablet_socket_msgs_generate_messages_nodejs
Scanning dependencies of target tablet_socket_msgs_generate_messages_lisp
[  0%] Built target tablet_socket_msgs_generate_messages_lisp
Scanning dependencies of target tablet_socket_msgs_generate_messages_eus
[  0%] Built target tablet_socket_msgs_generate_messages_eus
Scanning dependencies of target rosgraph_msgs_generate_messages_py
[  0%] Built target rosgraph_msgs_generate_messages_py
Scanning dependencies of target rosgraph_msgs_generate_messages_nodejs
[  0%] Built target rosgraph_msgs_generate_messages_nodejs
Scanning dependencies of target rosgraph_msgs_generate_messages_lisp
[  0%] Built target rosgraph_msgs_generate_messages_lisp
Scanning dependencies of target roscpp_generate_messages_py
[  0%] Built target roscpp_generate_messages_py
Scanning dependencies of target roscpp_generate_messages_lisp
[  0%] Built target roscpp_generate_messages_lisp
Scanning dependencies of target actionlib_msgs_generate_messages_lisp
[  0%] Built target actionlib_msgs_generate_messages_lisp
Scanning dependencies of target actionlib_msgs_generate_messages_cpp
[  0%] Built target actionlib_msgs_generate_messages_cpp
Scanning dependencies of target jsk_footstep_msgs_generate_messages_nodejs
[  0%] Built target jsk_footstep_msgs_generate_messages_nodejs
Scanning dependencies of target jsk_footstep_msgs_generate_messages_lisp
[  0%] Built target jsk_footstep_msgs_generate_messages_lisp
Scanning dependencies of target actionlib_msgs_generate_messages_py
[  0%] Built target actionlib_msgs_generate_messages_py
Scanning dependencies of target jsk_footstep_msgs_generate_messages_eus
[  0%] Built target jsk_footstep_msgs_generate_messages_eus
Scanning dependencies of target pcl_msgs_generate_messages_py
[  0%] Built target pcl_msgs_generate_messages_py
Scanning dependencies of target pcl_msgs_generate_messages_nodejs
[  0%] Built target pcl_msgs_generate_messages_nodejs
Scanning dependencies of target pcl_msgs_generate_messages_lisp
[  0%] Built target pcl_msgs_generate_messages_lisp
Scanning dependencies of target pcl_msgs_generate_messages_eus
[  0%] Built target pcl_msgs_generate_messages_eus
Scanning dependencies of target rosgraph_msgs_generate_messages_cpp
[  0%] Built target rosgraph_msgs_generate_messages_cpp
Scanning dependencies of target autoware_msgs_generate_messages_cpp
[  0%] Built target autoware_msgs_generate_messages_cpp
Scanning dependencies of target std_msgs_generate_messages_nodejs
[  0%] Built target std_msgs_generate_messages_nodejs
Scanning dependencies of target std_msgs_generate_messages_lisp
[  0%] Built target std_msgs_generate_messages_lisp
Scanning dependencies of target sensor_msgs_generate_messages_cpp
[  0%] Built target sensor_msgs_generate_messages_cpp
Scanning dependencies of target sensor_msgs_generate_messages_eus
[  0%] Built target sensor_msgs_generate_messages_eus
Scanning dependencies of target tablet_socket_msgs_generate_messages_cpp
[  0%] Built target tablet_socket_msgs_generate_messages_cpp
Scanning dependencies of target autoware_can_msgs_generate_messages_py
[  0%] Built target autoware_can_msgs_generate_messages_py
Scanning dependencies of target jsk_footstep_msgs_generate_messages_cpp
[  0%] Built target jsk_footstep_msgs_generate_messages_cpp
Scanning dependencies of target geometry_msgs_generate_messages_py
[  0%] Built target geometry_msgs_generate_messages_py
Scanning dependencies of target std_msgs_generate_messages_eus
[  0%] Built target std_msgs_generate_messages_eus
Scanning dependencies of target autoware_msgs_generate_messages_nodejs
[  0%] Built target autoware_msgs_generate_messages_nodejs
Scanning dependencies of target jsk_footstep_msgs_generate_messages_py
[  0%] Built target jsk_footstep_msgs_generate_messages_py
Scanning dependencies of target std_msgs_generate_messages_cpp
[  0%] Built target std_msgs_generate_messages_cpp
Scanning dependencies of target actionlib_msgs_generate_messages_nodejs
[  0%] Built target actionlib_msgs_generate_messages_nodejs
Scanning dependencies of target std_msgs_generate_messages_py
[  0%] Built target std_msgs_generate_messages_py
Scanning dependencies of target autoware_msgs_generate_messages_py
[  0%] Built target autoware_msgs_generate_messages_py
Scanning dependencies of target autoware_can_msgs_generate_messages_eus
[  0%] Built target autoware_can_msgs_generate_messages_eus
Scanning dependencies of target geometry_msgs_generate_messages_nodejs
[  0%] Built target geometry_msgs_generate_messages_nodejs
Scanning dependencies of target sensor_msgs_generate_messages_py
[  0%] Built target sensor_msgs_generate_messages_py
Scanning dependencies of target jsk_recognition_msgs_generate_messages_py
[  0%] Built target jsk_recognition_msgs_generate_messages_py
Scanning dependencies of target autoware_can_msgs_generate_messages_nodejs
[  0%] Built target autoware_can_msgs_generate_messages_nodejs
Scanning dependencies of target autoware_can_msgs_generate_messages_lisp
[  0%] Built target autoware_can_msgs_generate_messages_lisp
Scanning dependencies of target autoware_can_msgs_generate_messages_cpp
[  0%] Built target autoware_can_msgs_generate_messages_cpp
Scanning dependencies of target autoware_msgs_generate_messages_eus
[  0%] Built target autoware_msgs_generate_messages_eus
Scanning dependencies of target jsk_recognition_msgs_generate_messages_cpp
[  0%] Built target jsk_recognition_msgs_generate_messages_cpp
Scanning dependencies of target sensor_msgs_generate_messages_lisp
[  0%] Built target sensor_msgs_generate_messages_lisp
Scanning dependencies of target pcl_msgs_generate_messages_cpp
[  0%] Built target pcl_msgs_generate_messages_cpp
Scanning dependencies of target actionlib_msgs_generate_messages_eus
[  0%] Built target actionlib_msgs_generate_messages_eus
Scanning dependencies of target autoware_msgs_generate_messages_lisp
[  0%] Built target autoware_msgs_generate_messages_lisp
Scanning dependencies of target roscpp_generate_messages_nodejs
[  0%] Built target roscpp_generate_messages_nodejs
Scanning dependencies of target roscpp_generate_messages_eus
[  0%] Built target roscpp_generate_messages_eus
Scanning dependencies of target geometry_msgs_generate_messages_eus
[  0%] Built target geometry_msgs_generate_messages_eus
Scanning dependencies of target geometry_msgs_generate_messages_cpp
[  0%] Built target geometry_msgs_generate_messages_cpp
Scanning dependencies of target geometry_msgs_generate_messages_lisp
[  0%] Built target geometry_msgs_generate_messages_lisp
Scanning dependencies of target jsk_recognition_msgs_generate_messages_eus
[  0%] Built target jsk_recognition_msgs_generate_messages_eus
Scanning dependencies of target jsk_recognition_msgs_generate_messages_lisp
[  0%] Built target jsk_recognition_msgs_generate_messages_lisp
Scanning dependencies of target rosgraph_msgs_generate_messages_eus
[  0%] Built target rosgraph_msgs_generate_messages_eus
Scanning dependencies of target jsk_recognition_msgs_generate_messages_nodejs
[  0%] Built target jsk_recognition_msgs_generate_messages_nodejs
Scanning dependencies of target roscpp_generate_messages_cpp
[  0%] Built target roscpp_generate_messages_cpp
Scanning dependencies of target mqtt_receiver
[ 25%] Building CXX object CMakeFiles/mqtt_receiver.dir/nodes/mqtt_receiver/mqtt_receiver.cpp.o
/home/autoware/Autoware/src/autoware/utilities/mqtt_socket/nodes/mqtt_receiver/mqtt_receiver.cpp: In constructor ‘MqttReceiver::MqttReceiver()’:
/home/autoware/Autoware/src/autoware/utilities/mqtt_socket/nodes/mqtt_receiver/mqtt_receiver.cpp:84:7: warning: variable ‘ret’ set but not used [-Wunused-but-set-variable]
   int ret = mosquitto_loop(mqtt_client, -1, 1);
       ^~~
/home/autoware/Autoware/src/autoware/utilities/mqtt_socket/nodes/mqtt_receiver/mqtt_receiver.cpp: In destructor ‘MqttReceiver::~MqttReceiver()’:
/home/autoware/Autoware/src/autoware/utilities/mqtt_socket/nodes/mqtt_receiver/mqtt_receiver.cpp:90:7: warning: unused variable ‘ret’ [-Wunused-variable]
   int ret = mosquitto_loop_stop(mqtt_client, 1);
       ^~~
/home/autoware/Autoware/src/autoware/utilities/mqtt_socket/nodes/mqtt_receiver/mqtt_receiver.cpp: At global scope:
/home/autoware/Autoware/src/autoware/utilities/mqtt_socket/nodes/mqtt_receiver/mqtt_receiver.cpp:95:83: warning: cannot declare member function ‘static void MqttReceiver::on_connect(mosquitto*, void*, int)’ to have static linkage [-fpermissive]
 static void MqttReceiver::on_connect(struct mosquitto *mosq, void *obj, int result)
                                                                                   ^
/home/autoware/Autoware/src/autoware/utilities/mqtt_socket/nodes/mqtt_receiver/mqtt_receiver.cpp:101:82: warning: cannot declare member function ‘static void MqttReceiver::on_disconnect(mosquitto*, void*, int)’ to have static linkage [-fpermissive]
 static void MqttReceiver::on_disconnect(struct mosquitto *mosq, void *obj, int rc)
                                                                                  ^
/home/autoware/Autoware/src/autoware/utilities/mqtt_socket/nodes/mqtt_receiver/mqtt_receiver.cpp:106:39: warning: cannot declare member function ‘static void MqttReceiver::load_config()’ to have static linkage [-fpermissive]
 static void MqttReceiver::load_config()
                                       ^
/home/autoware/Autoware/src/autoware/utilities/mqtt_socket/nodes/mqtt_receiver/mqtt_receiver.cpp:133:112: warning: cannot declare member function ‘static void MqttReceiver::on_message(mosquitto*, void*, const mosquitto_message*)’ to have static linkage [-fpermissive]
 static void MqttReceiver::on_message(struct mosquitto *mosq, void *obj, const struct mosquitto_message *message)
                                                                                                                ^
/home/autoware/Autoware/src/autoware/utilities/mqtt_socket/nodes/mqtt_receiver/mqtt_receiver.cpp: In static member function ‘static void MqttReceiver::on_message(mosquitto*, void*, const mosquitto_message*)’:
/home/autoware/Autoware/src/autoware/utilities/mqtt_socket/nodes/mqtt_receiver/mqtt_receiver.cpp:149:36: warning: statement will never be executed [-Wswitch-unreachable]
         msg.vehicle_cmd.lamp_cmd.l = 0;
         ~~~~~~~~~~~~~~~~~~~~~~~~~~~^~~
In file included from /home/autoware/Autoware/src/autoware/utilities/mqtt_socket/nodes/mqtt_receiver/mqtt_receiver.cpp:41:0:
/home/autoware/Autoware/src/autoware/utilities/mqtt_socket/include/mqtt_socket/mqtt_setting.hpp: At global scope:
/home/autoware/Autoware/src/autoware/utilities/mqtt_socket/include/mqtt_socket/mqtt_setting.hpp:18:14: warning: ‘caninfo_downsample’ defined but not used [-Wunused-variable]
 static float caninfo_downsample;
              ^~~~~~~~~~~~~~~~~~
[ 50%] Linking CXX executable devel/lib/mqtt_socket/mqtt_receiver
[ 50%] Built target mqtt_receiver
Scanning dependencies of target mqtt_sender
[ 75%] Building CXX object CMakeFiles/mqtt_sender.dir/nodes/mqtt_sender/mqtt_sender.cpp.o
/home/autoware/Autoware/src/autoware/utilities/mqtt_socket/nodes/mqtt_sender/mqtt_sender.cpp:143:37: warning: cannot declare member function ‘static void MqttSender::load_config()’ to have static linkage [-fpermissive]
 static void MqttSender::load_config()
                                     ^
/home/autoware/Autoware/src/autoware/utilities/mqtt_socket/nodes/mqtt_sender/mqtt_sender.cpp: In member function ‘void MqttSender::targetVelocityArrayCallback(const Float64MultiArray&)’:
/home/autoware/Autoware/src/autoware/utilities/mqtt_socket/nodes/mqtt_sender/mqtt_sender.cpp:176:20: warning: comparison between signed and unsigned integer expressions [-Wsign-compare]
   for(int i = 0; i < sizeof(msg.data); i++) {
                  ~~^~~~~~~~~
/home/autoware/Autoware/src/autoware/utilities/mqtt_socket/nodes/mqtt_sender/mqtt_sender.cpp:181:7: warning: unused variable ‘ret’ [-Wunused-variable]
   int ret = mosquitto_publish(
       ^~~
/home/autoware/Autoware/src/autoware/utilities/mqtt_socket/nodes/mqtt_sender/mqtt_sender.cpp: In member function ‘void MqttSender::twistCmdCallback(const TwistStamped&)’:
/home/autoware/Autoware/src/autoware/utilities/mqtt_socket/nodes/mqtt_sender/mqtt_sender.cpp:201:7: warning: unused variable ‘ret’ [-Wunused-variable]
   int ret = mosquitto_publish(
       ^~~
/home/autoware/Autoware/src/autoware/utilities/mqtt_socket/nodes/mqtt_sender/mqtt_sender.cpp: In member function ‘void MqttSender::stateCallback(const String&)’:
/home/autoware/Autoware/src/autoware/utilities/mqtt_socket/nodes/mqtt_sender/mqtt_sender.cpp:216:7: warning: unused variable ‘ret’ [-Wunused-variable]
   int ret = mosquitto_publish(
       ^~~
/home/autoware/Autoware/src/autoware/utilities/mqtt_socket/nodes/mqtt_sender/mqtt_sender.cpp: In member function ‘void MqttSender::currentPoseCallback(const PoseStamped&)’:
/home/autoware/Autoware/src/autoware/utilities/mqtt_socket/nodes/mqtt_sender/mqtt_sender.cpp:240:7: warning: unused variable ‘ret’ [-Wunused-variable]
   int ret = mosquitto_publish(
       ^~~
/home/autoware/Autoware/src/autoware/utilities/mqtt_socket/nodes/mqtt_sender/mqtt_sender.cpp: In member function ‘void MqttSender::modeInfoCallback(const mode_info&)’:
/home/autoware/Autoware/src/autoware/utilities/mqtt_socket/nodes/mqtt_sender/mqtt_sender.cpp:259:9: warning: unused variable ‘ret’ [-Wunused-variable]
     int ret = mosquitto_publish(
         ^~~
/home/autoware/Autoware/src/autoware/utilities/mqtt_socket/nodes/mqtt_sender/mqtt_sender.cpp: In member function ‘void MqttSender::canInfoCallback(const CANInfoConstPtr&)’:
/home/autoware/Autoware/src/autoware/utilities/mqtt_socket/nodes/mqtt_sender/mqtt_sender.cpp:345:9: warning: unused variable ‘ret’ [-Wunused-variable]
     int ret = mosquitto_publish(
         ^~~
In file included from /home/autoware/Autoware/src/autoware/utilities/mqtt_socket/nodes/mqtt_sender/mqtt_sender.cpp:45:0:
/home/autoware/Autoware/src/autoware/utilities/mqtt_socket/include/mqtt_socket/mqtt_setting.hpp: At global scope:
/home/autoware/Autoware/src/autoware/utilities/mqtt_socket/include/mqtt_socket/mqtt_setting.hpp:15:14: warning: ‘linear_x_max_val’ defined but not used [-Wunused-variable]
 static float linear_x_max_val;
              ^~~~~~~~~~~~~~~~
/home/autoware/Autoware/src/autoware/utilities/mqtt_socket/include/mqtt_socket/mqtt_setting.hpp:14:14: warning: ‘steer_max_val’ defined but not used [-Wunused-variable]
 static float steer_max_val;
              ^~~~~~~~~~~~~
/home/autoware/Autoware/src/autoware/utilities/mqtt_socket/include/mqtt_socket/mqtt_setting.hpp:13:12: warning: ‘brake_max_val’ defined but not used [-Wunused-variable]
 static int brake_max_val;
            ^~~~~~~~~~~~~
/home/autoware/Autoware/src/autoware/utilities/mqtt_socket/include/mqtt_socket/mqtt_setting.hpp:12:12: warning: ‘accel_max_val’ defined but not used [-Wunused-variable]
 static int accel_max_val;
            ^~~~~~~~~~~~~
[100%] Linking CXX executable devel/lib/mqtt_socket/mqtt_sender
[100%] Built target mqtt_sender
Scanning dependencies of target tests
Built target tests
[  0%] Built target sensor_msgs_generate_messages_nodejs
[  0%] Built target tablet_socket_msgs_generate_messages_py
[  0%] Built target tablet_socket_msgs_generate_messages_nodejs
[  0%] Built target tablet_socket_msgs_generate_messages_lisp
[  0%] Built target tablet_socket_msgs_generate_messages_eus
[  0%] Built target rosgraph_msgs_generate_messages_py
[  0%] Built target rosgraph_msgs_generate_messages_nodejs
[  0%] Built target rosgraph_msgs_generate_messages_lisp
[  0%] Built target roscpp_generate_messages_py
[  0%] Built target roscpp_generate_messages_lisp
[  0%] Built target actionlib_msgs_generate_messages_lisp
[  0%] Built target actionlib_msgs_generate_messages_cpp
[  0%] Built target jsk_footstep_msgs_generate_messages_nodejs
[  0%] Built target jsk_footstep_msgs_generate_messages_lisp
[  0%] Built target actionlib_msgs_generate_messages_py
[  0%] Built target jsk_footstep_msgs_generate_messages_eus
[  0%] Built target pcl_msgs_generate_messages_py
[  0%] Built target pcl_msgs_generate_messages_nodejs
[  0%] Built target pcl_msgs_generate_messages_lisp
[  0%] Built target pcl_msgs_generate_messages_eus
[  0%] Built target rosgraph_msgs_generate_messages_cpp
[  0%] Built target autoware_msgs_generate_messages_cpp
[  0%] Built target std_msgs_generate_messages_nodejs
[  0%] Built target std_msgs_generate_messages_lisp
[  0%] Built target sensor_msgs_generate_messages_cpp
[  0%] Built target sensor_msgs_generate_messages_eus
[  0%] Built target tablet_socket_msgs_generate_messages_cpp
[  0%] Built target autoware_can_msgs_generate_messages_py
[  0%] Built target jsk_footstep_msgs_generate_messages_cpp
[  0%] Built target geometry_msgs_generate_messages_py
[  0%] Built target std_msgs_generate_messages_eus
[  0%] Built target autoware_msgs_generate_messages_nodejs
[  0%] Built target jsk_footstep_msgs_generate_messages_py
[  0%] Built target std_msgs_generate_messages_cpp
[  0%] Built target actionlib_msgs_generate_messages_nodejs
[  0%] Built target std_msgs_generate_messages_py
[  0%] Built target autoware_msgs_generate_messages_py
[  0%] Built target autoware_can_msgs_generate_messages_eus
[  0%] Built target geometry_msgs_generate_messages_nodejs
[  0%] Built target sensor_msgs_generate_messages_py
[  0%] Built target jsk_recognition_msgs_generate_messages_py
[  0%] Built target autoware_can_msgs_generate_messages_nodejs
[  0%] Built target autoware_can_msgs_generate_messages_lisp
[  0%] Built target autoware_can_msgs_generate_messages_cpp
[  0%] Built target autoware_msgs_generate_messages_eus
[  0%] Built target jsk_recognition_msgs_generate_messages_cpp
[  0%] Built target sensor_msgs_generate_messages_lisp
[  0%] Built target pcl_msgs_generate_messages_cpp
[  0%] Built target actionlib_msgs_generate_messages_eus
[  0%] Built target autoware_msgs_generate_messages_lisp
[  0%] Built target roscpp_generate_messages_nodejs
[  0%] Built target roscpp_generate_messages_eus
[  0%] Built target geometry_msgs_generate_messages_eus
[  0%] Built target geometry_msgs_generate_messages_cpp
[  0%] Built target geometry_msgs_generate_messages_lisp
[  0%] Built target jsk_recognition_msgs_generate_messages_eus
[  0%] Built target jsk_recognition_msgs_generate_messages_lisp
[  0%] Built target rosgraph_msgs_generate_messages_eus
[  0%] Built target jsk_recognition_msgs_generate_messages_nodejs
[  0%] Built target roscpp_generate_messages_cpp
[ 50%] Built target mqtt_receiver
[100%] Built target mqtt_sender
Install the project...
-- Install configuration: "Release"
-- Installing: /home/autoware/Autoware/install/mqtt_socket/lib/pkgconfig/mqtt_socket.pc
-- Installing: /home/autoware/Autoware/install/mqtt_socket/share/mqtt_socket/cmake/mqtt_socketConfig.cmake
-- Installing: /home/autoware/Autoware/install/mqtt_socket/share/mqtt_socket/cmake/mqtt_socketConfig-version.cmake
-- Installing: /home/autoware/Autoware/install/mqtt_socket/share/mqtt_socket/package.xml
-- Installing: /home/autoware/Autoware/install/mqtt_socket/lib/mqtt_socket/mqtt_receiver
-- Set runtime path of "/home/autoware/Autoware/install/mqtt_socket/lib/mqtt_socket/mqtt_receiver" to ""
-- Installing: /home/autoware/Autoware/install/mqtt_socket/lib/mqtt_socket/mqtt_sender
-- Set runtime path of "/home/autoware/Autoware/install/mqtt_socket/lib/mqtt_socket/mqtt_sender" to ""
