-- The C compiler identification is GNU 7.5.0
-- The CXX compiler identification is GNU 7.5.0
-- Check for working C compiler: /usr/bin/cc
-- Check for working C compiler: /usr/bin/cc -- works
-- Detecting C compiler ABI info
-- Detecting C compiler ABI info - done
-- Detecting C compile features
-- Detecting C compile features - done
-- Check for working CXX compiler: /usr/bin/c++
-- Check for working CXX compiler: /usr/bin/c++ -- works
-- Detecting CXX compiler ABI info
-- Detecting CXX compiler ABI info - done
-- Detecting CXX compile features
-- Detecting CXX compile features - done
-- CUDA compilation status: ON.
-- Using CATKIN_DEVEL_PREFIX: /home/autoware/Autoware/build/wf_simulator/devel
-- Using CMAKE_PREFIX_PATH: /home/autoware/Autoware/install/vehicle_sim_model;/home/autoware/Autoware/install/autoware_health_checker;/home/autoware/Autoware/install/amathutils_lib;/home/autoware/Autoware/install/ros_observer;/home/autoware/Autoware/install/autoware_system_msgs;/home/autoware/Autoware/install/autoware_msgs;/home/autoware/Autoware/install/autoware_build_flags;/opt/ros/melodic
-- This workspace overlays: /home/autoware/Autoware/install/vehicle_sim_model;/home/autoware/Autoware/install/autoware_health_checker;/home/autoware/Autoware/install/amathutils_lib;/home/autoware/Autoware/install/ros_observer;/home/autoware/Autoware/install/autoware_system_msgs;/home/autoware/Autoware/install/autoware_msgs;/home/autoware/Autoware/install/autoware_build_flags;/opt/ros/melodic
-- Found PythonInterp: /usr/bin/python2 (found suitable version "2.7.17", minimum required is "2") 
-- Using PYTHON_EXECUTABLE: /usr/bin/python2
-- Using Debian Python package layout
-- Using empy: /usr/bin/empy
-- Using CATKIN_ENABLE_TESTING: ON
-- Call enable_testing()
-- Using CATKIN_TEST_RESULTS_DIR: /home/autoware/Autoware/build/wf_simulator/test_results
-- Found gtest sources under '/usr/src/googletest': gtests will be built
-- Found gmock sources under '/usr/src/googletest': gmock will be built
-- Found PythonInterp: /usr/bin/python2 (found version "2.7.17") 
-- Looking for pthread.h
-- Looking for pthread.h - found
-- Looking for pthread_create
-- Looking for pthread_create - not found
-- Looking for pthread_create in pthreads
-- Looking for pthread_create in pthreads - not found
-- Looking for pthread_create in pthread
-- Looking for pthread_create in pthread - found
-- Found Threads: TRUE  
-- Using Python nosetests: /usr/bin/nosetests-2.7
-- catkin 0.7.26
-- BUILD_SHARED_LIBS is on
-- Using these message generators: gencpp;geneus;genlisp;gennodejs;genpy
-- Configuring done
-- Generating done
-- Build files have been written to: /home/autoware/Autoware/build/wf_simulator
Scanning dependencies of target wf_simulator
[ 25%] Building CXX object CMakeFiles/wf_simulator.dir/src/wf_simulator_node.cpp.o
[ 50%] Building CXX object CMakeFiles/wf_simulator.dir/src/wf_simulator_core.cpp.o
[ 75%] Building CXX object CMakeFiles/wf_simulator.dir/src/vehicle_model_ros.cpp.o
[100%] Linking CXX executable devel/lib/wf_simulator/wf_simulator
[100%] Built target wf_simulator
Scanning dependencies of target gtest
[ 16%] Building CXX object gtest/googlemock/gtest/CMakeFiles/gtest.dir/src/gtest-all.cc.o
[ 33%] Linking CXX shared library libgtest.so
[ 33%] Built target gtest
Scanning dependencies of target geometry_msgs_generate_messages_py
[ 33%] Built target geometry_msgs_generate_messages_py
Scanning dependencies of target roscpp_generate_messages_cpp
[ 33%] Built target roscpp_generate_messages_cpp
Scanning dependencies of target actionlib_generate_messages_cpp
[ 33%] Built target actionlib_generate_messages_cpp
Scanning dependencies of target pcl_msgs_generate_messages_eus
[ 33%] Built target pcl_msgs_generate_messages_eus
Scanning dependencies of target rosgraph_msgs_generate_messages_eus
[ 33%] Built target rosgraph_msgs_generate_messages_eus
Scanning dependencies of target jsk_recognition_msgs_generate_messages_lisp
[ 33%] Built target jsk_recognition_msgs_generate_messages_lisp
Scanning dependencies of target jsk_recognition_msgs_generate_messages_eus
[ 33%] Built target jsk_recognition_msgs_generate_messages_eus
Scanning dependencies of target tf2_msgs_generate_messages_cpp
[ 33%] Built target tf2_msgs_generate_messages_cpp
Scanning dependencies of target std_msgs_generate_messages_py
[ 33%] Built target std_msgs_generate_messages_py
Scanning dependencies of target autoware_msgs_generate_messages_py
[ 33%] Built target autoware_msgs_generate_messages_py
Scanning dependencies of target std_msgs_generate_messages_nodejs
[ 33%] Built target std_msgs_generate_messages_nodejs
Scanning dependencies of target sensor_msgs_generate_messages_eus
[ 33%] Built target sensor_msgs_generate_messages_eus
Scanning dependencies of target _catkin_empty_exported_target
[ 33%] Built target _catkin_empty_exported_target
Scanning dependencies of target sensor_msgs_generate_messages_cpp
[ 33%] Built target sensor_msgs_generate_messages_cpp
Scanning dependencies of target autoware_msgs_generate_messages_cpp
[ 33%] Built target autoware_msgs_generate_messages_cpp
Scanning dependencies of target rosgraph_msgs_generate_messages_cpp
[ 33%] Built target rosgraph_msgs_generate_messages_cpp
Scanning dependencies of target pcl_msgs_generate_messages_nodejs
[ 33%] Built target pcl_msgs_generate_messages_nodejs
Scanning dependencies of target jsk_recognition_msgs_generate_messages_py
[ 33%] Built target jsk_recognition_msgs_generate_messages_py
Scanning dependencies of target sensor_msgs_generate_messages_lisp
[ 33%] Built target sensor_msgs_generate_messages_lisp
Scanning dependencies of target sensor_msgs_generate_messages_py
[ 33%] Built target sensor_msgs_generate_messages_py
Scanning dependencies of target tf_generate_messages_py
[ 33%] Built target tf_generate_messages_py
Scanning dependencies of target std_msgs_generate_messages_cpp
[ 33%] Built target std_msgs_generate_messages_cpp
Scanning dependencies of target jsk_footstep_msgs_generate_messages_py
[ 33%] Built target jsk_footstep_msgs_generate_messages_py
Scanning dependencies of target actionlib_msgs_generate_messages_nodejs
[ 33%] Built target actionlib_msgs_generate_messages_nodejs
Scanning dependencies of target geometry_msgs_generate_messages_eus
[ 33%] Built target geometry_msgs_generate_messages_eus
Scanning dependencies of target std_msgs_generate_messages_lisp
[ 33%] Built target std_msgs_generate_messages_lisp
Scanning dependencies of target roscpp_generate_messages_nodejs
[ 33%] Built target roscpp_generate_messages_nodejs
Scanning dependencies of target autoware_system_msgs_generate_messages_cpp
[ 33%] Built target autoware_system_msgs_generate_messages_cpp
Scanning dependencies of target geometry_msgs_generate_messages_nodejs
[ 33%] Built target geometry_msgs_generate_messages_nodejs
Scanning dependencies of target geometry_msgs_generate_messages_lisp
[ 33%] Built target geometry_msgs_generate_messages_lisp
Scanning dependencies of target pcl_msgs_generate_messages_cpp
[ 33%] Built target pcl_msgs_generate_messages_cpp
Scanning dependencies of target jsk_recognition_msgs_generate_messages_cpp
[ 33%] Built target jsk_recognition_msgs_generate_messages_cpp
Scanning dependencies of target autoware_msgs_generate_messages_eus
[ 33%] Built target autoware_msgs_generate_messages_eus
Scanning dependencies of target autoware_msgs_generate_messages_lisp
[ 33%] Built target autoware_msgs_generate_messages_lisp
Scanning dependencies of target std_msgs_generate_messages_eus
[ 33%] Built target std_msgs_generate_messages_eus
Scanning dependencies of target autoware_msgs_generate_messages_nodejs
[ 33%] Built target autoware_msgs_generate_messages_nodejs
Scanning dependencies of target jsk_footstep_msgs_generate_messages_eus
[ 33%] Built target jsk_footstep_msgs_generate_messages_eus
Scanning dependencies of target jsk_footstep_msgs_generate_messages_lisp
[ 33%] Built target jsk_footstep_msgs_generate_messages_lisp
Scanning dependencies of target jsk_footstep_msgs_generate_messages_nodejs
[ 33%] Built target jsk_footstep_msgs_generate_messages_nodejs
Scanning dependencies of target autoware_system_msgs_generate_messages_nodejs
[ 33%] Built target autoware_system_msgs_generate_messages_nodejs
Scanning dependencies of target actionlib_msgs_generate_messages_lisp
[ 33%] Built target actionlib_msgs_generate_messages_lisp
Scanning dependencies of target jsk_footstep_msgs_generate_messages_cpp
[ 33%] Built target jsk_footstep_msgs_generate_messages_cpp
Scanning dependencies of target actionlib_msgs_generate_messages_cpp
[ 33%] Built target actionlib_msgs_generate_messages_cpp
Scanning dependencies of target tf_generate_messages_eus
[ 33%] Built target tf_generate_messages_eus
Scanning dependencies of target tf_generate_messages_lisp
[ 33%] Built target tf_generate_messages_lisp
Scanning dependencies of target tf_generate_messages_nodejs
[ 33%] Built target tf_generate_messages_nodejs
Scanning dependencies of target jsk_recognition_msgs_generate_messages_nodejs
[ 33%] Built target jsk_recognition_msgs_generate_messages_nodejs
Scanning dependencies of target roscpp_generate_messages_lisp
[ 33%] Built target roscpp_generate_messages_lisp
Scanning dependencies of target roscpp_generate_messages_py
[ 33%] Built target roscpp_generate_messages_py
Scanning dependencies of target rosgraph_msgs_generate_messages_lisp
[ 33%] Built target rosgraph_msgs_generate_messages_lisp
Scanning dependencies of target rosgraph_msgs_generate_messages_nodejs
[ 33%] Built target rosgraph_msgs_generate_messages_nodejs
Scanning dependencies of target roscpp_generate_messages_eus
[ 33%] Built target roscpp_generate_messages_eus
Scanning dependencies of target actionlib_msgs_generate_messages_eus
[ 33%] Built target actionlib_msgs_generate_messages_eus
Scanning dependencies of target rosgraph_msgs_generate_messages_py
[ 33%] Built target rosgraph_msgs_generate_messages_py
Scanning dependencies of target pcl_msgs_generate_messages_py
[ 33%] Built target pcl_msgs_generate_messages_py
Scanning dependencies of target actionlib_generate_messages_eus
[ 33%] Built target actionlib_generate_messages_eus
Scanning dependencies of target geometry_msgs_generate_messages_cpp
[ 33%] Built target geometry_msgs_generate_messages_cpp
Scanning dependencies of target actionlib_generate_messages_lisp
[ 33%] Built target actionlib_generate_messages_lisp
Scanning dependencies of target pcl_msgs_generate_messages_lisp
[ 33%] Built target pcl_msgs_generate_messages_lisp
Scanning dependencies of target tf_generate_messages_cpp
[ 33%] Built target tf_generate_messages_cpp
Scanning dependencies of target actionlib_generate_messages_nodejs
[ 33%] Built target actionlib_generate_messages_nodejs
Scanning dependencies of target autoware_system_msgs_generate_messages_eus
[ 33%] Built target autoware_system_msgs_generate_messages_eus
Scanning dependencies of target actionlib_msgs_generate_messages_py
[ 33%] Built target actionlib_msgs_generate_messages_py
Scanning dependencies of target tf2_msgs_generate_messages_eus
[ 33%] Built target tf2_msgs_generate_messages_eus
Scanning dependencies of target tf2_msgs_generate_messages_lisp
[ 33%] Built target tf2_msgs_generate_messages_lisp
Scanning dependencies of target actionlib_generate_messages_py
[ 33%] Built target actionlib_generate_messages_py
Scanning dependencies of target tf2_msgs_generate_messages_py
[ 33%] Built target tf2_msgs_generate_messages_py
Scanning dependencies of target autoware_system_msgs_generate_messages_lisp
[ 33%] Built target autoware_system_msgs_generate_messages_lisp
Scanning dependencies of target tf2_msgs_generate_messages_nodejs
[ 33%] Built target tf2_msgs_generate_messages_nodejs
Scanning dependencies of target sensor_msgs_generate_messages_nodejs
[ 33%] Built target sensor_msgs_generate_messages_nodejs
Scanning dependencies of target autoware_system_msgs_generate_messages_py
[ 33%] Built target autoware_system_msgs_generate_messages_py
Scanning dependencies of target test-wf_simulator
[ 50%] Building CXX object CMakeFiles/test-wf_simulator.dir/test/src/test_wf_simulator.cpp.o
[ 66%] Building CXX object CMakeFiles/test-wf_simulator.dir/src/wf_simulator_core.cpp.o
[ 83%] Building CXX object CMakeFiles/test-wf_simulator.dir/src/vehicle_model_ros.cpp.o
[100%] Linking CXX executable devel/lib/wf_simulator/test-wf_simulator
[100%] Built target test-wf_simulator
Scanning dependencies of target tests
[100%] Built target tests
[100%] Built target wf_simulator
Install the project...
-- Install configuration: "Release"
-- Installing: /home/autoware/Autoware/install/wf_simulator/lib/pkgconfig/wf_simulator.pc
-- Installing: /home/autoware/Autoware/install/wf_simulator/share/wf_simulator/cmake/wf_simulatorConfig.cmake
-- Installing: /home/autoware/Autoware/install/wf_simulator/share/wf_simulator/cmake/wf_simulatorConfig-version.cmake
-- Installing: /home/autoware/Autoware/install/wf_simulator/share/wf_simulator/package.xml
-- Installing: /home/autoware/Autoware/install/wf_simulator/lib/wf_simulator/wf_simulator
-- Set runtime path of "/home/autoware/Autoware/install/wf_simulator/lib/wf_simulator/wf_simulator" to ""
-- Installing: /home/autoware/Autoware/install/wf_simulator/include/wf_simulator
-- Installing: /home/autoware/Autoware/install/wf_simulator/include/wf_simulator/vehicle_model_ros.h
-- Installing: /home/autoware/Autoware/install/wf_simulator/include/wf_simulator/wf_simulator_core.h
-- Installing: /home/autoware/Autoware/install/wf_simulator/share/wf_simulator/launch
-- Installing: /home/autoware/Autoware/install/wf_simulator/share/wf_simulator/launch/wf_simulator.launch
