[0.038s] Invoking command in '/home/autoware/Autoware/build/wf_simulator': CMAKE_PREFIX_PATH=/home/autoware/Autoware/install/vehicle_sim_model:/home/autoware/Autoware/install/autoware_health_checker:/home/autoware/Autoware/install/amathutils_lib:/home/autoware/Autoware/install/ros_observer:/home/autoware/Autoware/install/autoware_system_msgs:/home/autoware/Autoware/install/autoware_msgs:/home/autoware/Autoware/install/autoware_build_flags:${CMAKE_PREFIX_PATH} LD_LIBRARY_PATH=/home/autoware/Autoware/install/vehicle_sim_model/lib:/home/autoware/Autoware/install/autoware_health_checker/lib:/home/autoware/Autoware/install/amathutils_lib/lib:/home/autoware/Autoware/install/ros_observer/lib:${LD_LIBRARY_PATH} PKG_CONFIG_PATH=/home/autoware/Autoware/install/vehicle_sim_model/lib/x86_64-linux-gnu/pkgconfig:/home/autoware/Autoware/install/vehicle_sim_model/lib/pkgconfig:/home/autoware/Autoware/install/autoware_health_checker/lib/x86_64-linux-gnu/pkgconfig:/home/autoware/Autoware/install/autoware_health_checker/lib/pkgconfig:/home/autoware/Autoware/install/amathutils_lib/lib/x86_64-linux-gnu/pkgconfig:/home/autoware/Autoware/install/amathutils_lib/lib/pkgconfig:/home/autoware/Autoware/install/ros_observer/lib/x86_64-linux-gnu/pkgconfig:/home/autoware/Autoware/install/ros_observer/lib/pkgconfig:/home/autoware/Autoware/install/autoware_system_msgs/lib/x86_64-linux-gnu/pkgconfig:/home/autoware/Autoware/install/autoware_system_msgs/lib/pkgconfig:/home/autoware/Autoware/install/autoware_msgs/lib/x86_64-linux-gnu/pkgconfig:/home/autoware/Autoware/install/autoware_msgs/lib/pkgconfig:/home/autoware/Autoware/install/autoware_build_flags/lib/x86_64-linux-gnu/pkgconfig:/home/autoware/Autoware/install/autoware_build_flags/lib/pkgconfig:${PKG_CONFIG_PATH} PYTHONPATH=/home/autoware/Autoware/install/autoware_system_msgs/lib/python2.7/dist-packages:/home/autoware/Autoware/install/autoware_msgs/lib/python2.7/dist-packages:${PYTHONPATH} ROS_PACKAGE_PATH=/home/autoware/Autoware/install/vehicle_sim_model/share:/home/autoware/Autoware/install/autoware_health_checker/share:/home/autoware/Autoware/install/amathutils_lib/share:/home/autoware/Autoware/install/ros_observer/share:/home/autoware/Autoware/install/autoware_system_msgs/share:/home/autoware/Autoware/install/autoware_msgs/share:/home/autoware/Autoware/install/autoware_build_flags/share:${ROS_PACKAGE_PATH} /usr/bin/cmake /home/autoware/Autoware/src/autoware/simulation/wf_simulator -DCMAKE_BUILD_TYPE=Release -DCATKIN_INSTALL_INTO_PREFIX_ROOT=0 -DCMAKE_INSTALL_PREFIX=/home/autoware/Autoware/install/wf_simulator
[0.128s] -- The C compiler identification is GNU 7.5.0
[0.213s] -- The CXX compiler identification is GNU 7.5.0
[0.220s] -- Check for working C compiler: /usr/bin/cc
[0.326s] -- Check for working C compiler: /usr/bin/cc -- works
[0.326s] -- Detecting C compiler ABI info
[0.438s] -- Detecting C compiler ABI info - done
[0.441s] -- Detecting C compile features
[0.750s] -- Detecting C compile features - done
[0.754s] -- Check for working CXX compiler: /usr/bin/c++
[0.864s] -- Check for working CXX compiler: /usr/bin/c++ -- works
[0.864s] -- Detecting CXX compiler ABI info
[0.978s] -- Detecting CXX compiler ABI info - done
[0.984s] -- Detecting CXX compile features
[1.461s] -- Detecting CXX compile features - done
[1.465s] -- CUDA compilation status: ON.
[1.468s] -- Using CATKIN_DEVEL_PREFIX: /home/autoware/Autoware/build/wf_simulator/devel
[1.469s] -- Using CMAKE_PREFIX_PATH: /home/autoware/Autoware/install/vehicle_sim_model;/home/autoware/Autoware/install/autoware_health_checker;/home/autoware/Autoware/install/amathutils_lib;/home/autoware/Autoware/install/ros_observer;/home/autoware/Autoware/install/autoware_system_msgs;/home/autoware/Autoware/install/autoware_msgs;/home/autoware/Autoware/install/autoware_build_flags;/opt/ros/melodic
[1.469s] -- This workspace overlays: /home/autoware/Autoware/install/vehicle_sim_model;/home/autoware/Autoware/install/autoware_health_checker;/home/autoware/Autoware/install/amathutils_lib;/home/autoware/Autoware/install/ros_observer;/home/autoware/Autoware/install/autoware_system_msgs;/home/autoware/Autoware/install/autoware_msgs;/home/autoware/Autoware/install/autoware_build_flags;/opt/ros/melodic
[1.490s] -- Found PythonInterp: /usr/bin/python2 (found suitable version "2.7.17", minimum required is "2") 
[1.490s] -- Using PYTHON_EXECUTABLE: /usr/bin/python2
[1.490s] -- Using Debian Python package layout
[1.490s] -- Using empy: /usr/bin/empy
[1.674s] -- Using CATKIN_ENABLE_TESTING: ON
[1.674s] -- Call enable_testing()
[1.682s] -- Using CATKIN_TEST_RESULTS_DIR: /home/autoware/Autoware/build/wf_simulator/test_results
[1.709s] -- Found gtest sources under '/usr/src/googletest': gtests will be built
[1.709s] -- Found gmock sources under '/usr/src/googletest': gmock will be built
[1.728s] -- Found PythonInterp: /usr/bin/python2 (found version "2.7.17") 
[1.729s] -- Looking for pthread.h
[1.838s] -- Looking for pthread.h - found
[1.838s] -- Looking for pthread_create
[1.941s] -- Looking for pthread_create - not found
[1.941s] -- Looking for pthread_create in pthreads
[2.034s] -- Looking for pthread_create in pthreads - not found
[2.034s] -- Looking for pthread_create in pthread
[2.134s] -- Looking for pthread_create in pthread - found
[2.135s] -- Found Threads: TRUE  
[2.141s] -- Using Python nosetests: /usr/bin/nosetests-2.7
[2.197s] -- catkin 0.7.26
[2.197s] -- BUILD_SHARED_LIBS is on
[2.477s] -- Using these message generators: gencpp;geneus;genlisp;gennodejs;genpy
[2.977s] -- Configuring done
[3.049s] -- Generating done
[3.065s] -- Build files have been written to: /home/autoware/Autoware/build/wf_simulator
[3.071s] Invoked command in '/home/autoware/Autoware/build/wf_simulator' returned '0': CMAKE_PREFIX_PATH=/home/autoware/Autoware/install/vehicle_sim_model:/home/autoware/Autoware/install/autoware_health_checker:/home/autoware/Autoware/install/amathutils_lib:/home/autoware/Autoware/install/ros_observer:/home/autoware/Autoware/install/autoware_system_msgs:/home/autoware/Autoware/install/autoware_msgs:/home/autoware/Autoware/install/autoware_build_flags:${CMAKE_PREFIX_PATH} LD_LIBRARY_PATH=/home/autoware/Autoware/install/vehicle_sim_model/lib:/home/autoware/Autoware/install/autoware_health_checker/lib:/home/autoware/Autoware/install/amathutils_lib/lib:/home/autoware/Autoware/install/ros_observer/lib:${LD_LIBRARY_PATH} PKG_CONFIG_PATH=/home/autoware/Autoware/install/vehicle_sim_model/lib/x86_64-linux-gnu/pkgconfig:/home/autoware/Autoware/install/vehicle_sim_model/lib/pkgconfig:/home/autoware/Autoware/install/autoware_health_checker/lib/x86_64-linux-gnu/pkgconfig:/home/autoware/Autoware/install/autoware_health_checker/lib/pkgconfig:/home/autoware/Autoware/install/amathutils_lib/lib/x86_64-linux-gnu/pkgconfig:/home/autoware/Autoware/install/amathutils_lib/lib/pkgconfig:/home/autoware/Autoware/install/ros_observer/lib/x86_64-linux-gnu/pkgconfig:/home/autoware/Autoware/install/ros_observer/lib/pkgconfig:/home/autoware/Autoware/install/autoware_system_msgs/lib/x86_64-linux-gnu/pkgconfig:/home/autoware/Autoware/install/autoware_system_msgs/lib/pkgconfig:/home/autoware/Autoware/install/autoware_msgs/lib/x86_64-linux-gnu/pkgconfig:/home/autoware/Autoware/install/autoware_msgs/lib/pkgconfig:/home/autoware/Autoware/install/autoware_build_flags/lib/x86_64-linux-gnu/pkgconfig:/home/autoware/Autoware/install/autoware_build_flags/lib/pkgconfig:${PKG_CONFIG_PATH} PYTHONPATH=/home/autoware/Autoware/install/autoware_system_msgs/lib/python2.7/dist-packages:/home/autoware/Autoware/install/autoware_msgs/lib/python2.7/dist-packages:${PYTHONPATH} ROS_PACKAGE_PATH=/home/autoware/Autoware/install/vehicle_sim_model/share:/home/autoware/Autoware/install/autoware_health_checker/share:/home/autoware/Autoware/install/amathutils_lib/share:/home/autoware/Autoware/install/ros_observer/share:/home/autoware/Autoware/install/autoware_system_msgs/share:/home/autoware/Autoware/install/autoware_msgs/share:/home/autoware/Autoware/install/autoware_build_flags/share:${ROS_PACKAGE_PATH} /usr/bin/cmake /home/autoware/Autoware/src/autoware/simulation/wf_simulator -DCMAKE_BUILD_TYPE=Release -DCATKIN_INSTALL_INTO_PREFIX_ROOT=0 -DCMAKE_INSTALL_PREFIX=/home/autoware/Autoware/install/wf_simulator
[3.075s] Invoking command in '/home/autoware/Autoware/build/wf_simulator': CMAKE_PREFIX_PATH=/home/autoware/Autoware/install/vehicle_sim_model:/home/autoware/Autoware/install/autoware_health_checker:/home/autoware/Autoware/install/amathutils_lib:/home/autoware/Autoware/install/ros_observer:/home/autoware/Autoware/install/autoware_system_msgs:/home/autoware/Autoware/install/autoware_msgs:/home/autoware/Autoware/install/autoware_build_flags:${CMAKE_PREFIX_PATH} LD_LIBRARY_PATH=/home/autoware/Autoware/install/vehicle_sim_model/lib:/home/autoware/Autoware/install/autoware_health_checker/lib:/home/autoware/Autoware/install/amathutils_lib/lib:/home/autoware/Autoware/install/ros_observer/lib:${LD_LIBRARY_PATH} PKG_CONFIG_PATH=/home/autoware/Autoware/install/vehicle_sim_model/lib/x86_64-linux-gnu/pkgconfig:/home/autoware/Autoware/install/vehicle_sim_model/lib/pkgconfig:/home/autoware/Autoware/install/autoware_health_checker/lib/x86_64-linux-gnu/pkgconfig:/home/autoware/Autoware/install/autoware_health_checker/lib/pkgconfig:/home/autoware/Autoware/install/amathutils_lib/lib/x86_64-linux-gnu/pkgconfig:/home/autoware/Autoware/install/amathutils_lib/lib/pkgconfig:/home/autoware/Autoware/install/ros_observer/lib/x86_64-linux-gnu/pkgconfig:/home/autoware/Autoware/install/ros_observer/lib/pkgconfig:/home/autoware/Autoware/install/autoware_system_msgs/lib/x86_64-linux-gnu/pkgconfig:/home/autoware/Autoware/install/autoware_system_msgs/lib/pkgconfig:/home/autoware/Autoware/install/autoware_msgs/lib/x86_64-linux-gnu/pkgconfig:/home/autoware/Autoware/install/autoware_msgs/lib/pkgconfig:/home/autoware/Autoware/install/autoware_build_flags/lib/x86_64-linux-gnu/pkgconfig:/home/autoware/Autoware/install/autoware_build_flags/lib/pkgconfig:${PKG_CONFIG_PATH} PYTHONPATH=/home/autoware/Autoware/install/autoware_system_msgs/lib/python2.7/dist-packages:/home/autoware/Autoware/install/autoware_msgs/lib/python2.7/dist-packages:${PYTHONPATH} ROS_PACKAGE_PATH=/home/autoware/Autoware/install/vehicle_sim_model/share:/home/autoware/Autoware/install/autoware_health_checker/share:/home/autoware/Autoware/install/amathutils_lib/share:/home/autoware/Autoware/install/ros_observer/share:/home/autoware/Autoware/install/autoware_system_msgs/share:/home/autoware/Autoware/install/autoware_msgs/share:/home/autoware/Autoware/install/autoware_build_flags/share:${ROS_PACKAGE_PATH} /usr/bin/cmake --build /home/autoware/Autoware/build/wf_simulator -- -j2 -l2
[3.180s] Scanning dependencies of target wf_simulator
[3.203s] [ 25%] Building CXX object CMakeFiles/wf_simulator.dir/src/wf_simulator_node.cpp.o
[9.490s] [ 50%] Building CXX object CMakeFiles/wf_simulator.dir/src/wf_simulator_core.cpp.o
[19.489s] [ 75%] Building CXX object CMakeFiles/wf_simulator.dir/src/vehicle_model_ros.cpp.o
[26.950s] [100%] Linking CXX executable devel/lib/wf_simulator/wf_simulator
[27.245s] [100%] Built target wf_simulator
[27.266s] Invoked command in '/home/autoware/Autoware/build/wf_simulator' returned '0': CMAKE_PREFIX_PATH=/home/autoware/Autoware/install/vehicle_sim_model:/home/autoware/Autoware/install/autoware_health_checker:/home/autoware/Autoware/install/amathutils_lib:/home/autoware/Autoware/install/ros_observer:/home/autoware/Autoware/install/autoware_system_msgs:/home/autoware/Autoware/install/autoware_msgs:/home/autoware/Autoware/install/autoware_build_flags:${CMAKE_PREFIX_PATH} LD_LIBRARY_PATH=/home/autoware/Autoware/install/vehicle_sim_model/lib:/home/autoware/Autoware/install/autoware_health_checker/lib:/home/autoware/Autoware/install/amathutils_lib/lib:/home/autoware/Autoware/install/ros_observer/lib:${LD_LIBRARY_PATH} PKG_CONFIG_PATH=/home/autoware/Autoware/install/vehicle_sim_model/lib/x86_64-linux-gnu/pkgconfig:/home/autoware/Autoware/install/vehicle_sim_model/lib/pkgconfig:/home/autoware/Autoware/install/autoware_health_checker/lib/x86_64-linux-gnu/pkgconfig:/home/autoware/Autoware/install/autoware_health_checker/lib/pkgconfig:/home/autoware/Autoware/install/amathutils_lib/lib/x86_64-linux-gnu/pkgconfig:/home/autoware/Autoware/install/amathutils_lib/lib/pkgconfig:/home/autoware/Autoware/install/ros_observer/lib/x86_64-linux-gnu/pkgconfig:/home/autoware/Autoware/install/ros_observer/lib/pkgconfig:/home/autoware/Autoware/install/autoware_system_msgs/lib/x86_64-linux-gnu/pkgconfig:/home/autoware/Autoware/install/autoware_system_msgs/lib/pkgconfig:/home/autoware/Autoware/install/autoware_msgs/lib/x86_64-linux-gnu/pkgconfig:/home/autoware/Autoware/install/autoware_msgs/lib/pkgconfig:/home/autoware/Autoware/install/autoware_build_flags/lib/x86_64-linux-gnu/pkgconfig:/home/autoware/Autoware/install/autoware_build_flags/lib/pkgconfig:${PKG_CONFIG_PATH} PYTHONPATH=/home/autoware/Autoware/install/autoware_system_msgs/lib/python2.7/dist-packages:/home/autoware/Autoware/install/autoware_msgs/lib/python2.7/dist-packages:${PYTHONPATH} ROS_PACKAGE_PATH=/home/autoware/Autoware/install/vehicle_sim_model/share:/home/autoware/Autoware/install/autoware_health_checker/share:/home/autoware/Autoware/install/amathutils_lib/share:/home/autoware/Autoware/install/ros_observer/share:/home/autoware/Autoware/install/autoware_system_msgs/share:/home/autoware/Autoware/install/autoware_msgs/share:/home/autoware/Autoware/install/autoware_build_flags/share:${ROS_PACKAGE_PATH} /usr/bin/cmake --build /home/autoware/Autoware/build/wf_simulator -- -j2 -l2
[27.420s] Invoking command in '/home/autoware/Autoware/build/wf_simulator': CMAKE_PREFIX_PATH=/home/autoware/Autoware/install/vehicle_sim_model:/home/autoware/Autoware/install/autoware_health_checker:/home/autoware/Autoware/install/amathutils_lib:/home/autoware/Autoware/install/ros_observer:/home/autoware/Autoware/install/autoware_system_msgs:/home/autoware/Autoware/install/autoware_msgs:/home/autoware/Autoware/install/autoware_build_flags:${CMAKE_PREFIX_PATH} LD_LIBRARY_PATH=/home/autoware/Autoware/install/vehicle_sim_model/lib:/home/autoware/Autoware/install/autoware_health_checker/lib:/home/autoware/Autoware/install/amathutils_lib/lib:/home/autoware/Autoware/install/ros_observer/lib:${LD_LIBRARY_PATH} PKG_CONFIG_PATH=/home/autoware/Autoware/install/vehicle_sim_model/lib/x86_64-linux-gnu/pkgconfig:/home/autoware/Autoware/install/vehicle_sim_model/lib/pkgconfig:/home/autoware/Autoware/install/autoware_health_checker/lib/x86_64-linux-gnu/pkgconfig:/home/autoware/Autoware/install/autoware_health_checker/lib/pkgconfig:/home/autoware/Autoware/install/amathutils_lib/lib/x86_64-linux-gnu/pkgconfig:/home/autoware/Autoware/install/amathutils_lib/lib/pkgconfig:/home/autoware/Autoware/install/ros_observer/lib/x86_64-linux-gnu/pkgconfig:/home/autoware/Autoware/install/ros_observer/lib/pkgconfig:/home/autoware/Autoware/install/autoware_system_msgs/lib/x86_64-linux-gnu/pkgconfig:/home/autoware/Autoware/install/autoware_system_msgs/lib/pkgconfig:/home/autoware/Autoware/install/autoware_msgs/lib/x86_64-linux-gnu/pkgconfig:/home/autoware/Autoware/install/autoware_msgs/lib/pkgconfig:/home/autoware/Autoware/install/autoware_build_flags/lib/x86_64-linux-gnu/pkgconfig:/home/autoware/Autoware/install/autoware_build_flags/lib/pkgconfig:${PKG_CONFIG_PATH} PYTHONPATH=/home/autoware/Autoware/install/autoware_system_msgs/lib/python2.7/dist-packages:/home/autoware/Autoware/install/autoware_msgs/lib/python2.7/dist-packages:${PYTHONPATH} ROS_PACKAGE_PATH=/home/autoware/Autoware/install/vehicle_sim_model/share:/home/autoware/Autoware/install/autoware_health_checker/share:/home/autoware/Autoware/install/amathutils_lib/share:/home/autoware/Autoware/install/ros_observer/share:/home/autoware/Autoware/install/autoware_system_msgs/share:/home/autoware/Autoware/install/autoware_msgs/share:/home/autoware/Autoware/install/autoware_build_flags/share:${ROS_PACKAGE_PATH} /usr/bin/cmake --build /home/autoware/Autoware/build/wf_simulator --target tests -- -j2 -l2
[27.530s] Scanning dependencies of target gtest
[27.549s] [ 16%] Building CXX object gtest/googlemock/gtest/CMakeFiles/gtest.dir/src/gtest-all.cc.o
[33.536s] [ 33%] Linking CXX shared library libgtest.so
[33.642s] [ 33%] Built target gtest
[33.659s] Scanning dependencies of target geometry_msgs_generate_messages_py
[33.676s] [ 33%] Built target geometry_msgs_generate_messages_py
[33.693s] Scanning dependencies of target roscpp_generate_messages_cpp
[33.710s] [ 33%] Built target roscpp_generate_messages_cpp
[33.726s] Scanning dependencies of target actionlib_generate_messages_cpp
[33.743s] [ 33%] Built target actionlib_generate_messages_cpp
[33.761s] Scanning dependencies of target pcl_msgs_generate_messages_eus
[33.780s] [ 33%] Built target pcl_msgs_generate_messages_eus
[33.798s] Scanning dependencies of target rosgraph_msgs_generate_messages_eus
[33.815s] [ 33%] Built target rosgraph_msgs_generate_messages_eus
[33.833s] Scanning dependencies of target jsk_recognition_msgs_generate_messages_lisp
[33.850s] [ 33%] Built target jsk_recognition_msgs_generate_messages_lisp
[33.872s] Scanning dependencies of target jsk_recognition_msgs_generate_messages_eus
[33.889s] [ 33%] Built target jsk_recognition_msgs_generate_messages_eus
[33.906s] Scanning dependencies of target tf2_msgs_generate_messages_cpp
[33.923s] [ 33%] Built target tf2_msgs_generate_messages_cpp
[33.940s] Scanning dependencies of target std_msgs_generate_messages_py
[33.956s] [ 33%] Built target std_msgs_generate_messages_py
[33.974s] Scanning dependencies of target autoware_msgs_generate_messages_py
[34.001s] [ 33%] Built target autoware_msgs_generate_messages_py
[34.021s] Scanning dependencies of target std_msgs_generate_messages_nodejs
[34.037s] [ 33%] Built target std_msgs_generate_messages_nodejs
[34.054s] Scanning dependencies of target sensor_msgs_generate_messages_eus
[34.070s] [ 33%] Built target sensor_msgs_generate_messages_eus
[34.087s] Scanning dependencies of target _catkin_empty_exported_target
[34.104s] [ 33%] Built target _catkin_empty_exported_target
[34.121s] Scanning dependencies of target sensor_msgs_generate_messages_cpp
[34.137s] [ 33%] Built target sensor_msgs_generate_messages_cpp
[34.154s] Scanning dependencies of target autoware_msgs_generate_messages_cpp
[34.170s] [ 33%] Built target autoware_msgs_generate_messages_cpp
[34.188s] Scanning dependencies of target rosgraph_msgs_generate_messages_cpp
[34.204s] [ 33%] Built target rosgraph_msgs_generate_messages_cpp
[34.222s] Scanning dependencies of target pcl_msgs_generate_messages_nodejs
[34.238s] [ 33%] Built target pcl_msgs_generate_messages_nodejs
[34.254s] Scanning dependencies of target jsk_recognition_msgs_generate_messages_py
[34.271s] [ 33%] Built target jsk_recognition_msgs_generate_messages_py
[34.289s] Scanning dependencies of target sensor_msgs_generate_messages_lisp
[34.306s] [ 33%] Built target sensor_msgs_generate_messages_lisp
[34.323s] Scanning dependencies of target sensor_msgs_generate_messages_py
[34.339s] [ 33%] Built target sensor_msgs_generate_messages_py
[34.356s] Scanning dependencies of target tf_generate_messages_py
[34.372s] [ 33%] Built target tf_generate_messages_py
[34.390s] Scanning dependencies of target std_msgs_generate_messages_cpp
[34.406s] [ 33%] Built target std_msgs_generate_messages_cpp
[34.430s] Scanning dependencies of target jsk_footstep_msgs_generate_messages_py
[34.446s] [ 33%] Built target jsk_footstep_msgs_generate_messages_py
[34.462s] Scanning dependencies of target actionlib_msgs_generate_messages_nodejs
[34.478s] [ 33%] Built target actionlib_msgs_generate_messages_nodejs
[34.494s] Scanning dependencies of target geometry_msgs_generate_messages_eus
[34.509s] [ 33%] Built target geometry_msgs_generate_messages_eus
[34.526s] Scanning dependencies of target std_msgs_generate_messages_lisp
[34.541s] [ 33%] Built target std_msgs_generate_messages_lisp
[34.556s] Scanning dependencies of target roscpp_generate_messages_nodejs
[34.571s] [ 33%] Built target roscpp_generate_messages_nodejs
[34.587s] Scanning dependencies of target autoware_system_msgs_generate_messages_cpp
[34.607s] [ 33%] Built target autoware_system_msgs_generate_messages_cpp
[34.624s] Scanning dependencies of target geometry_msgs_generate_messages_nodejs
[34.640s] [ 33%] Built target geometry_msgs_generate_messages_nodejs
[34.658s] Scanning dependencies of target geometry_msgs_generate_messages_lisp
[34.677s] [ 33%] Built target geometry_msgs_generate_messages_lisp
[34.713s] Scanning dependencies of target pcl_msgs_generate_messages_cpp
[34.726s] [ 33%] Built target pcl_msgs_generate_messages_cpp
[34.751s] Scanning dependencies of target jsk_recognition_msgs_generate_messages_cpp
[34.771s] [ 33%] Built target jsk_recognition_msgs_generate_messages_cpp
[34.788s] Scanning dependencies of target autoware_msgs_generate_messages_eus
[34.804s] [ 33%] Built target autoware_msgs_generate_messages_eus
[34.821s] Scanning dependencies of target autoware_msgs_generate_messages_lisp
[34.837s] [ 33%] Built target autoware_msgs_generate_messages_lisp
[34.854s] Scanning dependencies of target std_msgs_generate_messages_eus
[34.879s] [ 33%] Built target std_msgs_generate_messages_eus
[34.897s] Scanning dependencies of target autoware_msgs_generate_messages_nodejs
[34.913s] [ 33%] Built target autoware_msgs_generate_messages_nodejs
[34.933s] Scanning dependencies of target jsk_footstep_msgs_generate_messages_eus
[34.950s] [ 33%] Built target jsk_footstep_msgs_generate_messages_eus
[34.967s] Scanning dependencies of target jsk_footstep_msgs_generate_messages_lisp
[34.983s] [ 33%] Built target jsk_footstep_msgs_generate_messages_lisp
[35.001s] Scanning dependencies of target jsk_footstep_msgs_generate_messages_nodejs
[35.018s] [ 33%] Built target jsk_footstep_msgs_generate_messages_nodejs
[35.036s] Scanning dependencies of target autoware_system_msgs_generate_messages_nodejs
[35.052s] [ 33%] Built target autoware_system_msgs_generate_messages_nodejs
[35.069s] Scanning dependencies of target actionlib_msgs_generate_messages_lisp
[35.086s] [ 33%] Built target actionlib_msgs_generate_messages_lisp
[35.104s] Scanning dependencies of target jsk_footstep_msgs_generate_messages_cpp
[35.120s] [ 33%] Built target jsk_footstep_msgs_generate_messages_cpp
[35.140s] Scanning dependencies of target actionlib_msgs_generate_messages_cpp
[35.156s] [ 33%] Built target actionlib_msgs_generate_messages_cpp
[35.173s] Scanning dependencies of target tf_generate_messages_eus
[35.194s] [ 33%] Built target tf_generate_messages_eus
[35.211s] Scanning dependencies of target tf_generate_messages_lisp
[35.231s] [ 33%] Built target tf_generate_messages_lisp
[35.249s] Scanning dependencies of target tf_generate_messages_nodejs
[35.266s] [ 33%] Built target tf_generate_messages_nodejs
[35.284s] Scanning dependencies of target jsk_recognition_msgs_generate_messages_nodejs
[35.301s] [ 33%] Built target jsk_recognition_msgs_generate_messages_nodejs
[35.322s] Scanning dependencies of target roscpp_generate_messages_lisp
[35.339s] [ 33%] Built target roscpp_generate_messages_lisp
[35.356s] Scanning dependencies of target roscpp_generate_messages_py
[35.373s] [ 33%] Built target roscpp_generate_messages_py
[35.389s] Scanning dependencies of target rosgraph_msgs_generate_messages_lisp
[35.406s] [ 33%] Built target rosgraph_msgs_generate_messages_lisp
[35.422s] Scanning dependencies of target rosgraph_msgs_generate_messages_nodejs
[35.439s] [ 33%] Built target rosgraph_msgs_generate_messages_nodejs
[35.457s] Scanning dependencies of target roscpp_generate_messages_eus
[35.473s] [ 33%] Built target roscpp_generate_messages_eus
[35.489s] Scanning dependencies of target actionlib_msgs_generate_messages_eus
[35.506s] [ 33%] Built target actionlib_msgs_generate_messages_eus
[35.523s] Scanning dependencies of target rosgraph_msgs_generate_messages_py
[35.539s] [ 33%] Built target rosgraph_msgs_generate_messages_py
[35.557s] Scanning dependencies of target pcl_msgs_generate_messages_py
[35.575s] [ 33%] Built target pcl_msgs_generate_messages_py
[35.591s] Scanning dependencies of target actionlib_generate_messages_eus
[35.608s] [ 33%] Built target actionlib_generate_messages_eus
[35.626s] Scanning dependencies of target geometry_msgs_generate_messages_cpp
[35.643s] [ 33%] Built target geometry_msgs_generate_messages_cpp
[35.660s] Scanning dependencies of target actionlib_generate_messages_lisp
[35.678s] [ 33%] Built target actionlib_generate_messages_lisp
[35.696s] Scanning dependencies of target pcl_msgs_generate_messages_lisp
[35.718s] [ 33%] Built target pcl_msgs_generate_messages_lisp
[35.735s] Scanning dependencies of target tf_generate_messages_cpp
[35.753s] [ 33%] Built target tf_generate_messages_cpp
[35.769s] Scanning dependencies of target actionlib_generate_messages_nodejs
[35.786s] [ 33%] Built target actionlib_generate_messages_nodejs
[35.803s] Scanning dependencies of target autoware_system_msgs_generate_messages_eus
[35.820s] [ 33%] Built target autoware_system_msgs_generate_messages_eus
[35.838s] Scanning dependencies of target actionlib_msgs_generate_messages_py
[35.855s] [ 33%] Built target actionlib_msgs_generate_messages_py
[35.872s] Scanning dependencies of target tf2_msgs_generate_messages_eus
[35.889s] [ 33%] Built target tf2_msgs_generate_messages_eus
[35.907s] Scanning dependencies of target tf2_msgs_generate_messages_lisp
[35.923s] [ 33%] Built target tf2_msgs_generate_messages_lisp
[35.941s] Scanning dependencies of target actionlib_generate_messages_py
[35.958s] [ 33%] Built target actionlib_generate_messages_py
[35.975s] Scanning dependencies of target tf2_msgs_generate_messages_py
[35.992s] [ 33%] Built target tf2_msgs_generate_messages_py
[36.008s] Scanning dependencies of target autoware_system_msgs_generate_messages_lisp
[36.025s] [ 33%] Built target autoware_system_msgs_generate_messages_lisp
[36.042s] Scanning dependencies of target tf2_msgs_generate_messages_nodejs
[36.072s] [ 33%] Built target tf2_msgs_generate_messages_nodejs
[36.090s] Scanning dependencies of target sensor_msgs_generate_messages_nodejs
[36.107s] [ 33%] Built target sensor_msgs_generate_messages_nodejs
[36.126s] Scanning dependencies of target autoware_system_msgs_generate_messages_py
[36.146s] [ 33%] Built target autoware_system_msgs_generate_messages_py
[36.204s] Scanning dependencies of target test-wf_simulator
[36.227s] [ 50%] Building CXX object CMakeFiles/test-wf_simulator.dir/test/src/test_wf_simulator.cpp.o
[44.282s] [ 66%] Building CXX object CMakeFiles/test-wf_simulator.dir/src/wf_simulator_core.cpp.o
[53.319s] [ 83%] Building CXX object CMakeFiles/test-wf_simulator.dir/src/vehicle_model_ros.cpp.o
[60.099s] [100%] Linking CXX executable devel/lib/wf_simulator/test-wf_simulator
[60.377s] [100%] Built target test-wf_simulator
[60.394s] Scanning dependencies of target tests
[60.409s] [100%] Built target tests
[60.426s] Invoked command in '/home/autoware/Autoware/build/wf_simulator' returned '0': CMAKE_PREFIX_PATH=/home/autoware/Autoware/install/vehicle_sim_model:/home/autoware/Autoware/install/autoware_health_checker:/home/autoware/Autoware/install/amathutils_lib:/home/autoware/Autoware/install/ros_observer:/home/autoware/Autoware/install/autoware_system_msgs:/home/autoware/Autoware/install/autoware_msgs:/home/autoware/Autoware/install/autoware_build_flags:${CMAKE_PREFIX_PATH} LD_LIBRARY_PATH=/home/autoware/Autoware/install/vehicle_sim_model/lib:/home/autoware/Autoware/install/autoware_health_checker/lib:/home/autoware/Autoware/install/amathutils_lib/lib:/home/autoware/Autoware/install/ros_observer/lib:${LD_LIBRARY_PATH} PKG_CONFIG_PATH=/home/autoware/Autoware/install/vehicle_sim_model/lib/x86_64-linux-gnu/pkgconfig:/home/autoware/Autoware/install/vehicle_sim_model/lib/pkgconfig:/home/autoware/Autoware/install/autoware_health_checker/lib/x86_64-linux-gnu/pkgconfig:/home/autoware/Autoware/install/autoware_health_checker/lib/pkgconfig:/home/autoware/Autoware/install/amathutils_lib/lib/x86_64-linux-gnu/pkgconfig:/home/autoware/Autoware/install/amathutils_lib/lib/pkgconfig:/home/autoware/Autoware/install/ros_observer/lib/x86_64-linux-gnu/pkgconfig:/home/autoware/Autoware/install/ros_observer/lib/pkgconfig:/home/autoware/Autoware/install/autoware_system_msgs/lib/x86_64-linux-gnu/pkgconfig:/home/autoware/Autoware/install/autoware_system_msgs/lib/pkgconfig:/home/autoware/Autoware/install/autoware_msgs/lib/x86_64-linux-gnu/pkgconfig:/home/autoware/Autoware/install/autoware_msgs/lib/pkgconfig:/home/autoware/Autoware/install/autoware_build_flags/lib/x86_64-linux-gnu/pkgconfig:/home/autoware/Autoware/install/autoware_build_flags/lib/pkgconfig:${PKG_CONFIG_PATH} PYTHONPATH=/home/autoware/Autoware/install/autoware_system_msgs/lib/python2.7/dist-packages:/home/autoware/Autoware/install/autoware_msgs/lib/python2.7/dist-packages:${PYTHONPATH} ROS_PACKAGE_PATH=/home/autoware/Autoware/install/vehicle_sim_model/share:/home/autoware/Autoware/install/autoware_health_checker/share:/home/autoware/Autoware/install/amathutils_lib/share:/home/autoware/Autoware/install/ros_observer/share:/home/autoware/Autoware/install/autoware_system_msgs/share:/home/autoware/Autoware/install/autoware_msgs/share:/home/autoware/Autoware/install/autoware_build_flags/share:${ROS_PACKAGE_PATH} /usr/bin/cmake --build /home/autoware/Autoware/build/wf_simulator --target tests -- -j2 -l2
[60.572s] Invoking command in '/home/autoware/Autoware/build/wf_simulator': CMAKE_PREFIX_PATH=/home/autoware/Autoware/install/vehicle_sim_model:/home/autoware/Autoware/install/autoware_health_checker:/home/autoware/Autoware/install/amathutils_lib:/home/autoware/Autoware/install/ros_observer:/home/autoware/Autoware/install/autoware_system_msgs:/home/autoware/Autoware/install/autoware_msgs:/home/autoware/Autoware/install/autoware_build_flags:${CMAKE_PREFIX_PATH} LD_LIBRARY_PATH=/home/autoware/Autoware/install/vehicle_sim_model/lib:/home/autoware/Autoware/install/autoware_health_checker/lib:/home/autoware/Autoware/install/amathutils_lib/lib:/home/autoware/Autoware/install/ros_observer/lib:${LD_LIBRARY_PATH} PKG_CONFIG_PATH=/home/autoware/Autoware/install/vehicle_sim_model/lib/x86_64-linux-gnu/pkgconfig:/home/autoware/Autoware/install/vehicle_sim_model/lib/pkgconfig:/home/autoware/Autoware/install/autoware_health_checker/lib/x86_64-linux-gnu/pkgconfig:/home/autoware/Autoware/install/autoware_health_checker/lib/pkgconfig:/home/autoware/Autoware/install/amathutils_lib/lib/x86_64-linux-gnu/pkgconfig:/home/autoware/Autoware/install/amathutils_lib/lib/pkgconfig:/home/autoware/Autoware/install/ros_observer/lib/x86_64-linux-gnu/pkgconfig:/home/autoware/Autoware/install/ros_observer/lib/pkgconfig:/home/autoware/Autoware/install/autoware_system_msgs/lib/x86_64-linux-gnu/pkgconfig:/home/autoware/Autoware/install/autoware_system_msgs/lib/pkgconfig:/home/autoware/Autoware/install/autoware_msgs/lib/x86_64-linux-gnu/pkgconfig:/home/autoware/Autoware/install/autoware_msgs/lib/pkgconfig:/home/autoware/Autoware/install/autoware_build_flags/lib/x86_64-linux-gnu/pkgconfig:/home/autoware/Autoware/install/autoware_build_flags/lib/pkgconfig:${PKG_CONFIG_PATH} PYTHONPATH=/home/autoware/Autoware/install/autoware_system_msgs/lib/python2.7/dist-packages:/home/autoware/Autoware/install/autoware_msgs/lib/python2.7/dist-packages:${PYTHONPATH} ROS_PACKAGE_PATH=/home/autoware/Autoware/install/vehicle_sim_model/share:/home/autoware/Autoware/install/autoware_health_checker/share:/home/autoware/Autoware/install/amathutils_lib/share:/home/autoware/Autoware/install/ros_observer/share:/home/autoware/Autoware/install/autoware_system_msgs/share:/home/autoware/Autoware/install/autoware_msgs/share:/home/autoware/Autoware/install/autoware_build_flags/share:${ROS_PACKAGE_PATH} /usr/bin/cmake --build /home/autoware/Autoware/build/wf_simulator --target install -- -j2 -l2
[60.665s] [100%] Built target wf_simulator
[60.697s] Install the project...
[60.709s] -- Install configuration: "Release"
[60.710s] -- Installing: /home/autoware/Autoware/install/wf_simulator/lib/pkgconfig/wf_simulator.pc
[60.710s] -- Installing: /home/autoware/Autoware/install/wf_simulator/share/wf_simulator/cmake/wf_simulatorConfig.cmake
[60.711s] -- Installing: /home/autoware/Autoware/install/wf_simulator/share/wf_simulator/cmake/wf_simulatorConfig-version.cmake
[60.711s] -- Installing: /home/autoware/Autoware/install/wf_simulator/share/wf_simulator/package.xml
[60.712s] -- Installing: /home/autoware/Autoware/install/wf_simulator/lib/wf_simulator/wf_simulator
[60.720s] -- Set runtime path of "/home/autoware/Autoware/install/wf_simulator/lib/wf_simulator/wf_simulator" to ""
[60.720s] -- Installing: /home/autoware/Autoware/install/wf_simulator/include/wf_simulator
[60.721s] -- Installing: /home/autoware/Autoware/install/wf_simulator/include/wf_simulator/vehicle_model_ros.h
[60.721s] -- Installing: /home/autoware/Autoware/install/wf_simulator/include/wf_simulator/wf_simulator_core.h
[60.722s] -- Installing: /home/autoware/Autoware/install/wf_simulator/share/wf_simulator/launch
[60.722s] -- Installing: /home/autoware/Autoware/install/wf_simulator/share/wf_simulator/launch/wf_simulator.launch
[60.730s] Invoked command in '/home/autoware/Autoware/build/wf_simulator' returned '0': CMAKE_PREFIX_PATH=/home/autoware/Autoware/install/vehicle_sim_model:/home/autoware/Autoware/install/autoware_health_checker:/home/autoware/Autoware/install/amathutils_lib:/home/autoware/Autoware/install/ros_observer:/home/autoware/Autoware/install/autoware_system_msgs:/home/autoware/Autoware/install/autoware_msgs:/home/autoware/Autoware/install/autoware_build_flags:${CMAKE_PREFIX_PATH} LD_LIBRARY_PATH=/home/autoware/Autoware/install/vehicle_sim_model/lib:/home/autoware/Autoware/install/autoware_health_checker/lib:/home/autoware/Autoware/install/amathutils_lib/lib:/home/autoware/Autoware/install/ros_observer/lib:${LD_LIBRARY_PATH} PKG_CONFIG_PATH=/home/autoware/Autoware/install/vehicle_sim_model/lib/x86_64-linux-gnu/pkgconfig:/home/autoware/Autoware/install/vehicle_sim_model/lib/pkgconfig:/home/autoware/Autoware/install/autoware_health_checker/lib/x86_64-linux-gnu/pkgconfig:/home/autoware/Autoware/install/autoware_health_checker/lib/pkgconfig:/home/autoware/Autoware/install/amathutils_lib/lib/x86_64-linux-gnu/pkgconfig:/home/autoware/Autoware/install/amathutils_lib/lib/pkgconfig:/home/autoware/Autoware/install/ros_observer/lib/x86_64-linux-gnu/pkgconfig:/home/autoware/Autoware/install/ros_observer/lib/pkgconfig:/home/autoware/Autoware/install/autoware_system_msgs/lib/x86_64-linux-gnu/pkgconfig:/home/autoware/Autoware/install/autoware_system_msgs/lib/pkgconfig:/home/autoware/Autoware/install/autoware_msgs/lib/x86_64-linux-gnu/pkgconfig:/home/autoware/Autoware/install/autoware_msgs/lib/pkgconfig:/home/autoware/Autoware/install/autoware_build_flags/lib/x86_64-linux-gnu/pkgconfig:/home/autoware/Autoware/install/autoware_build_flags/lib/pkgconfig:${PKG_CONFIG_PATH} PYTHONPATH=/home/autoware/Autoware/install/autoware_system_msgs/lib/python2.7/dist-packages:/home/autoware/Autoware/install/autoware_msgs/lib/python2.7/dist-packages:${PYTHONPATH} ROS_PACKAGE_PATH=/home/autoware/Autoware/install/vehicle_sim_model/share:/home/autoware/Autoware/install/autoware_health_checker/share:/home/autoware/Autoware/install/amathutils_lib/share:/home/autoware/Autoware/install/ros_observer/share:/home/autoware/Autoware/install/autoware_system_msgs/share:/home/autoware/Autoware/install/autoware_msgs/share:/home/autoware/Autoware/install/autoware_build_flags/share:${ROS_PACKAGE_PATH} /usr/bin/cmake --build /home/autoware/Autoware/build/wf_simulator --target install -- -j2 -l2
