-- The C compiler identification is GNU 7.5.0
-- The CXX compiler identification is GNU 7.5.0
-- Check for working C compiler: /usr/bin/cc
-- Check for working C compiler: /usr/bin/cc -- works
-- Detecting C compiler ABI info
-- Detecting C compiler ABI info - done
-- Detecting C compile features
-- Detecting C compile features - done
-- Check for working CXX compiler: /usr/bin/c++
-- Check for working CXX compiler: /usr/bin/c++ -- works
-- Detecting CXX compiler ABI info
-- Detecting CXX compiler ABI info - done
-- Detecting CXX compile features
-- Detecting CXX compile features - done
-- CUDA compilation status: ON.
-- Using CATKIN_DEVEL_PREFIX: /home/autoware/Autoware/build/astar_search/devel
-- Using CMAKE_PREFIX_PATH: /home/autoware/Autoware/install/autoware_msgs;/home/autoware/Autoware/install/autoware_build_flags;/opt/ros/melodic
-- This workspace overlays: /home/autoware/Autoware/install/autoware_msgs;/home/autoware/Autoware/install/autoware_build_flags;/opt/ros/melodic
-- Found PythonInterp: /usr/bin/python2 (found suitable version "2.7.17", minimum required is "2") 
-- Using PYTHON_EXECUTABLE: /usr/bin/python2
-- Using Debian Python package layout
-- Using empy: /usr/bin/empy
-- Using CATKIN_ENABLE_TESTING: ON
-- Call enable_testing()
-- Using CATKIN_TEST_RESULTS_DIR: /home/autoware/Autoware/build/astar_search/test_results
-- Found gtest sources under '/usr/src/googletest': gtests will be built
-- Found gmock sources under '/usr/src/googletest': gmock will be built
-- Found PythonInterp: /usr/bin/python2 (found version "2.7.17") 
-- Looking for pthread.h
-- Looking for pthread.h - found
-- Looking for pthread_create
-- Looking for pthread_create - not found
-- Looking for pthread_create in pthreads
-- Looking for pthread_create in pthreads - not found
-- Looking for pthread_create in pthread
-- Looking for pthread_create in pthread - found
-- Found Threads: TRUE  
-- Using Python nosetests: /usr/bin/nosetests-2.7
-- catkin 0.7.26
-- BUILD_SHARED_LIBS is on
-- Using these message generators: gencpp;geneus;genlisp;gennodejs;genpy
-- Configuring done
-- Generating done
-- Build files have been written to: /home/autoware/Autoware/build/astar_search
Scanning dependencies of target std_srvs_generate_messages_lisp
[  0%] Built target std_srvs_generate_messages_lisp
Scanning dependencies of target tf2_msgs_generate_messages_nodejs
[  0%] Built target tf2_msgs_generate_messages_nodejs
Scanning dependencies of target tf2_msgs_generate_messages_eus
[  0%] Built target tf2_msgs_generate_messages_eus
Scanning dependencies of target tf2_msgs_generate_messages_cpp
[  0%] Built target tf2_msgs_generate_messages_cpp
Scanning dependencies of target tf2_msgs_generate_messages_py
[  0%] Built target tf2_msgs_generate_messages_py
Scanning dependencies of target actionlib_generate_messages_py
[  0%] Built target actionlib_generate_messages_py
Scanning dependencies of target actionlib_generate_messages_cpp
[  0%] Built target actionlib_generate_messages_cpp
Scanning dependencies of target tf_generate_messages_nodejs
[  0%] Built target tf_generate_messages_nodejs
Scanning dependencies of target tf_generate_messages_lisp
[  0%] Built target tf_generate_messages_lisp
Scanning dependencies of target topic_tools_generate_messages_nodejs
[  0%] Built target topic_tools_generate_messages_nodejs
Scanning dependencies of target topic_tools_generate_messages_eus
[  0%] Built target topic_tools_generate_messages_eus
Scanning dependencies of target topic_tools_generate_messages_cpp
[  0%] Built target topic_tools_generate_messages_cpp
Scanning dependencies of target std_srvs_generate_messages_py
[  0%] Built target std_srvs_generate_messages_py
Scanning dependencies of target geometry_msgs_generate_messages_py
[  0%] Built target geometry_msgs_generate_messages_py
Scanning dependencies of target sensor_msgs_generate_messages_nodejs
[  0%] Built target sensor_msgs_generate_messages_nodejs
Scanning dependencies of target roscpp_generate_messages_cpp
[  0%] Built target roscpp_generate_messages_cpp
Scanning dependencies of target pcl_msgs_generate_messages_eus
[  0%] Built target pcl_msgs_generate_messages_eus
Scanning dependencies of target rosgraph_msgs_generate_messages_eus
[  0%] Built target rosgraph_msgs_generate_messages_eus
Scanning dependencies of target jsk_recognition_msgs_generate_messages_lisp
[  0%] Built target jsk_recognition_msgs_generate_messages_lisp
Scanning dependencies of target jsk_recognition_msgs_generate_messages_eus
[  0%] Built target jsk_recognition_msgs_generate_messages_eus
Scanning dependencies of target std_msgs_generate_messages_py
[  0%] Built target std_msgs_generate_messages_py
Scanning dependencies of target std_msgs_generate_messages_nodejs
[  0%] Built target std_msgs_generate_messages_nodejs
Scanning dependencies of target bond_generate_messages_lisp
[  0%] Built target bond_generate_messages_lisp
Scanning dependencies of target sensor_msgs_generate_messages_eus
[  0%] Built target sensor_msgs_generate_messages_eus
Scanning dependencies of target sensor_msgs_generate_messages_cpp
[  0%] Built target sensor_msgs_generate_messages_cpp
Scanning dependencies of target autoware_msgs_generate_messages_cpp
[  0%] Built target autoware_msgs_generate_messages_cpp
Scanning dependencies of target tf_generate_messages_py
[  0%] Built target tf_generate_messages_py
Scanning dependencies of target dynamic_reconfigure_generate_messages_cpp
[  0%] Built target dynamic_reconfigure_generate_messages_cpp
Scanning dependencies of target rosgraph_msgs_generate_messages_cpp
[  0%] Built target rosgraph_msgs_generate_messages_cpp
Scanning dependencies of target pcl_msgs_generate_messages_nodejs
[  0%] Built target pcl_msgs_generate_messages_nodejs
Scanning dependencies of target nodelet_generate_messages_nodejs
[  0%] Built target nodelet_generate_messages_nodejs
Scanning dependencies of target jsk_recognition_msgs_generate_messages_py
[  0%] Built target jsk_recognition_msgs_generate_messages_py
Scanning dependencies of target sensor_msgs_generate_messages_lisp
[  0%] Built target sensor_msgs_generate_messages_lisp
Scanning dependencies of target std_msgs_generate_messages_cpp
[  0%] Built target std_msgs_generate_messages_cpp
Scanning dependencies of target jsk_footstep_msgs_generate_messages_py
[  0%] Built target jsk_footstep_msgs_generate_messages_py
Scanning dependencies of target sensor_msgs_generate_messages_py
[  0%] Built target sensor_msgs_generate_messages_py
Scanning dependencies of target nodelet_generate_messages_py
[  0%] Built target nodelet_generate_messages_py
Scanning dependencies of target geometry_msgs_generate_messages_eus
[  0%] Built target geometry_msgs_generate_messages_eus
Scanning dependencies of target std_msgs_generate_messages_lisp
[  0%] Built target std_msgs_generate_messages_lisp
Scanning dependencies of target roscpp_generate_messages_nodejs
[  0%] Built target roscpp_generate_messages_nodejs
Scanning dependencies of target geometry_msgs_generate_messages_nodejs
[  0%] Built target geometry_msgs_generate_messages_nodejs
Scanning dependencies of target actionlib_generate_messages_eus
[  0%] Built target actionlib_generate_messages_eus
Scanning dependencies of target pcl_msgs_generate_messages_py
[  0%] Built target pcl_msgs_generate_messages_py
Scanning dependencies of target geometry_msgs_generate_messages_lisp
[  0%] Built target geometry_msgs_generate_messages_lisp
Scanning dependencies of target actionlib_generate_messages_lisp
[  0%] Built target actionlib_generate_messages_lisp
Scanning dependencies of target geometry_msgs_generate_messages_cpp
[  0%] Built target geometry_msgs_generate_messages_cpp
Scanning dependencies of target pcl_msgs_generate_messages_cpp
[  0%] Built target pcl_msgs_generate_messages_cpp
Scanning dependencies of target dynamic_reconfigure_generate_messages_lisp
[  0%] Built target dynamic_reconfigure_generate_messages_lisp
Scanning dependencies of target topic_tools_generate_messages_lisp
[  0%] Built target topic_tools_generate_messages_lisp
Scanning dependencies of target jsk_recognition_msgs_generate_messages_cpp
[  0%] Built target jsk_recognition_msgs_generate_messages_cpp
Scanning dependencies of target autoware_msgs_generate_messages_eus
[  0%] Built target autoware_msgs_generate_messages_eus
Scanning dependencies of target autoware_msgs_generate_messages_lisp
[  0%] Built target autoware_msgs_generate_messages_lisp
Scanning dependencies of target autoware_msgs_generate_messages_py
[  0%] Built target autoware_msgs_generate_messages_py
Scanning dependencies of target nodelet_generate_messages_lisp
[  0%] Built target nodelet_generate_messages_lisp
Scanning dependencies of target actionlib_generate_messages_nodejs
[  0%] Built target actionlib_generate_messages_nodejs
Scanning dependencies of target tf_generate_messages_cpp
[  0%] Built target tf_generate_messages_cpp
Scanning dependencies of target pcl_msgs_generate_messages_lisp
[  0%] Built target pcl_msgs_generate_messages_lisp
Scanning dependencies of target std_msgs_generate_messages_eus
[  0%] Built target std_msgs_generate_messages_eus
Scanning dependencies of target autoware_msgs_generate_messages_nodejs
[  0%] Built target autoware_msgs_generate_messages_nodejs
Scanning dependencies of target jsk_footstep_msgs_generate_messages_eus
[  0%] Built target jsk_footstep_msgs_generate_messages_eus
Scanning dependencies of target actionlib_msgs_generate_messages_py
[  0%] Built target actionlib_msgs_generate_messages_py
Scanning dependencies of target jsk_footstep_msgs_generate_messages_lisp
[  0%] Built target jsk_footstep_msgs_generate_messages_lisp
Scanning dependencies of target jsk_footstep_msgs_generate_messages_nodejs
[  0%] Built target jsk_footstep_msgs_generate_messages_nodejs
Scanning dependencies of target tf_generate_messages_eus
[  0%] Built target tf_generate_messages_eus
Scanning dependencies of target jsk_footstep_msgs_generate_messages_cpp
[  0%] Built target jsk_footstep_msgs_generate_messages_cpp
Scanning dependencies of target actionlib_msgs_generate_messages_cpp
[  0%] Built target actionlib_msgs_generate_messages_cpp
Scanning dependencies of target std_srvs_generate_messages_cpp
[  0%] Built target std_srvs_generate_messages_cpp
Scanning dependencies of target actionlib_msgs_generate_messages_lisp
[  0%] Built target actionlib_msgs_generate_messages_lisp
Scanning dependencies of target pcl_ros_gencfg
[  0%] Built target pcl_ros_gencfg
Scanning dependencies of target dynamic_reconfigure_generate_messages_eus
[  0%] Built target dynamic_reconfigure_generate_messages_eus
Scanning dependencies of target dynamic_reconfigure_generate_messages_nodejs
[  0%] Built target dynamic_reconfigure_generate_messages_nodejs
Scanning dependencies of target dynamic_reconfigure_generate_messages_py
[  0%] Built target dynamic_reconfigure_generate_messages_py
Scanning dependencies of target tf2_msgs_generate_messages_lisp
[  0%] Built target tf2_msgs_generate_messages_lisp
Scanning dependencies of target dynamic_reconfigure_gencfg
[  0%] Built target dynamic_reconfigure_gencfg
Scanning dependencies of target jsk_recognition_msgs_generate_messages_nodejs
[  0%] Built target jsk_recognition_msgs_generate_messages_nodejs
Scanning dependencies of target std_srvs_generate_messages_eus
[  0%] Built target std_srvs_generate_messages_eus
Scanning dependencies of target roscpp_generate_messages_lisp
[  0%] Built target roscpp_generate_messages_lisp
Scanning dependencies of target bond_generate_messages_eus
[  0%] Built target bond_generate_messages_eus
Scanning dependencies of target roscpp_generate_messages_py
[  0%] Built target roscpp_generate_messages_py
Scanning dependencies of target rosgraph_msgs_generate_messages_lisp
[  0%] Built target rosgraph_msgs_generate_messages_lisp
Scanning dependencies of target rosgraph_msgs_generate_messages_nodejs
[  0%] Built target rosgraph_msgs_generate_messages_nodejs
Scanning dependencies of target roscpp_generate_messages_eus
[  0%] Built target roscpp_generate_messages_eus
Scanning dependencies of target actionlib_msgs_generate_messages_eus
[  0%] Built target actionlib_msgs_generate_messages_eus
Scanning dependencies of target rosgraph_msgs_generate_messages_py
[  0%] Built target rosgraph_msgs_generate_messages_py
Scanning dependencies of target nodelet_generate_messages_cpp
[  0%] Built target nodelet_generate_messages_cpp
Scanning dependencies of target bond_generate_messages_py
[  0%] Built target bond_generate_messages_py
Scanning dependencies of target std_srvs_generate_messages_nodejs
[  0%] Built target std_srvs_generate_messages_nodejs
Scanning dependencies of target nodelet_generate_messages_eus
[  0%] Built target nodelet_generate_messages_eus
Scanning dependencies of target bond_generate_messages_cpp
[  0%] Built target bond_generate_messages_cpp
Scanning dependencies of target bond_generate_messages_nodejs
[  0%] Built target bond_generate_messages_nodejs
Scanning dependencies of target topic_tools_generate_messages_py
[  0%] Built target topic_tools_generate_messages_py
Scanning dependencies of target actionlib_msgs_generate_messages_nodejs
[  0%] Built target actionlib_msgs_generate_messages_nodejs
Scanning dependencies of target nodelet_topic_tools_gencfg
[  0%] Built target nodelet_topic_tools_gencfg
Scanning dependencies of target _catkin_empty_exported_target
[  0%] Built target _catkin_empty_exported_target
Scanning dependencies of target astar_search
[ 33%] Building CXX object CMakeFiles/astar_search.dir/src/astar_search.cpp.o
[ 66%] Building CXX object CMakeFiles/astar_search.dir/src/astar_util.cpp.o
[100%] Linking CXX shared library devel/lib/libastar_search.so
[100%] Built target astar_search
Scanning dependencies of target gtest
[ 10%] Building CXX object gtest/googlemock/gtest/CMakeFiles/gtest.dir/src/gtest-all.cc.o
[ 20%] Linking CXX shared library libgtest.so
[ 20%] Built target gtest
[ 20%] Built target std_srvs_generate_messages_lisp
[ 20%] Built target tf2_msgs_generate_messages_nodejs
[ 20%] Built target tf2_msgs_generate_messages_eus
[ 20%] Built target tf2_msgs_generate_messages_cpp
[ 20%] Built target tf2_msgs_generate_messages_py
[ 20%] Built target actionlib_generate_messages_py
[ 20%] Built target actionlib_generate_messages_cpp
[ 20%] Built target tf_generate_messages_nodejs
[ 20%] Built target tf_generate_messages_lisp
[ 20%] Built target topic_tools_generate_messages_nodejs
[ 20%] Built target topic_tools_generate_messages_eus
[ 20%] Built target topic_tools_generate_messages_cpp
[ 20%] Built target std_srvs_generate_messages_py
[ 20%] Built target geometry_msgs_generate_messages_py
[ 20%] Built target sensor_msgs_generate_messages_nodejs
[ 20%] Built target roscpp_generate_messages_cpp
[ 20%] Built target pcl_msgs_generate_messages_eus
[ 20%] Built target rosgraph_msgs_generate_messages_eus
[ 20%] Built target jsk_recognition_msgs_generate_messages_lisp
[ 20%] Built target jsk_recognition_msgs_generate_messages_eus
[ 20%] Built target std_msgs_generate_messages_py
[ 20%] Built target std_msgs_generate_messages_nodejs
[ 20%] Built target bond_generate_messages_lisp
[ 20%] Built target sensor_msgs_generate_messages_eus
[ 20%] Built target sensor_msgs_generate_messages_cpp
[ 20%] Built target autoware_msgs_generate_messages_cpp
[ 20%] Built target tf_generate_messages_py
[ 20%] Built target dynamic_reconfigure_generate_messages_cpp
[ 20%] Built target rosgraph_msgs_generate_messages_cpp
[ 20%] Built target pcl_msgs_generate_messages_nodejs
[ 20%] Built target nodelet_generate_messages_nodejs
[ 20%] Built target jsk_recognition_msgs_generate_messages_py
[ 20%] Built target sensor_msgs_generate_messages_lisp
[ 20%] Built target std_msgs_generate_messages_cpp
[ 20%] Built target jsk_footstep_msgs_generate_messages_py
[ 20%] Built target sensor_msgs_generate_messages_py
[ 20%] Built target nodelet_generate_messages_py
[ 20%] Built target geometry_msgs_generate_messages_eus
[ 20%] Built target std_msgs_generate_messages_lisp
[ 20%] Built target roscpp_generate_messages_nodejs
[ 20%] Built target geometry_msgs_generate_messages_nodejs
[ 20%] Built target actionlib_generate_messages_eus
[ 20%] Built target pcl_msgs_generate_messages_py
[ 20%] Built target geometry_msgs_generate_messages_lisp
[ 20%] Built target actionlib_generate_messages_lisp
[ 20%] Built target geometry_msgs_generate_messages_cpp
[ 20%] Built target pcl_msgs_generate_messages_cpp
[ 20%] Built target dynamic_reconfigure_generate_messages_lisp
[ 20%] Built target topic_tools_generate_messages_lisp
[ 20%] Built target jsk_recognition_msgs_generate_messages_cpp
[ 20%] Built target autoware_msgs_generate_messages_eus
[ 20%] Built target autoware_msgs_generate_messages_lisp
[ 20%] Built target autoware_msgs_generate_messages_py
[ 20%] Built target nodelet_generate_messages_lisp
[ 20%] Built target actionlib_generate_messages_nodejs
[ 20%] Built target tf_generate_messages_cpp
[ 20%] Built target pcl_msgs_generate_messages_lisp
[ 20%] Built target std_msgs_generate_messages_eus
[ 20%] Built target autoware_msgs_generate_messages_nodejs
[ 20%] Built target jsk_footstep_msgs_generate_messages_eus
[ 20%] Built target actionlib_msgs_generate_messages_py
[ 20%] Built target jsk_footstep_msgs_generate_messages_lisp
[ 20%] Built target jsk_footstep_msgs_generate_messages_nodejs
[ 20%] Built target tf_generate_messages_eus
[ 20%] Built target jsk_footstep_msgs_generate_messages_cpp
[ 20%] Built target actionlib_msgs_generate_messages_cpp
[ 20%] Built target std_srvs_generate_messages_cpp
[ 20%] Built target actionlib_msgs_generate_messages_lisp
[ 20%] Built target pcl_ros_gencfg
[ 20%] Built target dynamic_reconfigure_generate_messages_eus
[ 20%] Built target dynamic_reconfigure_generate_messages_nodejs
[ 20%] Built target dynamic_reconfigure_generate_messages_py
[ 20%] Built target tf2_msgs_generate_messages_lisp
[ 20%] Built target dynamic_reconfigure_gencfg
[ 20%] Built target jsk_recognition_msgs_generate_messages_nodejs
[ 20%] Built target std_srvs_generate_messages_eus
[ 20%] Built target roscpp_generate_messages_lisp
[ 20%] Built target bond_generate_messages_eus
[ 20%] Built target roscpp_generate_messages_py
[ 20%] Built target rosgraph_msgs_generate_messages_lisp
[ 20%] Built target rosgraph_msgs_generate_messages_nodejs
[ 20%] Built target roscpp_generate_messages_eus
[ 20%] Built target actionlib_msgs_generate_messages_eus
[ 20%] Built target rosgraph_msgs_generate_messages_py
[ 20%] Built target nodelet_generate_messages_cpp
[ 20%] Built target bond_generate_messages_py
[ 20%] Built target std_srvs_generate_messages_nodejs
[ 20%] Built target nodelet_generate_messages_eus
[ 20%] Built target bond_generate_messages_cpp
[ 20%] Built target bond_generate_messages_nodejs
[ 20%] Built target topic_tools_generate_messages_py
[ 20%] Built target actionlib_msgs_generate_messages_nodejs
[ 20%] Built target nodelet_topic_tools_gencfg
[ 20%] Built target _catkin_empty_exported_target
[ 50%] Built target astar_search
Scanning dependencies of target astar_search-test
[ 60%] Building CXX object CMakeFiles/astar_search-test.dir/test/src/test_main.cpp.o
[ 70%] Building CXX object CMakeFiles/astar_search-test.dir/test/src/test_astar_util.cpp.o
[ 80%] Building CXX object CMakeFiles/astar_search-test.dir/test/src/test_astar_search.cpp.o
/home/autoware/Autoware/src/autoware/core_planning/astar_search/test/src/test_astar_search.cpp: In member function ‘virtual void TestSuite_checkSetPath_Test::TestBody()’:
/home/autoware/Autoware/src/autoware/core_planning/astar_search/test/src/test_astar_search.cpp:143:25: warning: comparison between signed and unsigned integer expressions [-Wsign-compare]
   for (int row = 0; row < test_obj_.costmap_.info.height; ++row)
                     ~~~~^~~~~~~~~~~~~~~~~~~~~~~~~~~~~~~~
/home/autoware/Autoware/src/autoware/core_planning/astar_search/test/src/test_astar_search.cpp:145:27: warning: comparison between signed and unsigned integer expressions [-Wsign-compare]
     for (int col = 0; col < test_obj_.costmap_.info.width; ++col)
                       ~~~~^~~~~~~~~~~~~~~~~~~~~~~~~~~~~~~
In file included from /home/autoware/Autoware/src/autoware/core_planning/astar_search/test/src/test_astar_search.cpp:18:0:
/usr/src/googletest/googletest/include/gtest/gtest.h: In instantiation of ‘testing::AssertionResult testing::internal::CmpHelperEQ(const char*, const char*, const T1&, const T2&) [with T1 = int; T2 = unsigned int]’:
/usr/src/googletest/googletest/include/gtest/gtest.h:1421:23:   required from ‘static testing::AssertionResult testing::internal::EqHelper<lhs_is_null_literal>::Compare(const char*, const char*, const T1&, const T2&) [with T1 = int; T2 = unsigned int; bool lhs_is_null_literal = false]’
/home/autoware/Autoware/src/autoware/core_planning/astar_search/test/src/test_astar_search.cpp:30:3:   required from here
/usr/src/googletest/googletest/include/gtest/gtest.h:1392:11: warning: comparison between signed and unsigned integer expressions [-Wsign-compare]
   if (lhs == rhs) {
       ~~~~^~~~~~
[ 90%] Building CXX object CMakeFiles/astar_search-test.dir/test/src/test_class.cpp.o
/home/autoware/Autoware/src/autoware/core_planning/astar_search/test/src/test_class.cpp: In constructor ‘TestClass::TestClass()’:
/home/autoware/Autoware/src/autoware/core_planning/astar_search/test/src/test_class.cpp:54:25: warning: comparison between signed and unsigned integer expressions [-Wsign-compare]
   for (int idx = 0; idx < costmap_.info.width*costmap_.info.height; ++idx)
                     ~~~~^~~~~~~~~~~~~~~~~~~~~~~~~~~~~~~~~~~~~~~~~~
/home/autoware/Autoware/src/autoware/core_planning/astar_search/test/src/test_class.cpp:60:25: warning: comparison between signed and unsigned integer expressions [-Wsign-compare]
   for (int row = 0; row < costmap_.info.height; ++row)
                     ~~~~^~~~~~~~~~~~~~~~~~~~~~
/home/autoware/Autoware/src/autoware/core_planning/astar_search/test/src/test_class.cpp:62:27: warning: comparison between signed and unsigned integer expressions [-Wsign-compare]
     for (int col = 0; col < costmap_.info.width; ++col)
                       ~~~~^~~~~~~~~~~~~~~~~~~~~
[100%] Linking CXX executable devel/lib/astar_search/astar_search-test
[100%] Built target astar_search-test
Scanning dependencies of target tests
[100%] Built target tests
[  0%] Built target std_srvs_generate_messages_lisp
[  0%] Built target tf2_msgs_generate_messages_nodejs
[  0%] Built target tf2_msgs_generate_messages_eus
[  0%] Built target tf2_msgs_generate_messages_cpp
[  0%] Built target tf2_msgs_generate_messages_py
[  0%] Built target actionlib_generate_messages_py
[  0%] Built target actionlib_generate_messages_cpp
[  0%] Built target tf_generate_messages_nodejs
[  0%] Built target tf_generate_messages_lisp
[  0%] Built target topic_tools_generate_messages_nodejs
[  0%] Built target topic_tools_generate_messages_eus
[  0%] Built target topic_tools_generate_messages_cpp
[  0%] Built target std_srvs_generate_messages_py
[  0%] Built target geometry_msgs_generate_messages_py
[  0%] Built target sensor_msgs_generate_messages_nodejs
[  0%] Built target roscpp_generate_messages_cpp
[  0%] Built target pcl_msgs_generate_messages_eus
[  0%] Built target rosgraph_msgs_generate_messages_eus
[  0%] Built target jsk_recognition_msgs_generate_messages_lisp
[  0%] Built target jsk_recognition_msgs_generate_messages_eus
[  0%] Built target std_msgs_generate_messages_py
[  0%] Built target std_msgs_generate_messages_nodejs
[  0%] Built target bond_generate_messages_lisp
[  0%] Built target sensor_msgs_generate_messages_eus
[  0%] Built target sensor_msgs_generate_messages_cpp
[  0%] Built target autoware_msgs_generate_messages_cpp
[  0%] Built target tf_generate_messages_py
[  0%] Built target dynamic_reconfigure_generate_messages_cpp
[  0%] Built target rosgraph_msgs_generate_messages_cpp
[  0%] Built target pcl_msgs_generate_messages_nodejs
[  0%] Built target nodelet_generate_messages_nodejs
[  0%] Built target jsk_recognition_msgs_generate_messages_py
[  0%] Built target sensor_msgs_generate_messages_lisp
[  0%] Built target std_msgs_generate_messages_cpp
[  0%] Built target jsk_footstep_msgs_generate_messages_py
[  0%] Built target sensor_msgs_generate_messages_py
[  0%] Built target nodelet_generate_messages_py
[  0%] Built target geometry_msgs_generate_messages_eus
[  0%] Built target std_msgs_generate_messages_lisp
[  0%] Built target roscpp_generate_messages_nodejs
[  0%] Built target geometry_msgs_generate_messages_nodejs
[  0%] Built target actionlib_generate_messages_eus
[  0%] Built target pcl_msgs_generate_messages_py
[  0%] Built target geometry_msgs_generate_messages_lisp
[  0%] Built target actionlib_generate_messages_lisp
[  0%] Built target geometry_msgs_generate_messages_cpp
[  0%] Built target pcl_msgs_generate_messages_cpp
[  0%] Built target dynamic_reconfigure_generate_messages_lisp
[  0%] Built target topic_tools_generate_messages_lisp
[  0%] Built target jsk_recognition_msgs_generate_messages_cpp
[  0%] Built target autoware_msgs_generate_messages_eus
[  0%] Built target autoware_msgs_generate_messages_lisp
[  0%] Built target autoware_msgs_generate_messages_py
[  0%] Built target nodelet_generate_messages_lisp
[  0%] Built target actionlib_generate_messages_nodejs
[  0%] Built target tf_generate_messages_cpp
[  0%] Built target pcl_msgs_generate_messages_lisp
[  0%] Built target std_msgs_generate_messages_eus
[  0%] Built target autoware_msgs_generate_messages_nodejs
[  0%] Built target jsk_footstep_msgs_generate_messages_eus
[  0%] Built target actionlib_msgs_generate_messages_py
[  0%] Built target jsk_footstep_msgs_generate_messages_lisp
[  0%] Built target jsk_footstep_msgs_generate_messages_nodejs
[  0%] Built target tf_generate_messages_eus
[  0%] Built target jsk_footstep_msgs_generate_messages_cpp
[  0%] Built target actionlib_msgs_generate_messages_cpp
[  0%] Built target std_srvs_generate_messages_cpp
[  0%] Built target actionlib_msgs_generate_messages_lisp
[  0%] Built target pcl_ros_gencfg
[  0%] Built target dynamic_reconfigure_generate_messages_eus
[  0%] Built target dynamic_reconfigure_generate_messages_nodejs
[  0%] Built target dynamic_reconfigure_generate_messages_py
[  0%] Built target tf2_msgs_generate_messages_lisp
[  0%] Built target dynamic_reconfigure_gencfg
[  0%] Built target jsk_recognition_msgs_generate_messages_nodejs
[  0%] Built target std_srvs_generate_messages_eus
[  0%] Built target roscpp_generate_messages_lisp
[  0%] Built target bond_generate_messages_eus
[  0%] Built target roscpp_generate_messages_py
[  0%] Built target rosgraph_msgs_generate_messages_lisp
[  0%] Built target rosgraph_msgs_generate_messages_nodejs
[  0%] Built target roscpp_generate_messages_eus
[  0%] Built target actionlib_msgs_generate_messages_eus
[  0%] Built target rosgraph_msgs_generate_messages_py
[  0%] Built target nodelet_generate_messages_cpp
[  0%] Built target bond_generate_messages_py
[  0%] Built target std_srvs_generate_messages_nodejs
[  0%] Built target nodelet_generate_messages_eus
[  0%] Built target bond_generate_messages_cpp
[  0%] Built target bond_generate_messages_nodejs
[  0%] Built target topic_tools_generate_messages_py
[  0%] Built target actionlib_msgs_generate_messages_nodejs
[  0%] Built target nodelet_topic_tools_gencfg
[  0%] Built target _catkin_empty_exported_target
[100%] Built target astar_search
Install the project...
-- Install configuration: "Release"
-- Installing: /home/autoware/Autoware/install/astar_search/lib/pkgconfig/astar_search.pc
-- Installing: /home/autoware/Autoware/install/astar_search/share/astar_search/cmake/astar_searchConfig.cmake
-- Installing: /home/autoware/Autoware/install/astar_search/share/astar_search/cmake/astar_searchConfig-version.cmake
-- Installing: /home/autoware/Autoware/install/astar_search/share/astar_search/package.xml
-- Installing: /home/autoware/Autoware/install/astar_search/include/astar_search
-- Installing: /home/autoware/Autoware/install/astar_search/include/astar_search/astar_util.h
-- Installing: /home/autoware/Autoware/install/astar_search/include/astar_search/astar_search.h
-- Installing: /home/autoware/Autoware/install/astar_search/lib/libastar_search.so
-- Set runtime path of "/home/autoware/Autoware/install/astar_search/lib/libastar_search.so" to ""
