[0.014s] Invoking command in '/home/autoware/Autoware/build/fastvirtualscan': CMAKE_PREFIX_PATH=/home/autoware/Autoware/install/autoware_build_flags:${CMAKE_PREFIX_PATH} PKG_CONFIG_PATH=/home/autoware/Autoware/install/autoware_build_flags/lib/x86_64-linux-gnu/pkgconfig:/home/autoware/Autoware/install/autoware_build_flags/lib/pkgconfig:${PKG_CONFIG_PATH} ROS_PACKAGE_PATH=/home/autoware/Autoware/install/autoware_build_flags/share:${ROS_PACKAGE_PATH} /usr/bin/cmake /home/autoware/Autoware/src/autoware/visualization/fastvirtualscan -DCMAKE_BUILD_TYPE=Release -DCATKIN_INSTALL_INTO_PREFIX_ROOT=0 -DCMAKE_INSTALL_PREFIX=/home/autoware/Autoware/install/fastvirtualscan
[0.126s] -- The C compiler identification is GNU 7.5.0
[0.200s] -- The CXX compiler identification is GNU 7.5.0
[0.206s] -- Check for working C compiler: /usr/bin/cc
[0.299s] -- Check for working C compiler: /usr/bin/cc -- works
[0.300s] -- Detecting C compiler ABI info
[0.389s] -- Detecting C compiler ABI info - done
[0.400s] -- Detecting C compile features
[0.661s] -- Detecting C compile features - done
[0.667s] -- Check for working CXX compiler: /usr/bin/c++
[0.761s] -- Check for working CXX compiler: /usr/bin/c++ -- works
[0.765s] -- Detecting CXX compiler ABI info
[0.861s] -- Detecting CXX compiler ABI info - done
[0.867s] -- Detecting CXX compile features
[1.303s] -- Detecting CXX compile features - done
[1.306s] -- CUDA compilation status: ON.
[1.308s] -- Using CATKIN_DEVEL_PREFIX: /home/autoware/Autoware/build/fastvirtualscan/devel
[1.308s] -- Using CMAKE_PREFIX_PATH: /home/autoware/Autoware/install/autoware_build_flags;/opt/ros/melodic
[1.309s] -- This workspace overlays: /home/autoware/Autoware/install/autoware_build_flags;/opt/ros/melodic
[1.332s] -- Found PythonInterp: /usr/bin/python2 (found suitable version "2.7.17", minimum required is "2") 
[1.332s] -- Using PYTHON_EXECUTABLE: /usr/bin/python2
[1.332s] -- Using Debian Python package layout
[1.332s] -- Using empy: /usr/bin/empy
[1.515s] -- Using CATKIN_ENABLE_TESTING: ON
[1.515s] -- Call enable_testing()
[1.521s] -- Using CATKIN_TEST_RESULTS_DIR: /home/autoware/Autoware/build/fastvirtualscan/test_results
[1.549s] -- Found gtest sources under '/usr/src/googletest': gtests will be built
[1.550s] -- Found gmock sources under '/usr/src/googletest': gmock will be built
[1.569s] -- Found PythonInterp: /usr/bin/python2 (found version "2.7.17") 
[1.569s] -- Looking for pthread.h
[1.665s] -- Looking for pthread.h - found
[1.665s] -- Looking for pthread_create
[1.752s] -- Looking for pthread_create - not found
[1.752s] -- Looking for pthread_create in pthreads
[1.827s] -- Looking for pthread_create in pthreads - not found
[1.827s] -- Looking for pthread_create in pthread
[1.929s] -- Looking for pthread_create in pthread - found
[1.930s] -- Found Threads: TRUE  
[1.935s] -- Using Python nosetests: /usr/bin/nosetests-2.7
[1.984s] -- catkin 0.7.26
[1.984s] -- BUILD_SHARED_LIBS is on
[2.394s] -- Configuring done
[2.421s] -- Generating done
[2.426s] -- Build files have been written to: /home/autoware/Autoware/build/fastvirtualscan
[2.430s] Invoked command in '/home/autoware/Autoware/build/fastvirtualscan' returned '0': CMAKE_PREFIX_PATH=/home/autoware/Autoware/install/autoware_build_flags:${CMAKE_PREFIX_PATH} PKG_CONFIG_PATH=/home/autoware/Autoware/install/autoware_build_flags/lib/x86_64-linux-gnu/pkgconfig:/home/autoware/Autoware/install/autoware_build_flags/lib/pkgconfig:${PKG_CONFIG_PATH} ROS_PACKAGE_PATH=/home/autoware/Autoware/install/autoware_build_flags/share:${ROS_PACKAGE_PATH} /usr/bin/cmake /home/autoware/Autoware/src/autoware/visualization/fastvirtualscan -DCMAKE_BUILD_TYPE=Release -DCATKIN_INSTALL_INTO_PREFIX_ROOT=0 -DCMAKE_INSTALL_PREFIX=/home/autoware/Autoware/install/fastvirtualscan
[2.434s] Invoking command in '/home/autoware/Autoware/build/fastvirtualscan': CMAKE_PREFIX_PATH=/home/autoware/Autoware/install/autoware_build_flags:${CMAKE_PREFIX_PATH} PKG_CONFIG_PATH=/home/autoware/Autoware/install/autoware_build_flags/lib/x86_64-linux-gnu/pkgconfig:/home/autoware/Autoware/install/autoware_build_flags/lib/pkgconfig:${PKG_CONFIG_PATH} ROS_PACKAGE_PATH=/home/autoware/Autoware/install/autoware_build_flags/share:${ROS_PACKAGE_PATH} /usr/bin/cmake --build /home/autoware/Autoware/build/fastvirtualscan -- -j2 -l2
[2.523s] Scanning dependencies of target fastvirtualscan
[2.544s] [ 50%] Building CXX object CMakeFiles/fastvirtualscan.dir/FastVirtualScan/fastvirtualscan.cpp.o
[4.784s] [100%] Linking CXX shared library devel/lib/libfastvirtualscan.so
[4.943s] [100%] Built target fastvirtualscan
[4.958s] Invoked command in '/home/autoware/Autoware/build/fastvirtualscan' returned '0': CMAKE_PREFIX_PATH=/home/autoware/Autoware/install/autoware_build_flags:${CMAKE_PREFIX_PATH} PKG_CONFIG_PATH=/home/autoware/Autoware/install/autoware_build_flags/lib/x86_64-linux-gnu/pkgconfig:/home/autoware/Autoware/install/autoware_build_flags/lib/pkgconfig:${PKG_CONFIG_PATH} ROS_PACKAGE_PATH=/home/autoware/Autoware/install/autoware_build_flags/share:${ROS_PACKAGE_PATH} /usr/bin/cmake --build /home/autoware/Autoware/build/fastvirtualscan -- -j2 -l2
[5.027s] Invoking command in '/home/autoware/Autoware/build/fastvirtualscan': CMAKE_PREFIX_PATH=/home/autoware/Autoware/install/autoware_build_flags:${CMAKE_PREFIX_PATH} PKG_CONFIG_PATH=/home/autoware/Autoware/install/autoware_build_flags/lib/x86_64-linux-gnu/pkgconfig:/home/autoware/Autoware/install/autoware_build_flags/lib/pkgconfig:${PKG_CONFIG_PATH} ROS_PACKAGE_PATH=/home/autoware/Autoware/install/autoware_build_flags/share:${ROS_PACKAGE_PATH} /usr/bin/cmake --build /home/autoware/Autoware/build/fastvirtualscan --target tests -- -j2 -l2
[5.095s] Scanning dependencies of target tests
[5.107s] Built target tests
[5.123s] Invoked command in '/home/autoware/Autoware/build/fastvirtualscan' returned '0': CMAKE_PREFIX_PATH=/home/autoware/Autoware/install/autoware_build_flags:${CMAKE_PREFIX_PATH} PKG_CONFIG_PATH=/home/autoware/Autoware/install/autoware_build_flags/lib/x86_64-linux-gnu/pkgconfig:/home/autoware/Autoware/install/autoware_build_flags/lib/pkgconfig:${PKG_CONFIG_PATH} ROS_PACKAGE_PATH=/home/autoware/Autoware/install/autoware_build_flags/share:${ROS_PACKAGE_PATH} /usr/bin/cmake --build /home/autoware/Autoware/build/fastvirtualscan --target tests -- -j2 -l2
[5.191s] Invoking command in '/home/autoware/Autoware/build/fastvirtualscan': CMAKE_PREFIX_PATH=/home/autoware/Autoware/install/autoware_build_flags:${CMAKE_PREFIX_PATH} PKG_CONFIG_PATH=/home/autoware/Autoware/install/autoware_build_flags/lib/x86_64-linux-gnu/pkgconfig:/home/autoware/Autoware/install/autoware_build_flags/lib/pkgconfig:${PKG_CONFIG_PATH} ROS_PACKAGE_PATH=/home/autoware/Autoware/install/autoware_build_flags/share:${ROS_PACKAGE_PATH} /usr/bin/cmake --build /home/autoware/Autoware/build/fastvirtualscan --target install -- -j2 -l2
[5.260s] [100%] Built target fastvirtualscan
[5.283s] Install the project...
[5.293s] -- Install configuration: "Release"
[5.293s] -- Installing: /home/autoware/Autoware/install/fastvirtualscan/lib/pkgconfig/fastvirtualscan.pc
[5.293s] -- Installing: /home/autoware/Autoware/install/fastvirtualscan/share/fastvirtualscan/cmake/fastvirtualscanConfig.cmake
[5.294s] -- Installing: /home/autoware/Autoware/install/fastvirtualscan/share/fastvirtualscan/cmake/fastvirtualscanConfig-version.cmake
[5.294s] -- Installing: /home/autoware/Autoware/install/fastvirtualscan/share/fastvirtualscan/package.xml
[5.294s] -- Installing: /home/autoware/Autoware/install/fastvirtualscan/include/fastvirtualscan
[5.294s] -- Installing: /home/autoware/Autoware/install/fastvirtualscan/include/fastvirtualscan/fastvirtualscan.h
[5.295s] -- Installing: /home/autoware/Autoware/install/fastvirtualscan/lib/libfastvirtualscan.so
[5.296s] -- Set runtime path of "/home/autoware/Autoware/install/fastvirtualscan/lib/libfastvirtualscan.so" to ""
[5.309s] Invoked command in '/home/autoware/Autoware/build/fastvirtualscan' returned '0': CMAKE_PREFIX_PATH=/home/autoware/Autoware/install/autoware_build_flags:${CMAKE_PREFIX_PATH} PKG_CONFIG_PATH=/home/autoware/Autoware/install/autoware_build_flags/lib/x86_64-linux-gnu/pkgconfig:/home/autoware/Autoware/install/autoware_build_flags/lib/pkgconfig:${PKG_CONFIG_PATH} ROS_PACKAGE_PATH=/home/autoware/Autoware/install/autoware_build_flags/share:${ROS_PACKAGE_PATH} /usr/bin/cmake --build /home/autoware/Autoware/build/fastvirtualscan --target install -- -j2 -l2
