** WARNING ** io features related to ensenso will be disabled
** WARNING ** io features related to davidSDK will be disabled
** WARNING ** io features related to dssdk will be disabled
** WARNING ** io features related to pcap will be disabled
** WARNING ** io features related to png will be disabled
** WARNING ** io features related to libusb-1.0 will be disabled
** WARNING ** visualization features related to ensenso will be disabled
** WARNING ** visualization features related to davidSDK will be disabled
** WARNING ** visualization features related to dssdk will be disabled
** WARNING ** visualization features related to rssdk will be disabled
In file included from /usr/include/pcl-1.8/pcl/sample_consensus/sac_model.h:52:0,
                 from /usr/include/pcl-1.8/pcl/sample_consensus/sac.h:45,
                 from /usr/include/pcl-1.8/pcl/sample_consensus/ransac.h:44,
                 from /usr/include/pcl-1.8/pcl/registration/icp.h:45,
                 from /home/autoware/Autoware/src/autoware/core_perception/lidar_localizer/nodes/icp_matching/icp_matching.cpp:49:
/usr/include/pcl-1.8/pcl/sample_consensus/model_types.h: In function ‘void __static_initialization_and_destruction_0(int, int)’:
/usr/include/pcl-1.8/pcl/sample_consensus/model_types.h:99:3: warning: ‘pcl::SAC_SAMPLE_SIZE’ is deprecated: This map is deprecated and is kept only to prevent breaking existing user code. Starting from PCL 1.8.0 model sample size is a protected member of the SampleConsensusModel class [-Wdeprecated-declarations]
   SAC_SAMPLE_SIZE (sample_size_pairs, sample_size_pairs + sizeof (sample_size_pairs) / sizeof (SampleSizeModel));
   ^~~~~~~~~~~~~~~
/usr/include/pcl-1.8/pcl/sample_consensus/model_types.h:99:3: note: declared here
