-- The C compiler identification is GNU 7.5.0
-- The CXX compiler identification is GNU 7.5.0
-- Check for working C compiler: /usr/bin/cc
-- Check for working C compiler: /usr/bin/cc -- works
-- Detecting C compiler ABI info
-- Detecting C compiler ABI info - done
-- Detecting C compile features
-- Detecting C compile features - done
-- Check for working CXX compiler: /usr/bin/c++
-- Check for working CXX compiler: /usr/bin/c++ -- works
-- Detecting CXX compiler ABI info
-- Detecting CXX compiler ABI info - done
-- Detecting CXX compile features
-- Detecting CXX compile features - done
-- CUDA compilation status: ON.
-- Using CATKIN_DEVEL_PREFIX: /home/autoware/Autoware/build/vector_map_server/devel
-- Using CMAKE_PREFIX_PATH: /home/autoware/Autoware/install/vector_map;/home/autoware/Autoware/install/vector_map_msgs;/home/autoware/Autoware/install/autoware_msgs;/home/autoware/Autoware/install/autoware_build_flags;/opt/ros/melodic
-- This workspace overlays: /home/autoware/Autoware/install/vector_map;/home/autoware/Autoware/install/vector_map_msgs;/home/autoware/Autoware/install/autoware_msgs;/home/autoware/Autoware/install/autoware_build_flags;/opt/ros/melodic
-- Found PythonInterp: /usr/bin/python2 (found suitable version "2.7.17", minimum required is "2") 
-- Using PYTHON_EXECUTABLE: /usr/bin/python2
-- Using Debian Python package layout
-- Using empy: /usr/bin/empy
-- Using CATKIN_ENABLE_TESTING: ON
-- Call enable_testing()
-- Using CATKIN_TEST_RESULTS_DIR: /home/autoware/Autoware/build/vector_map_server/test_results
-- Found gtest sources under '/usr/src/googletest': gtests will be built
-- Found gmock sources under '/usr/src/googletest': gmock will be built
-- Found PythonInterp: /usr/bin/python2 (found version "2.7.17") 
-- Looking for pthread.h
-- Looking for pthread.h - found
-- Looking for pthread_create
-- Looking for pthread_create - not found
-- Looking for pthread_create in pthreads
-- Looking for pthread_create in pthreads - not found
-- Looking for pthread_create in pthread
-- Looking for pthread_create in pthread - found
-- Found Threads: TRUE  
-- Using Python nosetests: /usr/bin/nosetests-2.7
-- catkin 0.7.26
-- BUILD_SHARED_LIBS is on
-- Using these message generators: gencpp;geneus;genlisp;gennodejs;genpy
-- vector_map_server: 0 messages, 27 services
-- Configuring done
-- Generating done
-- Build files have been written to: /home/autoware/Autoware/build/vector_map_server
Scanning dependencies of target vector_map_msgs_generate_messages_eus
[  0%] Built target vector_map_msgs_generate_messages_eus
Scanning dependencies of target _vector_map_server_generate_messages_check_deps_GetCurb
[  0%] Built target _vector_map_server_generate_messages_check_deps_GetCurb
Scanning dependencies of target _vector_map_server_generate_messages_check_deps_GetWall
[  0%] Built target _vector_map_server_generate_messages_check_deps_GetWall
Scanning dependencies of target _vector_map_server_generate_messages_check_deps_PositionState
[  0%] Built target _vector_map_server_generate_messages_check_deps_PositionState
Scanning dependencies of target _vector_map_server_generate_messages_check_deps_GetFence
[  0%] Built target _vector_map_server_generate_messages_check_deps_GetFence
Scanning dependencies of target _vector_map_server_generate_messages_check_deps_GetGuardRail
[  0%] Built target _vector_map_server_generate_messages_check_deps_GetGuardRail
Scanning dependencies of target _vector_map_server_generate_messages_check_deps_GetRoadPole
[  0%] Built target _vector_map_server_generate_messages_check_deps_GetRoadPole
Scanning dependencies of target _vector_map_server_generate_messages_check_deps_GetDriveOnPortion
[  0%] Built target _vector_map_server_generate_messages_check_deps_GetDriveOnPortion
Scanning dependencies of target _vector_map_server_generate_messages_check_deps_GetZebraZone
[  0%] Built target _vector_map_server_generate_messages_check_deps_GetZebraZone
Scanning dependencies of target _vector_map_server_generate_messages_check_deps_GetLane
[  0%] Built target _vector_map_server_generate_messages_check_deps_GetLane
Scanning dependencies of target _vector_map_server_generate_messages_check_deps_GetSignal
[  0%] Built target _vector_map_server_generate_messages_check_deps_GetSignal
Scanning dependencies of target _vector_map_server_generate_messages_check_deps_GetCrossWalk
[  0%] Built target _vector_map_server_generate_messages_check_deps_GetCrossWalk
Scanning dependencies of target _vector_map_server_generate_messages_check_deps_GetGutter
[  0%] Built target _vector_map_server_generate_messages_check_deps_GetGutter
Scanning dependencies of target _vector_map_server_generate_messages_check_deps_GetWhiteLine
[  0%] Built target _vector_map_server_generate_messages_check_deps_GetWhiteLine
Scanning dependencies of target _vector_map_server_generate_messages_check_deps_GetDTLane
[  0%] Built target _vector_map_server_generate_messages_check_deps_GetDTLane
Scanning dependencies of target _vector_map_server_generate_messages_check_deps_GetRoadSign
[  0%] Built target _vector_map_server_generate_messages_check_deps_GetRoadSign
Scanning dependencies of target _vector_map_server_generate_messages_check_deps_GetUtilityPole
[  0%] Built target _vector_map_server_generate_messages_check_deps_GetUtilityPole
Scanning dependencies of target _vector_map_server_generate_messages_check_deps_GetStopLine
[  0%] Built target _vector_map_server_generate_messages_check_deps_GetStopLine
Scanning dependencies of target vector_map_msgs_generate_messages_nodejs
[  0%] Built target vector_map_msgs_generate_messages_nodejs
Scanning dependencies of target _vector_map_server_generate_messages_check_deps_GetSideWalk
[  0%] Built target _vector_map_server_generate_messages_check_deps_GetSideWalk
Scanning dependencies of target _vector_map_server_generate_messages_check_deps_GetRoadEdge
[  0%] Built target _vector_map_server_generate_messages_check_deps_GetRoadEdge
Scanning dependencies of target _vector_map_server_generate_messages_check_deps_GetCurveMirror
[  0%] Built target _vector_map_server_generate_messages_check_deps_GetCurveMirror
Scanning dependencies of target _vector_map_server_generate_messages_check_deps_GetSideStrip
[  0%] Built target _vector_map_server_generate_messages_check_deps_GetSideStrip
Scanning dependencies of target _vector_map_server_generate_messages_check_deps_GetWayArea
[  0%] Built target _vector_map_server_generate_messages_check_deps_GetWayArea
Scanning dependencies of target _vector_map_server_generate_messages_check_deps_GetRailCrossing
[  0%] Built target _vector_map_server_generate_messages_check_deps_GetRailCrossing
Scanning dependencies of target geometry_msgs_generate_messages_nodejs
[  0%] Built target geometry_msgs_generate_messages_nodejs
Scanning dependencies of target _vector_map_server_generate_messages_check_deps_GetRoadMark
[  0%] Built target _vector_map_server_generate_messages_check_deps_GetRoadMark
Scanning dependencies of target _vector_map_server_generate_messages_check_deps_GetNode
[  0%] Built target _vector_map_server_generate_messages_check_deps_GetNode
Scanning dependencies of target autoware_msgs_generate_messages_nodejs
[  0%] Built target autoware_msgs_generate_messages_nodejs
Scanning dependencies of target _vector_map_server_generate_messages_check_deps_GetStreetLight
[  0%] Built target _vector_map_server_generate_messages_check_deps_GetStreetLight
Scanning dependencies of target _vector_map_server_generate_messages_check_deps_GetCrossRoad
[  0%] Built target _vector_map_server_generate_messages_check_deps_GetCrossRoad
Scanning dependencies of target vector_map_msgs_generate_messages_py
[  0%] Built target vector_map_msgs_generate_messages_py
Scanning dependencies of target vector_map_msgs_generate_messages_lisp
[  0%] Built target vector_map_msgs_generate_messages_lisp
Scanning dependencies of target geometry_msgs_generate_messages_py
[  0%] Built target geometry_msgs_generate_messages_py
Scanning dependencies of target sensor_msgs_generate_messages_nodejs
[  0%] Built target sensor_msgs_generate_messages_nodejs
Scanning dependencies of target geometry_msgs_generate_messages_eus
[  0%] Built target geometry_msgs_generate_messages_eus
Scanning dependencies of target autoware_msgs_generate_messages_eus
[  0%] Built target autoware_msgs_generate_messages_eus
Scanning dependencies of target roscpp_generate_messages_cpp
[  0%] Built target roscpp_generate_messages_cpp
Scanning dependencies of target actionlib_generate_messages_cpp
[  0%] Built target actionlib_generate_messages_cpp
Scanning dependencies of target pcl_msgs_generate_messages_eus
[  0%] Built target pcl_msgs_generate_messages_eus
Scanning dependencies of target rosgraph_msgs_generate_messages_eus
[  0%] Built target rosgraph_msgs_generate_messages_eus
Scanning dependencies of target jsk_recognition_msgs_generate_messages_lisp
[  0%] Built target jsk_recognition_msgs_generate_messages_lisp
Scanning dependencies of target jsk_recognition_msgs_generate_messages_eus
[  0%] Built target jsk_recognition_msgs_generate_messages_eus
Scanning dependencies of target tf2_msgs_generate_messages_cpp
[  0%] Built target tf2_msgs_generate_messages_cpp
Scanning dependencies of target std_msgs_generate_messages_py
[  0%] Built target std_msgs_generate_messages_py
Scanning dependencies of target autoware_msgs_generate_messages_py
[  0%] Built target autoware_msgs_generate_messages_py
Scanning dependencies of target std_msgs_generate_messages_nodejs
[  0%] Built target std_msgs_generate_messages_nodejs
Scanning dependencies of target sensor_msgs_generate_messages_eus
[  0%] Built target sensor_msgs_generate_messages_eus
Scanning dependencies of target _catkin_empty_exported_target
[  0%] Built target _catkin_empty_exported_target
Scanning dependencies of target sensor_msgs_generate_messages_cpp
[  0%] Built target sensor_msgs_generate_messages_cpp
Scanning dependencies of target autoware_msgs_generate_messages_cpp
[  0%] Built target autoware_msgs_generate_messages_cpp
Scanning dependencies of target rosgraph_msgs_generate_messages_cpp
[  0%] Built target rosgraph_msgs_generate_messages_cpp
Scanning dependencies of target pcl_msgs_generate_messages_nodejs
[  0%] Built target pcl_msgs_generate_messages_nodejs
Scanning dependencies of target jsk_recognition_msgs_generate_messages_py
[  0%] Built target jsk_recognition_msgs_generate_messages_py
Scanning dependencies of target sensor_msgs_generate_messages_lisp
[  0%] Built target sensor_msgs_generate_messages_lisp
Scanning dependencies of target sensor_msgs_generate_messages_py
[  0%] Built target sensor_msgs_generate_messages_py
Scanning dependencies of target tf_generate_messages_py
[  0%] Built target tf_generate_messages_py
Scanning dependencies of target std_msgs_generate_messages_cpp
[  0%] Built target std_msgs_generate_messages_cpp
Scanning dependencies of target jsk_footstep_msgs_generate_messages_py
[  0%] Built target jsk_footstep_msgs_generate_messages_py
Scanning dependencies of target visualization_msgs_generate_messages_nodejs
[  0%] Built target visualization_msgs_generate_messages_nodejs
Scanning dependencies of target actionlib_msgs_generate_messages_nodejs
[  0%] Built target actionlib_msgs_generate_messages_nodejs
Scanning dependencies of target std_msgs_generate_messages_lisp
[  0%] Built target std_msgs_generate_messages_lisp
Scanning dependencies of target roscpp_generate_messages_nodejs
[  0%] Built target roscpp_generate_messages_nodejs
Scanning dependencies of target geometry_msgs_generate_messages_lisp
[  0%] Built target geometry_msgs_generate_messages_lisp
Scanning dependencies of target pcl_msgs_generate_messages_cpp
[  0%] Built target pcl_msgs_generate_messages_cpp
Scanning dependencies of target jsk_recognition_msgs_generate_messages_cpp
[  0%] Built target jsk_recognition_msgs_generate_messages_cpp
Scanning dependencies of target autoware_msgs_generate_messages_lisp
[  0%] Built target autoware_msgs_generate_messages_lisp
Scanning dependencies of target visualization_msgs_generate_messages_lisp
[  0%] Built target visualization_msgs_generate_messages_lisp
Scanning dependencies of target std_msgs_generate_messages_eus
[  0%] Built target std_msgs_generate_messages_eus
Scanning dependencies of target jsk_footstep_msgs_generate_messages_eus
[  0%] Built target jsk_footstep_msgs_generate_messages_eus
Scanning dependencies of target actionlib_msgs_generate_messages_py
[  0%] Built target actionlib_msgs_generate_messages_py
Scanning dependencies of target vector_map_server_generate_messages_lisp
[  0%] Generating Lisp code from vector_map_server/GetStopLine.srv
[  1%] Generating Lisp code from vector_map_server/GetSideStrip.srv
[  2%] Generating Lisp code from vector_map_server/GetUtilityPole.srv
[  2%] Generating Lisp code from vector_map_server/GetRoadSign.srv
[  3%] Generating Lisp code from vector_map_server/GetCurb.srv
[  4%] Generating Lisp code from vector_map_server/GetWayArea.srv
[  4%] Generating Lisp code from vector_map_server/GetRailCrossing.srv
[  5%] Generating Lisp code from vector_map_server/GetRoadMark.srv
[  5%] Generating Lisp code from vector_map_server/GetStreetLight.srv
[  6%] Generating Lisp code from vector_map_server/GetNode.srv
[  7%] Generating Lisp code from vector_map_server/GetRoadEdge.srv
[  7%] Generating Lisp code from vector_map_server/GetSideWalk.srv
[  8%] Generating Lisp code from vector_map_server/GetDTLane.srv
[  9%] Generating Lisp code from vector_map_server/GetWhiteLine.srv
[  9%] Generating Lisp code from vector_map_server/GetGutter.srv
[ 10%] Generating Lisp code from vector_map_server/GetCrossWalk.srv
[ 11%] Generating Lisp code from vector_map_server/GetLane.srv
[ 11%] Generating Lisp code from vector_map_server/GetZebraZone.srv
Scanning dependencies of target jsk_footstep_msgs_generate_messages_lisp
[ 12%] Generating Lisp code from vector_map_server/GetCurveMirror.srv
[ 12%] Built target jsk_footstep_msgs_generate_messages_lisp
[ 13%] Generating Lisp code from vector_map_server/GetDriveOnPortion.srv
[ 13%] Generating Lisp code from vector_map_server/GetRoadPole.srv
[ 15%] Generating Lisp code from vector_map_server/GetGuardRail.srv
Scanning dependencies of target jsk_footstep_msgs_generate_messages_nodejs
[ 15%] Built target jsk_footstep_msgs_generate_messages_nodejs
[ 16%] Generating Lisp code from vector_map_server/GetSignal.srv
[ 16%] Generating Lisp code from vector_map_server/GetCrossRoad.srv
Scanning dependencies of target actionlib_msgs_generate_messages_lisp
[ 16%] Built target actionlib_msgs_generate_messages_lisp
Scanning dependencies of target jsk_recognition_msgs_generate_messages_nodejs
[ 17%] Generating Lisp code from vector_map_server/GetFence.srv
[ 17%] Built target jsk_recognition_msgs_generate_messages_nodejs
Scanning dependencies of target roscpp_generate_messages_lisp
[ 17%] Built target roscpp_generate_messages_lisp
Scanning dependencies of target roscpp_generate_messages_py
[ 17%] Built target roscpp_generate_messages_py
[ 18%] Generating Lisp code from vector_map_server/PositionState.srv
Scanning dependencies of target rosgraph_msgs_generate_messages_lisp
[ 18%] Built target rosgraph_msgs_generate_messages_lisp
Scanning dependencies of target rosgraph_msgs_generate_messages_nodejs
[ 18%] Generating Lisp code from vector_map_server/GetWall.srv
[ 18%] Built target rosgraph_msgs_generate_messages_nodejs
Scanning dependencies of target vector_map_server_generate_messages_py
[ 19%] Generating Python code from SRV vector_map_server/GetStopLine
[ 19%] Built target vector_map_server_generate_messages_lisp
[ 19%] Generating Python code from SRV vector_map_server/GetSideStrip
Scanning dependencies of target roscpp_generate_messages_eus
[ 19%] Built target roscpp_generate_messages_eus
[ 20%] Generating Python code from SRV vector_map_server/GetUtilityPole
[ 21%] Generating Python code from SRV vector_map_server/GetRoadSign
Scanning dependencies of target actionlib_msgs_generate_messages_eus
[ 21%] Built target actionlib_msgs_generate_messages_eus
Scanning dependencies of target rosgraph_msgs_generate_messages_py
[ 21%] Built target rosgraph_msgs_generate_messages_py
[ 21%] Generating Python code from SRV vector_map_server/GetCurb
Scanning dependencies of target jsk_footstep_msgs_generate_messages_cpp
[ 21%] Built target jsk_footstep_msgs_generate_messages_cpp
Scanning dependencies of target actionlib_msgs_generate_messages_cpp
[ 22%] Generating Python code from SRV vector_map_server/GetWayArea
[ 22%] Built target actionlib_msgs_generate_messages_cpp
Scanning dependencies of target tf_generate_messages_eus
[ 22%] Built target tf_generate_messages_eus
Scanning dependencies of target tf_generate_messages_lisp
[ 22%] Built target tf_generate_messages_lisp
Scanning dependencies of target tf_generate_messages_nodejs
[ 23%] Generating Python code from SRV vector_map_server/GetRailCrossing
[ 23%] Built target tf_generate_messages_nodejs
Scanning dependencies of target pcl_msgs_generate_messages_py
[ 23%] Built target pcl_msgs_generate_messages_py
Scanning dependencies of target actionlib_generate_messages_eus
[ 23%] Built target actionlib_generate_messages_eus
Scanning dependencies of target geometry_msgs_generate_messages_cpp
[ 23%] Built target geometry_msgs_generate_messages_cpp
Scanning dependencies of target actionlib_generate_messages_lisp
[ 23%] Built target actionlib_generate_messages_lisp
Scanning dependencies of target pcl_msgs_generate_messages_lisp
[ 23%] Generating Python code from SRV vector_map_server/GetRoadMark
[ 23%] Built target pcl_msgs_generate_messages_lisp
[ 24%] Generating Python code from SRV vector_map_server/GetStreetLight
Scanning dependencies of target tf_generate_messages_cpp
[ 24%] Built target tf_generate_messages_cpp
[ 25%] Generating Python code from SRV vector_map_server/GetNode
[ 25%] Generating Python code from SRV vector_map_server/GetRoadEdge
Scanning dependencies of target actionlib_generate_messages_nodejs
[ 25%] Built target actionlib_generate_messages_nodejs
Scanning dependencies of target tf2_msgs_generate_messages_lisp
[ 25%] Built target tf2_msgs_generate_messages_lisp
[ 26%] Generating Python code from SRV vector_map_server/GetSideWalk
Scanning dependencies of target actionlib_generate_messages_py
[ 26%] Built target actionlib_generate_messages_py
[ 27%] Generating Python code from SRV vector_map_server/GetDTLane
Scanning dependencies of target tf2_msgs_generate_messages_py
[ 27%] Built target tf2_msgs_generate_messages_py
[ 27%] Generating Python code from SRV vector_map_server/GetWhiteLine
Scanning dependencies of target tf2_msgs_generate_messages_nodejs
[ 27%] Built target tf2_msgs_generate_messages_nodejs
[ 29%] Generating Python code from SRV vector_map_server/GetGutter
[ 30%] Generating Python code from SRV vector_map_server/GetCrossWalk
[ 30%] Generating Python code from SRV vector_map_server/GetLane
[ 31%] Generating Python code from SRV vector_map_server/GetZebraZone
[ 32%] Generating Python code from SRV vector_map_server/GetCurveMirror
[ 32%] Generating Python code from SRV vector_map_server/GetDriveOnPortion
[ 33%] Generating Python code from SRV vector_map_server/GetRoadPole
[ 34%] Generating Python code from SRV vector_map_server/GetGuardRail
[ 34%] Generating Python code from SRV vector_map_server/GetSignal
[ 35%] Generating Python code from SRV vector_map_server/GetCrossRoad
[ 36%] Generating Python code from SRV vector_map_server/GetFence
[ 36%] Generating Python code from SRV vector_map_server/PositionState
[ 37%] Generating Python code from SRV vector_map_server/GetWall
Scanning dependencies of target tf2_msgs_generate_messages_eus
[ 37%] Built target tf2_msgs_generate_messages_eus
Scanning dependencies of target visualization_msgs_generate_messages_cpp
[ 37%] Built target visualization_msgs_generate_messages_cpp
Scanning dependencies of target vector_map_msgs_generate_messages_cpp
[ 37%] Built target vector_map_msgs_generate_messages_cpp
[ 38%] Generating Python srv __init__.py for vector_map_server
Scanning dependencies of target visualization_msgs_generate_messages_eus
[ 38%] Built target visualization_msgs_generate_messages_eus
Scanning dependencies of target visualization_msgs_generate_messages_py
[ 38%] Built target visualization_msgs_generate_messages_py
Scanning dependencies of target vector_map_server_generate_messages_nodejs
[ 38%] Built target vector_map_server_generate_messages_py
Scanning dependencies of target vector_map_server_generate_messages_eus
[ 39%] Generating Javascript code from vector_map_server/GetStopLine.srv
[ 40%] Generating EusLisp code from vector_map_server/GetStopLine.srv
[ 41%] Generating Javascript code from vector_map_server/GetSideStrip.srv
[ 41%] Generating Javascript code from vector_map_server/GetUtilityPole.srv
[ 41%] Generating EusLisp code from vector_map_server/GetSideStrip.srv
[ 43%] Generating Javascript code from vector_map_server/GetRoadSign.srv
[ 44%] Generating EusLisp code from vector_map_server/GetUtilityPole.srv
[ 45%] Generating Javascript code from vector_map_server/GetCurb.srv
[ 46%] Generating EusLisp code from vector_map_server/GetRoadSign.srv
[ 46%] Generating Javascript code from vector_map_server/GetWayArea.srv
[ 47%] Generating Javascript code from vector_map_server/GetRailCrossing.srv
[ 47%] Generating EusLisp code from vector_map_server/GetCurb.srv
[ 48%] Generating Javascript code from vector_map_server/GetRoadMark.srv
[ 49%] Generating EusLisp code from vector_map_server/GetWayArea.srv
[ 49%] Generating Javascript code from vector_map_server/GetStreetLight.srv
[ 50%] Generating EusLisp code from vector_map_server/GetRailCrossing.srv
[ 51%] Generating Javascript code from vector_map_server/GetNode.srv
[ 51%] Generating EusLisp code from vector_map_server/GetRoadMark.srv
[ 52%] Generating Javascript code from vector_map_server/GetRoadEdge.srv
[ 53%] Generating EusLisp code from vector_map_server/GetStreetLight.srv
[ 53%] Generating Javascript code from vector_map_server/GetSideWalk.srv
[ 54%] Generating Javascript code from vector_map_server/GetDTLane.srv
[ 55%] Generating EusLisp code from vector_map_server/GetNode.srv
[ 56%] Generating Javascript code from vector_map_server/GetWhiteLine.srv
[ 56%] Generating EusLisp code from vector_map_server/GetRoadEdge.srv
[ 56%] Generating Javascript code from vector_map_server/GetGutter.srv
[ 58%] Generating EusLisp code from vector_map_server/GetSideWalk.srv
[ 59%] Generating Javascript code from vector_map_server/GetCrossWalk.srv
[ 60%] Generating Javascript code from vector_map_server/GetLane.srv
[ 60%] Generating Javascript code from vector_map_server/GetZebraZone.srv
[ 61%] Generating EusLisp code from vector_map_server/GetDTLane.srv
[ 61%] Generating EusLisp code from vector_map_server/GetWhiteLine.srv
[ 62%] Generating Javascript code from vector_map_server/GetCurveMirror.srv
[ 62%] Generating Javascript code from vector_map_server/GetDriveOnPortion.srv
[ 63%] Generating EusLisp code from vector_map_server/GetGutter.srv
[ 64%] Generating Javascript code from vector_map_server/GetRoadPole.srv
[ 65%] Generating EusLisp code from vector_map_server/GetCrossWalk.srv
[ 66%] Generating Javascript code from vector_map_server/GetGuardRail.srv
[ 66%] Generating EusLisp code from vector_map_server/GetLane.srv
[ 66%] Generating Javascript code from vector_map_server/GetSignal.srv
[ 67%] Generating EusLisp code from vector_map_server/GetZebraZone.srv
[ 68%] Generating EusLisp code from vector_map_server/GetCurveMirror.srv
[ 69%] Generating Javascript code from vector_map_server/GetCrossRoad.srv
[ 70%] Generating Javascript code from vector_map_server/GetFence.srv
[ 70%] Generating EusLisp code from vector_map_server/GetDriveOnPortion.srv
[ 70%] Generating Javascript code from vector_map_server/PositionState.srv
[ 72%] Generating EusLisp code from vector_map_server/GetRoadPole.srv
[ 73%] Generating Javascript code from vector_map_server/GetWall.srv
[ 74%] Generating EusLisp code from vector_map_server/GetGuardRail.srv
[ 74%] Built target vector_map_server_generate_messages_nodejs
[ 74%] Generating EusLisp code from vector_map_server/GetSignal.srv
[ 75%] Generating EusLisp code from vector_map_server/GetCrossRoad.srv
[ 76%] Generating EusLisp code from vector_map_server/GetFence.srv
[ 76%] Generating EusLisp code from vector_map_server/PositionState.srv
[ 77%] Generating EusLisp code from vector_map_server/GetWall.srv
[ 78%] Generating EusLisp manifest code for vector_map_server
[ 78%] Built target vector_map_server_generate_messages_eus
Scanning dependencies of target vector_map_server_generate_messages_cpp
[ 79%] Generating C++ code from vector_map_server/GetStopLine.srv
[ 80%] Generating C++ code from vector_map_server/GetSideStrip.srv
[ 80%] Generating C++ code from vector_map_server/GetUtilityPole.srv
[ 81%] Generating C++ code from vector_map_server/GetRoadSign.srv
[ 82%] Generating C++ code from vector_map_server/GetCurb.srv
[ 82%] Generating C++ code from vector_map_server/GetWayArea.srv
[ 83%] Generating C++ code from vector_map_server/GetRailCrossing.srv
[ 84%] Generating C++ code from vector_map_server/GetRoadMark.srv
[ 84%] Generating C++ code from vector_map_server/GetStreetLight.srv
[ 86%] Generating C++ code from vector_map_server/GetNode.srv
[ 87%] Generating C++ code from vector_map_server/GetRoadEdge.srv
[ 87%] Generating C++ code from vector_map_server/GetSideWalk.srv
[ 88%] Generating C++ code from vector_map_server/GetDTLane.srv
[ 89%] Generating C++ code from vector_map_server/GetWhiteLine.srv
[ 89%] Generating C++ code from vector_map_server/GetGutter.srv
[ 90%] Generating C++ code from vector_map_server/GetCrossWalk.srv
[ 91%] Generating C++ code from vector_map_server/GetLane.srv
[ 91%] Generating C++ code from vector_map_server/GetZebraZone.srv
[ 92%] Generating C++ code from vector_map_server/GetCurveMirror.srv
[ 93%] Generating C++ code from vector_map_server/GetDriveOnPortion.srv
[ 93%] Generating C++ code from vector_map_server/GetRoadPole.srv
[ 94%] Generating C++ code from vector_map_server/GetGuardRail.srv
[ 95%] Generating C++ code from vector_map_server/GetSignal.srv
[ 95%] Generating C++ code from vector_map_server/GetCrossRoad.srv
[ 96%] Generating C++ code from vector_map_server/GetFence.srv
[ 96%] Generating C++ code from vector_map_server/PositionState.srv
[ 97%] Generating C++ code from vector_map_server/GetWall.srv
[ 97%] Built target vector_map_server_generate_messages_cpp
Scanning dependencies of target vector_map_client
[ 97%] Building CXX object CMakeFiles/vector_map_client.dir/nodes/vector_map_client/vector_map_client.cpp.o
[ 98%] Linking CXX executable devel/lib/vector_map_server/vector_map_client
[ 98%] Built target vector_map_client
Scanning dependencies of target vector_map_server_generate_messages
[ 98%] Built target vector_map_server_generate_messages
Scanning dependencies of target vector_map_server
[100%] Building CXX object CMakeFiles/vector_map_server.dir/nodes/vector_map_server/vector_map_server.cpp.o
/home/autoware/Autoware/src/autoware/common/vector_map_server/nodes/vector_map_server/vector_map_server.cpp:317:19: warning: ‘std::vector<vector_map_msgs::Lane_<std::allocator<void> >, std::allocator<vector_map_msgs::Lane_<std::allocator<void> > > > {anonymous}::findNearLanes(const vector_map::VectorMap&, const std::vector<vector_map_msgs::Lane_<std::allocator<void> >, std::allocator<vector_map_msgs::Lane_<std::allocator<void> > > >&, const Point&, double)’ defined but not used [-Wunused-function]
 std::vector<Lane> findNearLanes(const VectorMap& vmap, const std::vector<Lane>& lanes, const Point& base_point,
                   ^~~~~~~~~~~~~
/home/autoware/Autoware/src/autoware/common/vector_map_server/nodes/vector_map_server/vector_map_server.cpp:104:6: warning: ‘bool {anonymous}::isMergingLane(const Lane&)’ defined but not used [-Wunused-function]
 bool isMergingLane(const Lane& lane)
      ^~~~~~~~~~~~~
[100%] Linking CXX executable devel/lib/vector_map_server/vector_map_server
[100%] Built target vector_map_server
Scanning dependencies of target tests
Built target tests
[  0%] Built target vector_map_msgs_generate_messages_eus
[  0%] Built target _vector_map_server_generate_messages_check_deps_GetCurb
[  0%] Built target _vector_map_server_generate_messages_check_deps_GetWall
[  0%] Built target _vector_map_server_generate_messages_check_deps_PositionState
[  0%] Built target _vector_map_server_generate_messages_check_deps_GetFence
[  0%] Built target _vector_map_server_generate_messages_check_deps_GetGuardRail
[  0%] Built target _vector_map_server_generate_messages_check_deps_GetRoadPole
[  0%] Built target _vector_map_server_generate_messages_check_deps_GetDriveOnPortion
[  0%] Built target _vector_map_server_generate_messages_check_deps_GetZebraZone
[  0%] Built target _vector_map_server_generate_messages_check_deps_GetLane
[  0%] Built target _vector_map_server_generate_messages_check_deps_GetSignal
[  0%] Built target _vector_map_server_generate_messages_check_deps_GetCrossWalk
[  0%] Built target _vector_map_server_generate_messages_check_deps_GetGutter
[  0%] Built target _vector_map_server_generate_messages_check_deps_GetWhiteLine
[  0%] Built target _vector_map_server_generate_messages_check_deps_GetDTLane
[  0%] Built target _vector_map_server_generate_messages_check_deps_GetRoadSign
[  0%] Built target _vector_map_server_generate_messages_check_deps_GetUtilityPole
[  0%] Built target _vector_map_server_generate_messages_check_deps_GetStopLine
[  0%] Built target vector_map_msgs_generate_messages_nodejs
[  0%] Built target _vector_map_server_generate_messages_check_deps_GetSideWalk
[  0%] Built target _vector_map_server_generate_messages_check_deps_GetRoadEdge
[  0%] Built target _vector_map_server_generate_messages_check_deps_GetCurveMirror
[  0%] Built target _vector_map_server_generate_messages_check_deps_GetSideStrip
[  0%] Built target _vector_map_server_generate_messages_check_deps_GetWayArea
[  0%] Built target _vector_map_server_generate_messages_check_deps_GetRailCrossing
[  0%] Built target geometry_msgs_generate_messages_nodejs
[  0%] Built target _vector_map_server_generate_messages_check_deps_GetRoadMark
[  0%] Built target _vector_map_server_generate_messages_check_deps_GetNode
[  0%] Built target autoware_msgs_generate_messages_nodejs
[  0%] Built target _vector_map_server_generate_messages_check_deps_GetStreetLight
[  0%] Built target _vector_map_server_generate_messages_check_deps_GetCrossRoad
[  0%] Built target vector_map_msgs_generate_messages_py
[  0%] Built target vector_map_msgs_generate_messages_lisp
[  0%] Built target geometry_msgs_generate_messages_py
[  0%] Built target sensor_msgs_generate_messages_nodejs
[  0%] Built target geometry_msgs_generate_messages_eus
[  0%] Built target autoware_msgs_generate_messages_eus
[  0%] Built target roscpp_generate_messages_cpp
[  0%] Built target actionlib_generate_messages_cpp
[  0%] Built target pcl_msgs_generate_messages_eus
[  0%] Built target rosgraph_msgs_generate_messages_eus
[  0%] Built target jsk_recognition_msgs_generate_messages_lisp
[  0%] Built target jsk_recognition_msgs_generate_messages_eus
[  0%] Built target tf2_msgs_generate_messages_cpp
[  0%] Built target std_msgs_generate_messages_py
[  0%] Built target autoware_msgs_generate_messages_py
[  0%] Built target std_msgs_generate_messages_nodejs
[  0%] Built target sensor_msgs_generate_messages_eus
[  0%] Built target _catkin_empty_exported_target
[  0%] Built target sensor_msgs_generate_messages_cpp
[  0%] Built target autoware_msgs_generate_messages_cpp
[  0%] Built target rosgraph_msgs_generate_messages_cpp
[  0%] Built target pcl_msgs_generate_messages_nodejs
[  0%] Built target jsk_recognition_msgs_generate_messages_py
[  0%] Built target sensor_msgs_generate_messages_lisp
[  0%] Built target sensor_msgs_generate_messages_py
[  0%] Built target tf_generate_messages_py
[  0%] Built target std_msgs_generate_messages_cpp
[  0%] Built target jsk_footstep_msgs_generate_messages_py
[  0%] Built target visualization_msgs_generate_messages_nodejs
[  0%] Built target actionlib_msgs_generate_messages_nodejs
[  0%] Built target std_msgs_generate_messages_lisp
[  0%] Built target roscpp_generate_messages_nodejs
[  0%] Built target geometry_msgs_generate_messages_lisp
[  0%] Built target pcl_msgs_generate_messages_cpp
[  0%] Built target jsk_recognition_msgs_generate_messages_cpp
[  0%] Built target autoware_msgs_generate_messages_lisp
[  0%] Built target visualization_msgs_generate_messages_lisp
[  0%] Built target std_msgs_generate_messages_eus
[  0%] Built target jsk_footstep_msgs_generate_messages_eus
[  0%] Built target actionlib_msgs_generate_messages_py
[ 18%] Built target vector_map_server_generate_messages_lisp
[ 18%] Built target jsk_footstep_msgs_generate_messages_lisp
[ 18%] Built target jsk_footstep_msgs_generate_messages_nodejs
[ 18%] Built target actionlib_msgs_generate_messages_lisp
[ 18%] Built target jsk_recognition_msgs_generate_messages_nodejs
[ 18%] Built target roscpp_generate_messages_lisp
[ 18%] Built target roscpp_generate_messages_py
[ 18%] Built target rosgraph_msgs_generate_messages_lisp
[ 18%] Built target rosgraph_msgs_generate_messages_nodejs
[ 38%] Built target vector_map_server_generate_messages_py
[ 38%] Built target roscpp_generate_messages_eus
[ 38%] Built target actionlib_msgs_generate_messages_eus
[ 38%] Built target rosgraph_msgs_generate_messages_py
[ 38%] Built target jsk_footstep_msgs_generate_messages_cpp
[ 38%] Built target actionlib_msgs_generate_messages_cpp
[ 38%] Built target tf_generate_messages_eus
[ 38%] Built target tf_generate_messages_lisp
[ 38%] Built target tf_generate_messages_nodejs
[ 38%] Built target pcl_msgs_generate_messages_py
[ 38%] Built target actionlib_generate_messages_eus
[ 38%] Built target geometry_msgs_generate_messages_cpp
[ 38%] Built target actionlib_generate_messages_lisp
[ 38%] Built target pcl_msgs_generate_messages_lisp
[ 38%] Built target tf_generate_messages_cpp
[ 38%] Built target actionlib_generate_messages_nodejs
[ 38%] Built target tf2_msgs_generate_messages_lisp
[ 38%] Built target actionlib_generate_messages_py
[ 38%] Built target tf2_msgs_generate_messages_py
[ 38%] Built target tf2_msgs_generate_messages_nodejs
[ 38%] Built target tf2_msgs_generate_messages_eus
[ 38%] Built target visualization_msgs_generate_messages_cpp
[ 38%] Built target vector_map_msgs_generate_messages_cpp
[ 38%] Built target visualization_msgs_generate_messages_eus
[ 38%] Built target visualization_msgs_generate_messages_py
[ 58%] Built target vector_map_server_generate_messages_nodejs
[ 78%] Built target vector_map_server_generate_messages_eus
[ 97%] Built target vector_map_server_generate_messages_cpp
[ 98%] Built target vector_map_client
[ 98%] Built target vector_map_server_generate_messages
[100%] Built target vector_map_server
Install the project...
-- Install configuration: "Release"
-- Installing: /home/autoware/Autoware/install/vector_map_server/share/vector_map_server/srv/GetCrossRoad.srv
-- Installing: /home/autoware/Autoware/install/vector_map_server/share/vector_map_server/srv/GetCrossWalk.srv
-- Installing: /home/autoware/Autoware/install/vector_map_server/share/vector_map_server/srv/GetCurb.srv
-- Installing: /home/autoware/Autoware/install/vector_map_server/share/vector_map_server/srv/GetCurveMirror.srv
-- Installing: /home/autoware/Autoware/install/vector_map_server/share/vector_map_server/srv/GetDTLane.srv
-- Installing: /home/autoware/Autoware/install/vector_map_server/share/vector_map_server/srv/GetDriveOnPortion.srv
-- Installing: /home/autoware/Autoware/install/vector_map_server/share/vector_map_server/srv/GetFence.srv
-- Installing: /home/autoware/Autoware/install/vector_map_server/share/vector_map_server/srv/GetGuardRail.srv
-- Installing: /home/autoware/Autoware/install/vector_map_server/share/vector_map_server/srv/GetGutter.srv
-- Installing: /home/autoware/Autoware/install/vector_map_server/share/vector_map_server/srv/GetLane.srv
-- Installing: /home/autoware/Autoware/install/vector_map_server/share/vector_map_server/srv/GetNode.srv
-- Installing: /home/autoware/Autoware/install/vector_map_server/share/vector_map_server/srv/GetRailCrossing.srv
-- Installing: /home/autoware/Autoware/install/vector_map_server/share/vector_map_server/srv/GetRoadEdge.srv
-- Installing: /home/autoware/Autoware/install/vector_map_server/share/vector_map_server/srv/GetRoadMark.srv
-- Installing: /home/autoware/Autoware/install/vector_map_server/share/vector_map_server/srv/GetRoadPole.srv
-- Installing: /home/autoware/Autoware/install/vector_map_server/share/vector_map_server/srv/GetRoadSign.srv
-- Installing: /home/autoware/Autoware/install/vector_map_server/share/vector_map_server/srv/GetSideStrip.srv
-- Installing: /home/autoware/Autoware/install/vector_map_server/share/vector_map_server/srv/GetSideWalk.srv
-- Installing: /home/autoware/Autoware/install/vector_map_server/share/vector_map_server/srv/GetSignal.srv
-- Installing: /home/autoware/Autoware/install/vector_map_server/share/vector_map_server/srv/GetStopLine.srv
-- Installing: /home/autoware/Autoware/install/vector_map_server/share/vector_map_server/srv/GetStreetLight.srv
-- Installing: /home/autoware/Autoware/install/vector_map_server/share/vector_map_server/srv/GetUtilityPole.srv
-- Installing: /home/autoware/Autoware/install/vector_map_server/share/vector_map_server/srv/GetWall.srv
-- Installing: /home/autoware/Autoware/install/vector_map_server/share/vector_map_server/srv/GetWayArea.srv
-- Installing: /home/autoware/Autoware/install/vector_map_server/share/vector_map_server/srv/GetWhiteLine.srv
-- Installing: /home/autoware/Autoware/install/vector_map_server/share/vector_map_server/srv/GetZebraZone.srv
-- Installing: /home/autoware/Autoware/install/vector_map_server/share/vector_map_server/srv/PositionState.srv
-- Installing: /home/autoware/Autoware/install/vector_map_server/share/vector_map_server/cmake/vector_map_server-msg-paths.cmake
-- Installing: /home/autoware/Autoware/install/vector_map_server/include/vector_map_server
-- Installing: /home/autoware/Autoware/install/vector_map_server/include/vector_map_server/GetCrossRoad.h
-- Installing: /home/autoware/Autoware/install/vector_map_server/include/vector_map_server/GetZebraZone.h
-- Installing: /home/autoware/Autoware/install/vector_map_server/include/vector_map_server/GetLane.h
-- Installing: /home/autoware/Autoware/install/vector_map_server/include/vector_map_server/GetCrossRoadResponse.h
-- Installing: /home/autoware/Autoware/install/vector_map_server/include/vector_map_server/GetWallResponse.h
-- Installing: /home/autoware/Autoware/install/vector_map_server/include/vector_map_server/GetRoadMarkRequest.h
-- Installing: /home/autoware/Autoware/install/vector_map_server/include/vector_map_server/GetSignalResponse.h
-- Installing: /home/autoware/Autoware/install/vector_map_server/include/vector_map_server/GetDriveOnPortionRequest.h
-- Installing: /home/autoware/Autoware/install/vector_map_server/include/vector_map_server/GetStreetLightResponse.h
-- Installing: /home/autoware/Autoware/install/vector_map_server/include/vector_map_server/GetCurveMirror.h
-- Installing: /home/autoware/Autoware/install/vector_map_server/include/vector_map_server/GetGuardRailResponse.h
-- Installing: /home/autoware/Autoware/install/vector_map_server/include/vector_map_server/GetRoadEdgeRequest.h
-- Installing: /home/autoware/Autoware/install/vector_map_server/include/vector_map_server/GetRailCrossingRequest.h
-- Installing: /home/autoware/Autoware/install/vector_map_server/include/vector_map_server/GetGutterResponse.h
-- Installing: /home/autoware/Autoware/install/vector_map_server/include/vector_map_server/GetGuardRail.h
-- Installing: /home/autoware/Autoware/install/vector_map_server/include/vector_map_server/GetFence.h
-- Installing: /home/autoware/Autoware/install/vector_map_server/include/vector_map_server/GetFenceRequest.h
-- Installing: /home/autoware/Autoware/install/vector_map_server/include/vector_map_server/PositionStateResponse.h
-- Installing: /home/autoware/Autoware/install/vector_map_server/include/vector_map_server/GetSideWalkResponse.h
-- Installing: /home/autoware/Autoware/install/vector_map_server/include/vector_map_server/GetGuardRailRequest.h
-- Installing: /home/autoware/Autoware/install/vector_map_server/include/vector_map_server/GetLaneResponse.h
-- Installing: /home/autoware/Autoware/install/vector_map_server/include/vector_map_server/GetSideStrip.h
-- Installing: /home/autoware/Autoware/install/vector_map_server/include/vector_map_server/GetRailCrossingResponse.h
-- Installing: /home/autoware/Autoware/install/vector_map_server/include/vector_map_server/GetSideWalk.h
-- Installing: /home/autoware/Autoware/install/vector_map_server/include/vector_map_server/GetNodeResponse.h
-- Installing: /home/autoware/Autoware/install/vector_map_server/include/vector_map_server/GetRoadSign.h
-- Installing: /home/autoware/Autoware/install/vector_map_server/include/vector_map_server/GetUtilityPoleRequest.h
-- Installing: /home/autoware/Autoware/install/vector_map_server/include/vector_map_server/PositionStateRequest.h
-- Installing: /home/autoware/Autoware/install/vector_map_server/include/vector_map_server/GetRoadPoleRequest.h
-- Installing: /home/autoware/Autoware/install/vector_map_server/include/vector_map_server/GetSignal.h
-- Installing: /home/autoware/Autoware/install/vector_map_server/include/vector_map_server/GetRoadPoleResponse.h
-- Installing: /home/autoware/Autoware/install/vector_map_server/include/vector_map_server/GetSideWalkRequest.h
-- Installing: /home/autoware/Autoware/install/vector_map_server/include/vector_map_server/GetWallRequest.h
-- Installing: /home/autoware/Autoware/install/vector_map_server/include/vector_map_server/GetCrossWalkRequest.h
-- Installing: /home/autoware/Autoware/install/vector_map_server/include/vector_map_server/GetGutter.h
-- Installing: /home/autoware/Autoware/install/vector_map_server/include/vector_map_server/GetRoadSignRequest.h
-- Installing: /home/autoware/Autoware/install/vector_map_server/include/vector_map_server/GetRoadEdge.h
-- Installing: /home/autoware/Autoware/install/vector_map_server/include/vector_map_server/GetCrossRoadRequest.h
-- Installing: /home/autoware/Autoware/install/vector_map_server/include/vector_map_server/GetDTLane.h
-- Installing: /home/autoware/Autoware/install/vector_map_server/include/vector_map_server/GetRailCrossing.h
-- Installing: /home/autoware/Autoware/install/vector_map_server/include/vector_map_server/GetStreetLight.h
-- Installing: /home/autoware/Autoware/install/vector_map_server/include/vector_map_server/GetSignalRequest.h
-- Installing: /home/autoware/Autoware/install/vector_map_server/include/vector_map_server/GetCrossWalkResponse.h
-- Installing: /home/autoware/Autoware/install/vector_map_server/include/vector_map_server/GetCrossWalk.h
-- Installing: /home/autoware/Autoware/install/vector_map_server/include/vector_map_server/GetCurbRequest.h
-- Installing: /home/autoware/Autoware/install/vector_map_server/include/vector_map_server/GetRoadMarkResponse.h
-- Installing: /home/autoware/Autoware/install/vector_map_server/include/vector_map_server/GetDTLaneRequest.h
-- Installing: /home/autoware/Autoware/install/vector_map_server/include/vector_map_server/GetWayAreaResponse.h
-- Installing: /home/autoware/Autoware/install/vector_map_server/include/vector_map_server/GetRoadPole.h
-- Installing: /home/autoware/Autoware/install/vector_map_server/include/vector_map_server/GetCurveMirrorResponse.h
-- Installing: /home/autoware/Autoware/install/vector_map_server/include/vector_map_server/GetWall.h
-- Installing: /home/autoware/Autoware/install/vector_map_server/include/vector_map_server/GetWhiteLineRequest.h
-- Installing: /home/autoware/Autoware/install/vector_map_server/include/vector_map_server/PositionState.h
-- Installing: /home/autoware/Autoware/install/vector_map_server/include/vector_map_server/GetUtilityPoleResponse.h
-- Installing: /home/autoware/Autoware/install/vector_map_server/include/vector_map_server/GetDTLaneResponse.h
-- Installing: /home/autoware/Autoware/install/vector_map_server/include/vector_map_server/GetCurveMirrorRequest.h
-- Installing: /home/autoware/Autoware/install/vector_map_server/include/vector_map_server/GetStreetLightRequest.h
-- Installing: /home/autoware/Autoware/install/vector_map_server/include/vector_map_server/GetNodeRequest.h
-- Installing: /home/autoware/Autoware/install/vector_map_server/include/vector_map_server/GetRoadEdgeResponse.h
-- Installing: /home/autoware/Autoware/install/vector_map_server/include/vector_map_server/GetDriveOnPortionResponse.h
-- Installing: /home/autoware/Autoware/install/vector_map_server/include/vector_map_server/GetSideStripRequest.h
-- Installing: /home/autoware/Autoware/install/vector_map_server/include/vector_map_server/GetRoadSignResponse.h
-- Installing: /home/autoware/Autoware/install/vector_map_server/include/vector_map_server/GetZebraZoneRequest.h
-- Installing: /home/autoware/Autoware/install/vector_map_server/include/vector_map_server/GetRoadMark.h
-- Installing: /home/autoware/Autoware/install/vector_map_server/include/vector_map_server/GetSideStripResponse.h
-- Installing: /home/autoware/Autoware/install/vector_map_server/include/vector_map_server/GetStopLineResponse.h
-- Installing: /home/autoware/Autoware/install/vector_map_server/include/vector_map_server/GetCurbResponse.h
-- Installing: /home/autoware/Autoware/install/vector_map_server/include/vector_map_server/GetLaneRequest.h
-- Installing: /home/autoware/Autoware/install/vector_map_server/include/vector_map_server/GetCurb.h
-- Installing: /home/autoware/Autoware/install/vector_map_server/include/vector_map_server/GetGutterRequest.h
-- Installing: /home/autoware/Autoware/install/vector_map_server/include/vector_map_server/GetWhiteLineResponse.h
-- Installing: /home/autoware/Autoware/install/vector_map_server/include/vector_map_server/GetUtilityPole.h
-- Installing: /home/autoware/Autoware/install/vector_map_server/include/vector_map_server/GetFenceResponse.h
-- Installing: /home/autoware/Autoware/install/vector_map_server/include/vector_map_server/GetDriveOnPortion.h
-- Installing: /home/autoware/Autoware/install/vector_map_server/include/vector_map_server/GetStopLine.h
-- Installing: /home/autoware/Autoware/install/vector_map_server/include/vector_map_server/GetWayAreaRequest.h
-- Installing: /home/autoware/Autoware/install/vector_map_server/include/vector_map_server/GetWayArea.h
-- Installing: /home/autoware/Autoware/install/vector_map_server/include/vector_map_server/GetZebraZoneResponse.h
-- Installing: /home/autoware/Autoware/install/vector_map_server/include/vector_map_server/GetStopLineRequest.h
-- Installing: /home/autoware/Autoware/install/vector_map_server/include/vector_map_server/GetWhiteLine.h
-- Installing: /home/autoware/Autoware/install/vector_map_server/include/vector_map_server/GetNode.h
-- Installing: /home/autoware/Autoware/install/vector_map_server/share/roseus/ros/vector_map_server
-- Installing: /home/autoware/Autoware/install/vector_map_server/share/roseus/ros/vector_map_server/srv
-- Installing: /home/autoware/Autoware/install/vector_map_server/share/roseus/ros/vector_map_server/srv/GetNode.l
-- Installing: /home/autoware/Autoware/install/vector_map_server/share/roseus/ros/vector_map_server/srv/GetRoadSign.l
-- Installing: /home/autoware/Autoware/install/vector_map_server/share/roseus/ros/vector_map_server/srv/GetCurb.l
-- Installing: /home/autoware/Autoware/install/vector_map_server/share/roseus/ros/vector_map_server/srv/GetCrossRoad.l
-- Installing: /home/autoware/Autoware/install/vector_map_server/share/roseus/ros/vector_map_server/srv/GetCurveMirror.l
-- Installing: /home/autoware/Autoware/install/vector_map_server/share/roseus/ros/vector_map_server/srv/GetLane.l
-- Installing: /home/autoware/Autoware/install/vector_map_server/share/roseus/ros/vector_map_server/srv/GetRailCrossing.l
-- Installing: /home/autoware/Autoware/install/vector_map_server/share/roseus/ros/vector_map_server/srv/GetUtilityPole.l
-- Installing: /home/autoware/Autoware/install/vector_map_server/share/roseus/ros/vector_map_server/srv/GetZebraZone.l
-- Installing: /home/autoware/Autoware/install/vector_map_server/share/roseus/ros/vector_map_server/srv/GetStreetLight.l
-- Installing: /home/autoware/Autoware/install/vector_map_server/share/roseus/ros/vector_map_server/srv/GetWhiteLine.l
-- Installing: /home/autoware/Autoware/install/vector_map_server/share/roseus/ros/vector_map_server/srv/GetGuardRail.l
-- Installing: /home/autoware/Autoware/install/vector_map_server/share/roseus/ros/vector_map_server/srv/PositionState.l
-- Installing: /home/autoware/Autoware/install/vector_map_server/share/roseus/ros/vector_map_server/srv/GetRoadPole.l
-- Installing: /home/autoware/Autoware/install/vector_map_server/share/roseus/ros/vector_map_server/srv/GetWall.l
-- Installing: /home/autoware/Autoware/install/vector_map_server/share/roseus/ros/vector_map_server/srv/GetFence.l
-- Installing: /home/autoware/Autoware/install/vector_map_server/share/roseus/ros/vector_map_server/srv/GetCrossWalk.l
-- Installing: /home/autoware/Autoware/install/vector_map_server/share/roseus/ros/vector_map_server/srv/GetGutter.l
-- Installing: /home/autoware/Autoware/install/vector_map_server/share/roseus/ros/vector_map_server/srv/GetWayArea.l
-- Installing: /home/autoware/Autoware/install/vector_map_server/share/roseus/ros/vector_map_server/srv/GetSideStrip.l
-- Installing: /home/autoware/Autoware/install/vector_map_server/share/roseus/ros/vector_map_server/srv/GetDTLane.l
-- Installing: /home/autoware/Autoware/install/vector_map_server/share/roseus/ros/vector_map_server/srv/GetStopLine.l
-- Installing: /home/autoware/Autoware/install/vector_map_server/share/roseus/ros/vector_map_server/srv/GetRoadMark.l
-- Installing: /home/autoware/Autoware/install/vector_map_server/share/roseus/ros/vector_map_server/srv/GetRoadEdge.l
-- Installing: /home/autoware/Autoware/install/vector_map_server/share/roseus/ros/vector_map_server/srv/GetDriveOnPortion.l
-- Installing: /home/autoware/Autoware/install/vector_map_server/share/roseus/ros/vector_map_server/srv/GetSideWalk.l
-- Installing: /home/autoware/Autoware/install/vector_map_server/share/roseus/ros/vector_map_server/srv/GetSignal.l
-- Installing: /home/autoware/Autoware/install/vector_map_server/share/roseus/ros/vector_map_server/manifest.l
-- Installing: /home/autoware/Autoware/install/vector_map_server/share/common-lisp/ros/vector_map_server
-- Installing: /home/autoware/Autoware/install/vector_map_server/share/common-lisp/ros/vector_map_server/srv
-- Installing: /home/autoware/Autoware/install/vector_map_server/share/common-lisp/ros/vector_map_server/srv/GetWall.lisp
-- Installing: /home/autoware/Autoware/install/vector_map_server/share/common-lisp/ros/vector_map_server/srv/_package_GetGutter.lisp
-- Installing: /home/autoware/Autoware/install/vector_map_server/share/common-lisp/ros/vector_map_server/srv/GetCrossRoad.lisp
-- Installing: /home/autoware/Autoware/install/vector_map_server/share/common-lisp/ros/vector_map_server/srv/GetRoadPole.lisp
-- Installing: /home/autoware/Autoware/install/vector_map_server/share/common-lisp/ros/vector_map_server/srv/_package.lisp
-- Installing: /home/autoware/Autoware/install/vector_map_server/share/common-lisp/ros/vector_map_server/srv/GetRoadSign.lisp
-- Installing: /home/autoware/Autoware/install/vector_map_server/share/common-lisp/ros/vector_map_server/srv/_package_GetStreetLight.lisp
-- Installing: /home/autoware/Autoware/install/vector_map_server/share/common-lisp/ros/vector_map_server/srv/_package_GetCurveMirror.lisp
-- Installing: /home/autoware/Autoware/install/vector_map_server/share/common-lisp/ros/vector_map_server/srv/GetRoadEdge.lisp
-- Installing: /home/autoware/Autoware/install/vector_map_server/share/common-lisp/ros/vector_map_server/srv/_package_GetCrossRoad.lisp
-- Installing: /home/autoware/Autoware/install/vector_map_server/share/common-lisp/ros/vector_map_server/srv/_package_GetCurb.lisp
-- Installing: /home/autoware/Autoware/install/vector_map_server/share/common-lisp/ros/vector_map_server/srv/_package_GetRoadSign.lisp
-- Installing: /home/autoware/Autoware/install/vector_map_server/share/common-lisp/ros/vector_map_server/srv/GetWhiteLine.lisp
-- Installing: /home/autoware/Autoware/install/vector_map_server/share/common-lisp/ros/vector_map_server/srv/GetDTLane.lisp
-- Installing: /home/autoware/Autoware/install/vector_map_server/share/common-lisp/ros/vector_map_server/srv/GetStreetLight.lisp
-- Installing: /home/autoware/Autoware/install/vector_map_server/share/common-lisp/ros/vector_map_server/srv/GetSideWalk.lisp
-- Installing: /home/autoware/Autoware/install/vector_map_server/share/common-lisp/ros/vector_map_server/srv/_package_GetZebraZone.lisp
-- Installing: /home/autoware/Autoware/install/vector_map_server/share/common-lisp/ros/vector_map_server/srv/PositionState.lisp
-- Installing: /home/autoware/Autoware/install/vector_map_server/share/common-lisp/ros/vector_map_server/srv/_package_GetDTLane.lisp
-- Installing: /home/autoware/Autoware/install/vector_map_server/share/common-lisp/ros/vector_map_server/srv/_package_GetRoadEdge.lisp
-- Installing: /home/autoware/Autoware/install/vector_map_server/share/common-lisp/ros/vector_map_server/srv/GetCurveMirror.lisp
-- Installing: /home/autoware/Autoware/install/vector_map_server/share/common-lisp/ros/vector_map_server/srv/GetWayArea.lisp
-- Installing: /home/autoware/Autoware/install/vector_map_server/share/common-lisp/ros/vector_map_server/srv/GetLane.lisp
-- Installing: /home/autoware/Autoware/install/vector_map_server/share/common-lisp/ros/vector_map_server/srv/_package_GetCrossWalk.lisp
-- Installing: /home/autoware/Autoware/install/vector_map_server/share/common-lisp/ros/vector_map_server/srv/_package_GetLane.lisp
-- Installing: /home/autoware/Autoware/install/vector_map_server/share/common-lisp/ros/vector_map_server/srv/GetNode.lisp
-- Installing: /home/autoware/Autoware/install/vector_map_server/share/common-lisp/ros/vector_map_server/srv/_package_GetWall.lisp
-- Installing: /home/autoware/Autoware/install/vector_map_server/share/common-lisp/ros/vector_map_server/srv/GetDriveOnPortion.lisp
-- Installing: /home/autoware/Autoware/install/vector_map_server/share/common-lisp/ros/vector_map_server/srv/_package_GetRoadMark.lisp
-- Installing: /home/autoware/Autoware/install/vector_map_server/share/common-lisp/ros/vector_map_server/srv/GetCrossWalk.lisp
-- Installing: /home/autoware/Autoware/install/vector_map_server/share/common-lisp/ros/vector_map_server/srv/vector_map_server-srv.asd
-- Installing: /home/autoware/Autoware/install/vector_map_server/share/common-lisp/ros/vector_map_server/srv/_package_PositionState.lisp
-- Installing: /home/autoware/Autoware/install/vector_map_server/share/common-lisp/ros/vector_map_server/srv/_package_GetWhiteLine.lisp
-- Installing: /home/autoware/Autoware/install/vector_map_server/share/common-lisp/ros/vector_map_server/srv/_package_GetUtilityPole.lisp
-- Installing: /home/autoware/Autoware/install/vector_map_server/share/common-lisp/ros/vector_map_server/srv/GetSideStrip.lisp
-- Installing: /home/autoware/Autoware/install/vector_map_server/share/common-lisp/ros/vector_map_server/srv/_package_GetStopLine.lisp
-- Installing: /home/autoware/Autoware/install/vector_map_server/share/common-lisp/ros/vector_map_server/srv/_package_GetGuardRail.lisp
-- Installing: /home/autoware/Autoware/install/vector_map_server/share/common-lisp/ros/vector_map_server/srv/_package_GetRailCrossing.lisp
-- Installing: /home/autoware/Autoware/install/vector_map_server/share/common-lisp/ros/vector_map_server/srv/_package_GetWayArea.lisp
-- Installing: /home/autoware/Autoware/install/vector_map_server/share/common-lisp/ros/vector_map_server/srv/_package_GetNode.lisp
-- Installing: /home/autoware/Autoware/install/vector_map_server/share/common-lisp/ros/vector_map_server/srv/_package_GetSideWalk.lisp
-- Installing: /home/autoware/Autoware/install/vector_map_server/share/common-lisp/ros/vector_map_server/srv/_package_GetSideStrip.lisp
-- Installing: /home/autoware/Autoware/install/vector_map_server/share/common-lisp/ros/vector_map_server/srv/GetGutter.lisp
-- Installing: /home/autoware/Autoware/install/vector_map_server/share/common-lisp/ros/vector_map_server/srv/_package_GetRoadPole.lisp
-- Installing: /home/autoware/Autoware/install/vector_map_server/share/common-lisp/ros/vector_map_server/srv/GetUtilityPole.lisp
-- Installing: /home/autoware/Autoware/install/vector_map_server/share/common-lisp/ros/vector_map_server/srv/GetSignal.lisp
-- Installing: /home/autoware/Autoware/install/vector_map_server/share/common-lisp/ros/vector_map_server/srv/GetFence.lisp
-- Installing: /home/autoware/Autoware/install/vector_map_server/share/common-lisp/ros/vector_map_server/srv/GetGuardRail.lisp
-- Installing: /home/autoware/Autoware/install/vector_map_server/share/common-lisp/ros/vector_map_server/srv/GetZebraZone.lisp
-- Installing: /home/autoware/Autoware/install/vector_map_server/share/common-lisp/ros/vector_map_server/srv/GetRoadMark.lisp
-- Installing: /home/autoware/Autoware/install/vector_map_server/share/common-lisp/ros/vector_map_server/srv/_package_GetSignal.lisp
-- Installing: /home/autoware/Autoware/install/vector_map_server/share/common-lisp/ros/vector_map_server/srv/GetRailCrossing.lisp
-- Installing: /home/autoware/Autoware/install/vector_map_server/share/common-lisp/ros/vector_map_server/srv/_package_GetFence.lisp
-- Installing: /home/autoware/Autoware/install/vector_map_server/share/common-lisp/ros/vector_map_server/srv/_package_GetDriveOnPortion.lisp
-- Installing: /home/autoware/Autoware/install/vector_map_server/share/common-lisp/ros/vector_map_server/srv/GetStopLine.lisp
-- Installing: /home/autoware/Autoware/install/vector_map_server/share/common-lisp/ros/vector_map_server/srv/GetCurb.lisp
-- Installing: /home/autoware/Autoware/install/vector_map_server/share/gennodejs/ros/vector_map_server
-- Installing: /home/autoware/Autoware/install/vector_map_server/share/gennodejs/ros/vector_map_server/srv
-- Installing: /home/autoware/Autoware/install/vector_map_server/share/gennodejs/ros/vector_map_server/srv/GetDriveOnPortion.js
-- Installing: /home/autoware/Autoware/install/vector_map_server/share/gennodejs/ros/vector_map_server/srv/GetRoadMark.js
-- Installing: /home/autoware/Autoware/install/vector_map_server/share/gennodejs/ros/vector_map_server/srv/GetStreetLight.js
-- Installing: /home/autoware/Autoware/install/vector_map_server/share/gennodejs/ros/vector_map_server/srv/GetDTLane.js
-- Installing: /home/autoware/Autoware/install/vector_map_server/share/gennodejs/ros/vector_map_server/srv/GetNode.js
-- Installing: /home/autoware/Autoware/install/vector_map_server/share/gennodejs/ros/vector_map_server/srv/GetWhiteLine.js
-- Installing: /home/autoware/Autoware/install/vector_map_server/share/gennodejs/ros/vector_map_server/srv/GetSideStrip.js
-- Installing: /home/autoware/Autoware/install/vector_map_server/share/gennodejs/ros/vector_map_server/srv/GetSideWalk.js
-- Installing: /home/autoware/Autoware/install/vector_map_server/share/gennodejs/ros/vector_map_server/srv/_index.js
-- Installing: /home/autoware/Autoware/install/vector_map_server/share/gennodejs/ros/vector_map_server/srv/GetSignal.js
-- Installing: /home/autoware/Autoware/install/vector_map_server/share/gennodejs/ros/vector_map_server/srv/GetCrossWalk.js
-- Installing: /home/autoware/Autoware/install/vector_map_server/share/gennodejs/ros/vector_map_server/srv/GetCrossRoad.js
-- Installing: /home/autoware/Autoware/install/vector_map_server/share/gennodejs/ros/vector_map_server/srv/GetCurveMirror.js
-- Installing: /home/autoware/Autoware/install/vector_map_server/share/gennodejs/ros/vector_map_server/srv/GetGuardRail.js
-- Installing: /home/autoware/Autoware/install/vector_map_server/share/gennodejs/ros/vector_map_server/srv/GetRailCrossing.js
-- Installing: /home/autoware/Autoware/install/vector_map_server/share/gennodejs/ros/vector_map_server/srv/GetStopLine.js
-- Installing: /home/autoware/Autoware/install/vector_map_server/share/gennodejs/ros/vector_map_server/srv/GetLane.js
-- Installing: /home/autoware/Autoware/install/vector_map_server/share/gennodejs/ros/vector_map_server/srv/GetWayArea.js
-- Installing: /home/autoware/Autoware/install/vector_map_server/share/gennodejs/ros/vector_map_server/srv/GetGutter.js
-- Installing: /home/autoware/Autoware/install/vector_map_server/share/gennodejs/ros/vector_map_server/srv/GetRoadEdge.js
-- Installing: /home/autoware/Autoware/install/vector_map_server/share/gennodejs/ros/vector_map_server/srv/PositionState.js
-- Installing: /home/autoware/Autoware/install/vector_map_server/share/gennodejs/ros/vector_map_server/srv/GetUtilityPole.js
-- Installing: /home/autoware/Autoware/install/vector_map_server/share/gennodejs/ros/vector_map_server/srv/GetRoadSign.js
-- Installing: /home/autoware/Autoware/install/vector_map_server/share/gennodejs/ros/vector_map_server/srv/GetWall.js
-- Installing: /home/autoware/Autoware/install/vector_map_server/share/gennodejs/ros/vector_map_server/srv/GetCurb.js
-- Installing: /home/autoware/Autoware/install/vector_map_server/share/gennodejs/ros/vector_map_server/srv/GetRoadPole.js
-- Installing: /home/autoware/Autoware/install/vector_map_server/share/gennodejs/ros/vector_map_server/srv/GetFence.js
-- Installing: /home/autoware/Autoware/install/vector_map_server/share/gennodejs/ros/vector_map_server/srv/GetZebraZone.js
-- Installing: /home/autoware/Autoware/install/vector_map_server/share/gennodejs/ros/vector_map_server/_index.js
Listing /home/autoware/Autoware/build/vector_map_server/devel/lib/python2.7/dist-packages/vector_map_server ...
Compiling /home/autoware/Autoware/build/vector_map_server/devel/lib/python2.7/dist-packages/vector_map_server/__init__.py ...
Listing /home/autoware/Autoware/build/vector_map_server/devel/lib/python2.7/dist-packages/vector_map_server/srv ...
Compiling /home/autoware/Autoware/build/vector_map_server/devel/lib/python2.7/dist-packages/vector_map_server/srv/_GetCrossRoad.py ...
Compiling /home/autoware/Autoware/build/vector_map_server/devel/lib/python2.7/dist-packages/vector_map_server/srv/_GetCrossWalk.py ...
Compiling /home/autoware/Autoware/build/vector_map_server/devel/lib/python2.7/dist-packages/vector_map_server/srv/_GetCurb.py ...
Compiling /home/autoware/Autoware/build/vector_map_server/devel/lib/python2.7/dist-packages/vector_map_server/srv/_GetCurveMirror.py ...
Compiling /home/autoware/Autoware/build/vector_map_server/devel/lib/python2.7/dist-packages/vector_map_server/srv/_GetDTLane.py ...
Compiling /home/autoware/Autoware/build/vector_map_server/devel/lib/python2.7/dist-packages/vector_map_server/srv/_GetDriveOnPortion.py ...
Compiling /home/autoware/Autoware/build/vector_map_server/devel/lib/python2.7/dist-packages/vector_map_server/srv/_GetFence.py ...
Compiling /home/autoware/Autoware/build/vector_map_server/devel/lib/python2.7/dist-packages/vector_map_server/srv/_GetGuardRail.py ...
Compiling /home/autoware/Autoware/build/vector_map_server/devel/lib/python2.7/dist-packages/vector_map_server/srv/_GetGutter.py ...
Compiling /home/autoware/Autoware/build/vector_map_server/devel/lib/python2.7/dist-packages/vector_map_server/srv/_GetLane.py ...
Compiling /home/autoware/Autoware/build/vector_map_server/devel/lib/python2.7/dist-packages/vector_map_server/srv/_GetNode.py ...
Compiling /home/autoware/Autoware/build/vector_map_server/devel/lib/python2.7/dist-packages/vector_map_server/srv/_GetRailCrossing.py ...
Compiling /home/autoware/Autoware/build/vector_map_server/devel/lib/python2.7/dist-packages/vector_map_server/srv/_GetRoadEdge.py ...
Compiling /home/autoware/Autoware/build/vector_map_server/devel/lib/python2.7/dist-packages/vector_map_server/srv/_GetRoadMark.py ...
Compiling /home/autoware/Autoware/build/vector_map_server/devel/lib/python2.7/dist-packages/vector_map_server/srv/_GetRoadPole.py ...
Compiling /home/autoware/Autoware/build/vector_map_server/devel/lib/python2.7/dist-packages/vector_map_server/srv/_GetRoadSign.py ...
Compiling /home/autoware/Autoware/build/vector_map_server/devel/lib/python2.7/dist-packages/vector_map_server/srv/_GetSideStrip.py ...
Compiling /home/autoware/Autoware/build/vector_map_server/devel/lib/python2.7/dist-packages/vector_map_server/srv/_GetSideWalk.py ...
Compiling /home/autoware/Autoware/build/vector_map_server/devel/lib/python2.7/dist-packages/vector_map_server/srv/_GetSignal.py ...
Compiling /home/autoware/Autoware/build/vector_map_server/devel/lib/python2.7/dist-packages/vector_map_server/srv/_GetStopLine.py ...
Compiling /home/autoware/Autoware/build/vector_map_server/devel/lib/python2.7/dist-packages/vector_map_server/srv/_GetStreetLight.py ...
Compiling /home/autoware/Autoware/build/vector_map_server/devel/lib/python2.7/dist-packages/vector_map_server/srv/_GetUtilityPole.py ...
Compiling /home/autoware/Autoware/build/vector_map_server/devel/lib/python2.7/dist-packages/vector_map_server/srv/_GetWall.py ...
Compiling /home/autoware/Autoware/build/vector_map_server/devel/lib/python2.7/dist-packages/vector_map_server/srv/_GetWayArea.py ...
Compiling /home/autoware/Autoware/build/vector_map_server/devel/lib/python2.7/dist-packages/vector_map_server/srv/_GetWhiteLine.py ...
Compiling /home/autoware/Autoware/build/vector_map_server/devel/lib/python2.7/dist-packages/vector_map_server/srv/_GetZebraZone.py ...
Compiling /home/autoware/Autoware/build/vector_map_server/devel/lib/python2.7/dist-packages/vector_map_server/srv/_PositionState.py ...
Compiling /home/autoware/Autoware/build/vector_map_server/devel/lib/python2.7/dist-packages/vector_map_server/srv/__init__.py ...
-- Installing: /home/autoware/Autoware/install/vector_map_server/lib/python2.7/dist-packages/vector_map_server
-- Installing: /home/autoware/Autoware/install/vector_map_server/lib/python2.7/dist-packages/vector_map_server/srv
-- Installing: /home/autoware/Autoware/install/vector_map_server/lib/python2.7/dist-packages/vector_map_server/srv/_GetWall.pyc
-- Installing: /home/autoware/Autoware/install/vector_map_server/lib/python2.7/dist-packages/vector_map_server/srv/_GetRoadPole.pyc
-- Installing: /home/autoware/Autoware/install/vector_map_server/lib/python2.7/dist-packages/vector_map_server/srv/_GetRoadMark.pyc
-- Installing: /home/autoware/Autoware/install/vector_map_server/lib/python2.7/dist-packages/vector_map_server/srv/_GetStopLine.pyc
-- Installing: /home/autoware/Autoware/install/vector_map_server/lib/python2.7/dist-packages/vector_map_server/srv/_GetLane.pyc
-- Installing: /home/autoware/Autoware/install/vector_map_server/lib/python2.7/dist-packages/vector_map_server/srv/_GetRoadEdge.pyc
-- Installing: /home/autoware/Autoware/install/vector_map_server/lib/python2.7/dist-packages/vector_map_server/srv/_GetRoadEdge.py
-- Installing: /home/autoware/Autoware/install/vector_map_server/lib/python2.7/dist-packages/vector_map_server/srv/_GetFence.pyc
-- Installing: /home/autoware/Autoware/install/vector_map_server/lib/python2.7/dist-packages/vector_map_server/srv/_GetStreetLight.pyc
-- Installing: /home/autoware/Autoware/install/vector_map_server/lib/python2.7/dist-packages/vector_map_server/srv/_GetDriveOnPortion.py
-- Installing: /home/autoware/Autoware/install/vector_map_server/lib/python2.7/dist-packages/vector_map_server/srv/_GetRoadMark.py
-- Installing: /home/autoware/Autoware/install/vector_map_server/lib/python2.7/dist-packages/vector_map_server/srv/_GetRoadPole.py
-- Installing: /home/autoware/Autoware/install/vector_map_server/lib/python2.7/dist-packages/vector_map_server/srv/_GetDTLane.pyc
-- Installing: /home/autoware/Autoware/install/vector_map_server/lib/python2.7/dist-packages/vector_map_server/srv/_GetDriveOnPortion.pyc
-- Installing: /home/autoware/Autoware/install/vector_map_server/lib/python2.7/dist-packages/vector_map_server/srv/_GetRailCrossing.pyc
-- Installing: /home/autoware/Autoware/install/vector_map_server/lib/python2.7/dist-packages/vector_map_server/srv/_GetCurb.py
-- Installing: /home/autoware/Autoware/install/vector_map_server/lib/python2.7/dist-packages/vector_map_server/srv/__init__.pyc
-- Installing: /home/autoware/Autoware/install/vector_map_server/lib/python2.7/dist-packages/vector_map_server/srv/_GetGuardRail.pyc
-- Installing: /home/autoware/Autoware/install/vector_map_server/lib/python2.7/dist-packages/vector_map_server/srv/_GetSideWalk.pyc
-- Installing: /home/autoware/Autoware/install/vector_map_server/lib/python2.7/dist-packages/vector_map_server/srv/_GetNode.pyc
-- Installing: /home/autoware/Autoware/install/vector_map_server/lib/python2.7/dist-packages/vector_map_server/srv/_GetNode.py
-- Installing: /home/autoware/Autoware/install/vector_map_server/lib/python2.7/dist-packages/vector_map_server/srv/_GetCurb.pyc
-- Installing: /home/autoware/Autoware/install/vector_map_server/lib/python2.7/dist-packages/vector_map_server/srv/_GetWhiteLine.py
-- Installing: /home/autoware/Autoware/install/vector_map_server/lib/python2.7/dist-packages/vector_map_server/srv/_GetCurveMirror.py
-- Installing: /home/autoware/Autoware/install/vector_map_server/lib/python2.7/dist-packages/vector_map_server/srv/_GetCrossRoad.pyc
-- Installing: /home/autoware/Autoware/install/vector_map_server/lib/python2.7/dist-packages/vector_map_server/srv/_GetGuardRail.py
-- Installing: /home/autoware/Autoware/install/vector_map_server/lib/python2.7/dist-packages/vector_map_server/srv/_GetCurveMirror.pyc
-- Installing: /home/autoware/Autoware/install/vector_map_server/lib/python2.7/dist-packages/vector_map_server/srv/_GetSignal.py
-- Installing: /home/autoware/Autoware/install/vector_map_server/lib/python2.7/dist-packages/vector_map_server/srv/_GetCrossWalk.py
-- Installing: /home/autoware/Autoware/install/vector_map_server/lib/python2.7/dist-packages/vector_map_server/srv/_GetWall.py
-- Installing: /home/autoware/Autoware/install/vector_map_server/lib/python2.7/dist-packages/vector_map_server/srv/_GetLane.py
-- Installing: /home/autoware/Autoware/install/vector_map_server/lib/python2.7/dist-packages/vector_map_server/srv/_GetCrossRoad.py
-- Installing: /home/autoware/Autoware/install/vector_map_server/lib/python2.7/dist-packages/vector_map_server/srv/_PositionState.pyc
-- Installing: /home/autoware/Autoware/install/vector_map_server/lib/python2.7/dist-packages/vector_map_server/srv/_GetSideStrip.pyc
-- Installing: /home/autoware/Autoware/install/vector_map_server/lib/python2.7/dist-packages/vector_map_server/srv/_GetWhiteLine.pyc
-- Installing: /home/autoware/Autoware/install/vector_map_server/lib/python2.7/dist-packages/vector_map_server/srv/_GetUtilityPole.pyc
-- Installing: /home/autoware/Autoware/install/vector_map_server/lib/python2.7/dist-packages/vector_map_server/srv/_GetCrossWalk.pyc
-- Installing: /home/autoware/Autoware/install/vector_map_server/lib/python2.7/dist-packages/vector_map_server/srv/_GetWayArea.py
-- Installing: /home/autoware/Autoware/install/vector_map_server/lib/python2.7/dist-packages/vector_map_server/srv/_GetRoadSign.pyc
-- Installing: /home/autoware/Autoware/install/vector_map_server/lib/python2.7/dist-packages/vector_map_server/srv/_GetWayArea.pyc
-- Installing: /home/autoware/Autoware/install/vector_map_server/lib/python2.7/dist-packages/vector_map_server/srv/_GetStopLine.py
-- Installing: /home/autoware/Autoware/install/vector_map_server/lib/python2.7/dist-packages/vector_map_server/srv/_GetRailCrossing.py
-- Installing: /home/autoware/Autoware/install/vector_map_server/lib/python2.7/dist-packages/vector_map_server/srv/_GetGutter.py
-- Installing: /home/autoware/Autoware/install/vector_map_server/lib/python2.7/dist-packages/vector_map_server/srv/__init__.py
-- Installing: /home/autoware/Autoware/install/vector_map_server/lib/python2.7/dist-packages/vector_map_server/srv/_GetZebraZone.pyc
-- Installing: /home/autoware/Autoware/install/vector_map_server/lib/python2.7/dist-packages/vector_map_server/srv/_GetStreetLight.py
-- Installing: /home/autoware/Autoware/install/vector_map_server/lib/python2.7/dist-packages/vector_map_server/srv/_GetRoadSign.py
-- Installing: /home/autoware/Autoware/install/vector_map_server/lib/python2.7/dist-packages/vector_map_server/srv/_GetFence.py
-- Installing: /home/autoware/Autoware/install/vector_map_server/lib/python2.7/dist-packages/vector_map_server/srv/_GetDTLane.py
-- Installing: /home/autoware/Autoware/install/vector_map_server/lib/python2.7/dist-packages/vector_map_server/srv/_GetSideWalk.py
-- Installing: /home/autoware/Autoware/install/vector_map_server/lib/python2.7/dist-packages/vector_map_server/srv/_GetGutter.pyc
-- Installing: /home/autoware/Autoware/install/vector_map_server/lib/python2.7/dist-packages/vector_map_server/srv/_GetZebraZone.py
-- Installing: /home/autoware/Autoware/install/vector_map_server/lib/python2.7/dist-packages/vector_map_server/srv/_PositionState.py
-- Installing: /home/autoware/Autoware/install/vector_map_server/lib/python2.7/dist-packages/vector_map_server/srv/_GetUtilityPole.py
-- Installing: /home/autoware/Autoware/install/vector_map_server/lib/python2.7/dist-packages/vector_map_server/srv/_GetSignal.pyc
-- Installing: /home/autoware/Autoware/install/vector_map_server/lib/python2.7/dist-packages/vector_map_server/srv/_GetSideStrip.py
-- Installing: /home/autoware/Autoware/install/vector_map_server/lib/python2.7/dist-packages/vector_map_server/__init__.pyc
-- Installing: /home/autoware/Autoware/install/vector_map_server/lib/python2.7/dist-packages/vector_map_server/__init__.py
-- Installing: /home/autoware/Autoware/install/vector_map_server/lib/pkgconfig/vector_map_server.pc
-- Installing: /home/autoware/Autoware/install/vector_map_server/share/vector_map_server/cmake/vector_map_server-msg-extras.cmake
-- Installing: /home/autoware/Autoware/install/vector_map_server/share/vector_map_server/cmake/vector_map_serverConfig.cmake
-- Installing: /home/autoware/Autoware/install/vector_map_server/share/vector_map_server/cmake/vector_map_serverConfig-version.cmake
-- Installing: /home/autoware/Autoware/install/vector_map_server/share/vector_map_server/package.xml
-- Installing: /home/autoware/Autoware/install/vector_map_server/lib/vector_map_server/vector_map_server
-- Set runtime path of "/home/autoware/Autoware/install/vector_map_server/lib/vector_map_server/vector_map_server" to ""
-- Installing: /home/autoware/Autoware/install/vector_map_server/lib/vector_map_server/vector_map_client
-- Set runtime path of "/home/autoware/Autoware/install/vector_map_server/lib/vector_map_server/vector_map_client" to ""
