Determining if the pthread_create exist failed with the following output:
Change Dir: /home/autoware/Autoware/build/op_simulation_package/CMakeFiles/CMakeTmp

Run Build Command:"/usr/bin/make" "cmTC_20a01/fast"
/usr/bin/make -f CMakeFiles/cmTC_20a01.dir/build.make CMakeFiles/cmTC_20a01.dir/build
make[1]: Entering directory '/home/autoware/Autoware/build/op_simulation_package/CMakeFiles/CMakeTmp'
Building C object CMakeFiles/cmTC_20a01.dir/CheckSymbolExists.c.o
/usr/bin/cc    -o CMakeFiles/cmTC_20a01.dir/CheckSymbolExists.c.o   -c /home/autoware/Autoware/build/op_simulation_package/CMakeFiles/CMakeTmp/CheckSymbolExists.c
Linking C executable cmTC_20a01
/usr/bin/cmake -E cmake_link_script CMakeFiles/cmTC_20a01.dir/link.txt --verbose=1
/usr/bin/cc      -rdynamic CMakeFiles/cmTC_20a01.dir/CheckSymbolExists.c.o  -o cmTC_20a01 
CMakeFiles/cmTC_20a01.dir/CheckSymbolExists.c.o: In function `main':
CheckSymbolExists.c:(.text+0x1b): undefined reference to `pthread_create'
collect2: error: ld returned 1 exit status
CMakeFiles/cmTC_20a01.dir/build.make:97: recipe for target 'cmTC_20a01' failed
make[1]: *** [cmTC_20a01] Error 1
make[1]: Leaving directory '/home/autoware/Autoware/build/op_simulation_package/CMakeFiles/CMakeTmp'
Makefile:126: recipe for target 'cmTC_20a01/fast' failed
make: *** [cmTC_20a01/fast] Error 2

File /home/autoware/Autoware/build/op_simulation_package/CMakeFiles/CMakeTmp/CheckSymbolExists.c:
/* */
#include <pthread.h>

int main(int argc, char** argv)
{
  (void)argv;
#ifndef pthread_create
  return ((int*)(&pthread_create))[argc];
#else
  (void)argc;
  return 0;
#endif
}

Determining if the function pthread_create exists in the pthreads failed with the following output:
Change Dir: /home/autoware/Autoware/build/op_simulation_package/CMakeFiles/CMakeTmp

Run Build Command:"/usr/bin/make" "cmTC_7abec/fast"
/usr/bin/make -f CMakeFiles/cmTC_7abec.dir/build.make CMakeFiles/cmTC_7abec.dir/build
make[1]: Entering directory '/home/autoware/Autoware/build/op_simulation_package/CMakeFiles/CMakeTmp'
Building C object CMakeFiles/cmTC_7abec.dir/CheckFunctionExists.c.o
/usr/bin/cc   -DCHECK_FUNCTION_EXISTS=pthread_create   -o CMakeFiles/cmTC_7abec.dir/CheckFunctionExists.c.o   -c /usr/share/cmake-3.10/Modules/CheckFunctionExists.c
Linking C executable cmTC_7abec
/usr/bin/cmake -E cmake_link_script CMakeFiles/cmTC_7abec.dir/link.txt --verbose=1
/usr/bin/cc  -DCHECK_FUNCTION_EXISTS=pthread_create    -rdynamic CMakeFiles/cmTC_7abec.dir/CheckFunctionExists.c.o  -o cmTC_7abec -lpthreads 
/usr/bin/ld: cannot find -lpthreads
collect2: error: ld returned 1 exit status
CMakeFiles/cmTC_7abec.dir/build.make:97: recipe for target 'cmTC_7abec' failed
make[1]: *** [cmTC_7abec] Error 1
make[1]: Leaving directory '/home/autoware/Autoware/build/op_simulation_package/CMakeFiles/CMakeTmp'
Makefile:126: recipe for target 'cmTC_7abec/fast' failed
make: *** [cmTC_7abec/fast] Error 2


