-- The C compiler identification is GNU 7.5.0
-- The CXX compiler identification is GNU 7.5.0
-- Check for working C compiler: /usr/bin/cc
-- Check for working C compiler: /usr/bin/cc -- works
-- Detecting C compiler ABI info
-- Detecting C compiler ABI info - done
-- Detecting C compile features
-- Detecting C compile features - done
-- Check for working CXX compiler: /usr/bin/c++
-- Check for working CXX compiler: /usr/bin/c++ -- works
-- Detecting CXX compiler ABI info
-- Detecting CXX compiler ABI info - done
-- Detecting CXX compile features
-- Detecting CXX compile features - done
-- CUDA compilation status: ON.
-- Using CATKIN_DEVEL_PREFIX: /home/autoware/Autoware/build/object_map/devel
-- Using CMAKE_PREFIX_PATH: /home/autoware/Autoware/install/lanelet2_extension;/home/autoware/Autoware/install/vector_map;/home/autoware/Autoware/install/amathutils_lib;/home/autoware/Autoware/install/vector_map_msgs;/home/autoware/Autoware/install/autoware_msgs;/home/autoware/Autoware/install/autoware_lanelet2_msgs;/home/autoware/Autoware/install/autoware_build_flags;/opt/ros/melodic
-- This workspace overlays: /home/autoware/Autoware/install/lanelet2_extension;/home/autoware/Autoware/install/vector_map;/home/autoware/Autoware/install/amathutils_lib;/home/autoware/Autoware/install/vector_map_msgs;/home/autoware/Autoware/install/autoware_msgs;/home/autoware/Autoware/install/autoware_lanelet2_msgs;/home/autoware/Autoware/install/autoware_build_flags;/opt/ros/melodic
-- Found PythonInterp: /usr/bin/python2 (found suitable version "2.7.17", minimum required is "2") 
-- Using PYTHON_EXECUTABLE: /usr/bin/python2
-- Using Debian Python package layout
-- Using empy: /usr/bin/empy
-- Using CATKIN_ENABLE_TESTING: ON
-- Call enable_testing()
-- Using CATKIN_TEST_RESULTS_DIR: /home/autoware/Autoware/build/object_map/test_results
-- Found gtest sources under '/usr/src/googletest': gtests will be built
-- Found gmock sources under '/usr/src/googletest': gmock will be built
-- Found PythonInterp: /usr/bin/python2 (found version "2.7.17") 
-- Looking for pthread.h
-- Looking for pthread.h - found
-- Looking for pthread_create
-- Looking for pthread_create - not found
-- Looking for pthread_create in pthreads
-- Looking for pthread_create in pthreads - not found
-- Looking for pthread_create in pthread
-- Looking for pthread_create in pthread - found
-- Found Threads: TRUE  
-- Using Python nosetests: /usr/bin/nosetests-2.7
-- catkin 0.7.26
-- BUILD_SHARED_LIBS is on
-- Using these message generators: gencpp;geneus;genlisp;gennodejs;genpy
-- Boost version: 1.65.1
-- Found the following Boost libraries:
--   wserialization
--   thread
--   random
--   serialization
--   log_setup
--   prg_exec_monitor
--   wave
--   system
--   chrono
--   filesystem
--   locale
--   timer
--   date_time
--   regex
--   graph
--   program_options
--   unit_test_framework
--   log
--   atomic
-- Found OpenMP_C: -fopenmp (found version "4.5") 
-- Found OpenMP_CXX: -fopenmp (found version "4.5") 
-- Found OpenMP: TRUE (found version "4.5")  
-- Found pugixml: /usr/lib/x86_64-linux-gnu/libpugixml.so  
-- Found PkgConfig: /usr/bin/pkg-config (found version "0.29.1") 
-- Found GeographicLib: /usr/lib/x86_64-linux-gnu/libGeographic.so  
-- Found OpenCV: /usr (found version "3.2.0") 
-- Checking for module 'eigen3'
--   Found eigen3, version 3.3.7
-- Found eigen: /usr/local/include/eigen3  
-- Boost version: 1.65.1
-- Found the following Boost libraries:
--   system
--   filesystem
--   thread
--   date_time
--   iostreams
--   serialization
--   chrono
--   atomic
--   regex
-- Checking for module 'libopenni'
--   Found libopenni, version 1.5.4.0
-- Found openni: /usr/lib/libOpenNI.so  
-- Checking for module 'libopenni2'
--   Found libopenni2, version 2.2.0.3
-- Found OpenNI2: /usr/lib/libOpenNI2.so  
-- Could NOT find ensenso (missing: ENSENSO_LIBRARY ENSENSO_INCLUDE_DIR) 
-- Could NOT find DAVIDSDK (missing: DAVIDSDK_LIBRARY DAVIDSDK_INCLUDE_DIR) 
-- Could NOT find DSSDK (missing: _DSSDK_LIBRARIES) 
-- The imported target "vtkRenderingPythonTkWidgets" references the file
   "/usr/lib/x86_64-linux-gnu/libvtkRenderingPythonTkWidgets.so"
but this file does not exist.  Possible reasons include:
* The file was deleted, renamed, or moved to another location.
* An install or uninstall procedure did not complete successfully.
* The installation package was faulty and contained
   "/usr/lib/cmake/vtk-6.3/VTKTargets.cmake"
but not all the files it references.

-- The imported target "vtk" references the file
   "/usr/bin/vtk"
but this file does not exist.  Possible reasons include:
* The file was deleted, renamed, or moved to another location.
* An install or uninstall procedure did not complete successfully.
* The installation package was faulty and contained
   "/usr/lib/cmake/vtk-6.3/VTKTargets.cmake"
but not all the files it references.

-- Found libusb-1.0: /usr/include  
-- Checking for module 'flann'
--   Found flann, version 1.9.1
-- Found Flann: /usr/lib/x86_64-linux-gnu/libflann_cpp_s.a  
-- Could NOT find ensenso (missing: ENSENSO_LIBRARY ENSENSO_INCLUDE_DIR) 
-- Could NOT find DAVIDSDK (missing: DAVIDSDK_LIBRARY DAVIDSDK_INCLUDE_DIR) 
-- Could NOT find DSSDK (missing: _DSSDK_LIBRARIES) 
-- Could NOT find RSSDK (missing: _RSSDK_LIBRARIES) 
-- Found qhull: /usr/lib/x86_64-linux-gnu/libqhull.so  
-- looking for PCL_COMMON
-- Found PCL_COMMON: /usr/lib/x86_64-linux-gnu/libpcl_common.so  
-- looking for PCL_OCTREE
-- Found PCL_OCTREE: /usr/lib/x86_64-linux-gnu/libpcl_octree.so  
-- looking for PCL_IO
-- Found PCL_IO: /usr/lib/x86_64-linux-gnu/libpcl_io.so  
-- looking for PCL_KDTREE
-- Found PCL_KDTREE: /usr/lib/x86_64-linux-gnu/libpcl_kdtree.so  
-- looking for PCL_SEARCH
-- Found PCL_SEARCH: /usr/lib/x86_64-linux-gnu/libpcl_search.so  
-- looking for PCL_SAMPLE_CONSENSUS
-- Found PCL_SAMPLE_CONSENSUS: /usr/lib/x86_64-linux-gnu/libpcl_sample_consensus.so  
-- looking for PCL_FILTERS
-- Found PCL_FILTERS: /usr/lib/x86_64-linux-gnu/libpcl_filters.so  
-- looking for PCL_2D
-- Found PCL_2D: /usr/include/pcl-1.8  
-- looking for PCL_GEOMETRY
-- Found PCL_GEOMETRY: /usr/include/pcl-1.8  
-- looking for PCL_FEATURES
-- Found PCL_FEATURES: /usr/lib/x86_64-linux-gnu/libpcl_features.so  
-- looking for PCL_ML
-- Found PCL_ML: /usr/lib/x86_64-linux-gnu/libpcl_ml.so  
-- looking for PCL_SEGMENTATION
-- Found PCL_SEGMENTATION: /usr/lib/x86_64-linux-gnu/libpcl_segmentation.so  
-- looking for PCL_VISUALIZATION
-- Found PCL_VISUALIZATION: /usr/lib/x86_64-linux-gnu/libpcl_visualization.so  
-- looking for PCL_SURFACE
-- Found PCL_SURFACE: /usr/lib/x86_64-linux-gnu/libpcl_surface.so  
-- looking for PCL_REGISTRATION
-- Found PCL_REGISTRATION: /usr/lib/x86_64-linux-gnu/libpcl_registration.so  
-- looking for PCL_KEYPOINTS
-- Found PCL_KEYPOINTS: /usr/lib/x86_64-linux-gnu/libpcl_keypoints.so  
-- looking for PCL_TRACKING
-- Found PCL_TRACKING: /usr/lib/x86_64-linux-gnu/libpcl_tracking.so  
-- looking for PCL_RECOGNITION
-- Found PCL_RECOGNITION: /usr/lib/x86_64-linux-gnu/libpcl_recognition.so  
-- looking for PCL_STEREO
-- Found PCL_STEREO: /usr/lib/x86_64-linux-gnu/libpcl_stereo.so  
-- looking for PCL_APPS
-- Found PCL_APPS: /usr/lib/x86_64-linux-gnu/libpcl_apps.so  
-- looking for PCL_IN_HAND_SCANNER
-- Found PCL_IN_HAND_SCANNER: /usr/include/pcl-1.8  
-- looking for PCL_MODELER
-- Found PCL_MODELER: /usr/include/pcl-1.8  
-- looking for PCL_POINT_CLOUD_EDITOR
-- Found PCL_POINT_CLOUD_EDITOR: /usr/include/pcl-1.8  
-- looking for PCL_OUTOFCORE
-- Found PCL_OUTOFCORE: /usr/lib/x86_64-linux-gnu/libpcl_outofcore.so  
-- looking for PCL_PEOPLE
-- Found PCL_PEOPLE: /usr/lib/x86_64-linux-gnu/libpcl_people.so  
-- Found PCL: /usr/lib/x86_64-linux-gnu/libboost_system.so;/usr/lib/x86_64-linux-gnu/libboost_filesystem.so;/usr/lib/x86_64-linux-gnu/libboost_thread.so;/usr/lib/x86_64-linux-gnu/libboost_date_time.so;/usr/lib/x86_64-linux-gnu/libboost_iostreams.so;/usr/lib/x86_64-linux-gnu/libboost_serialization.so;/usr/lib/x86_64-linux-gnu/libboost_chrono.so;/usr/lib/x86_64-linux-gnu/libboost_atomic.so;/usr/lib/x86_64-linux-gnu/libboost_regex.so;/usr/lib/x86_64-linux-gnu/libpthread.so;optimized;/usr/lib/x86_64-linux-gnu/libpcl_common.so;debug;/usr/lib/x86_64-linux-gnu/libpcl_common.so;optimized;/usr/lib/x86_64-linux-gnu/libpcl_octree.so;debug;/usr/lib/x86_64-linux-gnu/libpcl_octree.so;/usr/lib/libOpenNI.so;/usr/lib/libOpenNI2.so;vtkChartsCore;vtkCommonColor;vtkCommonDataModel;vtkCommonMath;vtkCommonCore;vtksys;vtkCommonMisc;vtkCommonSystem;vtkCommonTransforms;vtkInfovisCore;vtkFiltersExtraction;vtkCommonExecutionModel;vtkFiltersCore;vtkFiltersGeneral;vtkCommonComputationalGeometry;vtkFiltersStatistics;vtkImagingFourier;vtkImagingCore;vtkalglib;vtkRenderingContext2D;vtkRenderingCore;vtkFiltersGeometry;vtkFiltersSources;vtkRenderingFreeType;/usr/lib/x86_64-linux-gnu/libfreetype.so;/usr/lib/x86_64-linux-gnu/libz.so;vtkftgl;vtkDICOMParser;vtkDomainsChemistry;vtkIOXML;vtkIOGeometry;vtkIOCore;vtkIOXMLParser;/usr/lib/x86_64-linux-gnu/libexpat.so;vtkFiltersAMR;vtkParallelCore;vtkIOLegacy;vtkFiltersFlowPaths;vtkFiltersGeneric;vtkFiltersHybrid;vtkImagingSources;vtkFiltersHyperTree;vtkFiltersImaging;vtkImagingGeneral;vtkFiltersModeling;vtkFiltersParallel;vtkFiltersParallelFlowPaths;vtkParallelMPI;vtkFiltersParallelGeometry;vtkFiltersParallelImaging;vtkFiltersParallelMPI;vtkFiltersParallelStatistics;vtkFiltersProgrammable;vtkFiltersPython;/usr/lib/x86_64-linux-gnu/libpython2.7.so;vtkWrappingPythonCore;vtkWrappingTools;vtkFiltersReebGraph;vtkFiltersSMP;vtkFiltersSelection;vtkFiltersTexture;vtkFiltersVerdict;verdict;vtkGUISupportQt;vtkInteractionStyle;vtkRenderingOpenGL;vtkImagingHybrid;vtkIOImage;vtkmetaio;/usr/lib/x86_64-linux-gnu/libjpeg.so;/usr/lib/x86_64-linux-gnu/libpng.so;/usr/lib/x86_64-linux-gnu/libtiff.so;vtkGUISupportQtOpenGL;vtkGUISupportQtSQL;vtkIOSQL;sqlite3;vtkGUISupportQtWebkit;vtkViewsQt;vtkViewsInfovis;vtkInfovisLayout;vtkInfovisBoostGraphAlgorithms;vtkRenderingLabel;vtkViewsCore;vtkInteractionWidgets;vtkRenderingAnnotation;vtkImagingColor;vtkRenderingVolume;vtkGeovisCore;/usr/lib/x86_64-linux-gnu/libproj.so;vtkIOAMR;/usr/lib/x86_64-linux-gnu/hdf5/openmpi/libhdf5.so;/usr/lib/x86_64-linux-gnu/libsz.so;/usr/lib/x86_64-linux-gnu/libdl.so;/usr/lib/x86_64-linux-gnu/libm.so;/usr/lib/x86_64-linux-gnu/openmpi/lib/libmpi.so;vtkIOEnSight;vtkIOExodus;vtkexoIIc;/usr/lib/x86_64-linux-gnu/libnetcdf_c++.so;/usr/lib/x86_64-linux-gnu/libnetcdf.so;vtkIOExport;vtkRenderingGL2PS;vtkRenderingContextOpenGL;/usr/lib/x86_64-linux-gnu/libgl2ps.so;vtkIOFFMPEG;vtkIOMovie;/usr/lib/x86_64-linux-gnu/libtheoraenc.so;/usr/lib/x86_64-linux-gnu/libtheoradec.so;/usr/lib/x86_64-linux-gnu/libogg.so;vtkIOGDAL;vtkIOGeoJSON;vtkIOImport;vtkIOInfovis;/usr/lib/x86_64-linux-gnu/libxml2.so;vtkIOLSDyna;vtkIOMINC;vtkIOMPIImage;vtkIOMPIParallel;vtkIOParallel;vtkIONetCDF;/usr/lib/x86_64-linux-gnu/libjsoncpp.so;vtkIOMySQL;vtkIOODBC;vtkIOPLY;vtkIOParallelExodus;vtkIOParallelLSDyna;vtkIOParallelNetCDF;vtkIOParallelXML;vtkIOPostgreSQL;vtkIOVPIC;VPIC;vtkIOVideo;vtkIOXdmf2;vtkxdmf2;vtkImagingMath;vtkImagingMorphological;vtkImagingStatistics;vtkImagingStencil;vtkInteractionImage;vtkLocalExample;vtkParallelMPI4Py;vtkPythonInterpreter;vtkRenderingExternal;vtkRenderingFreeTypeFontConfig;vtkRenderingImage;vtkRenderingLIC;vtkRenderingLOD;vtkRenderingMatplotlib;vtkRenderingParallel;vtkRenderingParallelLIC;vtkRenderingQt;vtkRenderingVolumeAMR;vtkRenderingVolumeOpenGL;vtkTestingGenericBridge;vtkTestingIOSQL;vtkTestingRendering;vtkViewsContext2D;vtkViewsGeovis;vtkWrappingJava;optimized;/usr/lib/x86_64-linux-gnu/libpcl_io.so;debug;/usr/lib/x86_64-linux-gnu/libpcl_io.so;optimized;/usr/lib/x86_64-linux-gnu/libflann_cpp_s.a;debug;/usr/lib/x86_64-linux-gnu/libflann_cpp_s.a;optimized;/usr/lib/x86_64-linux-gnu/libpcl_kdtree.so;debug;/usr/lib/x86_64-linux-gnu/libpcl_kdtree.so;optimized;/usr/lib/x86_64-linux-gnu/libpcl_search.so;debug;/usr/lib/x86_64-linux-gnu/libpcl_search.so;optimized;/usr/lib/x86_64-linux-gnu/libpcl_sample_consensus.so;debug;/usr/lib/x86_64-linux-gnu/libpcl_sample_consensus.so;optimized;/usr/lib/x86_64-linux-gnu/libpcl_filters.so;debug;/usr/lib/x86_64-linux-gnu/libpcl_filters.so;optimized;/usr/lib/x86_64-linux-gnu/libpcl_features.so;debug;/usr/lib/x86_64-linux-gnu/libpcl_features.so;optimized;/usr/lib/x86_64-linux-gnu/libpcl_ml.so;debug;/usr/lib/x86_64-linux-gnu/libpcl_ml.so;optimized;/usr/lib/x86_64-linux-gnu/libpcl_segmentation.so;debug;/usr/lib/x86_64-linux-gnu/libpcl_segmentation.so;optimized;/usr/lib/x86_64-linux-gnu/libpcl_visualization.so;debug;/usr/lib/x86_64-linux-gnu/libpcl_visualization.so;optimized;/usr/lib/x86_64-linux-gnu/libqhull.so;debug;/usr/lib/x86_64-linux-gnu/libqhull.so;optimized;/usr/lib/x86_64-linux-gnu/libpcl_surface.so;debug;/usr/lib/x86_64-linux-gnu/libpcl_surface.so;optimized;/usr/lib/x86_64-linux-gnu/libpcl_registration.so;debug;/usr/lib/x86_64-linux-gnu/libpcl_registration.so;optimized;/usr/lib/x86_64-linux-gnu/libpcl_keypoints.so;debug;/usr/lib/x86_64-linux-gnu/libpcl_keypoints.so;optimized;/usr/lib/x86_64-linux-gnu/libpcl_tracking.so;debug;/usr/lib/x86_64-linux-gnu/libpcl_tracking.so;optimized;/usr/lib/x86_64-linux-gnu/libpcl_recognition.so;debug;/usr/lib/x86_64-linux-gnu/libpcl_recognition.so;optimized;/usr/lib/x86_64-linux-gnu/libpcl_stereo.so;debug;/usr/lib/x86_64-linux-gnu/libpcl_stereo.so;optimized;/usr/lib/x86_64-linux-gnu/libpcl_apps.so;debug;/usr/lib/x86_64-linux-gnu/libpcl_apps.so;optimized;/usr/lib/x86_64-linux-gnu/libpcl_outofcore.so;debug;/usr/lib/x86_64-linux-gnu/libpcl_outofcore.so;optimized;/usr/lib/x86_64-linux-gnu/libpcl_people.so;debug;/usr/lib/x86_64-linux-gnu/libpcl_people.so;/usr/lib/x86_64-linux-gnu/libboost_system.so;/usr/lib/x86_64-linux-gnu/libboost_filesystem.so;/usr/lib/x86_64-linux-gnu/libboost_thread.so;/usr/lib/x86_64-linux-gnu/libboost_date_time.so;/usr/lib/x86_64-linux-gnu/libboost_iostreams.so;/usr/lib/x86_64-linux-gnu/libboost_serialization.so;/usr/lib/x86_64-linux-gnu/libboost_chrono.so;/usr/lib/x86_64-linux-gnu/libboost_atomic.so;/usr/lib/x86_64-linux-gnu/libboost_regex.so;/usr/lib/x86_64-linux-gnu/libpthread.so;optimized;/usr/lib/x86_64-linux-gnu/libqhull.so;debug;/usr/lib/x86_64-linux-gnu/libqhull.so;/usr/lib/libOpenNI.so;/usr/lib/libOpenNI2.so;optimized;/usr/lib/x86_64-linux-gnu/libflann_cpp_s.a;debug;/usr/lib/x86_64-linux-gnu/libflann_cpp_s.a;vtkChartsCore;vtkCommonColor;vtkCommonDataModel;vtkCommonMath;vtkCommonCore;vtksys;vtkCommonMisc;vtkCommonSystem;vtkCommonTransforms;vtkInfovisCore;vtkFiltersExtraction;vtkCommonExecutionModel;vtkFiltersCore;vtkFiltersGeneral;vtkCommonComputationalGeometry;vtkFiltersStatistics;vtkImagingFourier;vtkImagingCore;vtkalglib;vtkRenderingContext2D;vtkRenderingCore;vtkFiltersGeometry;vtkFiltersSources;vtkRenderingFreeType;/usr/lib/x86_64-linux-gnu/libfreetype.so;/usr/lib/x86_64-linux-gnu/libz.so;vtkftgl;vtkDICOMParser;vtkDomainsChemistry;vtkIOXML;vtkIOGeometry;vtkIOCore;vtkIOXMLParser;/usr/lib/x86_64-linux-gnu/libexpat.so;vtkFiltersAMR;vtkParallelCore;vtkIOLegacy;vtkFiltersFlowPaths;vtkFiltersGeneric;vtkFiltersHybrid;vtkImagingSources;vtkFiltersHyperTree;vtkFiltersImaging;vtkImagingGeneral;vtkFiltersModeling;vtkFiltersParallel;vtkFiltersParallelFlowPaths;vtkParallelMPI;vtkFiltersParallelGeometry;vtkFiltersParallelImaging;vtkFiltersParallelMPI;vtkFiltersParallelStatistics;vtkFiltersProgrammable;vtkFiltersPython;/usr/lib/x86_64-linux-gnu/libpython2.7.so;vtkWrappingPythonCore;vtkWrappingTools;vtkFiltersReebGraph;vtkFiltersSMP;vtkFiltersSelection;vtkFiltersTexture;vtkFiltersVerdict;verdict;vtkGUISupportQt;vtkInteractionStyle;vtkRenderingOpenGL;vtkImagingHybrid;vtkIOImage;vtkmetaio;/usr/lib/x86_64-linux-gnu/libjpeg.so;/usr/lib/x86_64-linux-gnu/libpng.so;/usr/lib/x86_64-linux-gnu/libtiff.so;vtkGUISupportQtOpenGL;vtkGUISupportQtSQL;vtkIOSQL;sqlite3;vtkGUISupportQtWebkit;vtkViewsQt;vtkViewsInfovis;vtkInfovisLayout;vtkInfovisBoostGraphAlgorithms;vtkRenderingLabel;vtkViewsCore;vtkInteractionWidgets;vtkRenderingAnnotation;vtkImagingColor;vtkRenderingVolume;vtkGeovisCore;/usr/lib/x86_64-linux-gnu/libproj.so;vtkIOAMR;/usr/lib/x86_64-linux-gnu/hdf5/openmpi/libhdf5.so;/usr/lib/x86_64-linux-gnu/libsz.so;/usr/lib/x86_64-linux-gnu/libdl.so;/usr/lib/x86_64-linux-gnu/libm.so;/usr/lib/x86_64-linux-gnu/openmpi/lib/libmpi.so;vtkIOEnSight;vtkIOExodus;vtkexoIIc;/usr/lib/x86_64-linux-gnu/libnetcdf_c++.so;/usr/lib/x86_64-linux-gnu/libnetcdf.so;vtkIOExport;vtkRenderingGL2PS;vtkRenderingContextOpenGL;/usr/lib/x86_64-linux-gnu/libgl2ps.so;vtkIOFFMPEG;vtkIOMovie;/usr/lib/x86_64-linux-gnu/libtheoraenc.so;/usr/lib/x86_64-linux-gnu/libtheoradec.so;/usr/lib/x86_64-linux-gnu/libogg.so;vtkIOGDAL;vtkIOGeoJSON;vtkIOImport;vtkIOInfovis;/usr/lib/x86_64-linux-gnu/libxml2.so;vtkIOLSDyna;vtkIOMINC;vtkIOMPIImage;vtkIOMPIParallel;vtkIOParallel;vtkIONetCDF;/usr/lib/x86_64-linux-gnu/libjsoncpp.so;vtkIOMySQL;vtkIOODBC;vtkIOPLY;vtkIOParallelExodus;vtkIOParallelLSDyna;vtkIOParallelNetCDF;vtkIOParallelXML;vtkIOPostgreSQL;vtkIOVPIC;VPIC;vtkIOVideo;vtkIOXdmf2;vtkxdmf2;vtkImagingMath;vtkImagingMorphological;vtkImagingStatistics;vtkImagingStencil;vtkInteractionImage;vtkLocalExample;vtkParallelMPI4Py;vtkPythonInterpreter;vtkRenderingExternal;vtkRenderingFreeTypeFontConfig;vtkRenderingImage;vtkRenderingLIC;vtkRenderingLOD;vtkRenderingMatplotlib;vtkRenderingParallel;vtkRenderingParallelLIC;vtkRenderingQt;vtkRenderingVolumeAMR;vtkRenderingVolumeOpenGL;vtkTestingGenericBridge;vtkTestingIOSQL;vtkTestingRendering;vtkViewsContext2D;vtkViewsGeovis;vtkWrappingJava  
-- Found OpenMP_C: -fopenmp (found version "4.5") 
-- Found OpenMP_CXX: -fopenmp (found version "4.5") 
-- Configuring done
-- Generating done
-- Build files have been written to: /home/autoware/Autoware/build/object_map
Scanning dependencies of target object_map_utils_lib
[  5%] Building CXX object CMakeFiles/object_map_utils_lib.dir/include/object_map/object_map_utils.cpp.o
[ 11%] Linking CXX shared library devel/lib/libobject_map_utils_lib.so
[ 11%] Built target object_map_utils_lib
Scanning dependencies of target laserscan2costmap
[ 16%] Building CXX object CMakeFiles/laserscan2costmap.dir/nodes/laserscan2costmap/laserscan2costmap.cpp.o
[ 22%] Linking CXX executable devel/lib/object_map/laserscan2costmap
[ 22%] Built target laserscan2costmap
Scanning dependencies of target tf_generate_messages_eus
[ 22%] Built target tf_generate_messages_eus
Scanning dependencies of target vector_map_msgs_generate_messages_py
[ 22%] Built target vector_map_msgs_generate_messages_py
Scanning dependencies of target vector_map_msgs_generate_messages_lisp
[ 22%] Built target vector_map_msgs_generate_messages_lisp
Scanning dependencies of target vector_map_msgs_generate_messages_eus
[ 22%] Built target vector_map_msgs_generate_messages_eus
Scanning dependencies of target vector_map_msgs_generate_messages_cpp
[ 22%] Built target vector_map_msgs_generate_messages_cpp
Scanning dependencies of target bond_generate_messages_nodejs
[ 22%] Built target bond_generate_messages_nodejs
Scanning dependencies of target bond_generate_messages_lisp
[ 22%] Built target bond_generate_messages_lisp
Scanning dependencies of target bond_generate_messages_eus
[ 22%] Built target bond_generate_messages_eus
Scanning dependencies of target bond_generate_messages_cpp
[ 22%] Built target bond_generate_messages_cpp
Scanning dependencies of target nodelet_generate_messages_nodejs
[ 22%] Built target nodelet_generate_messages_nodejs
Scanning dependencies of target nodelet_generate_messages_eus
[ 22%] Built target nodelet_generate_messages_eus
Scanning dependencies of target nodelet_generate_messages_cpp
[ 22%] Built target nodelet_generate_messages_cpp
Scanning dependencies of target dynamic_reconfigure_generate_messages_py
[ 22%] Built target dynamic_reconfigure_generate_messages_py
Scanning dependencies of target dynamic_reconfigure_generate_messages_nodejs
[ 22%] Built target dynamic_reconfigure_generate_messages_nodejs
Scanning dependencies of target dynamic_reconfigure_generate_messages_lisp
[ 22%] Built target dynamic_reconfigure_generate_messages_lisp
Scanning dependencies of target dynamic_reconfigure_generate_messages_eus
[ 22%] Built target dynamic_reconfigure_generate_messages_eus
Scanning dependencies of target pcl_ros_gencfg
[ 22%] Built target pcl_ros_gencfg
Scanning dependencies of target vector_map_msgs_generate_messages_nodejs
[ 22%] Built target vector_map_msgs_generate_messages_nodejs
Scanning dependencies of target bond_generate_messages_py
[ 22%] Built target bond_generate_messages_py
Scanning dependencies of target autoware_lanelet2_msgs_generate_messages_lisp
[ 22%] Built target autoware_lanelet2_msgs_generate_messages_lisp
Scanning dependencies of target autoware_lanelet2_msgs_generate_messages_eus
[ 22%] Built target autoware_lanelet2_msgs_generate_messages_eus
Scanning dependencies of target autoware_lanelet2_msgs_generate_messages_cpp
[ 22%] Built target autoware_lanelet2_msgs_generate_messages_cpp
Scanning dependencies of target visualization_msgs_generate_messages_py
[ 22%] Built target visualization_msgs_generate_messages_py
Scanning dependencies of target visualization_msgs_generate_messages_nodejs
[ 22%] Built target visualization_msgs_generate_messages_nodejs
Scanning dependencies of target visualization_msgs_generate_messages_eus
[ 22%] Built target visualization_msgs_generate_messages_eus
Scanning dependencies of target tf2_msgs_generate_messages_nodejs
[ 22%] Built target tf2_msgs_generate_messages_nodejs
Scanning dependencies of target tf2_msgs_generate_messages_cpp
[ 22%] Built target tf2_msgs_generate_messages_cpp
Scanning dependencies of target tf2_msgs_generate_messages_py
[ 22%] Built target tf2_msgs_generate_messages_py
Scanning dependencies of target actionlib_generate_messages_py
[ 22%] Built target actionlib_generate_messages_py
Scanning dependencies of target actionlib_generate_messages_cpp
[ 22%] Built target actionlib_generate_messages_cpp
Scanning dependencies of target dynamic_reconfigure_generate_messages_cpp
[ 22%] Built target dynamic_reconfigure_generate_messages_cpp
Scanning dependencies of target tf_generate_messages_py
[ 22%] Built target tf_generate_messages_py
Scanning dependencies of target tf_generate_messages_nodejs
[ 22%] Built target tf_generate_messages_nodejs
Scanning dependencies of target tf_generate_messages_lisp
[ 22%] Built target tf_generate_messages_lisp
Scanning dependencies of target geometry_msgs_generate_messages_py
[ 22%] Built target geometry_msgs_generate_messages_py
Scanning dependencies of target sensor_msgs_generate_messages_nodejs
[ 22%] Built target sensor_msgs_generate_messages_nodejs
Scanning dependencies of target roscpp_generate_messages_cpp
[ 22%] Built target roscpp_generate_messages_cpp
Scanning dependencies of target pcl_msgs_generate_messages_eus
[ 22%] Built target pcl_msgs_generate_messages_eus
Scanning dependencies of target rosgraph_msgs_generate_messages_eus
[ 22%] Built target rosgraph_msgs_generate_messages_eus
Scanning dependencies of target jsk_recognition_msgs_generate_messages_lisp
[ 22%] Built target jsk_recognition_msgs_generate_messages_lisp
Scanning dependencies of target jsk_recognition_msgs_generate_messages_eus
[ 22%] Built target jsk_recognition_msgs_generate_messages_eus
Scanning dependencies of target std_msgs_generate_messages_py
[ 22%] Built target std_msgs_generate_messages_py
Scanning dependencies of target nodelet_generate_messages_lisp
[ 22%] Built target nodelet_generate_messages_lisp
Scanning dependencies of target autoware_msgs_generate_messages_py
[ 22%] Built target autoware_msgs_generate_messages_py
Scanning dependencies of target std_msgs_generate_messages_nodejs
[ 22%] Built target std_msgs_generate_messages_nodejs
Scanning dependencies of target sensor_msgs_generate_messages_eus
[ 22%] Built target sensor_msgs_generate_messages_eus
Scanning dependencies of target sensor_msgs_generate_messages_cpp
[ 22%] Built target sensor_msgs_generate_messages_cpp
Scanning dependencies of target autoware_msgs_generate_messages_cpp
[ 22%] Built target autoware_msgs_generate_messages_cpp
Scanning dependencies of target rosgraph_msgs_generate_messages_cpp
[ 22%] Built target rosgraph_msgs_generate_messages_cpp
Scanning dependencies of target topic_tools_generate_messages_cpp
[ 22%] Built target topic_tools_generate_messages_cpp
Scanning dependencies of target jsk_recognition_msgs_generate_messages_py
[ 22%] Built target jsk_recognition_msgs_generate_messages_py
Scanning dependencies of target nodelet_generate_messages_py
[ 22%] Built target nodelet_generate_messages_py
Scanning dependencies of target sensor_msgs_generate_messages_py
[ 22%] Built target sensor_msgs_generate_messages_py
Scanning dependencies of target std_msgs_generate_messages_cpp
[ 22%] Built target std_msgs_generate_messages_cpp
Scanning dependencies of target jsk_footstep_msgs_generate_messages_py
[ 22%] Built target jsk_footstep_msgs_generate_messages_py
Scanning dependencies of target nav_msgs_generate_messages_nodejs
[ 22%] Built target nav_msgs_generate_messages_nodejs
Scanning dependencies of target geometry_msgs_generate_messages_eus
[ 22%] Built target geometry_msgs_generate_messages_eus
Scanning dependencies of target std_msgs_generate_messages_lisp
[ 22%] Built target std_msgs_generate_messages_lisp
Scanning dependencies of target roscpp_generate_messages_nodejs
[ 22%] Built target roscpp_generate_messages_nodejs
Scanning dependencies of target geometry_msgs_generate_messages_nodejs
[ 22%] Built target geometry_msgs_generate_messages_nodejs
Scanning dependencies of target actionlib_generate_messages_eus
[ 22%] Built target actionlib_generate_messages_eus
Scanning dependencies of target pcl_msgs_generate_messages_py
[ 22%] Built target pcl_msgs_generate_messages_py
Scanning dependencies of target geometry_msgs_generate_messages_lisp
[ 22%] Built target geometry_msgs_generate_messages_lisp
Scanning dependencies of target actionlib_generate_messages_lisp
[ 22%] Built target actionlib_generate_messages_lisp
Scanning dependencies of target geometry_msgs_generate_messages_cpp
[ 22%] Built target geometry_msgs_generate_messages_cpp
Scanning dependencies of target pcl_msgs_generate_messages_cpp
[ 22%] Built target pcl_msgs_generate_messages_cpp
Scanning dependencies of target autoware_msgs_generate_messages_eus
[ 22%] Built target autoware_msgs_generate_messages_eus
Scanning dependencies of target autoware_msgs_generate_messages_lisp
[ 22%] Built target autoware_msgs_generate_messages_lisp
Scanning dependencies of target topic_tools_generate_messages_eus
[ 22%] Built target topic_tools_generate_messages_eus
Scanning dependencies of target visualization_msgs_generate_messages_lisp
[ 22%] Built target visualization_msgs_generate_messages_lisp
Scanning dependencies of target std_msgs_generate_messages_eus
[ 22%] Built target std_msgs_generate_messages_eus
Scanning dependencies of target autoware_msgs_generate_messages_nodejs
[ 22%] Built target autoware_msgs_generate_messages_nodejs
Scanning dependencies of target jsk_footstep_msgs_generate_messages_eus
[ 22%] Built target jsk_footstep_msgs_generate_messages_eus
Scanning dependencies of target actionlib_msgs_generate_messages_py
[ 22%] Built target actionlib_msgs_generate_messages_py
Scanning dependencies of target visualization_msgs_generate_messages_cpp
[ 22%] Built target visualization_msgs_generate_messages_cpp
Scanning dependencies of target tf2_msgs_generate_messages_eus
[ 22%] Built target tf2_msgs_generate_messages_eus
Scanning dependencies of target nav_msgs_generate_messages_eus
[ 22%] Built target nav_msgs_generate_messages_eus
Scanning dependencies of target jsk_footstep_msgs_generate_messages_lisp
[ 22%] Built target jsk_footstep_msgs_generate_messages_lisp
Scanning dependencies of target jsk_footstep_msgs_generate_messages_nodejs
[ 22%] Built target jsk_footstep_msgs_generate_messages_nodejs
Scanning dependencies of target grid_map_msgs_generate_messages_nodejs
[ 22%] Built target grid_map_msgs_generate_messages_nodejs
Scanning dependencies of target std_srvs_generate_messages_cpp
[ 22%] Built target std_srvs_generate_messages_cpp
Scanning dependencies of target actionlib_msgs_generate_messages_lisp
[ 22%] Built target actionlib_msgs_generate_messages_lisp
Scanning dependencies of target grid_map_msgs_generate_messages_lisp
[ 22%] Built target grid_map_msgs_generate_messages_lisp
Scanning dependencies of target autoware_lanelet2_msgs_generate_messages_py
[ 22%] Built target autoware_lanelet2_msgs_generate_messages_py
Scanning dependencies of target jsk_recognition_msgs_generate_messages_nodejs
[ 22%] Built target jsk_recognition_msgs_generate_messages_nodejs
Scanning dependencies of target std_srvs_generate_messages_eus
[ 22%] Built target std_srvs_generate_messages_eus
Scanning dependencies of target roscpp_generate_messages_lisp
[ 22%] Built target roscpp_generate_messages_lisp
Scanning dependencies of target grid_map_msgs_generate_messages_eus
[ 22%] Built target grid_map_msgs_generate_messages_eus
Scanning dependencies of target rosgraph_msgs_generate_messages_lisp
[ 22%] Built target rosgraph_msgs_generate_messages_lisp
Scanning dependencies of target rosgraph_msgs_generate_messages_nodejs
[ 22%] Built target rosgraph_msgs_generate_messages_nodejs
Scanning dependencies of target roscpp_generate_messages_eus
[ 22%] Built target roscpp_generate_messages_eus
Scanning dependencies of target actionlib_msgs_generate_messages_eus
[ 22%] Built target actionlib_msgs_generate_messages_eus
Scanning dependencies of target rosgraph_msgs_generate_messages_py
[ 22%] Built target rosgraph_msgs_generate_messages_py
Scanning dependencies of target autoware_lanelet2_msgs_generate_messages_nodejs
[ 22%] Built target autoware_lanelet2_msgs_generate_messages_nodejs
Scanning dependencies of target roscpp_generate_messages_py
[ 22%] Built target roscpp_generate_messages_py
Scanning dependencies of target grid_map_msgs_generate_messages_cpp
[ 22%] Built target grid_map_msgs_generate_messages_cpp
Scanning dependencies of target grid_map_msgs_generate_messages_py
[ 22%] Built target grid_map_msgs_generate_messages_py
Scanning dependencies of target sensor_msgs_generate_messages_lisp
[ 22%] Built target sensor_msgs_generate_messages_lisp
Scanning dependencies of target nav_msgs_generate_messages_cpp
[ 22%] Built target nav_msgs_generate_messages_cpp
Scanning dependencies of target pcl_msgs_generate_messages_nodejs
[ 22%] Built target pcl_msgs_generate_messages_nodejs
Scanning dependencies of target nav_msgs_generate_messages_lisp
[ 22%] Built target nav_msgs_generate_messages_lisp
Scanning dependencies of target dynamic_reconfigure_gencfg
[ 22%] Built target dynamic_reconfigure_gencfg
Scanning dependencies of target tf2_msgs_generate_messages_lisp
[ 22%] Built target tf2_msgs_generate_messages_lisp
Scanning dependencies of target nav_msgs_generate_messages_py
[ 22%] Built target nav_msgs_generate_messages_py
Scanning dependencies of target _catkin_empty_exported_target
[ 22%] Built target _catkin_empty_exported_target
Scanning dependencies of target std_srvs_generate_messages_lisp
[ 22%] Built target std_srvs_generate_messages_lisp
Scanning dependencies of target jsk_recognition_msgs_generate_messages_cpp
[ 22%] Built target jsk_recognition_msgs_generate_messages_cpp
Scanning dependencies of target topic_tools_generate_messages_lisp
[ 22%] Built target topic_tools_generate_messages_lisp
Scanning dependencies of target std_srvs_generate_messages_nodejs
[ 22%] Built target std_srvs_generate_messages_nodejs
Scanning dependencies of target std_srvs_generate_messages_py
[ 22%] Built target std_srvs_generate_messages_py
Scanning dependencies of target topic_tools_generate_messages_nodejs
[ 22%] Built target topic_tools_generate_messages_nodejs
Scanning dependencies of target nodelet_topic_tools_gencfg
[ 22%] Built target nodelet_topic_tools_gencfg
Scanning dependencies of target actionlib_msgs_generate_messages_nodejs
[ 22%] Built target actionlib_msgs_generate_messages_nodejs
Scanning dependencies of target topic_tools_generate_messages_py
[ 22%] Built target topic_tools_generate_messages_py
Scanning dependencies of target actionlib_generate_messages_nodejs
[ 22%] Built target actionlib_generate_messages_nodejs
Scanning dependencies of target pcl_msgs_generate_messages_lisp
[ 22%] Built target pcl_msgs_generate_messages_lisp
Scanning dependencies of target tf_generate_messages_cpp
[ 22%] Built target tf_generate_messages_cpp
Scanning dependencies of target jsk_footstep_msgs_generate_messages_cpp
[ 22%] Built target jsk_footstep_msgs_generate_messages_cpp
Scanning dependencies of target actionlib_msgs_generate_messages_cpp
[ 22%] Built target actionlib_msgs_generate_messages_cpp
Scanning dependencies of target wayarea2grid_lanelet2_lib
[ 27%] Building CXX object CMakeFiles/wayarea2grid_lanelet2_lib.dir/nodes/wayarea2grid_lanelet2/wayarea2grid_lanelet2.cpp.o
[ 33%] Linking CXX shared library devel/lib/libwayarea2grid_lanelet2_lib.so
[ 33%] Built target wayarea2grid_lanelet2_lib
Scanning dependencies of target grid_map_filter_lib
[ 38%] Building CXX object CMakeFiles/grid_map_filter_lib.dir/nodes/grid_map_filter/grid_map_filter.cpp.o
[ 44%] Linking CXX shared library devel/lib/libgrid_map_filter_lib.so
[ 44%] Built target grid_map_filter_lib
Scanning dependencies of target wayarea2grid_lib
[ 50%] Building CXX object CMakeFiles/wayarea2grid_lib.dir/nodes/wayarea2grid/wayarea2grid.cpp.o
[ 55%] Linking CXX shared library devel/lib/libwayarea2grid_lib.so
[ 55%] Built target wayarea2grid_lib
Scanning dependencies of target potential_field
[ 61%] Building CXX object CMakeFiles/potential_field.dir/nodes/potential_field/potential_field.cpp.o
[ 66%] Linking CXX executable devel/lib/object_map/potential_field
[ 66%] Built target potential_field
Scanning dependencies of target wayarea2grid_lanelet2
[ 72%] Building CXX object CMakeFiles/wayarea2grid_lanelet2.dir/nodes/wayarea2grid_lanelet2/wayarea2grid_lanelet2_node.cpp.o
[ 77%] Linking CXX executable devel/lib/object_map/wayarea2grid_lanelet2
[ 77%] Built target wayarea2grid_lanelet2
Scanning dependencies of target grid_map_filter
[ 83%] Building CXX object CMakeFiles/grid_map_filter.dir/nodes/grid_map_filter/grid_map_filter_node.cpp.o
[ 88%] Linking CXX executable devel/lib/object_map/grid_map_filter
[ 88%] Built target grid_map_filter
Scanning dependencies of target wayarea2grid
[ 94%] Building CXX object CMakeFiles/wayarea2grid.dir/nodes/wayarea2grid/wayarea2grid_node.cpp.o
[100%] Linking CXX executable devel/lib/object_map/wayarea2grid
[100%] Built target wayarea2grid
Scanning dependencies of target tests
Built target tests
[ 11%] Built target object_map_utils_lib
[ 22%] Built target laserscan2costmap
[ 22%] Built target tf_generate_messages_eus
[ 22%] Built target vector_map_msgs_generate_messages_py
[ 22%] Built target vector_map_msgs_generate_messages_lisp
[ 22%] Built target vector_map_msgs_generate_messages_eus
[ 22%] Built target vector_map_msgs_generate_messages_cpp
[ 22%] Built target bond_generate_messages_nodejs
[ 22%] Built target bond_generate_messages_lisp
[ 22%] Built target bond_generate_messages_eus
[ 22%] Built target bond_generate_messages_cpp
[ 22%] Built target nodelet_generate_messages_nodejs
[ 22%] Built target nodelet_generate_messages_eus
[ 22%] Built target nodelet_generate_messages_cpp
[ 22%] Built target dynamic_reconfigure_generate_messages_py
[ 22%] Built target dynamic_reconfigure_generate_messages_nodejs
[ 22%] Built target dynamic_reconfigure_generate_messages_lisp
[ 22%] Built target dynamic_reconfigure_generate_messages_eus
[ 22%] Built target pcl_ros_gencfg
[ 22%] Built target vector_map_msgs_generate_messages_nodejs
[ 22%] Built target bond_generate_messages_py
[ 22%] Built target autoware_lanelet2_msgs_generate_messages_lisp
[ 22%] Built target autoware_lanelet2_msgs_generate_messages_eus
[ 22%] Built target autoware_lanelet2_msgs_generate_messages_cpp
[ 22%] Built target visualization_msgs_generate_messages_py
[ 22%] Built target visualization_msgs_generate_messages_nodejs
[ 22%] Built target visualization_msgs_generate_messages_eus
[ 22%] Built target tf2_msgs_generate_messages_nodejs
[ 22%] Built target tf2_msgs_generate_messages_cpp
[ 22%] Built target tf2_msgs_generate_messages_py
[ 22%] Built target actionlib_generate_messages_py
[ 22%] Built target actionlib_generate_messages_cpp
[ 22%] Built target dynamic_reconfigure_generate_messages_cpp
[ 22%] Built target tf_generate_messages_py
[ 22%] Built target tf_generate_messages_nodejs
[ 22%] Built target tf_generate_messages_lisp
[ 22%] Built target geometry_msgs_generate_messages_py
[ 22%] Built target sensor_msgs_generate_messages_nodejs
[ 22%] Built target roscpp_generate_messages_cpp
[ 22%] Built target pcl_msgs_generate_messages_eus
[ 22%] Built target rosgraph_msgs_generate_messages_eus
[ 22%] Built target jsk_recognition_msgs_generate_messages_lisp
[ 22%] Built target jsk_recognition_msgs_generate_messages_eus
[ 22%] Built target std_msgs_generate_messages_py
[ 22%] Built target nodelet_generate_messages_lisp
[ 22%] Built target autoware_msgs_generate_messages_py
[ 22%] Built target std_msgs_generate_messages_nodejs
[ 22%] Built target sensor_msgs_generate_messages_eus
[ 22%] Built target sensor_msgs_generate_messages_cpp
[ 22%] Built target autoware_msgs_generate_messages_cpp
[ 22%] Built target rosgraph_msgs_generate_messages_cpp
[ 22%] Built target topic_tools_generate_messages_cpp
[ 22%] Built target jsk_recognition_msgs_generate_messages_py
[ 22%] Built target nodelet_generate_messages_py
[ 22%] Built target sensor_msgs_generate_messages_py
[ 22%] Built target std_msgs_generate_messages_cpp
[ 22%] Built target jsk_footstep_msgs_generate_messages_py
[ 22%] Built target nav_msgs_generate_messages_nodejs
[ 22%] Built target geometry_msgs_generate_messages_eus
[ 22%] Built target std_msgs_generate_messages_lisp
[ 22%] Built target roscpp_generate_messages_nodejs
[ 22%] Built target geometry_msgs_generate_messages_nodejs
[ 22%] Built target actionlib_generate_messages_eus
[ 22%] Built target pcl_msgs_generate_messages_py
[ 22%] Built target geometry_msgs_generate_messages_lisp
[ 22%] Built target actionlib_generate_messages_lisp
[ 22%] Built target geometry_msgs_generate_messages_cpp
[ 22%] Built target pcl_msgs_generate_messages_cpp
[ 22%] Built target autoware_msgs_generate_messages_eus
[ 22%] Built target autoware_msgs_generate_messages_lisp
[ 22%] Built target topic_tools_generate_messages_eus
[ 22%] Built target visualization_msgs_generate_messages_lisp
[ 22%] Built target std_msgs_generate_messages_eus
[ 22%] Built target autoware_msgs_generate_messages_nodejs
[ 22%] Built target jsk_footstep_msgs_generate_messages_eus
[ 22%] Built target actionlib_msgs_generate_messages_py
[ 22%] Built target visualization_msgs_generate_messages_cpp
[ 22%] Built target tf2_msgs_generate_messages_eus
[ 22%] Built target nav_msgs_generate_messages_eus
[ 22%] Built target jsk_footstep_msgs_generate_messages_lisp
[ 22%] Built target jsk_footstep_msgs_generate_messages_nodejs
[ 22%] Built target grid_map_msgs_generate_messages_nodejs
[ 22%] Built target std_srvs_generate_messages_cpp
[ 22%] Built target actionlib_msgs_generate_messages_lisp
[ 22%] Built target grid_map_msgs_generate_messages_lisp
[ 22%] Built target autoware_lanelet2_msgs_generate_messages_py
[ 22%] Built target jsk_recognition_msgs_generate_messages_nodejs
[ 22%] Built target std_srvs_generate_messages_eus
[ 22%] Built target roscpp_generate_messages_lisp
[ 22%] Built target grid_map_msgs_generate_messages_eus
[ 22%] Built target rosgraph_msgs_generate_messages_lisp
[ 22%] Built target rosgraph_msgs_generate_messages_nodejs
[ 22%] Built target roscpp_generate_messages_eus
[ 22%] Built target actionlib_msgs_generate_messages_eus
[ 22%] Built target rosgraph_msgs_generate_messages_py
[ 22%] Built target autoware_lanelet2_msgs_generate_messages_nodejs
[ 22%] Built target roscpp_generate_messages_py
[ 22%] Built target grid_map_msgs_generate_messages_cpp
[ 22%] Built target grid_map_msgs_generate_messages_py
[ 22%] Built target sensor_msgs_generate_messages_lisp
[ 22%] Built target nav_msgs_generate_messages_cpp
[ 22%] Built target pcl_msgs_generate_messages_nodejs
[ 22%] Built target nav_msgs_generate_messages_lisp
[ 22%] Built target dynamic_reconfigure_gencfg
[ 22%] Built target tf2_msgs_generate_messages_lisp
[ 22%] Built target nav_msgs_generate_messages_py
[ 22%] Built target _catkin_empty_exported_target
[ 22%] Built target std_srvs_generate_messages_lisp
[ 22%] Built target jsk_recognition_msgs_generate_messages_cpp
[ 22%] Built target topic_tools_generate_messages_lisp
[ 22%] Built target std_srvs_generate_messages_nodejs
[ 22%] Built target std_srvs_generate_messages_py
[ 22%] Built target topic_tools_generate_messages_nodejs
[ 22%] Built target nodelet_topic_tools_gencfg
[ 22%] Built target actionlib_msgs_generate_messages_nodejs
[ 22%] Built target topic_tools_generate_messages_py
[ 22%] Built target actionlib_generate_messages_nodejs
[ 22%] Built target pcl_msgs_generate_messages_lisp
[ 22%] Built target tf_generate_messages_cpp
[ 22%] Built target jsk_footstep_msgs_generate_messages_cpp
[ 22%] Built target actionlib_msgs_generate_messages_cpp
[ 33%] Built target wayarea2grid_lanelet2_lib
[ 44%] Built target grid_map_filter_lib
[ 55%] Built target wayarea2grid_lib
[ 66%] Built target potential_field
[ 77%] Built target wayarea2grid_lanelet2
[ 88%] Built target grid_map_filter
[100%] Built target wayarea2grid
Install the project...
-- Install configuration: "Release"
-- Installing: /home/autoware/Autoware/install/object_map/lib/pkgconfig/object_map.pc
-- Installing: /home/autoware/Autoware/install/object_map/share/object_map/cmake/object_mapConfig.cmake
-- Installing: /home/autoware/Autoware/install/object_map/share/object_map/cmake/object_mapConfig-version.cmake
-- Installing: /home/autoware/Autoware/install/object_map/share/object_map/package.xml
-- Installing: /home/autoware/Autoware/install/object_map/lib/object_map/wayarea2grid
-- Set runtime path of "/home/autoware/Autoware/install/object_map/lib/object_map/wayarea2grid" to ""
-- Installing: /home/autoware/Autoware/install/object_map/lib/libwayarea2grid_lib.so
-- Set runtime path of "/home/autoware/Autoware/install/object_map/lib/libwayarea2grid_lib.so" to ""
-- Installing: /home/autoware/Autoware/install/object_map/lib/object_map/wayarea2grid_lanelet2
-- Set runtime path of "/home/autoware/Autoware/install/object_map/lib/object_map/wayarea2grid_lanelet2" to ""
-- Installing: /home/autoware/Autoware/install/object_map/lib/libwayarea2grid_lanelet2_lib.so
-- Set runtime path of "/home/autoware/Autoware/install/object_map/lib/libwayarea2grid_lanelet2_lib.so" to ""
-- Installing: /home/autoware/Autoware/install/object_map/lib/libgrid_map_filter_lib.so
-- Set runtime path of "/home/autoware/Autoware/install/object_map/lib/libgrid_map_filter_lib.so" to ""
-- Installing: /home/autoware/Autoware/install/object_map/lib/object_map/grid_map_filter
-- Set runtime path of "/home/autoware/Autoware/install/object_map/lib/object_map/grid_map_filter" to ""
-- Installing: /home/autoware/Autoware/install/object_map/lib/object_map/potential_field
-- Set runtime path of "/home/autoware/Autoware/install/object_map/lib/object_map/potential_field" to ""
-- Installing: /home/autoware/Autoware/install/object_map/lib/object_map/laserscan2costmap
-- Set runtime path of "/home/autoware/Autoware/install/object_map/lib/object_map/laserscan2costmap" to ""
-- Installing: /home/autoware/Autoware/install/object_map/lib/libobject_map_utils_lib.so
-- Set runtime path of "/home/autoware/Autoware/install/object_map/lib/libobject_map_utils_lib.so" to ""
-- Installing: /home/autoware/Autoware/install/object_map/share/object_map/launch
-- Installing: /home/autoware/Autoware/install/object_map/share/object_map/launch/wayarea2grid_option.launch
-- Installing: /home/autoware/Autoware/install/object_map/share/object_map/launch/wayarea2grid.launch
-- Installing: /home/autoware/Autoware/install/object_map/share/object_map/launch/laserscan2costmap.launch
-- Installing: /home/autoware/Autoware/install/object_map/share/object_map/launch/grid_map_filter.launch
-- Installing: /home/autoware/Autoware/install/object_map/share/object_map/launch/wayarea2grid_lanelet2.launch
-- Installing: /home/autoware/Autoware/install/object_map/share/object_map/launch/potential_field.launch
-- Installing: /home/autoware/Autoware/install/object_map/include/object_map
-- Installing: /home/autoware/Autoware/install/object_map/include/object_map/object_map_utils.hpp
-- Installing: /home/autoware/Autoware/install/object_map/share/object_map/config
-- Installing: /home/autoware/Autoware/install/object_map/share/object_map/config/potential.yaml
-- Installing: /home/autoware/Autoware/install/object_map/share/object_map/config/grid_map_filter.yaml
