[0.014s] Invoking command in '/home/autoware/Autoware/build/autoware_driveworks_gmsl_interface': CMAKE_PREFIX_PATH=/home/autoware/Autoware/install/autoware_build_flags:${CMAKE_PREFIX_PATH} PKG_CONFIG_PATH=/home/autoware/Autoware/install/autoware_build_flags/lib/x86_64-linux-gnu/pkgconfig:/home/autoware/Autoware/install/autoware_build_flags/lib/pkgconfig:${PKG_CONFIG_PATH} ROS_PACKAGE_PATH=/home/autoware/Autoware/install/autoware_build_flags/share:${ROS_PACKAGE_PATH} /usr/bin/cmake /home/autoware/Autoware/src/drivers/awf_drivers/autoware_driveworks_gmsl_interface -DCMAKE_BUILD_TYPE=Release -DCATKIN_INSTALL_INTO_PREFIX_ROOT=0 -DCMAKE_INSTALL_PREFIX=/home/autoware/Autoware/install/autoware_driveworks_gmsl_interface
[0.087s] -- The C compiler identification is GNU 7.5.0
[0.158s] -- The CXX compiler identification is GNU 7.5.0
[0.164s] -- Check for working C compiler: /usr/bin/cc
[0.248s] -- Check for working C compiler: /usr/bin/cc -- works
[0.248s] -- Detecting C compiler ABI info
[0.328s] -- Detecting C compiler ABI info - done
[0.339s] -- Detecting C compile features
[0.572s] -- Detecting C compile features - done
[0.573s] -- Check for working CXX compiler: /usr/bin/c++
[0.667s] -- Check for working CXX compiler: /usr/bin/c++ -- works
[0.667s] -- Detecting CXX compiler ABI info
[0.756s] -- Detecting CXX compiler ABI info - done
[0.756s] -- Detecting CXX compile features
[1.151s] -- Detecting CXX compile features - done
[1.158s] -- Looking for pthread.h
[1.240s] -- Looking for pthread.h - found
[1.240s] -- Looking for pthread_create
[1.324s] -- Looking for pthread_create - not found
[1.324s] -- Looking for pthread_create in pthreads
[1.392s] -- Looking for pthread_create in pthreads - not found
[1.392s] -- Looking for pthread_create in pthread
[1.468s] -- Looking for pthread_create in pthread - found
[1.468s] -- Found Threads: TRUE  
[1.482s] -- Found CUDA: /usr/local/cuda (found version "10.0") 
[1.486s] -- Using CATKIN_DEVEL_PREFIX: /home/autoware/Autoware/build/autoware_driveworks_gmsl_interface/devel
[1.486s] -- Using CMAKE_PREFIX_PATH: /home/autoware/Autoware/install/autoware_build_flags;/opt/ros/melodic
[1.487s] -- This workspace overlays: /home/autoware/Autoware/install/autoware_build_flags;/opt/ros/melodic
[1.503s] -- Found PythonInterp: /usr/bin/python2 (found suitable version "2.7.17", minimum required is "2") 
[1.503s] -- Using PYTHON_EXECUTABLE: /usr/bin/python2
[1.503s] -- Using Debian Python package layout
[1.503s] -- Using empy: /usr/bin/empy
[1.669s] -- Using CATKIN_ENABLE_TESTING: ON
[1.669s] -- Call enable_testing()
[1.675s] -- Using CATKIN_TEST_RESULTS_DIR: /home/autoware/Autoware/build/autoware_driveworks_gmsl_interface/test_results
[1.689s] -- Found gtest sources under '/usr/src/googletest': gtests will be built
[1.689s] -- Found gmock sources under '/usr/src/googletest': gmock will be built
[1.707s] -- Found PythonInterp: /usr/bin/python2 (found version "2.7.17") 
[1.710s] -- Using Python nosetests: /usr/bin/nosetests-2.7
[1.756s] -- catkin 0.7.26
[1.756s] -- BUILD_SHARED_LIBS is on
[1.992s] gmsl_camera driver will not be built. CUDA was not found.
[1.992s] -- Configuring done
[2.003s] -- Generating done
[2.005s] -- Build files have been written to: /home/autoware/Autoware/build/autoware_driveworks_gmsl_interface
[2.013s] Invoked command in '/home/autoware/Autoware/build/autoware_driveworks_gmsl_interface' returned '0': CMAKE_PREFIX_PATH=/home/autoware/Autoware/install/autoware_build_flags:${CMAKE_PREFIX_PATH} PKG_CONFIG_PATH=/home/autoware/Autoware/install/autoware_build_flags/lib/x86_64-linux-gnu/pkgconfig:/home/autoware/Autoware/install/autoware_build_flags/lib/pkgconfig:${PKG_CONFIG_PATH} ROS_PACKAGE_PATH=/home/autoware/Autoware/install/autoware_build_flags/share:${ROS_PACKAGE_PATH} /usr/bin/cmake /home/autoware/Autoware/src/drivers/awf_drivers/autoware_driveworks_gmsl_interface -DCMAKE_BUILD_TYPE=Release -DCATKIN_INSTALL_INTO_PREFIX_ROOT=0 -DCMAKE_INSTALL_PREFIX=/home/autoware/Autoware/install/autoware_driveworks_gmsl_interface
[2.014s] Invoking command in '/home/autoware/Autoware/build/autoware_driveworks_gmsl_interface': CMAKE_PREFIX_PATH=/home/autoware/Autoware/install/autoware_build_flags:${CMAKE_PREFIX_PATH} PKG_CONFIG_PATH=/home/autoware/Autoware/install/autoware_build_flags/lib/x86_64-linux-gnu/pkgconfig:/home/autoware/Autoware/install/autoware_build_flags/lib/pkgconfig:${PKG_CONFIG_PATH} ROS_PACKAGE_PATH=/home/autoware/Autoware/install/autoware_build_flags/share:${ROS_PACKAGE_PATH} /usr/bin/cmake --build /home/autoware/Autoware/build/autoware_driveworks_gmsl_interface -- -j2 -l2
[2.059s] Invoked command in '/home/autoware/Autoware/build/autoware_driveworks_gmsl_interface' returned '0': CMAKE_PREFIX_PATH=/home/autoware/Autoware/install/autoware_build_flags:${CMAKE_PREFIX_PATH} PKG_CONFIG_PATH=/home/autoware/Autoware/install/autoware_build_flags/lib/x86_64-linux-gnu/pkgconfig:/home/autoware/Autoware/install/autoware_build_flags/lib/pkgconfig:${PKG_CONFIG_PATH} ROS_PACKAGE_PATH=/home/autoware/Autoware/install/autoware_build_flags/share:${ROS_PACKAGE_PATH} /usr/bin/cmake --build /home/autoware/Autoware/build/autoware_driveworks_gmsl_interface -- -j2 -l2
[2.096s] Invoking command in '/home/autoware/Autoware/build/autoware_driveworks_gmsl_interface': CMAKE_PREFIX_PATH=/home/autoware/Autoware/install/autoware_build_flags:${CMAKE_PREFIX_PATH} PKG_CONFIG_PATH=/home/autoware/Autoware/install/autoware_build_flags/lib/x86_64-linux-gnu/pkgconfig:/home/autoware/Autoware/install/autoware_build_flags/lib/pkgconfig:${PKG_CONFIG_PATH} ROS_PACKAGE_PATH=/home/autoware/Autoware/install/autoware_build_flags/share:${ROS_PACKAGE_PATH} /usr/bin/cmake --build /home/autoware/Autoware/build/autoware_driveworks_gmsl_interface --target tests -- -j2 -l2
[2.162s] Scanning dependencies of target tests
[2.174s] Built target tests
[2.189s] Invoked command in '/home/autoware/Autoware/build/autoware_driveworks_gmsl_interface' returned '0': CMAKE_PREFIX_PATH=/home/autoware/Autoware/install/autoware_build_flags:${CMAKE_PREFIX_PATH} PKG_CONFIG_PATH=/home/autoware/Autoware/install/autoware_build_flags/lib/x86_64-linux-gnu/pkgconfig:/home/autoware/Autoware/install/autoware_build_flags/lib/pkgconfig:${PKG_CONFIG_PATH} ROS_PACKAGE_PATH=/home/autoware/Autoware/install/autoware_build_flags/share:${ROS_PACKAGE_PATH} /usr/bin/cmake --build /home/autoware/Autoware/build/autoware_driveworks_gmsl_interface --target tests -- -j2 -l2
[2.229s] Invoking command in '/home/autoware/Autoware/build/autoware_driveworks_gmsl_interface': CMAKE_PREFIX_PATH=/home/autoware/Autoware/install/autoware_build_flags:${CMAKE_PREFIX_PATH} PKG_CONFIG_PATH=/home/autoware/Autoware/install/autoware_build_flags/lib/x86_64-linux-gnu/pkgconfig:/home/autoware/Autoware/install/autoware_build_flags/lib/pkgconfig:${PKG_CONFIG_PATH} ROS_PACKAGE_PATH=/home/autoware/Autoware/install/autoware_build_flags/share:${ROS_PACKAGE_PATH} /usr/bin/cmake --build /home/autoware/Autoware/build/autoware_driveworks_gmsl_interface --target install -- -j2 -l2
[2.286s] Install the project...
[2.296s] -- Install configuration: "Release"
[2.296s] -- Installing: /home/autoware/Autoware/install/autoware_driveworks_gmsl_interface/lib/pkgconfig/autoware_driveworks_gmsl_interface.pc
[2.297s] -- Installing: /home/autoware/Autoware/install/autoware_driveworks_gmsl_interface/share/autoware_driveworks_gmsl_interface/cmake/autoware_driveworks_gmsl_interfaceConfig.cmake
[2.297s] -- Installing: /home/autoware/Autoware/install/autoware_driveworks_gmsl_interface/share/autoware_driveworks_gmsl_interface/cmake/autoware_driveworks_gmsl_interfaceConfig-version.cmake
[2.298s] -- Installing: /home/autoware/Autoware/install/autoware_driveworks_gmsl_interface/share/autoware_driveworks_gmsl_interface/package.xml
[2.298s] -- Installing: /home/autoware/Autoware/install/autoware_driveworks_gmsl_interface/share/autoware_driveworks_gmsl_interface/nodelet_gmsl_camera.xml
[2.308s] Invoked command in '/home/autoware/Autoware/build/autoware_driveworks_gmsl_interface' returned '0': CMAKE_PREFIX_PATH=/home/autoware/Autoware/install/autoware_build_flags:${CMAKE_PREFIX_PATH} PKG_CONFIG_PATH=/home/autoware/Autoware/install/autoware_build_flags/lib/x86_64-linux-gnu/pkgconfig:/home/autoware/Autoware/install/autoware_build_flags/lib/pkgconfig:${PKG_CONFIG_PATH} ROS_PACKAGE_PATH=/home/autoware/Autoware/install/autoware_build_flags/share:${ROS_PACKAGE_PATH} /usr/bin/cmake --build /home/autoware/Autoware/build/autoware_driveworks_gmsl_interface --target install -- -j2 -l2
