[0.013s] Invoking command in '/home/autoware/Autoware/build/gazebo_imu_description': /usr/bin/cmake /home/autoware/Autoware/src/autoware/simulation/gazebo_imu_description -DCMAKE_BUILD_TYPE=Release -DCATKIN_INSTALL_INTO_PREFIX_ROOT=0 -DCMAKE_INSTALL_PREFIX=/home/autoware/Autoware/install/gazebo_imu_description
[0.101s] -- The C compiler identification is GNU 7.5.0
[0.184s] -- The CXX compiler identification is GNU 7.5.0
[0.191s] -- Check for working C compiler: /usr/bin/cc
[0.284s] -- Check for working C compiler: /usr/bin/cc -- works
[0.292s] -- Detecting C compiler ABI info
[0.380s] -- Detecting C compiler ABI info - done
[0.391s] -- Detecting C compile features
[0.675s] -- Detecting C compile features - done
[0.680s] -- Check for working CXX compiler: /usr/bin/c++
[0.792s] -- Check for working CXX compiler: /usr/bin/c++ -- works
[0.792s] -- Detecting CXX compiler ABI info
[0.904s] -- Detecting CXX compiler ABI info - done
[0.909s] -- Detecting CXX compile features
[1.394s] -- Detecting CXX compile features - done
[1.397s] -- Using CATKIN_DEVEL_PREFIX: /home/autoware/Autoware/build/gazebo_imu_description/devel
[1.397s] -- Using CMAKE_PREFIX_PATH: /opt/ros/melodic
[1.398s] -- This workspace overlays: /opt/ros/melodic
[1.419s] -- Found PythonInterp: /usr/bin/python2 (found suitable version "2.7.17", minimum required is "2") 
[1.419s] -- Using PYTHON_EXECUTABLE: /usr/bin/python2
[1.419s] -- Using Debian Python package layout
[1.419s] -- Using empy: /usr/bin/empy
[1.602s] -- Using CATKIN_ENABLE_TESTING: ON
[1.602s] -- Call enable_testing()
[1.612s] -- Using CATKIN_TEST_RESULTS_DIR: /home/autoware/Autoware/build/gazebo_imu_description/test_results
[1.635s] -- Found gtest sources under '/usr/src/googletest': gtests will be built
[1.636s] -- Found gmock sources under '/usr/src/googletest': gmock will be built
[1.656s] -- Found PythonInterp: /usr/bin/python2 (found version "2.7.17") 
[1.656s] -- Looking for pthread.h
[1.760s] -- Looking for pthread.h - found
[1.760s] -- Looking for pthread_create
[1.860s] -- Looking for pthread_create - not found
[1.860s] -- Looking for pthread_create in pthreads
[1.936s] -- Looking for pthread_create in pthreads - not found
[1.936s] -- Looking for pthread_create in pthread
[2.035s] -- Looking for pthread_create in pthread - found
[2.035s] -- Found Threads: TRUE  
[2.039s] -- Using Python nosetests: /usr/bin/nosetests-2.7
[2.101s] -- catkin 0.7.26
[2.101s] -- BUILD_SHARED_LIBS is on
[2.385s] -- Configuring done
[2.400s] -- Generating done
[2.404s] -- Build files have been written to: /home/autoware/Autoware/build/gazebo_imu_description
[2.411s] Invoked command in '/home/autoware/Autoware/build/gazebo_imu_description' returned '0': /usr/bin/cmake /home/autoware/Autoware/src/autoware/simulation/gazebo_imu_description -DCMAKE_BUILD_TYPE=Release -DCATKIN_INSTALL_INTO_PREFIX_ROOT=0 -DCMAKE_INSTALL_PREFIX=/home/autoware/Autoware/install/gazebo_imu_description
[2.413s] Invoking command in '/home/autoware/Autoware/build/gazebo_imu_description': /usr/bin/cmake --build /home/autoware/Autoware/build/gazebo_imu_description -- -j2 -l2
[2.473s] Invoked command in '/home/autoware/Autoware/build/gazebo_imu_description' returned '0': /usr/bin/cmake --build /home/autoware/Autoware/build/gazebo_imu_description -- -j2 -l2
[2.518s] Invoking command in '/home/autoware/Autoware/build/gazebo_imu_description': /usr/bin/cmake --build /home/autoware/Autoware/build/gazebo_imu_description --target tests -- -j2 -l2
[2.596s] Scanning dependencies of target tests
[2.611s] Built target tests
[2.629s] Invoked command in '/home/autoware/Autoware/build/gazebo_imu_description' returned '0': /usr/bin/cmake --build /home/autoware/Autoware/build/gazebo_imu_description --target tests -- -j2 -l2
[2.672s] Invoking command in '/home/autoware/Autoware/build/gazebo_imu_description': /usr/bin/cmake --build /home/autoware/Autoware/build/gazebo_imu_description --target install -- -j2 -l2
[2.743s] Install the project...
[2.756s] -- Install configuration: "Release"
[2.757s] -- Installing: /home/autoware/Autoware/install/gazebo_imu_description/lib/pkgconfig/gazebo_imu_description.pc
[2.757s] -- Installing: /home/autoware/Autoware/install/gazebo_imu_description/share/gazebo_imu_description/cmake/gazebo_imu_descriptionConfig.cmake
[2.758s] -- Installing: /home/autoware/Autoware/install/gazebo_imu_description/share/gazebo_imu_description/cmake/gazebo_imu_descriptionConfig-version.cmake
[2.758s] -- Installing: /home/autoware/Autoware/install/gazebo_imu_description/share/gazebo_imu_description/package.xml
[2.759s] -- Installing: /home/autoware/Autoware/install/gazebo_imu_description/share/gazebo_imu_description/urdf
[2.759s] -- Installing: /home/autoware/Autoware/install/gazebo_imu_description/share/gazebo_imu_description/urdf/imu.xacro
[2.768s] Invoked command in '/home/autoware/Autoware/build/gazebo_imu_description' returned '0': /usr/bin/cmake --build /home/autoware/Autoware/build/gazebo_imu_description --target install -- -j2 -l2
