[0.014s] Invoking command in '/home/autoware/Autoware/build/carla_autoware_bridge': CMAKE_PREFIX_PATH=/home/autoware/Autoware/install/autoware_msgs:${CMAKE_PREFIX_PATH} PKG_CONFIG_PATH=/home/autoware/Autoware/install/autoware_msgs/lib/x86_64-linux-gnu/pkgconfig:/home/autoware/Autoware/install/autoware_msgs/lib/pkgconfig:${PKG_CONFIG_PATH} PYTHONPATH=/home/autoware/Autoware/install/autoware_msgs/lib/python2.7/dist-packages:${PYTHONPATH} ROS_PACKAGE_PATH=/home/autoware/Autoware/install/autoware_msgs/share:${ROS_PACKAGE_PATH} /usr/bin/cmake /home/autoware/Autoware/src/autoware/simulation/carla_simulator_bridge/carla_autoware_bridge -DCMAKE_BUILD_TYPE=Release -DCATKIN_INSTALL_INTO_PREFIX_ROOT=0 -DCMAKE_INSTALL_PREFIX=/home/autoware/Autoware/install/carla_autoware_bridge
[0.087s] -- The C compiler identification is GNU 7.5.0
[0.158s] -- The CXX compiler identification is GNU 7.5.0
[0.163s] -- Check for working C compiler: /usr/bin/cc
[0.244s] -- Check for working C compiler: /usr/bin/cc -- works
[0.244s] -- Detecting C compiler ABI info
[0.322s] -- Detecting C compiler ABI info - done
[0.323s] -- Detecting C compile features
[0.567s] -- Detecting C compile features - done
[0.571s] -- Check for working CXX compiler: /usr/bin/c++
[0.666s] -- Check for working CXX compiler: /usr/bin/c++ -- works
[0.673s] -- Detecting CXX compiler ABI info
[0.758s] -- Detecting CXX compiler ABI info - done
[0.773s] -- Detecting CXX compile features
[1.273s] -- Detecting CXX compile features - done
[1.277s] -- Using CATKIN_DEVEL_PREFIX: /home/autoware/Autoware/build/carla_autoware_bridge/devel
[1.278s] -- Using CMAKE_PREFIX_PATH: /home/autoware/Autoware/install/autoware_msgs;/opt/ros/melodic
[1.278s] -- This workspace overlays: /home/autoware/Autoware/install/autoware_msgs;/opt/ros/melodic
[1.298s] -- Found PythonInterp: /usr/bin/python2 (found suitable version "2.7.17", minimum required is "2") 
[1.300s] -- Using PYTHON_EXECUTABLE: /usr/bin/python2
[1.300s] -- Using Debian Python package layout
[1.300s] -- Using empy: /usr/bin/empy
[1.446s] -- Using CATKIN_ENABLE_TESTING: ON
[1.446s] -- Call enable_testing()
[1.449s] -- Using CATKIN_TEST_RESULTS_DIR: /home/autoware/Autoware/build/carla_autoware_bridge/test_results
[1.472s] -- Found gtest sources under '/usr/src/googletest': gtests will be built
[1.472s] -- Found gmock sources under '/usr/src/googletest': gmock will be built
[1.489s] -- Found PythonInterp: /usr/bin/python2 (found version "2.7.17") 
[1.490s] -- Looking for pthread.h
[1.574s] -- Looking for pthread.h - found
[1.574s] -- Looking for pthread_create
[1.662s] -- Looking for pthread_create - not found
[1.662s] -- Looking for pthread_create in pthreads
[1.726s] -- Looking for pthread_create in pthreads - not found
[1.726s] -- Looking for pthread_create in pthread
[1.802s] -- Looking for pthread_create in pthread - found
[1.802s] -- Found Threads: TRUE  
[1.805s] -- Using Python nosetests: /usr/bin/nosetests-2.7
[1.851s] -- catkin 0.7.26
[1.851s] -- BUILD_SHARED_LIBS is on
[2.030s] -- Using these message generators: gencpp;geneus;genlisp;gennodejs;genpy
[2.616s] -- Configuring done
[2.645s] -- Generating done
[2.652s] -- Build files have been written to: /home/autoware/Autoware/build/carla_autoware_bridge
[2.661s] Invoked command in '/home/autoware/Autoware/build/carla_autoware_bridge' returned '0': CMAKE_PREFIX_PATH=/home/autoware/Autoware/install/autoware_msgs:${CMAKE_PREFIX_PATH} PKG_CONFIG_PATH=/home/autoware/Autoware/install/autoware_msgs/lib/x86_64-linux-gnu/pkgconfig:/home/autoware/Autoware/install/autoware_msgs/lib/pkgconfig:${PKG_CONFIG_PATH} PYTHONPATH=/home/autoware/Autoware/install/autoware_msgs/lib/python2.7/dist-packages:${PYTHONPATH} ROS_PACKAGE_PATH=/home/autoware/Autoware/install/autoware_msgs/share:${ROS_PACKAGE_PATH} /usr/bin/cmake /home/autoware/Autoware/src/autoware/simulation/carla_simulator_bridge/carla_autoware_bridge -DCMAKE_BUILD_TYPE=Release -DCATKIN_INSTALL_INTO_PREFIX_ROOT=0 -DCMAKE_INSTALL_PREFIX=/home/autoware/Autoware/install/carla_autoware_bridge
[2.663s] Invoking command in '/home/autoware/Autoware/build/carla_autoware_bridge': CMAKE_PREFIX_PATH=/home/autoware/Autoware/install/autoware_msgs:${CMAKE_PREFIX_PATH} PKG_CONFIG_PATH=/home/autoware/Autoware/install/autoware_msgs/lib/x86_64-linux-gnu/pkgconfig:/home/autoware/Autoware/install/autoware_msgs/lib/pkgconfig:${PKG_CONFIG_PATH} PYTHONPATH=/home/autoware/Autoware/install/autoware_msgs/lib/python2.7/dist-packages:${PYTHONPATH} ROS_PACKAGE_PATH=/home/autoware/Autoware/install/autoware_msgs/share:${ROS_PACKAGE_PATH} /usr/bin/cmake --build /home/autoware/Autoware/build/carla_autoware_bridge -- -j2 -l2
[2.714s] Invoked command in '/home/autoware/Autoware/build/carla_autoware_bridge' returned '0': CMAKE_PREFIX_PATH=/home/autoware/Autoware/install/autoware_msgs:${CMAKE_PREFIX_PATH} PKG_CONFIG_PATH=/home/autoware/Autoware/install/autoware_msgs/lib/x86_64-linux-gnu/pkgconfig:/home/autoware/Autoware/install/autoware_msgs/lib/pkgconfig:${PKG_CONFIG_PATH} PYTHONPATH=/home/autoware/Autoware/install/autoware_msgs/lib/python2.7/dist-packages:${PYTHONPATH} ROS_PACKAGE_PATH=/home/autoware/Autoware/install/autoware_msgs/share:${ROS_PACKAGE_PATH} /usr/bin/cmake --build /home/autoware/Autoware/build/carla_autoware_bridge -- -j2 -l2
[2.786s] Invoking command in '/home/autoware/Autoware/build/carla_autoware_bridge': CMAKE_PREFIX_PATH=/home/autoware/Autoware/install/autoware_msgs:${CMAKE_PREFIX_PATH} PKG_CONFIG_PATH=/home/autoware/Autoware/install/autoware_msgs/lib/x86_64-linux-gnu/pkgconfig:/home/autoware/Autoware/install/autoware_msgs/lib/pkgconfig:${PKG_CONFIG_PATH} PYTHONPATH=/home/autoware/Autoware/install/autoware_msgs/lib/python2.7/dist-packages:${PYTHONPATH} ROS_PACKAGE_PATH=/home/autoware/Autoware/install/autoware_msgs/share:${ROS_PACKAGE_PATH} /usr/bin/cmake --build /home/autoware/Autoware/build/carla_autoware_bridge --target tests -- -j2 -l2
[2.848s] Scanning dependencies of target tests
[2.861s] Built target tests
[2.875s] Invoked command in '/home/autoware/Autoware/build/carla_autoware_bridge' returned '0': CMAKE_PREFIX_PATH=/home/autoware/Autoware/install/autoware_msgs:${CMAKE_PREFIX_PATH} PKG_CONFIG_PATH=/home/autoware/Autoware/install/autoware_msgs/lib/x86_64-linux-gnu/pkgconfig:/home/autoware/Autoware/install/autoware_msgs/lib/pkgconfig:${PKG_CONFIG_PATH} PYTHONPATH=/home/autoware/Autoware/install/autoware_msgs/lib/python2.7/dist-packages:${PYTHONPATH} ROS_PACKAGE_PATH=/home/autoware/Autoware/install/autoware_msgs/share:${ROS_PACKAGE_PATH} /usr/bin/cmake --build /home/autoware/Autoware/build/carla_autoware_bridge --target tests -- -j2 -l2
[2.952s] Invoking command in '/home/autoware/Autoware/build/carla_autoware_bridge': CMAKE_PREFIX_PATH=/home/autoware/Autoware/install/autoware_msgs:${CMAKE_PREFIX_PATH} PKG_CONFIG_PATH=/home/autoware/Autoware/install/autoware_msgs/lib/x86_64-linux-gnu/pkgconfig:/home/autoware/Autoware/install/autoware_msgs/lib/pkgconfig:${PKG_CONFIG_PATH} PYTHONPATH=/home/autoware/Autoware/install/autoware_msgs/lib/python2.7/dist-packages:${PYTHONPATH} ROS_PACKAGE_PATH=/home/autoware/Autoware/install/autoware_msgs/share:${ROS_PACKAGE_PATH} /usr/bin/cmake --build /home/autoware/Autoware/build/carla_autoware_bridge --target install -- -j2 -l2
[3.015s] Install the project...
[3.024s] -- Install configuration: "Release"
[3.026s] + cd /home/autoware/Autoware/src/autoware/simulation/carla_simulator_bridge/carla_autoware_bridge
[3.026s] + mkdir -p /home/autoware/Autoware/install/carla_autoware_bridge/lib/python2.7/dist-packages
[3.030s] + /usr/bin/env PYTHONPATH=/home/autoware/Autoware/install/carla_autoware_bridge/lib/python2.7/dist-packages:/home/autoware/Autoware/build/carla_autoware_bridge/lib/python2.7/dist-packages:/home/autoware/Autoware/install/autoware_msgs/lib/python2.7/dist-packages:/opt/ros/melodic/lib/python2.7/dist-packages CATKIN_BINARY_DIR=/home/autoware/Autoware/build/carla_autoware_bridge /usr/bin/python2 /home/autoware/Autoware/src/autoware/simulation/carla_simulator_bridge/carla_autoware_bridge/setup.py build --build-base /home/autoware/Autoware/build/carla_autoware_bridge install --root=/ --install-layout=deb --prefix=/home/autoware/Autoware/install/carla_autoware_bridge --install-scripts=/home/autoware/Autoware/install/carla_autoware_bridge/bin
[3.076s] running build
[3.077s] running build_py
[3.078s] creating /home/autoware/Autoware/build/carla_autoware_bridge/lib.linux-x86_64-2.7
[3.078s] creating /home/autoware/Autoware/build/carla_autoware_bridge/lib.linux-x86_64-2.7/carla_autoware_bridge
[3.079s] copying src/carla_autoware_bridge/__init__.py -> /home/autoware/Autoware/build/carla_autoware_bridge/lib.linux-x86_64-2.7/carla_autoware_bridge
[3.079s] running install
[3.080s] running install_lib
[3.081s] creating /home/autoware/Autoware/install/carla_autoware_bridge/lib/python2.7/dist-packages/carla_autoware_bridge
[3.081s] copying /home/autoware/Autoware/build/carla_autoware_bridge/lib.linux-x86_64-2.7/carla_autoware_bridge/__init__.py -> /home/autoware/Autoware/install/carla_autoware_bridge/lib/python2.7/dist-packages/carla_autoware_bridge
[3.081s] byte-compiling /home/autoware/Autoware/install/carla_autoware_bridge/lib/python2.7/dist-packages/carla_autoware_bridge/__init__.py to __init__.pyc
[3.083s] running install_egg_info
[3.084s] Writing /home/autoware/Autoware/install/carla_autoware_bridge/lib/python2.7/dist-packages/carla_autoware_bridge-0.0.0.egg-info
[3.090s] -- Installing: /home/autoware/Autoware/install/carla_autoware_bridge/lib/pkgconfig/carla_autoware_bridge.pc
[3.090s] -- Installing: /home/autoware/Autoware/install/carla_autoware_bridge/share/carla_autoware_bridge/cmake/carla_autoware_bridgeConfig.cmake
[3.090s] -- Installing: /home/autoware/Autoware/install/carla_autoware_bridge/share/carla_autoware_bridge/cmake/carla_autoware_bridgeConfig-version.cmake
[3.090s] -- Installing: /home/autoware/Autoware/install/carla_autoware_bridge/share/carla_autoware_bridge/package.xml
[3.090s] -- Installing: /home/autoware/Autoware/install/carla_autoware_bridge/lib/carla_autoware_bridge/carla_to_autoware_vehicle_status
[3.090s] -- Installing: /home/autoware/Autoware/install/carla_autoware_bridge/lib/carla_autoware_bridge/carla_to_autoware_waypoints
[3.091s] -- Installing: /home/autoware/Autoware/install/carla_autoware_bridge/lib/carla_autoware_bridge/odometry_to_posestamped
[3.091s] -- Installing: /home/autoware/Autoware/install/carla_autoware_bridge/lib/carla_autoware_bridge/vehiclecmd_to_ackermanndrive
[3.091s] -- Installing: /home/autoware/Autoware/install/carla_autoware_bridge/lib/carla_autoware_bridge/carla_to_autoware_detected_objects
[3.091s] -- Installing: /home/autoware/Autoware/install/carla_autoware_bridge/share/carla_autoware_bridge/launch
[3.092s] -- Installing: /home/autoware/Autoware/install/carla_autoware_bridge/share/carla_autoware_bridge/launch/carla_autoware_bridge_common.launch
[3.092s] -- Installing: /home/autoware/Autoware/install/carla_autoware_bridge/share/carla_autoware_bridge/launch/tf.launch
[3.093s] -- Installing: /home/autoware/Autoware/install/carla_autoware_bridge/share/carla_autoware_bridge/launch/carla_autoware_bridge_with_manual_control.launch
[3.095s] -- Installing: /home/autoware/Autoware/install/carla_autoware_bridge/share/carla_autoware_bridge/launch/carla_autoware_bridge.launch
[3.096s] -- Installing: /home/autoware/Autoware/install/carla_autoware_bridge/share/carla_autoware_bridge/config
[3.096s] -- Installing: /home/autoware/Autoware/install/carla_autoware_bridge/share/carla_autoware_bridge/config/sensors.json
[3.106s] Invoked command in '/home/autoware/Autoware/build/carla_autoware_bridge' returned '0': CMAKE_PREFIX_PATH=/home/autoware/Autoware/install/autoware_msgs:${CMAKE_PREFIX_PATH} PKG_CONFIG_PATH=/home/autoware/Autoware/install/autoware_msgs/lib/x86_64-linux-gnu/pkgconfig:/home/autoware/Autoware/install/autoware_msgs/lib/pkgconfig:${PKG_CONFIG_PATH} PYTHONPATH=/home/autoware/Autoware/install/autoware_msgs/lib/python2.7/dist-packages:${PYTHONPATH} ROS_PACKAGE_PATH=/home/autoware/Autoware/install/autoware_msgs/share:${ROS_PACKAGE_PATH} /usr/bin/cmake --build /home/autoware/Autoware/build/carla_autoware_bridge --target install -- -j2 -l2
