[0.017s] Invoking command in '/home/autoware/Autoware/build/autoware_driveworks_interface': CMAKE_PREFIX_PATH=/home/autoware/Autoware/install/autoware_msgs:/home/autoware/Autoware/install/autoware_build_flags:${CMAKE_PREFIX_PATH} PKG_CONFIG_PATH=/home/autoware/Autoware/install/autoware_msgs/lib/x86_64-linux-gnu/pkgconfig:/home/autoware/Autoware/install/autoware_msgs/lib/pkgconfig:/home/autoware/Autoware/install/autoware_build_flags/lib/x86_64-linux-gnu/pkgconfig:/home/autoware/Autoware/install/autoware_build_flags/lib/pkgconfig:${PKG_CONFIG_PATH} PYTHONPATH=/home/autoware/Autoware/install/autoware_msgs/lib/python2.7/dist-packages:${PYTHONPATH} ROS_PACKAGE_PATH=/home/autoware/Autoware/install/autoware_msgs/share:/home/autoware/Autoware/install/autoware_build_flags/share:${ROS_PACKAGE_PATH} /usr/bin/cmake /home/autoware/Autoware/src/drivers/awf_drivers/autoware_driveworks_interface -DCMAKE_BUILD_TYPE=Release -DCATKIN_INSTALL_INTO_PREFIX_ROOT=0 -DCMAKE_INSTALL_PREFIX=/home/autoware/Autoware/install/autoware_driveworks_interface
[0.090s] -- The C compiler identification is GNU 7.5.0
[0.155s] -- The CXX compiler identification is GNU 7.5.0
[0.161s] -- Check for working C compiler: /usr/bin/cc
[0.281s] -- Check for working C compiler: /usr/bin/cc -- works
[0.281s] -- Detecting C compiler ABI info
[0.359s] -- Detecting C compiler ABI info - done
[0.370s] -- Detecting C compile features
[0.620s] -- Detecting C compile features - done
[0.624s] -- Check for working CXX compiler: /usr/bin/c++
[0.717s] -- Check for working CXX compiler: /usr/bin/c++ -- works
[0.717s] -- Detecting CXX compiler ABI info
[0.797s] -- Detecting CXX compiler ABI info - done
[0.805s] -- Detecting CXX compile features
[1.232s] -- Detecting CXX compile features - done
[1.234s] -- CUDA compilation status: ON.
[1.236s] -- Using CATKIN_DEVEL_PREFIX: /home/autoware/Autoware/build/autoware_driveworks_interface/devel
[1.236s] -- Using CMAKE_PREFIX_PATH: /home/autoware/Autoware/install/autoware_msgs;/home/autoware/Autoware/install/autoware_build_flags;/opt/ros/melodic
[1.237s] -- This workspace overlays: /home/autoware/Autoware/install/autoware_msgs;/home/autoware/Autoware/install/autoware_build_flags;/opt/ros/melodic
[1.254s] -- Found PythonInterp: /usr/bin/python2 (found suitable version "2.7.17", minimum required is "2") 
[1.254s] -- Using PYTHON_EXECUTABLE: /usr/bin/python2
[1.254s] -- Using Debian Python package layout
[1.254s] -- Using empy: /usr/bin/empy
[1.395s] -- Using CATKIN_ENABLE_TESTING: ON
[1.396s] -- Call enable_testing()
[1.401s] -- Using CATKIN_TEST_RESULTS_DIR: /home/autoware/Autoware/build/autoware_driveworks_interface/test_results
[1.423s] -- Found gtest sources under '/usr/src/googletest': gtests will be built
[1.423s] -- Found gmock sources under '/usr/src/googletest': gmock will be built
[1.441s] -- Found PythonInterp: /usr/bin/python2 (found version "2.7.17") 
[1.441s] -- Looking for pthread.h
[1.521s] -- Looking for pthread.h - found
[1.525s] -- Looking for pthread_create
[1.609s] -- Looking for pthread_create - not found
[1.609s] -- Looking for pthread_create in pthreads
[1.673s] -- Looking for pthread_create in pthreads - not found
[1.673s] -- Looking for pthread_create in pthread
[1.753s] -- Looking for pthread_create in pthread - found
[1.753s] -- Found Threads: TRUE  
[1.753s] -- Using Python nosetests: /usr/bin/nosetests-2.7
[1.796s] -- catkin 0.7.26
[1.797s] -- BUILD_SHARED_LIBS is on
[1.971s] -- Using these message generators: gencpp;geneus;genlisp;gennodejs;genpy
[2.091s] -- Found CUDA: /usr/local/cuda (found version "10.0") 
[2.221s] autoware_driveworks_interface won't be built, CUDA and aarch64 are required.
[2.224s] -- Configuring done
[2.250s] -- Generating done
[2.257s] -- Build files have been written to: /home/autoware/Autoware/build/autoware_driveworks_interface
[2.266s] Invoked command in '/home/autoware/Autoware/build/autoware_driveworks_interface' returned '0': CMAKE_PREFIX_PATH=/home/autoware/Autoware/install/autoware_msgs:/home/autoware/Autoware/install/autoware_build_flags:${CMAKE_PREFIX_PATH} PKG_CONFIG_PATH=/home/autoware/Autoware/install/autoware_msgs/lib/x86_64-linux-gnu/pkgconfig:/home/autoware/Autoware/install/autoware_msgs/lib/pkgconfig:/home/autoware/Autoware/install/autoware_build_flags/lib/x86_64-linux-gnu/pkgconfig:/home/autoware/Autoware/install/autoware_build_flags/lib/pkgconfig:${PKG_CONFIG_PATH} PYTHONPATH=/home/autoware/Autoware/install/autoware_msgs/lib/python2.7/dist-packages:${PYTHONPATH} ROS_PACKAGE_PATH=/home/autoware/Autoware/install/autoware_msgs/share:/home/autoware/Autoware/install/autoware_build_flags/share:${ROS_PACKAGE_PATH} /usr/bin/cmake /home/autoware/Autoware/src/drivers/awf_drivers/autoware_driveworks_interface -DCMAKE_BUILD_TYPE=Release -DCATKIN_INSTALL_INTO_PREFIX_ROOT=0 -DCMAKE_INSTALL_PREFIX=/home/autoware/Autoware/install/autoware_driveworks_interface
[2.267s] Invoking command in '/home/autoware/Autoware/build/autoware_driveworks_interface': CMAKE_PREFIX_PATH=/home/autoware/Autoware/install/autoware_msgs:/home/autoware/Autoware/install/autoware_build_flags:${CMAKE_PREFIX_PATH} PKG_CONFIG_PATH=/home/autoware/Autoware/install/autoware_msgs/lib/x86_64-linux-gnu/pkgconfig:/home/autoware/Autoware/install/autoware_msgs/lib/pkgconfig:/home/autoware/Autoware/install/autoware_build_flags/lib/x86_64-linux-gnu/pkgconfig:/home/autoware/Autoware/install/autoware_build_flags/lib/pkgconfig:${PKG_CONFIG_PATH} PYTHONPATH=/home/autoware/Autoware/install/autoware_msgs/lib/python2.7/dist-packages:${PYTHONPATH} ROS_PACKAGE_PATH=/home/autoware/Autoware/install/autoware_msgs/share:/home/autoware/Autoware/install/autoware_build_flags/share:${ROS_PACKAGE_PATH} /usr/bin/cmake --build /home/autoware/Autoware/build/autoware_driveworks_interface -- -j2 -l2
[2.315s] Invoked command in '/home/autoware/Autoware/build/autoware_driveworks_interface' returned '0': CMAKE_PREFIX_PATH=/home/autoware/Autoware/install/autoware_msgs:/home/autoware/Autoware/install/autoware_build_flags:${CMAKE_PREFIX_PATH} PKG_CONFIG_PATH=/home/autoware/Autoware/install/autoware_msgs/lib/x86_64-linux-gnu/pkgconfig:/home/autoware/Autoware/install/autoware_msgs/lib/pkgconfig:/home/autoware/Autoware/install/autoware_build_flags/lib/x86_64-linux-gnu/pkgconfig:/home/autoware/Autoware/install/autoware_build_flags/lib/pkgconfig:${PKG_CONFIG_PATH} PYTHONPATH=/home/autoware/Autoware/install/autoware_msgs/lib/python2.7/dist-packages:${PYTHONPATH} ROS_PACKAGE_PATH=/home/autoware/Autoware/install/autoware_msgs/share:/home/autoware/Autoware/install/autoware_build_flags/share:${ROS_PACKAGE_PATH} /usr/bin/cmake --build /home/autoware/Autoware/build/autoware_driveworks_interface -- -j2 -l2
[2.393s] Invoking command in '/home/autoware/Autoware/build/autoware_driveworks_interface': CMAKE_PREFIX_PATH=/home/autoware/Autoware/install/autoware_msgs:/home/autoware/Autoware/install/autoware_build_flags:${CMAKE_PREFIX_PATH} PKG_CONFIG_PATH=/home/autoware/Autoware/install/autoware_msgs/lib/x86_64-linux-gnu/pkgconfig:/home/autoware/Autoware/install/autoware_msgs/lib/pkgconfig:/home/autoware/Autoware/install/autoware_build_flags/lib/x86_64-linux-gnu/pkgconfig:/home/autoware/Autoware/install/autoware_build_flags/lib/pkgconfig:${PKG_CONFIG_PATH} PYTHONPATH=/home/autoware/Autoware/install/autoware_msgs/lib/python2.7/dist-packages:${PYTHONPATH} ROS_PACKAGE_PATH=/home/autoware/Autoware/install/autoware_msgs/share:/home/autoware/Autoware/install/autoware_build_flags/share:${ROS_PACKAGE_PATH} /usr/bin/cmake --build /home/autoware/Autoware/build/autoware_driveworks_interface --target tests -- -j2 -l2
[2.454s] Scanning dependencies of target tests
[2.468s] Built target tests
[2.483s] Invoked command in '/home/autoware/Autoware/build/autoware_driveworks_interface' returned '0': CMAKE_PREFIX_PATH=/home/autoware/Autoware/install/autoware_msgs:/home/autoware/Autoware/install/autoware_build_flags:${CMAKE_PREFIX_PATH} PKG_CONFIG_PATH=/home/autoware/Autoware/install/autoware_msgs/lib/x86_64-linux-gnu/pkgconfig:/home/autoware/Autoware/install/autoware_msgs/lib/pkgconfig:/home/autoware/Autoware/install/autoware_build_flags/lib/x86_64-linux-gnu/pkgconfig:/home/autoware/Autoware/install/autoware_build_flags/lib/pkgconfig:${PKG_CONFIG_PATH} PYTHONPATH=/home/autoware/Autoware/install/autoware_msgs/lib/python2.7/dist-packages:${PYTHONPATH} ROS_PACKAGE_PATH=/home/autoware/Autoware/install/autoware_msgs/share:/home/autoware/Autoware/install/autoware_build_flags/share:${ROS_PACKAGE_PATH} /usr/bin/cmake --build /home/autoware/Autoware/build/autoware_driveworks_interface --target tests -- -j2 -l2
[2.580s] Invoking command in '/home/autoware/Autoware/build/autoware_driveworks_interface': CMAKE_PREFIX_PATH=/home/autoware/Autoware/install/autoware_msgs:/home/autoware/Autoware/install/autoware_build_flags:${CMAKE_PREFIX_PATH} PKG_CONFIG_PATH=/home/autoware/Autoware/install/autoware_msgs/lib/x86_64-linux-gnu/pkgconfig:/home/autoware/Autoware/install/autoware_msgs/lib/pkgconfig:/home/autoware/Autoware/install/autoware_build_flags/lib/x86_64-linux-gnu/pkgconfig:/home/autoware/Autoware/install/autoware_build_flags/lib/pkgconfig:${PKG_CONFIG_PATH} PYTHONPATH=/home/autoware/Autoware/install/autoware_msgs/lib/python2.7/dist-packages:${PYTHONPATH} ROS_PACKAGE_PATH=/home/autoware/Autoware/install/autoware_msgs/share:/home/autoware/Autoware/install/autoware_build_flags/share:${ROS_PACKAGE_PATH} /usr/bin/cmake --build /home/autoware/Autoware/build/autoware_driveworks_interface --target install -- -j2 -l2
[2.644s] Install the project...
[2.654s] -- Install configuration: "Release"
[2.668s] -- Installing: /home/autoware/Autoware/install/autoware_driveworks_interface/lib/pkgconfig/autoware_driveworks_interface.pc
[2.668s] -- Installing: /home/autoware/Autoware/install/autoware_driveworks_interface/share/autoware_driveworks_interface/cmake/autoware_driveworks_interfaceConfig.cmake
[2.669s] -- Installing: /home/autoware/Autoware/install/autoware_driveworks_interface/share/autoware_driveworks_interface/cmake/autoware_driveworks_interfaceConfig-version.cmake
[2.669s] -- Installing: /home/autoware/Autoware/install/autoware_driveworks_interface/share/autoware_driveworks_interface/package.xml
[2.677s] Invoked command in '/home/autoware/Autoware/build/autoware_driveworks_interface' returned '0': CMAKE_PREFIX_PATH=/home/autoware/Autoware/install/autoware_msgs:/home/autoware/Autoware/install/autoware_build_flags:${CMAKE_PREFIX_PATH} PKG_CONFIG_PATH=/home/autoware/Autoware/install/autoware_msgs/lib/x86_64-linux-gnu/pkgconfig:/home/autoware/Autoware/install/autoware_msgs/lib/pkgconfig:/home/autoware/Autoware/install/autoware_build_flags/lib/x86_64-linux-gnu/pkgconfig:/home/autoware/Autoware/install/autoware_build_flags/lib/pkgconfig:${PKG_CONFIG_PATH} PYTHONPATH=/home/autoware/Autoware/install/autoware_msgs/lib/python2.7/dist-packages:${PYTHONPATH} ROS_PACKAGE_PATH=/home/autoware/Autoware/install/autoware_msgs/share:/home/autoware/Autoware/install/autoware_build_flags/share:${ROS_PACKAGE_PATH} /usr/bin/cmake --build /home/autoware/Autoware/build/autoware_driveworks_interface --target install -- -j2 -l2
