[0.097s] Invoking command in '/home/autoware/Autoware/build/ymc': CMAKE_PREFIX_PATH=/home/autoware/Autoware/install/ros_observer:/home/autoware/Autoware/install/ds4_msgs:/home/autoware/Autoware/install/autoware_msgs:/home/autoware/Autoware/install/autoware_build_flags:${CMAKE_PREFIX_PATH} LD_LIBRARY_PATH=/home/autoware/Autoware/install/ros_observer/lib:${LD_LIBRARY_PATH} PKG_CONFIG_PATH=/home/autoware/Autoware/install/ros_observer/lib/x86_64-linux-gnu/pkgconfig:/home/autoware/Autoware/install/ros_observer/lib/pkgconfig:/home/autoware/Autoware/install/ds4_msgs/lib/x86_64-linux-gnu/pkgconfig:/home/autoware/Autoware/install/ds4_msgs/lib/pkgconfig:/home/autoware/Autoware/install/autoware_msgs/lib/x86_64-linux-gnu/pkgconfig:/home/autoware/Autoware/install/autoware_msgs/lib/pkgconfig:/home/autoware/Autoware/install/autoware_build_flags/lib/x86_64-linux-gnu/pkgconfig:/home/autoware/Autoware/install/autoware_build_flags/lib/pkgconfig:${PKG_CONFIG_PATH} PYTHONPATH=/home/autoware/Autoware/install/ds4_msgs/lib/python2.7/dist-packages:/home/autoware/Autoware/install/autoware_msgs/lib/python2.7/dist-packages:${PYTHONPATH} ROS_PACKAGE_PATH=/home/autoware/Autoware/install/ros_observer/share:/home/autoware/Autoware/install/ds4_msgs/share:/home/autoware/Autoware/install/autoware_msgs/share:/home/autoware/Autoware/install/autoware_build_flags/share:${ROS_PACKAGE_PATH} /usr/bin/cmake /home/autoware/Autoware/src/drivers/awf_drivers/ymc -DCMAKE_BUILD_TYPE=Release -DCATKIN_INSTALL_INTO_PREFIX_ROOT=0 -DCMAKE_INSTALL_PREFIX=/home/autoware/Autoware/install/ymc
[0.192s] -- The C compiler identification is GNU 7.5.0
[0.271s] -- The CXX compiler identification is GNU 7.5.0
[0.277s] -- Check for working C compiler: /usr/bin/cc
[0.375s] -- Check for working C compiler: /usr/bin/cc -- works
[0.376s] -- Detecting C compiler ABI info
[0.477s] -- Detecting C compiler ABI info - done
[0.485s] -- Detecting C compile features
[0.762s] -- Detecting C compile features - done
[0.766s] -- Check for working CXX compiler: /usr/bin/c++
[0.877s] -- Check for working CXX compiler: /usr/bin/c++ -- works
[0.877s] -- Detecting CXX compiler ABI info
[0.988s] -- Detecting CXX compiler ABI info - done
[0.995s] -- Detecting CXX compile features
[1.497s] -- Detecting CXX compile features - done
[1.500s] -- CUDA compilation status: ON.
[1.503s] -- Using CATKIN_DEVEL_PREFIX: /home/autoware/Autoware/build/ymc/devel
[1.503s] -- Using CMAKE_PREFIX_PATH: /home/autoware/Autoware/install/ros_observer;/home/autoware/Autoware/install/ds4_msgs;/home/autoware/Autoware/install/autoware_msgs;/home/autoware/Autoware/install/autoware_build_flags;/opt/ros/melodic
[1.504s] -- This workspace overlays: /home/autoware/Autoware/install/ros_observer;/home/autoware/Autoware/install/ds4_msgs;/home/autoware/Autoware/install/autoware_msgs;/home/autoware/Autoware/install/autoware_build_flags;/opt/ros/melodic
[1.528s] -- Found PythonInterp: /usr/bin/python2 (found suitable version "2.7.17", minimum required is "2") 
[1.528s] -- Using PYTHON_EXECUTABLE: /usr/bin/python2
[1.529s] -- Using Debian Python package layout
[1.529s] -- Using empy: /usr/bin/empy
[1.704s] -- Using CATKIN_ENABLE_TESTING: ON
[1.704s] -- Call enable_testing()
[1.708s] -- Using CATKIN_TEST_RESULTS_DIR: /home/autoware/Autoware/build/ymc/test_results
[1.741s] -- Found gtest sources under '/usr/src/googletest': gtests will be built
[1.741s] -- Found gmock sources under '/usr/src/googletest': gmock will be built
[1.761s] -- Found PythonInterp: /usr/bin/python2 (found version "2.7.17") 
[1.761s] -- Looking for pthread.h
[1.861s] -- Looking for pthread.h - found
[1.861s] -- Looking for pthread_create
[1.971s] -- Looking for pthread_create - not found
[1.972s] -- Looking for pthread_create in pthreads
[2.056s] -- Looking for pthread_create in pthreads - not found
[2.057s] -- Looking for pthread_create in pthread
[2.165s] -- Looking for pthread_create in pthread - found
[2.165s] -- Found Threads: TRUE  
[2.171s] -- Using Python nosetests: /usr/bin/nosetests-2.7
[2.229s] -- catkin 0.7.26
[2.229s] -- BUILD_SHARED_LIBS is on
[2.458s] -- Using these message generators: gencpp;geneus;genlisp;gennodejs;genpy
[2.777s] -- Configuring done
[2.824s] -- Generating done
[2.834s] -- Build files have been written to: /home/autoware/Autoware/build/ymc
[2.839s] Invoked command in '/home/autoware/Autoware/build/ymc' returned '0': CMAKE_PREFIX_PATH=/home/autoware/Autoware/install/ros_observer:/home/autoware/Autoware/install/ds4_msgs:/home/autoware/Autoware/install/autoware_msgs:/home/autoware/Autoware/install/autoware_build_flags:${CMAKE_PREFIX_PATH} LD_LIBRARY_PATH=/home/autoware/Autoware/install/ros_observer/lib:${LD_LIBRARY_PATH} PKG_CONFIG_PATH=/home/autoware/Autoware/install/ros_observer/lib/x86_64-linux-gnu/pkgconfig:/home/autoware/Autoware/install/ros_observer/lib/pkgconfig:/home/autoware/Autoware/install/ds4_msgs/lib/x86_64-linux-gnu/pkgconfig:/home/autoware/Autoware/install/ds4_msgs/lib/pkgconfig:/home/autoware/Autoware/install/autoware_msgs/lib/x86_64-linux-gnu/pkgconfig:/home/autoware/Autoware/install/autoware_msgs/lib/pkgconfig:/home/autoware/Autoware/install/autoware_build_flags/lib/x86_64-linux-gnu/pkgconfig:/home/autoware/Autoware/install/autoware_build_flags/lib/pkgconfig:${PKG_CONFIG_PATH} PYTHONPATH=/home/autoware/Autoware/install/ds4_msgs/lib/python2.7/dist-packages:/home/autoware/Autoware/install/autoware_msgs/lib/python2.7/dist-packages:${PYTHONPATH} ROS_PACKAGE_PATH=/home/autoware/Autoware/install/ros_observer/share:/home/autoware/Autoware/install/ds4_msgs/share:/home/autoware/Autoware/install/autoware_msgs/share:/home/autoware/Autoware/install/autoware_build_flags/share:${ROS_PACKAGE_PATH} /usr/bin/cmake /home/autoware/Autoware/src/drivers/awf_drivers/ymc -DCMAKE_BUILD_TYPE=Release -DCATKIN_INSTALL_INTO_PREFIX_ROOT=0 -DCMAKE_INSTALL_PREFIX=/home/autoware/Autoware/install/ymc
[2.843s] Invoking command in '/home/autoware/Autoware/build/ymc': CMAKE_PREFIX_PATH=/home/autoware/Autoware/install/ros_observer:/home/autoware/Autoware/install/ds4_msgs:/home/autoware/Autoware/install/autoware_msgs:/home/autoware/Autoware/install/autoware_build_flags:${CMAKE_PREFIX_PATH} LD_LIBRARY_PATH=/home/autoware/Autoware/install/ros_observer/lib:${LD_LIBRARY_PATH} PKG_CONFIG_PATH=/home/autoware/Autoware/install/ros_observer/lib/x86_64-linux-gnu/pkgconfig:/home/autoware/Autoware/install/ros_observer/lib/pkgconfig:/home/autoware/Autoware/install/ds4_msgs/lib/x86_64-linux-gnu/pkgconfig:/home/autoware/Autoware/install/ds4_msgs/lib/pkgconfig:/home/autoware/Autoware/install/autoware_msgs/lib/x86_64-linux-gnu/pkgconfig:/home/autoware/Autoware/install/autoware_msgs/lib/pkgconfig:/home/autoware/Autoware/install/autoware_build_flags/lib/x86_64-linux-gnu/pkgconfig:/home/autoware/Autoware/install/autoware_build_flags/lib/pkgconfig:${PKG_CONFIG_PATH} PYTHONPATH=/home/autoware/Autoware/install/ds4_msgs/lib/python2.7/dist-packages:/home/autoware/Autoware/install/autoware_msgs/lib/python2.7/dist-packages:${PYTHONPATH} ROS_PACKAGE_PATH=/home/autoware/Autoware/install/ros_observer/share:/home/autoware/Autoware/install/ds4_msgs/share:/home/autoware/Autoware/install/autoware_msgs/share:/home/autoware/Autoware/install/autoware_build_flags/share:${ROS_PACKAGE_PATH} /usr/bin/cmake --build /home/autoware/Autoware/build/ymc -- -j2 -l2
[2.905s] Scanning dependencies of target jsk_footstep_msgs_generate_messages_cpp
[2.920s] [  0%] Built target jsk_footstep_msgs_generate_messages_cpp
[2.935s] Scanning dependencies of target rosgraph_msgs_generate_messages_py
[2.948s] [  0%] Built target rosgraph_msgs_generate_messages_py
[2.962s] Scanning dependencies of target rosgraph_msgs_generate_messages_nodejs
[2.975s] [  0%] Built target rosgraph_msgs_generate_messages_nodejs
[2.989s] Scanning dependencies of target rosgraph_msgs_generate_messages_lisp
[3.003s] [  0%] Built target rosgraph_msgs_generate_messages_lisp
[3.017s] Scanning dependencies of target roscpp_generate_messages_py
[3.030s] [  0%] Built target roscpp_generate_messages_py
[3.045s] Scanning dependencies of target roscpp_generate_messages_lisp
[3.058s] [  0%] Built target roscpp_generate_messages_lisp
[3.072s] Scanning dependencies of target ds4_msgs_generate_messages_py
[3.085s] [  0%] Built target ds4_msgs_generate_messages_py
[3.100s] Scanning dependencies of target ds4_msgs_generate_messages_eus
[3.113s] [  0%] Built target ds4_msgs_generate_messages_eus
[3.127s] Scanning dependencies of target ds4_msgs_generate_messages_cpp
[3.140s] [  0%] Built target ds4_msgs_generate_messages_cpp
[3.155s] Scanning dependencies of target actionlib_msgs_generate_messages_lisp
[3.169s] [  0%] Built target actionlib_msgs_generate_messages_lisp
[3.186s] Scanning dependencies of target actionlib_msgs_generate_messages_cpp
[3.202s] [  0%] Built target actionlib_msgs_generate_messages_cpp
[3.217s] Scanning dependencies of target jsk_footstep_msgs_generate_messages_nodejs
[3.230s] [  0%] Built target jsk_footstep_msgs_generate_messages_nodejs
[3.245s] Scanning dependencies of target jsk_footstep_msgs_generate_messages_lisp
[3.259s] [  0%] Built target jsk_footstep_msgs_generate_messages_lisp
[3.273s] Scanning dependencies of target ds4_msgs_generate_messages_nodejs
[3.288s] [  0%] Built target ds4_msgs_generate_messages_nodejs
[3.302s] Scanning dependencies of target actionlib_msgs_generate_messages_py
[3.317s] [  0%] Built target actionlib_msgs_generate_messages_py
[3.332s] Scanning dependencies of target jsk_footstep_msgs_generate_messages_eus
[3.346s] [  0%] Built target jsk_footstep_msgs_generate_messages_eus
[3.362s] Scanning dependencies of target autoware_msgs_generate_messages_nodejs
[3.377s] [  0%] Built target autoware_msgs_generate_messages_nodejs
[3.393s] Scanning dependencies of target ds4_msgs_generate_messages_lisp
[3.408s] [  0%] Built target ds4_msgs_generate_messages_lisp
[3.424s] Scanning dependencies of target std_msgs_generate_messages_eus
[3.438s] [  0%] Built target std_msgs_generate_messages_eus
[3.453s] Scanning dependencies of target pcl_msgs_generate_messages_lisp
[3.467s] [  0%] Built target pcl_msgs_generate_messages_lisp
[3.481s] Scanning dependencies of target actionlib_msgs_generate_messages_eus
[3.495s] [  0%] Built target actionlib_msgs_generate_messages_eus
[3.510s] Scanning dependencies of target autoware_msgs_generate_messages_lisp
[3.524s] [  0%] Built target autoware_msgs_generate_messages_lisp
[3.539s] Scanning dependencies of target autoware_msgs_generate_messages_eus
[3.554s] [  0%] Built target autoware_msgs_generate_messages_eus
[3.567s] Scanning dependencies of target jsk_recognition_msgs_generate_messages_cpp
[3.581s] [  0%] Built target jsk_recognition_msgs_generate_messages_cpp
[3.595s] Scanning dependencies of target pcl_msgs_generate_messages_cpp
[3.610s] [  0%] Built target pcl_msgs_generate_messages_cpp
[3.624s] Scanning dependencies of target geometry_msgs_generate_messages_cpp
[3.638s] [  0%] Built target geometry_msgs_generate_messages_cpp
[3.653s] Scanning dependencies of target geometry_msgs_generate_messages_lisp
[3.668s] [  0%] Built target geometry_msgs_generate_messages_lisp
[3.683s] Scanning dependencies of target pcl_msgs_generate_messages_py
[3.697s] [  0%] Built target pcl_msgs_generate_messages_py
[3.713s] Scanning dependencies of target roscpp_generate_messages_nodejs
[3.731s] [  0%] Built target roscpp_generate_messages_nodejs
[3.746s] Scanning dependencies of target roscpp_generate_messages_eus
[3.759s] [  0%] Built target roscpp_generate_messages_eus
[3.775s] Scanning dependencies of target geometry_msgs_generate_messages_eus
[3.790s] [  0%] Built target geometry_msgs_generate_messages_eus
[3.804s] Scanning dependencies of target actionlib_msgs_generate_messages_nodejs
[3.819s] [  0%] Built target actionlib_msgs_generate_messages_nodejs
[3.835s] Scanning dependencies of target jsk_footstep_msgs_generate_messages_py
[3.851s] [  0%] Built target jsk_footstep_msgs_generate_messages_py
[3.865s] Scanning dependencies of target std_msgs_generate_messages_cpp
[3.879s] [  0%] Built target std_msgs_generate_messages_cpp
[3.894s] Scanning dependencies of target geometry_msgs_generate_messages_nodejs
[3.909s] [  0%] Built target geometry_msgs_generate_messages_nodejs
[3.923s] Scanning dependencies of target sensor_msgs_generate_messages_py
[3.943s] [  0%] Built target sensor_msgs_generate_messages_py
[3.958s] Scanning dependencies of target sensor_msgs_generate_messages_lisp
[3.972s] [  0%] Built target sensor_msgs_generate_messages_lisp
[3.988s] Scanning dependencies of target jsk_recognition_msgs_generate_messages_py
[4.003s] [  0%] Built target jsk_recognition_msgs_generate_messages_py
[4.021s] Scanning dependencies of target pcl_msgs_generate_messages_nodejs
[4.036s] [  0%] Built target pcl_msgs_generate_messages_nodejs
[4.050s] Scanning dependencies of target rosgraph_msgs_generate_messages_cpp
[4.064s] [  0%] Built target rosgraph_msgs_generate_messages_cpp
[4.078s] Scanning dependencies of target autoware_msgs_generate_messages_cpp
[4.091s] [  0%] Built target autoware_msgs_generate_messages_cpp
[4.106s] Scanning dependencies of target std_msgs_generate_messages_lisp
[4.119s] [  0%] Built target std_msgs_generate_messages_lisp
[4.142s] Scanning dependencies of target sensor_msgs_generate_messages_cpp
[4.158s] [  0%] Built target sensor_msgs_generate_messages_cpp
[4.173s] Scanning dependencies of target _catkin_empty_exported_target
[4.187s] [  0%] Built target _catkin_empty_exported_target
[4.202s] Scanning dependencies of target sensor_msgs_generate_messages_eus
[4.217s] [  0%] Built target sensor_msgs_generate_messages_eus
[4.231s] Scanning dependencies of target std_msgs_generate_messages_nodejs
[4.245s] [  0%] Built target std_msgs_generate_messages_nodejs
[4.261s] Scanning dependencies of target autoware_msgs_generate_messages_py
[4.276s] [  0%] Built target autoware_msgs_generate_messages_py
[4.292s] Scanning dependencies of target std_msgs_generate_messages_py
[4.306s] [  0%] Built target std_msgs_generate_messages_py
[4.321s] Scanning dependencies of target jsk_recognition_msgs_generate_messages_eus
[4.335s] [  0%] Built target jsk_recognition_msgs_generate_messages_eus
[4.350s] Scanning dependencies of target jsk_recognition_msgs_generate_messages_lisp
[4.364s] [  0%] Built target jsk_recognition_msgs_generate_messages_lisp
[4.378s] Scanning dependencies of target rosgraph_msgs_generate_messages_eus
[4.392s] [  0%] Built target rosgraph_msgs_generate_messages_eus
[4.407s] Scanning dependencies of target jsk_recognition_msgs_generate_messages_nodejs
[4.422s] [  0%] Built target jsk_recognition_msgs_generate_messages_nodejs
[4.439s] Scanning dependencies of target pcl_msgs_generate_messages_eus
[4.452s] [  0%] Built target pcl_msgs_generate_messages_eus
[4.467s] Scanning dependencies of target roscpp_generate_messages_cpp
[4.482s] [  0%] Built target roscpp_generate_messages_cpp
[4.496s] Scanning dependencies of target sensor_msgs_generate_messages_nodejs
[4.511s] [  0%] Built target sensor_msgs_generate_messages_nodejs
[4.526s] Scanning dependencies of target geometry_msgs_generate_messages_py
[4.541s] [  0%] Built target geometry_msgs_generate_messages_py
[4.576s] Scanning dependencies of target g30esli_interface
[4.594s] [ 25%] Building CXX object CMakeFiles/g30esli_interface.dir/node/g30esli_interface/g30esli_ros.cpp.o
[6.354s] [ 50%] Building CXX object CMakeFiles/g30esli_interface.dir/node/g30esli_interface/g30esli_interface.cpp.o
[11.690s] [ 75%] Building CXX object CMakeFiles/g30esli_interface.dir/node/g30esli_interface/g30esli_interface_node.cpp.o
[13.317s] [100%] Linking CXX executable devel/lib/ymc/g30esli_interface
[13.486s] [100%] Built target g30esli_interface
[13.504s] Invoked command in '/home/autoware/Autoware/build/ymc' returned '0': CMAKE_PREFIX_PATH=/home/autoware/Autoware/install/ros_observer:/home/autoware/Autoware/install/ds4_msgs:/home/autoware/Autoware/install/autoware_msgs:/home/autoware/Autoware/install/autoware_build_flags:${CMAKE_PREFIX_PATH} LD_LIBRARY_PATH=/home/autoware/Autoware/install/ros_observer/lib:${LD_LIBRARY_PATH} PKG_CONFIG_PATH=/home/autoware/Autoware/install/ros_observer/lib/x86_64-linux-gnu/pkgconfig:/home/autoware/Autoware/install/ros_observer/lib/pkgconfig:/home/autoware/Autoware/install/ds4_msgs/lib/x86_64-linux-gnu/pkgconfig:/home/autoware/Autoware/install/ds4_msgs/lib/pkgconfig:/home/autoware/Autoware/install/autoware_msgs/lib/x86_64-linux-gnu/pkgconfig:/home/autoware/Autoware/install/autoware_msgs/lib/pkgconfig:/home/autoware/Autoware/install/autoware_build_flags/lib/x86_64-linux-gnu/pkgconfig:/home/autoware/Autoware/install/autoware_build_flags/lib/pkgconfig:${PKG_CONFIG_PATH} PYTHONPATH=/home/autoware/Autoware/install/ds4_msgs/lib/python2.7/dist-packages:/home/autoware/Autoware/install/autoware_msgs/lib/python2.7/dist-packages:${PYTHONPATH} ROS_PACKAGE_PATH=/home/autoware/Autoware/install/ros_observer/share:/home/autoware/Autoware/install/ds4_msgs/share:/home/autoware/Autoware/install/autoware_msgs/share:/home/autoware/Autoware/install/autoware_build_flags/share:${ROS_PACKAGE_PATH} /usr/bin/cmake --build /home/autoware/Autoware/build/ymc -- -j2 -l2
[13.613s] Invoking command in '/home/autoware/Autoware/build/ymc': CMAKE_PREFIX_PATH=/home/autoware/Autoware/install/ros_observer:/home/autoware/Autoware/install/ds4_msgs:/home/autoware/Autoware/install/autoware_msgs:/home/autoware/Autoware/install/autoware_build_flags:${CMAKE_PREFIX_PATH} LD_LIBRARY_PATH=/home/autoware/Autoware/install/ros_observer/lib:${LD_LIBRARY_PATH} PKG_CONFIG_PATH=/home/autoware/Autoware/install/ros_observer/lib/x86_64-linux-gnu/pkgconfig:/home/autoware/Autoware/install/ros_observer/lib/pkgconfig:/home/autoware/Autoware/install/ds4_msgs/lib/x86_64-linux-gnu/pkgconfig:/home/autoware/Autoware/install/ds4_msgs/lib/pkgconfig:/home/autoware/Autoware/install/autoware_msgs/lib/x86_64-linux-gnu/pkgconfig:/home/autoware/Autoware/install/autoware_msgs/lib/pkgconfig:/home/autoware/Autoware/install/autoware_build_flags/lib/x86_64-linux-gnu/pkgconfig:/home/autoware/Autoware/install/autoware_build_flags/lib/pkgconfig:${PKG_CONFIG_PATH} PYTHONPATH=/home/autoware/Autoware/install/ds4_msgs/lib/python2.7/dist-packages:/home/autoware/Autoware/install/autoware_msgs/lib/python2.7/dist-packages:${PYTHONPATH} ROS_PACKAGE_PATH=/home/autoware/Autoware/install/ros_observer/share:/home/autoware/Autoware/install/ds4_msgs/share:/home/autoware/Autoware/install/autoware_msgs/share:/home/autoware/Autoware/install/autoware_build_flags/share:${ROS_PACKAGE_PATH} /usr/bin/cmake --build /home/autoware/Autoware/build/ymc --target tests -- -j2 -l2
[13.689s] Scanning dependencies of target tests
[13.702s] Built target tests
[13.718s] Invoked command in '/home/autoware/Autoware/build/ymc' returned '0': CMAKE_PREFIX_PATH=/home/autoware/Autoware/install/ros_observer:/home/autoware/Autoware/install/ds4_msgs:/home/autoware/Autoware/install/autoware_msgs:/home/autoware/Autoware/install/autoware_build_flags:${CMAKE_PREFIX_PATH} LD_LIBRARY_PATH=/home/autoware/Autoware/install/ros_observer/lib:${LD_LIBRARY_PATH} PKG_CONFIG_PATH=/home/autoware/Autoware/install/ros_observer/lib/x86_64-linux-gnu/pkgconfig:/home/autoware/Autoware/install/ros_observer/lib/pkgconfig:/home/autoware/Autoware/install/ds4_msgs/lib/x86_64-linux-gnu/pkgconfig:/home/autoware/Autoware/install/ds4_msgs/lib/pkgconfig:/home/autoware/Autoware/install/autoware_msgs/lib/x86_64-linux-gnu/pkgconfig:/home/autoware/Autoware/install/autoware_msgs/lib/pkgconfig:/home/autoware/Autoware/install/autoware_build_flags/lib/x86_64-linux-gnu/pkgconfig:/home/autoware/Autoware/install/autoware_build_flags/lib/pkgconfig:${PKG_CONFIG_PATH} PYTHONPATH=/home/autoware/Autoware/install/ds4_msgs/lib/python2.7/dist-packages:/home/autoware/Autoware/install/autoware_msgs/lib/python2.7/dist-packages:${PYTHONPATH} ROS_PACKAGE_PATH=/home/autoware/Autoware/install/ros_observer/share:/home/autoware/Autoware/install/ds4_msgs/share:/home/autoware/Autoware/install/autoware_msgs/share:/home/autoware/Autoware/install/autoware_build_flags/share:${ROS_PACKAGE_PATH} /usr/bin/cmake --build /home/autoware/Autoware/build/ymc --target tests -- -j2 -l2
[13.827s] Invoking command in '/home/autoware/Autoware/build/ymc': CMAKE_PREFIX_PATH=/home/autoware/Autoware/install/ros_observer:/home/autoware/Autoware/install/ds4_msgs:/home/autoware/Autoware/install/autoware_msgs:/home/autoware/Autoware/install/autoware_build_flags:${CMAKE_PREFIX_PATH} LD_LIBRARY_PATH=/home/autoware/Autoware/install/ros_observer/lib:${LD_LIBRARY_PATH} PKG_CONFIG_PATH=/home/autoware/Autoware/install/ros_observer/lib/x86_64-linux-gnu/pkgconfig:/home/autoware/Autoware/install/ros_observer/lib/pkgconfig:/home/autoware/Autoware/install/ds4_msgs/lib/x86_64-linux-gnu/pkgconfig:/home/autoware/Autoware/install/ds4_msgs/lib/pkgconfig:/home/autoware/Autoware/install/autoware_msgs/lib/x86_64-linux-gnu/pkgconfig:/home/autoware/Autoware/install/autoware_msgs/lib/pkgconfig:/home/autoware/Autoware/install/autoware_build_flags/lib/x86_64-linux-gnu/pkgconfig:/home/autoware/Autoware/install/autoware_build_flags/lib/pkgconfig:${PKG_CONFIG_PATH} PYTHONPATH=/home/autoware/Autoware/install/ds4_msgs/lib/python2.7/dist-packages:/home/autoware/Autoware/install/autoware_msgs/lib/python2.7/dist-packages:${PYTHONPATH} ROS_PACKAGE_PATH=/home/autoware/Autoware/install/ros_observer/share:/home/autoware/Autoware/install/ds4_msgs/share:/home/autoware/Autoware/install/autoware_msgs/share:/home/autoware/Autoware/install/autoware_build_flags/share:${ROS_PACKAGE_PATH} /usr/bin/cmake --build /home/autoware/Autoware/build/ymc --target install -- -j2 -l2
[13.901s] [  0%] Built target jsk_footstep_msgs_generate_messages_cpp
[13.929s] [  0%] Built target rosgraph_msgs_generate_messages_py
[13.957s] [  0%] Built target rosgraph_msgs_generate_messages_nodejs
[13.985s] [  0%] Built target rosgraph_msgs_generate_messages_lisp
[14.014s] [  0%] Built target roscpp_generate_messages_py
[14.042s] [  0%] Built target roscpp_generate_messages_lisp
[14.070s] [  0%] Built target ds4_msgs_generate_messages_py
[14.098s] [  0%] Built target ds4_msgs_generate_messages_eus
[14.127s] [  0%] Built target ds4_msgs_generate_messages_cpp
[14.155s] [  0%] Built target actionlib_msgs_generate_messages_lisp
[14.182s] [  0%] Built target actionlib_msgs_generate_messages_cpp
[14.209s] [  0%] Built target jsk_footstep_msgs_generate_messages_nodejs
[14.236s] [  0%] Built target jsk_footstep_msgs_generate_messages_lisp
[14.264s] [  0%] Built target ds4_msgs_generate_messages_nodejs
[14.292s] [  0%] Built target actionlib_msgs_generate_messages_py
[14.320s] [  0%] Built target jsk_footstep_msgs_generate_messages_eus
[14.350s] [  0%] Built target autoware_msgs_generate_messages_nodejs
[14.381s] [  0%] Built target ds4_msgs_generate_messages_lisp
[14.412s] [  0%] Built target std_msgs_generate_messages_eus
[14.441s] [  0%] Built target pcl_msgs_generate_messages_lisp
[14.469s] [  0%] Built target actionlib_msgs_generate_messages_eus
[14.497s] [  0%] Built target autoware_msgs_generate_messages_lisp
[14.526s] [  0%] Built target autoware_msgs_generate_messages_eus
[14.554s] [  0%] Built target jsk_recognition_msgs_generate_messages_cpp
[14.583s] [  0%] Built target pcl_msgs_generate_messages_cpp
[14.611s] [  0%] Built target geometry_msgs_generate_messages_cpp
[14.638s] [  0%] Built target geometry_msgs_generate_messages_lisp
[14.665s] [  0%] Built target pcl_msgs_generate_messages_py
[14.692s] [  0%] Built target roscpp_generate_messages_nodejs
[14.720s] [  0%] Built target roscpp_generate_messages_eus
[14.747s] [  0%] Built target geometry_msgs_generate_messages_eus
[14.773s] [  0%] Built target actionlib_msgs_generate_messages_nodejs
[14.800s] [  0%] Built target jsk_footstep_msgs_generate_messages_py
[14.827s] [  0%] Built target std_msgs_generate_messages_cpp
[14.853s] [  0%] Built target geometry_msgs_generate_messages_nodejs
[14.880s] [  0%] Built target sensor_msgs_generate_messages_py
[14.908s] [  0%] Built target sensor_msgs_generate_messages_lisp
[14.936s] [  0%] Built target jsk_recognition_msgs_generate_messages_py
[14.965s] [  0%] Built target pcl_msgs_generate_messages_nodejs
[14.993s] [  0%] Built target rosgraph_msgs_generate_messages_cpp
[15.019s] [  0%] Built target autoware_msgs_generate_messages_cpp
[15.049s] [  0%] Built target std_msgs_generate_messages_lisp
[15.077s] [  0%] Built target sensor_msgs_generate_messages_cpp
[15.104s] [  0%] Built target _catkin_empty_exported_target
[15.133s] [  0%] Built target sensor_msgs_generate_messages_eus
[15.161s] [  0%] Built target std_msgs_generate_messages_nodejs
[15.189s] [  0%] Built target autoware_msgs_generate_messages_py
[15.218s] [  0%] Built target std_msgs_generate_messages_py
[15.247s] [  0%] Built target jsk_recognition_msgs_generate_messages_eus
[15.276s] [  0%] Built target jsk_recognition_msgs_generate_messages_lisp
[15.304s] [  0%] Built target rosgraph_msgs_generate_messages_eus
[15.333s] [  0%] Built target jsk_recognition_msgs_generate_messages_nodejs
[15.365s] [  0%] Built target pcl_msgs_generate_messages_eus
[15.397s] [  0%] Built target roscpp_generate_messages_cpp
[15.427s] [  0%] Built target sensor_msgs_generate_messages_nodejs
[15.456s] [  0%] Built target geometry_msgs_generate_messages_py
[15.494s] [100%] Built target g30esli_interface
[15.522s] Install the project...
[15.533s] -- Install configuration: "Release"
[15.534s] -- Installing: /home/autoware/Autoware/install/ymc/lib/pkgconfig/ymc.pc
[15.535s] -- Installing: /home/autoware/Autoware/install/ymc/share/ymc/cmake/ymcConfig.cmake
[15.535s] -- Installing: /home/autoware/Autoware/install/ymc/share/ymc/cmake/ymcConfig-version.cmake
[15.536s] -- Installing: /home/autoware/Autoware/install/ymc/share/ymc/package.xml
[15.536s] -- Installing: /home/autoware/Autoware/install/ymc/lib/ymc/g30esli_interface
[15.538s] -- Set runtime path of "/home/autoware/Autoware/install/ymc/lib/ymc/g30esli_interface" to ""
[15.538s] -- Installing: /home/autoware/Autoware/install/ymc/share/ymc/launch
[15.539s] -- Installing: /home/autoware/Autoware/install/ymc/share/ymc/launch/g30esli_interface.launch
[15.539s] -- Installing: /home/autoware/Autoware/install/ymc/share/ymc/scripts
[15.540s] -- Installing: /home/autoware/Autoware/install/ymc/share/ymc/scripts/canset
[15.549s] Invoked command in '/home/autoware/Autoware/build/ymc' returned '0': CMAKE_PREFIX_PATH=/home/autoware/Autoware/install/ros_observer:/home/autoware/Autoware/install/ds4_msgs:/home/autoware/Autoware/install/autoware_msgs:/home/autoware/Autoware/install/autoware_build_flags:${CMAKE_PREFIX_PATH} LD_LIBRARY_PATH=/home/autoware/Autoware/install/ros_observer/lib:${LD_LIBRARY_PATH} PKG_CONFIG_PATH=/home/autoware/Autoware/install/ros_observer/lib/x86_64-linux-gnu/pkgconfig:/home/autoware/Autoware/install/ros_observer/lib/pkgconfig:/home/autoware/Autoware/install/ds4_msgs/lib/x86_64-linux-gnu/pkgconfig:/home/autoware/Autoware/install/ds4_msgs/lib/pkgconfig:/home/autoware/Autoware/install/autoware_msgs/lib/x86_64-linux-gnu/pkgconfig:/home/autoware/Autoware/install/autoware_msgs/lib/pkgconfig:/home/autoware/Autoware/install/autoware_build_flags/lib/x86_64-linux-gnu/pkgconfig:/home/autoware/Autoware/install/autoware_build_flags/lib/pkgconfig:${PKG_CONFIG_PATH} PYTHONPATH=/home/autoware/Autoware/install/ds4_msgs/lib/python2.7/dist-packages:/home/autoware/Autoware/install/autoware_msgs/lib/python2.7/dist-packages:${PYTHONPATH} ROS_PACKAGE_PATH=/home/autoware/Autoware/install/ros_observer/share:/home/autoware/Autoware/install/ds4_msgs/share:/home/autoware/Autoware/install/autoware_msgs/share:/home/autoware/Autoware/install/autoware_build_flags/share:${ROS_PACKAGE_PATH} /usr/bin/cmake --build /home/autoware/Autoware/build/ymc --target install -- -j2 -l2
