[0.015s] Invoking command in '/home/autoware/Autoware/build/vectacam': CMAKE_PREFIX_PATH=/home/autoware/Autoware/install/autoware_build_flags:${CMAKE_PREFIX_PATH} PKG_CONFIG_PATH=/home/autoware/Autoware/install/autoware_build_flags/lib/x86_64-linux-gnu/pkgconfig:/home/autoware/Autoware/install/autoware_build_flags/lib/pkgconfig:${PKG_CONFIG_PATH} ROS_PACKAGE_PATH=/home/autoware/Autoware/install/autoware_build_flags/share:${ROS_PACKAGE_PATH} /usr/bin/cmake /home/autoware/Autoware/src/drivers/awf_drivers/vectacam -DCMAKE_BUILD_TYPE=Release -DCATKIN_INSTALL_INTO_PREFIX_ROOT=0 -DCMAKE_INSTALL_PREFIX=/home/autoware/Autoware/install/vectacam
[0.105s] -- The C compiler identification is GNU 7.5.0
[0.193s] -- The CXX compiler identification is GNU 7.5.0
[0.199s] -- Check for working C compiler: /usr/bin/cc
[0.300s] -- Check for working C compiler: /usr/bin/cc -- works
[0.300s] -- Detecting C compiler ABI info
[0.392s] -- Detecting C compiler ABI info - done
[0.396s] -- Detecting C compile features
[0.678s] -- Detecting C compile features - done
[0.682s] -- Check for working CXX compiler: /usr/bin/c++
[0.792s] -- Check for working CXX compiler: /usr/bin/c++ -- works
[0.793s] -- Detecting CXX compiler ABI info
[0.897s] -- Detecting CXX compiler ABI info - done
[0.908s] -- Detecting CXX compile features
[1.412s] -- Detecting CXX compile features - done
[1.414s] -- CUDA compilation status: ON.
[1.416s] -- Using CATKIN_DEVEL_PREFIX: /home/autoware/Autoware/build/vectacam/devel
[1.416s] -- Using CMAKE_PREFIX_PATH: /home/autoware/Autoware/install/autoware_build_flags;/opt/ros/melodic
[1.416s] -- This workspace overlays: /home/autoware/Autoware/install/autoware_build_flags;/opt/ros/melodic
[1.436s] -- Found PythonInterp: /usr/bin/python2 (found suitable version "2.7.17", minimum required is "2") 
[1.436s] -- Using PYTHON_EXECUTABLE: /usr/bin/python2
[1.437s] -- Using Debian Python package layout
[1.437s] -- Using empy: /usr/bin/empy
[1.623s] -- Using CATKIN_ENABLE_TESTING: ON
[1.624s] -- Call enable_testing()
[1.626s] -- Using CATKIN_TEST_RESULTS_DIR: /home/autoware/Autoware/build/vectacam/test_results
[1.657s] -- Found gtest sources under '/usr/src/googletest': gtests will be built
[1.657s] -- Found gmock sources under '/usr/src/googletest': gmock will be built
[1.674s] -- Found PythonInterp: /usr/bin/python2 (found version "2.7.17") 
[1.675s] -- Looking for pthread.h
[1.781s] -- Looking for pthread.h - found
[1.781s] -- Looking for pthread_create
[1.883s] -- Looking for pthread_create - not found
[1.883s] -- Looking for pthread_create in pthreads
[1.959s] -- Looking for pthread_create in pthreads - not found
[1.959s] -- Looking for pthread_create in pthread
[2.048s] -- Looking for pthread_create in pthread - found
[2.049s] -- Found Threads: TRUE  
[2.055s] -- Using Python nosetests: /usr/bin/nosetests-2.7
[2.107s] -- catkin 0.7.26
[2.107s] -- BUILD_SHARED_LIBS is on
[2.395s] -- Using these message generators: gencpp;geneus;genlisp;gennodejs;genpy
[2.578s] -- Found OpenCV: /usr (found version "3.2.0") 
[2.754s] -- Configuring done
[2.806s] -- Generating done
[2.816s] -- Build files have been written to: /home/autoware/Autoware/build/vectacam
[2.822s] Invoked command in '/home/autoware/Autoware/build/vectacam' returned '0': CMAKE_PREFIX_PATH=/home/autoware/Autoware/install/autoware_build_flags:${CMAKE_PREFIX_PATH} PKG_CONFIG_PATH=/home/autoware/Autoware/install/autoware_build_flags/lib/x86_64-linux-gnu/pkgconfig:/home/autoware/Autoware/install/autoware_build_flags/lib/pkgconfig:${PKG_CONFIG_PATH} ROS_PACKAGE_PATH=/home/autoware/Autoware/install/autoware_build_flags/share:${ROS_PACKAGE_PATH} /usr/bin/cmake /home/autoware/Autoware/src/drivers/awf_drivers/vectacam -DCMAKE_BUILD_TYPE=Release -DCATKIN_INSTALL_INTO_PREFIX_ROOT=0 -DCMAKE_INSTALL_PREFIX=/home/autoware/Autoware/install/vectacam
[2.823s] Invoking command in '/home/autoware/Autoware/build/vectacam': CMAKE_PREFIX_PATH=/home/autoware/Autoware/install/autoware_build_flags:${CMAKE_PREFIX_PATH} PKG_CONFIG_PATH=/home/autoware/Autoware/install/autoware_build_flags/lib/x86_64-linux-gnu/pkgconfig:/home/autoware/Autoware/install/autoware_build_flags/lib/pkgconfig:${PKG_CONFIG_PATH} ROS_PACKAGE_PATH=/home/autoware/Autoware/install/autoware_build_flags/share:${ROS_PACKAGE_PATH} /usr/bin/cmake --build /home/autoware/Autoware/build/vectacam -- -j2 -l2
[2.898s] Scanning dependencies of target vectacam_node
[2.920s] [ 33%] Building CXX object CMakeFiles/vectacam_node.dir/nodes/vectacam/vectacam_node.cpp.o
[5.909s] [ 66%] Building CXX object CMakeFiles/vectacam_node.dir/nodes/vectacam/VectaCam.cpp.o
[8.130s] [100%] Linking CXX executable devel/lib/vectacam/vectacam_node
[8.557s] [100%] Built target vectacam_node
[8.574s] Invoked command in '/home/autoware/Autoware/build/vectacam' returned '0': CMAKE_PREFIX_PATH=/home/autoware/Autoware/install/autoware_build_flags:${CMAKE_PREFIX_PATH} PKG_CONFIG_PATH=/home/autoware/Autoware/install/autoware_build_flags/lib/x86_64-linux-gnu/pkgconfig:/home/autoware/Autoware/install/autoware_build_flags/lib/pkgconfig:${PKG_CONFIG_PATH} ROS_PACKAGE_PATH=/home/autoware/Autoware/install/autoware_build_flags/share:${ROS_PACKAGE_PATH} /usr/bin/cmake --build /home/autoware/Autoware/build/vectacam -- -j2 -l2
[8.674s] Invoking command in '/home/autoware/Autoware/build/vectacam': CMAKE_PREFIX_PATH=/home/autoware/Autoware/install/autoware_build_flags:${CMAKE_PREFIX_PATH} PKG_CONFIG_PATH=/home/autoware/Autoware/install/autoware_build_flags/lib/x86_64-linux-gnu/pkgconfig:/home/autoware/Autoware/install/autoware_build_flags/lib/pkgconfig:${PKG_CONFIG_PATH} ROS_PACKAGE_PATH=/home/autoware/Autoware/install/autoware_build_flags/share:${ROS_PACKAGE_PATH} /usr/bin/cmake --build /home/autoware/Autoware/build/vectacam --target tests -- -j2 -l2
[8.750s] Scanning dependencies of target tests
[8.765s] Built target tests
[8.783s] Invoked command in '/home/autoware/Autoware/build/vectacam' returned '0': CMAKE_PREFIX_PATH=/home/autoware/Autoware/install/autoware_build_flags:${CMAKE_PREFIX_PATH} PKG_CONFIG_PATH=/home/autoware/Autoware/install/autoware_build_flags/lib/x86_64-linux-gnu/pkgconfig:/home/autoware/Autoware/install/autoware_build_flags/lib/pkgconfig:${PKG_CONFIG_PATH} ROS_PACKAGE_PATH=/home/autoware/Autoware/install/autoware_build_flags/share:${ROS_PACKAGE_PATH} /usr/bin/cmake --build /home/autoware/Autoware/build/vectacam --target tests -- -j2 -l2
[8.879s] Invoking command in '/home/autoware/Autoware/build/vectacam': CMAKE_PREFIX_PATH=/home/autoware/Autoware/install/autoware_build_flags:${CMAKE_PREFIX_PATH} PKG_CONFIG_PATH=/home/autoware/Autoware/install/autoware_build_flags/lib/x86_64-linux-gnu/pkgconfig:/home/autoware/Autoware/install/autoware_build_flags/lib/pkgconfig:${PKG_CONFIG_PATH} ROS_PACKAGE_PATH=/home/autoware/Autoware/install/autoware_build_flags/share:${ROS_PACKAGE_PATH} /usr/bin/cmake --build /home/autoware/Autoware/build/vectacam --target install -- -j2 -l2
[8.959s] [100%] Built target vectacam_node
[8.985s] Install the project...
[8.997s] -- Install configuration: "Release"
[8.997s] -- Installing: /home/autoware/Autoware/install/vectacam/lib/pkgconfig/vectacam.pc
[8.998s] -- Installing: /home/autoware/Autoware/install/vectacam/share/vectacam/cmake/vectacamConfig.cmake
[8.998s] -- Installing: /home/autoware/Autoware/install/vectacam/share/vectacam/cmake/vectacamConfig-version.cmake
[8.999s] -- Installing: /home/autoware/Autoware/install/vectacam/share/vectacam/package.xml
[8.999s] -- Installing: /home/autoware/Autoware/install/vectacam/lib/vectacam/vectacam_node
[9.000s] -- Set runtime path of "/home/autoware/Autoware/install/vectacam/lib/vectacam/vectacam_node" to ""
[9.001s] -- Installing: /home/autoware/Autoware/install/vectacam/share/vectacam/launch
[9.002s] -- Installing: /home/autoware/Autoware/install/vectacam/share/vectacam/launch/vectacam.launch
[9.002s] -- Installing: /home/autoware/Autoware/install/vectacam/share/vectacam/launch/initialization_params.txt
[9.008s] Invoked command in '/home/autoware/Autoware/build/vectacam' returned '0': CMAKE_PREFIX_PATH=/home/autoware/Autoware/install/autoware_build_flags:${CMAKE_PREFIX_PATH} PKG_CONFIG_PATH=/home/autoware/Autoware/install/autoware_build_flags/lib/x86_64-linux-gnu/pkgconfig:/home/autoware/Autoware/install/autoware_build_flags/lib/pkgconfig:${PKG_CONFIG_PATH} ROS_PACKAGE_PATH=/home/autoware/Autoware/install/autoware_build_flags/share:${ROS_PACKAGE_PATH} /usr/bin/cmake --build /home/autoware/Autoware/build/vectacam --target install -- -j2 -l2
