[0.013s] Invoking command in '/home/autoware/Autoware/build/vlg22c_cam': CMAKE_PREFIX_PATH=/home/autoware/Autoware/install/autoware_build_flags:${CMAKE_PREFIX_PATH} PKG_CONFIG_PATH=/home/autoware/Autoware/install/autoware_build_flags/lib/x86_64-linux-gnu/pkgconfig:/home/autoware/Autoware/install/autoware_build_flags/lib/pkgconfig:${PKG_CONFIG_PATH} ROS_PACKAGE_PATH=/home/autoware/Autoware/install/autoware_build_flags/share:${ROS_PACKAGE_PATH} /usr/bin/cmake /home/autoware/Autoware/src/drivers/awf_drivers/baumer -DCMAKE_BUILD_TYPE=Release -DCATKIN_INSTALL_INTO_PREFIX_ROOT=0 -DCMAKE_INSTALL_PREFIX=/home/autoware/Autoware/install/vlg22c_cam
[0.096s] -- The C compiler identification is GNU 7.5.0
[0.176s] -- The CXX compiler identification is GNU 7.5.0
[0.183s] -- Check for working C compiler: /usr/bin/cc
[0.277s] -- Check for working C compiler: /usr/bin/cc -- works
[0.277s] -- Detecting C compiler ABI info
[0.377s] -- Detecting C compiler ABI info - done
[0.382s] -- Detecting C compile features
[0.657s] -- Detecting C compile features - done
[0.661s] -- Check for working CXX compiler: /usr/bin/c++
[0.769s] -- Check for working CXX compiler: /usr/bin/c++ -- works
[0.769s] -- Detecting CXX compiler ABI info
[0.877s] -- Detecting CXX compiler ABI info - done
[0.886s] -- Detecting CXX compile features
[1.349s] -- Detecting CXX compile features - done
[1.352s] -- CUDA compilation status: ON.
[1.354s] -- Using CATKIN_DEVEL_PREFIX: /home/autoware/Autoware/build/vlg22c_cam/devel
[1.354s] -- Using CMAKE_PREFIX_PATH: /home/autoware/Autoware/install/autoware_build_flags;/opt/ros/melodic
[1.355s] -- This workspace overlays: /home/autoware/Autoware/install/autoware_build_flags;/opt/ros/melodic
[1.373s] -- Found PythonInterp: /usr/bin/python2 (found suitable version "2.7.17", minimum required is "2") 
[1.373s] -- Using PYTHON_EXECUTABLE: /usr/bin/python2
[1.373s] -- Using Debian Python package layout
[1.375s] -- Using empy: /usr/bin/empy
[1.557s] -- Using CATKIN_ENABLE_TESTING: ON
[1.557s] -- Call enable_testing()
[1.561s] -- Using CATKIN_TEST_RESULTS_DIR: /home/autoware/Autoware/build/vlg22c_cam/test_results
[1.589s] -- Found gtest sources under '/usr/src/googletest': gtests will be built
[1.589s] -- Found gmock sources under '/usr/src/googletest': gmock will be built
[1.609s] -- Found PythonInterp: /usr/bin/python2 (found version "2.7.17") 
[1.609s] -- Looking for pthread.h
[1.709s] -- Looking for pthread.h - found
[1.709s] -- Looking for pthread_create
[1.805s] -- Looking for pthread_create - not found
[1.805s] -- Looking for pthread_create in pthreads
[1.881s] -- Looking for pthread_create in pthreads - not found
[1.885s] -- Looking for pthread_create in pthread
[1.981s] -- Looking for pthread_create in pthread - found
[1.981s] -- Found Threads: TRUE  
[1.981s] -- Using Python nosetests: /usr/bin/nosetests-2.7
[2.034s] -- catkin 0.7.26
[2.035s] -- BUILD_SHARED_LIBS is on
[2.365s] -- Found PkgConfig: /usr/bin/pkg-config (found version "0.29.1") 
[2.387s] -- Found OpenCV: /usr (found version "3.2.0") 
[2.551s] 'BGGAPI' is not installed. 'vlg22c_cam' will not be built.
[2.553s] -- Configuring done
[2.575s] -- Generating done
[2.581s] -- Build files have been written to: /home/autoware/Autoware/build/vlg22c_cam
[2.590s] Invoked command in '/home/autoware/Autoware/build/vlg22c_cam' returned '0': CMAKE_PREFIX_PATH=/home/autoware/Autoware/install/autoware_build_flags:${CMAKE_PREFIX_PATH} PKG_CONFIG_PATH=/home/autoware/Autoware/install/autoware_build_flags/lib/x86_64-linux-gnu/pkgconfig:/home/autoware/Autoware/install/autoware_build_flags/lib/pkgconfig:${PKG_CONFIG_PATH} ROS_PACKAGE_PATH=/home/autoware/Autoware/install/autoware_build_flags/share:${ROS_PACKAGE_PATH} /usr/bin/cmake /home/autoware/Autoware/src/drivers/awf_drivers/baumer -DCMAKE_BUILD_TYPE=Release -DCATKIN_INSTALL_INTO_PREFIX_ROOT=0 -DCMAKE_INSTALL_PREFIX=/home/autoware/Autoware/install/vlg22c_cam
[2.591s] Invoking command in '/home/autoware/Autoware/build/vlg22c_cam': CMAKE_PREFIX_PATH=/home/autoware/Autoware/install/autoware_build_flags:${CMAKE_PREFIX_PATH} PKG_CONFIG_PATH=/home/autoware/Autoware/install/autoware_build_flags/lib/x86_64-linux-gnu/pkgconfig:/home/autoware/Autoware/install/autoware_build_flags/lib/pkgconfig:${PKG_CONFIG_PATH} ROS_PACKAGE_PATH=/home/autoware/Autoware/install/autoware_build_flags/share:${ROS_PACKAGE_PATH} /usr/bin/cmake --build /home/autoware/Autoware/build/vlg22c_cam -- -j2 -l2
[2.648s] Invoked command in '/home/autoware/Autoware/build/vlg22c_cam' returned '0': CMAKE_PREFIX_PATH=/home/autoware/Autoware/install/autoware_build_flags:${CMAKE_PREFIX_PATH} PKG_CONFIG_PATH=/home/autoware/Autoware/install/autoware_build_flags/lib/x86_64-linux-gnu/pkgconfig:/home/autoware/Autoware/install/autoware_build_flags/lib/pkgconfig:${PKG_CONFIG_PATH} ROS_PACKAGE_PATH=/home/autoware/Autoware/install/autoware_build_flags/share:${ROS_PACKAGE_PATH} /usr/bin/cmake --build /home/autoware/Autoware/build/vlg22c_cam -- -j2 -l2
[2.713s] Invoking command in '/home/autoware/Autoware/build/vlg22c_cam': CMAKE_PREFIX_PATH=/home/autoware/Autoware/install/autoware_build_flags:${CMAKE_PREFIX_PATH} PKG_CONFIG_PATH=/home/autoware/Autoware/install/autoware_build_flags/lib/x86_64-linux-gnu/pkgconfig:/home/autoware/Autoware/install/autoware_build_flags/lib/pkgconfig:${PKG_CONFIG_PATH} ROS_PACKAGE_PATH=/home/autoware/Autoware/install/autoware_build_flags/share:${ROS_PACKAGE_PATH} /usr/bin/cmake --build /home/autoware/Autoware/build/vlg22c_cam --target tests -- -j2 -l2
[2.783s] Scanning dependencies of target tests
[2.797s] Built target tests
[2.814s] Invoked command in '/home/autoware/Autoware/build/vlg22c_cam' returned '0': CMAKE_PREFIX_PATH=/home/autoware/Autoware/install/autoware_build_flags:${CMAKE_PREFIX_PATH} PKG_CONFIG_PATH=/home/autoware/Autoware/install/autoware_build_flags/lib/x86_64-linux-gnu/pkgconfig:/home/autoware/Autoware/install/autoware_build_flags/lib/pkgconfig:${PKG_CONFIG_PATH} ROS_PACKAGE_PATH=/home/autoware/Autoware/install/autoware_build_flags/share:${ROS_PACKAGE_PATH} /usr/bin/cmake --build /home/autoware/Autoware/build/vlg22c_cam --target tests -- -j2 -l2
[2.884s] Invoking command in '/home/autoware/Autoware/build/vlg22c_cam': CMAKE_PREFIX_PATH=/home/autoware/Autoware/install/autoware_build_flags:${CMAKE_PREFIX_PATH} PKG_CONFIG_PATH=/home/autoware/Autoware/install/autoware_build_flags/lib/x86_64-linux-gnu/pkgconfig:/home/autoware/Autoware/install/autoware_build_flags/lib/pkgconfig:${PKG_CONFIG_PATH} ROS_PACKAGE_PATH=/home/autoware/Autoware/install/autoware_build_flags/share:${ROS_PACKAGE_PATH} /usr/bin/cmake --build /home/autoware/Autoware/build/vlg22c_cam --target install -- -j2 -l2
[2.956s] Install the project...
[2.968s] -- Install configuration: "Release"
[2.969s] -- Installing: /home/autoware/Autoware/install/vlg22c_cam/lib/pkgconfig/vlg22c_cam.pc
[2.969s] -- Installing: /home/autoware/Autoware/install/vlg22c_cam/share/vlg22c_cam/cmake/vlg22c_camConfig.cmake
[2.970s] -- Installing: /home/autoware/Autoware/install/vlg22c_cam/share/vlg22c_cam/cmake/vlg22c_camConfig-version.cmake
[2.970s] -- Installing: /home/autoware/Autoware/install/vlg22c_cam/share/vlg22c_cam/package.xml
[2.977s] Invoked command in '/home/autoware/Autoware/build/vlg22c_cam' returned '0': CMAKE_PREFIX_PATH=/home/autoware/Autoware/install/autoware_build_flags:${CMAKE_PREFIX_PATH} PKG_CONFIG_PATH=/home/autoware/Autoware/install/autoware_build_flags/lib/x86_64-linux-gnu/pkgconfig:/home/autoware/Autoware/install/autoware_build_flags/lib/pkgconfig:${PKG_CONFIG_PATH} ROS_PACKAGE_PATH=/home/autoware/Autoware/install/autoware_build_flags/share:${ROS_PACKAGE_PATH} /usr/bin/cmake --build /home/autoware/Autoware/build/vlg22c_cam --target install -- -j2 -l2
