[0.014s] Invoking command in '/home/autoware/Autoware/build/map_tools': CMAKE_PREFIX_PATH=/home/autoware/Autoware/install/autoware_build_flags:${CMAKE_PREFIX_PATH} PKG_CONFIG_PATH=/home/autoware/Autoware/install/autoware_build_flags/lib/x86_64-linux-gnu/pkgconfig:/home/autoware/Autoware/install/autoware_build_flags/lib/pkgconfig:${PKG_CONFIG_PATH} ROS_PACKAGE_PATH=/home/autoware/Autoware/install/autoware_build_flags/share:${ROS_PACKAGE_PATH} /usr/bin/cmake /home/autoware/Autoware/src/autoware/utilities/map_tools -DCMAKE_BUILD_TYPE=Release -DCATKIN_INSTALL_INTO_PREFIX_ROOT=0 -DCMAKE_INSTALL_PREFIX=/home/autoware/Autoware/install/map_tools
[0.087s] -- The C compiler identification is GNU 7.5.0
[0.158s] -- The CXX compiler identification is GNU 7.5.0
[0.164s] -- Check for working C compiler: /usr/bin/cc
[0.246s] -- Check for working C compiler: /usr/bin/cc -- works
[0.246s] -- Detecting C compiler ABI info
[0.337s] -- Detecting C compiler ABI info - done
[0.341s] -- Detecting C compile features
[0.605s] -- Detecting C compile features - done
[0.605s] -- Check for working CXX compiler: /usr/bin/c++
[0.696s] -- Check for working CXX compiler: /usr/bin/c++ -- works
[0.696s] -- Detecting CXX compiler ABI info
[0.781s] -- Detecting CXX compiler ABI info - done
[0.785s] -- Detecting CXX compile features
[1.197s] -- Detecting CXX compile features - done
[1.198s] -- CUDA compilation status: ON.
[1.200s] -- Using CATKIN_DEVEL_PREFIX: /home/autoware/Autoware/build/map_tools/devel
[1.200s] -- Using CMAKE_PREFIX_PATH: /home/autoware/Autoware/install/autoware_build_flags;/opt/ros/melodic
[1.201s] -- This workspace overlays: /home/autoware/Autoware/install/autoware_build_flags;/opt/ros/melodic
[1.216s] -- Found PythonInterp: /usr/bin/python2 (found suitable version "2.7.17", minimum required is "2") 
[1.216s] -- Using PYTHON_EXECUTABLE: /usr/bin/python2
[1.217s] -- Using Debian Python package layout
[1.217s] -- Using empy: /usr/bin/empy
[1.370s] -- Using CATKIN_ENABLE_TESTING: ON
[1.371s] -- Call enable_testing()
[1.380s] -- Using CATKIN_TEST_RESULTS_DIR: /home/autoware/Autoware/build/map_tools/test_results
[1.400s] -- Found gtest sources under '/usr/src/googletest': gtests will be built
[1.400s] -- Found gmock sources under '/usr/src/googletest': gmock will be built
[1.417s] -- Found PythonInterp: /usr/bin/python2 (found version "2.7.17") 
[1.417s] -- Looking for pthread.h
[1.513s] -- Looking for pthread.h - found
[1.513s] -- Looking for pthread_create
[1.605s] -- Looking for pthread_create - not found
[1.605s] -- Looking for pthread_create in pthreads
[1.685s] -- Looking for pthread_create in pthreads - not found
[1.685s] -- Looking for pthread_create in pthread
[1.773s] -- Looking for pthread_create in pthread - found
[1.773s] -- Found Threads: TRUE  
[1.777s] -- Using Python nosetests: /usr/bin/nosetests-2.7
[1.824s] -- catkin 0.7.26
[1.824s] -- BUILD_SHARED_LIBS is on
[2.607s] -- Using these message generators: gencpp;geneus;genlisp;gennodejs;genpy
[3.094s] -- Configuring done
[3.310s] -- Generating done
[3.321s] -- Build files have been written to: /home/autoware/Autoware/build/map_tools
[3.330s] Invoked command in '/home/autoware/Autoware/build/map_tools' returned '0': CMAKE_PREFIX_PATH=/home/autoware/Autoware/install/autoware_build_flags:${CMAKE_PREFIX_PATH} PKG_CONFIG_PATH=/home/autoware/Autoware/install/autoware_build_flags/lib/x86_64-linux-gnu/pkgconfig:/home/autoware/Autoware/install/autoware_build_flags/lib/pkgconfig:${PKG_CONFIG_PATH} ROS_PACKAGE_PATH=/home/autoware/Autoware/install/autoware_build_flags/share:${ROS_PACKAGE_PATH} /usr/bin/cmake /home/autoware/Autoware/src/autoware/utilities/map_tools -DCMAKE_BUILD_TYPE=Release -DCATKIN_INSTALL_INTO_PREFIX_ROOT=0 -DCMAKE_INSTALL_PREFIX=/home/autoware/Autoware/install/map_tools
[3.331s] Invoking command in '/home/autoware/Autoware/build/map_tools': CMAKE_PREFIX_PATH=/home/autoware/Autoware/install/autoware_build_flags:${CMAKE_PREFIX_PATH} PKG_CONFIG_PATH=/home/autoware/Autoware/install/autoware_build_flags/lib/x86_64-linux-gnu/pkgconfig:/home/autoware/Autoware/install/autoware_build_flags/lib/pkgconfig:${PKG_CONFIG_PATH} ROS_PACKAGE_PATH=/home/autoware/Autoware/install/autoware_build_flags/share:${ROS_PACKAGE_PATH} /usr/bin/cmake --build /home/autoware/Autoware/build/map_tools -- -j2 -l2
[3.424s] Scanning dependencies of target pcd_grid_divider
[3.449s] [  7%] Building CXX object CMakeFiles/pcd_grid_divider.dir/nodes/pcd_grid_divider/pcd_grid_divider.cpp.o
[12.643s] [ 14%] Linking CXX executable devel/lib/map_tools/pcd_grid_divider
[13.269s] [ 14%] Built target pcd_grid_divider
[13.364s] Scanning dependencies of target map_extender
[13.399s] [ 21%] Building CXX object CMakeFiles/map_extender.dir/nodes/map_extender/map_extender.cpp.o
[41.159s] [ 28%] Linking CXX executable devel/lib/map_tools/map_extender
[44.062s] [ 28%] Built target map_extender
[44.124s] Scanning dependencies of target pcd2csv
[44.155s] [ 35%] Building CXX object CMakeFiles/pcd2csv.dir/nodes/pcd_converter/pcd2csv.cpp.o
[53.350s] [ 42%] Linking CXX executable devel/lib/map_tools/pcd2csv
[54.050s] [ 42%] Built target pcd2csv
[54.112s] Scanning dependencies of target csv2pcd
[54.142s] [ 50%] Building CXX object CMakeFiles/csv2pcd.dir/nodes/pcd_converter/csv2pcd.cpp.o
[64.006s] [ 57%] Linking CXX executable devel/lib/map_tools/csv2pcd
[64.714s] [ 57%] Built target csv2pcd
[64.784s] Scanning dependencies of target pcd_arealist
[64.815s] [ 64%] Building CXX object CMakeFiles/pcd_arealist.dir/nodes/pcd_arealist/pcd_arealist.cpp.o
[74.387s] [ 71%] Linking CXX executable devel/lib/map_tools/pcd_arealist
[75.061s] [ 71%] Built target pcd_arealist
[75.711s] Scanning dependencies of target pcd_binarizer
[75.739s] [ 78%] Building CXX object CMakeFiles/pcd_binarizer.dir/nodes/pcd_binarizer/pcd_binarizer.cpp.o
[85.747s] [ 85%] Linking CXX executable devel/lib/map_tools/pcd_binarizer
[86.394s] [ 85%] Built target pcd_binarizer
[86.458s] Scanning dependencies of target pcd_filter
[86.488s] [ 92%] Building CXX object CMakeFiles/pcd_filter.dir/nodes/pcd_filter/pcd_filter.cpp.o
[98.472s] [100%] Linking CXX executable devel/lib/map_tools/pcd_filter
[100.788s] [100%] Built target pcd_filter
[100.806s] Invoked command in '/home/autoware/Autoware/build/map_tools' returned '0': CMAKE_PREFIX_PATH=/home/autoware/Autoware/install/autoware_build_flags:${CMAKE_PREFIX_PATH} PKG_CONFIG_PATH=/home/autoware/Autoware/install/autoware_build_flags/lib/x86_64-linux-gnu/pkgconfig:/home/autoware/Autoware/install/autoware_build_flags/lib/pkgconfig:${PKG_CONFIG_PATH} ROS_PACKAGE_PATH=/home/autoware/Autoware/install/autoware_build_flags/share:${ROS_PACKAGE_PATH} /usr/bin/cmake --build /home/autoware/Autoware/build/map_tools -- -j2 -l2
[100.960s] Invoking command in '/home/autoware/Autoware/build/map_tools': CMAKE_PREFIX_PATH=/home/autoware/Autoware/install/autoware_build_flags:${CMAKE_PREFIX_PATH} PKG_CONFIG_PATH=/home/autoware/Autoware/install/autoware_build_flags/lib/x86_64-linux-gnu/pkgconfig:/home/autoware/Autoware/install/autoware_build_flags/lib/pkgconfig:${PKG_CONFIG_PATH} ROS_PACKAGE_PATH=/home/autoware/Autoware/install/autoware_build_flags/share:${ROS_PACKAGE_PATH} /usr/bin/cmake --build /home/autoware/Autoware/build/map_tools --target tests -- -j2 -l2
[101.038s] Scanning dependencies of target tests
[101.052s] Built target tests
[101.067s] Invoked command in '/home/autoware/Autoware/build/map_tools' returned '0': CMAKE_PREFIX_PATH=/home/autoware/Autoware/install/autoware_build_flags:${CMAKE_PREFIX_PATH} PKG_CONFIG_PATH=/home/autoware/Autoware/install/autoware_build_flags/lib/x86_64-linux-gnu/pkgconfig:/home/autoware/Autoware/install/autoware_build_flags/lib/pkgconfig:${PKG_CONFIG_PATH} ROS_PACKAGE_PATH=/home/autoware/Autoware/install/autoware_build_flags/share:${ROS_PACKAGE_PATH} /usr/bin/cmake --build /home/autoware/Autoware/build/map_tools --target tests -- -j2 -l2
[101.221s] Invoking command in '/home/autoware/Autoware/build/map_tools': CMAKE_PREFIX_PATH=/home/autoware/Autoware/install/autoware_build_flags:${CMAKE_PREFIX_PATH} PKG_CONFIG_PATH=/home/autoware/Autoware/install/autoware_build_flags/lib/x86_64-linux-gnu/pkgconfig:/home/autoware/Autoware/install/autoware_build_flags/lib/pkgconfig:${PKG_CONFIG_PATH} ROS_PACKAGE_PATH=/home/autoware/Autoware/install/autoware_build_flags/share:${ROS_PACKAGE_PATH} /usr/bin/cmake --build /home/autoware/Autoware/build/map_tools --target install -- -j2 -l2
[101.311s] [ 14%] Built target pcd_grid_divider
[101.364s] [ 28%] Built target map_extender
[101.407s] [ 42%] Built target pcd2csv
[101.451s] [ 57%] Built target csv2pcd
[101.500s] [ 71%] Built target pcd_arealist
[101.545s] [ 85%] Built target pcd_binarizer
[101.591s] [100%] Built target pcd_filter
[101.619s] Install the project...
[101.630s] -- Install configuration: "Release"
[101.631s] -- Installing: /home/autoware/Autoware/install/map_tools/lib/pkgconfig/map_tools.pc
[101.631s] -- Installing: /home/autoware/Autoware/install/map_tools/share/map_tools/cmake/map_toolsConfig.cmake
[101.631s] -- Installing: /home/autoware/Autoware/install/map_tools/share/map_tools/cmake/map_toolsConfig-version.cmake
[101.632s] -- Installing: /home/autoware/Autoware/install/map_tools/share/map_tools/package.xml
[101.633s] -- Installing: /home/autoware/Autoware/install/map_tools/lib/map_tools/csv2pcd
[101.638s] -- Set runtime path of "/home/autoware/Autoware/install/map_tools/lib/map_tools/csv2pcd" to ""
[101.638s] -- Installing: /home/autoware/Autoware/install/map_tools/lib/map_tools/map_extender
[101.671s] -- Set runtime path of "/home/autoware/Autoware/install/map_tools/lib/map_tools/map_extender" to ""
[101.671s] -- Installing: /home/autoware/Autoware/install/map_tools/lib/map_tools/pcd2csv
[101.676s] -- Set runtime path of "/home/autoware/Autoware/install/map_tools/lib/map_tools/pcd2csv" to ""
[101.677s] -- Installing: /home/autoware/Autoware/install/map_tools/lib/map_tools/pcd_arealist
[101.683s] -- Set runtime path of "/home/autoware/Autoware/install/map_tools/lib/map_tools/pcd_arealist" to ""
[101.683s] -- Installing: /home/autoware/Autoware/install/map_tools/lib/map_tools/pcd_binarizer
[101.688s] -- Set runtime path of "/home/autoware/Autoware/install/map_tools/lib/map_tools/pcd_binarizer" to ""
[101.689s] -- Installing: /home/autoware/Autoware/install/map_tools/lib/map_tools/pcd_filter
[101.696s] -- Set runtime path of "/home/autoware/Autoware/install/map_tools/lib/map_tools/pcd_filter" to ""
[101.697s] -- Installing: /home/autoware/Autoware/install/map_tools/lib/map_tools/pcd_grid_divider
[101.703s] -- Set runtime path of "/home/autoware/Autoware/install/map_tools/lib/map_tools/pcd_grid_divider" to ""
[101.708s] Invoked command in '/home/autoware/Autoware/build/map_tools' returned '0': CMAKE_PREFIX_PATH=/home/autoware/Autoware/install/autoware_build_flags:${CMAKE_PREFIX_PATH} PKG_CONFIG_PATH=/home/autoware/Autoware/install/autoware_build_flags/lib/x86_64-linux-gnu/pkgconfig:/home/autoware/Autoware/install/autoware_build_flags/lib/pkgconfig:${PKG_CONFIG_PATH} ROS_PACKAGE_PATH=/home/autoware/Autoware/install/autoware_build_flags/share:${ROS_PACKAGE_PATH} /usr/bin/cmake --build /home/autoware/Autoware/build/map_tools --target install -- -j2 -l2
