[0.023s] Invoking command in '/home/autoware/Autoware/build/imm_ukf_pda_track': CMAKE_PREFIX_PATH=/home/autoware/Autoware/install/lanelet2_extension:/home/autoware/Autoware/install/vector_map:/home/autoware/Autoware/install/amathutils_lib:/home/autoware/Autoware/install/vector_map_msgs:/home/autoware/Autoware/install/autoware_msgs:/home/autoware/Autoware/install/autoware_lanelet2_msgs:/home/autoware/Autoware/install/autoware_build_flags:${CMAKE_PREFIX_PATH} LD_LIBRARY_PATH=/home/autoware/Autoware/install/lanelet2_extension/lib:/home/autoware/Autoware/install/vector_map/lib:/home/autoware/Autoware/install/amathutils_lib/lib:${LD_LIBRARY_PATH} PKG_CONFIG_PATH=/home/autoware/Autoware/install/lanelet2_extension/lib/x86_64-linux-gnu/pkgconfig:/home/autoware/Autoware/install/lanelet2_extension/lib/pkgconfig:/home/autoware/Autoware/install/vector_map/lib/x86_64-linux-gnu/pkgconfig:/home/autoware/Autoware/install/vector_map/lib/pkgconfig:/home/autoware/Autoware/install/amathutils_lib/lib/x86_64-linux-gnu/pkgconfig:/home/autoware/Autoware/install/amathutils_lib/lib/pkgconfig:/home/autoware/Autoware/install/vector_map_msgs/lib/x86_64-linux-gnu/pkgconfig:/home/autoware/Autoware/install/vector_map_msgs/lib/pkgconfig:/home/autoware/Autoware/install/autoware_msgs/lib/x86_64-linux-gnu/pkgconfig:/home/autoware/Autoware/install/autoware_msgs/lib/pkgconfig:/home/autoware/Autoware/install/autoware_lanelet2_msgs/lib/x86_64-linux-gnu/pkgconfig:/home/autoware/Autoware/install/autoware_lanelet2_msgs/lib/pkgconfig:/home/autoware/Autoware/install/autoware_build_flags/lib/x86_64-linux-gnu/pkgconfig:/home/autoware/Autoware/install/autoware_build_flags/lib/pkgconfig:${PKG_CONFIG_PATH} PYTHONPATH=/home/autoware/Autoware/install/vector_map_msgs/lib/python2.7/dist-packages:/home/autoware/Autoware/install/autoware_msgs/lib/python2.7/dist-packages:/home/autoware/Autoware/install/autoware_lanelet2_msgs/lib/python2.7/dist-packages:${PYTHONPATH} ROS_PACKAGE_PATH=/home/autoware/Autoware/install/lanelet2_extension/share:/home/autoware/Autoware/install/vector_map/share:/home/autoware/Autoware/install/amathutils_lib/share:/home/autoware/Autoware/install/vector_map_msgs/share:/home/autoware/Autoware/install/autoware_msgs/share:/home/autoware/Autoware/install/autoware_lanelet2_msgs/share:/home/autoware/Autoware/install/autoware_build_flags/share:${ROS_PACKAGE_PATH} /usr/bin/cmake /home/autoware/Autoware/src/autoware/core_perception/lidar_imm_ukf_pda_track -DCMAKE_BUILD_TYPE=Release -DCATKIN_INSTALL_INTO_PREFIX_ROOT=0 -DCMAKE_INSTALL_PREFIX=/home/autoware/Autoware/install/imm_ukf_pda_track
[0.103s] -- The C compiler identification is GNU 7.5.0
[0.170s] -- The CXX compiler identification is GNU 7.5.0
[0.175s] -- Check for working C compiler: /usr/bin/cc
[0.281s] -- Check for working C compiler: /usr/bin/cc -- works
[0.281s] -- Detecting C compiler ABI info
[0.361s] -- Detecting C compiler ABI info - done
[0.371s] -- Detecting C compile features
[0.599s] -- Detecting C compile features - done
[0.602s] -- Check for working CXX compiler: /usr/bin/c++
[0.691s] -- Check for working CXX compiler: /usr/bin/c++ -- works
[0.691s] -- Detecting CXX compiler ABI info
[0.782s] -- Detecting CXX compiler ABI info - done
[0.794s] -- Detecting CXX compile features
[1.215s] -- Detecting CXX compile features - done
[1.217s] -- CUDA compilation status: ON.
[1.220s] -- Using CATKIN_DEVEL_PREFIX: /home/autoware/Autoware/build/imm_ukf_pda_track/devel
[1.220s] -- Using CMAKE_PREFIX_PATH: /home/autoware/Autoware/install/lanelet2_extension;/home/autoware/Autoware/install/vector_map;/home/autoware/Autoware/install/amathutils_lib;/home/autoware/Autoware/install/vector_map_msgs;/home/autoware/Autoware/install/autoware_msgs;/home/autoware/Autoware/install/autoware_lanelet2_msgs;/home/autoware/Autoware/install/autoware_build_flags;/opt/ros/melodic
[1.221s] -- This workspace overlays: /home/autoware/Autoware/install/lanelet2_extension;/home/autoware/Autoware/install/vector_map;/home/autoware/Autoware/install/amathutils_lib;/home/autoware/Autoware/install/vector_map_msgs;/home/autoware/Autoware/install/autoware_msgs;/home/autoware/Autoware/install/autoware_lanelet2_msgs;/home/autoware/Autoware/install/autoware_build_flags;/opt/ros/melodic
[1.237s] -- Found PythonInterp: /usr/bin/python2 (found suitable version "2.7.17", minimum required is "2") 
[1.237s] -- Using PYTHON_EXECUTABLE: /usr/bin/python2
[1.237s] -- Using Debian Python package layout
[1.237s] -- Using empy: /usr/bin/empy
[1.385s] -- Using CATKIN_ENABLE_TESTING: ON
[1.385s] -- Call enable_testing()
[1.387s] -- Using CATKIN_TEST_RESULTS_DIR: /home/autoware/Autoware/build/imm_ukf_pda_track/test_results
[1.412s] -- Found gtest sources under '/usr/src/googletest': gtests will be built
[1.412s] -- Found gmock sources under '/usr/src/googletest': gmock will be built
[1.427s] -- Found PythonInterp: /usr/bin/python2 (found version "2.7.17") 
[1.428s] -- Looking for pthread.h
[1.512s] -- Looking for pthread.h - found
[1.513s] -- Looking for pthread_create
[1.602s] -- Looking for pthread_create - not found
[1.603s] -- Looking for pthread_create in pthreads
[1.676s] -- Looking for pthread_create in pthreads - not found
[1.676s] -- Looking for pthread_create in pthread
[1.763s] -- Looking for pthread_create in pthread - found
[1.763s] -- Found Threads: TRUE  
[1.763s] -- Using Python nosetests: /usr/bin/nosetests-2.7
[1.810s] -- catkin 0.7.26
[1.810s] -- BUILD_SHARED_LIBS is on
[2.007s] -- Using these message generators: gencpp;geneus;genlisp;gennodejs;genpy
[2.316s] -- Boost version: 1.65.1
[2.316s] -- Found the following Boost libraries:
[2.316s] --   wserialization
[2.316s] --   thread
[2.316s] --   random
[2.316s] --   serialization
[2.316s] --   log_setup
[2.316s] --   prg_exec_monitor
[2.316s] --   wave
[2.316s] --   system
[2.316s] --   chrono
[2.316s] --   filesystem
[2.316s] --   locale
[2.316s] --   timer
[2.316s] --   date_time
[2.316s] --   regex
[2.317s] --   graph
[2.317s] --   program_options
[2.317s] --   unit_test_framework
[2.317s] --   log
[2.317s] --   atomic
[2.603s] -- Found OpenMP_C: -fopenmp (found version "4.5") 
[2.707s] -- Found OpenMP_CXX: -fopenmp (found version "4.5") 
[2.708s] -- Found OpenMP: TRUE (found version "4.5")  
[2.719s] -- Found pugixml: /usr/lib/x86_64-linux-gnu/libpugixml.so  
[2.741s] -- Found PkgConfig: /usr/bin/pkg-config (found version "0.29.1") 
[2.742s] -- Found GeographicLib: /usr/lib/x86_64-linux-gnu/libGeographic.so  
[3.851s] -- Configuring done
[3.977s] -- Generating done
[3.993s] -- Build files have been written to: /home/autoware/Autoware/build/imm_ukf_pda_track
[4.000s] Invoked command in '/home/autoware/Autoware/build/imm_ukf_pda_track' returned '0': CMAKE_PREFIX_PATH=/home/autoware/Autoware/install/lanelet2_extension:/home/autoware/Autoware/install/vector_map:/home/autoware/Autoware/install/amathutils_lib:/home/autoware/Autoware/install/vector_map_msgs:/home/autoware/Autoware/install/autoware_msgs:/home/autoware/Autoware/install/autoware_lanelet2_msgs:/home/autoware/Autoware/install/autoware_build_flags:${CMAKE_PREFIX_PATH} LD_LIBRARY_PATH=/home/autoware/Autoware/install/lanelet2_extension/lib:/home/autoware/Autoware/install/vector_map/lib:/home/autoware/Autoware/install/amathutils_lib/lib:${LD_LIBRARY_PATH} PKG_CONFIG_PATH=/home/autoware/Autoware/install/lanelet2_extension/lib/x86_64-linux-gnu/pkgconfig:/home/autoware/Autoware/install/lanelet2_extension/lib/pkgconfig:/home/autoware/Autoware/install/vector_map/lib/x86_64-linux-gnu/pkgconfig:/home/autoware/Autoware/install/vector_map/lib/pkgconfig:/home/autoware/Autoware/install/amathutils_lib/lib/x86_64-linux-gnu/pkgconfig:/home/autoware/Autoware/install/amathutils_lib/lib/pkgconfig:/home/autoware/Autoware/install/vector_map_msgs/lib/x86_64-linux-gnu/pkgconfig:/home/autoware/Autoware/install/vector_map_msgs/lib/pkgconfig:/home/autoware/Autoware/install/autoware_msgs/lib/x86_64-linux-gnu/pkgconfig:/home/autoware/Autoware/install/autoware_msgs/lib/pkgconfig:/home/autoware/Autoware/install/autoware_lanelet2_msgs/lib/x86_64-linux-gnu/pkgconfig:/home/autoware/Autoware/install/autoware_lanelet2_msgs/lib/pkgconfig:/home/autoware/Autoware/install/autoware_build_flags/lib/x86_64-linux-gnu/pkgconfig:/home/autoware/Autoware/install/autoware_build_flags/lib/pkgconfig:${PKG_CONFIG_PATH} PYTHONPATH=/home/autoware/Autoware/install/vector_map_msgs/lib/python2.7/dist-packages:/home/autoware/Autoware/install/autoware_msgs/lib/python2.7/dist-packages:/home/autoware/Autoware/install/autoware_lanelet2_msgs/lib/python2.7/dist-packages:${PYTHONPATH} ROS_PACKAGE_PATH=/home/autoware/Autoware/install/lanelet2_extension/share:/home/autoware/Autoware/install/vector_map/share:/home/autoware/Autoware/install/amathutils_lib/share:/home/autoware/Autoware/install/vector_map_msgs/share:/home/autoware/Autoware/install/autoware_msgs/share:/home/autoware/Autoware/install/autoware_lanelet2_msgs/share:/home/autoware/Autoware/install/autoware_build_flags/share:${ROS_PACKAGE_PATH} /usr/bin/cmake /home/autoware/Autoware/src/autoware/core_perception/lidar_imm_ukf_pda_track -DCMAKE_BUILD_TYPE=Release -DCATKIN_INSTALL_INTO_PREFIX_ROOT=0 -DCMAKE_INSTALL_PREFIX=/home/autoware/Autoware/install/imm_ukf_pda_track
[4.004s] Invoking command in '/home/autoware/Autoware/build/imm_ukf_pda_track': CMAKE_PREFIX_PATH=/home/autoware/Autoware/install/lanelet2_extension:/home/autoware/Autoware/install/vector_map:/home/autoware/Autoware/install/amathutils_lib:/home/autoware/Autoware/install/vector_map_msgs:/home/autoware/Autoware/install/autoware_msgs:/home/autoware/Autoware/install/autoware_lanelet2_msgs:/home/autoware/Autoware/install/autoware_build_flags:${CMAKE_PREFIX_PATH} LD_LIBRARY_PATH=/home/autoware/Autoware/install/lanelet2_extension/lib:/home/autoware/Autoware/install/vector_map/lib:/home/autoware/Autoware/install/amathutils_lib/lib:${LD_LIBRARY_PATH} PKG_CONFIG_PATH=/home/autoware/Autoware/install/lanelet2_extension/lib/x86_64-linux-gnu/pkgconfig:/home/autoware/Autoware/install/lanelet2_extension/lib/pkgconfig:/home/autoware/Autoware/install/vector_map/lib/x86_64-linux-gnu/pkgconfig:/home/autoware/Autoware/install/vector_map/lib/pkgconfig:/home/autoware/Autoware/install/amathutils_lib/lib/x86_64-linux-gnu/pkgconfig:/home/autoware/Autoware/install/amathutils_lib/lib/pkgconfig:/home/autoware/Autoware/install/vector_map_msgs/lib/x86_64-linux-gnu/pkgconfig:/home/autoware/Autoware/install/vector_map_msgs/lib/pkgconfig:/home/autoware/Autoware/install/autoware_msgs/lib/x86_64-linux-gnu/pkgconfig:/home/autoware/Autoware/install/autoware_msgs/lib/pkgconfig:/home/autoware/Autoware/install/autoware_lanelet2_msgs/lib/x86_64-linux-gnu/pkgconfig:/home/autoware/Autoware/install/autoware_lanelet2_msgs/lib/pkgconfig:/home/autoware/Autoware/install/autoware_build_flags/lib/x86_64-linux-gnu/pkgconfig:/home/autoware/Autoware/install/autoware_build_flags/lib/pkgconfig:${PKG_CONFIG_PATH} PYTHONPATH=/home/autoware/Autoware/install/vector_map_msgs/lib/python2.7/dist-packages:/home/autoware/Autoware/install/autoware_msgs/lib/python2.7/dist-packages:/home/autoware/Autoware/install/autoware_lanelet2_msgs/lib/python2.7/dist-packages:${PYTHONPATH} ROS_PACKAGE_PATH=/home/autoware/Autoware/install/lanelet2_extension/share:/home/autoware/Autoware/install/vector_map/share:/home/autoware/Autoware/install/amathutils_lib/share:/home/autoware/Autoware/install/vector_map_msgs/share:/home/autoware/Autoware/install/autoware_msgs/share:/home/autoware/Autoware/install/autoware_lanelet2_msgs/share:/home/autoware/Autoware/install/autoware_build_flags/share:${ROS_PACKAGE_PATH} /usr/bin/cmake --build /home/autoware/Autoware/build/imm_ukf_pda_track -- -j2 -l2
[4.067s] Scanning dependencies of target geometry_msgs_generate_messages_nodejs
[4.078s] [  0%] Built target geometry_msgs_generate_messages_nodejs
[4.091s] Scanning dependencies of target vector_map_msgs_generate_messages_py
[4.102s] [  0%] Built target vector_map_msgs_generate_messages_py
[4.115s] Scanning dependencies of target vector_map_msgs_generate_messages_lisp
[4.127s] [  0%] Built target vector_map_msgs_generate_messages_lisp
[4.139s] Scanning dependencies of target vector_map_msgs_generate_messages_eus
[4.150s] [  0%] Built target vector_map_msgs_generate_messages_eus
[4.161s] Scanning dependencies of target vector_map_msgs_generate_messages_cpp
[4.173s] [  0%] Built target vector_map_msgs_generate_messages_cpp
[4.184s] Scanning dependencies of target topic_tools_generate_messages_nodejs
[4.196s] [  0%] Built target topic_tools_generate_messages_nodejs
[4.209s] Scanning dependencies of target topic_tools_generate_messages_eus
[4.222s] [  0%] Built target topic_tools_generate_messages_eus
[4.236s] Scanning dependencies of target geometry_msgs_generate_messages_lisp
[4.249s] [  0%] Built target geometry_msgs_generate_messages_lisp
[4.261s] Scanning dependencies of target pcl_msgs_generate_messages_cpp
[4.272s] [  0%] Built target pcl_msgs_generate_messages_cpp
[4.284s] Scanning dependencies of target topic_tools_generate_messages_lisp
[4.295s] [  0%] Built target topic_tools_generate_messages_lisp
[4.307s] Scanning dependencies of target jsk_recognition_msgs_generate_messages_cpp
[4.320s] [  0%] Built target jsk_recognition_msgs_generate_messages_cpp
[4.333s] Scanning dependencies of target autoware_msgs_generate_messages_eus
[4.348s] [  0%] Built target autoware_msgs_generate_messages_eus
[4.361s] Scanning dependencies of target autoware_msgs_generate_messages_lisp
[4.374s] [  0%] Built target autoware_msgs_generate_messages_lisp
[4.386s] Scanning dependencies of target visualization_msgs_generate_messages_lisp
[4.397s] [  0%] Built target visualization_msgs_generate_messages_lisp
[4.410s] Scanning dependencies of target std_msgs_generate_messages_eus
[4.422s] [  0%] Built target std_msgs_generate_messages_eus
[4.434s] Scanning dependencies of target autoware_msgs_generate_messages_nodejs
[4.446s] [  0%] Built target autoware_msgs_generate_messages_nodejs
[4.457s] Scanning dependencies of target jsk_footstep_msgs_generate_messages_eus
[4.469s] [  0%] Built target jsk_footstep_msgs_generate_messages_eus
[4.481s] Scanning dependencies of target actionlib_msgs_generate_messages_py
[4.492s] [  0%] Built target actionlib_msgs_generate_messages_py
[4.504s] Scanning dependencies of target jsk_footstep_msgs_generate_messages_lisp
[4.515s] [  0%] Built target jsk_footstep_msgs_generate_messages_lisp
[4.527s] Scanning dependencies of target jsk_footstep_msgs_generate_messages_nodejs
[4.538s] [  0%] Built target jsk_footstep_msgs_generate_messages_nodejs
[4.550s] Scanning dependencies of target actionlib_msgs_generate_messages_lisp
[4.562s] [  0%] Built target actionlib_msgs_generate_messages_lisp
[4.574s] Scanning dependencies of target jsk_footstep_msgs_generate_messages_cpp
[4.586s] [  0%] Built target jsk_footstep_msgs_generate_messages_cpp
[4.598s] Scanning dependencies of target actionlib_msgs_generate_messages_cpp
[4.610s] [  0%] Built target actionlib_msgs_generate_messages_cpp
[4.622s] Scanning dependencies of target tf_generate_messages_eus
[4.633s] [  0%] Built target tf_generate_messages_eus
[4.645s] Scanning dependencies of target tf_generate_messages_lisp
[4.656s] [  0%] Built target tf_generate_messages_lisp
[4.668s] Scanning dependencies of target tf_generate_messages_nodejs
[4.680s] [  0%] Built target tf_generate_messages_nodejs
[4.691s] Scanning dependencies of target autoware_lanelet2_msgs_generate_messages_cpp
[4.703s] [  0%] Built target autoware_lanelet2_msgs_generate_messages_cpp
[4.716s] Scanning dependencies of target std_srvs_generate_messages_eus
[4.728s] [  0%] Built target std_srvs_generate_messages_eus
[4.739s] Scanning dependencies of target jsk_recognition_msgs_generate_messages_nodejs
[4.757s] [  0%] Built target jsk_recognition_msgs_generate_messages_nodejs
[4.773s] Scanning dependencies of target autoware_lanelet2_msgs_generate_messages_py
[4.785s] [  0%] Built target autoware_lanelet2_msgs_generate_messages_py
[4.801s] Scanning dependencies of target roscpp_generate_messages_lisp
[4.814s] [  0%] Built target roscpp_generate_messages_lisp
[4.828s] Scanning dependencies of target rosgraph_msgs_generate_messages_lisp
[4.842s] [  0%] Built target rosgraph_msgs_generate_messages_lisp
[4.862s] Scanning dependencies of target rosgraph_msgs_generate_messages_nodejs
[4.877s] [  0%] Built target rosgraph_msgs_generate_messages_nodejs
[4.890s] Scanning dependencies of target roscpp_generate_messages_eus
[4.903s] [  0%] Built target roscpp_generate_messages_eus
[4.918s] Scanning dependencies of target actionlib_msgs_generate_messages_eus
[4.930s] [  0%] Built target actionlib_msgs_generate_messages_eus
[4.944s] Scanning dependencies of target rosgraph_msgs_generate_messages_py
[4.957s] [  0%] Built target rosgraph_msgs_generate_messages_py
[4.969s] Scanning dependencies of target pcl_msgs_generate_messages_py
[4.983s] [  0%] Built target pcl_msgs_generate_messages_py
[4.996s] Scanning dependencies of target actionlib_generate_messages_eus
[5.008s] [  0%] Built target actionlib_generate_messages_eus
[5.020s] Scanning dependencies of target geometry_msgs_generate_messages_cpp
[5.031s] [  0%] Built target geometry_msgs_generate_messages_cpp
[5.044s] Scanning dependencies of target actionlib_generate_messages_lisp
[5.055s] [  0%] Built target actionlib_generate_messages_lisp
[5.067s] Scanning dependencies of target pcl_msgs_generate_messages_lisp
[5.079s] [  0%] Built target pcl_msgs_generate_messages_lisp
[5.091s] Scanning dependencies of target tf_generate_messages_cpp
[5.102s] [  0%] Built target tf_generate_messages_cpp
[5.114s] Scanning dependencies of target actionlib_generate_messages_nodejs
[5.125s] [  0%] Built target actionlib_generate_messages_nodejs
[5.138s] Scanning dependencies of target visualization_msgs_generate_messages_cpp
[5.149s] [  0%] Built target visualization_msgs_generate_messages_cpp
[5.161s] Scanning dependencies of target tf2_msgs_generate_messages_eus
[5.172s] [  0%] Built target tf2_msgs_generate_messages_eus
[5.184s] Scanning dependencies of target dynamic_reconfigure_gencfg
[5.195s] [  0%] Built target dynamic_reconfigure_gencfg
[5.208s] Scanning dependencies of target tf2_msgs_generate_messages_lisp
[5.219s] [  0%] Built target tf2_msgs_generate_messages_lisp
[5.231s] Scanning dependencies of target actionlib_generate_messages_py
[5.244s] [  0%] Built target actionlib_generate_messages_py
[5.256s] Scanning dependencies of target tf2_msgs_generate_messages_py
[5.267s] [  0%] Built target tf2_msgs_generate_messages_py
[5.279s] Scanning dependencies of target autoware_lanelet2_msgs_generate_messages_eus
[5.290s] [  0%] Built target autoware_lanelet2_msgs_generate_messages_eus
[5.308s] Scanning dependencies of target tf2_msgs_generate_messages_nodejs
[5.319s] [  0%] Built target tf2_msgs_generate_messages_nodejs
[5.331s] Scanning dependencies of target autoware_lanelet2_msgs_generate_messages_lisp
[5.345s] [  0%] Built target autoware_lanelet2_msgs_generate_messages_lisp
[5.358s] Scanning dependencies of target roscpp_generate_messages_py
[5.370s] [  0%] Built target roscpp_generate_messages_py
[5.383s] Scanning dependencies of target autoware_lanelet2_msgs_generate_messages_nodejs
[5.394s] [  0%] Built target autoware_lanelet2_msgs_generate_messages_nodejs
[5.406s] Scanning dependencies of target visualization_msgs_generate_messages_py
[5.417s] [  0%] Built target visualization_msgs_generate_messages_py
[5.429s] Scanning dependencies of target jsk_recognition_msgs_generate_messages_py
[5.441s] [  0%] Built target jsk_recognition_msgs_generate_messages_py
[5.453s] Scanning dependencies of target topic_tools_generate_messages_cpp
[5.464s] [  0%] Built target topic_tools_generate_messages_cpp
[5.477s] Scanning dependencies of target std_srvs_generate_messages_py
[5.489s] [  0%] Built target std_srvs_generate_messages_py
[5.502s] Scanning dependencies of target std_srvs_generate_messages_nodejs
[5.515s] [  0%] Built target std_srvs_generate_messages_nodejs
[5.526s] Scanning dependencies of target vector_map_msgs_generate_messages_nodejs
[5.537s] [  0%] Built target vector_map_msgs_generate_messages_nodejs
[5.549s] Scanning dependencies of target bond_generate_messages_py
[5.562s] [  0%] Built target bond_generate_messages_py
[5.573s] Scanning dependencies of target bond_generate_messages_nodejs
[5.584s] [  0%] Built target bond_generate_messages_nodejs
[5.596s] Scanning dependencies of target bond_generate_messages_lisp
[5.612s] [  0%] Built target bond_generate_messages_lisp
[5.626s] Scanning dependencies of target bond_generate_messages_eus
[5.640s] [  0%] Built target bond_generate_messages_eus
[5.653s] Scanning dependencies of target bond_generate_messages_cpp
[5.666s] [  0%] Built target bond_generate_messages_cpp
[5.677s] Scanning dependencies of target nodelet_generate_messages_nodejs
[5.689s] [  0%] Built target nodelet_generate_messages_nodejs
[5.701s] Scanning dependencies of target nodelet_generate_messages_eus
[5.713s] [  0%] Built target nodelet_generate_messages_eus
[5.724s] Scanning dependencies of target nodelet_generate_messages_cpp
[5.736s] [  0%] Built target nodelet_generate_messages_cpp
[5.749s] Scanning dependencies of target dynamic_reconfigure_generate_messages_py
[5.761s] [  0%] Built target dynamic_reconfigure_generate_messages_py
[5.773s] Scanning dependencies of target dynamic_reconfigure_generate_messages_nodejs
[5.784s] [  0%] Built target dynamic_reconfigure_generate_messages_nodejs
[5.797s] Scanning dependencies of target dynamic_reconfigure_generate_messages_lisp
[5.809s] [  0%] Built target dynamic_reconfigure_generate_messages_lisp
[5.821s] Scanning dependencies of target dynamic_reconfigure_generate_messages_eus
[5.834s] [  0%] Built target dynamic_reconfigure_generate_messages_eus
[5.846s] Scanning dependencies of target pcl_ros_gencfg
[5.861s] [  0%] Built target pcl_ros_gencfg
[5.875s] Scanning dependencies of target visualization_msgs_generate_messages_nodejs
[5.888s] [  0%] Built target visualization_msgs_generate_messages_nodejs
[5.902s] Scanning dependencies of target visualization_msgs_generate_messages_eus
[5.916s] [  0%] Built target visualization_msgs_generate_messages_eus
[5.928s] Scanning dependencies of target geometry_msgs_generate_messages_py
[5.940s] [  0%] Built target geometry_msgs_generate_messages_py
[5.954s] Scanning dependencies of target sensor_msgs_generate_messages_nodejs
[5.967s] [  0%] Built target sensor_msgs_generate_messages_nodejs
[5.980s] Scanning dependencies of target roscpp_generate_messages_cpp
[5.996s] [  0%] Built target roscpp_generate_messages_cpp
[6.010s] Scanning dependencies of target actionlib_generate_messages_cpp
[6.024s] [  0%] Built target actionlib_generate_messages_cpp
[6.036s] Scanning dependencies of target pcl_msgs_generate_messages_eus
[6.048s] [  0%] Built target pcl_msgs_generate_messages_eus
[6.061s] Scanning dependencies of target rosgraph_msgs_generate_messages_eus
[6.073s] [  0%] Built target rosgraph_msgs_generate_messages_eus
[6.085s] Scanning dependencies of target jsk_recognition_msgs_generate_messages_lisp
[6.096s] [  0%] Built target jsk_recognition_msgs_generate_messages_lisp
[6.109s] Scanning dependencies of target jsk_recognition_msgs_generate_messages_eus
[6.120s] [  0%] Built target jsk_recognition_msgs_generate_messages_eus
[6.133s] Scanning dependencies of target tf2_msgs_generate_messages_cpp
[6.144s] [  0%] Built target tf2_msgs_generate_messages_cpp
[6.157s] Scanning dependencies of target std_msgs_generate_messages_py
[6.168s] [  0%] Built target std_msgs_generate_messages_py
[6.180s] Scanning dependencies of target nodelet_generate_messages_lisp
[6.191s] [  0%] Built target nodelet_generate_messages_lisp
[6.203s] Scanning dependencies of target autoware_msgs_generate_messages_py
[6.216s] [  0%] Built target autoware_msgs_generate_messages_py
[6.228s] Scanning dependencies of target std_msgs_generate_messages_nodejs
[6.240s] [  0%] Built target std_msgs_generate_messages_nodejs
[6.252s] Scanning dependencies of target sensor_msgs_generate_messages_eus
[6.264s] [  0%] Built target sensor_msgs_generate_messages_eus
[6.276s] Scanning dependencies of target std_srvs_generate_messages_lisp
[6.287s] [  0%] Built target std_srvs_generate_messages_lisp
[6.299s] Scanning dependencies of target _catkin_empty_exported_target
[6.311s] [  0%] Built target _catkin_empty_exported_target
[6.324s] Scanning dependencies of target sensor_msgs_generate_messages_cpp
[6.336s] [  0%] Built target sensor_msgs_generate_messages_cpp
[6.348s] Scanning dependencies of target autoware_msgs_generate_messages_cpp
[6.362s] [  0%] Built target autoware_msgs_generate_messages_cpp
[6.376s] Scanning dependencies of target rosgraph_msgs_generate_messages_cpp
[6.390s] [  0%] Built target rosgraph_msgs_generate_messages_cpp
[6.404s] Scanning dependencies of target pcl_msgs_generate_messages_nodejs
[6.415s] [  0%] Built target pcl_msgs_generate_messages_nodejs
[6.427s] Scanning dependencies of target std_srvs_generate_messages_cpp
[6.445s] [  0%] Built target std_srvs_generate_messages_cpp
[6.459s] Scanning dependencies of target sensor_msgs_generate_messages_lisp
[6.472s] [  0%] Built target sensor_msgs_generate_messages_lisp
[6.485s] Scanning dependencies of target nodelet_generate_messages_py
[6.498s] [  0%] Built target nodelet_generate_messages_py
[6.510s] Scanning dependencies of target sensor_msgs_generate_messages_py
[6.521s] [  0%] Built target sensor_msgs_generate_messages_py
[6.533s] Scanning dependencies of target dynamic_reconfigure_generate_messages_cpp
[6.545s] [  0%] Built target dynamic_reconfigure_generate_messages_cpp
[6.557s] Scanning dependencies of target tf_generate_messages_py
[6.568s] [  0%] Built target tf_generate_messages_py
[6.581s] Scanning dependencies of target std_msgs_generate_messages_cpp
[6.594s] [  0%] Built target std_msgs_generate_messages_cpp
[6.606s] Scanning dependencies of target jsk_footstep_msgs_generate_messages_py
[6.617s] [  0%] Built target jsk_footstep_msgs_generate_messages_py
[6.629s] Scanning dependencies of target topic_tools_generate_messages_py
[6.641s] [  0%] Built target topic_tools_generate_messages_py
[6.653s] Scanning dependencies of target nodelet_topic_tools_gencfg
[6.665s] [  0%] Built target nodelet_topic_tools_gencfg
[6.677s] Scanning dependencies of target actionlib_msgs_generate_messages_nodejs
[6.690s] [  0%] Built target actionlib_msgs_generate_messages_nodejs
[6.703s] Scanning dependencies of target geometry_msgs_generate_messages_eus
[6.715s] [  0%] Built target geometry_msgs_generate_messages_eus
[6.728s] Scanning dependencies of target std_msgs_generate_messages_lisp
[6.739s] [  0%] Built target std_msgs_generate_messages_lisp
[6.751s] Scanning dependencies of target roscpp_generate_messages_nodejs
[6.762s] [  0%] Built target roscpp_generate_messages_nodejs
[6.909s] Scanning dependencies of target imm_ukf_pda_lanelet2
[6.943s] [ 12%] Building CXX object CMakeFiles/imm_ukf_pda_lanelet2.dir/nodes/imm_ukf_pda_lanelet2/imm_ukf_pda_main_lanelet2.cpp.o
[16.514s] [ 25%] Building CXX object CMakeFiles/imm_ukf_pda_lanelet2.dir/nodes/imm_ukf_pda_lanelet2/imm_ukf_pda_lanelet2.cpp.o
[33.763s] [ 37%] Building CXX object CMakeFiles/imm_ukf_pda_lanelet2.dir/nodes/imm_ukf_pda/ukf.cpp.o
[43.631s] [ 50%] Linking CXX executable devel/lib/imm_ukf_pda_track/imm_ukf_pda_lanelet2
[44.107s] [ 50%] Built target imm_ukf_pda_lanelet2
[44.221s] Scanning dependencies of target imm_ukf_pda
[44.247s] [ 62%] Building CXX object CMakeFiles/imm_ukf_pda.dir/nodes/imm_ukf_pda/imm_ukf_pda_main.cpp.o
[51.959s] [ 75%] Building CXX object CMakeFiles/imm_ukf_pda.dir/nodes/imm_ukf_pda/imm_ukf_pda.cpp.o
[64.930s] [ 87%] Building CXX object CMakeFiles/imm_ukf_pda.dir/nodes/imm_ukf_pda/ukf.cpp.o
[74.772s] [100%] Linking CXX executable devel/lib/imm_ukf_pda_track/imm_ukf_pda
[75.323s] [100%] Built target imm_ukf_pda
[75.340s] Invoked command in '/home/autoware/Autoware/build/imm_ukf_pda_track' returned '0': CMAKE_PREFIX_PATH=/home/autoware/Autoware/install/lanelet2_extension:/home/autoware/Autoware/install/vector_map:/home/autoware/Autoware/install/amathutils_lib:/home/autoware/Autoware/install/vector_map_msgs:/home/autoware/Autoware/install/autoware_msgs:/home/autoware/Autoware/install/autoware_lanelet2_msgs:/home/autoware/Autoware/install/autoware_build_flags:${CMAKE_PREFIX_PATH} LD_LIBRARY_PATH=/home/autoware/Autoware/install/lanelet2_extension/lib:/home/autoware/Autoware/install/vector_map/lib:/home/autoware/Autoware/install/amathutils_lib/lib:${LD_LIBRARY_PATH} PKG_CONFIG_PATH=/home/autoware/Autoware/install/lanelet2_extension/lib/x86_64-linux-gnu/pkgconfig:/home/autoware/Autoware/install/lanelet2_extension/lib/pkgconfig:/home/autoware/Autoware/install/vector_map/lib/x86_64-linux-gnu/pkgconfig:/home/autoware/Autoware/install/vector_map/lib/pkgconfig:/home/autoware/Autoware/install/amathutils_lib/lib/x86_64-linux-gnu/pkgconfig:/home/autoware/Autoware/install/amathutils_lib/lib/pkgconfig:/home/autoware/Autoware/install/vector_map_msgs/lib/x86_64-linux-gnu/pkgconfig:/home/autoware/Autoware/install/vector_map_msgs/lib/pkgconfig:/home/autoware/Autoware/install/autoware_msgs/lib/x86_64-linux-gnu/pkgconfig:/home/autoware/Autoware/install/autoware_msgs/lib/pkgconfig:/home/autoware/Autoware/install/autoware_lanelet2_msgs/lib/x86_64-linux-gnu/pkgconfig:/home/autoware/Autoware/install/autoware_lanelet2_msgs/lib/pkgconfig:/home/autoware/Autoware/install/autoware_build_flags/lib/x86_64-linux-gnu/pkgconfig:/home/autoware/Autoware/install/autoware_build_flags/lib/pkgconfig:${PKG_CONFIG_PATH} PYTHONPATH=/home/autoware/Autoware/install/vector_map_msgs/lib/python2.7/dist-packages:/home/autoware/Autoware/install/autoware_msgs/lib/python2.7/dist-packages:/home/autoware/Autoware/install/autoware_lanelet2_msgs/lib/python2.7/dist-packages:${PYTHONPATH} ROS_PACKAGE_PATH=/home/autoware/Autoware/install/lanelet2_extension/share:/home/autoware/Autoware/install/vector_map/share:/home/autoware/Autoware/install/amathutils_lib/share:/home/autoware/Autoware/install/vector_map_msgs/share:/home/autoware/Autoware/install/autoware_msgs/share:/home/autoware/Autoware/install/autoware_lanelet2_msgs/share:/home/autoware/Autoware/install/autoware_build_flags/share:${ROS_PACKAGE_PATH} /usr/bin/cmake --build /home/autoware/Autoware/build/imm_ukf_pda_track -- -j2 -l2
[75.502s] Invoking command in '/home/autoware/Autoware/build/imm_ukf_pda_track': CMAKE_PREFIX_PATH=/home/autoware/Autoware/install/lanelet2_extension:/home/autoware/Autoware/install/vector_map:/home/autoware/Autoware/install/amathutils_lib:/home/autoware/Autoware/install/vector_map_msgs:/home/autoware/Autoware/install/autoware_msgs:/home/autoware/Autoware/install/autoware_lanelet2_msgs:/home/autoware/Autoware/install/autoware_build_flags:${CMAKE_PREFIX_PATH} LD_LIBRARY_PATH=/home/autoware/Autoware/install/lanelet2_extension/lib:/home/autoware/Autoware/install/vector_map/lib:/home/autoware/Autoware/install/amathutils_lib/lib:${LD_LIBRARY_PATH} PKG_CONFIG_PATH=/home/autoware/Autoware/install/lanelet2_extension/lib/x86_64-linux-gnu/pkgconfig:/home/autoware/Autoware/install/lanelet2_extension/lib/pkgconfig:/home/autoware/Autoware/install/vector_map/lib/x86_64-linux-gnu/pkgconfig:/home/autoware/Autoware/install/vector_map/lib/pkgconfig:/home/autoware/Autoware/install/amathutils_lib/lib/x86_64-linux-gnu/pkgconfig:/home/autoware/Autoware/install/amathutils_lib/lib/pkgconfig:/home/autoware/Autoware/install/vector_map_msgs/lib/x86_64-linux-gnu/pkgconfig:/home/autoware/Autoware/install/vector_map_msgs/lib/pkgconfig:/home/autoware/Autoware/install/autoware_msgs/lib/x86_64-linux-gnu/pkgconfig:/home/autoware/Autoware/install/autoware_msgs/lib/pkgconfig:/home/autoware/Autoware/install/autoware_lanelet2_msgs/lib/x86_64-linux-gnu/pkgconfig:/home/autoware/Autoware/install/autoware_lanelet2_msgs/lib/pkgconfig:/home/autoware/Autoware/install/autoware_build_flags/lib/x86_64-linux-gnu/pkgconfig:/home/autoware/Autoware/install/autoware_build_flags/lib/pkgconfig:${PKG_CONFIG_PATH} PYTHONPATH=/home/autoware/Autoware/install/vector_map_msgs/lib/python2.7/dist-packages:/home/autoware/Autoware/install/autoware_msgs/lib/python2.7/dist-packages:/home/autoware/Autoware/install/autoware_lanelet2_msgs/lib/python2.7/dist-packages:${PYTHONPATH} ROS_PACKAGE_PATH=/home/autoware/Autoware/install/lanelet2_extension/share:/home/autoware/Autoware/install/vector_map/share:/home/autoware/Autoware/install/amathutils_lib/share:/home/autoware/Autoware/install/vector_map_msgs/share:/home/autoware/Autoware/install/autoware_msgs/share:/home/autoware/Autoware/install/autoware_lanelet2_msgs/share:/home/autoware/Autoware/install/autoware_build_flags/share:${ROS_PACKAGE_PATH} /usr/bin/cmake --build /home/autoware/Autoware/build/imm_ukf_pda_track --target tests -- -j2 -l2
[75.628s] Scanning dependencies of target tests
[75.648s] Built target tests
[75.664s] Invoked command in '/home/autoware/Autoware/build/imm_ukf_pda_track' returned '0': CMAKE_PREFIX_PATH=/home/autoware/Autoware/install/lanelet2_extension:/home/autoware/Autoware/install/vector_map:/home/autoware/Autoware/install/amathutils_lib:/home/autoware/Autoware/install/vector_map_msgs:/home/autoware/Autoware/install/autoware_msgs:/home/autoware/Autoware/install/autoware_lanelet2_msgs:/home/autoware/Autoware/install/autoware_build_flags:${CMAKE_PREFIX_PATH} LD_LIBRARY_PATH=/home/autoware/Autoware/install/lanelet2_extension/lib:/home/autoware/Autoware/install/vector_map/lib:/home/autoware/Autoware/install/amathutils_lib/lib:${LD_LIBRARY_PATH} PKG_CONFIG_PATH=/home/autoware/Autoware/install/lanelet2_extension/lib/x86_64-linux-gnu/pkgconfig:/home/autoware/Autoware/install/lanelet2_extension/lib/pkgconfig:/home/autoware/Autoware/install/vector_map/lib/x86_64-linux-gnu/pkgconfig:/home/autoware/Autoware/install/vector_map/lib/pkgconfig:/home/autoware/Autoware/install/amathutils_lib/lib/x86_64-linux-gnu/pkgconfig:/home/autoware/Autoware/install/amathutils_lib/lib/pkgconfig:/home/autoware/Autoware/install/vector_map_msgs/lib/x86_64-linux-gnu/pkgconfig:/home/autoware/Autoware/install/vector_map_msgs/lib/pkgconfig:/home/autoware/Autoware/install/autoware_msgs/lib/x86_64-linux-gnu/pkgconfig:/home/autoware/Autoware/install/autoware_msgs/lib/pkgconfig:/home/autoware/Autoware/install/autoware_lanelet2_msgs/lib/x86_64-linux-gnu/pkgconfig:/home/autoware/Autoware/install/autoware_lanelet2_msgs/lib/pkgconfig:/home/autoware/Autoware/install/autoware_build_flags/lib/x86_64-linux-gnu/pkgconfig:/home/autoware/Autoware/install/autoware_build_flags/lib/pkgconfig:${PKG_CONFIG_PATH} PYTHONPATH=/home/autoware/Autoware/install/vector_map_msgs/lib/python2.7/dist-packages:/home/autoware/Autoware/install/autoware_msgs/lib/python2.7/dist-packages:/home/autoware/Autoware/install/autoware_lanelet2_msgs/lib/python2.7/dist-packages:${PYTHONPATH} ROS_PACKAGE_PATH=/home/autoware/Autoware/install/lanelet2_extension/share:/home/autoware/Autoware/install/vector_map/share:/home/autoware/Autoware/install/amathutils_lib/share:/home/autoware/Autoware/install/vector_map_msgs/share:/home/autoware/Autoware/install/autoware_msgs/share:/home/autoware/Autoware/install/autoware_lanelet2_msgs/share:/home/autoware/Autoware/install/autoware_build_flags/share:${ROS_PACKAGE_PATH} /usr/bin/cmake --build /home/autoware/Autoware/build/imm_ukf_pda_track --target tests -- -j2 -l2
[75.850s] Invoking command in '/home/autoware/Autoware/build/imm_ukf_pda_track': CMAKE_PREFIX_PATH=/home/autoware/Autoware/install/lanelet2_extension:/home/autoware/Autoware/install/vector_map:/home/autoware/Autoware/install/amathutils_lib:/home/autoware/Autoware/install/vector_map_msgs:/home/autoware/Autoware/install/autoware_msgs:/home/autoware/Autoware/install/autoware_lanelet2_msgs:/home/autoware/Autoware/install/autoware_build_flags:${CMAKE_PREFIX_PATH} LD_LIBRARY_PATH=/home/autoware/Autoware/install/lanelet2_extension/lib:/home/autoware/Autoware/install/vector_map/lib:/home/autoware/Autoware/install/amathutils_lib/lib:${LD_LIBRARY_PATH} PKG_CONFIG_PATH=/home/autoware/Autoware/install/lanelet2_extension/lib/x86_64-linux-gnu/pkgconfig:/home/autoware/Autoware/install/lanelet2_extension/lib/pkgconfig:/home/autoware/Autoware/install/vector_map/lib/x86_64-linux-gnu/pkgconfig:/home/autoware/Autoware/install/vector_map/lib/pkgconfig:/home/autoware/Autoware/install/amathutils_lib/lib/x86_64-linux-gnu/pkgconfig:/home/autoware/Autoware/install/amathutils_lib/lib/pkgconfig:/home/autoware/Autoware/install/vector_map_msgs/lib/x86_64-linux-gnu/pkgconfig:/home/autoware/Autoware/install/vector_map_msgs/lib/pkgconfig:/home/autoware/Autoware/install/autoware_msgs/lib/x86_64-linux-gnu/pkgconfig:/home/autoware/Autoware/install/autoware_msgs/lib/pkgconfig:/home/autoware/Autoware/install/autoware_lanelet2_msgs/lib/x86_64-linux-gnu/pkgconfig:/home/autoware/Autoware/install/autoware_lanelet2_msgs/lib/pkgconfig:/home/autoware/Autoware/install/autoware_build_flags/lib/x86_64-linux-gnu/pkgconfig:/home/autoware/Autoware/install/autoware_build_flags/lib/pkgconfig:${PKG_CONFIG_PATH} PYTHONPATH=/home/autoware/Autoware/install/vector_map_msgs/lib/python2.7/dist-packages:/home/autoware/Autoware/install/autoware_msgs/lib/python2.7/dist-packages:/home/autoware/Autoware/install/autoware_lanelet2_msgs/lib/python2.7/dist-packages:${PYTHONPATH} ROS_PACKAGE_PATH=/home/autoware/Autoware/install/lanelet2_extension/share:/home/autoware/Autoware/install/vector_map/share:/home/autoware/Autoware/install/amathutils_lib/share:/home/autoware/Autoware/install/vector_map_msgs/share:/home/autoware/Autoware/install/autoware_msgs/share:/home/autoware/Autoware/install/autoware_lanelet2_msgs/share:/home/autoware/Autoware/install/autoware_build_flags/share:${ROS_PACKAGE_PATH} /usr/bin/cmake --build /home/autoware/Autoware/build/imm_ukf_pda_track --target install -- -j2 -l2
[75.942s] [  0%] Built target geometry_msgs_generate_messages_nodejs
[75.966s] [  0%] Built target vector_map_msgs_generate_messages_py
[75.994s] [  0%] Built target vector_map_msgs_generate_messages_lisp
[76.020s] [  0%] Built target vector_map_msgs_generate_messages_eus
[76.052s] [  0%] Built target vector_map_msgs_generate_messages_cpp
[76.077s] [  0%] Built target topic_tools_generate_messages_nodejs
[76.100s] [  0%] Built target topic_tools_generate_messages_eus
[76.123s] [  0%] Built target geometry_msgs_generate_messages_lisp
[76.149s] [  0%] Built target pcl_msgs_generate_messages_cpp
[76.173s] [  0%] Built target topic_tools_generate_messages_lisp
[76.198s] [  0%] Built target jsk_recognition_msgs_generate_messages_cpp
[76.221s] [  0%] Built target autoware_msgs_generate_messages_eus
[76.245s] [  0%] Built target autoware_msgs_generate_messages_lisp
[76.268s] [  0%] Built target visualization_msgs_generate_messages_lisp
[76.291s] [  0%] Built target std_msgs_generate_messages_eus
[76.316s] [  0%] Built target autoware_msgs_generate_messages_nodejs
[76.339s] [  0%] Built target jsk_footstep_msgs_generate_messages_eus
[76.368s] [  0%] Built target actionlib_msgs_generate_messages_py
[76.389s] [  0%] Built target jsk_footstep_msgs_generate_messages_lisp
[76.412s] [  0%] Built target jsk_footstep_msgs_generate_messages_nodejs
[76.434s] [  0%] Built target actionlib_msgs_generate_messages_lisp
[76.459s] [  0%] Built target jsk_footstep_msgs_generate_messages_cpp
[76.482s] [  0%] Built target actionlib_msgs_generate_messages_cpp
[76.508s] [  0%] Built target tf_generate_messages_eus
[76.533s] [  0%] Built target tf_generate_messages_lisp
[76.558s] [  0%] Built target tf_generate_messages_nodejs
[76.587s] [  0%] Built target autoware_lanelet2_msgs_generate_messages_cpp
[76.610s] [  0%] Built target std_srvs_generate_messages_eus
[76.633s] [  0%] Built target jsk_recognition_msgs_generate_messages_nodejs
[76.657s] [  0%] Built target autoware_lanelet2_msgs_generate_messages_py
[76.685s] [  0%] Built target roscpp_generate_messages_lisp
[76.710s] [  0%] Built target rosgraph_msgs_generate_messages_lisp
[76.735s] [  0%] Built target rosgraph_msgs_generate_messages_nodejs
[76.758s] [  0%] Built target roscpp_generate_messages_eus
[76.781s] [  0%] Built target actionlib_msgs_generate_messages_eus
[76.806s] [  0%] Built target rosgraph_msgs_generate_messages_py
[76.828s] [  0%] Built target pcl_msgs_generate_messages_py
[76.851s] [  0%] Built target actionlib_generate_messages_eus
[76.876s] [  0%] Built target geometry_msgs_generate_messages_cpp
[76.901s] [  0%] Built target actionlib_generate_messages_lisp
[76.925s] [  0%] Built target pcl_msgs_generate_messages_lisp
[76.954s] [  0%] Built target tf_generate_messages_cpp
[76.981s] [  0%] Built target actionlib_generate_messages_nodejs
[77.005s] [  0%] Built target visualization_msgs_generate_messages_cpp
[77.030s] [  0%] Built target tf2_msgs_generate_messages_eus
[77.054s] [  0%] Built target dynamic_reconfigure_gencfg
[77.078s] [  0%] Built target tf2_msgs_generate_messages_lisp
[77.101s] [  0%] Built target actionlib_generate_messages_py
[77.124s] [  0%] Built target tf2_msgs_generate_messages_py
[77.155s] [  0%] Built target autoware_lanelet2_msgs_generate_messages_eus
[77.178s] [  0%] Built target tf2_msgs_generate_messages_nodejs
[77.201s] [  0%] Built target autoware_lanelet2_msgs_generate_messages_lisp
[77.227s] [  0%] Built target roscpp_generate_messages_py
[77.251s] [  0%] Built target autoware_lanelet2_msgs_generate_messages_nodejs
[77.274s] [  0%] Built target visualization_msgs_generate_messages_py
[77.303s] [  0%] Built target jsk_recognition_msgs_generate_messages_py
[77.327s] [  0%] Built target topic_tools_generate_messages_cpp
[77.352s] [  0%] Built target std_srvs_generate_messages_py
[77.374s] [  0%] Built target std_srvs_generate_messages_nodejs
[77.399s] [  0%] Built target vector_map_msgs_generate_messages_nodejs
[77.422s] [  0%] Built target bond_generate_messages_py
[77.443s] [  0%] Built target bond_generate_messages_nodejs
[77.466s] [  0%] Built target bond_generate_messages_lisp
[77.488s] [  0%] Built target bond_generate_messages_eus
[77.511s] [  0%] Built target bond_generate_messages_cpp
[77.536s] [  0%] Built target nodelet_generate_messages_nodejs
[77.561s] [  0%] Built target nodelet_generate_messages_eus
[77.584s] [  0%] Built target nodelet_generate_messages_cpp
[77.606s] [  0%] Built target dynamic_reconfigure_generate_messages_py
[77.629s] [  0%] Built target dynamic_reconfigure_generate_messages_nodejs
[77.651s] [  0%] Built target dynamic_reconfigure_generate_messages_lisp
[77.673s] [  0%] Built target dynamic_reconfigure_generate_messages_eus
[77.696s] [  0%] Built target pcl_ros_gencfg
[77.719s] [  0%] Built target visualization_msgs_generate_messages_nodejs
[77.742s] [  0%] Built target visualization_msgs_generate_messages_eus
[77.764s] [  0%] Built target geometry_msgs_generate_messages_py
[77.785s] [  0%] Built target sensor_msgs_generate_messages_nodejs
[77.808s] [  0%] Built target roscpp_generate_messages_cpp
[77.832s] [  0%] Built target actionlib_generate_messages_cpp
[77.857s] [  0%] Built target pcl_msgs_generate_messages_eus
[77.882s] [  0%] Built target rosgraph_msgs_generate_messages_eus
[77.908s] [  0%] Built target jsk_recognition_msgs_generate_messages_lisp
[77.934s] [  0%] Built target jsk_recognition_msgs_generate_messages_eus
[77.959s] [  0%] Built target tf2_msgs_generate_messages_cpp
[77.984s] [  0%] Built target std_msgs_generate_messages_py
[78.007s] [  0%] Built target nodelet_generate_messages_lisp
[78.031s] [  0%] Built target autoware_msgs_generate_messages_py
[78.061s] [  0%] Built target std_msgs_generate_messages_nodejs
[78.088s] [  0%] Built target sensor_msgs_generate_messages_eus
[78.110s] [  0%] Built target std_srvs_generate_messages_lisp
[78.133s] [  0%] Built target _catkin_empty_exported_target
[78.157s] [  0%] Built target sensor_msgs_generate_messages_cpp
[78.184s] [  0%] Built target autoware_msgs_generate_messages_cpp
[78.209s] [  0%] Built target rosgraph_msgs_generate_messages_cpp
[78.237s] [  0%] Built target pcl_msgs_generate_messages_nodejs
[78.260s] [  0%] Built target std_srvs_generate_messages_cpp
[78.288s] [  0%] Built target sensor_msgs_generate_messages_lisp
[78.316s] [  0%] Built target nodelet_generate_messages_py
[78.341s] [  0%] Built target sensor_msgs_generate_messages_py
[78.368s] [  0%] Built target dynamic_reconfigure_generate_messages_cpp
[78.393s] [  0%] Built target tf_generate_messages_py
[78.418s] [  0%] Built target std_msgs_generate_messages_cpp
[78.442s] [  0%] Built target jsk_footstep_msgs_generate_messages_py
[78.465s] [  0%] Built target topic_tools_generate_messages_py
[78.489s] [  0%] Built target nodelet_topic_tools_gencfg
[78.512s] [  0%] Built target actionlib_msgs_generate_messages_nodejs
[78.537s] [  0%] Built target geometry_msgs_generate_messages_eus
[78.564s] [  0%] Built target std_msgs_generate_messages_lisp
[78.590s] [  0%] Built target roscpp_generate_messages_nodejs
[78.648s] [ 50%] Built target imm_ukf_pda_lanelet2
[78.702s] [100%] Built target imm_ukf_pda
[78.728s] Install the project...
[78.737s] -- Install configuration: "Release"
[78.737s] -- Installing: /home/autoware/Autoware/install/imm_ukf_pda_track/lib/pkgconfig/imm_ukf_pda_track.pc
[78.737s] -- Installing: /home/autoware/Autoware/install/imm_ukf_pda_track/share/imm_ukf_pda_track/cmake/imm_ukf_pda_trackConfig.cmake
[78.738s] -- Installing: /home/autoware/Autoware/install/imm_ukf_pda_track/share/imm_ukf_pda_track/cmake/imm_ukf_pda_trackConfig-version.cmake
[78.738s] -- Installing: /home/autoware/Autoware/install/imm_ukf_pda_track/share/imm_ukf_pda_track/package.xml
[78.738s] -- Installing: /home/autoware/Autoware/install/imm_ukf_pda_track/lib/imm_ukf_pda_track/imm_ukf_pda
[78.739s] -- Set runtime path of "/home/autoware/Autoware/install/imm_ukf_pda_track/lib/imm_ukf_pda_track/imm_ukf_pda" to ""
[78.740s] -- Installing: /home/autoware/Autoware/install/imm_ukf_pda_track/lib/imm_ukf_pda_track/imm_ukf_pda_lanelet2
[78.741s] -- Set runtime path of "/home/autoware/Autoware/install/imm_ukf_pda_track/lib/imm_ukf_pda_track/imm_ukf_pda_lanelet2" to ""
[78.741s] -- Installing: /home/autoware/Autoware/install/imm_ukf_pda_track/share/imm_ukf_pda_track/launch
[78.742s] -- Installing: /home/autoware/Autoware/install/imm_ukf_pda_track/share/imm_ukf_pda_track/launch/imm_ukf_pda_track.launch
[78.742s] -- Installing: /home/autoware/Autoware/install/imm_ukf_pda_track/share/imm_ukf_pda_track/launch/imm_ukf_pda_track_lanelet2.launch
[78.743s] -- Installing: /home/autoware/Autoware/install/imm_ukf_pda_track/share/imm_ukf_pda_track/launch/imm_ukf_pda_track_option.launch
[78.746s] Invoked command in '/home/autoware/Autoware/build/imm_ukf_pda_track' returned '0': CMAKE_PREFIX_PATH=/home/autoware/Autoware/install/lanelet2_extension:/home/autoware/Autoware/install/vector_map:/home/autoware/Autoware/install/amathutils_lib:/home/autoware/Autoware/install/vector_map_msgs:/home/autoware/Autoware/install/autoware_msgs:/home/autoware/Autoware/install/autoware_lanelet2_msgs:/home/autoware/Autoware/install/autoware_build_flags:${CMAKE_PREFIX_PATH} LD_LIBRARY_PATH=/home/autoware/Autoware/install/lanelet2_extension/lib:/home/autoware/Autoware/install/vector_map/lib:/home/autoware/Autoware/install/amathutils_lib/lib:${LD_LIBRARY_PATH} PKG_CONFIG_PATH=/home/autoware/Autoware/install/lanelet2_extension/lib/x86_64-linux-gnu/pkgconfig:/home/autoware/Autoware/install/lanelet2_extension/lib/pkgconfig:/home/autoware/Autoware/install/vector_map/lib/x86_64-linux-gnu/pkgconfig:/home/autoware/Autoware/install/vector_map/lib/pkgconfig:/home/autoware/Autoware/install/amathutils_lib/lib/x86_64-linux-gnu/pkgconfig:/home/autoware/Autoware/install/amathutils_lib/lib/pkgconfig:/home/autoware/Autoware/install/vector_map_msgs/lib/x86_64-linux-gnu/pkgconfig:/home/autoware/Autoware/install/vector_map_msgs/lib/pkgconfig:/home/autoware/Autoware/install/autoware_msgs/lib/x86_64-linux-gnu/pkgconfig:/home/autoware/Autoware/install/autoware_msgs/lib/pkgconfig:/home/autoware/Autoware/install/autoware_lanelet2_msgs/lib/x86_64-linux-gnu/pkgconfig:/home/autoware/Autoware/install/autoware_lanelet2_msgs/lib/pkgconfig:/home/autoware/Autoware/install/autoware_build_flags/lib/x86_64-linux-gnu/pkgconfig:/home/autoware/Autoware/install/autoware_build_flags/lib/pkgconfig:${PKG_CONFIG_PATH} PYTHONPATH=/home/autoware/Autoware/install/vector_map_msgs/lib/python2.7/dist-packages:/home/autoware/Autoware/install/autoware_msgs/lib/python2.7/dist-packages:/home/autoware/Autoware/install/autoware_lanelet2_msgs/lib/python2.7/dist-packages:${PYTHONPATH} ROS_PACKAGE_PATH=/home/autoware/Autoware/install/lanelet2_extension/share:/home/autoware/Autoware/install/vector_map/share:/home/autoware/Autoware/install/amathutils_lib/share:/home/autoware/Autoware/install/vector_map_msgs/share:/home/autoware/Autoware/install/autoware_msgs/share:/home/autoware/Autoware/install/autoware_lanelet2_msgs/share:/home/autoware/Autoware/install/autoware_build_flags/share:${ROS_PACKAGE_PATH} /usr/bin/cmake --build /home/autoware/Autoware/build/imm_ukf_pda_track --target install -- -j2 -l2
