-- The C compiler identification is GNU 7.5.0
-- The CXX compiler identification is GNU 7.5.0
-- Check for working C compiler: /usr/bin/cc
-- Check for working C compiler: /usr/bin/cc -- works
-- Detecting C compiler ABI info
-- Detecting C compiler ABI info - done
-- Detecting C compile features
-- Detecting C compile features - done
-- Check for working CXX compiler: /usr/bin/c++
-- Check for working CXX compiler: /usr/bin/c++ -- works
-- Detecting CXX compiler ABI info
-- Detecting CXX compiler ABI info - done
-- Detecting CXX compile features
-- Detecting CXX compile features - done
-- Using CATKIN_DEVEL_PREFIX: /home/autoware/Autoware/build/ds4_msgs/devel
-- Using CMAKE_PREFIX_PATH: /opt/ros/melodic
-- This workspace overlays: /opt/ros/melodic
-- Found PythonInterp: /usr/bin/python2 (found suitable version "2.7.17", minimum required is "2") 
-- Using PYTHON_EXECUTABLE: /usr/bin/python2
-- Using Debian Python package layout
-- Using empy: /usr/bin/empy
-- Using CATKIN_ENABLE_TESTING: ON
-- Call enable_testing()
-- Using CATKIN_TEST_RESULTS_DIR: /home/autoware/Autoware/build/ds4_msgs/test_results
-- Found gtest sources under '/usr/src/googletest': gtests will be built
-- Found gmock sources under '/usr/src/googletest': gmock will be built
-- Found PythonInterp: /usr/bin/python2 (found version "2.7.17") 
-- Looking for pthread.h
-- Looking for pthread.h - found
-- Looking for pthread_create
-- Looking for pthread_create - not found
-- Looking for pthread_create in pthreads
-- Looking for pthread_create in pthreads - not found
-- Looking for pthread_create in pthread
-- Looking for pthread_create in pthread - found
-- Found Threads: TRUE  
-- Using Python nosetests: /usr/bin/nosetests-2.7
-- catkin 0.7.26
-- BUILD_SHARED_LIBS is on
-- Using these message generators: gencpp;geneus;genlisp;gennodejs;genpy
-- ds4_msgs: 1 messages, 0 services
-- Configuring done
-- Generating done
-- Build files have been written to: /home/autoware/Autoware/build/ds4_msgs
Scanning dependencies of target _ds4_msgs_generate_messages_check_deps_DS4
[  0%] Built target _ds4_msgs_generate_messages_check_deps_DS4
Scanning dependencies of target std_msgs_generate_messages_py
[  0%] Built target std_msgs_generate_messages_py
Scanning dependencies of target std_msgs_generate_messages_cpp
[  0%] Built target std_msgs_generate_messages_cpp
Scanning dependencies of target std_msgs_generate_messages_nodejs
[  0%] Built target std_msgs_generate_messages_nodejs
Scanning dependencies of target std_msgs_generate_messages_eus
[  0%] Built target std_msgs_generate_messages_eus
Scanning dependencies of target std_msgs_generate_messages_lisp
[  0%] Built target std_msgs_generate_messages_lisp
Scanning dependencies of target ds4_msgs_generate_messages_py
[ 14%] Generating Python from MSG ds4_msgs/DS4
[ 28%] Generating Python msg __init__.py for ds4_msgs
[ 28%] Built target ds4_msgs_generate_messages_py
Scanning dependencies of target ds4_msgs_generate_messages_cpp
[ 42%] Generating C++ code from ds4_msgs/DS4.msg
[ 42%] Built target ds4_msgs_generate_messages_cpp
Scanning dependencies of target ds4_msgs_generate_messages_nodejs
[ 57%] Generating Javascript code from ds4_msgs/DS4.msg
[ 57%] Built target ds4_msgs_generate_messages_nodejs
Scanning dependencies of target ds4_msgs_generate_messages_eus
[ 71%] Generating EusLisp code from ds4_msgs/DS4.msg
[ 85%] Generating EusLisp manifest code for ds4_msgs
[ 85%] Built target ds4_msgs_generate_messages_eus
Scanning dependencies of target ds4_msgs_generate_messages_lisp
[100%] Generating Lisp code from ds4_msgs/DS4.msg
[100%] Built target ds4_msgs_generate_messages_lisp
Scanning dependencies of target ds4_msgs_generate_messages
[100%] Built target ds4_msgs_generate_messages
Scanning dependencies of target tests
Built target tests
[  0%] Built target _ds4_msgs_generate_messages_check_deps_DS4
[  0%] Built target std_msgs_generate_messages_py
[  0%] Built target std_msgs_generate_messages_cpp
[  0%] Built target std_msgs_generate_messages_nodejs
[  0%] Built target std_msgs_generate_messages_eus
[  0%] Built target std_msgs_generate_messages_lisp
[ 28%] Built target ds4_msgs_generate_messages_py
[ 42%] Built target ds4_msgs_generate_messages_cpp
[ 57%] Built target ds4_msgs_generate_messages_nodejs
[ 85%] Built target ds4_msgs_generate_messages_eus
[100%] Built target ds4_msgs_generate_messages_lisp
[100%] Built target ds4_msgs_generate_messages
Install the project...
-- Install configuration: "Release"
-- Installing: /home/autoware/Autoware/install/ds4_msgs/share/ds4_msgs/msg/DS4.msg
-- Installing: /home/autoware/Autoware/install/ds4_msgs/share/ds4_msgs/cmake/ds4_msgs-msg-paths.cmake
-- Installing: /home/autoware/Autoware/install/ds4_msgs/include/ds4_msgs
-- Installing: /home/autoware/Autoware/install/ds4_msgs/include/ds4_msgs/DS4.h
-- Installing: /home/autoware/Autoware/install/ds4_msgs/share/roseus/ros/ds4_msgs
-- Installing: /home/autoware/Autoware/install/ds4_msgs/share/roseus/ros/ds4_msgs/msg
-- Installing: /home/autoware/Autoware/install/ds4_msgs/share/roseus/ros/ds4_msgs/msg/DS4.l
-- Installing: /home/autoware/Autoware/install/ds4_msgs/share/roseus/ros/ds4_msgs/manifest.l
-- Installing: /home/autoware/Autoware/install/ds4_msgs/share/common-lisp/ros/ds4_msgs
-- Installing: /home/autoware/Autoware/install/ds4_msgs/share/common-lisp/ros/ds4_msgs/msg
-- Installing: /home/autoware/Autoware/install/ds4_msgs/share/common-lisp/ros/ds4_msgs/msg/_package.lisp
-- Installing: /home/autoware/Autoware/install/ds4_msgs/share/common-lisp/ros/ds4_msgs/msg/_package_DS4.lisp
-- Installing: /home/autoware/Autoware/install/ds4_msgs/share/common-lisp/ros/ds4_msgs/msg/DS4.lisp
-- Installing: /home/autoware/Autoware/install/ds4_msgs/share/common-lisp/ros/ds4_msgs/msg/ds4_msgs-msg.asd
-- Installing: /home/autoware/Autoware/install/ds4_msgs/share/gennodejs/ros/ds4_msgs
-- Installing: /home/autoware/Autoware/install/ds4_msgs/share/gennodejs/ros/ds4_msgs/msg
-- Installing: /home/autoware/Autoware/install/ds4_msgs/share/gennodejs/ros/ds4_msgs/msg/DS4.js
-- Installing: /home/autoware/Autoware/install/ds4_msgs/share/gennodejs/ros/ds4_msgs/msg/_index.js
-- Installing: /home/autoware/Autoware/install/ds4_msgs/share/gennodejs/ros/ds4_msgs/_index.js
Listing /home/autoware/Autoware/build/ds4_msgs/devel/lib/python2.7/dist-packages/ds4_msgs ...
Compiling /home/autoware/Autoware/build/ds4_msgs/devel/lib/python2.7/dist-packages/ds4_msgs/__init__.py ...
Listing /home/autoware/Autoware/build/ds4_msgs/devel/lib/python2.7/dist-packages/ds4_msgs/msg ...
Compiling /home/autoware/Autoware/build/ds4_msgs/devel/lib/python2.7/dist-packages/ds4_msgs/msg/_DS4.py ...
Compiling /home/autoware/Autoware/build/ds4_msgs/devel/lib/python2.7/dist-packages/ds4_msgs/msg/__init__.py ...
-- Installing: /home/autoware/Autoware/install/ds4_msgs/lib/python2.7/dist-packages/ds4_msgs
-- Installing: /home/autoware/Autoware/install/ds4_msgs/lib/python2.7/dist-packages/ds4_msgs/msg
-- Installing: /home/autoware/Autoware/install/ds4_msgs/lib/python2.7/dist-packages/ds4_msgs/msg/__init__.pyc
-- Installing: /home/autoware/Autoware/install/ds4_msgs/lib/python2.7/dist-packages/ds4_msgs/msg/_DS4.pyc
-- Installing: /home/autoware/Autoware/install/ds4_msgs/lib/python2.7/dist-packages/ds4_msgs/msg/__init__.py
-- Installing: /home/autoware/Autoware/install/ds4_msgs/lib/python2.7/dist-packages/ds4_msgs/msg/_DS4.py
-- Installing: /home/autoware/Autoware/install/ds4_msgs/lib/python2.7/dist-packages/ds4_msgs/__init__.pyc
-- Installing: /home/autoware/Autoware/install/ds4_msgs/lib/python2.7/dist-packages/ds4_msgs/__init__.py
-- Installing: /home/autoware/Autoware/install/ds4_msgs/lib/pkgconfig/ds4_msgs.pc
-- Installing: /home/autoware/Autoware/install/ds4_msgs/share/ds4_msgs/cmake/ds4_msgs-msg-extras.cmake
-- Installing: /home/autoware/Autoware/install/ds4_msgs/share/ds4_msgs/cmake/ds4_msgsConfig.cmake
-- Installing: /home/autoware/Autoware/install/ds4_msgs/share/ds4_msgs/cmake/ds4_msgsConfig-version.cmake
-- Installing: /home/autoware/Autoware/install/ds4_msgs/share/ds4_msgs/package.xml
