[0.014s] Invoking command in '/home/autoware/Autoware/build/rosinterface': CMAKE_PREFIX_PATH=/home/autoware/Autoware/install/autoware_build_flags:${CMAKE_PREFIX_PATH} PKG_CONFIG_PATH=/home/autoware/Autoware/install/autoware_build_flags/lib/x86_64-linux-gnu/pkgconfig:/home/autoware/Autoware/install/autoware_build_flags/lib/pkgconfig:${PKG_CONFIG_PATH} ROS_PACKAGE_PATH=/home/autoware/Autoware/install/autoware_build_flags/share:${ROS_PACKAGE_PATH} /usr/bin/cmake /home/autoware/Autoware/src/autoware/visualization/rosinterface -DCMAKE_BUILD_TYPE=Release -DCATKIN_INSTALL_INTO_PREFIX_ROOT=0 -DCMAKE_INSTALL_PREFIX=/home/autoware/Autoware/install/rosinterface
[0.105s] -- The C compiler identification is GNU 7.5.0
[0.185s] -- The CXX compiler identification is GNU 7.5.0
[0.191s] -- Check for working C compiler: /usr/bin/cc
[0.288s] -- Check for working C compiler: /usr/bin/cc -- works
[0.288s] -- Detecting C compiler ABI info
[0.368s] -- Detecting C compiler ABI info - done
[0.377s] -- Detecting C compile features
[0.631s] -- Detecting C compile features - done
[0.635s] -- Check for working CXX compiler: /usr/bin/c++
[0.736s] -- Check for working CXX compiler: /usr/bin/c++ -- works
[0.736s] -- Detecting CXX compiler ABI info
[0.836s] -- Detecting CXX compiler ABI info - done
[0.840s] -- Detecting CXX compile features
[1.273s] -- Detecting CXX compile features - done
[1.284s] -- Found PkgConfig: /usr/bin/pkg-config (found version "0.29.1") 
[1.284s] -- CUDA compilation status: ON.
[1.284s] -- Using CATKIN_DEVEL_PREFIX: /home/autoware/Autoware/build/rosinterface/devel
[1.284s] -- Using CMAKE_PREFIX_PATH: /home/autoware/Autoware/install/autoware_build_flags;/opt/ros/melodic
[1.284s] -- This workspace overlays: /home/autoware/Autoware/install/autoware_build_flags;/opt/ros/melodic
[1.300s] -- Found PythonInterp: /usr/bin/python2 (found suitable version "2.7.17", minimum required is "2") 
[1.300s] -- Using PYTHON_EXECUTABLE: /usr/bin/python2
[1.300s] -- Using Debian Python package layout
[1.300s] -- Using empy: /usr/bin/empy
[1.464s] -- Using CATKIN_ENABLE_TESTING: ON
[1.464s] -- Call enable_testing()
[1.468s] -- Using CATKIN_TEST_RESULTS_DIR: /home/autoware/Autoware/build/rosinterface/test_results
[1.494s] -- Found gtest sources under '/usr/src/googletest': gtests will be built
[1.495s] -- Found gmock sources under '/usr/src/googletest': gmock will be built
[1.516s] -- Found PythonInterp: /usr/bin/python2 (found version "2.7.17") 
[1.516s] -- Looking for pthread.h
[1.604s] -- Looking for pthread.h - found
[1.604s] -- Looking for pthread_create
[1.700s] -- Looking for pthread_create - not found
[1.700s] -- Looking for pthread_create in pthreads
[1.764s] -- Looking for pthread_create in pthreads - not found
[1.764s] -- Looking for pthread_create in pthread
[1.851s] -- Looking for pthread_create in pthread - found
[1.852s] -- Found Threads: TRUE  
[1.857s] -- Using Python nosetests: /usr/bin/nosetests-2.7
[1.907s] -- catkin 0.7.26
[1.907s] -- BUILD_SHARED_LIBS is on
[2.144s] -- Using these message generators: gencpp;geneus;genlisp;gennodejs;genpy
[2.417s] -- Configuring done
[2.457s] -- Generating done
[2.464s] -- Build files have been written to: /home/autoware/Autoware/build/rosinterface
[2.470s] Invoked command in '/home/autoware/Autoware/build/rosinterface' returned '0': CMAKE_PREFIX_PATH=/home/autoware/Autoware/install/autoware_build_flags:${CMAKE_PREFIX_PATH} PKG_CONFIG_PATH=/home/autoware/Autoware/install/autoware_build_flags/lib/x86_64-linux-gnu/pkgconfig:/home/autoware/Autoware/install/autoware_build_flags/lib/pkgconfig:${PKG_CONFIG_PATH} ROS_PACKAGE_PATH=/home/autoware/Autoware/install/autoware_build_flags/share:${ROS_PACKAGE_PATH} /usr/bin/cmake /home/autoware/Autoware/src/autoware/visualization/rosinterface -DCMAKE_BUILD_TYPE=Release -DCATKIN_INSTALL_INTO_PREFIX_ROOT=0 -DCMAKE_INSTALL_PREFIX=/home/autoware/Autoware/install/rosinterface
[2.471s] Invoking command in '/home/autoware/Autoware/build/rosinterface': CMAKE_PREFIX_PATH=/home/autoware/Autoware/install/autoware_build_flags:${CMAKE_PREFIX_PATH} PKG_CONFIG_PATH=/home/autoware/Autoware/install/autoware_build_flags/lib/x86_64-linux-gnu/pkgconfig:/home/autoware/Autoware/install/autoware_build_flags/lib/pkgconfig:${PKG_CONFIG_PATH} ROS_PACKAGE_PATH=/home/autoware/Autoware/install/autoware_build_flags/share:${ROS_PACKAGE_PATH} /usr/bin/cmake --build /home/autoware/Autoware/build/rosinterface -- -j2 -l2
[2.531s] Scanning dependencies of target rosinterface_autogen
[2.543s] [ 16%] Automatic MOC for target rosinterface
[2.575s] [ 16%] Built target rosinterface_autogen
[2.589s] [ 33%] Generating include/rosinterface/moc_rosinterface.cpp
[3.640s] Scanning dependencies of target rosinterface
[3.660s] [ 50%] Building CXX object CMakeFiles/rosinterface.dir/ROSInterface/rosinterface.cpp.o
[10.022s] [ 66%] Building CXX object CMakeFiles/rosinterface.dir/include/rosinterface/moc_rosinterface.cpp.o
[15.843s] [ 83%] Building CXX object CMakeFiles/rosinterface.dir/rosinterface_autogen/mocs_compilation.cpp.o
[15.874s] [100%] Linking CXX shared library devel/lib/librosinterface.so
[16.088s] [100%] Built target rosinterface
[16.104s] Invoked command in '/home/autoware/Autoware/build/rosinterface' returned '0': CMAKE_PREFIX_PATH=/home/autoware/Autoware/install/autoware_build_flags:${CMAKE_PREFIX_PATH} PKG_CONFIG_PATH=/home/autoware/Autoware/install/autoware_build_flags/lib/x86_64-linux-gnu/pkgconfig:/home/autoware/Autoware/install/autoware_build_flags/lib/pkgconfig:${PKG_CONFIG_PATH} ROS_PACKAGE_PATH=/home/autoware/Autoware/install/autoware_build_flags/share:${ROS_PACKAGE_PATH} /usr/bin/cmake --build /home/autoware/Autoware/build/rosinterface -- -j2 -l2
[16.196s] Invoking command in '/home/autoware/Autoware/build/rosinterface': CMAKE_PREFIX_PATH=/home/autoware/Autoware/install/autoware_build_flags:${CMAKE_PREFIX_PATH} PKG_CONFIG_PATH=/home/autoware/Autoware/install/autoware_build_flags/lib/x86_64-linux-gnu/pkgconfig:/home/autoware/Autoware/install/autoware_build_flags/lib/pkgconfig:${PKG_CONFIG_PATH} ROS_PACKAGE_PATH=/home/autoware/Autoware/install/autoware_build_flags/share:${ROS_PACKAGE_PATH} /usr/bin/cmake --build /home/autoware/Autoware/build/rosinterface --target tests -- -j2 -l2
[16.264s] Scanning dependencies of target tests
[16.276s] Built target tests
[16.290s] Invoked command in '/home/autoware/Autoware/build/rosinterface' returned '0': CMAKE_PREFIX_PATH=/home/autoware/Autoware/install/autoware_build_flags:${CMAKE_PREFIX_PATH} PKG_CONFIG_PATH=/home/autoware/Autoware/install/autoware_build_flags/lib/x86_64-linux-gnu/pkgconfig:/home/autoware/Autoware/install/autoware_build_flags/lib/pkgconfig:${PKG_CONFIG_PATH} ROS_PACKAGE_PATH=/home/autoware/Autoware/install/autoware_build_flags/share:${ROS_PACKAGE_PATH} /usr/bin/cmake --build /home/autoware/Autoware/build/rosinterface --target tests -- -j2 -l2
[16.386s] Invoking command in '/home/autoware/Autoware/build/rosinterface': CMAKE_PREFIX_PATH=/home/autoware/Autoware/install/autoware_build_flags:${CMAKE_PREFIX_PATH} PKG_CONFIG_PATH=/home/autoware/Autoware/install/autoware_build_flags/lib/x86_64-linux-gnu/pkgconfig:/home/autoware/Autoware/install/autoware_build_flags/lib/pkgconfig:${PKG_CONFIG_PATH} ROS_PACKAGE_PATH=/home/autoware/Autoware/install/autoware_build_flags/share:${ROS_PACKAGE_PATH} /usr/bin/cmake --build /home/autoware/Autoware/build/rosinterface --target install -- -j2 -l2
[16.451s] [ 16%] Automatic MOC for target rosinterface
[16.472s] [ 16%] Built target rosinterface_autogen
[16.511s] [100%] Built target rosinterface
[16.535s] Install the project...
[16.546s] -- Install configuration: "Release"
[16.546s] -- Installing: /home/autoware/Autoware/install/rosinterface/lib/pkgconfig/rosinterface.pc
[16.547s] -- Installing: /home/autoware/Autoware/install/rosinterface/share/rosinterface/cmake/rosinterfaceConfig.cmake
[16.547s] -- Installing: /home/autoware/Autoware/install/rosinterface/share/rosinterface/cmake/rosinterfaceConfig-version.cmake
[16.548s] -- Installing: /home/autoware/Autoware/install/rosinterface/share/rosinterface/package.xml
[16.548s] -- Installing: /home/autoware/Autoware/install/rosinterface/include/rosinterface
[16.548s] -- Installing: /home/autoware/Autoware/install/rosinterface/include/rosinterface/rosinterface.h
[16.549s] -- Installing: /home/autoware/Autoware/install/rosinterface/lib/librosinterface.so
[16.553s] -- Set runtime path of "/home/autoware/Autoware/install/rosinterface/lib/librosinterface.so" to ""
[16.560s] Invoked command in '/home/autoware/Autoware/build/rosinterface' returned '0': CMAKE_PREFIX_PATH=/home/autoware/Autoware/install/autoware_build_flags:${CMAKE_PREFIX_PATH} PKG_CONFIG_PATH=/home/autoware/Autoware/install/autoware_build_flags/lib/x86_64-linux-gnu/pkgconfig:/home/autoware/Autoware/install/autoware_build_flags/lib/pkgconfig:${PKG_CONFIG_PATH} ROS_PACKAGE_PATH=/home/autoware/Autoware/install/autoware_build_flags/share:${ROS_PACKAGE_PATH} /usr/bin/cmake --build /home/autoware/Autoware/build/rosinterface --target install -- -j2 -l2
