[0.016s] Invoking command in '/home/autoware/Autoware/build/ds4': CMAKE_PREFIX_PATH=/home/autoware/Autoware/install/ds4_msgs:/home/autoware/Autoware/install/ds4_driver:${CMAKE_PREFIX_PATH} PKG_CONFIG_PATH=/home/autoware/Autoware/install/ds4_msgs/lib/x86_64-linux-gnu/pkgconfig:/home/autoware/Autoware/install/ds4_msgs/lib/pkgconfig:/home/autoware/Autoware/install/ds4_driver/lib/x86_64-linux-gnu/pkgconfig:/home/autoware/Autoware/install/ds4_driver/lib/pkgconfig:${PKG_CONFIG_PATH} PYTHONPATH=/home/autoware/Autoware/install/ds4_msgs/lib/python2.7/dist-packages:${PYTHONPATH} ROS_PACKAGE_PATH=/home/autoware/Autoware/install/ds4_msgs/share:/home/autoware/Autoware/install/ds4_driver/share:${ROS_PACKAGE_PATH} /usr/bin/cmake /home/autoware/Autoware/src/drivers/ds4/ds4 -DCMAKE_BUILD_TYPE=Release -DCATKIN_INSTALL_INTO_PREFIX_ROOT=0 -DCMAKE_INSTALL_PREFIX=/home/autoware/Autoware/install/ds4
[0.097s] -- The C compiler identification is GNU 7.5.0
[0.169s] -- The CXX compiler identification is GNU 7.5.0
[0.174s] -- Check for working C compiler: /usr/bin/cc
[0.253s] -- Check for working C compiler: /usr/bin/cc -- works
[0.253s] -- Detecting C compiler ABI info
[0.345s] -- Detecting C compiler ABI info - done
[0.352s] -- Detecting C compile features
[0.595s] -- Detecting C compile features - done
[0.599s] -- Check for working CXX compiler: /usr/bin/c++
[0.692s] -- Check for working CXX compiler: /usr/bin/c++ -- works
[0.692s] -- Detecting CXX compiler ABI info
[0.784s] -- Detecting CXX compiler ABI info - done
[0.795s] -- Detecting CXX compile features
[1.219s] -- Detecting CXX compile features - done
[1.222s] -- Using CATKIN_DEVEL_PREFIX: /home/autoware/Autoware/build/ds4/devel
[1.223s] -- Using CMAKE_PREFIX_PATH: /home/autoware/Autoware/install/ds4_msgs;/home/autoware/Autoware/install/ds4_driver;/opt/ros/melodic
[1.223s] -- This workspace overlays: /home/autoware/Autoware/install/ds4_msgs;/home/autoware/Autoware/install/ds4_driver;/opt/ros/melodic
[1.241s] -- Found PythonInterp: /usr/bin/python2 (found suitable version "2.7.17", minimum required is "2") 
[1.241s] -- Using PYTHON_EXECUTABLE: /usr/bin/python2
[1.241s] -- Using Debian Python package layout
[1.241s] -- Using empy: /usr/bin/empy
[1.391s] -- Using CATKIN_ENABLE_TESTING: ON
[1.391s] -- Call enable_testing()
[1.393s] -- Using CATKIN_TEST_RESULTS_DIR: /home/autoware/Autoware/build/ds4/test_results
[1.417s] -- Found gtest sources under '/usr/src/googletest': gtests will be built
[1.417s] -- Found gmock sources under '/usr/src/googletest': gmock will be built
[1.435s] -- Found PythonInterp: /usr/bin/python2 (found version "2.7.17") 
[1.436s] -- Looking for pthread.h
[1.521s] -- Looking for pthread.h - found
[1.521s] -- Looking for pthread_create
[1.611s] -- Looking for pthread_create - not found
[1.611s] -- Looking for pthread_create in pthreads
[1.693s] -- Looking for pthread_create in pthreads - not found
[1.693s] -- Looking for pthread_create in pthread
[1.785s] -- Looking for pthread_create in pthread - found
[1.786s] -- Found Threads: TRUE  
[1.789s] -- Using Python nosetests: /usr/bin/nosetests-2.7
[1.842s] -- catkin 0.7.26
[1.842s] -- BUILD_SHARED_LIBS is on
[1.991s] -- Configuring done
[2.004s] -- Generating done
[2.007s] -- Build files have been written to: /home/autoware/Autoware/build/ds4
[2.014s] Invoked command in '/home/autoware/Autoware/build/ds4' returned '0': CMAKE_PREFIX_PATH=/home/autoware/Autoware/install/ds4_msgs:/home/autoware/Autoware/install/ds4_driver:${CMAKE_PREFIX_PATH} PKG_CONFIG_PATH=/home/autoware/Autoware/install/ds4_msgs/lib/x86_64-linux-gnu/pkgconfig:/home/autoware/Autoware/install/ds4_msgs/lib/pkgconfig:/home/autoware/Autoware/install/ds4_driver/lib/x86_64-linux-gnu/pkgconfig:/home/autoware/Autoware/install/ds4_driver/lib/pkgconfig:${PKG_CONFIG_PATH} PYTHONPATH=/home/autoware/Autoware/install/ds4_msgs/lib/python2.7/dist-packages:${PYTHONPATH} ROS_PACKAGE_PATH=/home/autoware/Autoware/install/ds4_msgs/share:/home/autoware/Autoware/install/ds4_driver/share:${ROS_PACKAGE_PATH} /usr/bin/cmake /home/autoware/Autoware/src/drivers/ds4/ds4 -DCMAKE_BUILD_TYPE=Release -DCATKIN_INSTALL_INTO_PREFIX_ROOT=0 -DCMAKE_INSTALL_PREFIX=/home/autoware/Autoware/install/ds4
[2.015s] Invoking command in '/home/autoware/Autoware/build/ds4': CMAKE_PREFIX_PATH=/home/autoware/Autoware/install/ds4_msgs:/home/autoware/Autoware/install/ds4_driver:${CMAKE_PREFIX_PATH} PKG_CONFIG_PATH=/home/autoware/Autoware/install/ds4_msgs/lib/x86_64-linux-gnu/pkgconfig:/home/autoware/Autoware/install/ds4_msgs/lib/pkgconfig:/home/autoware/Autoware/install/ds4_driver/lib/x86_64-linux-gnu/pkgconfig:/home/autoware/Autoware/install/ds4_driver/lib/pkgconfig:${PKG_CONFIG_PATH} PYTHONPATH=/home/autoware/Autoware/install/ds4_msgs/lib/python2.7/dist-packages:${PYTHONPATH} ROS_PACKAGE_PATH=/home/autoware/Autoware/install/ds4_msgs/share:/home/autoware/Autoware/install/ds4_driver/share:${ROS_PACKAGE_PATH} /usr/bin/cmake --build /home/autoware/Autoware/build/ds4 -- -j2 -l2
[2.062s] Invoked command in '/home/autoware/Autoware/build/ds4' returned '0': CMAKE_PREFIX_PATH=/home/autoware/Autoware/install/ds4_msgs:/home/autoware/Autoware/install/ds4_driver:${CMAKE_PREFIX_PATH} PKG_CONFIG_PATH=/home/autoware/Autoware/install/ds4_msgs/lib/x86_64-linux-gnu/pkgconfig:/home/autoware/Autoware/install/ds4_msgs/lib/pkgconfig:/home/autoware/Autoware/install/ds4_driver/lib/x86_64-linux-gnu/pkgconfig:/home/autoware/Autoware/install/ds4_driver/lib/pkgconfig:${PKG_CONFIG_PATH} PYTHONPATH=/home/autoware/Autoware/install/ds4_msgs/lib/python2.7/dist-packages:${PYTHONPATH} ROS_PACKAGE_PATH=/home/autoware/Autoware/install/ds4_msgs/share:/home/autoware/Autoware/install/ds4_driver/share:${ROS_PACKAGE_PATH} /usr/bin/cmake --build /home/autoware/Autoware/build/ds4 -- -j2 -l2
[2.098s] Invoking command in '/home/autoware/Autoware/build/ds4': CMAKE_PREFIX_PATH=/home/autoware/Autoware/install/ds4_msgs:/home/autoware/Autoware/install/ds4_driver:${CMAKE_PREFIX_PATH} PKG_CONFIG_PATH=/home/autoware/Autoware/install/ds4_msgs/lib/x86_64-linux-gnu/pkgconfig:/home/autoware/Autoware/install/ds4_msgs/lib/pkgconfig:/home/autoware/Autoware/install/ds4_driver/lib/x86_64-linux-gnu/pkgconfig:/home/autoware/Autoware/install/ds4_driver/lib/pkgconfig:${PKG_CONFIG_PATH} PYTHONPATH=/home/autoware/Autoware/install/ds4_msgs/lib/python2.7/dist-packages:${PYTHONPATH} ROS_PACKAGE_PATH=/home/autoware/Autoware/install/ds4_msgs/share:/home/autoware/Autoware/install/ds4_driver/share:${ROS_PACKAGE_PATH} /usr/bin/cmake --build /home/autoware/Autoware/build/ds4 --target tests -- -j2 -l2
[2.161s] Scanning dependencies of target tests
[2.174s] Built target tests
[2.187s] Invoked command in '/home/autoware/Autoware/build/ds4' returned '0': CMAKE_PREFIX_PATH=/home/autoware/Autoware/install/ds4_msgs:/home/autoware/Autoware/install/ds4_driver:${CMAKE_PREFIX_PATH} PKG_CONFIG_PATH=/home/autoware/Autoware/install/ds4_msgs/lib/x86_64-linux-gnu/pkgconfig:/home/autoware/Autoware/install/ds4_msgs/lib/pkgconfig:/home/autoware/Autoware/install/ds4_driver/lib/x86_64-linux-gnu/pkgconfig:/home/autoware/Autoware/install/ds4_driver/lib/pkgconfig:${PKG_CONFIG_PATH} PYTHONPATH=/home/autoware/Autoware/install/ds4_msgs/lib/python2.7/dist-packages:${PYTHONPATH} ROS_PACKAGE_PATH=/home/autoware/Autoware/install/ds4_msgs/share:/home/autoware/Autoware/install/ds4_driver/share:${ROS_PACKAGE_PATH} /usr/bin/cmake --build /home/autoware/Autoware/build/ds4 --target tests -- -j2 -l2
[2.221s] Invoking command in '/home/autoware/Autoware/build/ds4': CMAKE_PREFIX_PATH=/home/autoware/Autoware/install/ds4_msgs:/home/autoware/Autoware/install/ds4_driver:${CMAKE_PREFIX_PATH} PKG_CONFIG_PATH=/home/autoware/Autoware/install/ds4_msgs/lib/x86_64-linux-gnu/pkgconfig:/home/autoware/Autoware/install/ds4_msgs/lib/pkgconfig:/home/autoware/Autoware/install/ds4_driver/lib/x86_64-linux-gnu/pkgconfig:/home/autoware/Autoware/install/ds4_driver/lib/pkgconfig:${PKG_CONFIG_PATH} PYTHONPATH=/home/autoware/Autoware/install/ds4_msgs/lib/python2.7/dist-packages:${PYTHONPATH} ROS_PACKAGE_PATH=/home/autoware/Autoware/install/ds4_msgs/share:/home/autoware/Autoware/install/ds4_driver/share:${ROS_PACKAGE_PATH} /usr/bin/cmake --build /home/autoware/Autoware/build/ds4 --target install -- -j2 -l2
[2.275s] Install the project...
[2.283s] -- Install configuration: "Release"
[2.284s] -- Installing: /home/autoware/Autoware/install/ds4/share/ds4/package.xml
[2.289s] Invoked command in '/home/autoware/Autoware/build/ds4' returned '0': CMAKE_PREFIX_PATH=/home/autoware/Autoware/install/ds4_msgs:/home/autoware/Autoware/install/ds4_driver:${CMAKE_PREFIX_PATH} PKG_CONFIG_PATH=/home/autoware/Autoware/install/ds4_msgs/lib/x86_64-linux-gnu/pkgconfig:/home/autoware/Autoware/install/ds4_msgs/lib/pkgconfig:/home/autoware/Autoware/install/ds4_driver/lib/x86_64-linux-gnu/pkgconfig:/home/autoware/Autoware/install/ds4_driver/lib/pkgconfig:${PKG_CONFIG_PATH} PYTHONPATH=/home/autoware/Autoware/install/ds4_msgs/lib/python2.7/dist-packages:${PYTHONPATH} ROS_PACKAGE_PATH=/home/autoware/Autoware/install/ds4_msgs/share:/home/autoware/Autoware/install/ds4_driver/share:${ROS_PACKAGE_PATH} /usr/bin/cmake --build /home/autoware/Autoware/build/ds4 --target install -- -j2 -l2
