-- The C compiler identification is GNU 7.5.0
-- The CXX compiler identification is GNU 7.5.0
-- Check for working C compiler: /usr/bin/cc
-- Check for working C compiler: /usr/bin/cc -- works
-- Detecting C compiler ABI info
-- Detecting C compiler ABI info - done
-- Detecting C compile features
-- Detecting C compile features - done
-- Check for working CXX compiler: /usr/bin/c++
-- Check for working CXX compiler: /usr/bin/c++ -- works
-- Detecting CXX compiler ABI info
-- Detecting CXX compiler ABI info - done
-- Detecting CXX compile features
-- Detecting CXX compile features - done
-- CUDA compilation status: ON.
-- Using CATKIN_DEVEL_PREFIX: /home/autoware/Autoware/build/udon_socket/devel
-- Using CMAKE_PREFIX_PATH: /home/autoware/Autoware/install/tablet_socket_msgs;/home/autoware/Autoware/install/autoware_build_flags;/opt/ros/melodic
-- This workspace overlays: /home/autoware/Autoware/install/tablet_socket_msgs;/home/autoware/Autoware/install/autoware_build_flags;/opt/ros/melodic
-- Found PythonInterp: /usr/bin/python2 (found suitable version "2.7.17", minimum required is "2") 
-- Using PYTHON_EXECUTABLE: /usr/bin/python2
-- Using Debian Python package layout
-- Using empy: /usr/bin/empy
-- Using CATKIN_ENABLE_TESTING: ON
-- Call enable_testing()
-- Using CATKIN_TEST_RESULTS_DIR: /home/autoware/Autoware/build/udon_socket/test_results
-- Found gtest sources under '/usr/src/googletest': gtests will be built
-- Found gmock sources under '/usr/src/googletest': gmock will be built
-- Found PythonInterp: /usr/bin/python2 (found version "2.7.17") 
-- Looking for pthread.h
-- Looking for pthread.h - found
-- Looking for pthread_create
-- Looking for pthread_create - not found
-- Looking for pthread_create in pthreads
-- Looking for pthread_create in pthreads - not found
-- Looking for pthread_create in pthread
-- Looking for pthread_create in pthread - found
-- Found Threads: TRUE  
-- Using Python nosetests: /usr/bin/nosetests-2.7
-- catkin 0.7.26
-- BUILD_SHARED_LIBS is on
-- Configuring done
-- Generating done
-- Build files have been written to: /home/autoware/Autoware/build/udon_socket
Scanning dependencies of target rosgraph_msgs_generate_messages_nodejs
[  0%] Built target rosgraph_msgs_generate_messages_nodejs
Scanning dependencies of target udon
[ 16%] Building CXX object CMakeFiles/udon.dir/lib/udon_socket/udon.cpp.o
[ 33%] Linking CXX shared library devel/lib/libudon.so
[ 33%] Built target udon
Scanning dependencies of target tablet_socket_msgs_generate_messages_py
[ 33%] Built target tablet_socket_msgs_generate_messages_py
Scanning dependencies of target tablet_socket_msgs_generate_messages_nodejs
[ 33%] Built target tablet_socket_msgs_generate_messages_nodejs
Scanning dependencies of target tablet_socket_msgs_generate_messages_eus
[ 33%] Built target tablet_socket_msgs_generate_messages_eus
Scanning dependencies of target std_msgs_generate_messages_nodejs
[ 33%] Built target std_msgs_generate_messages_nodejs
Scanning dependencies of target std_msgs_generate_messages_lisp
[ 33%] Built target std_msgs_generate_messages_lisp
Scanning dependencies of target tablet_socket_msgs_generate_messages_lisp
[ 33%] Built target tablet_socket_msgs_generate_messages_lisp
Scanning dependencies of target tablet_socket_msgs_generate_messages_cpp
[ 33%] Built target tablet_socket_msgs_generate_messages_cpp
Scanning dependencies of target std_msgs_generate_messages_cpp
[ 33%] Built target std_msgs_generate_messages_cpp
Scanning dependencies of target roscpp_generate_messages_cpp
[ 33%] Built target roscpp_generate_messages_cpp
Scanning dependencies of target roscpp_generate_messages_lisp
[ 33%] Built target roscpp_generate_messages_lisp
Scanning dependencies of target roscpp_generate_messages_eus
[ 33%] Built target roscpp_generate_messages_eus
Scanning dependencies of target std_msgs_generate_messages_py
[ 33%] Built target std_msgs_generate_messages_py
Scanning dependencies of target roscpp_generate_messages_nodejs
[ 33%] Built target roscpp_generate_messages_nodejs
Scanning dependencies of target roscpp_generate_messages_py
[ 33%] Built target roscpp_generate_messages_py
Scanning dependencies of target rosgraph_msgs_generate_messages_cpp
[ 33%] Built target rosgraph_msgs_generate_messages_cpp
Scanning dependencies of target rosgraph_msgs_generate_messages_eus
[ 33%] Built target rosgraph_msgs_generate_messages_eus
Scanning dependencies of target rosgraph_msgs_generate_messages_lisp
[ 33%] Built target rosgraph_msgs_generate_messages_lisp
Scanning dependencies of target std_msgs_generate_messages_eus
[ 33%] Built target std_msgs_generate_messages_eus
Scanning dependencies of target rosgraph_msgs_generate_messages_py
[ 33%] Built target rosgraph_msgs_generate_messages_py
Scanning dependencies of target udon_receiver
[ 50%] Building CXX object CMakeFiles/udon_receiver.dir/nodes/udon_receiver/udon_receiver.cpp.o
[ 66%] Linking CXX executable devel/lib/udon_socket/udon_receiver
[ 66%] Built target udon_receiver
Scanning dependencies of target udon_sender
[ 83%] Building CXX object CMakeFiles/udon_sender.dir/nodes/udon_sender/udon_sender.cpp.o
[100%] Linking CXX executable devel/lib/udon_socket/udon_sender
[100%] Built target udon_sender
Scanning dependencies of target tests
Built target tests
[  0%] Built target rosgraph_msgs_generate_messages_nodejs
[ 33%] Built target udon
[ 33%] Built target tablet_socket_msgs_generate_messages_py
[ 33%] Built target tablet_socket_msgs_generate_messages_nodejs
[ 33%] Built target tablet_socket_msgs_generate_messages_eus
[ 33%] Built target std_msgs_generate_messages_nodejs
[ 33%] Built target std_msgs_generate_messages_lisp
[ 33%] Built target tablet_socket_msgs_generate_messages_lisp
[ 33%] Built target tablet_socket_msgs_generate_messages_cpp
[ 33%] Built target std_msgs_generate_messages_cpp
[ 33%] Built target roscpp_generate_messages_cpp
[ 33%] Built target roscpp_generate_messages_lisp
[ 33%] Built target roscpp_generate_messages_eus
[ 33%] Built target std_msgs_generate_messages_py
[ 33%] Built target roscpp_generate_messages_nodejs
[ 33%] Built target roscpp_generate_messages_py
[ 33%] Built target rosgraph_msgs_generate_messages_cpp
[ 33%] Built target rosgraph_msgs_generate_messages_eus
[ 33%] Built target rosgraph_msgs_generate_messages_lisp
[ 33%] Built target std_msgs_generate_messages_eus
[ 33%] Built target rosgraph_msgs_generate_messages_py
[ 66%] Built target udon_receiver
[100%] Built target udon_sender
Install the project...
-- Install configuration: "Release"
-- Installing: /home/autoware/Autoware/install/udon_socket/lib/pkgconfig/udon_socket.pc
-- Installing: /home/autoware/Autoware/install/udon_socket/share/udon_socket/cmake/udon_socketConfig.cmake
-- Installing: /home/autoware/Autoware/install/udon_socket/share/udon_socket/cmake/udon_socketConfig-version.cmake
-- Installing: /home/autoware/Autoware/install/udon_socket/share/udon_socket/package.xml
-- Installing: /home/autoware/Autoware/install/udon_socket/lib/libudon.so
-- Installing: /home/autoware/Autoware/install/udon_socket/lib/udon_socket/udon_receiver
-- Set runtime path of "/home/autoware/Autoware/install/udon_socket/lib/udon_socket/udon_receiver" to ""
-- Installing: /home/autoware/Autoware/install/udon_socket/lib/udon_socket/udon_sender
-- Set runtime path of "/home/autoware/Autoware/install/udon_socket/lib/udon_socket/udon_sender" to ""
