[0.014s] Invoking command in '/home/autoware/Autoware/build/multi_lidar_calibrator': CMAKE_PREFIX_PATH=/home/autoware/Autoware/install/autoware_build_flags:${CMAKE_PREFIX_PATH} PKG_CONFIG_PATH=/home/autoware/Autoware/install/autoware_build_flags/lib/x86_64-linux-gnu/pkgconfig:/home/autoware/Autoware/install/autoware_build_flags/lib/pkgconfig:${PKG_CONFIG_PATH} ROS_PACKAGE_PATH=/home/autoware/Autoware/install/autoware_build_flags/share:${ROS_PACKAGE_PATH} /usr/bin/cmake /home/autoware/Autoware/src/autoware/utilities/multi_lidar_calibrator -DCMAKE_BUILD_TYPE=Release -DCATKIN_INSTALL_INTO_PREFIX_ROOT=0 -DCMAKE_INSTALL_PREFIX=/home/autoware/Autoware/install/multi_lidar_calibrator
[0.097s] -- The C compiler identification is GNU 7.5.0
[0.188s] -- The CXX compiler identification is GNU 7.5.0
[0.195s] -- Check for working C compiler: /usr/bin/cc
[0.286s] -- Check for working C compiler: /usr/bin/cc -- works
[0.286s] -- Detecting C compiler ABI info
[0.382s] -- Detecting C compiler ABI info - done
[0.389s] -- Detecting C compile features
[0.675s] -- Detecting C compile features - done
[0.680s] -- Check for working CXX compiler: /usr/bin/c++
[0.794s] -- Check for working CXX compiler: /usr/bin/c++ -- works
[0.794s] -- Detecting CXX compiler ABI info
[0.906s] -- Detecting CXX compiler ABI info - done
[0.910s] -- Detecting CXX compile features
[1.394s] -- Detecting CXX compile features - done
[1.397s] -- CUDA compilation status: ON.
[1.399s] -- Using CATKIN_DEVEL_PREFIX: /home/autoware/Autoware/build/multi_lidar_calibrator/devel
[1.400s] -- Using CMAKE_PREFIX_PATH: /home/autoware/Autoware/install/autoware_build_flags;/opt/ros/melodic
[1.400s] -- This workspace overlays: /home/autoware/Autoware/install/autoware_build_flags;/opt/ros/melodic
[1.420s] -- Found PythonInterp: /usr/bin/python2 (found suitable version "2.7.17", minimum required is "2") 
[1.420s] -- Using PYTHON_EXECUTABLE: /usr/bin/python2
[1.421s] -- Using Debian Python package layout
[1.421s] -- Using empy: /usr/bin/empy
[1.597s] -- Using CATKIN_ENABLE_TESTING: ON
[1.597s] -- Call enable_testing()
[1.602s] -- Using CATKIN_TEST_RESULTS_DIR: /home/autoware/Autoware/build/multi_lidar_calibrator/test_results
[1.635s] -- Found gtest sources under '/usr/src/googletest': gtests will be built
[1.635s] -- Found gmock sources under '/usr/src/googletest': gmock will be built
[1.657s] -- Found PythonInterp: /usr/bin/python2 (found version "2.7.17") 
[1.657s] -- Looking for pthread.h
[1.758s] -- Looking for pthread.h - found
[1.766s] -- Looking for pthread_create
[1.858s] -- Looking for pthread_create - not found
[1.858s] -- Looking for pthread_create in pthreads
[1.938s] -- Looking for pthread_create in pthreads - not found
[1.938s] -- Looking for pthread_create in pthread
[2.038s] -- Looking for pthread_create in pthread - found
[2.038s] -- Found Threads: TRUE  
[2.043s] -- Using Python nosetests: /usr/bin/nosetests-2.7
[2.098s] -- catkin 0.7.26
[2.098s] -- BUILD_SHARED_LIBS is on
[3.011s] -- Using these message generators: gencpp;geneus;genlisp;gennodejs;genpy
[3.628s] -- Found OpenCV: /usr (found version "3.2.0") 
[3.633s] -- Configuring done
[3.745s] -- Generating done
[3.759s] -- Build files have been written to: /home/autoware/Autoware/build/multi_lidar_calibrator
[3.769s] Invoked command in '/home/autoware/Autoware/build/multi_lidar_calibrator' returned '0': CMAKE_PREFIX_PATH=/home/autoware/Autoware/install/autoware_build_flags:${CMAKE_PREFIX_PATH} PKG_CONFIG_PATH=/home/autoware/Autoware/install/autoware_build_flags/lib/x86_64-linux-gnu/pkgconfig:/home/autoware/Autoware/install/autoware_build_flags/lib/pkgconfig:${PKG_CONFIG_PATH} ROS_PACKAGE_PATH=/home/autoware/Autoware/install/autoware_build_flags/share:${ROS_PACKAGE_PATH} /usr/bin/cmake /home/autoware/Autoware/src/autoware/utilities/multi_lidar_calibrator -DCMAKE_BUILD_TYPE=Release -DCATKIN_INSTALL_INTO_PREFIX_ROOT=0 -DCMAKE_INSTALL_PREFIX=/home/autoware/Autoware/install/multi_lidar_calibrator
[3.770s] Invoking command in '/home/autoware/Autoware/build/multi_lidar_calibrator': CMAKE_PREFIX_PATH=/home/autoware/Autoware/install/autoware_build_flags:${CMAKE_PREFIX_PATH} PKG_CONFIG_PATH=/home/autoware/Autoware/install/autoware_build_flags/lib/x86_64-linux-gnu/pkgconfig:/home/autoware/Autoware/install/autoware_build_flags/lib/pkgconfig:${PKG_CONFIG_PATH} ROS_PACKAGE_PATH=/home/autoware/Autoware/install/autoware_build_flags/share:${ROS_PACKAGE_PATH} /usr/bin/cmake --build /home/autoware/Autoware/build/multi_lidar_calibrator -- -j2 -l2
[3.912s] Scanning dependencies of target multi_lidar_calibrator_lib
[3.947s] [ 25%] Building CXX object CMakeFiles/multi_lidar_calibrator_lib.dir/src/multi_lidar_calibrator.cpp.o
[38.946s] [ 50%] Linking CXX shared library devel/lib/libmulti_lidar_calibrator_lib.so
[41.144s] [ 50%] Built target multi_lidar_calibrator_lib
[41.232s] Scanning dependencies of target multi_lidar_calibrator
[41.275s] [ 75%] Building CXX object CMakeFiles/multi_lidar_calibrator.dir/src/multi_lidar_calibrator_node.cpp.o
[58.067s] [100%] Linking CXX executable devel/lib/multi_lidar_calibrator/multi_lidar_calibrator
[59.025s] [100%] Built target multi_lidar_calibrator
[59.043s] Invoked command in '/home/autoware/Autoware/build/multi_lidar_calibrator' returned '0': CMAKE_PREFIX_PATH=/home/autoware/Autoware/install/autoware_build_flags:${CMAKE_PREFIX_PATH} PKG_CONFIG_PATH=/home/autoware/Autoware/install/autoware_build_flags/lib/x86_64-linux-gnu/pkgconfig:/home/autoware/Autoware/install/autoware_build_flags/lib/pkgconfig:${PKG_CONFIG_PATH} ROS_PACKAGE_PATH=/home/autoware/Autoware/install/autoware_build_flags/share:${ROS_PACKAGE_PATH} /usr/bin/cmake --build /home/autoware/Autoware/build/multi_lidar_calibrator -- -j2 -l2
[59.181s] Invoking command in '/home/autoware/Autoware/build/multi_lidar_calibrator': CMAKE_PREFIX_PATH=/home/autoware/Autoware/install/autoware_build_flags:${CMAKE_PREFIX_PATH} PKG_CONFIG_PATH=/home/autoware/Autoware/install/autoware_build_flags/lib/x86_64-linux-gnu/pkgconfig:/home/autoware/Autoware/install/autoware_build_flags/lib/pkgconfig:${PKG_CONFIG_PATH} ROS_PACKAGE_PATH=/home/autoware/Autoware/install/autoware_build_flags/share:${ROS_PACKAGE_PATH} /usr/bin/cmake --build /home/autoware/Autoware/build/multi_lidar_calibrator --target tests -- -j2 -l2
[59.260s] Scanning dependencies of target tests
[59.274s] Built target tests
[59.290s] Invoked command in '/home/autoware/Autoware/build/multi_lidar_calibrator' returned '0': CMAKE_PREFIX_PATH=/home/autoware/Autoware/install/autoware_build_flags:${CMAKE_PREFIX_PATH} PKG_CONFIG_PATH=/home/autoware/Autoware/install/autoware_build_flags/lib/x86_64-linux-gnu/pkgconfig:/home/autoware/Autoware/install/autoware_build_flags/lib/pkgconfig:${PKG_CONFIG_PATH} ROS_PACKAGE_PATH=/home/autoware/Autoware/install/autoware_build_flags/share:${ROS_PACKAGE_PATH} /usr/bin/cmake --build /home/autoware/Autoware/build/multi_lidar_calibrator --target tests -- -j2 -l2
[59.421s] Invoking command in '/home/autoware/Autoware/build/multi_lidar_calibrator': CMAKE_PREFIX_PATH=/home/autoware/Autoware/install/autoware_build_flags:${CMAKE_PREFIX_PATH} PKG_CONFIG_PATH=/home/autoware/Autoware/install/autoware_build_flags/lib/x86_64-linux-gnu/pkgconfig:/home/autoware/Autoware/install/autoware_build_flags/lib/pkgconfig:${PKG_CONFIG_PATH} ROS_PACKAGE_PATH=/home/autoware/Autoware/install/autoware_build_flags/share:${ROS_PACKAGE_PATH} /usr/bin/cmake --build /home/autoware/Autoware/build/multi_lidar_calibrator --target install -- -j2 -l2
[59.526s] [ 50%] Built target multi_lidar_calibrator_lib
[59.582s] [100%] Built target multi_lidar_calibrator
[59.610s] Install the project...
[59.622s] -- Install configuration: "Release"
[59.623s] -- Installing: /home/autoware/Autoware/install/multi_lidar_calibrator/lib/pkgconfig/multi_lidar_calibrator.pc
[59.623s] -- Installing: /home/autoware/Autoware/install/multi_lidar_calibrator/share/multi_lidar_calibrator/cmake/multi_lidar_calibratorConfig.cmake
[59.624s] -- Installing: /home/autoware/Autoware/install/multi_lidar_calibrator/share/multi_lidar_calibrator/cmake/multi_lidar_calibratorConfig-version.cmake
[59.624s] -- Installing: /home/autoware/Autoware/install/multi_lidar_calibrator/share/multi_lidar_calibrator/package.xml
[59.625s] -- Installing: /home/autoware/Autoware/install/multi_lidar_calibrator/lib/multi_lidar_calibrator/multi_lidar_calibrator
[59.639s] -- Set runtime path of "/home/autoware/Autoware/install/multi_lidar_calibrator/lib/multi_lidar_calibrator/multi_lidar_calibrator" to ""
[59.639s] -- Installing: /home/autoware/Autoware/install/multi_lidar_calibrator/lib/libmulti_lidar_calibrator_lib.so
[59.676s] -- Set runtime path of "/home/autoware/Autoware/install/multi_lidar_calibrator/lib/libmulti_lidar_calibrator_lib.so" to ""
[59.677s] -- Installing: /home/autoware/Autoware/install/multi_lidar_calibrator/share/multi_lidar_calibrator/launch
[59.677s] -- Installing: /home/autoware/Autoware/install/multi_lidar_calibrator/share/multi_lidar_calibrator/launch/multi_lidar_calibrator.launch
[59.686s] Invoked command in '/home/autoware/Autoware/build/multi_lidar_calibrator' returned '0': CMAKE_PREFIX_PATH=/home/autoware/Autoware/install/autoware_build_flags:${CMAKE_PREFIX_PATH} PKG_CONFIG_PATH=/home/autoware/Autoware/install/autoware_build_flags/lib/x86_64-linux-gnu/pkgconfig:/home/autoware/Autoware/install/autoware_build_flags/lib/pkgconfig:${PKG_CONFIG_PATH} ROS_PACKAGE_PATH=/home/autoware/Autoware/install/autoware_build_flags/share:${ROS_PACKAGE_PATH} /usr/bin/cmake --build /home/autoware/Autoware/build/multi_lidar_calibrator --target install -- -j2 -l2
