Determining if the pthread_create exist failed with the following output:
Change Dir: /home/autoware/Autoware/build/autoware_build_flags/CMakeFiles/CMakeTmp

Run Build Command:"/usr/bin/make" "cmTC_99a9e/fast"
/usr/bin/make -f CMakeFiles/cmTC_99a9e.dir/build.make CMakeFiles/cmTC_99a9e.dir/build
make[1]: Entering directory '/home/autoware/Autoware/build/autoware_build_flags/CMakeFiles/CMakeTmp'
Building C object CMakeFiles/cmTC_99a9e.dir/CheckSymbolExists.c.o
/usr/bin/cc    -o CMakeFiles/cmTC_99a9e.dir/CheckSymbolExists.c.o   -c /home/autoware/Autoware/build/autoware_build_flags/CMakeFiles/CMakeTmp/CheckSymbolExists.c
Linking C executable cmTC_99a9e
/usr/bin/cmake -E cmake_link_script CMakeFiles/cmTC_99a9e.dir/link.txt --verbose=1
/usr/bin/cc      -rdynamic CMakeFiles/cmTC_99a9e.dir/CheckSymbolExists.c.o  -o cmTC_99a9e 
CMakeFiles/cmTC_99a9e.dir/CheckSymbolExists.c.o: In function `main':
CheckSymbolExists.c:(.text+0x1b): undefined reference to `pthread_create'
collect2: error: ld returned 1 exit status
CMakeFiles/cmTC_99a9e.dir/build.make:97: recipe for target 'cmTC_99a9e' failed
make[1]: *** [cmTC_99a9e] Error 1
make[1]: Leaving directory '/home/autoware/Autoware/build/autoware_build_flags/CMakeFiles/CMakeTmp'
Makefile:126: recipe for target 'cmTC_99a9e/fast' failed
make: *** [cmTC_99a9e/fast] Error 2

File /home/autoware/Autoware/build/autoware_build_flags/CMakeFiles/CMakeTmp/CheckSymbolExists.c:
/* */
#include <pthread.h>

int main(int argc, char** argv)
{
  (void)argv;
#ifndef pthread_create
  return ((int*)(&pthread_create))[argc];
#else
  (void)argc;
  return 0;
#endif
}

Determining if the function pthread_create exists in the pthreads failed with the following output:
Change Dir: /home/autoware/Autoware/build/autoware_build_flags/CMakeFiles/CMakeTmp

Run Build Command:"/usr/bin/make" "cmTC_47580/fast"
/usr/bin/make -f CMakeFiles/cmTC_47580.dir/build.make CMakeFiles/cmTC_47580.dir/build
make[1]: Entering directory '/home/autoware/Autoware/build/autoware_build_flags/CMakeFiles/CMakeTmp'
Building C object CMakeFiles/cmTC_47580.dir/CheckFunctionExists.c.o
/usr/bin/cc   -DCHECK_FUNCTION_EXISTS=pthread_create   -o CMakeFiles/cmTC_47580.dir/CheckFunctionExists.c.o   -c /usr/share/cmake-3.10/Modules/CheckFunctionExists.c
Linking C executable cmTC_47580
/usr/bin/cmake -E cmake_link_script CMakeFiles/cmTC_47580.dir/link.txt --verbose=1
/usr/bin/cc  -DCHECK_FUNCTION_EXISTS=pthread_create    -rdynamic CMakeFiles/cmTC_47580.dir/CheckFunctionExists.c.o  -o cmTC_47580 -lpthreads 
/usr/bin/ld: cannot find -lpthreads
collect2: error: ld returned 1 exit status
CMakeFiles/cmTC_47580.dir/build.make:97: recipe for target 'cmTC_47580' failed
make[1]: *** [cmTC_47580] Error 1
make[1]: Leaving directory '/home/autoware/Autoware/build/autoware_build_flags/CMakeFiles/CMakeTmp'
Makefile:126: recipe for target 'cmTC_47580/fast' failed
make: *** [cmTC_47580/fast] Error 2


