-- The C compiler identification is GNU 7.5.0
-- The CXX compiler identification is GNU 7.5.0
-- Check for working C compiler: /usr/bin/cc
-- Check for working C compiler: /usr/bin/cc -- works
-- Detecting C compiler ABI info
-- Detecting C compiler ABI info - done
-- Detecting C compile features
-- Detecting C compile features - done
-- Check for working CXX compiler: /usr/bin/c++
-- Check for working CXX compiler: /usr/bin/c++ -- works
-- Detecting CXX compiler ABI info
-- Detecting CXX compiler ABI info - done
-- Detecting CXX compile features
-- Detecting CXX compile features - done
-- Using CATKIN_DEVEL_PREFIX: /home/autoware/Autoware/build/microstrain_driver/devel
-- Using CMAKE_PREFIX_PATH: /opt/ros/melodic
-- This workspace overlays: /opt/ros/melodic
-- Found PythonInterp: /usr/bin/python2 (found suitable version "2.7.17", minimum required is "2") 
-- Using PYTHON_EXECUTABLE: /usr/bin/python2
-- Using Debian Python package layout
-- Using empy: /usr/bin/empy
-- Using CATKIN_ENABLE_TESTING: ON
-- Call enable_testing()
-- Using CATKIN_TEST_RESULTS_DIR: /home/autoware/Autoware/build/microstrain_driver/test_results
-- Found gtest sources under '/usr/src/googletest': gtests will be built
-- Found gmock sources under '/usr/src/googletest': gmock will be built
-- Found PythonInterp: /usr/bin/python2 (found version "2.7.17") 
-- Looking for pthread.h
-- Looking for pthread.h - found
-- Looking for pthread_create
-- Looking for pthread_create - not found
-- Looking for pthread_create in pthreads
-- Looking for pthread_create in pthreads - not found
-- Looking for pthread_create in pthread
-- Looking for pthread_create in pthread - found
-- Found Threads: TRUE  
-- Using Python nosetests: /usr/bin/nosetests-2.7
-- catkin 0.7.26
-- BUILD_SHARED_LIBS is on
-- Using these message generators: gencpp;geneus;genlisp;gennodejs;genpy
-- Configuring done
-- Generating done
-- Build files have been written to: /home/autoware/Autoware/build/microstrain_driver
Scanning dependencies of target microstrain_driver
[  5%] Building CXX object CMakeFiles/microstrain_driver.dir/src/microstrain.cpp.o
[ 11%] Building C object CMakeFiles/microstrain_driver.dir/src/mip_sdk_user_functions.c.o
[ 17%] Building C object CMakeFiles/microstrain_driver.dir/MIPSDK/C/Library/Source/mip.c.o
[ 23%] Building C object CMakeFiles/microstrain_driver.dir/MIPSDK/C/Library/Source/mip_sdk_base.c.o
[ 29%] Building C object CMakeFiles/microstrain_driver.dir/MIPSDK/C/Library/Source/mip_sdk_inteface.c.o
[ 35%] Building C object CMakeFiles/microstrain_driver.dir/MIPSDK/C/Library/Source/mip_sdk_3dm.c.o
[ 41%] Building C object CMakeFiles/microstrain_driver.dir/MIPSDK/C/Library/Source/mip_sdk_filter.c.o
[ 47%] Building C object CMakeFiles/microstrain_driver.dir/MIPSDK/C/Library/Source/mip_sdk_system.c.o
[ 52%] Building C object CMakeFiles/microstrain_driver.dir/MIPSDK/C/Library/Source/mip_sdk_ahrs.c.o
[ 58%] Building C object CMakeFiles/microstrain_driver.dir/MIPSDK/C/Library/Source/mip_sdk_gps.c.o
[ 64%] Building C object CMakeFiles/microstrain_driver.dir/MIPSDK/C/Library/Source/ring_buffer.c.o
[ 70%] Building C object CMakeFiles/microstrain_driver.dir/MIPSDK/C/Utilities/Source/byteswap_utilities.c.o
[ 76%] Linking CXX shared library devel/lib/libmicrostrain_driver.so
[ 76%] Built target microstrain_driver
Scanning dependencies of target 3dm_gx5_15_node
[ 82%] Building CXX object CMakeFiles/3dm_gx5_15_node.dir/src/3dm_gx5_15_node.cpp.o
[ 88%] Linking CXX executable devel/lib/microstrain_driver/3dm_gx5_15_node
[ 88%] Built target 3dm_gx5_15_node
Scanning dependencies of target 3dm_gx5_45_node
[ 94%] Building CXX object CMakeFiles/3dm_gx5_45_node.dir/src/3dm_gx5_45_node.cpp.o
[100%] Linking CXX executable devel/lib/microstrain_driver/3dm_gx5_45_node
[100%] Built target 3dm_gx5_45_node
Scanning dependencies of target tests
Built target tests
[ 76%] Built target microstrain_driver
[ 88%] Built target 3dm_gx5_15_node
[100%] Built target 3dm_gx5_45_node
Install the project...
-- Install configuration: "Release"
-- Installing: /home/autoware/Autoware/install/microstrain_driver/lib/pkgconfig/microstrain_driver.pc
-- Installing: /home/autoware/Autoware/install/microstrain_driver/share/microstrain_driver/cmake/microstrain_driverConfig.cmake
-- Installing: /home/autoware/Autoware/install/microstrain_driver/share/microstrain_driver/cmake/microstrain_driverConfig-version.cmake
-- Installing: /home/autoware/Autoware/install/microstrain_driver/share/microstrain_driver/package.xml
-- Installing: /home/autoware/Autoware/install/microstrain_driver/lib/libmicrostrain_driver.so
-- Set runtime path of "/home/autoware/Autoware/install/microstrain_driver/lib/libmicrostrain_driver.so" to ""
-- Installing: /home/autoware/Autoware/install/microstrain_driver/lib/microstrain_driver/3dm_gx5_15_node
-- Set runtime path of "/home/autoware/Autoware/install/microstrain_driver/lib/microstrain_driver/3dm_gx5_15_node" to ""
-- Installing: /home/autoware/Autoware/install/microstrain_driver/lib/microstrain_driver/3dm_gx5_45_node
-- Set runtime path of "/home/autoware/Autoware/install/microstrain_driver/lib/microstrain_driver/3dm_gx5_45_node" to ""
-- Installing: /home/autoware/Autoware/install/microstrain_driver/share/microstrain_driver/launch
-- Installing: /home/autoware/Autoware/install/microstrain_driver/share/microstrain_driver/launch/microstrain.launch
-- Installing: /home/autoware/Autoware/install/microstrain_driver/share/microstrain_driver/launch/3dm_gx5_15.launch
