-- The C compiler identification is GNU 7.5.0
-- The CXX compiler identification is GNU 7.5.0
-- Check for working C compiler: /usr/bin/cc
-- Check for working C compiler: /usr/bin/cc -- works
-- Detecting C compiler ABI info
-- Detecting C compiler ABI info - done
-- Detecting C compile features
-- Detecting C compile features - done
-- Check for working CXX compiler: /usr/bin/c++
-- Check for working CXX compiler: /usr/bin/c++ -- works
-- Detecting CXX compiler ABI info
-- Detecting CXX compiler ABI info - done
-- Detecting CXX compile features
-- Detecting CXX compile features - done
-- Using CATKIN_DEVEL_PREFIX: /home/autoware/Autoware/build/rosbag_controller/devel
-- Using CMAKE_PREFIX_PATH: /opt/ros/melodic
-- This workspace overlays: /opt/ros/melodic
-- Found PythonInterp: /usr/bin/python2 (found suitable version "2.7.17", minimum required is "2") 
-- Using PYTHON_EXECUTABLE: /usr/bin/python2
-- Using Debian Python package layout
-- Using empy: /usr/bin/empy
-- Using CATKIN_ENABLE_TESTING: ON
-- Call enable_testing()
-- Using CATKIN_TEST_RESULTS_DIR: /home/autoware/Autoware/build/rosbag_controller/test_results
-- Found gtest sources under '/usr/src/googletest': gtests will be built
-- Found gmock sources under '/usr/src/googletest': gmock will be built
-- Found PythonInterp: /usr/bin/python2 (found version "2.7.17") 
-- Looking for pthread.h
-- Looking for pthread.h - found
-- Looking for pthread_create
-- Looking for pthread_create - not found
-- Looking for pthread_create in pthreads
-- Looking for pthread_create in pthreads - not found
-- Looking for pthread_create in pthread
-- Looking for pthread_create in pthread - found
-- Found Threads: TRUE  
-- Using Python nosetests: /usr/bin/nosetests-2.7
-- catkin 0.7.26
-- BUILD_SHARED_LIBS is on
-- Using these message generators: gencpp;geneus;genlisp;gennodejs;genpy
-- Using Qt5 based on the rviz_QT_VERSION: 5.9.5
-- Boost version: 1.65.1
-- Found the following Boost libraries:
--   date_time
--   filesystem
--   program_options
--   regex
--   thread
--   system
--   chrono
--   atomic
-- Found BZip2: /usr/lib/x86_64-linux-gnu/libbz2.so (found version "1.0.6") 
-- Looking for BZ2_bzCompressInit
-- Looking for BZ2_bzCompressInit - found
-- Checking to see if CXX compiler accepts flag -Wl,--version-script,"/home/autoware/Autoware/build/rosbag_controller/class_loader_hide_library_symbols__rosbag_controller.script"
-- Checking to see if CXX compiler accepts flag -Wl,--version-script,"/home/autoware/Autoware/build/rosbag_controller/class_loader_hide_library_symbols__rosbag_controller.script" - yes
-- Configuring done
-- Generating done
-- Build files have been written to: /home/autoware/Autoware/build/rosbag_controller
[ 16%] Generating ui_autoware_rosbag_plugin.h
[ 33%] Generating src/moc_autoware_rosbag_plugin.cpp
Scanning dependencies of target rosbag_controller
[ 50%] Building CXX object CMakeFiles/rosbag_controller.dir/src/moc_autoware_rosbag_plugin.cpp.o
[ 66%] Building CXX object CMakeFiles/rosbag_controller.dir/src/core/recorder.cpp.o
[ 83%] Building CXX object CMakeFiles/rosbag_controller.dir/src/autoware_rosbag_plugin.cpp.o
[100%] Linking CXX shared library devel/lib/librosbag_controller.so
[100%] Built target rosbag_controller
Scanning dependencies of target tests
Built target tests
[100%] Built target rosbag_controller
Install the project...
-- Install configuration: "Release"
-- Installing: /home/autoware/Autoware/install/rosbag_controller/lib/pkgconfig/rosbag_controller.pc
-- Installing: /home/autoware/Autoware/install/rosbag_controller/share/rosbag_controller/cmake/rosbag_controllerConfig.cmake
-- Installing: /home/autoware/Autoware/install/rosbag_controller/share/rosbag_controller/cmake/rosbag_controllerConfig-version.cmake
-- Installing: /home/autoware/Autoware/install/rosbag_controller/share/rosbag_controller/package.xml
-- Installing: /home/autoware/Autoware/install/rosbag_controller/lib/librosbag_controller.so
-- Set runtime path of "/home/autoware/Autoware/install/rosbag_controller/lib/librosbag_controller.so" to ""
-- Installing: /home/autoware/Autoware/install/rosbag_controller/share/rosbag_controller/plugin_description.xml
