[0.017s] Invoking command in '/home/autoware/Autoware/build/rosbag_controller': /usr/bin/cmake /home/autoware/Autoware/src/autoware/utilities/rosbag_controller -DCMAKE_BUILD_TYPE=Release -DCATKIN_INSTALL_INTO_PREFIX_ROOT=0 -DCMAKE_INSTALL_PREFIX=/home/autoware/Autoware/install/rosbag_controller
[0.090s] -- The C compiler identification is GNU 7.5.0
[0.159s] -- The CXX compiler identification is GNU 7.5.0
[0.165s] -- Check for working C compiler: /usr/bin/cc
[0.247s] -- Check for working C compiler: /usr/bin/cc -- works
[0.248s] -- Detecting C compiler ABI info
[0.339s] -- Detecting C compiler ABI info - done
[0.346s] -- Detecting C compile features
[0.608s] -- Detecting C compile features - done
[0.611s] -- Check for working CXX compiler: /usr/bin/c++
[0.707s] -- Check for working CXX compiler: /usr/bin/c++ -- works
[0.708s] -- Detecting CXX compiler ABI info
[0.811s] -- Detecting CXX compiler ABI info - done
[0.821s] -- Detecting CXX compile features
[1.267s] -- Detecting CXX compile features - done
[1.270s] -- Using CATKIN_DEVEL_PREFIX: /home/autoware/Autoware/build/rosbag_controller/devel
[1.271s] -- Using CMAKE_PREFIX_PATH: /opt/ros/melodic
[1.271s] -- This workspace overlays: /opt/ros/melodic
[1.293s] -- Found PythonInterp: /usr/bin/python2 (found suitable version "2.7.17", minimum required is "2") 
[1.293s] -- Using PYTHON_EXECUTABLE: /usr/bin/python2
[1.294s] -- Using Debian Python package layout
[1.294s] -- Using empy: /usr/bin/empy
[1.464s] -- Using CATKIN_ENABLE_TESTING: ON
[1.464s] -- Call enable_testing()
[1.467s] -- Using CATKIN_TEST_RESULTS_DIR: /home/autoware/Autoware/build/rosbag_controller/test_results
[1.495s] -- Found gtest sources under '/usr/src/googletest': gtests will be built
[1.496s] -- Found gmock sources under '/usr/src/googletest': gmock will be built
[1.519s] -- Found PythonInterp: /usr/bin/python2 (found version "2.7.17") 
[1.519s] -- Looking for pthread.h
[1.610s] -- Looking for pthread.h - found
[1.610s] -- Looking for pthread_create
[1.699s] -- Looking for pthread_create - not found
[1.703s] -- Looking for pthread_create in pthreads
[1.771s] -- Looking for pthread_create in pthreads - not found
[1.775s] -- Looking for pthread_create in pthread
[1.871s] -- Looking for pthread_create in pthread - found
[1.871s] -- Found Threads: TRUE  
[1.872s] -- Using Python nosetests: /usr/bin/nosetests-2.7
[1.921s] -- catkin 0.7.26
[1.921s] -- BUILD_SHARED_LIBS is on
[2.214s] -- Using these message generators: gencpp;geneus;genlisp;gennodejs;genpy
[2.471s] -- Using Qt5 based on the rviz_QT_VERSION: 5.9.5
[2.564s] -- Boost version: 1.65.1
[2.564s] -- Found the following Boost libraries:
[2.564s] --   date_time
[2.564s] --   filesystem
[2.565s] --   program_options
[2.565s] --   regex
[2.565s] --   thread
[2.566s] --   system
[2.566s] --   chrono
[2.566s] --   atomic
[2.573s] -- Found BZip2: /usr/lib/x86_64-linux-gnu/libbz2.so (found version "1.0.6") 
[2.574s] -- Looking for BZ2_bzCompressInit
[2.683s] -- Looking for BZ2_bzCompressInit - found
[2.850s] -- Checking to see if CXX compiler accepts flag -Wl,--version-script,"/home/autoware/Autoware/build/rosbag_controller/class_loader_hide_library_symbols__rosbag_controller.script"
[2.959s] -- Checking to see if CXX compiler accepts flag -Wl,--version-script,"/home/autoware/Autoware/build/rosbag_controller/class_loader_hide_library_symbols__rosbag_controller.script" - yes
[2.963s] -- Configuring done
[3.021s] -- Generating done
[3.033s] -- Build files have been written to: /home/autoware/Autoware/build/rosbag_controller
[3.044s] Invoked command in '/home/autoware/Autoware/build/rosbag_controller' returned '0': /usr/bin/cmake /home/autoware/Autoware/src/autoware/utilities/rosbag_controller -DCMAKE_BUILD_TYPE=Release -DCATKIN_INSTALL_INTO_PREFIX_ROOT=0 -DCMAKE_INSTALL_PREFIX=/home/autoware/Autoware/install/rosbag_controller
[3.045s] Invoking command in '/home/autoware/Autoware/build/rosbag_controller': /usr/bin/cmake --build /home/autoware/Autoware/build/rosbag_controller -- -j2 -l2
[3.113s] [ 16%] Generating ui_autoware_rosbag_plugin.h
[3.165s] [ 33%] Generating src/moc_autoware_rosbag_plugin.cpp
[4.173s] Scanning dependencies of target rosbag_controller
[4.201s] [ 50%] Building CXX object CMakeFiles/rosbag_controller.dir/src/moc_autoware_rosbag_plugin.cpp.o
[12.005s] [ 66%] Building CXX object CMakeFiles/rosbag_controller.dir/src/core/recorder.cpp.o
[23.483s] [ 83%] Building CXX object CMakeFiles/rosbag_controller.dir/src/autoware_rosbag_plugin.cpp.o
[33.966s] [100%] Linking CXX shared library devel/lib/librosbag_controller.so
[34.575s] [100%] Built target rosbag_controller
[34.592s] Invoked command in '/home/autoware/Autoware/build/rosbag_controller' returned '0': /usr/bin/cmake --build /home/autoware/Autoware/build/rosbag_controller -- -j2 -l2
[34.713s] Invoking command in '/home/autoware/Autoware/build/rosbag_controller': /usr/bin/cmake --build /home/autoware/Autoware/build/rosbag_controller --target tests -- -j2 -l2
[34.785s] Scanning dependencies of target tests
[34.797s] Built target tests
[34.812s] Invoked command in '/home/autoware/Autoware/build/rosbag_controller' returned '0': /usr/bin/cmake --build /home/autoware/Autoware/build/rosbag_controller --target tests -- -j2 -l2
[34.935s] Invoking command in '/home/autoware/Autoware/build/rosbag_controller': /usr/bin/cmake --build /home/autoware/Autoware/build/rosbag_controller --target install -- -j2 -l2
[35.023s] [100%] Built target rosbag_controller
[35.047s] Install the project...
[35.057s] -- Install configuration: "Release"
[35.057s] -- Installing: /home/autoware/Autoware/install/rosbag_controller/lib/pkgconfig/rosbag_controller.pc
[35.058s] -- Installing: /home/autoware/Autoware/install/rosbag_controller/share/rosbag_controller/cmake/rosbag_controllerConfig.cmake
[35.058s] -- Installing: /home/autoware/Autoware/install/rosbag_controller/share/rosbag_controller/cmake/rosbag_controllerConfig-version.cmake
[35.058s] -- Installing: /home/autoware/Autoware/install/rosbag_controller/share/rosbag_controller/package.xml
[35.059s] -- Installing: /home/autoware/Autoware/install/rosbag_controller/lib/librosbag_controller.so
[35.069s] -- Set runtime path of "/home/autoware/Autoware/install/rosbag_controller/lib/librosbag_controller.so" to ""
[35.069s] -- Installing: /home/autoware/Autoware/install/rosbag_controller/share/rosbag_controller/plugin_description.xml
[35.079s] Invoked command in '/home/autoware/Autoware/build/rosbag_controller' returned '0': /usr/bin/cmake --build /home/autoware/Autoware/build/rosbag_controller --target install -- -j2 -l2
