[0.059s] Invoking command in '/home/autoware/Autoware/build/op_global_planner': CMAKE_PREFIX_PATH=/home/autoware/Autoware/install/op_ros_helpers:/home/autoware/Autoware/install/op_simu:/home/autoware/Autoware/install/op_planner:/home/autoware/Autoware/install/op_utility:/home/autoware/Autoware/install/map_file:/home/autoware/Autoware/install/vector_map_server:/home/autoware/Autoware/install/libwaypoint_follower:/home/autoware/Autoware/install/lanelet2_extension:/home/autoware/Autoware/install/vector_map:/home/autoware/Autoware/install/amathutils_lib:/home/autoware/Autoware/install/vector_map_msgs:/home/autoware/Autoware/install/autoware_msgs:/home/autoware/Autoware/install/autoware_lanelet2_msgs:/home/autoware/Autoware/install/autoware_can_msgs:/home/autoware/Autoware/install/autoware_build_flags:${CMAKE_PREFIX_PATH} LD_LIBRARY_PATH=/home/autoware/Autoware/install/op_ros_helpers/lib:/home/autoware/Autoware/install/op_simu/lib:/home/autoware/Autoware/install/op_planner/lib:/home/autoware/Autoware/install/op_utility/lib:/home/autoware/Autoware/install/map_file/lib:/home/autoware/Autoware/install/libwaypoint_follower/lib:/home/autoware/Autoware/install/lanelet2_extension/lib:/home/autoware/Autoware/install/vector_map/lib:/home/autoware/Autoware/install/amathutils_lib/lib:${LD_LIBRARY_PATH} PKG_CONFIG_PATH=/home/autoware/Autoware/install/op_ros_helpers/lib/x86_64-linux-gnu/pkgconfig:/home/autoware/Autoware/install/op_ros_helpers/lib/pkgconfig:/home/autoware/Autoware/install/op_simu/lib/x86_64-linux-gnu/pkgconfig:/home/autoware/Autoware/install/op_simu/lib/pkgconfig:/home/autoware/Autoware/install/op_planner/lib/x86_64-linux-gnu/pkgconfig:/home/autoware/Autoware/install/op_planner/lib/pkgconfig:/home/autoware/Autoware/install/op_utility/lib/x86_64-linux-gnu/pkgconfig:/home/autoware/Autoware/install/op_utility/lib/pkgconfig:/home/autoware/Autoware/install/map_file/lib/x86_64-linux-gnu/pkgconfig:/home/autoware/Autoware/install/map_file/lib/pkgconfig:/home/autoware/Autoware/install/vector_map_server/lib/x86_64-linux-gnu/pkgconfig:/home/autoware/Autoware/install/vector_map_server/lib/pkgconfig:/home/autoware/Autoware/install/libwaypoint_follower/lib/x86_64-linux-gnu/pkgconfig:/home/autoware/Autoware/install/libwaypoint_follower/lib/pkgconfig:/home/autoware/Autoware/install/lanelet2_extension/lib/x86_64-linux-gnu/pkgconfig:/home/autoware/Autoware/install/lanelet2_extension/lib/pkgconfig:/home/autoware/Autoware/install/vector_map/lib/x86_64-linux-gnu/pkgconfig:/home/autoware/Autoware/install/vector_map/lib/pkgconfig:/home/autoware/Autoware/install/amathutils_lib/lib/x86_64-linux-gnu/pkgconfig:/home/autoware/Autoware/install/amathutils_lib/lib/pkgconfig:/home/autoware/Autoware/install/vector_map_msgs/lib/x86_64-linux-gnu/pkgconfig:/home/autoware/Autoware/install/vector_map_msgs/lib/pkgconfig:/home/autoware/Autoware/install/autoware_msgs/lib/x86_64-linux-gnu/pkgconfig:/home/autoware/Autoware/install/autoware_msgs/lib/pkgconfig:/home/autoware/Autoware/install/autoware_lanelet2_msgs/lib/x86_64-linux-gnu/pkgconfig:/home/autoware/Autoware/install/autoware_lanelet2_msgs/lib/pkgconfig:/home/autoware/Autoware/install/autoware_can_msgs/lib/x86_64-linux-gnu/pkgconfig:/home/autoware/Autoware/install/autoware_can_msgs/lib/pkgconfig:/home/autoware/Autoware/install/autoware_build_flags/lib/x86_64-linux-gnu/pkgconfig:/home/autoware/Autoware/install/autoware_build_flags/lib/pkgconfig:${PKG_CONFIG_PATH} PYTHONPATH=/home/autoware/Autoware/install/vector_map_server/lib/python2.7/dist-packages:/home/autoware/Autoware/install/vector_map_msgs/lib/python2.7/dist-packages:/home/autoware/Autoware/install/autoware_msgs/lib/python2.7/dist-packages:/home/autoware/Autoware/install/autoware_lanelet2_msgs/lib/python2.7/dist-packages:/home/autoware/Autoware/install/autoware_can_msgs/lib/python2.7/dist-packages:${PYTHONPATH} ROS_PACKAGE_PATH=/home/autoware/Autoware/install/op_ros_helpers/share:/home/autoware/Autoware/install/op_simu/share:/home/autoware/Autoware/install/op_planner/share:/home/autoware/Autoware/install/op_utility/share:/home/autoware/Autoware/install/map_file/share:/home/autoware/Autoware/install/vector_map_server/share:/home/autoware/Autoware/install/libwaypoint_follower/share:/home/autoware/Autoware/install/lanelet2_extension/share:/home/autoware/Autoware/install/vector_map/share:/home/autoware/Autoware/install/amathutils_lib/share:/home/autoware/Autoware/install/vector_map_msgs/share:/home/autoware/Autoware/install/autoware_msgs/share:/home/autoware/Autoware/install/autoware_lanelet2_msgs/share:/home/autoware/Autoware/install/autoware_can_msgs/share:/home/autoware/Autoware/install/autoware_build_flags/share:${ROS_PACKAGE_PATH} /usr/bin/cmake /home/autoware/Autoware/src/autoware/core_planning/op_global_planner -DCMAKE_BUILD_TYPE=Release -DCATKIN_INSTALL_INTO_PREFIX_ROOT=0 -DCMAKE_INSTALL_PREFIX=/home/autoware/Autoware/install/op_global_planner
[0.154s] -- The C compiler identification is GNU 7.5.0
[0.239s] -- The CXX compiler identification is GNU 7.5.0
[0.246s] -- Check for working C compiler: /usr/bin/cc
[0.356s] -- Check for working C compiler: /usr/bin/cc -- works
[0.356s] -- Detecting C compiler ABI info
[0.456s] -- Detecting C compiler ABI info - done
[0.465s] -- Detecting C compile features
[0.775s] -- Detecting C compile features - done
[0.779s] -- Check for working CXX compiler: /usr/bin/c++
[0.900s] -- Check for working CXX compiler: /usr/bin/c++ -- works
[0.900s] -- Detecting CXX compiler ABI info
[1.016s] -- Detecting CXX compiler ABI info - done
[1.023s] -- Detecting CXX compile features
[1.546s] -- Detecting CXX compile features - done
[1.552s] -- CUDA compilation status: ON.
[1.557s] -- Using CATKIN_DEVEL_PREFIX: /home/autoware/Autoware/build/op_global_planner/devel
[1.557s] -- Using CMAKE_PREFIX_PATH: /home/autoware/Autoware/install/op_ros_helpers;/home/autoware/Autoware/install/op_simu;/home/autoware/Autoware/install/op_planner;/home/autoware/Autoware/install/op_utility;/home/autoware/Autoware/install/map_file;/home/autoware/Autoware/install/vector_map_server;/home/autoware/Autoware/install/libwaypoint_follower;/home/autoware/Autoware/install/lanelet2_extension;/home/autoware/Autoware/install/vector_map;/home/autoware/Autoware/install/amathutils_lib;/home/autoware/Autoware/install/vector_map_msgs;/home/autoware/Autoware/install/autoware_msgs;/home/autoware/Autoware/install/autoware_lanelet2_msgs;/home/autoware/Autoware/install/autoware_can_msgs;/home/autoware/Autoware/install/autoware_build_flags;/opt/ros/melodic
[1.558s] -- This workspace overlays: /home/autoware/Autoware/install/op_ros_helpers;/home/autoware/Autoware/install/op_simu;/home/autoware/Autoware/install/op_planner;/home/autoware/Autoware/install/op_utility;/home/autoware/Autoware/install/map_file;/home/autoware/Autoware/install/vector_map_server;/home/autoware/Autoware/install/libwaypoint_follower;/home/autoware/Autoware/install/lanelet2_extension;/home/autoware/Autoware/install/vector_map;/home/autoware/Autoware/install/amathutils_lib;/home/autoware/Autoware/install/vector_map_msgs;/home/autoware/Autoware/install/autoware_msgs;/home/autoware/Autoware/install/autoware_lanelet2_msgs;/home/autoware/Autoware/install/autoware_can_msgs;/home/autoware/Autoware/install/autoware_build_flags;/opt/ros/melodic
[1.584s] -- Found PythonInterp: /usr/bin/python2 (found suitable version "2.7.17", minimum required is "2") 
[1.584s] -- Using PYTHON_EXECUTABLE: /usr/bin/python2
[1.584s] -- Using Debian Python package layout
[1.584s] -- Using empy: /usr/bin/empy
[1.762s] -- Using CATKIN_ENABLE_TESTING: ON
[1.762s] -- Call enable_testing()
[1.772s] -- Using CATKIN_TEST_RESULTS_DIR: /home/autoware/Autoware/build/op_global_planner/test_results
[1.799s] -- Found gtest sources under '/usr/src/googletest': gtests will be built
[1.800s] -- Found gmock sources under '/usr/src/googletest': gmock will be built
[1.828s] -- Found PythonInterp: /usr/bin/python2 (found version "2.7.17") 
[1.828s] -- Looking for pthread.h
[1.936s] -- Looking for pthread.h - found
[1.936s] -- Looking for pthread_create
[2.039s] -- Looking for pthread_create - not found
[2.039s] -- Looking for pthread_create in pthreads
[2.131s] -- Looking for pthread_create in pthreads - not found
[2.131s] -- Looking for pthread_create in pthread
[2.232s] -- Looking for pthread_create in pthread - found
[2.233s] -- Found Threads: TRUE  
[2.239s] -- Using Python nosetests: /usr/bin/nosetests-2.7
[2.298s] -- catkin 0.7.26
[2.298s] -- BUILD_SHARED_LIBS is on
[2.569s] -- Using these message generators: gencpp;geneus;genlisp;gennodejs;genpy
[4.158s] -- Configuring done
[4.258s] -- Generating done
[4.276s] -- Build files have been written to: /home/autoware/Autoware/build/op_global_planner
[4.286s] Invoked command in '/home/autoware/Autoware/build/op_global_planner' returned '0': CMAKE_PREFIX_PATH=/home/autoware/Autoware/install/op_ros_helpers:/home/autoware/Autoware/install/op_simu:/home/autoware/Autoware/install/op_planner:/home/autoware/Autoware/install/op_utility:/home/autoware/Autoware/install/map_file:/home/autoware/Autoware/install/vector_map_server:/home/autoware/Autoware/install/libwaypoint_follower:/home/autoware/Autoware/install/lanelet2_extension:/home/autoware/Autoware/install/vector_map:/home/autoware/Autoware/install/amathutils_lib:/home/autoware/Autoware/install/vector_map_msgs:/home/autoware/Autoware/install/autoware_msgs:/home/autoware/Autoware/install/autoware_lanelet2_msgs:/home/autoware/Autoware/install/autoware_can_msgs:/home/autoware/Autoware/install/autoware_build_flags:${CMAKE_PREFIX_PATH} LD_LIBRARY_PATH=/home/autoware/Autoware/install/op_ros_helpers/lib:/home/autoware/Autoware/install/op_simu/lib:/home/autoware/Autoware/install/op_planner/lib:/home/autoware/Autoware/install/op_utility/lib:/home/autoware/Autoware/install/map_file/lib:/home/autoware/Autoware/install/libwaypoint_follower/lib:/home/autoware/Autoware/install/lanelet2_extension/lib:/home/autoware/Autoware/install/vector_map/lib:/home/autoware/Autoware/install/amathutils_lib/lib:${LD_LIBRARY_PATH} PKG_CONFIG_PATH=/home/autoware/Autoware/install/op_ros_helpers/lib/x86_64-linux-gnu/pkgconfig:/home/autoware/Autoware/install/op_ros_helpers/lib/pkgconfig:/home/autoware/Autoware/install/op_simu/lib/x86_64-linux-gnu/pkgconfig:/home/autoware/Autoware/install/op_simu/lib/pkgconfig:/home/autoware/Autoware/install/op_planner/lib/x86_64-linux-gnu/pkgconfig:/home/autoware/Autoware/install/op_planner/lib/pkgconfig:/home/autoware/Autoware/install/op_utility/lib/x86_64-linux-gnu/pkgconfig:/home/autoware/Autoware/install/op_utility/lib/pkgconfig:/home/autoware/Autoware/install/map_file/lib/x86_64-linux-gnu/pkgconfig:/home/autoware/Autoware/install/map_file/lib/pkgconfig:/home/autoware/Autoware/install/vector_map_server/lib/x86_64-linux-gnu/pkgconfig:/home/autoware/Autoware/install/vector_map_server/lib/pkgconfig:/home/autoware/Autoware/install/libwaypoint_follower/lib/x86_64-linux-gnu/pkgconfig:/home/autoware/Autoware/install/libwaypoint_follower/lib/pkgconfig:/home/autoware/Autoware/install/lanelet2_extension/lib/x86_64-linux-gnu/pkgconfig:/home/autoware/Autoware/install/lanelet2_extension/lib/pkgconfig:/home/autoware/Autoware/install/vector_map/lib/x86_64-linux-gnu/pkgconfig:/home/autoware/Autoware/install/vector_map/lib/pkgconfig:/home/autoware/Autoware/install/amathutils_lib/lib/x86_64-linux-gnu/pkgconfig:/home/autoware/Autoware/install/amathutils_lib/lib/pkgconfig:/home/autoware/Autoware/install/vector_map_msgs/lib/x86_64-linux-gnu/pkgconfig:/home/autoware/Autoware/install/vector_map_msgs/lib/pkgconfig:/home/autoware/Autoware/install/autoware_msgs/lib/x86_64-linux-gnu/pkgconfig:/home/autoware/Autoware/install/autoware_msgs/lib/pkgconfig:/home/autoware/Autoware/install/autoware_lanelet2_msgs/lib/x86_64-linux-gnu/pkgconfig:/home/autoware/Autoware/install/autoware_lanelet2_msgs/lib/pkgconfig:/home/autoware/Autoware/install/autoware_can_msgs/lib/x86_64-linux-gnu/pkgconfig:/home/autoware/Autoware/install/autoware_can_msgs/lib/pkgconfig:/home/autoware/Autoware/install/autoware_build_flags/lib/x86_64-linux-gnu/pkgconfig:/home/autoware/Autoware/install/autoware_build_flags/lib/pkgconfig:${PKG_CONFIG_PATH} PYTHONPATH=/home/autoware/Autoware/install/vector_map_server/lib/python2.7/dist-packages:/home/autoware/Autoware/install/vector_map_msgs/lib/python2.7/dist-packages:/home/autoware/Autoware/install/autoware_msgs/lib/python2.7/dist-packages:/home/autoware/Autoware/install/autoware_lanelet2_msgs/lib/python2.7/dist-packages:/home/autoware/Autoware/install/autoware_can_msgs/lib/python2.7/dist-packages:${PYTHONPATH} ROS_PACKAGE_PATH=/home/autoware/Autoware/install/op_ros_helpers/share:/home/autoware/Autoware/install/op_simu/share:/home/autoware/Autoware/install/op_planner/share:/home/autoware/Autoware/install/op_utility/share:/home/autoware/Autoware/install/map_file/share:/home/autoware/Autoware/install/vector_map_server/share:/home/autoware/Autoware/install/libwaypoint_follower/share:/home/autoware/Autoware/install/lanelet2_extension/share:/home/autoware/Autoware/install/vector_map/share:/home/autoware/Autoware/install/amathutils_lib/share:/home/autoware/Autoware/install/vector_map_msgs/share:/home/autoware/Autoware/install/autoware_msgs/share:/home/autoware/Autoware/install/autoware_lanelet2_msgs/share:/home/autoware/Autoware/install/autoware_can_msgs/share:/home/autoware/Autoware/install/autoware_build_flags/share:${ROS_PACKAGE_PATH} /usr/bin/cmake /home/autoware/Autoware/src/autoware/core_planning/op_global_planner -DCMAKE_BUILD_TYPE=Release -DCATKIN_INSTALL_INTO_PREFIX_ROOT=0 -DCMAKE_INSTALL_PREFIX=/home/autoware/Autoware/install/op_global_planner
[4.287s] Invoking command in '/home/autoware/Autoware/build/op_global_planner': CMAKE_PREFIX_PATH=/home/autoware/Autoware/install/op_ros_helpers:/home/autoware/Autoware/install/op_simu:/home/autoware/Autoware/install/op_planner:/home/autoware/Autoware/install/op_utility:/home/autoware/Autoware/install/map_file:/home/autoware/Autoware/install/vector_map_server:/home/autoware/Autoware/install/libwaypoint_follower:/home/autoware/Autoware/install/lanelet2_extension:/home/autoware/Autoware/install/vector_map:/home/autoware/Autoware/install/amathutils_lib:/home/autoware/Autoware/install/vector_map_msgs:/home/autoware/Autoware/install/autoware_msgs:/home/autoware/Autoware/install/autoware_lanelet2_msgs:/home/autoware/Autoware/install/autoware_can_msgs:/home/autoware/Autoware/install/autoware_build_flags:${CMAKE_PREFIX_PATH} LD_LIBRARY_PATH=/home/autoware/Autoware/install/op_ros_helpers/lib:/home/autoware/Autoware/install/op_simu/lib:/home/autoware/Autoware/install/op_planner/lib:/home/autoware/Autoware/install/op_utility/lib:/home/autoware/Autoware/install/map_file/lib:/home/autoware/Autoware/install/libwaypoint_follower/lib:/home/autoware/Autoware/install/lanelet2_extension/lib:/home/autoware/Autoware/install/vector_map/lib:/home/autoware/Autoware/install/amathutils_lib/lib:${LD_LIBRARY_PATH} PKG_CONFIG_PATH=/home/autoware/Autoware/install/op_ros_helpers/lib/x86_64-linux-gnu/pkgconfig:/home/autoware/Autoware/install/op_ros_helpers/lib/pkgconfig:/home/autoware/Autoware/install/op_simu/lib/x86_64-linux-gnu/pkgconfig:/home/autoware/Autoware/install/op_simu/lib/pkgconfig:/home/autoware/Autoware/install/op_planner/lib/x86_64-linux-gnu/pkgconfig:/home/autoware/Autoware/install/op_planner/lib/pkgconfig:/home/autoware/Autoware/install/op_utility/lib/x86_64-linux-gnu/pkgconfig:/home/autoware/Autoware/install/op_utility/lib/pkgconfig:/home/autoware/Autoware/install/map_file/lib/x86_64-linux-gnu/pkgconfig:/home/autoware/Autoware/install/map_file/lib/pkgconfig:/home/autoware/Autoware/install/vector_map_server/lib/x86_64-linux-gnu/pkgconfig:/home/autoware/Autoware/install/vector_map_server/lib/pkgconfig:/home/autoware/Autoware/install/libwaypoint_follower/lib/x86_64-linux-gnu/pkgconfig:/home/autoware/Autoware/install/libwaypoint_follower/lib/pkgconfig:/home/autoware/Autoware/install/lanelet2_extension/lib/x86_64-linux-gnu/pkgconfig:/home/autoware/Autoware/install/lanelet2_extension/lib/pkgconfig:/home/autoware/Autoware/install/vector_map/lib/x86_64-linux-gnu/pkgconfig:/home/autoware/Autoware/install/vector_map/lib/pkgconfig:/home/autoware/Autoware/install/amathutils_lib/lib/x86_64-linux-gnu/pkgconfig:/home/autoware/Autoware/install/amathutils_lib/lib/pkgconfig:/home/autoware/Autoware/install/vector_map_msgs/lib/x86_64-linux-gnu/pkgconfig:/home/autoware/Autoware/install/vector_map_msgs/lib/pkgconfig:/home/autoware/Autoware/install/autoware_msgs/lib/x86_64-linux-gnu/pkgconfig:/home/autoware/Autoware/install/autoware_msgs/lib/pkgconfig:/home/autoware/Autoware/install/autoware_lanelet2_msgs/lib/x86_64-linux-gnu/pkgconfig:/home/autoware/Autoware/install/autoware_lanelet2_msgs/lib/pkgconfig:/home/autoware/Autoware/install/autoware_can_msgs/lib/x86_64-linux-gnu/pkgconfig:/home/autoware/Autoware/install/autoware_can_msgs/lib/pkgconfig:/home/autoware/Autoware/install/autoware_build_flags/lib/x86_64-linux-gnu/pkgconfig:/home/autoware/Autoware/install/autoware_build_flags/lib/pkgconfig:${PKG_CONFIG_PATH} PYTHONPATH=/home/autoware/Autoware/install/vector_map_server/lib/python2.7/dist-packages:/home/autoware/Autoware/install/vector_map_msgs/lib/python2.7/dist-packages:/home/autoware/Autoware/install/autoware_msgs/lib/python2.7/dist-packages:/home/autoware/Autoware/install/autoware_lanelet2_msgs/lib/python2.7/dist-packages:/home/autoware/Autoware/install/autoware_can_msgs/lib/python2.7/dist-packages:${PYTHONPATH} ROS_PACKAGE_PATH=/home/autoware/Autoware/install/op_ros_helpers/share:/home/autoware/Autoware/install/op_simu/share:/home/autoware/Autoware/install/op_planner/share:/home/autoware/Autoware/install/op_utility/share:/home/autoware/Autoware/install/map_file/share:/home/autoware/Autoware/install/vector_map_server/share:/home/autoware/Autoware/install/libwaypoint_follower/share:/home/autoware/Autoware/install/lanelet2_extension/share:/home/autoware/Autoware/install/vector_map/share:/home/autoware/Autoware/install/amathutils_lib/share:/home/autoware/Autoware/install/vector_map_msgs/share:/home/autoware/Autoware/install/autoware_msgs/share:/home/autoware/Autoware/install/autoware_lanelet2_msgs/share:/home/autoware/Autoware/install/autoware_can_msgs/share:/home/autoware/Autoware/install/autoware_build_flags/share:${ROS_PACKAGE_PATH} /usr/bin/cmake --build /home/autoware/Autoware/build/op_global_planner -- -j2 -l2
[4.362s] Scanning dependencies of target vector_map_msgs_generate_messages_eus
[4.378s] [  0%] Built target vector_map_msgs_generate_messages_eus
[4.396s] Scanning dependencies of target topic_tools_generate_messages_nodejs
[4.412s] [  0%] Built target topic_tools_generate_messages_nodejs
[4.429s] Scanning dependencies of target topic_tools_generate_messages_eus
[4.445s] [  0%] Built target topic_tools_generate_messages_eus
[4.463s] Scanning dependencies of target topic_tools_generate_messages_cpp
[4.479s] [  0%] Built target topic_tools_generate_messages_cpp
[4.495s] Scanning dependencies of target std_srvs_generate_messages_py
[4.511s] [  0%] Built target std_srvs_generate_messages_py
[4.528s] Scanning dependencies of target std_srvs_generate_messages_nodejs
[4.545s] [  0%] Built target std_srvs_generate_messages_nodejs
[4.562s] Scanning dependencies of target std_srvs_generate_messages_lisp
[4.580s] [  0%] Built target std_srvs_generate_messages_lisp
[4.598s] Scanning dependencies of target bond_generate_messages_nodejs
[4.619s] [  0%] Built target bond_generate_messages_nodejs
[4.638s] Scanning dependencies of target bond_generate_messages_lisp
[4.657s] [  0%] Built target bond_generate_messages_lisp
[4.675s] Scanning dependencies of target bond_generate_messages_eus
[4.693s] [  0%] Built target bond_generate_messages_eus
[4.712s] Scanning dependencies of target bond_generate_messages_cpp
[4.729s] [  0%] Built target bond_generate_messages_cpp
[4.747s] Scanning dependencies of target nodelet_generate_messages_nodejs
[4.767s] [  0%] Built target nodelet_generate_messages_nodejs
[4.784s] Scanning dependencies of target nodelet_generate_messages_eus
[4.802s] [  0%] Built target nodelet_generate_messages_eus
[4.819s] Scanning dependencies of target nodelet_generate_messages_cpp
[4.836s] [  0%] Built target nodelet_generate_messages_cpp
[4.853s] Scanning dependencies of target dynamic_reconfigure_generate_messages_lisp
[4.869s] [  0%] Built target dynamic_reconfigure_generate_messages_lisp
[4.886s] Scanning dependencies of target dynamic_reconfigure_generate_messages_eus
[4.902s] [  0%] Built target dynamic_reconfigure_generate_messages_eus
[4.919s] Scanning dependencies of target pcl_ros_gencfg
[4.935s] [  0%] Built target pcl_ros_gencfg
[4.952s] Scanning dependencies of target visualization_msgs_generate_messages_py
[4.969s] [  0%] Built target visualization_msgs_generate_messages_py
[4.986s] Scanning dependencies of target visualization_msgs_generate_messages_nodejs
[5.002s] [  0%] Built target visualization_msgs_generate_messages_nodejs
[5.019s] Scanning dependencies of target vector_map_server_generate_messages_nodejs
[5.035s] [  0%] Built target vector_map_server_generate_messages_nodejs
[5.053s] Scanning dependencies of target visualization_msgs_generate_messages_eus
[5.074s] [  0%] Built target visualization_msgs_generate_messages_eus
[5.092s] Scanning dependencies of target vector_map_server_generate_messages_cpp
[5.108s] [  0%] Built target vector_map_server_generate_messages_cpp
[5.125s] Scanning dependencies of target vector_map_msgs_generate_messages_py
[5.142s] [  0%] Built target vector_map_msgs_generate_messages_py
[5.158s] Scanning dependencies of target bond_generate_messages_py
[5.175s] [  0%] Built target bond_generate_messages_py
[5.192s] Scanning dependencies of target vector_map_msgs_generate_messages_nodejs
[5.208s] [  0%] Built target vector_map_msgs_generate_messages_nodejs
[5.225s] Scanning dependencies of target geometry_msgs_generate_messages_py
[5.241s] [  0%] Built target geometry_msgs_generate_messages_py
[5.259s] Scanning dependencies of target sensor_msgs_generate_messages_nodejs
[5.276s] [  0%] Built target sensor_msgs_generate_messages_nodejs
[5.293s] Scanning dependencies of target vector_map_server_generate_messages_eus
[5.309s] [  0%] Built target vector_map_server_generate_messages_eus
[5.326s] Scanning dependencies of target roscpp_generate_messages_cpp
[5.343s] [  0%] Built target roscpp_generate_messages_cpp
[5.360s] Scanning dependencies of target actionlib_generate_messages_cpp
[5.377s] [  0%] Built target actionlib_generate_messages_cpp
[5.394s] Scanning dependencies of target pcl_msgs_generate_messages_eus
[5.410s] [  0%] Built target pcl_msgs_generate_messages_eus
[5.427s] Scanning dependencies of target rosgraph_msgs_generate_messages_eus
[5.443s] [  0%] Built target rosgraph_msgs_generate_messages_eus
[5.461s] Scanning dependencies of target jsk_recognition_msgs_generate_messages_lisp
[5.478s] [  0%] Built target jsk_recognition_msgs_generate_messages_lisp
[5.495s] Scanning dependencies of target jsk_recognition_msgs_generate_messages_eus
[5.513s] [  0%] Built target jsk_recognition_msgs_generate_messages_eus
[5.530s] Scanning dependencies of target tf2_msgs_generate_messages_cpp
[5.546s] [  0%] Built target tf2_msgs_generate_messages_cpp
[5.563s] Scanning dependencies of target pcl_msgs_generate_messages_cpp
[5.580s] [  0%] Built target pcl_msgs_generate_messages_cpp
[5.598s] Scanning dependencies of target sensor_msgs_generate_messages_lisp
[5.615s] [  0%] Built target sensor_msgs_generate_messages_lisp
[5.635s] Scanning dependencies of target std_srvs_generate_messages_cpp
[5.651s] [  0%] Built target std_srvs_generate_messages_cpp
[5.668s] Scanning dependencies of target topic_tools_generate_messages_lisp
[5.685s] [  0%] Built target topic_tools_generate_messages_lisp
[5.701s] Scanning dependencies of target jsk_recognition_msgs_generate_messages_cpp
[5.727s] [  0%] Built target jsk_recognition_msgs_generate_messages_cpp
[5.750s] Scanning dependencies of target geometry_msgs_generate_messages_lisp
[5.767s] [  0%] Built target geometry_msgs_generate_messages_lisp
[5.784s] Scanning dependencies of target geometry_msgs_generate_messages_eus
[5.801s] [  0%] Built target geometry_msgs_generate_messages_eus
[5.818s] Scanning dependencies of target autoware_can_msgs_generate_messages_cpp
[5.835s] [  0%] Built target autoware_can_msgs_generate_messages_cpp
[5.852s] Scanning dependencies of target dynamic_reconfigure_generate_messages_py
[5.870s] [  0%] Built target dynamic_reconfigure_generate_messages_py
[5.887s] Scanning dependencies of target autoware_can_msgs_generate_messages_lisp
[5.904s] [  0%] Built target autoware_can_msgs_generate_messages_lisp
[5.923s] Scanning dependencies of target autoware_can_msgs_generate_messages_nodejs
[5.940s] [  0%] Built target autoware_can_msgs_generate_messages_nodejs
[5.958s] Scanning dependencies of target pcl_msgs_generate_messages_nodejs
[5.975s] [  0%] Built target pcl_msgs_generate_messages_nodejs
[5.993s] Scanning dependencies of target jsk_recognition_msgs_generate_messages_py
[6.013s] [  0%] Built target jsk_recognition_msgs_generate_messages_py
[6.034s] Scanning dependencies of target nodelet_generate_messages_py
[6.052s] [  0%] Built target nodelet_generate_messages_py
[6.070s] Scanning dependencies of target sensor_msgs_generate_messages_py
[6.087s] [  0%] Built target sensor_msgs_generate_messages_py
[6.106s] Scanning dependencies of target dynamic_reconfigure_generate_messages_cpp
[6.124s] [  0%] Built target dynamic_reconfigure_generate_messages_cpp
[6.141s] Scanning dependencies of target tf_generate_messages_py
[6.159s] [  0%] Built target tf_generate_messages_py
[6.177s] Scanning dependencies of target topic_tools_generate_messages_py
[6.194s] [  0%] Built target topic_tools_generate_messages_py
[6.211s] Scanning dependencies of target nodelet_topic_tools_gencfg
[6.228s] [  0%] Built target nodelet_topic_tools_gencfg
[6.246s] Scanning dependencies of target actionlib_msgs_generate_messages_nodejs
[6.263s] [  0%] Built target actionlib_msgs_generate_messages_nodejs
[6.281s] Scanning dependencies of target std_msgs_generate_messages_cpp
[6.298s] [  0%] Built target std_msgs_generate_messages_cpp
[6.315s] Scanning dependencies of target jsk_footstep_msgs_generate_messages_py
[6.332s] [  0%] Built target jsk_footstep_msgs_generate_messages_py
[6.349s] Scanning dependencies of target visualization_msgs_generate_messages_lisp
[6.365s] [  0%] Built target visualization_msgs_generate_messages_lisp
[6.383s] Scanning dependencies of target std_msgs_generate_messages_eus
[6.399s] [  0%] Built target std_msgs_generate_messages_eus
[6.417s] Scanning dependencies of target geometry_msgs_generate_messages_nodejs
[6.434s] [  0%] Built target geometry_msgs_generate_messages_nodejs
[6.451s] Scanning dependencies of target dynamic_reconfigure_generate_messages_nodejs
[6.469s] [  0%] Built target dynamic_reconfigure_generate_messages_nodejs
[6.487s] Scanning dependencies of target autoware_can_msgs_generate_messages_py
[6.504s] [  0%] Built target autoware_can_msgs_generate_messages_py
[6.522s] Scanning dependencies of target sensor_msgs_generate_messages_eus
[6.539s] [  0%] Built target sensor_msgs_generate_messages_eus
[6.561s] Scanning dependencies of target sensor_msgs_generate_messages_cpp
[6.583s] [  0%] Built target sensor_msgs_generate_messages_cpp
[6.601s] Scanning dependencies of target roscpp_generate_messages_nodejs
[6.619s] [  0%] Built target roscpp_generate_messages_nodejs
[6.637s] Scanning dependencies of target std_msgs_generate_messages_lisp
[6.655s] [  0%] Built target std_msgs_generate_messages_lisp
[6.672s] Scanning dependencies of target std_msgs_generate_messages_nodejs
[6.689s] [  0%] Built target std_msgs_generate_messages_nodejs
[6.706s] Scanning dependencies of target std_msgs_generate_messages_py
[6.724s] [  0%] Built target std_msgs_generate_messages_py
[6.742s] Scanning dependencies of target nodelet_generate_messages_lisp
[6.759s] [  0%] Built target nodelet_generate_messages_lisp
[6.778s] Scanning dependencies of target autoware_msgs_generate_messages_py
[6.796s] [  0%] Built target autoware_msgs_generate_messages_py
[6.814s] Scanning dependencies of target jsk_footstep_msgs_generate_messages_eus
[6.831s] [  0%] Built target jsk_footstep_msgs_generate_messages_eus
[6.849s] Scanning dependencies of target actionlib_msgs_generate_messages_py
[6.868s] [  0%] Built target actionlib_msgs_generate_messages_py
[6.886s] Scanning dependencies of target vector_map_server_generate_messages_lisp
[6.904s] [  0%] Built target vector_map_server_generate_messages_lisp
[6.922s] Scanning dependencies of target jsk_footstep_msgs_generate_messages_lisp
[6.940s] [  0%] Built target jsk_footstep_msgs_generate_messages_lisp
[6.958s] Scanning dependencies of target jsk_footstep_msgs_generate_messages_nodejs
[6.975s] [  0%] Built target jsk_footstep_msgs_generate_messages_nodejs
[6.992s] Scanning dependencies of target vector_map_msgs_generate_messages_lisp
[7.009s] [  0%] Built target vector_map_msgs_generate_messages_lisp
[7.028s] Scanning dependencies of target autoware_msgs_generate_messages_lisp
[7.044s] [  0%] Built target autoware_msgs_generate_messages_lisp
[7.060s] Scanning dependencies of target actionlib_msgs_generate_messages_lisp
[7.077s] [  0%] Built target actionlib_msgs_generate_messages_lisp
[7.094s] Scanning dependencies of target autoware_msgs_generate_messages_cpp
[7.111s] [  0%] Built target autoware_msgs_generate_messages_cpp
[7.129s] Scanning dependencies of target rosgraph_msgs_generate_messages_cpp
[7.146s] [  0%] Built target rosgraph_msgs_generate_messages_cpp
[7.163s] Scanning dependencies of target autoware_msgs_generate_messages_eus
[7.180s] [  0%] Built target autoware_msgs_generate_messages_eus
[7.198s] Scanning dependencies of target autoware_msgs_generate_messages_nodejs
[7.215s] [  0%] Built target autoware_msgs_generate_messages_nodejs
[7.233s] Scanning dependencies of target actionlib_generate_messages_nodejs
[7.250s] [  0%] Built target actionlib_generate_messages_nodejs
[7.268s] Scanning dependencies of target pcl_msgs_generate_messages_lisp
[7.284s] [  0%] Built target pcl_msgs_generate_messages_lisp
[7.302s] Scanning dependencies of target tf_generate_messages_cpp
[7.319s] [  0%] Built target tf_generate_messages_cpp
[7.336s] Scanning dependencies of target jsk_footstep_msgs_generate_messages_cpp
[7.353s] [  0%] Built target jsk_footstep_msgs_generate_messages_cpp
[7.370s] Scanning dependencies of target actionlib_msgs_generate_messages_cpp
[7.387s] [  0%] Built target actionlib_msgs_generate_messages_cpp
[7.404s] Scanning dependencies of target tf_generate_messages_eus
[7.421s] [  0%] Built target tf_generate_messages_eus
[7.439s] Scanning dependencies of target tf_generate_messages_lisp
[7.456s] [  0%] Built target tf_generate_messages_lisp
[7.474s] Scanning dependencies of target tf_generate_messages_nodejs
[7.490s] [  0%] Built target tf_generate_messages_nodejs
[7.507s] Scanning dependencies of target std_srvs_generate_messages_eus
[7.523s] [  0%] Built target std_srvs_generate_messages_eus
[7.540s] Scanning dependencies of target jsk_recognition_msgs_generate_messages_nodejs
[7.556s] [  0%] Built target jsk_recognition_msgs_generate_messages_nodejs
[7.574s] Scanning dependencies of target roscpp_generate_messages_lisp
[7.590s] [  0%] Built target roscpp_generate_messages_lisp
[7.607s] Scanning dependencies of target roscpp_generate_messages_py
[7.624s] [  0%] Built target roscpp_generate_messages_py
[7.643s] Scanning dependencies of target rosgraph_msgs_generate_messages_lisp
[7.661s] [  0%] Built target rosgraph_msgs_generate_messages_lisp
[7.679s] Scanning dependencies of target rosgraph_msgs_generate_messages_nodejs
[7.696s] [  0%] Built target rosgraph_msgs_generate_messages_nodejs
[7.714s] Scanning dependencies of target vector_map_server_generate_messages_py
[7.730s] [  0%] Built target vector_map_server_generate_messages_py
[7.748s] Scanning dependencies of target roscpp_generate_messages_eus
[7.765s] [  0%] Built target roscpp_generate_messages_eus
[7.782s] Scanning dependencies of target autoware_can_msgs_generate_messages_eus
[7.799s] [  0%] Built target autoware_can_msgs_generate_messages_eus
[7.816s] Scanning dependencies of target actionlib_msgs_generate_messages_eus
[7.833s] [  0%] Built target actionlib_msgs_generate_messages_eus
[7.850s] Scanning dependencies of target rosgraph_msgs_generate_messages_py
[7.867s] [  0%] Built target rosgraph_msgs_generate_messages_py
[7.884s] Scanning dependencies of target pcl_msgs_generate_messages_py
[7.901s] [  0%] Built target pcl_msgs_generate_messages_py
[7.918s] Scanning dependencies of target actionlib_generate_messages_eus
[7.935s] [  0%] Built target actionlib_generate_messages_eus
[7.954s] Scanning dependencies of target geometry_msgs_generate_messages_cpp
[7.971s] [  0%] Built target geometry_msgs_generate_messages_cpp
[7.989s] Scanning dependencies of target actionlib_generate_messages_lisp
[8.006s] [  0%] Built target actionlib_generate_messages_lisp
[8.023s] Scanning dependencies of target visualization_msgs_generate_messages_cpp
[8.040s] [  0%] Built target visualization_msgs_generate_messages_cpp
[8.057s] Scanning dependencies of target tf2_msgs_generate_messages_eus
[8.075s] [  0%] Built target tf2_msgs_generate_messages_eus
[8.092s] Scanning dependencies of target dynamic_reconfigure_gencfg
[8.109s] [  0%] Built target dynamic_reconfigure_gencfg
[8.126s] Scanning dependencies of target tf2_msgs_generate_messages_lisp
[8.144s] [  0%] Built target tf2_msgs_generate_messages_lisp
[8.161s] Scanning dependencies of target actionlib_generate_messages_py
[8.179s] [  0%] Built target actionlib_generate_messages_py
[8.197s] Scanning dependencies of target tf2_msgs_generate_messages_py
[8.214s] [  0%] Built target tf2_msgs_generate_messages_py
[8.231s] Scanning dependencies of target tf2_msgs_generate_messages_nodejs
[8.248s] [  0%] Built target tf2_msgs_generate_messages_nodejs
[8.265s] Scanning dependencies of target vector_map_msgs_generate_messages_cpp
[8.282s] [  0%] Built target vector_map_msgs_generate_messages_cpp
[8.398s] Scanning dependencies of target op_global_planner
[8.440s] [ 33%] Building CXX object CMakeFiles/op_global_planner.dir/nodes/op_global_planner.cpp.o
[13.599s] [ 66%] Building CXX object CMakeFiles/op_global_planner.dir/nodes/op_global_planner_core.cpp.o
[30.351s] [100%] Linking CXX executable devel/lib/op_global_planner/op_global_planner
[30.857s] [100%] Built target op_global_planner
[30.876s] Invoked command in '/home/autoware/Autoware/build/op_global_planner' returned '0': CMAKE_PREFIX_PATH=/home/autoware/Autoware/install/op_ros_helpers:/home/autoware/Autoware/install/op_simu:/home/autoware/Autoware/install/op_planner:/home/autoware/Autoware/install/op_utility:/home/autoware/Autoware/install/map_file:/home/autoware/Autoware/install/vector_map_server:/home/autoware/Autoware/install/libwaypoint_follower:/home/autoware/Autoware/install/lanelet2_extension:/home/autoware/Autoware/install/vector_map:/home/autoware/Autoware/install/amathutils_lib:/home/autoware/Autoware/install/vector_map_msgs:/home/autoware/Autoware/install/autoware_msgs:/home/autoware/Autoware/install/autoware_lanelet2_msgs:/home/autoware/Autoware/install/autoware_can_msgs:/home/autoware/Autoware/install/autoware_build_flags:${CMAKE_PREFIX_PATH} LD_LIBRARY_PATH=/home/autoware/Autoware/install/op_ros_helpers/lib:/home/autoware/Autoware/install/op_simu/lib:/home/autoware/Autoware/install/op_planner/lib:/home/autoware/Autoware/install/op_utility/lib:/home/autoware/Autoware/install/map_file/lib:/home/autoware/Autoware/install/libwaypoint_follower/lib:/home/autoware/Autoware/install/lanelet2_extension/lib:/home/autoware/Autoware/install/vector_map/lib:/home/autoware/Autoware/install/amathutils_lib/lib:${LD_LIBRARY_PATH} PKG_CONFIG_PATH=/home/autoware/Autoware/install/op_ros_helpers/lib/x86_64-linux-gnu/pkgconfig:/home/autoware/Autoware/install/op_ros_helpers/lib/pkgconfig:/home/autoware/Autoware/install/op_simu/lib/x86_64-linux-gnu/pkgconfig:/home/autoware/Autoware/install/op_simu/lib/pkgconfig:/home/autoware/Autoware/install/op_planner/lib/x86_64-linux-gnu/pkgconfig:/home/autoware/Autoware/install/op_planner/lib/pkgconfig:/home/autoware/Autoware/install/op_utility/lib/x86_64-linux-gnu/pkgconfig:/home/autoware/Autoware/install/op_utility/lib/pkgconfig:/home/autoware/Autoware/install/map_file/lib/x86_64-linux-gnu/pkgconfig:/home/autoware/Autoware/install/map_file/lib/pkgconfig:/home/autoware/Autoware/install/vector_map_server/lib/x86_64-linux-gnu/pkgconfig:/home/autoware/Autoware/install/vector_map_server/lib/pkgconfig:/home/autoware/Autoware/install/libwaypoint_follower/lib/x86_64-linux-gnu/pkgconfig:/home/autoware/Autoware/install/libwaypoint_follower/lib/pkgconfig:/home/autoware/Autoware/install/lanelet2_extension/lib/x86_64-linux-gnu/pkgconfig:/home/autoware/Autoware/install/lanelet2_extension/lib/pkgconfig:/home/autoware/Autoware/install/vector_map/lib/x86_64-linux-gnu/pkgconfig:/home/autoware/Autoware/install/vector_map/lib/pkgconfig:/home/autoware/Autoware/install/amathutils_lib/lib/x86_64-linux-gnu/pkgconfig:/home/autoware/Autoware/install/amathutils_lib/lib/pkgconfig:/home/autoware/Autoware/install/vector_map_msgs/lib/x86_64-linux-gnu/pkgconfig:/home/autoware/Autoware/install/vector_map_msgs/lib/pkgconfig:/home/autoware/Autoware/install/autoware_msgs/lib/x86_64-linux-gnu/pkgconfig:/home/autoware/Autoware/install/autoware_msgs/lib/pkgconfig:/home/autoware/Autoware/install/autoware_lanelet2_msgs/lib/x86_64-linux-gnu/pkgconfig:/home/autoware/Autoware/install/autoware_lanelet2_msgs/lib/pkgconfig:/home/autoware/Autoware/install/autoware_can_msgs/lib/x86_64-linux-gnu/pkgconfig:/home/autoware/Autoware/install/autoware_can_msgs/lib/pkgconfig:/home/autoware/Autoware/install/autoware_build_flags/lib/x86_64-linux-gnu/pkgconfig:/home/autoware/Autoware/install/autoware_build_flags/lib/pkgconfig:${PKG_CONFIG_PATH} PYTHONPATH=/home/autoware/Autoware/install/vector_map_server/lib/python2.7/dist-packages:/home/autoware/Autoware/install/vector_map_msgs/lib/python2.7/dist-packages:/home/autoware/Autoware/install/autoware_msgs/lib/python2.7/dist-packages:/home/autoware/Autoware/install/autoware_lanelet2_msgs/lib/python2.7/dist-packages:/home/autoware/Autoware/install/autoware_can_msgs/lib/python2.7/dist-packages:${PYTHONPATH} ROS_PACKAGE_PATH=/home/autoware/Autoware/install/op_ros_helpers/share:/home/autoware/Autoware/install/op_simu/share:/home/autoware/Autoware/install/op_planner/share:/home/autoware/Autoware/install/op_utility/share:/home/autoware/Autoware/install/map_file/share:/home/autoware/Autoware/install/vector_map_server/share:/home/autoware/Autoware/install/libwaypoint_follower/share:/home/autoware/Autoware/install/lanelet2_extension/share:/home/autoware/Autoware/install/vector_map/share:/home/autoware/Autoware/install/amathutils_lib/share:/home/autoware/Autoware/install/vector_map_msgs/share:/home/autoware/Autoware/install/autoware_msgs/share:/home/autoware/Autoware/install/autoware_lanelet2_msgs/share:/home/autoware/Autoware/install/autoware_can_msgs/share:/home/autoware/Autoware/install/autoware_build_flags/share:${ROS_PACKAGE_PATH} /usr/bin/cmake --build /home/autoware/Autoware/build/op_global_planner -- -j2 -l2
[31.043s] Invoking command in '/home/autoware/Autoware/build/op_global_planner': CMAKE_PREFIX_PATH=/home/autoware/Autoware/install/op_ros_helpers:/home/autoware/Autoware/install/op_simu:/home/autoware/Autoware/install/op_planner:/home/autoware/Autoware/install/op_utility:/home/autoware/Autoware/install/map_file:/home/autoware/Autoware/install/vector_map_server:/home/autoware/Autoware/install/libwaypoint_follower:/home/autoware/Autoware/install/lanelet2_extension:/home/autoware/Autoware/install/vector_map:/home/autoware/Autoware/install/amathutils_lib:/home/autoware/Autoware/install/vector_map_msgs:/home/autoware/Autoware/install/autoware_msgs:/home/autoware/Autoware/install/autoware_lanelet2_msgs:/home/autoware/Autoware/install/autoware_can_msgs:/home/autoware/Autoware/install/autoware_build_flags:${CMAKE_PREFIX_PATH} LD_LIBRARY_PATH=/home/autoware/Autoware/install/op_ros_helpers/lib:/home/autoware/Autoware/install/op_simu/lib:/home/autoware/Autoware/install/op_planner/lib:/home/autoware/Autoware/install/op_utility/lib:/home/autoware/Autoware/install/map_file/lib:/home/autoware/Autoware/install/libwaypoint_follower/lib:/home/autoware/Autoware/install/lanelet2_extension/lib:/home/autoware/Autoware/install/vector_map/lib:/home/autoware/Autoware/install/amathutils_lib/lib:${LD_LIBRARY_PATH} PKG_CONFIG_PATH=/home/autoware/Autoware/install/op_ros_helpers/lib/x86_64-linux-gnu/pkgconfig:/home/autoware/Autoware/install/op_ros_helpers/lib/pkgconfig:/home/autoware/Autoware/install/op_simu/lib/x86_64-linux-gnu/pkgconfig:/home/autoware/Autoware/install/op_simu/lib/pkgconfig:/home/autoware/Autoware/install/op_planner/lib/x86_64-linux-gnu/pkgconfig:/home/autoware/Autoware/install/op_planner/lib/pkgconfig:/home/autoware/Autoware/install/op_utility/lib/x86_64-linux-gnu/pkgconfig:/home/autoware/Autoware/install/op_utility/lib/pkgconfig:/home/autoware/Autoware/install/map_file/lib/x86_64-linux-gnu/pkgconfig:/home/autoware/Autoware/install/map_file/lib/pkgconfig:/home/autoware/Autoware/install/vector_map_server/lib/x86_64-linux-gnu/pkgconfig:/home/autoware/Autoware/install/vector_map_server/lib/pkgconfig:/home/autoware/Autoware/install/libwaypoint_follower/lib/x86_64-linux-gnu/pkgconfig:/home/autoware/Autoware/install/libwaypoint_follower/lib/pkgconfig:/home/autoware/Autoware/install/lanelet2_extension/lib/x86_64-linux-gnu/pkgconfig:/home/autoware/Autoware/install/lanelet2_extension/lib/pkgconfig:/home/autoware/Autoware/install/vector_map/lib/x86_64-linux-gnu/pkgconfig:/home/autoware/Autoware/install/vector_map/lib/pkgconfig:/home/autoware/Autoware/install/amathutils_lib/lib/x86_64-linux-gnu/pkgconfig:/home/autoware/Autoware/install/amathutils_lib/lib/pkgconfig:/home/autoware/Autoware/install/vector_map_msgs/lib/x86_64-linux-gnu/pkgconfig:/home/autoware/Autoware/install/vector_map_msgs/lib/pkgconfig:/home/autoware/Autoware/install/autoware_msgs/lib/x86_64-linux-gnu/pkgconfig:/home/autoware/Autoware/install/autoware_msgs/lib/pkgconfig:/home/autoware/Autoware/install/autoware_lanelet2_msgs/lib/x86_64-linux-gnu/pkgconfig:/home/autoware/Autoware/install/autoware_lanelet2_msgs/lib/pkgconfig:/home/autoware/Autoware/install/autoware_can_msgs/lib/x86_64-linux-gnu/pkgconfig:/home/autoware/Autoware/install/autoware_can_msgs/lib/pkgconfig:/home/autoware/Autoware/install/autoware_build_flags/lib/x86_64-linux-gnu/pkgconfig:/home/autoware/Autoware/install/autoware_build_flags/lib/pkgconfig:${PKG_CONFIG_PATH} PYTHONPATH=/home/autoware/Autoware/install/vector_map_server/lib/python2.7/dist-packages:/home/autoware/Autoware/install/vector_map_msgs/lib/python2.7/dist-packages:/home/autoware/Autoware/install/autoware_msgs/lib/python2.7/dist-packages:/home/autoware/Autoware/install/autoware_lanelet2_msgs/lib/python2.7/dist-packages:/home/autoware/Autoware/install/autoware_can_msgs/lib/python2.7/dist-packages:${PYTHONPATH} ROS_PACKAGE_PATH=/home/autoware/Autoware/install/op_ros_helpers/share:/home/autoware/Autoware/install/op_simu/share:/home/autoware/Autoware/install/op_planner/share:/home/autoware/Autoware/install/op_utility/share:/home/autoware/Autoware/install/map_file/share:/home/autoware/Autoware/install/vector_map_server/share:/home/autoware/Autoware/install/libwaypoint_follower/share:/home/autoware/Autoware/install/lanelet2_extension/share:/home/autoware/Autoware/install/vector_map/share:/home/autoware/Autoware/install/amathutils_lib/share:/home/autoware/Autoware/install/vector_map_msgs/share:/home/autoware/Autoware/install/autoware_msgs/share:/home/autoware/Autoware/install/autoware_lanelet2_msgs/share:/home/autoware/Autoware/install/autoware_can_msgs/share:/home/autoware/Autoware/install/autoware_build_flags/share:${ROS_PACKAGE_PATH} /usr/bin/cmake --build /home/autoware/Autoware/build/op_global_planner --target tests -- -j2 -l2
[31.141s] Scanning dependencies of target tests
[31.159s] Built target tests
[31.177s] Invoked command in '/home/autoware/Autoware/build/op_global_planner' returned '0': CMAKE_PREFIX_PATH=/home/autoware/Autoware/install/op_ros_helpers:/home/autoware/Autoware/install/op_simu:/home/autoware/Autoware/install/op_planner:/home/autoware/Autoware/install/op_utility:/home/autoware/Autoware/install/map_file:/home/autoware/Autoware/install/vector_map_server:/home/autoware/Autoware/install/libwaypoint_follower:/home/autoware/Autoware/install/lanelet2_extension:/home/autoware/Autoware/install/vector_map:/home/autoware/Autoware/install/amathutils_lib:/home/autoware/Autoware/install/vector_map_msgs:/home/autoware/Autoware/install/autoware_msgs:/home/autoware/Autoware/install/autoware_lanelet2_msgs:/home/autoware/Autoware/install/autoware_can_msgs:/home/autoware/Autoware/install/autoware_build_flags:${CMAKE_PREFIX_PATH} LD_LIBRARY_PATH=/home/autoware/Autoware/install/op_ros_helpers/lib:/home/autoware/Autoware/install/op_simu/lib:/home/autoware/Autoware/install/op_planner/lib:/home/autoware/Autoware/install/op_utility/lib:/home/autoware/Autoware/install/map_file/lib:/home/autoware/Autoware/install/libwaypoint_follower/lib:/home/autoware/Autoware/install/lanelet2_extension/lib:/home/autoware/Autoware/install/vector_map/lib:/home/autoware/Autoware/install/amathutils_lib/lib:${LD_LIBRARY_PATH} PKG_CONFIG_PATH=/home/autoware/Autoware/install/op_ros_helpers/lib/x86_64-linux-gnu/pkgconfig:/home/autoware/Autoware/install/op_ros_helpers/lib/pkgconfig:/home/autoware/Autoware/install/op_simu/lib/x86_64-linux-gnu/pkgconfig:/home/autoware/Autoware/install/op_simu/lib/pkgconfig:/home/autoware/Autoware/install/op_planner/lib/x86_64-linux-gnu/pkgconfig:/home/autoware/Autoware/install/op_planner/lib/pkgconfig:/home/autoware/Autoware/install/op_utility/lib/x86_64-linux-gnu/pkgconfig:/home/autoware/Autoware/install/op_utility/lib/pkgconfig:/home/autoware/Autoware/install/map_file/lib/x86_64-linux-gnu/pkgconfig:/home/autoware/Autoware/install/map_file/lib/pkgconfig:/home/autoware/Autoware/install/vector_map_server/lib/x86_64-linux-gnu/pkgconfig:/home/autoware/Autoware/install/vector_map_server/lib/pkgconfig:/home/autoware/Autoware/install/libwaypoint_follower/lib/x86_64-linux-gnu/pkgconfig:/home/autoware/Autoware/install/libwaypoint_follower/lib/pkgconfig:/home/autoware/Autoware/install/lanelet2_extension/lib/x86_64-linux-gnu/pkgconfig:/home/autoware/Autoware/install/lanelet2_extension/lib/pkgconfig:/home/autoware/Autoware/install/vector_map/lib/x86_64-linux-gnu/pkgconfig:/home/autoware/Autoware/install/vector_map/lib/pkgconfig:/home/autoware/Autoware/install/amathutils_lib/lib/x86_64-linux-gnu/pkgconfig:/home/autoware/Autoware/install/amathutils_lib/lib/pkgconfig:/home/autoware/Autoware/install/vector_map_msgs/lib/x86_64-linux-gnu/pkgconfig:/home/autoware/Autoware/install/vector_map_msgs/lib/pkgconfig:/home/autoware/Autoware/install/autoware_msgs/lib/x86_64-linux-gnu/pkgconfig:/home/autoware/Autoware/install/autoware_msgs/lib/pkgconfig:/home/autoware/Autoware/install/autoware_lanelet2_msgs/lib/x86_64-linux-gnu/pkgconfig:/home/autoware/Autoware/install/autoware_lanelet2_msgs/lib/pkgconfig:/home/autoware/Autoware/install/autoware_can_msgs/lib/x86_64-linux-gnu/pkgconfig:/home/autoware/Autoware/install/autoware_can_msgs/lib/pkgconfig:/home/autoware/Autoware/install/autoware_build_flags/lib/x86_64-linux-gnu/pkgconfig:/home/autoware/Autoware/install/autoware_build_flags/lib/pkgconfig:${PKG_CONFIG_PATH} PYTHONPATH=/home/autoware/Autoware/install/vector_map_server/lib/python2.7/dist-packages:/home/autoware/Autoware/install/vector_map_msgs/lib/python2.7/dist-packages:/home/autoware/Autoware/install/autoware_msgs/lib/python2.7/dist-packages:/home/autoware/Autoware/install/autoware_lanelet2_msgs/lib/python2.7/dist-packages:/home/autoware/Autoware/install/autoware_can_msgs/lib/python2.7/dist-packages:${PYTHONPATH} ROS_PACKAGE_PATH=/home/autoware/Autoware/install/op_ros_helpers/share:/home/autoware/Autoware/install/op_simu/share:/home/autoware/Autoware/install/op_planner/share:/home/autoware/Autoware/install/op_utility/share:/home/autoware/Autoware/install/map_file/share:/home/autoware/Autoware/install/vector_map_server/share:/home/autoware/Autoware/install/libwaypoint_follower/share:/home/autoware/Autoware/install/lanelet2_extension/share:/home/autoware/Autoware/install/vector_map/share:/home/autoware/Autoware/install/amathutils_lib/share:/home/autoware/Autoware/install/vector_map_msgs/share:/home/autoware/Autoware/install/autoware_msgs/share:/home/autoware/Autoware/install/autoware_lanelet2_msgs/share:/home/autoware/Autoware/install/autoware_can_msgs/share:/home/autoware/Autoware/install/autoware_build_flags/share:${ROS_PACKAGE_PATH} /usr/bin/cmake --build /home/autoware/Autoware/build/op_global_planner --target tests -- -j2 -l2
[31.343s] Invoking command in '/home/autoware/Autoware/build/op_global_planner': CMAKE_PREFIX_PATH=/home/autoware/Autoware/install/op_ros_helpers:/home/autoware/Autoware/install/op_simu:/home/autoware/Autoware/install/op_planner:/home/autoware/Autoware/install/op_utility:/home/autoware/Autoware/install/map_file:/home/autoware/Autoware/install/vector_map_server:/home/autoware/Autoware/install/libwaypoint_follower:/home/autoware/Autoware/install/lanelet2_extension:/home/autoware/Autoware/install/vector_map:/home/autoware/Autoware/install/amathutils_lib:/home/autoware/Autoware/install/vector_map_msgs:/home/autoware/Autoware/install/autoware_msgs:/home/autoware/Autoware/install/autoware_lanelet2_msgs:/home/autoware/Autoware/install/autoware_can_msgs:/home/autoware/Autoware/install/autoware_build_flags:${CMAKE_PREFIX_PATH} LD_LIBRARY_PATH=/home/autoware/Autoware/install/op_ros_helpers/lib:/home/autoware/Autoware/install/op_simu/lib:/home/autoware/Autoware/install/op_planner/lib:/home/autoware/Autoware/install/op_utility/lib:/home/autoware/Autoware/install/map_file/lib:/home/autoware/Autoware/install/libwaypoint_follower/lib:/home/autoware/Autoware/install/lanelet2_extension/lib:/home/autoware/Autoware/install/vector_map/lib:/home/autoware/Autoware/install/amathutils_lib/lib:${LD_LIBRARY_PATH} PKG_CONFIG_PATH=/home/autoware/Autoware/install/op_ros_helpers/lib/x86_64-linux-gnu/pkgconfig:/home/autoware/Autoware/install/op_ros_helpers/lib/pkgconfig:/home/autoware/Autoware/install/op_simu/lib/x86_64-linux-gnu/pkgconfig:/home/autoware/Autoware/install/op_simu/lib/pkgconfig:/home/autoware/Autoware/install/op_planner/lib/x86_64-linux-gnu/pkgconfig:/home/autoware/Autoware/install/op_planner/lib/pkgconfig:/home/autoware/Autoware/install/op_utility/lib/x86_64-linux-gnu/pkgconfig:/home/autoware/Autoware/install/op_utility/lib/pkgconfig:/home/autoware/Autoware/install/map_file/lib/x86_64-linux-gnu/pkgconfig:/home/autoware/Autoware/install/map_file/lib/pkgconfig:/home/autoware/Autoware/install/vector_map_server/lib/x86_64-linux-gnu/pkgconfig:/home/autoware/Autoware/install/vector_map_server/lib/pkgconfig:/home/autoware/Autoware/install/libwaypoint_follower/lib/x86_64-linux-gnu/pkgconfig:/home/autoware/Autoware/install/libwaypoint_follower/lib/pkgconfig:/home/autoware/Autoware/install/lanelet2_extension/lib/x86_64-linux-gnu/pkgconfig:/home/autoware/Autoware/install/lanelet2_extension/lib/pkgconfig:/home/autoware/Autoware/install/vector_map/lib/x86_64-linux-gnu/pkgconfig:/home/autoware/Autoware/install/vector_map/lib/pkgconfig:/home/autoware/Autoware/install/amathutils_lib/lib/x86_64-linux-gnu/pkgconfig:/home/autoware/Autoware/install/amathutils_lib/lib/pkgconfig:/home/autoware/Autoware/install/vector_map_msgs/lib/x86_64-linux-gnu/pkgconfig:/home/autoware/Autoware/install/vector_map_msgs/lib/pkgconfig:/home/autoware/Autoware/install/autoware_msgs/lib/x86_64-linux-gnu/pkgconfig:/home/autoware/Autoware/install/autoware_msgs/lib/pkgconfig:/home/autoware/Autoware/install/autoware_lanelet2_msgs/lib/x86_64-linux-gnu/pkgconfig:/home/autoware/Autoware/install/autoware_lanelet2_msgs/lib/pkgconfig:/home/autoware/Autoware/install/autoware_can_msgs/lib/x86_64-linux-gnu/pkgconfig:/home/autoware/Autoware/install/autoware_can_msgs/lib/pkgconfig:/home/autoware/Autoware/install/autoware_build_flags/lib/x86_64-linux-gnu/pkgconfig:/home/autoware/Autoware/install/autoware_build_flags/lib/pkgconfig:${PKG_CONFIG_PATH} PYTHONPATH=/home/autoware/Autoware/install/vector_map_server/lib/python2.7/dist-packages:/home/autoware/Autoware/install/vector_map_msgs/lib/python2.7/dist-packages:/home/autoware/Autoware/install/autoware_msgs/lib/python2.7/dist-packages:/home/autoware/Autoware/install/autoware_lanelet2_msgs/lib/python2.7/dist-packages:/home/autoware/Autoware/install/autoware_can_msgs/lib/python2.7/dist-packages:${PYTHONPATH} ROS_PACKAGE_PATH=/home/autoware/Autoware/install/op_ros_helpers/share:/home/autoware/Autoware/install/op_simu/share:/home/autoware/Autoware/install/op_planner/share:/home/autoware/Autoware/install/op_utility/share:/home/autoware/Autoware/install/map_file/share:/home/autoware/Autoware/install/vector_map_server/share:/home/autoware/Autoware/install/libwaypoint_follower/share:/home/autoware/Autoware/install/lanelet2_extension/share:/home/autoware/Autoware/install/vector_map/share:/home/autoware/Autoware/install/amathutils_lib/share:/home/autoware/Autoware/install/vector_map_msgs/share:/home/autoware/Autoware/install/autoware_msgs/share:/home/autoware/Autoware/install/autoware_lanelet2_msgs/share:/home/autoware/Autoware/install/autoware_can_msgs/share:/home/autoware/Autoware/install/autoware_build_flags/share:${ROS_PACKAGE_PATH} /usr/bin/cmake --build /home/autoware/Autoware/build/op_global_planner --target install -- -j2 -l2
[31.434s] [  0%] Built target vector_map_msgs_generate_messages_eus
[31.468s] [  0%] Built target topic_tools_generate_messages_nodejs
[31.502s] [  0%] Built target topic_tools_generate_messages_eus
[31.538s] [  0%] Built target topic_tools_generate_messages_cpp
[31.574s] [  0%] Built target std_srvs_generate_messages_py
[31.609s] [  0%] Built target std_srvs_generate_messages_nodejs
[31.644s] [  0%] Built target std_srvs_generate_messages_lisp
[31.676s] [  0%] Built target bond_generate_messages_nodejs
[31.709s] [  0%] Built target bond_generate_messages_lisp
[31.741s] [  0%] Built target bond_generate_messages_eus
[31.774s] [  0%] Built target bond_generate_messages_cpp
[31.807s] [  0%] Built target nodelet_generate_messages_nodejs
[31.839s] [  0%] Built target nodelet_generate_messages_eus
[31.872s] [  0%] Built target nodelet_generate_messages_cpp
[31.905s] [  0%] Built target dynamic_reconfigure_generate_messages_lisp
[31.938s] [  0%] Built target dynamic_reconfigure_generate_messages_eus
[31.971s] [  0%] Built target pcl_ros_gencfg
[32.005s] [  0%] Built target visualization_msgs_generate_messages_py
[32.039s] [  0%] Built target visualization_msgs_generate_messages_nodejs
[32.073s] [  0%] Built target vector_map_server_generate_messages_nodejs
[32.108s] [  0%] Built target visualization_msgs_generate_messages_eus
[32.142s] [  0%] Built target vector_map_server_generate_messages_cpp
[32.176s] [  0%] Built target vector_map_msgs_generate_messages_py
[32.211s] [  0%] Built target bond_generate_messages_py
[32.246s] [  0%] Built target vector_map_msgs_generate_messages_nodejs
[32.280s] [  0%] Built target geometry_msgs_generate_messages_py
[32.315s] [  0%] Built target sensor_msgs_generate_messages_nodejs
[32.348s] [  0%] Built target vector_map_server_generate_messages_eus
[32.382s] [  0%] Built target roscpp_generate_messages_cpp
[32.416s] [  0%] Built target actionlib_generate_messages_cpp
[32.449s] [  0%] Built target pcl_msgs_generate_messages_eus
[32.482s] [  0%] Built target rosgraph_msgs_generate_messages_eus
[32.515s] [  0%] Built target jsk_recognition_msgs_generate_messages_lisp
[32.553s] [  0%] Built target jsk_recognition_msgs_generate_messages_eus
[32.588s] [  0%] Built target tf2_msgs_generate_messages_cpp
[32.622s] [  0%] Built target pcl_msgs_generate_messages_cpp
[32.655s] [  0%] Built target sensor_msgs_generate_messages_lisp
[32.689s] [  0%] Built target std_srvs_generate_messages_cpp
[32.724s] [  0%] Built target topic_tools_generate_messages_lisp
[32.758s] [  0%] Built target jsk_recognition_msgs_generate_messages_cpp
[32.792s] [  0%] Built target geometry_msgs_generate_messages_lisp
[32.826s] [  0%] Built target geometry_msgs_generate_messages_eus
[32.862s] [  0%] Built target autoware_can_msgs_generate_messages_cpp
[32.897s] [  0%] Built target dynamic_reconfigure_generate_messages_py
[32.933s] [  0%] Built target autoware_can_msgs_generate_messages_lisp
[32.969s] [  0%] Built target autoware_can_msgs_generate_messages_nodejs
[33.006s] [  0%] Built target pcl_msgs_generate_messages_nodejs
[33.051s] [  0%] Built target jsk_recognition_msgs_generate_messages_py
[33.091s] [  0%] Built target nodelet_generate_messages_py
[33.133s] [  0%] Built target sensor_msgs_generate_messages_py
[33.166s] [  0%] Built target dynamic_reconfigure_generate_messages_cpp
[33.201s] [  0%] Built target tf_generate_messages_py
[33.234s] [  0%] Built target topic_tools_generate_messages_py
[33.266s] [  0%] Built target nodelet_topic_tools_gencfg
[33.298s] [  0%] Built target actionlib_msgs_generate_messages_nodejs
[33.330s] [  0%] Built target std_msgs_generate_messages_cpp
[33.362s] [  0%] Built target jsk_footstep_msgs_generate_messages_py
[33.393s] [  0%] Built target visualization_msgs_generate_messages_lisp
[33.425s] [  0%] Built target std_msgs_generate_messages_eus
[33.458s] [  0%] Built target geometry_msgs_generate_messages_nodejs
[33.491s] [  0%] Built target dynamic_reconfigure_generate_messages_nodejs
[33.523s] [  0%] Built target autoware_can_msgs_generate_messages_py
[33.555s] [  0%] Built target sensor_msgs_generate_messages_eus
[33.590s] [  0%] Built target sensor_msgs_generate_messages_cpp
[33.624s] [  0%] Built target roscpp_generate_messages_nodejs
[33.657s] [  0%] Built target std_msgs_generate_messages_lisp
[33.690s] [  0%] Built target std_msgs_generate_messages_nodejs
[33.724s] [  0%] Built target std_msgs_generate_messages_py
[33.761s] [  0%] Built target nodelet_generate_messages_lisp
[33.795s] [  0%] Built target autoware_msgs_generate_messages_py
[33.832s] [  0%] Built target jsk_footstep_msgs_generate_messages_eus
[33.865s] [  0%] Built target actionlib_msgs_generate_messages_py
[33.900s] [  0%] Built target vector_map_server_generate_messages_lisp
[33.934s] [  0%] Built target jsk_footstep_msgs_generate_messages_lisp
[33.968s] [  0%] Built target jsk_footstep_msgs_generate_messages_nodejs
[34.001s] [  0%] Built target vector_map_msgs_generate_messages_lisp
[34.035s] [  0%] Built target autoware_msgs_generate_messages_lisp
[34.069s] [  0%] Built target actionlib_msgs_generate_messages_lisp
[34.105s] [  0%] Built target autoware_msgs_generate_messages_cpp
[34.142s] [  0%] Built target rosgraph_msgs_generate_messages_cpp
[34.176s] [  0%] Built target autoware_msgs_generate_messages_eus
[34.210s] [  0%] Built target autoware_msgs_generate_messages_nodejs
[34.242s] [  0%] Built target actionlib_generate_messages_nodejs
[34.274s] [  0%] Built target pcl_msgs_generate_messages_lisp
[34.307s] [  0%] Built target tf_generate_messages_cpp
[34.341s] [  0%] Built target jsk_footstep_msgs_generate_messages_cpp
[34.376s] [  0%] Built target actionlib_msgs_generate_messages_cpp
[34.410s] [  0%] Built target tf_generate_messages_eus
[34.445s] [  0%] Built target tf_generate_messages_lisp
[34.483s] [  0%] Built target tf_generate_messages_nodejs
[34.517s] [  0%] Built target std_srvs_generate_messages_eus
[34.549s] [  0%] Built target jsk_recognition_msgs_generate_messages_nodejs
[34.583s] [  0%] Built target roscpp_generate_messages_lisp
[34.622s] [  0%] Built target roscpp_generate_messages_py
[34.659s] [  0%] Built target rosgraph_msgs_generate_messages_lisp
[34.696s] [  0%] Built target rosgraph_msgs_generate_messages_nodejs
[34.733s] [  0%] Built target vector_map_server_generate_messages_py
[34.767s] [  0%] Built target roscpp_generate_messages_eus
[34.804s] [  0%] Built target autoware_can_msgs_generate_messages_eus
[34.839s] [  0%] Built target actionlib_msgs_generate_messages_eus
[34.874s] [  0%] Built target rosgraph_msgs_generate_messages_py
[34.920s] [  0%] Built target pcl_msgs_generate_messages_py
[34.955s] [  0%] Built target actionlib_generate_messages_eus
[34.991s] [  0%] Built target geometry_msgs_generate_messages_cpp
[35.036s] [  0%] Built target actionlib_generate_messages_lisp
[35.072s] [  0%] Built target visualization_msgs_generate_messages_cpp
[35.110s] [  0%] Built target tf2_msgs_generate_messages_eus
[35.146s] [  0%] Built target dynamic_reconfigure_gencfg
[35.180s] [  0%] Built target tf2_msgs_generate_messages_lisp
[35.214s] [  0%] Built target actionlib_generate_messages_py
[35.245s] [  0%] Built target tf2_msgs_generate_messages_py
[35.277s] [  0%] Built target tf2_msgs_generate_messages_nodejs
[35.309s] [  0%] Built target vector_map_msgs_generate_messages_cpp
[35.367s] [100%] Built target op_global_planner
[35.400s] Install the project...
[35.412s] -- Install configuration: "Release"
[35.413s] -- Installing: /home/autoware/Autoware/install/op_global_planner/lib/pkgconfig/op_global_planner.pc
[35.413s] -- Installing: /home/autoware/Autoware/install/op_global_planner/share/op_global_planner/cmake/op_global_plannerConfig.cmake
[35.414s] -- Installing: /home/autoware/Autoware/install/op_global_planner/share/op_global_planner/cmake/op_global_plannerConfig-version.cmake
[35.414s] -- Installing: /home/autoware/Autoware/install/op_global_planner/share/op_global_planner/package.xml
[35.414s] -- Installing: /home/autoware/Autoware/install/op_global_planner/lib/op_global_planner/op_global_planner
[35.417s] -- Set runtime path of "/home/autoware/Autoware/install/op_global_planner/lib/op_global_planner/op_global_planner" to ""
[35.417s] -- Installing: /home/autoware/Autoware/install/op_global_planner/share/op_global_planner/launch
[35.418s] -- Installing: /home/autoware/Autoware/install/op_global_planner/share/op_global_planner/launch/op_global_planner.launch
[35.424s] Invoked command in '/home/autoware/Autoware/build/op_global_planner' returned '0': CMAKE_PREFIX_PATH=/home/autoware/Autoware/install/op_ros_helpers:/home/autoware/Autoware/install/op_simu:/home/autoware/Autoware/install/op_planner:/home/autoware/Autoware/install/op_utility:/home/autoware/Autoware/install/map_file:/home/autoware/Autoware/install/vector_map_server:/home/autoware/Autoware/install/libwaypoint_follower:/home/autoware/Autoware/install/lanelet2_extension:/home/autoware/Autoware/install/vector_map:/home/autoware/Autoware/install/amathutils_lib:/home/autoware/Autoware/install/vector_map_msgs:/home/autoware/Autoware/install/autoware_msgs:/home/autoware/Autoware/install/autoware_lanelet2_msgs:/home/autoware/Autoware/install/autoware_can_msgs:/home/autoware/Autoware/install/autoware_build_flags:${CMAKE_PREFIX_PATH} LD_LIBRARY_PATH=/home/autoware/Autoware/install/op_ros_helpers/lib:/home/autoware/Autoware/install/op_simu/lib:/home/autoware/Autoware/install/op_planner/lib:/home/autoware/Autoware/install/op_utility/lib:/home/autoware/Autoware/install/map_file/lib:/home/autoware/Autoware/install/libwaypoint_follower/lib:/home/autoware/Autoware/install/lanelet2_extension/lib:/home/autoware/Autoware/install/vector_map/lib:/home/autoware/Autoware/install/amathutils_lib/lib:${LD_LIBRARY_PATH} PKG_CONFIG_PATH=/home/autoware/Autoware/install/op_ros_helpers/lib/x86_64-linux-gnu/pkgconfig:/home/autoware/Autoware/install/op_ros_helpers/lib/pkgconfig:/home/autoware/Autoware/install/op_simu/lib/x86_64-linux-gnu/pkgconfig:/home/autoware/Autoware/install/op_simu/lib/pkgconfig:/home/autoware/Autoware/install/op_planner/lib/x86_64-linux-gnu/pkgconfig:/home/autoware/Autoware/install/op_planner/lib/pkgconfig:/home/autoware/Autoware/install/op_utility/lib/x86_64-linux-gnu/pkgconfig:/home/autoware/Autoware/install/op_utility/lib/pkgconfig:/home/autoware/Autoware/install/map_file/lib/x86_64-linux-gnu/pkgconfig:/home/autoware/Autoware/install/map_file/lib/pkgconfig:/home/autoware/Autoware/install/vector_map_server/lib/x86_64-linux-gnu/pkgconfig:/home/autoware/Autoware/install/vector_map_server/lib/pkgconfig:/home/autoware/Autoware/install/libwaypoint_follower/lib/x86_64-linux-gnu/pkgconfig:/home/autoware/Autoware/install/libwaypoint_follower/lib/pkgconfig:/home/autoware/Autoware/install/lanelet2_extension/lib/x86_64-linux-gnu/pkgconfig:/home/autoware/Autoware/install/lanelet2_extension/lib/pkgconfig:/home/autoware/Autoware/install/vector_map/lib/x86_64-linux-gnu/pkgconfig:/home/autoware/Autoware/install/vector_map/lib/pkgconfig:/home/autoware/Autoware/install/amathutils_lib/lib/x86_64-linux-gnu/pkgconfig:/home/autoware/Autoware/install/amathutils_lib/lib/pkgconfig:/home/autoware/Autoware/install/vector_map_msgs/lib/x86_64-linux-gnu/pkgconfig:/home/autoware/Autoware/install/vector_map_msgs/lib/pkgconfig:/home/autoware/Autoware/install/autoware_msgs/lib/x86_64-linux-gnu/pkgconfig:/home/autoware/Autoware/install/autoware_msgs/lib/pkgconfig:/home/autoware/Autoware/install/autoware_lanelet2_msgs/lib/x86_64-linux-gnu/pkgconfig:/home/autoware/Autoware/install/autoware_lanelet2_msgs/lib/pkgconfig:/home/autoware/Autoware/install/autoware_can_msgs/lib/x86_64-linux-gnu/pkgconfig:/home/autoware/Autoware/install/autoware_can_msgs/lib/pkgconfig:/home/autoware/Autoware/install/autoware_build_flags/lib/x86_64-linux-gnu/pkgconfig:/home/autoware/Autoware/install/autoware_build_flags/lib/pkgconfig:${PKG_CONFIG_PATH} PYTHONPATH=/home/autoware/Autoware/install/vector_map_server/lib/python2.7/dist-packages:/home/autoware/Autoware/install/vector_map_msgs/lib/python2.7/dist-packages:/home/autoware/Autoware/install/autoware_msgs/lib/python2.7/dist-packages:/home/autoware/Autoware/install/autoware_lanelet2_msgs/lib/python2.7/dist-packages:/home/autoware/Autoware/install/autoware_can_msgs/lib/python2.7/dist-packages:${PYTHONPATH} ROS_PACKAGE_PATH=/home/autoware/Autoware/install/op_ros_helpers/share:/home/autoware/Autoware/install/op_simu/share:/home/autoware/Autoware/install/op_planner/share:/home/autoware/Autoware/install/op_utility/share:/home/autoware/Autoware/install/map_file/share:/home/autoware/Autoware/install/vector_map_server/share:/home/autoware/Autoware/install/libwaypoint_follower/share:/home/autoware/Autoware/install/lanelet2_extension/share:/home/autoware/Autoware/install/vector_map/share:/home/autoware/Autoware/install/amathutils_lib/share:/home/autoware/Autoware/install/vector_map_msgs/share:/home/autoware/Autoware/install/autoware_msgs/share:/home/autoware/Autoware/install/autoware_lanelet2_msgs/share:/home/autoware/Autoware/install/autoware_can_msgs/share:/home/autoware/Autoware/install/autoware_build_flags/share:${ROS_PACKAGE_PATH} /usr/bin/cmake --build /home/autoware/Autoware/build/op_global_planner --target install -- -j2 -l2
