[0.016s] Invoking command in '/home/autoware/Autoware/build/detected_objects_visualizer': CMAKE_PREFIX_PATH=/home/autoware/Autoware/install/autoware_msgs:/home/autoware/Autoware/install/autoware_build_flags:${CMAKE_PREFIX_PATH} PKG_CONFIG_PATH=/home/autoware/Autoware/install/autoware_msgs/lib/x86_64-linux-gnu/pkgconfig:/home/autoware/Autoware/install/autoware_msgs/lib/pkgconfig:/home/autoware/Autoware/install/autoware_build_flags/lib/x86_64-linux-gnu/pkgconfig:/home/autoware/Autoware/install/autoware_build_flags/lib/pkgconfig:${PKG_CONFIG_PATH} PYTHONPATH=/home/autoware/Autoware/install/autoware_msgs/lib/python2.7/dist-packages:${PYTHONPATH} ROS_PACKAGE_PATH=/home/autoware/Autoware/install/autoware_msgs/share:/home/autoware/Autoware/install/autoware_build_flags/share:${ROS_PACKAGE_PATH} /usr/bin/cmake /home/autoware/Autoware/src/autoware/visualization/detected_objects_visualizer -DCMAKE_BUILD_TYPE=Release -DCATKIN_INSTALL_INTO_PREFIX_ROOT=0 -DCMAKE_INSTALL_PREFIX=/home/autoware/Autoware/install/detected_objects_visualizer
[0.096s] -- The C compiler identification is GNU 7.5.0
[0.164s] -- The CXX compiler identification is GNU 7.5.0
[0.169s] -- Check for working C compiler: /usr/bin/cc
[0.254s] -- Check for working C compiler: /usr/bin/cc -- works
[0.254s] -- Detecting C compiler ABI info
[0.330s] -- Detecting C compiler ABI info - done
[0.339s] -- Detecting C compile features
[0.585s] -- Detecting C compile features - done
[0.590s] -- Check for working CXX compiler: /usr/bin/c++
[0.685s] -- Check for working CXX compiler: /usr/bin/c++ -- works
[0.685s] -- Detecting CXX compiler ABI info
[0.798s] -- Detecting CXX compiler ABI info - done
[0.802s] -- Detecting CXX compile features
[1.219s] -- Detecting CXX compile features - done
[1.221s] -- CUDA compilation status: ON.
[1.223s] -- Using CATKIN_DEVEL_PREFIX: /home/autoware/Autoware/build/detected_objects_visualizer/devel
[1.223s] -- Using CMAKE_PREFIX_PATH: /home/autoware/Autoware/install/autoware_msgs;/home/autoware/Autoware/install/autoware_build_flags;/opt/ros/melodic
[1.223s] -- This workspace overlays: /home/autoware/Autoware/install/autoware_msgs;/home/autoware/Autoware/install/autoware_build_flags;/opt/ros/melodic
[1.238s] -- Found PythonInterp: /usr/bin/python2 (found suitable version "2.7.17", minimum required is "2") 
[1.238s] -- Using PYTHON_EXECUTABLE: /usr/bin/python2
[1.238s] -- Using Debian Python package layout
[1.238s] -- Using empy: /usr/bin/empy
[1.381s] -- Using CATKIN_ENABLE_TESTING: ON
[1.382s] -- Call enable_testing()
[1.384s] -- Using CATKIN_TEST_RESULTS_DIR: /home/autoware/Autoware/build/detected_objects_visualizer/test_results
[1.407s] -- Found gtest sources under '/usr/src/googletest': gtests will be built
[1.407s] -- Found gmock sources under '/usr/src/googletest': gmock will be built
[1.421s] -- Found PythonInterp: /usr/bin/python2 (found version "2.7.17") 
[1.422s] -- Looking for pthread.h
[1.501s] -- Looking for pthread.h - found
[1.501s] -- Looking for pthread_create
[1.583s] -- Looking for pthread_create - not found
[1.583s] -- Looking for pthread_create in pthreads
[1.648s] -- Looking for pthread_create in pthreads - not found
[1.648s] -- Looking for pthread_create in pthread
[1.725s] -- Looking for pthread_create in pthread - found
[1.727s] -- Found Threads: TRUE  
[1.731s] -- Using Python nosetests: /usr/bin/nosetests-2.7
[1.778s] -- catkin 0.7.26
[1.778s] -- BUILD_SHARED_LIBS is on
[1.967s] -- Using these message generators: gencpp;geneus;genlisp;gennodejs;genpy
[2.409s] -- Found OpenCV: /usr (found version "3.2.0") 
[2.415s] -- Configuring done
[2.490s] -- Generating done
[2.502s] -- Build files have been written to: /home/autoware/Autoware/build/detected_objects_visualizer
[2.510s] Invoked command in '/home/autoware/Autoware/build/detected_objects_visualizer' returned '0': CMAKE_PREFIX_PATH=/home/autoware/Autoware/install/autoware_msgs:/home/autoware/Autoware/install/autoware_build_flags:${CMAKE_PREFIX_PATH} PKG_CONFIG_PATH=/home/autoware/Autoware/install/autoware_msgs/lib/x86_64-linux-gnu/pkgconfig:/home/autoware/Autoware/install/autoware_msgs/lib/pkgconfig:/home/autoware/Autoware/install/autoware_build_flags/lib/x86_64-linux-gnu/pkgconfig:/home/autoware/Autoware/install/autoware_build_flags/lib/pkgconfig:${PKG_CONFIG_PATH} PYTHONPATH=/home/autoware/Autoware/install/autoware_msgs/lib/python2.7/dist-packages:${PYTHONPATH} ROS_PACKAGE_PATH=/home/autoware/Autoware/install/autoware_msgs/share:/home/autoware/Autoware/install/autoware_build_flags/share:${ROS_PACKAGE_PATH} /usr/bin/cmake /home/autoware/Autoware/src/autoware/visualization/detected_objects_visualizer -DCMAKE_BUILD_TYPE=Release -DCATKIN_INSTALL_INTO_PREFIX_ROOT=0 -DCMAKE_INSTALL_PREFIX=/home/autoware/Autoware/install/detected_objects_visualizer
[2.511s] Invoking command in '/home/autoware/Autoware/build/detected_objects_visualizer': CMAKE_PREFIX_PATH=/home/autoware/Autoware/install/autoware_msgs:/home/autoware/Autoware/install/autoware_build_flags:${CMAKE_PREFIX_PATH} PKG_CONFIG_PATH=/home/autoware/Autoware/install/autoware_msgs/lib/x86_64-linux-gnu/pkgconfig:/home/autoware/Autoware/install/autoware_msgs/lib/pkgconfig:/home/autoware/Autoware/install/autoware_build_flags/lib/x86_64-linux-gnu/pkgconfig:/home/autoware/Autoware/install/autoware_build_flags/lib/pkgconfig:${PKG_CONFIG_PATH} PYTHONPATH=/home/autoware/Autoware/install/autoware_msgs/lib/python2.7/dist-packages:${PYTHONPATH} ROS_PACKAGE_PATH=/home/autoware/Autoware/install/autoware_msgs/share:/home/autoware/Autoware/install/autoware_build_flags/share:${ROS_PACKAGE_PATH} /usr/bin/cmake --build /home/autoware/Autoware/build/detected_objects_visualizer -- -j2 -l2
[2.567s] Scanning dependencies of target visualization_msgs_generate_messages_py
[2.578s] [  0%] Built target visualization_msgs_generate_messages_py
[2.592s] Scanning dependencies of target geometry_msgs_generate_messages_py
[2.605s] [  0%] Built target geometry_msgs_generate_messages_py
[2.619s] Scanning dependencies of target sensor_msgs_generate_messages_nodejs
[2.633s] [  0%] Built target sensor_msgs_generate_messages_nodejs
[2.646s] Scanning dependencies of target roscpp_generate_messages_cpp
[2.658s] [  0%] Built target roscpp_generate_messages_cpp
[2.669s] Scanning dependencies of target actionlib_generate_messages_cpp
[2.682s] [  0%] Built target actionlib_generate_messages_cpp
[2.702s] Scanning dependencies of target pcl_msgs_generate_messages_eus
[2.713s] [  0%] Built target pcl_msgs_generate_messages_eus
[2.729s] Scanning dependencies of target rosgraph_msgs_generate_messages_eus
[2.740s] [  0%] Built target rosgraph_msgs_generate_messages_eus
[2.752s] Scanning dependencies of target jsk_recognition_msgs_generate_messages_lisp
[2.763s] [  0%] Built target jsk_recognition_msgs_generate_messages_lisp
[2.776s] Scanning dependencies of target jsk_recognition_msgs_generate_messages_eus
[2.788s] [  0%] Built target jsk_recognition_msgs_generate_messages_eus
[2.800s] Scanning dependencies of target tf2_msgs_generate_messages_cpp
[2.811s] [  0%] Built target tf2_msgs_generate_messages_cpp
[2.823s] Scanning dependencies of target std_msgs_generate_messages_py
[2.836s] [  0%] Built target std_msgs_generate_messages_py
[2.847s] Scanning dependencies of target autoware_msgs_generate_messages_py
[2.857s] [  0%] Built target autoware_msgs_generate_messages_py
[2.868s] Scanning dependencies of target std_msgs_generate_messages_nodejs
[2.880s] [  0%] Built target std_msgs_generate_messages_nodejs
[2.893s] Scanning dependencies of target sensor_msgs_generate_messages_eus
[2.904s] [  0%] Built target sensor_msgs_generate_messages_eus
[2.916s] Scanning dependencies of target _catkin_empty_exported_target
[2.929s] [  0%] Built target _catkin_empty_exported_target
[2.941s] Scanning dependencies of target sensor_msgs_generate_messages_cpp
[2.951s] [  0%] Built target sensor_msgs_generate_messages_cpp
[2.963s] Scanning dependencies of target autoware_msgs_generate_messages_cpp
[2.974s] [  0%] Built target autoware_msgs_generate_messages_cpp
[2.986s] Scanning dependencies of target rosgraph_msgs_generate_messages_cpp
[2.998s] [  0%] Built target rosgraph_msgs_generate_messages_cpp
[3.011s] Scanning dependencies of target pcl_msgs_generate_messages_nodejs
[3.023s] [  0%] Built target pcl_msgs_generate_messages_nodejs
[3.034s] Scanning dependencies of target jsk_recognition_msgs_generate_messages_py
[3.044s] [  0%] Built target jsk_recognition_msgs_generate_messages_py
[3.055s] Scanning dependencies of target sensor_msgs_generate_messages_lisp
[3.066s] [  0%] Built target sensor_msgs_generate_messages_lisp
[3.077s] Scanning dependencies of target sensor_msgs_generate_messages_py
[3.089s] [  0%] Built target sensor_msgs_generate_messages_py
[3.100s] Scanning dependencies of target tf_generate_messages_py
[3.111s] [  0%] Built target tf_generate_messages_py
[3.121s] Scanning dependencies of target std_msgs_generate_messages_cpp
[3.133s] [  0%] Built target std_msgs_generate_messages_cpp
[3.145s] Scanning dependencies of target visualization_msgs_generate_messages_nodejs
[3.156s] [  0%] Built target visualization_msgs_generate_messages_nodejs
[3.167s] Scanning dependencies of target actionlib_msgs_generate_messages_nodejs
[3.178s] [  0%] Built target actionlib_msgs_generate_messages_nodejs
[3.189s] Scanning dependencies of target geometry_msgs_generate_messages_eus
[3.199s] [  0%] Built target geometry_msgs_generate_messages_eus
[3.210s] Scanning dependencies of target std_msgs_generate_messages_lisp
[3.221s] [  0%] Built target std_msgs_generate_messages_lisp
[3.231s] Scanning dependencies of target roscpp_generate_messages_nodejs
[3.243s] [  0%] Built target roscpp_generate_messages_nodejs
[3.253s] Scanning dependencies of target geometry_msgs_generate_messages_nodejs
[3.263s] [  0%] Built target geometry_msgs_generate_messages_nodejs
[3.274s] Scanning dependencies of target geometry_msgs_generate_messages_lisp
[3.285s] [  0%] Built target geometry_msgs_generate_messages_lisp
[3.295s] Scanning dependencies of target pcl_msgs_generate_messages_cpp
[3.305s] [  0%] Built target pcl_msgs_generate_messages_cpp
[3.316s] Scanning dependencies of target jsk_recognition_msgs_generate_messages_cpp
[3.326s] [  0%] Built target jsk_recognition_msgs_generate_messages_cpp
[3.338s] Scanning dependencies of target autoware_msgs_generate_messages_eus
[3.351s] [  0%] Built target autoware_msgs_generate_messages_eus
[3.363s] Scanning dependencies of target jsk_footstep_msgs_generate_messages_py
[3.374s] [  0%] Built target jsk_footstep_msgs_generate_messages_py
[3.388s] Scanning dependencies of target autoware_msgs_generate_messages_lisp
[3.402s] [  0%] Built target autoware_msgs_generate_messages_lisp
[3.414s] Scanning dependencies of target visualization_msgs_generate_messages_lisp
[3.426s] [  0%] Built target visualization_msgs_generate_messages_lisp
[3.439s] Scanning dependencies of target std_msgs_generate_messages_eus
[3.462s] [  0%] Built target std_msgs_generate_messages_eus
[3.478s] Scanning dependencies of target autoware_msgs_generate_messages_nodejs
[3.491s] [  0%] Built target autoware_msgs_generate_messages_nodejs
[3.502s] Scanning dependencies of target jsk_footstep_msgs_generate_messages_eus
[3.513s] [  0%] Built target jsk_footstep_msgs_generate_messages_eus
[3.525s] Scanning dependencies of target actionlib_msgs_generate_messages_py
[3.537s] [  0%] Built target actionlib_msgs_generate_messages_py
[3.547s] Scanning dependencies of target jsk_footstep_msgs_generate_messages_lisp
[3.558s] [  0%] Built target jsk_footstep_msgs_generate_messages_lisp
[3.570s] Scanning dependencies of target jsk_footstep_msgs_generate_messages_nodejs
[3.581s] [  0%] Built target jsk_footstep_msgs_generate_messages_nodejs
[3.595s] Scanning dependencies of target actionlib_msgs_generate_messages_lisp
[3.606s] [  0%] Built target actionlib_msgs_generate_messages_lisp
[3.618s] Scanning dependencies of target jsk_recognition_msgs_generate_messages_nodejs
[3.629s] [  0%] Built target jsk_recognition_msgs_generate_messages_nodejs
[3.641s] Scanning dependencies of target roscpp_generate_messages_lisp
[3.652s] [  0%] Built target roscpp_generate_messages_lisp
[3.663s] Scanning dependencies of target roscpp_generate_messages_py
[3.673s] [  0%] Built target roscpp_generate_messages_py
[3.685s] Scanning dependencies of target rosgraph_msgs_generate_messages_lisp
[3.697s] [  0%] Built target rosgraph_msgs_generate_messages_lisp
[3.708s] Scanning dependencies of target rosgraph_msgs_generate_messages_nodejs
[3.719s] [  0%] Built target rosgraph_msgs_generate_messages_nodejs
[3.733s] Scanning dependencies of target roscpp_generate_messages_eus
[3.745s] [  0%] Built target roscpp_generate_messages_eus
[3.758s] Scanning dependencies of target actionlib_msgs_generate_messages_eus
[3.769s] [  0%] Built target actionlib_msgs_generate_messages_eus
[3.781s] Scanning dependencies of target rosgraph_msgs_generate_messages_py
[3.792s] [  0%] Built target rosgraph_msgs_generate_messages_py
[3.805s] Scanning dependencies of target jsk_footstep_msgs_generate_messages_cpp
[3.821s] [  0%] Built target jsk_footstep_msgs_generate_messages_cpp
[3.834s] Scanning dependencies of target actionlib_msgs_generate_messages_cpp
[3.847s] [  0%] Built target actionlib_msgs_generate_messages_cpp
[3.858s] Scanning dependencies of target tf_generate_messages_eus
[3.869s] [  0%] Built target tf_generate_messages_eus
[3.880s] Scanning dependencies of target tf_generate_messages_lisp
[3.890s] [  0%] Built target tf_generate_messages_lisp
[3.904s] Scanning dependencies of target tf_generate_messages_nodejs
[3.915s] [  0%] Built target tf_generate_messages_nodejs
[3.927s] Scanning dependencies of target pcl_msgs_generate_messages_py
[3.939s] [  0%] Built target pcl_msgs_generate_messages_py
[3.950s] Scanning dependencies of target actionlib_generate_messages_eus
[3.962s] [  0%] Built target actionlib_generate_messages_eus
[3.973s] Scanning dependencies of target geometry_msgs_generate_messages_cpp
[3.984s] [  0%] Built target geometry_msgs_generate_messages_cpp
[3.997s] Scanning dependencies of target actionlib_generate_messages_lisp
[4.008s] [  0%] Built target actionlib_generate_messages_lisp
[4.020s] Scanning dependencies of target pcl_msgs_generate_messages_lisp
[4.031s] [  0%] Built target pcl_msgs_generate_messages_lisp
[4.042s] Scanning dependencies of target tf_generate_messages_cpp
[4.052s] [  0%] Built target tf_generate_messages_cpp
[4.063s] Scanning dependencies of target actionlib_generate_messages_nodejs
[4.074s] [  0%] Built target actionlib_generate_messages_nodejs
[4.085s] Scanning dependencies of target tf2_msgs_generate_messages_lisp
[4.096s] [  0%] Built target tf2_msgs_generate_messages_lisp
[4.107s] Scanning dependencies of target actionlib_generate_messages_py
[4.119s] [  0%] Built target actionlib_generate_messages_py
[4.130s] Scanning dependencies of target tf2_msgs_generate_messages_py
[4.142s] [  0%] Built target tf2_msgs_generate_messages_py
[4.153s] Scanning dependencies of target tf2_msgs_generate_messages_nodejs
[4.164s] [  0%] Built target tf2_msgs_generate_messages_nodejs
[4.175s] Scanning dependencies of target tf2_msgs_generate_messages_eus
[4.186s] [  0%] Built target tf2_msgs_generate_messages_eus
[4.197s] Scanning dependencies of target visualization_msgs_generate_messages_cpp
[4.208s] [  0%] Built target visualization_msgs_generate_messages_cpp
[4.219s] Scanning dependencies of target visualization_msgs_generate_messages_eus
[4.230s] [  0%] Built target visualization_msgs_generate_messages_eus
[4.259s] Scanning dependencies of target visualize_detected_objects
[4.272s] [ 16%] Building CXX object CMakeFiles/visualize_detected_objects.dir/src/visualize_detected_objects_main.cpp.o
[5.693s] [ 33%] Building CXX object CMakeFiles/visualize_detected_objects.dir/src/visualize_detected_objects.cpp.o
[9.448s] [ 50%] Linking CXX executable devel/lib/detected_objects_visualizer/visualize_detected_objects
[9.617s] [ 50%] Built target visualize_detected_objects
[9.648s] Scanning dependencies of target visualize_rects
[9.672s] [ 66%] Building CXX object CMakeFiles/visualize_rects.dir/src/visualize_rects_main.cpp.o
[12.368s] [ 83%] Building CXX object CMakeFiles/visualize_rects.dir/src/visualize_rects.cpp.o
[20.176s] [100%] Linking CXX executable devel/lib/detected_objects_visualizer/visualize_rects
[20.535s] [100%] Built target visualize_rects
[20.549s] Invoked command in '/home/autoware/Autoware/build/detected_objects_visualizer' returned '0': CMAKE_PREFIX_PATH=/home/autoware/Autoware/install/autoware_msgs:/home/autoware/Autoware/install/autoware_build_flags:${CMAKE_PREFIX_PATH} PKG_CONFIG_PATH=/home/autoware/Autoware/install/autoware_msgs/lib/x86_64-linux-gnu/pkgconfig:/home/autoware/Autoware/install/autoware_msgs/lib/pkgconfig:/home/autoware/Autoware/install/autoware_build_flags/lib/x86_64-linux-gnu/pkgconfig:/home/autoware/Autoware/install/autoware_build_flags/lib/pkgconfig:${PKG_CONFIG_PATH} PYTHONPATH=/home/autoware/Autoware/install/autoware_msgs/lib/python2.7/dist-packages:${PYTHONPATH} ROS_PACKAGE_PATH=/home/autoware/Autoware/install/autoware_msgs/share:/home/autoware/Autoware/install/autoware_build_flags/share:${ROS_PACKAGE_PATH} /usr/bin/cmake --build /home/autoware/Autoware/build/detected_objects_visualizer -- -j2 -l2
[20.669s] Invoking command in '/home/autoware/Autoware/build/detected_objects_visualizer': CMAKE_PREFIX_PATH=/home/autoware/Autoware/install/autoware_msgs:/home/autoware/Autoware/install/autoware_build_flags:${CMAKE_PREFIX_PATH} PKG_CONFIG_PATH=/home/autoware/Autoware/install/autoware_msgs/lib/x86_64-linux-gnu/pkgconfig:/home/autoware/Autoware/install/autoware_msgs/lib/pkgconfig:/home/autoware/Autoware/install/autoware_build_flags/lib/x86_64-linux-gnu/pkgconfig:/home/autoware/Autoware/install/autoware_build_flags/lib/pkgconfig:${PKG_CONFIG_PATH} PYTHONPATH=/home/autoware/Autoware/install/autoware_msgs/lib/python2.7/dist-packages:${PYTHONPATH} ROS_PACKAGE_PATH=/home/autoware/Autoware/install/autoware_msgs/share:/home/autoware/Autoware/install/autoware_build_flags/share:${ROS_PACKAGE_PATH} /usr/bin/cmake --build /home/autoware/Autoware/build/detected_objects_visualizer --target tests -- -j2 -l2
[20.753s] Scanning dependencies of target tests
[20.765s] Built target tests
[20.778s] Invoked command in '/home/autoware/Autoware/build/detected_objects_visualizer' returned '0': CMAKE_PREFIX_PATH=/home/autoware/Autoware/install/autoware_msgs:/home/autoware/Autoware/install/autoware_build_flags:${CMAKE_PREFIX_PATH} PKG_CONFIG_PATH=/home/autoware/Autoware/install/autoware_msgs/lib/x86_64-linux-gnu/pkgconfig:/home/autoware/Autoware/install/autoware_msgs/lib/pkgconfig:/home/autoware/Autoware/install/autoware_build_flags/lib/x86_64-linux-gnu/pkgconfig:/home/autoware/Autoware/install/autoware_build_flags/lib/pkgconfig:${PKG_CONFIG_PATH} PYTHONPATH=/home/autoware/Autoware/install/autoware_msgs/lib/python2.7/dist-packages:${PYTHONPATH} ROS_PACKAGE_PATH=/home/autoware/Autoware/install/autoware_msgs/share:/home/autoware/Autoware/install/autoware_build_flags/share:${ROS_PACKAGE_PATH} /usr/bin/cmake --build /home/autoware/Autoware/build/detected_objects_visualizer --target tests -- -j2 -l2
[20.900s] Invoking command in '/home/autoware/Autoware/build/detected_objects_visualizer': CMAKE_PREFIX_PATH=/home/autoware/Autoware/install/autoware_msgs:/home/autoware/Autoware/install/autoware_build_flags:${CMAKE_PREFIX_PATH} PKG_CONFIG_PATH=/home/autoware/Autoware/install/autoware_msgs/lib/x86_64-linux-gnu/pkgconfig:/home/autoware/Autoware/install/autoware_msgs/lib/pkgconfig:/home/autoware/Autoware/install/autoware_build_flags/lib/x86_64-linux-gnu/pkgconfig:/home/autoware/Autoware/install/autoware_build_flags/lib/pkgconfig:${PKG_CONFIG_PATH} PYTHONPATH=/home/autoware/Autoware/install/autoware_msgs/lib/python2.7/dist-packages:${PYTHONPATH} ROS_PACKAGE_PATH=/home/autoware/Autoware/install/autoware_msgs/share:/home/autoware/Autoware/install/autoware_build_flags/share:${ROS_PACKAGE_PATH} /usr/bin/cmake --build /home/autoware/Autoware/build/detected_objects_visualizer --target install -- -j2 -l2
[20.966s] [  0%] Built target visualization_msgs_generate_messages_py
[20.990s] [  0%] Built target geometry_msgs_generate_messages_py
[21.015s] [  0%] Built target sensor_msgs_generate_messages_nodejs
[21.038s] [  0%] Built target roscpp_generate_messages_cpp
[21.061s] [  0%] Built target actionlib_generate_messages_cpp
[21.085s] [  0%] Built target pcl_msgs_generate_messages_eus
[21.111s] [  0%] Built target rosgraph_msgs_generate_messages_eus
[21.134s] [  0%] Built target jsk_recognition_msgs_generate_messages_lisp
[21.159s] [  0%] Built target jsk_recognition_msgs_generate_messages_eus
[21.186s] [  0%] Built target tf2_msgs_generate_messages_cpp
[21.216s] [  0%] Built target std_msgs_generate_messages_py
[21.249s] [  0%] Built target autoware_msgs_generate_messages_py
[21.275s] [  0%] Built target std_msgs_generate_messages_nodejs
[21.304s] [  0%] Built target sensor_msgs_generate_messages_eus
[21.329s] [  0%] Built target _catkin_empty_exported_target
[21.354s] [  0%] Built target sensor_msgs_generate_messages_cpp
[21.380s] [  0%] Built target autoware_msgs_generate_messages_cpp
[21.405s] [  0%] Built target rosgraph_msgs_generate_messages_cpp
[21.430s] [  0%] Built target pcl_msgs_generate_messages_nodejs
[21.455s] [  0%] Built target jsk_recognition_msgs_generate_messages_py
[21.480s] [  0%] Built target sensor_msgs_generate_messages_lisp
[21.504s] [  0%] Built target sensor_msgs_generate_messages_py
[21.529s] [  0%] Built target tf_generate_messages_py
[21.554s] [  0%] Built target std_msgs_generate_messages_cpp
[21.579s] [  0%] Built target visualization_msgs_generate_messages_nodejs
[21.604s] [  0%] Built target actionlib_msgs_generate_messages_nodejs
[21.630s] [  0%] Built target geometry_msgs_generate_messages_eus
[21.660s] [  0%] Built target std_msgs_generate_messages_lisp
[21.687s] [  0%] Built target roscpp_generate_messages_nodejs
[21.717s] [  0%] Built target geometry_msgs_generate_messages_nodejs
[21.747s] [  0%] Built target geometry_msgs_generate_messages_lisp
[21.778s] [  0%] Built target pcl_msgs_generate_messages_cpp
[21.805s] [  0%] Built target jsk_recognition_msgs_generate_messages_cpp
[21.830s] [  0%] Built target autoware_msgs_generate_messages_eus
[21.857s] [  0%] Built target jsk_footstep_msgs_generate_messages_py
[21.881s] [  0%] Built target autoware_msgs_generate_messages_lisp
[21.911s] [  0%] Built target visualization_msgs_generate_messages_lisp
[21.936s] [  0%] Built target std_msgs_generate_messages_eus
[21.960s] [  0%] Built target autoware_msgs_generate_messages_nodejs
[21.988s] [  0%] Built target jsk_footstep_msgs_generate_messages_eus
[22.016s] [  0%] Built target actionlib_msgs_generate_messages_py
[22.040s] [  0%] Built target jsk_footstep_msgs_generate_messages_lisp
[22.063s] [  0%] Built target jsk_footstep_msgs_generate_messages_nodejs
[22.085s] [  0%] Built target actionlib_msgs_generate_messages_lisp
[22.107s] [  0%] Built target jsk_recognition_msgs_generate_messages_nodejs
[22.129s] [  0%] Built target roscpp_generate_messages_lisp
[22.150s] [  0%] Built target roscpp_generate_messages_py
[22.171s] [  0%] Built target rosgraph_msgs_generate_messages_lisp
[22.194s] [  0%] Built target rosgraph_msgs_generate_messages_nodejs
[22.224s] [  0%] Built target roscpp_generate_messages_eus
[22.250s] [  0%] Built target actionlib_msgs_generate_messages_eus
[22.275s] [  0%] Built target rosgraph_msgs_generate_messages_py
[22.311s] [  0%] Built target jsk_footstep_msgs_generate_messages_cpp
[22.337s] [  0%] Built target actionlib_msgs_generate_messages_cpp
[22.362s] [  0%] Built target tf_generate_messages_eus
[22.385s] [  0%] Built target tf_generate_messages_lisp
[22.408s] [  0%] Built target tf_generate_messages_nodejs
[22.433s] [  0%] Built target pcl_msgs_generate_messages_py
[22.457s] [  0%] Built target actionlib_generate_messages_eus
[22.486s] [  0%] Built target geometry_msgs_generate_messages_cpp
[22.508s] [  0%] Built target actionlib_generate_messages_lisp
[22.528s] [  0%] Built target pcl_msgs_generate_messages_lisp
[22.549s] [  0%] Built target tf_generate_messages_cpp
[22.574s] [  0%] Built target actionlib_generate_messages_nodejs
[22.599s] [  0%] Built target tf2_msgs_generate_messages_lisp
[22.621s] [  0%] Built target actionlib_generate_messages_py
[22.642s] [  0%] Built target tf2_msgs_generate_messages_py
[22.663s] [  0%] Built target tf2_msgs_generate_messages_nodejs
[22.684s] [  0%] Built target tf2_msgs_generate_messages_eus
[22.708s] [  0%] Built target visualization_msgs_generate_messages_cpp
[22.734s] [  0%] Built target visualization_msgs_generate_messages_eus
[22.768s] [ 50%] Built target visualize_detected_objects
[22.799s] [100%] Built target visualize_rects
[22.820s] Install the project...
[22.829s] -- Install configuration: "Release"
[22.829s] -- Installing: /home/autoware/Autoware/install/detected_objects_visualizer/lib/pkgconfig/detected_objects_visualizer.pc
[22.829s] -- Installing: /home/autoware/Autoware/install/detected_objects_visualizer/share/detected_objects_visualizer/cmake/detected_objects_visualizerConfig.cmake
[22.832s] -- Installing: /home/autoware/Autoware/install/detected_objects_visualizer/share/detected_objects_visualizer/cmake/detected_objects_visualizerConfig-version.cmake
[22.833s] -- Installing: /home/autoware/Autoware/install/detected_objects_visualizer/share/detected_objects_visualizer/package.xml
[22.833s] -- Installing: /home/autoware/Autoware/install/detected_objects_visualizer/lib/detected_objects_visualizer/visualize_detected_objects
[22.833s] -- Set runtime path of "/home/autoware/Autoware/install/detected_objects_visualizer/lib/detected_objects_visualizer/visualize_detected_objects" to ""
[22.833s] -- Installing: /home/autoware/Autoware/install/detected_objects_visualizer/lib/detected_objects_visualizer/visualize_rects
[22.833s] -- Set runtime path of "/home/autoware/Autoware/install/detected_objects_visualizer/lib/detected_objects_visualizer/visualize_rects" to ""
[22.833s] -- Installing: /home/autoware/Autoware/install/detected_objects_visualizer/share/detected_objects_visualizer/models
[22.833s] -- Installing: /home/autoware/Autoware/install/detected_objects_visualizer/share/detected_objects_visualizer/models/truck.dae
[22.834s] -- Installing: /home/autoware/Autoware/install/detected_objects_visualizer/share/detected_objects_visualizer/models/car.dae
[22.838s] -- Installing: /home/autoware/Autoware/install/detected_objects_visualizer/share/detected_objects_visualizer/models/bike.dae
[22.839s] -- Installing: /home/autoware/Autoware/install/detected_objects_visualizer/share/detected_objects_visualizer/models/bus.dae
[22.842s] -- Installing: /home/autoware/Autoware/install/detected_objects_visualizer/share/detected_objects_visualizer/models/box.dae
[22.843s] -- Installing: /home/autoware/Autoware/install/detected_objects_visualizer/share/detected_objects_visualizer/models/person.dae
[22.855s] Invoked command in '/home/autoware/Autoware/build/detected_objects_visualizer' returned '0': CMAKE_PREFIX_PATH=/home/autoware/Autoware/install/autoware_msgs:/home/autoware/Autoware/install/autoware_build_flags:${CMAKE_PREFIX_PATH} PKG_CONFIG_PATH=/home/autoware/Autoware/install/autoware_msgs/lib/x86_64-linux-gnu/pkgconfig:/home/autoware/Autoware/install/autoware_msgs/lib/pkgconfig:/home/autoware/Autoware/install/autoware_build_flags/lib/x86_64-linux-gnu/pkgconfig:/home/autoware/Autoware/install/autoware_build_flags/lib/pkgconfig:${PKG_CONFIG_PATH} PYTHONPATH=/home/autoware/Autoware/install/autoware_msgs/lib/python2.7/dist-packages:${PYTHONPATH} ROS_PACKAGE_PATH=/home/autoware/Autoware/install/autoware_msgs/share:/home/autoware/Autoware/install/autoware_build_flags/share:${ROS_PACKAGE_PATH} /usr/bin/cmake --build /home/autoware/Autoware/build/detected_objects_visualizer --target install -- -j2 -l2
