[0.017s] Invoking command in '/home/autoware/Autoware/build/vision_segment_enet_detect': CMAKE_PREFIX_PATH=/home/autoware/Autoware/install/autoware_build_flags:${CMAKE_PREFIX_PATH} PKG_CONFIG_PATH=/home/autoware/Autoware/install/autoware_build_flags/lib/x86_64-linux-gnu/pkgconfig:/home/autoware/Autoware/install/autoware_build_flags/lib/pkgconfig:${PKG_CONFIG_PATH} ROS_PACKAGE_PATH=/home/autoware/Autoware/install/autoware_build_flags/share:${ROS_PACKAGE_PATH} /usr/bin/cmake /home/autoware/Autoware/src/autoware/core_perception/vision_segment_enet_detect -DCMAKE_BUILD_TYPE=Release -DCATKIN_INSTALL_INTO_PREFIX_ROOT=0 -DCMAKE_INSTALL_PREFIX=/home/autoware/Autoware/install/vision_segment_enet_detect
[0.101s] -- The C compiler identification is GNU 7.5.0
[0.182s] -- The CXX compiler identification is GNU 7.5.0
[0.188s] -- Check for working C compiler: /usr/bin/cc
[0.291s] -- Check for working C compiler: /usr/bin/cc -- works
[0.291s] -- Detecting C compiler ABI info
[0.383s] -- Detecting C compiler ABI info - done
[0.387s] -- Detecting C compile features
[0.668s] -- Detecting C compile features - done
[0.672s] -- Check for working CXX compiler: /usr/bin/c++
[0.782s] -- Check for working CXX compiler: /usr/bin/c++ -- works
[0.782s] -- Detecting CXX compiler ABI info
[0.886s] -- Detecting CXX compiler ABI info - done
[0.891s] -- Detecting CXX compile features
[1.359s] -- Detecting CXX compile features - done
[1.362s] -- Using CATKIN_DEVEL_PREFIX: /home/autoware/Autoware/build/vision_segment_enet_detect/devel
[1.362s] -- Using CMAKE_PREFIX_PATH: /home/autoware/Autoware/install/autoware_build_flags;/opt/ros/melodic
[1.362s] -- This workspace overlays: /home/autoware/Autoware/install/autoware_build_flags;/opt/ros/melodic
[1.383s] -- Found PythonInterp: /usr/bin/python2 (found suitable version "2.7.17", minimum required is "2") 
[1.383s] -- Using PYTHON_EXECUTABLE: /usr/bin/python2
[1.383s] -- Using Debian Python package layout
[1.383s] -- Using empy: /usr/bin/empy
[1.554s] -- Using CATKIN_ENABLE_TESTING: ON
[1.554s] -- Call enable_testing()
[1.558s] -- Using CATKIN_TEST_RESULTS_DIR: /home/autoware/Autoware/build/vision_segment_enet_detect/test_results
[1.592s] -- Found gtest sources under '/usr/src/googletest': gtests will be built
[1.593s] -- Found gmock sources under '/usr/src/googletest': gmock will be built
[1.610s] -- Found PythonInterp: /usr/bin/python2 (found version "2.7.17") 
[1.611s] -- Looking for pthread.h
[1.702s] -- Looking for pthread.h - found
[1.702s] -- Looking for pthread_create
[1.814s] -- Looking for pthread_create - not found
[1.814s] -- Looking for pthread_create in pthreads
[1.890s] -- Looking for pthread_create in pthreads - not found
[1.890s] -- Looking for pthread_create in pthread
[1.999s] -- Looking for pthread_create in pthread - found
[1.999s] -- Found Threads: TRUE  
[2.001s] -- Using Python nosetests: /usr/bin/nosetests-2.7
[2.051s] -- catkin 0.7.26
[2.051s] -- BUILD_SHARED_LIBS is on
[2.169s] -- CUDA compilation status: ON.
[2.388s] -- Found CUDA: /usr/local/cuda (found version "10.0") 
[2.411s] -- Found OpenCV: /usr (found version "3.2.0") 
[2.584s] ' ENet/Caffe' is not installed. 'vision_segment_enet_detect' will not be built.
[2.587s] -- Configuring done
[2.612s] -- Generating done
[2.618s] -- Build files have been written to: /home/autoware/Autoware/build/vision_segment_enet_detect
[2.627s] Invoked command in '/home/autoware/Autoware/build/vision_segment_enet_detect' returned '0': CMAKE_PREFIX_PATH=/home/autoware/Autoware/install/autoware_build_flags:${CMAKE_PREFIX_PATH} PKG_CONFIG_PATH=/home/autoware/Autoware/install/autoware_build_flags/lib/x86_64-linux-gnu/pkgconfig:/home/autoware/Autoware/install/autoware_build_flags/lib/pkgconfig:${PKG_CONFIG_PATH} ROS_PACKAGE_PATH=/home/autoware/Autoware/install/autoware_build_flags/share:${ROS_PACKAGE_PATH} /usr/bin/cmake /home/autoware/Autoware/src/autoware/core_perception/vision_segment_enet_detect -DCMAKE_BUILD_TYPE=Release -DCATKIN_INSTALL_INTO_PREFIX_ROOT=0 -DCMAKE_INSTALL_PREFIX=/home/autoware/Autoware/install/vision_segment_enet_detect
[2.628s] Invoking command in '/home/autoware/Autoware/build/vision_segment_enet_detect': CMAKE_PREFIX_PATH=/home/autoware/Autoware/install/autoware_build_flags:${CMAKE_PREFIX_PATH} PKG_CONFIG_PATH=/home/autoware/Autoware/install/autoware_build_flags/lib/x86_64-linux-gnu/pkgconfig:/home/autoware/Autoware/install/autoware_build_flags/lib/pkgconfig:${PKG_CONFIG_PATH} ROS_PACKAGE_PATH=/home/autoware/Autoware/install/autoware_build_flags/share:${ROS_PACKAGE_PATH} /usr/bin/cmake --build /home/autoware/Autoware/build/vision_segment_enet_detect -- -j2 -l2
[2.690s] Invoked command in '/home/autoware/Autoware/build/vision_segment_enet_detect' returned '0': CMAKE_PREFIX_PATH=/home/autoware/Autoware/install/autoware_build_flags:${CMAKE_PREFIX_PATH} PKG_CONFIG_PATH=/home/autoware/Autoware/install/autoware_build_flags/lib/x86_64-linux-gnu/pkgconfig:/home/autoware/Autoware/install/autoware_build_flags/lib/pkgconfig:${PKG_CONFIG_PATH} ROS_PACKAGE_PATH=/home/autoware/Autoware/install/autoware_build_flags/share:${ROS_PACKAGE_PATH} /usr/bin/cmake --build /home/autoware/Autoware/build/vision_segment_enet_detect -- -j2 -l2
[2.760s] Invoking command in '/home/autoware/Autoware/build/vision_segment_enet_detect': CMAKE_PREFIX_PATH=/home/autoware/Autoware/install/autoware_build_flags:${CMAKE_PREFIX_PATH} PKG_CONFIG_PATH=/home/autoware/Autoware/install/autoware_build_flags/lib/x86_64-linux-gnu/pkgconfig:/home/autoware/Autoware/install/autoware_build_flags/lib/pkgconfig:${PKG_CONFIG_PATH} ROS_PACKAGE_PATH=/home/autoware/Autoware/install/autoware_build_flags/share:${ROS_PACKAGE_PATH} /usr/bin/cmake --build /home/autoware/Autoware/build/vision_segment_enet_detect --target tests -- -j2 -l2
[2.842s] Scanning dependencies of target tests
[2.855s] Built target tests
[2.872s] Invoked command in '/home/autoware/Autoware/build/vision_segment_enet_detect' returned '0': CMAKE_PREFIX_PATH=/home/autoware/Autoware/install/autoware_build_flags:${CMAKE_PREFIX_PATH} PKG_CONFIG_PATH=/home/autoware/Autoware/install/autoware_build_flags/lib/x86_64-linux-gnu/pkgconfig:/home/autoware/Autoware/install/autoware_build_flags/lib/pkgconfig:${PKG_CONFIG_PATH} ROS_PACKAGE_PATH=/home/autoware/Autoware/install/autoware_build_flags/share:${ROS_PACKAGE_PATH} /usr/bin/cmake --build /home/autoware/Autoware/build/vision_segment_enet_detect --target tests -- -j2 -l2
[2.940s] Invoking command in '/home/autoware/Autoware/build/vision_segment_enet_detect': CMAKE_PREFIX_PATH=/home/autoware/Autoware/install/autoware_build_flags:${CMAKE_PREFIX_PATH} PKG_CONFIG_PATH=/home/autoware/Autoware/install/autoware_build_flags/lib/x86_64-linux-gnu/pkgconfig:/home/autoware/Autoware/install/autoware_build_flags/lib/pkgconfig:${PKG_CONFIG_PATH} ROS_PACKAGE_PATH=/home/autoware/Autoware/install/autoware_build_flags/share:${ROS_PACKAGE_PATH} /usr/bin/cmake --build /home/autoware/Autoware/build/vision_segment_enet_detect --target install -- -j2 -l2
[3.005s] Install the project...
[3.017s] -- Install configuration: "Release"
[3.017s] -- Installing: /home/autoware/Autoware/install/vision_segment_enet_detect/lib/pkgconfig/vision_segment_enet_detect.pc
[3.018s] -- Installing: /home/autoware/Autoware/install/vision_segment_enet_detect/share/vision_segment_enet_detect/cmake/vision_segment_enet_detectConfig.cmake
[3.018s] -- Installing: /home/autoware/Autoware/install/vision_segment_enet_detect/share/vision_segment_enet_detect/cmake/vision_segment_enet_detectConfig-version.cmake
[3.019s] -- Installing: /home/autoware/Autoware/install/vision_segment_enet_detect/share/vision_segment_enet_detect/package.xml
[3.027s] Invoked command in '/home/autoware/Autoware/build/vision_segment_enet_detect' returned '0': CMAKE_PREFIX_PATH=/home/autoware/Autoware/install/autoware_build_flags:${CMAKE_PREFIX_PATH} PKG_CONFIG_PATH=/home/autoware/Autoware/install/autoware_build_flags/lib/x86_64-linux-gnu/pkgconfig:/home/autoware/Autoware/install/autoware_build_flags/lib/pkgconfig:${PKG_CONFIG_PATH} ROS_PACKAGE_PATH=/home/autoware/Autoware/install/autoware_build_flags/share:${ROS_PACKAGE_PATH} /usr/bin/cmake --build /home/autoware/Autoware/build/vision_segment_enet_detect --target install -- -j2 -l2
