-- The C compiler identification is GNU 7.5.0
-- The CXX compiler identification is GNU 7.5.0
-- Check for working C compiler: /usr/bin/cc
-- Check for working C compiler: /usr/bin/cc -- works
-- Detecting C compiler ABI info
-- Detecting C compiler ABI info - done
-- Detecting C compile features
-- Detecting C compile features - done
-- Check for working CXX compiler: /usr/bin/c++
-- Check for working CXX compiler: /usr/bin/c++ -- works
-- Detecting CXX compiler ABI info
-- Detecting CXX compiler ABI info - done
-- Detecting CXX compile features
-- Detecting CXX compile features - done
-- CUDA compilation status: ON.
-- Using CATKIN_DEVEL_PREFIX: /home/autoware/Autoware/build/gnss_localizer/devel
-- Using CMAKE_PREFIX_PATH: /home/autoware/Autoware/install/gnss;/home/autoware/Autoware/install/autoware_build_flags;/opt/ros/melodic
-- This workspace overlays: /home/autoware/Autoware/install/gnss;/home/autoware/Autoware/install/autoware_build_flags;/opt/ros/melodic
-- Found PythonInterp: /usr/bin/python2 (found suitable version "2.7.17", minimum required is "2") 
-- Using PYTHON_EXECUTABLE: /usr/bin/python2
-- Using Debian Python package layout
-- Using empy: /usr/bin/empy
-- Using CATKIN_ENABLE_TESTING: ON
-- Call enable_testing()
-- Using CATKIN_TEST_RESULTS_DIR: /home/autoware/Autoware/build/gnss_localizer/test_results
-- Found gtest sources under '/usr/src/googletest': gtests will be built
-- Found gmock sources under '/usr/src/googletest': gmock will be built
-- Found PythonInterp: /usr/bin/python2 (found version "2.7.17") 
-- Looking for pthread.h
-- Looking for pthread.h - found
-- Looking for pthread_create
-- Looking for pthread_create - not found
-- Looking for pthread_create in pthreads
-- Looking for pthread_create in pthreads - not found
-- Looking for pthread_create in pthread
-- Looking for pthread_create in pthread - found
-- Found Threads: TRUE  
-- Using Python nosetests: /usr/bin/nosetests-2.7
-- catkin 0.7.26
-- BUILD_SHARED_LIBS is on
-- Using these message generators: gencpp;geneus;genlisp;gennodejs;genpy
-- Configuring done
-- Generating done
-- Build files have been written to: /home/autoware/Autoware/build/gnss_localizer
Scanning dependencies of target rosgraph_msgs_generate_messages_lisp
[  0%] Built target rosgraph_msgs_generate_messages_lisp
Scanning dependencies of target tf2_msgs_generate_messages_nodejs
[  0%] Built target tf2_msgs_generate_messages_nodejs
Scanning dependencies of target tf2_msgs_generate_messages_py
[  0%] Built target tf2_msgs_generate_messages_py
Scanning dependencies of target tf2_msgs_generate_messages_lisp
[  0%] Built target tf2_msgs_generate_messages_lisp
Scanning dependencies of target tf2_msgs_generate_messages_eus
[  0%] Built target tf2_msgs_generate_messages_eus
Scanning dependencies of target tf2_msgs_generate_messages_cpp
[  0%] Built target tf2_msgs_generate_messages_cpp
Scanning dependencies of target actionlib_msgs_generate_messages_py
[  0%] Built target actionlib_msgs_generate_messages_py
Scanning dependencies of target actionlib_msgs_generate_messages_lisp
[  0%] Built target actionlib_msgs_generate_messages_lisp
Scanning dependencies of target actionlib_msgs_generate_messages_eus
[  0%] Built target actionlib_msgs_generate_messages_eus
Scanning dependencies of target actionlib_generate_messages_py
[  0%] Built target actionlib_generate_messages_py
Scanning dependencies of target actionlib_generate_messages_nodejs
[  0%] Built target actionlib_generate_messages_nodejs
Scanning dependencies of target actionlib_generate_messages_lisp
[  0%] Built target actionlib_generate_messages_lisp
Scanning dependencies of target actionlib_generate_messages_eus
[  0%] Built target actionlib_generate_messages_eus
Scanning dependencies of target std_msgs_generate_messages_py
[  0%] Built target std_msgs_generate_messages_py
Scanning dependencies of target actionlib_msgs_generate_messages_cpp
[  0%] Built target actionlib_msgs_generate_messages_cpp
Scanning dependencies of target nmea_msgs_generate_messages_eus
[  0%] Built target nmea_msgs_generate_messages_eus
Scanning dependencies of target std_msgs_generate_messages_lisp
[  0%] Built target std_msgs_generate_messages_lisp
Scanning dependencies of target tf_generate_messages_cpp
[  0%] Built target tf_generate_messages_cpp
Scanning dependencies of target sensor_msgs_generate_messages_cpp
[  0%] Built target sensor_msgs_generate_messages_cpp
Scanning dependencies of target geometry_msgs_generate_messages_py
[  0%] Built target geometry_msgs_generate_messages_py
Scanning dependencies of target actionlib_generate_messages_cpp
[  0%] Built target actionlib_generate_messages_cpp
Scanning dependencies of target sensor_msgs_generate_messages_nodejs
[  0%] Built target sensor_msgs_generate_messages_nodejs
Scanning dependencies of target roscpp_generate_messages_cpp
[  0%] Built target roscpp_generate_messages_cpp
Scanning dependencies of target std_msgs_generate_messages_eus
[  0%] Built target std_msgs_generate_messages_eus
Scanning dependencies of target rosgraph_msgs_generate_messages_nodejs
[  0%] Built target rosgraph_msgs_generate_messages_nodejs
Scanning dependencies of target sensor_msgs_generate_messages_py
[  0%] Built target sensor_msgs_generate_messages_py
Scanning dependencies of target tf_generate_messages_py
[  0%] Built target tf_generate_messages_py
Scanning dependencies of target roscpp_generate_messages_py
[  0%] Built target roscpp_generate_messages_py
Scanning dependencies of target actionlib_msgs_generate_messages_nodejs
[  0%] Built target actionlib_msgs_generate_messages_nodejs
Scanning dependencies of target std_msgs_generate_messages_cpp
[  0%] Built target std_msgs_generate_messages_cpp
Scanning dependencies of target roscpp_generate_messages_lisp
[  0%] Built target roscpp_generate_messages_lisp
Scanning dependencies of target tf_generate_messages_lisp
[  0%] Built target tf_generate_messages_lisp
Scanning dependencies of target geometry_msgs_generate_messages_nodejs
[  0%] Built target geometry_msgs_generate_messages_nodejs
Scanning dependencies of target sensor_msgs_generate_messages_eus
[  0%] Built target sensor_msgs_generate_messages_eus
Scanning dependencies of target nmea_msgs_generate_messages_lisp
[  0%] Built target nmea_msgs_generate_messages_lisp
Scanning dependencies of target sensor_msgs_generate_messages_lisp
[  0%] Built target sensor_msgs_generate_messages_lisp
Scanning dependencies of target tf_generate_messages_nodejs
[  0%] Built target tf_generate_messages_nodejs
Scanning dependencies of target rosgraph_msgs_generate_messages_py
[  0%] Built target rosgraph_msgs_generate_messages_py
Scanning dependencies of target nmea_msgs_generate_messages_cpp
[  0%] Built target nmea_msgs_generate_messages_cpp
Scanning dependencies of target geometry_msgs_generate_messages_lisp
[  0%] Built target geometry_msgs_generate_messages_lisp
Scanning dependencies of target geometry_msgs_generate_messages_cpp
[  0%] Built target geometry_msgs_generate_messages_cpp
Scanning dependencies of target std_msgs_generate_messages_nodejs
[  0%] Built target std_msgs_generate_messages_nodejs
Scanning dependencies of target nmea_msgs_generate_messages_py
[  0%] Built target nmea_msgs_generate_messages_py
Scanning dependencies of target nmea_msgs_generate_messages_nodejs
[  0%] Built target nmea_msgs_generate_messages_nodejs
Scanning dependencies of target roscpp_generate_messages_nodejs
[  0%] Built target roscpp_generate_messages_nodejs
Scanning dependencies of target geometry_msgs_generate_messages_eus
[  0%] Built target geometry_msgs_generate_messages_eus
Scanning dependencies of target roscpp_generate_messages_eus
[  0%] Built target roscpp_generate_messages_eus
Scanning dependencies of target rosgraph_msgs_generate_messages_cpp
[  0%] Built target rosgraph_msgs_generate_messages_cpp
Scanning dependencies of target rosgraph_msgs_generate_messages_eus
[  0%] Built target rosgraph_msgs_generate_messages_eus
Scanning dependencies of target tf_generate_messages_eus
[  0%] Built target tf_generate_messages_eus
Scanning dependencies of target nmea2tfpose
[ 20%] Building CXX object CMakeFiles/nmea2tfpose.dir/nodes/nmea2tfpose/nmea2tfpose_core.cpp.o
[ 40%] Building CXX object CMakeFiles/nmea2tfpose.dir/nodes/nmea2tfpose/nmea2tfpose_node.cpp.o
[ 60%] Linking CXX executable devel/lib/gnss_localizer/nmea2tfpose
[ 60%] Built target nmea2tfpose
Scanning dependencies of target fix2tfpose
[ 80%] Building CXX object CMakeFiles/fix2tfpose.dir/nodes/fix2tfpose/fix2tfpose.cpp.o
[100%] Linking CXX executable devel/lib/gnss_localizer/fix2tfpose
[100%] Built target fix2tfpose
Scanning dependencies of target gtest
[ 25%] Building CXX object gtest/googlemock/gtest/CMakeFiles/gtest.dir/src/gtest-all.cc.o
[ 50%] Linking CXX shared library libgtest.so
[ 50%] Built target gtest
[ 50%] Built target tf2_msgs_generate_messages_nodejs
[ 50%] Built target tf2_msgs_generate_messages_py
[ 50%] Built target tf2_msgs_generate_messages_lisp
[ 50%] Built target tf2_msgs_generate_messages_eus
[ 50%] Built target tf2_msgs_generate_messages_cpp
[ 50%] Built target actionlib_msgs_generate_messages_py
[ 50%] Built target actionlib_msgs_generate_messages_lisp
[ 50%] Built target actionlib_msgs_generate_messages_eus
[ 50%] Built target actionlib_generate_messages_py
[ 50%] Built target actionlib_generate_messages_nodejs
[ 50%] Built target actionlib_generate_messages_lisp
[ 50%] Built target actionlib_generate_messages_eus
[ 50%] Built target std_msgs_generate_messages_py
[ 50%] Built target actionlib_msgs_generate_messages_cpp
[ 50%] Built target nmea_msgs_generate_messages_eus
[ 50%] Built target std_msgs_generate_messages_lisp
[ 50%] Built target tf_generate_messages_cpp
[ 50%] Built target sensor_msgs_generate_messages_cpp
[ 50%] Built target geometry_msgs_generate_messages_py
[ 50%] Built target actionlib_generate_messages_cpp
[ 50%] Built target sensor_msgs_generate_messages_nodejs
[ 50%] Built target roscpp_generate_messages_cpp
[ 50%] Built target std_msgs_generate_messages_eus
[ 50%] Built target rosgraph_msgs_generate_messages_nodejs
[ 50%] Built target sensor_msgs_generate_messages_py
[ 50%] Built target tf_generate_messages_py
[ 50%] Built target roscpp_generate_messages_py
[ 50%] Built target actionlib_msgs_generate_messages_nodejs
[ 50%] Built target std_msgs_generate_messages_cpp
[ 50%] Built target roscpp_generate_messages_lisp
[ 50%] Built target tf_generate_messages_lisp
[ 50%] Built target geometry_msgs_generate_messages_nodejs
[ 50%] Built target sensor_msgs_generate_messages_eus
[ 50%] Built target nmea_msgs_generate_messages_lisp
[ 50%] Built target sensor_msgs_generate_messages_lisp
[ 50%] Built target tf_generate_messages_nodejs
[ 50%] Built target rosgraph_msgs_generate_messages_py
[ 50%] Built target nmea_msgs_generate_messages_cpp
[ 50%] Built target geometry_msgs_generate_messages_lisp
[ 50%] Built target geometry_msgs_generate_messages_cpp
[ 50%] Built target std_msgs_generate_messages_nodejs
[ 50%] Built target nmea_msgs_generate_messages_py
[ 50%] Built target nmea_msgs_generate_messages_nodejs
[ 50%] Built target roscpp_generate_messages_nodejs
[ 50%] Built target geometry_msgs_generate_messages_eus
[ 50%] Built target roscpp_generate_messages_eus
[ 50%] Built target rosgraph_msgs_generate_messages_cpp
[ 50%] Built target rosgraph_msgs_generate_messages_eus
[ 50%] Built target tf_generate_messages_eus
[ 50%] Built target rosgraph_msgs_generate_messages_lisp
Scanning dependencies of target nmea_test
[ 75%] Building CXX object CMakeFiles/nmea_test.dir/test/nmea_test.cpp.o
[100%] Linking CXX executable devel/lib/gnss_localizer/nmea_test
[100%] Built target nmea_test
Scanning dependencies of target tests
[100%] Built target tests
[  0%] Built target rosgraph_msgs_generate_messages_lisp
[  0%] Built target tf2_msgs_generate_messages_nodejs
[  0%] Built target tf2_msgs_generate_messages_py
[  0%] Built target tf2_msgs_generate_messages_lisp
[  0%] Built target tf2_msgs_generate_messages_eus
[  0%] Built target tf2_msgs_generate_messages_cpp
[  0%] Built target actionlib_msgs_generate_messages_py
[  0%] Built target actionlib_msgs_generate_messages_lisp
[  0%] Built target actionlib_msgs_generate_messages_eus
[  0%] Built target actionlib_generate_messages_py
[  0%] Built target actionlib_generate_messages_nodejs
[  0%] Built target actionlib_generate_messages_lisp
[  0%] Built target actionlib_generate_messages_eus
[  0%] Built target std_msgs_generate_messages_py
[  0%] Built target actionlib_msgs_generate_messages_cpp
[  0%] Built target nmea_msgs_generate_messages_eus
[  0%] Built target std_msgs_generate_messages_lisp
[  0%] Built target tf_generate_messages_cpp
[  0%] Built target sensor_msgs_generate_messages_cpp
[  0%] Built target geometry_msgs_generate_messages_py
[  0%] Built target actionlib_generate_messages_cpp
[  0%] Built target sensor_msgs_generate_messages_nodejs
[  0%] Built target roscpp_generate_messages_cpp
[  0%] Built target std_msgs_generate_messages_eus
[  0%] Built target rosgraph_msgs_generate_messages_nodejs
[  0%] Built target sensor_msgs_generate_messages_py
[  0%] Built target tf_generate_messages_py
[  0%] Built target roscpp_generate_messages_py
[  0%] Built target actionlib_msgs_generate_messages_nodejs
[  0%] Built target std_msgs_generate_messages_cpp
[  0%] Built target roscpp_generate_messages_lisp
[  0%] Built target tf_generate_messages_lisp
[  0%] Built target geometry_msgs_generate_messages_nodejs
[  0%] Built target sensor_msgs_generate_messages_eus
[  0%] Built target nmea_msgs_generate_messages_lisp
[  0%] Built target sensor_msgs_generate_messages_lisp
[  0%] Built target tf_generate_messages_nodejs
[  0%] Built target rosgraph_msgs_generate_messages_py
[  0%] Built target nmea_msgs_generate_messages_cpp
[  0%] Built target geometry_msgs_generate_messages_lisp
[  0%] Built target geometry_msgs_generate_messages_cpp
[  0%] Built target std_msgs_generate_messages_nodejs
[  0%] Built target nmea_msgs_generate_messages_py
[  0%] Built target nmea_msgs_generate_messages_nodejs
[  0%] Built target roscpp_generate_messages_nodejs
[  0%] Built target geometry_msgs_generate_messages_eus
[  0%] Built target roscpp_generate_messages_eus
[  0%] Built target rosgraph_msgs_generate_messages_cpp
[  0%] Built target rosgraph_msgs_generate_messages_eus
[  0%] Built target tf_generate_messages_eus
[ 60%] Built target nmea2tfpose
[100%] Built target fix2tfpose
Install the project...
-- Install configuration: "Release"
-- Installing: /home/autoware/Autoware/install/gnss_localizer/lib/pkgconfig/gnss_localizer.pc
-- Installing: /home/autoware/Autoware/install/gnss_localizer/share/gnss_localizer/cmake/gnss_localizerConfig.cmake
-- Installing: /home/autoware/Autoware/install/gnss_localizer/share/gnss_localizer/cmake/gnss_localizerConfig-version.cmake
-- Installing: /home/autoware/Autoware/install/gnss_localizer/share/gnss_localizer/package.xml
-- Installing: /home/autoware/Autoware/install/gnss_localizer/lib/gnss_localizer/nmea2tfpose
-- Set runtime path of "/home/autoware/Autoware/install/gnss_localizer/lib/gnss_localizer/nmea2tfpose" to ""
-- Installing: /home/autoware/Autoware/install/gnss_localizer/lib/gnss_localizer/fix2tfpose
-- Set runtime path of "/home/autoware/Autoware/install/gnss_localizer/lib/gnss_localizer/fix2tfpose" to ""
-- Installing: /home/autoware/Autoware/install/gnss_localizer/share/gnss_localizer/launch
-- Installing: /home/autoware/Autoware/install/gnss_localizer/share/gnss_localizer/launch/nmea2tfpose.launch
-- Installing: /home/autoware/Autoware/install/gnss_localizer/share/gnss_localizer/launch/fix2tfpose.launch
