[0.017s] Invoking command in '/home/autoware/Autoware/build/gnss_localizer': CMAKE_PREFIX_PATH=/home/autoware/Autoware/install/gnss:/home/autoware/Autoware/install/autoware_build_flags:${CMAKE_PREFIX_PATH} LD_LIBRARY_PATH=/home/autoware/Autoware/install/gnss/lib:${LD_LIBRARY_PATH} PKG_CONFIG_PATH=/home/autoware/Autoware/install/gnss/lib/x86_64-linux-gnu/pkgconfig:/home/autoware/Autoware/install/gnss/lib/pkgconfig:/home/autoware/Autoware/install/autoware_build_flags/lib/x86_64-linux-gnu/pkgconfig:/home/autoware/Autoware/install/autoware_build_flags/lib/pkgconfig:${PKG_CONFIG_PATH} ROS_PACKAGE_PATH=/home/autoware/Autoware/install/gnss/share:/home/autoware/Autoware/install/autoware_build_flags/share:${ROS_PACKAGE_PATH} /usr/bin/cmake /home/autoware/Autoware/src/autoware/core_perception/gnss_localizer -DCMAKE_BUILD_TYPE=Release -DCATKIN_INSTALL_INTO_PREFIX_ROOT=0 -DCMAKE_INSTALL_PREFIX=/home/autoware/Autoware/install/gnss_localizer
[0.090s] -- The C compiler identification is GNU 7.5.0
[0.161s] -- The CXX compiler identification is GNU 7.5.0
[0.167s] -- Check for working C compiler: /usr/bin/cc
[0.249s] -- Check for working C compiler: /usr/bin/cc -- works
[0.250s] -- Detecting C compiler ABI info
[0.329s] -- Detecting C compiler ABI info - done
[0.340s] -- Detecting C compile features
[0.675s] -- Detecting C compile features - done
[0.678s] -- Check for working CXX compiler: /usr/bin/c++
[0.768s] -- Check for working CXX compiler: /usr/bin/c++ -- works
[0.768s] -- Detecting CXX compiler ABI info
[0.863s] -- Detecting CXX compiler ABI info - done
[0.872s] -- Detecting CXX compile features
[1.313s] -- Detecting CXX compile features - done
[1.315s] -- CUDA compilation status: ON.
[1.317s] -- Using CATKIN_DEVEL_PREFIX: /home/autoware/Autoware/build/gnss_localizer/devel
[1.317s] -- Using CMAKE_PREFIX_PATH: /home/autoware/Autoware/install/gnss;/home/autoware/Autoware/install/autoware_build_flags;/opt/ros/melodic
[1.317s] -- This workspace overlays: /home/autoware/Autoware/install/gnss;/home/autoware/Autoware/install/autoware_build_flags;/opt/ros/melodic
[1.333s] -- Found PythonInterp: /usr/bin/python2 (found suitable version "2.7.17", minimum required is "2") 
[1.333s] -- Using PYTHON_EXECUTABLE: /usr/bin/python2
[1.333s] -- Using Debian Python package layout
[1.333s] -- Using empy: /usr/bin/empy
[1.494s] -- Using CATKIN_ENABLE_TESTING: ON
[1.494s] -- Call enable_testing()
[1.496s] -- Using CATKIN_TEST_RESULTS_DIR: /home/autoware/Autoware/build/gnss_localizer/test_results
[1.523s] -- Found gtest sources under '/usr/src/googletest': gtests will be built
[1.523s] -- Found gmock sources under '/usr/src/googletest': gmock will be built
[1.541s] -- Found PythonInterp: /usr/bin/python2 (found version "2.7.17") 
[1.542s] -- Looking for pthread.h
[1.625s] -- Looking for pthread.h - found
[1.626s] -- Looking for pthread_create
[1.716s] -- Looking for pthread_create - not found
[1.716s] -- Looking for pthread_create in pthreads
[1.791s] -- Looking for pthread_create in pthreads - not found
[1.792s] -- Looking for pthread_create in pthread
[1.865s] -- Looking for pthread_create in pthread - found
[1.866s] -- Found Threads: TRUE  
[1.871s] -- Using Python nosetests: /usr/bin/nosetests-2.7
[1.915s] -- catkin 0.7.26
[1.915s] -- BUILD_SHARED_LIBS is on
[2.139s] -- Using these message generators: gencpp;geneus;genlisp;gennodejs;genpy
[2.383s] -- Configuring done
[2.433s] -- Generating done
[2.442s] -- Build files have been written to: /home/autoware/Autoware/build/gnss_localizer
[2.447s] Invoked command in '/home/autoware/Autoware/build/gnss_localizer' returned '0': CMAKE_PREFIX_PATH=/home/autoware/Autoware/install/gnss:/home/autoware/Autoware/install/autoware_build_flags:${CMAKE_PREFIX_PATH} LD_LIBRARY_PATH=/home/autoware/Autoware/install/gnss/lib:${LD_LIBRARY_PATH} PKG_CONFIG_PATH=/home/autoware/Autoware/install/gnss/lib/x86_64-linux-gnu/pkgconfig:/home/autoware/Autoware/install/gnss/lib/pkgconfig:/home/autoware/Autoware/install/autoware_build_flags/lib/x86_64-linux-gnu/pkgconfig:/home/autoware/Autoware/install/autoware_build_flags/lib/pkgconfig:${PKG_CONFIG_PATH} ROS_PACKAGE_PATH=/home/autoware/Autoware/install/gnss/share:/home/autoware/Autoware/install/autoware_build_flags/share:${ROS_PACKAGE_PATH} /usr/bin/cmake /home/autoware/Autoware/src/autoware/core_perception/gnss_localizer -DCMAKE_BUILD_TYPE=Release -DCATKIN_INSTALL_INTO_PREFIX_ROOT=0 -DCMAKE_INSTALL_PREFIX=/home/autoware/Autoware/install/gnss_localizer
[2.448s] Invoking command in '/home/autoware/Autoware/build/gnss_localizer': CMAKE_PREFIX_PATH=/home/autoware/Autoware/install/gnss:/home/autoware/Autoware/install/autoware_build_flags:${CMAKE_PREFIX_PATH} LD_LIBRARY_PATH=/home/autoware/Autoware/install/gnss/lib:${LD_LIBRARY_PATH} PKG_CONFIG_PATH=/home/autoware/Autoware/install/gnss/lib/x86_64-linux-gnu/pkgconfig:/home/autoware/Autoware/install/gnss/lib/pkgconfig:/home/autoware/Autoware/install/autoware_build_flags/lib/x86_64-linux-gnu/pkgconfig:/home/autoware/Autoware/install/autoware_build_flags/lib/pkgconfig:${PKG_CONFIG_PATH} ROS_PACKAGE_PATH=/home/autoware/Autoware/install/gnss/share:/home/autoware/Autoware/install/autoware_build_flags/share:${ROS_PACKAGE_PATH} /usr/bin/cmake --build /home/autoware/Autoware/build/gnss_localizer -- -j2 -l2
[2.505s] Scanning dependencies of target rosgraph_msgs_generate_messages_lisp
[2.517s] [  0%] Built target rosgraph_msgs_generate_messages_lisp
[2.529s] Scanning dependencies of target tf2_msgs_generate_messages_nodejs
[2.540s] [  0%] Built target tf2_msgs_generate_messages_nodejs
[2.552s] Scanning dependencies of target tf2_msgs_generate_messages_py
[2.562s] [  0%] Built target tf2_msgs_generate_messages_py
[2.572s] Scanning dependencies of target tf2_msgs_generate_messages_lisp
[2.583s] [  0%] Built target tf2_msgs_generate_messages_lisp
[2.594s] Scanning dependencies of target tf2_msgs_generate_messages_eus
[2.605s] [  0%] Built target tf2_msgs_generate_messages_eus
[2.617s] Scanning dependencies of target tf2_msgs_generate_messages_cpp
[2.630s] [  0%] Built target tf2_msgs_generate_messages_cpp
[2.642s] Scanning dependencies of target actionlib_msgs_generate_messages_py
[2.655s] [  0%] Built target actionlib_msgs_generate_messages_py
[2.668s] Scanning dependencies of target actionlib_msgs_generate_messages_lisp
[2.681s] [  0%] Built target actionlib_msgs_generate_messages_lisp
[2.695s] Scanning dependencies of target actionlib_msgs_generate_messages_eus
[2.709s] [  0%] Built target actionlib_msgs_generate_messages_eus
[2.724s] Scanning dependencies of target actionlib_generate_messages_py
[2.739s] [  0%] Built target actionlib_generate_messages_py
[2.751s] Scanning dependencies of target actionlib_generate_messages_nodejs
[2.763s] [  0%] Built target actionlib_generate_messages_nodejs
[2.775s] Scanning dependencies of target actionlib_generate_messages_lisp
[2.786s] [  0%] Built target actionlib_generate_messages_lisp
[2.797s] Scanning dependencies of target actionlib_generate_messages_eus
[2.807s] [  0%] Built target actionlib_generate_messages_eus
[2.820s] Scanning dependencies of target std_msgs_generate_messages_py
[2.832s] [  0%] Built target std_msgs_generate_messages_py
[2.845s] Scanning dependencies of target actionlib_msgs_generate_messages_cpp
[2.857s] [  0%] Built target actionlib_msgs_generate_messages_cpp
[2.872s] Scanning dependencies of target nmea_msgs_generate_messages_eus
[2.885s] [  0%] Built target nmea_msgs_generate_messages_eus
[2.900s] Scanning dependencies of target std_msgs_generate_messages_lisp
[2.913s] [  0%] Built target std_msgs_generate_messages_lisp
[2.926s] Scanning dependencies of target tf_generate_messages_cpp
[2.937s] [  0%] Built target tf_generate_messages_cpp
[2.949s] Scanning dependencies of target sensor_msgs_generate_messages_cpp
[2.959s] [  0%] Built target sensor_msgs_generate_messages_cpp
[2.971s] Scanning dependencies of target geometry_msgs_generate_messages_py
[2.982s] [  0%] Built target geometry_msgs_generate_messages_py
[2.995s] Scanning dependencies of target actionlib_generate_messages_cpp
[3.006s] [  0%] Built target actionlib_generate_messages_cpp
[3.020s] Scanning dependencies of target sensor_msgs_generate_messages_nodejs
[3.031s] [  0%] Built target sensor_msgs_generate_messages_nodejs
[3.042s] Scanning dependencies of target roscpp_generate_messages_cpp
[3.053s] [  0%] Built target roscpp_generate_messages_cpp
[3.065s] Scanning dependencies of target std_msgs_generate_messages_eus
[3.076s] [  0%] Built target std_msgs_generate_messages_eus
[3.087s] Scanning dependencies of target rosgraph_msgs_generate_messages_nodejs
[3.099s] [  0%] Built target rosgraph_msgs_generate_messages_nodejs
[3.111s] Scanning dependencies of target sensor_msgs_generate_messages_py
[3.123s] [  0%] Built target sensor_msgs_generate_messages_py
[3.136s] Scanning dependencies of target tf_generate_messages_py
[3.148s] [  0%] Built target tf_generate_messages_py
[3.161s] Scanning dependencies of target roscpp_generate_messages_py
[3.173s] [  0%] Built target roscpp_generate_messages_py
[3.185s] Scanning dependencies of target actionlib_msgs_generate_messages_nodejs
[3.196s] [  0%] Built target actionlib_msgs_generate_messages_nodejs
[3.209s] Scanning dependencies of target std_msgs_generate_messages_cpp
[3.221s] [  0%] Built target std_msgs_generate_messages_cpp
[3.234s] Scanning dependencies of target roscpp_generate_messages_lisp
[3.246s] [  0%] Built target roscpp_generate_messages_lisp
[3.258s] Scanning dependencies of target tf_generate_messages_lisp
[3.270s] [  0%] Built target tf_generate_messages_lisp
[3.281s] Scanning dependencies of target geometry_msgs_generate_messages_nodejs
[3.292s] [  0%] Built target geometry_msgs_generate_messages_nodejs
[3.303s] Scanning dependencies of target sensor_msgs_generate_messages_eus
[3.314s] [  0%] Built target sensor_msgs_generate_messages_eus
[3.325s] Scanning dependencies of target nmea_msgs_generate_messages_lisp
[3.339s] [  0%] Built target nmea_msgs_generate_messages_lisp
[3.351s] Scanning dependencies of target sensor_msgs_generate_messages_lisp
[3.364s] [  0%] Built target sensor_msgs_generate_messages_lisp
[3.378s] Scanning dependencies of target tf_generate_messages_nodejs
[3.392s] [  0%] Built target tf_generate_messages_nodejs
[3.408s] Scanning dependencies of target rosgraph_msgs_generate_messages_py
[3.422s] [  0%] Built target rosgraph_msgs_generate_messages_py
[3.437s] Scanning dependencies of target nmea_msgs_generate_messages_cpp
[3.450s] [  0%] Built target nmea_msgs_generate_messages_cpp
[3.463s] Scanning dependencies of target geometry_msgs_generate_messages_lisp
[3.476s] [  0%] Built target geometry_msgs_generate_messages_lisp
[3.490s] Scanning dependencies of target geometry_msgs_generate_messages_cpp
[3.502s] [  0%] Built target geometry_msgs_generate_messages_cpp
[3.516s] Scanning dependencies of target std_msgs_generate_messages_nodejs
[3.529s] [  0%] Built target std_msgs_generate_messages_nodejs
[3.542s] Scanning dependencies of target nmea_msgs_generate_messages_py
[3.553s] [  0%] Built target nmea_msgs_generate_messages_py
[3.566s] Scanning dependencies of target nmea_msgs_generate_messages_nodejs
[3.578s] [  0%] Built target nmea_msgs_generate_messages_nodejs
[3.594s] Scanning dependencies of target roscpp_generate_messages_nodejs
[3.606s] [  0%] Built target roscpp_generate_messages_nodejs
[3.620s] Scanning dependencies of target geometry_msgs_generate_messages_eus
[3.632s] [  0%] Built target geometry_msgs_generate_messages_eus
[3.645s] Scanning dependencies of target roscpp_generate_messages_eus
[3.658s] [  0%] Built target roscpp_generate_messages_eus
[3.669s] Scanning dependencies of target rosgraph_msgs_generate_messages_cpp
[3.679s] [  0%] Built target rosgraph_msgs_generate_messages_cpp
[3.690s] Scanning dependencies of target rosgraph_msgs_generate_messages_eus
[3.701s] [  0%] Built target rosgraph_msgs_generate_messages_eus
[3.713s] Scanning dependencies of target tf_generate_messages_eus
[3.725s] [  0%] Built target tf_generate_messages_eus
[3.754s] Scanning dependencies of target nmea2tfpose
[3.770s] [ 20%] Building CXX object CMakeFiles/nmea2tfpose.dir/nodes/nmea2tfpose/nmea2tfpose_core.cpp.o
[8.111s] [ 40%] Building CXX object CMakeFiles/nmea2tfpose.dir/nodes/nmea2tfpose/nmea2tfpose_node.cpp.o
[10.945s] [ 60%] Linking CXX executable devel/lib/gnss_localizer/nmea2tfpose
[11.110s] [ 60%] Built target nmea2tfpose
[11.137s] Scanning dependencies of target fix2tfpose
[11.159s] [ 80%] Building CXX object CMakeFiles/fix2tfpose.dir/nodes/fix2tfpose/fix2tfpose.cpp.o
[15.255s] [100%] Linking CXX executable devel/lib/gnss_localizer/fix2tfpose
[15.401s] [100%] Built target fix2tfpose
[15.415s] Invoked command in '/home/autoware/Autoware/build/gnss_localizer' returned '0': CMAKE_PREFIX_PATH=/home/autoware/Autoware/install/gnss:/home/autoware/Autoware/install/autoware_build_flags:${CMAKE_PREFIX_PATH} LD_LIBRARY_PATH=/home/autoware/Autoware/install/gnss/lib:${LD_LIBRARY_PATH} PKG_CONFIG_PATH=/home/autoware/Autoware/install/gnss/lib/x86_64-linux-gnu/pkgconfig:/home/autoware/Autoware/install/gnss/lib/pkgconfig:/home/autoware/Autoware/install/autoware_build_flags/lib/x86_64-linux-gnu/pkgconfig:/home/autoware/Autoware/install/autoware_build_flags/lib/pkgconfig:${PKG_CONFIG_PATH} ROS_PACKAGE_PATH=/home/autoware/Autoware/install/gnss/share:/home/autoware/Autoware/install/autoware_build_flags/share:${ROS_PACKAGE_PATH} /usr/bin/cmake --build /home/autoware/Autoware/build/gnss_localizer -- -j2 -l2
[15.519s] Invoking command in '/home/autoware/Autoware/build/gnss_localizer': CMAKE_PREFIX_PATH=/home/autoware/Autoware/install/gnss:/home/autoware/Autoware/install/autoware_build_flags:${CMAKE_PREFIX_PATH} LD_LIBRARY_PATH=/home/autoware/Autoware/install/gnss/lib:${LD_LIBRARY_PATH} PKG_CONFIG_PATH=/home/autoware/Autoware/install/gnss/lib/x86_64-linux-gnu/pkgconfig:/home/autoware/Autoware/install/gnss/lib/pkgconfig:/home/autoware/Autoware/install/autoware_build_flags/lib/x86_64-linux-gnu/pkgconfig:/home/autoware/Autoware/install/autoware_build_flags/lib/pkgconfig:${PKG_CONFIG_PATH} ROS_PACKAGE_PATH=/home/autoware/Autoware/install/gnss/share:/home/autoware/Autoware/install/autoware_build_flags/share:${ROS_PACKAGE_PATH} /usr/bin/cmake --build /home/autoware/Autoware/build/gnss_localizer --target tests -- -j2 -l2
[15.606s] Scanning dependencies of target gtest
[15.619s] [ 25%] Building CXX object gtest/googlemock/gtest/CMakeFiles/gtest.dir/src/gtest-all.cc.o
[20.717s] [ 50%] Linking CXX shared library libgtest.so
[20.801s] [ 50%] Built target gtest
[20.827s] [ 50%] Built target tf2_msgs_generate_messages_nodejs
[20.853s] [ 50%] Built target tf2_msgs_generate_messages_py
[20.879s] [ 50%] Built target tf2_msgs_generate_messages_lisp
[20.904s] [ 50%] Built target tf2_msgs_generate_messages_eus
[20.928s] [ 50%] Built target tf2_msgs_generate_messages_cpp
[20.952s] [ 50%] Built target actionlib_msgs_generate_messages_py
[20.975s] [ 50%] Built target actionlib_msgs_generate_messages_lisp
[21.000s] [ 50%] Built target actionlib_msgs_generate_messages_eus
[21.024s] [ 50%] Built target actionlib_generate_messages_py
[21.051s] [ 50%] Built target actionlib_generate_messages_nodejs
[21.074s] [ 50%] Built target actionlib_generate_messages_lisp
[21.097s] [ 50%] Built target actionlib_generate_messages_eus
[21.121s] [ 50%] Built target std_msgs_generate_messages_py
[21.144s] [ 50%] Built target actionlib_msgs_generate_messages_cpp
[21.170s] [ 50%] Built target nmea_msgs_generate_messages_eus
[21.196s] [ 50%] Built target std_msgs_generate_messages_lisp
[21.222s] [ 50%] Built target tf_generate_messages_cpp
[21.245s] [ 50%] Built target sensor_msgs_generate_messages_cpp
[21.270s] [ 50%] Built target geometry_msgs_generate_messages_py
[21.295s] [ 50%] Built target actionlib_generate_messages_cpp
[21.318s] [ 50%] Built target sensor_msgs_generate_messages_nodejs
[21.340s] [ 50%] Built target roscpp_generate_messages_cpp
[21.363s] [ 50%] Built target std_msgs_generate_messages_eus
[21.385s] [ 50%] Built target rosgraph_msgs_generate_messages_nodejs
[21.407s] [ 50%] Built target sensor_msgs_generate_messages_py
[21.431s] [ 50%] Built target tf_generate_messages_py
[21.453s] [ 50%] Built target roscpp_generate_messages_py
[21.474s] [ 50%] Built target actionlib_msgs_generate_messages_nodejs
[21.496s] [ 50%] Built target std_msgs_generate_messages_cpp
[21.519s] [ 50%] Built target roscpp_generate_messages_lisp
[21.540s] [ 50%] Built target tf_generate_messages_lisp
[21.564s] [ 50%] Built target geometry_msgs_generate_messages_nodejs
[21.586s] [ 50%] Built target sensor_msgs_generate_messages_eus
[21.610s] [ 50%] Built target nmea_msgs_generate_messages_lisp
[21.633s] [ 50%] Built target sensor_msgs_generate_messages_lisp
[21.655s] [ 50%] Built target tf_generate_messages_nodejs
[21.682s] [ 50%] Built target rosgraph_msgs_generate_messages_py
[21.708s] [ 50%] Built target nmea_msgs_generate_messages_cpp
[21.736s] [ 50%] Built target geometry_msgs_generate_messages_lisp
[21.761s] [ 50%] Built target geometry_msgs_generate_messages_cpp
[21.789s] [ 50%] Built target std_msgs_generate_messages_nodejs
[21.812s] [ 50%] Built target nmea_msgs_generate_messages_py
[21.837s] [ 50%] Built target nmea_msgs_generate_messages_nodejs
[21.862s] [ 50%] Built target roscpp_generate_messages_nodejs
[21.886s] [ 50%] Built target geometry_msgs_generate_messages_eus
[21.910s] [ 50%] Built target roscpp_generate_messages_eus
[21.933s] [ 50%] Built target rosgraph_msgs_generate_messages_cpp
[21.956s] [ 50%] Built target rosgraph_msgs_generate_messages_eus
[21.979s] [ 50%] Built target tf_generate_messages_eus
[22.007s] [ 50%] Built target rosgraph_msgs_generate_messages_lisp
[22.035s] Scanning dependencies of target nmea_test
[22.053s] [ 75%] Building CXX object CMakeFiles/nmea_test.dir/test/nmea_test.cpp.o
[25.428s] [100%] Linking CXX executable devel/lib/gnss_localizer/nmea_test
[25.570s] [100%] Built target nmea_test
[25.585s] Scanning dependencies of target tests
[25.597s] [100%] Built target tests
[25.611s] Invoked command in '/home/autoware/Autoware/build/gnss_localizer' returned '0': CMAKE_PREFIX_PATH=/home/autoware/Autoware/install/gnss:/home/autoware/Autoware/install/autoware_build_flags:${CMAKE_PREFIX_PATH} LD_LIBRARY_PATH=/home/autoware/Autoware/install/gnss/lib:${LD_LIBRARY_PATH} PKG_CONFIG_PATH=/home/autoware/Autoware/install/gnss/lib/x86_64-linux-gnu/pkgconfig:/home/autoware/Autoware/install/gnss/lib/pkgconfig:/home/autoware/Autoware/install/autoware_build_flags/lib/x86_64-linux-gnu/pkgconfig:/home/autoware/Autoware/install/autoware_build_flags/lib/pkgconfig:${PKG_CONFIG_PATH} ROS_PACKAGE_PATH=/home/autoware/Autoware/install/gnss/share:/home/autoware/Autoware/install/autoware_build_flags/share:${ROS_PACKAGE_PATH} /usr/bin/cmake --build /home/autoware/Autoware/build/gnss_localizer --target tests -- -j2 -l2
[25.721s] Invoking command in '/home/autoware/Autoware/build/gnss_localizer': CMAKE_PREFIX_PATH=/home/autoware/Autoware/install/gnss:/home/autoware/Autoware/install/autoware_build_flags:${CMAKE_PREFIX_PATH} LD_LIBRARY_PATH=/home/autoware/Autoware/install/gnss/lib:${LD_LIBRARY_PATH} PKG_CONFIG_PATH=/home/autoware/Autoware/install/gnss/lib/x86_64-linux-gnu/pkgconfig:/home/autoware/Autoware/install/gnss/lib/pkgconfig:/home/autoware/Autoware/install/autoware_build_flags/lib/x86_64-linux-gnu/pkgconfig:/home/autoware/Autoware/install/autoware_build_flags/lib/pkgconfig:${PKG_CONFIG_PATH} ROS_PACKAGE_PATH=/home/autoware/Autoware/install/gnss/share:/home/autoware/Autoware/install/autoware_build_flags/share:${ROS_PACKAGE_PATH} /usr/bin/cmake --build /home/autoware/Autoware/build/gnss_localizer --target install -- -j2 -l2
[25.786s] [  0%] Built target rosgraph_msgs_generate_messages_lisp
[25.811s] [  0%] Built target tf2_msgs_generate_messages_nodejs
[25.834s] [  0%] Built target tf2_msgs_generate_messages_py
[25.857s] [  0%] Built target tf2_msgs_generate_messages_lisp
[25.880s] [  0%] Built target tf2_msgs_generate_messages_eus
[25.908s] [  0%] Built target tf2_msgs_generate_messages_cpp
[25.932s] [  0%] Built target actionlib_msgs_generate_messages_py
[25.954s] [  0%] Built target actionlib_msgs_generate_messages_lisp
[25.976s] [  0%] Built target actionlib_msgs_generate_messages_eus
[25.999s] [  0%] Built target actionlib_generate_messages_py
[26.021s] [  0%] Built target actionlib_generate_messages_nodejs
[26.045s] [  0%] Built target actionlib_generate_messages_lisp
[26.069s] [  0%] Built target actionlib_generate_messages_eus
[26.091s] [  0%] Built target std_msgs_generate_messages_py
[26.116s] [  0%] Built target actionlib_msgs_generate_messages_cpp
[26.145s] [  0%] Built target nmea_msgs_generate_messages_eus
[26.173s] [  0%] Built target std_msgs_generate_messages_lisp
[26.196s] [  0%] Built target tf_generate_messages_cpp
[26.220s] [  0%] Built target sensor_msgs_generate_messages_cpp
[26.243s] [  0%] Built target geometry_msgs_generate_messages_py
[26.268s] [  0%] Built target actionlib_generate_messages_cpp
[26.303s] [  0%] Built target sensor_msgs_generate_messages_nodejs
[26.331s] [  0%] Built target roscpp_generate_messages_cpp
[26.357s] [  0%] Built target std_msgs_generate_messages_eus
[26.385s] [  0%] Built target rosgraph_msgs_generate_messages_nodejs
[26.410s] [  0%] Built target sensor_msgs_generate_messages_py
[26.435s] [  0%] Built target tf_generate_messages_py
[26.458s] [  0%] Built target roscpp_generate_messages_py
[26.483s] [  0%] Built target actionlib_msgs_generate_messages_nodejs
[26.508s] [  0%] Built target std_msgs_generate_messages_cpp
[26.533s] [  0%] Built target roscpp_generate_messages_lisp
[26.558s] [  0%] Built target tf_generate_messages_lisp
[26.594s] [  0%] Built target geometry_msgs_generate_messages_nodejs
[26.620s] [  0%] Built target sensor_msgs_generate_messages_eus
[26.646s] [  0%] Built target nmea_msgs_generate_messages_lisp
[26.673s] [  0%] Built target sensor_msgs_generate_messages_lisp
[26.698s] [  0%] Built target tf_generate_messages_nodejs
[26.724s] [  0%] Built target rosgraph_msgs_generate_messages_py
[26.749s] [  0%] Built target nmea_msgs_generate_messages_cpp
[26.774s] [  0%] Built target geometry_msgs_generate_messages_lisp
[26.801s] [  0%] Built target geometry_msgs_generate_messages_cpp
[26.826s] [  0%] Built target std_msgs_generate_messages_nodejs
[26.847s] [  0%] Built target nmea_msgs_generate_messages_py
[26.872s] [  0%] Built target nmea_msgs_generate_messages_nodejs
[26.896s] [  0%] Built target roscpp_generate_messages_nodejs
[26.924s] [  0%] Built target geometry_msgs_generate_messages_eus
[26.947s] [  0%] Built target roscpp_generate_messages_eus
[26.970s] [  0%] Built target rosgraph_msgs_generate_messages_cpp
[26.995s] [  0%] Built target rosgraph_msgs_generate_messages_eus
[27.020s] [  0%] Built target tf_generate_messages_eus
[27.056s] [ 60%] Built target nmea2tfpose
[27.091s] [100%] Built target fix2tfpose
[27.118s] Install the project...
[27.130s] -- Install configuration: "Release"
[27.130s] -- Installing: /home/autoware/Autoware/install/gnss_localizer/lib/pkgconfig/gnss_localizer.pc
[27.131s] -- Installing: /home/autoware/Autoware/install/gnss_localizer/share/gnss_localizer/cmake/gnss_localizerConfig.cmake
[27.131s] -- Installing: /home/autoware/Autoware/install/gnss_localizer/share/gnss_localizer/cmake/gnss_localizerConfig-version.cmake
[27.131s] -- Installing: /home/autoware/Autoware/install/gnss_localizer/share/gnss_localizer/package.xml
[27.132s] -- Installing: /home/autoware/Autoware/install/gnss_localizer/lib/gnss_localizer/nmea2tfpose
[27.135s] -- Set runtime path of "/home/autoware/Autoware/install/gnss_localizer/lib/gnss_localizer/nmea2tfpose" to ""
[27.135s] -- Installing: /home/autoware/Autoware/install/gnss_localizer/lib/gnss_localizer/fix2tfpose
[27.138s] -- Set runtime path of "/home/autoware/Autoware/install/gnss_localizer/lib/gnss_localizer/fix2tfpose" to ""
[27.138s] -- Installing: /home/autoware/Autoware/install/gnss_localizer/share/gnss_localizer/launch
[27.139s] -- Installing: /home/autoware/Autoware/install/gnss_localizer/share/gnss_localizer/launch/nmea2tfpose.launch
[27.140s] -- Installing: /home/autoware/Autoware/install/gnss_localizer/share/gnss_localizer/launch/fix2tfpose.launch
[27.153s] Invoked command in '/home/autoware/Autoware/build/gnss_localizer' returned '0': CMAKE_PREFIX_PATH=/home/autoware/Autoware/install/gnss:/home/autoware/Autoware/install/autoware_build_flags:${CMAKE_PREFIX_PATH} LD_LIBRARY_PATH=/home/autoware/Autoware/install/gnss/lib:${LD_LIBRARY_PATH} PKG_CONFIG_PATH=/home/autoware/Autoware/install/gnss/lib/x86_64-linux-gnu/pkgconfig:/home/autoware/Autoware/install/gnss/lib/pkgconfig:/home/autoware/Autoware/install/autoware_build_flags/lib/x86_64-linux-gnu/pkgconfig:/home/autoware/Autoware/install/autoware_build_flags/lib/pkgconfig:${PKG_CONFIG_PATH} ROS_PACKAGE_PATH=/home/autoware/Autoware/install/gnss/share:/home/autoware/Autoware/install/autoware_build_flags/share:${ROS_PACKAGE_PATH} /usr/bin/cmake --build /home/autoware/Autoware/build/gnss_localizer --target install -- -j2 -l2
