[0.012s] Invoking command in '/home/autoware/Autoware/build/autoware_external_msgs': /usr/bin/cmake /home/autoware/Autoware/src/autoware/messages/autoware_external_msgs -DCMAKE_BUILD_TYPE=Release -DCATKIN_INSTALL_INTO_PREFIX_ROOT=0 -DCMAKE_INSTALL_PREFIX=/home/autoware/Autoware/install/autoware_external_msgs
[0.096s] -- The C compiler identification is GNU 7.5.0
[0.168s] -- The CXX compiler identification is GNU 7.5.0
[0.174s] -- Check for working C compiler: /usr/bin/cc
[0.262s] -- Check for working C compiler: /usr/bin/cc -- works
[0.262s] -- Detecting C compiler ABI info
[0.343s] -- Detecting C compiler ABI info - done
[0.348s] -- Detecting C compile features
[0.627s] -- Detecting C compile features - done
[0.630s] -- Check for working CXX compiler: /usr/bin/c++
[0.739s] -- Check for working CXX compiler: /usr/bin/c++ -- works
[0.740s] -- Detecting CXX compiler ABI info
[0.947s] -- Detecting CXX compiler ABI info - done
[0.951s] -- Detecting CXX compile features
[1.383s] -- Detecting CXX compile features - done
[1.386s] -- Using CATKIN_DEVEL_PREFIX: /home/autoware/Autoware/build/autoware_external_msgs/devel
[1.387s] -- Using CMAKE_PREFIX_PATH: /opt/ros/melodic
[1.387s] -- This workspace overlays: /opt/ros/melodic
[1.407s] -- Found PythonInterp: /usr/bin/python2 (found suitable version "2.7.17", minimum required is "2") 
[1.407s] -- Using PYTHON_EXECUTABLE: /usr/bin/python2
[1.407s] -- Using Debian Python package layout
[1.407s] -- Using empy: /usr/bin/empy
[1.570s] -- Using CATKIN_ENABLE_TESTING: ON
[1.570s] -- Call enable_testing()
[1.575s] -- Using CATKIN_TEST_RESULTS_DIR: /home/autoware/Autoware/build/autoware_external_msgs/test_results
[1.601s] -- Found gtest sources under '/usr/src/googletest': gtests will be built
[1.602s] -- Found gmock sources under '/usr/src/googletest': gmock will be built
[1.620s] -- Found PythonInterp: /usr/bin/python2 (found version "2.7.17") 
[1.620s] -- Looking for pthread.h
[1.707s] -- Looking for pthread.h - found
[1.707s] -- Looking for pthread_create
[1.799s] -- Looking for pthread_create - not found
[1.800s] -- Looking for pthread_create in pthreads
[1.863s] -- Looking for pthread_create in pthreads - not found
[1.864s] -- Looking for pthread_create in pthread
[1.943s] -- Looking for pthread_create in pthread - found
[1.944s] -- Found Threads: TRUE  
[1.948s] -- Using Python nosetests: /usr/bin/nosetests-2.7
[1.992s] -- catkin 0.7.26
[1.992s] -- BUILD_SHARED_LIBS is on
[2.213s] -- Configuring done
[2.225s] -- Generating done
[2.227s] -- Build files have been written to: /home/autoware/Autoware/build/autoware_external_msgs
[2.234s] Invoked command in '/home/autoware/Autoware/build/autoware_external_msgs' returned '0': /usr/bin/cmake /home/autoware/Autoware/src/autoware/messages/autoware_external_msgs -DCMAKE_BUILD_TYPE=Release -DCATKIN_INSTALL_INTO_PREFIX_ROOT=0 -DCMAKE_INSTALL_PREFIX=/home/autoware/Autoware/install/autoware_external_msgs
[2.234s] Invoking command in '/home/autoware/Autoware/build/autoware_external_msgs': /usr/bin/cmake --build /home/autoware/Autoware/build/autoware_external_msgs -- -j2 -l2
[2.278s] Invoked command in '/home/autoware/Autoware/build/autoware_external_msgs' returned '0': /usr/bin/cmake --build /home/autoware/Autoware/build/autoware_external_msgs -- -j2 -l2
[2.311s] Invoking command in '/home/autoware/Autoware/build/autoware_external_msgs': /usr/bin/cmake --build /home/autoware/Autoware/build/autoware_external_msgs --target tests -- -j2 -l2
[2.368s] Scanning dependencies of target tests
[2.380s] Built target tests
[2.393s] Invoked command in '/home/autoware/Autoware/build/autoware_external_msgs' returned '0': /usr/bin/cmake --build /home/autoware/Autoware/build/autoware_external_msgs --target tests -- -j2 -l2
[2.428s] Invoking command in '/home/autoware/Autoware/build/autoware_external_msgs': /usr/bin/cmake --build /home/autoware/Autoware/build/autoware_external_msgs --target install -- -j2 -l2
[2.485s] Install the project...
[2.495s] -- Install configuration: "Release"
[2.496s] -- Installing: /home/autoware/Autoware/install/autoware_external_msgs/lib/pkgconfig/autoware_external_msgs.pc
[2.497s] -- Installing: /home/autoware/Autoware/install/autoware_external_msgs/share/autoware_external_msgs/cmake/autoware_external_msgsConfig.cmake
[2.497s] -- Installing: /home/autoware/Autoware/install/autoware_external_msgs/share/autoware_external_msgs/cmake/autoware_external_msgsConfig-version.cmake
[2.497s] -- Installing: /home/autoware/Autoware/install/autoware_external_msgs/share/autoware_external_msgs/package.xml
[2.503s] Invoked command in '/home/autoware/Autoware/build/autoware_external_msgs' returned '0': /usr/bin/cmake --build /home/autoware/Autoware/build/autoware_external_msgs --target install -- -j2 -l2
