Determining if the pthread_create exist failed with the following output:
Change Dir: /home/autoware/Autoware/build/vision_beyond_track/CMakeFiles/CMakeTmp

Run Build Command:"/usr/bin/make" "cmTC_02edc/fast"
/usr/bin/make -f CMakeFiles/cmTC_02edc.dir/build.make CMakeFiles/cmTC_02edc.dir/build
make[1]: Entering directory '/home/autoware/Autoware/build/vision_beyond_track/CMakeFiles/CMakeTmp'
Building C object CMakeFiles/cmTC_02edc.dir/CheckSymbolExists.c.o
/usr/bin/cc    -o CMakeFiles/cmTC_02edc.dir/CheckSymbolExists.c.o   -c /home/autoware/Autoware/build/vision_beyond_track/CMakeFiles/CMakeTmp/CheckSymbolExists.c
Linking C executable cmTC_02edc
/usr/bin/cmake -E cmake_link_script CMakeFiles/cmTC_02edc.dir/link.txt --verbose=1
/usr/bin/cc      -rdynamic CMakeFiles/cmTC_02edc.dir/CheckSymbolExists.c.o  -o cmTC_02edc 
CMakeFiles/cmTC_02edc.dir/CheckSymbolExists.c.o: In function `main':
CheckSymbolExists.c:(.text+0x1b): undefined reference to `pthread_create'
collect2: error: ld returned 1 exit status
CMakeFiles/cmTC_02edc.dir/build.make:97: recipe for target 'cmTC_02edc' failed
make[1]: *** [cmTC_02edc] Error 1
make[1]: Leaving directory '/home/autoware/Autoware/build/vision_beyond_track/CMakeFiles/CMakeTmp'
Makefile:126: recipe for target 'cmTC_02edc/fast' failed
make: *** [cmTC_02edc/fast] Error 2

File /home/autoware/Autoware/build/vision_beyond_track/CMakeFiles/CMakeTmp/CheckSymbolExists.c:
/* */
#include <pthread.h>

int main(int argc, char** argv)
{
  (void)argv;
#ifndef pthread_create
  return ((int*)(&pthread_create))[argc];
#else
  (void)argc;
  return 0;
#endif
}

Determining if the function pthread_create exists in the pthreads failed with the following output:
Change Dir: /home/autoware/Autoware/build/vision_beyond_track/CMakeFiles/CMakeTmp

Run Build Command:"/usr/bin/make" "cmTC_95e69/fast"
/usr/bin/make -f CMakeFiles/cmTC_95e69.dir/build.make CMakeFiles/cmTC_95e69.dir/build
make[1]: Entering directory '/home/autoware/Autoware/build/vision_beyond_track/CMakeFiles/CMakeTmp'
Building C object CMakeFiles/cmTC_95e69.dir/CheckFunctionExists.c.o
/usr/bin/cc   -DCHECK_FUNCTION_EXISTS=pthread_create   -o CMakeFiles/cmTC_95e69.dir/CheckFunctionExists.c.o   -c /usr/share/cmake-3.10/Modules/CheckFunctionExists.c
Linking C executable cmTC_95e69
/usr/bin/cmake -E cmake_link_script CMakeFiles/cmTC_95e69.dir/link.txt --verbose=1
/usr/bin/cc  -DCHECK_FUNCTION_EXISTS=pthread_create    -rdynamic CMakeFiles/cmTC_95e69.dir/CheckFunctionExists.c.o  -o cmTC_95e69 -lpthreads 
/usr/bin/ld: cannot find -lpthreads
collect2: error: ld returned 1 exit status
CMakeFiles/cmTC_95e69.dir/build.make:97: recipe for target 'cmTC_95e69' failed
make[1]: *** [cmTC_95e69] Error 1
make[1]: Leaving directory '/home/autoware/Autoware/build/vision_beyond_track/CMakeFiles/CMakeTmp'
Makefile:126: recipe for target 'cmTC_95e69/fast' failed
make: *** [cmTC_95e69/fast] Error 2


