[0.014s] Invoking command in '/home/autoware/Autoware/build/lidar_naive_l_shape_detect': CMAKE_PREFIX_PATH=/home/autoware/Autoware/install/autoware_msgs:/home/autoware/Autoware/install/autoware_build_flags:${CMAKE_PREFIX_PATH} PKG_CONFIG_PATH=/home/autoware/Autoware/install/autoware_msgs/lib/x86_64-linux-gnu/pkgconfig:/home/autoware/Autoware/install/autoware_msgs/lib/pkgconfig:/home/autoware/Autoware/install/autoware_build_flags/lib/x86_64-linux-gnu/pkgconfig:/home/autoware/Autoware/install/autoware_build_flags/lib/pkgconfig:${PKG_CONFIG_PATH} PYTHONPATH=/home/autoware/Autoware/install/autoware_msgs/lib/python2.7/dist-packages:${PYTHONPATH} ROS_PACKAGE_PATH=/home/autoware/Autoware/install/autoware_msgs/share:/home/autoware/Autoware/install/autoware_build_flags/share:${ROS_PACKAGE_PATH} /usr/bin/cmake /home/autoware/Autoware/src/autoware/core_perception/lidar_naive_l_shape_detect -DCMAKE_BUILD_TYPE=Release -DCATKIN_INSTALL_INTO_PREFIX_ROOT=0 -DCMAKE_INSTALL_PREFIX=/home/autoware/Autoware/install/lidar_naive_l_shape_detect
[0.091s] -- The C compiler identification is GNU 7.5.0
[0.201s] -- The CXX compiler identification is GNU 7.5.0
[0.207s] -- Check for working C compiler: /usr/bin/cc
[0.301s] -- Check for working C compiler: /usr/bin/cc -- works
[0.301s] -- Detecting C compiler ABI info
[0.385s] -- Detecting C compiler ABI info - done
[0.394s] -- Detecting C compile features
[0.654s] -- Detecting C compile features - done
[0.658s] -- Check for working CXX compiler: /usr/bin/c++
[0.761s] -- Check for working CXX compiler: /usr/bin/c++ -- works
[0.761s] -- Detecting CXX compiler ABI info
[0.869s] -- Detecting CXX compiler ABI info - done
[0.871s] -- Detecting CXX compile features
[1.278s] -- Detecting CXX compile features - done
[1.280s] -- CUDA compilation status: ON.
[1.283s] -- Using CATKIN_DEVEL_PREFIX: /home/autoware/Autoware/build/lidar_naive_l_shape_detect/devel
[1.283s] -- Using CMAKE_PREFIX_PATH: /home/autoware/Autoware/install/autoware_msgs;/home/autoware/Autoware/install/autoware_build_flags;/opt/ros/melodic
[1.284s] -- This workspace overlays: /home/autoware/Autoware/install/autoware_msgs;/home/autoware/Autoware/install/autoware_build_flags;/opt/ros/melodic
[1.300s] -- Found PythonInterp: /usr/bin/python2 (found suitable version "2.7.17", minimum required is "2") 
[1.300s] -- Using PYTHON_EXECUTABLE: /usr/bin/python2
[1.301s] -- Using Debian Python package layout
[1.301s] -- Using empy: /usr/bin/empy
[1.449s] -- Using CATKIN_ENABLE_TESTING: ON
[1.450s] -- Call enable_testing()
[1.456s] -- Using CATKIN_TEST_RESULTS_DIR: /home/autoware/Autoware/build/lidar_naive_l_shape_detect/test_results
[1.477s] -- Found gtest sources under '/usr/src/googletest': gtests will be built
[1.477s] -- Found gmock sources under '/usr/src/googletest': gmock will be built
[1.492s] -- Found PythonInterp: /usr/bin/python2 (found version "2.7.17") 
[1.493s] -- Looking for pthread.h
[1.577s] -- Looking for pthread.h - found
[1.577s] -- Looking for pthread_create
[1.669s] -- Looking for pthread_create - not found
[1.669s] -- Looking for pthread_create in pthreads
[1.733s] -- Looking for pthread_create in pthreads - not found
[1.733s] -- Looking for pthread_create in pthread
[1.817s] -- Looking for pthread_create in pthread - found
[1.817s] -- Found Threads: TRUE  
[1.817s] -- Using Python nosetests: /usr/bin/nosetests-2.7
[1.863s] -- catkin 0.7.26
[1.863s] -- BUILD_SHARED_LIBS is on
[2.037s] -- Using these message generators: gencpp;geneus;genlisp;gennodejs;genpy
[3.020s] -- Found OpenCV: /usr (found version "3.2.0") 
[3.165s] -- Configuring done
[3.240s] -- Generating done
[3.253s] -- Build files have been written to: /home/autoware/Autoware/build/lidar_naive_l_shape_detect
[3.262s] Invoked command in '/home/autoware/Autoware/build/lidar_naive_l_shape_detect' returned '0': CMAKE_PREFIX_PATH=/home/autoware/Autoware/install/autoware_msgs:/home/autoware/Autoware/install/autoware_build_flags:${CMAKE_PREFIX_PATH} PKG_CONFIG_PATH=/home/autoware/Autoware/install/autoware_msgs/lib/x86_64-linux-gnu/pkgconfig:/home/autoware/Autoware/install/autoware_msgs/lib/pkgconfig:/home/autoware/Autoware/install/autoware_build_flags/lib/x86_64-linux-gnu/pkgconfig:/home/autoware/Autoware/install/autoware_build_flags/lib/pkgconfig:${PKG_CONFIG_PATH} PYTHONPATH=/home/autoware/Autoware/install/autoware_msgs/lib/python2.7/dist-packages:${PYTHONPATH} ROS_PACKAGE_PATH=/home/autoware/Autoware/install/autoware_msgs/share:/home/autoware/Autoware/install/autoware_build_flags/share:${ROS_PACKAGE_PATH} /usr/bin/cmake /home/autoware/Autoware/src/autoware/core_perception/lidar_naive_l_shape_detect -DCMAKE_BUILD_TYPE=Release -DCATKIN_INSTALL_INTO_PREFIX_ROOT=0 -DCMAKE_INSTALL_PREFIX=/home/autoware/Autoware/install/lidar_naive_l_shape_detect
[3.263s] Invoking command in '/home/autoware/Autoware/build/lidar_naive_l_shape_detect': CMAKE_PREFIX_PATH=/home/autoware/Autoware/install/autoware_msgs:/home/autoware/Autoware/install/autoware_build_flags:${CMAKE_PREFIX_PATH} PKG_CONFIG_PATH=/home/autoware/Autoware/install/autoware_msgs/lib/x86_64-linux-gnu/pkgconfig:/home/autoware/Autoware/install/autoware_msgs/lib/pkgconfig:/home/autoware/Autoware/install/autoware_build_flags/lib/x86_64-linux-gnu/pkgconfig:/home/autoware/Autoware/install/autoware_build_flags/lib/pkgconfig:${PKG_CONFIG_PATH} PYTHONPATH=/home/autoware/Autoware/install/autoware_msgs/lib/python2.7/dist-packages:${PYTHONPATH} ROS_PACKAGE_PATH=/home/autoware/Autoware/install/autoware_msgs/share:/home/autoware/Autoware/install/autoware_build_flags/share:${ROS_PACKAGE_PATH} /usr/bin/cmake --build /home/autoware/Autoware/build/lidar_naive_l_shape_detect -- -j2 -l2
[3.317s] Scanning dependencies of target std_srvs_generate_messages_lisp
[3.331s] [  0%] Built target std_srvs_generate_messages_lisp
[3.344s] Scanning dependencies of target tf2_msgs_generate_messages_nodejs
[3.357s] [  0%] Built target tf2_msgs_generate_messages_nodejs
[3.369s] Scanning dependencies of target tf2_msgs_generate_messages_eus
[3.380s] [  0%] Built target tf2_msgs_generate_messages_eus
[3.390s] Scanning dependencies of target tf2_msgs_generate_messages_cpp
[3.402s] [  0%] Built target tf2_msgs_generate_messages_cpp
[3.413s] Scanning dependencies of target tf2_msgs_generate_messages_py
[3.425s] [  0%] Built target tf2_msgs_generate_messages_py
[3.437s] Scanning dependencies of target actionlib_generate_messages_py
[3.450s] [  0%] Built target actionlib_generate_messages_py
[3.462s] Scanning dependencies of target actionlib_generate_messages_cpp
[3.472s] [  0%] Built target actionlib_generate_messages_cpp
[3.484s] Scanning dependencies of target tf_generate_messages_nodejs
[3.496s] [  0%] Built target tf_generate_messages_nodejs
[3.509s] Scanning dependencies of target tf_generate_messages_lisp
[3.521s] [  0%] Built target tf_generate_messages_lisp
[3.533s] Scanning dependencies of target topic_tools_generate_messages_nodejs
[3.551s] [  0%] Built target topic_tools_generate_messages_nodejs
[3.566s] Scanning dependencies of target topic_tools_generate_messages_eus
[3.579s] [  0%] Built target topic_tools_generate_messages_eus
[3.592s] Scanning dependencies of target topic_tools_generate_messages_cpp
[3.606s] [  0%] Built target topic_tools_generate_messages_cpp
[3.620s] Scanning dependencies of target std_srvs_generate_messages_py
[3.633s] [  0%] Built target std_srvs_generate_messages_py
[3.645s] Scanning dependencies of target geometry_msgs_generate_messages_py
[3.659s] [  0%] Built target geometry_msgs_generate_messages_py
[3.672s] Scanning dependencies of target sensor_msgs_generate_messages_nodejs
[3.685s] [  0%] Built target sensor_msgs_generate_messages_nodejs
[3.698s] Scanning dependencies of target roscpp_generate_messages_cpp
[3.711s] [  0%] Built target roscpp_generate_messages_cpp
[3.723s] Scanning dependencies of target pcl_msgs_generate_messages_eus
[3.736s] [  0%] Built target pcl_msgs_generate_messages_eus
[3.750s] Scanning dependencies of target rosgraph_msgs_generate_messages_eus
[3.763s] [  0%] Built target rosgraph_msgs_generate_messages_eus
[3.776s] Scanning dependencies of target jsk_recognition_msgs_generate_messages_lisp
[3.788s] [  0%] Built target jsk_recognition_msgs_generate_messages_lisp
[3.801s] Scanning dependencies of target jsk_recognition_msgs_generate_messages_eus
[3.813s] [  0%] Built target jsk_recognition_msgs_generate_messages_eus
[3.827s] Scanning dependencies of target std_msgs_generate_messages_py
[3.841s] [  0%] Built target std_msgs_generate_messages_py
[3.856s] Scanning dependencies of target std_msgs_generate_messages_nodejs
[3.870s] [  0%] Built target std_msgs_generate_messages_nodejs
[3.883s] Scanning dependencies of target bond_generate_messages_lisp
[3.895s] [  0%] Built target bond_generate_messages_lisp
[3.909s] Scanning dependencies of target sensor_msgs_generate_messages_eus
[3.922s] [  0%] Built target sensor_msgs_generate_messages_eus
[3.935s] Scanning dependencies of target sensor_msgs_generate_messages_cpp
[3.947s] [  0%] Built target sensor_msgs_generate_messages_cpp
[3.960s] Scanning dependencies of target autoware_msgs_generate_messages_cpp
[3.977s] [  0%] Built target autoware_msgs_generate_messages_cpp
[3.991s] Scanning dependencies of target tf_generate_messages_py
[4.004s] [  0%] Built target tf_generate_messages_py
[4.018s] Scanning dependencies of target dynamic_reconfigure_generate_messages_cpp
[4.030s] [  0%] Built target dynamic_reconfigure_generate_messages_cpp
[4.043s] Scanning dependencies of target rosgraph_msgs_generate_messages_cpp
[4.056s] [  0%] Built target rosgraph_msgs_generate_messages_cpp
[4.068s] Scanning dependencies of target pcl_msgs_generate_messages_nodejs
[4.081s] [  0%] Built target pcl_msgs_generate_messages_nodejs
[4.093s] Scanning dependencies of target nodelet_generate_messages_nodejs
[4.107s] [  0%] Built target nodelet_generate_messages_nodejs
[4.119s] Scanning dependencies of target jsk_recognition_msgs_generate_messages_py
[4.131s] [  0%] Built target jsk_recognition_msgs_generate_messages_py
[4.142s] Scanning dependencies of target sensor_msgs_generate_messages_lisp
[4.153s] [  0%] Built target sensor_msgs_generate_messages_lisp
[4.166s] Scanning dependencies of target std_msgs_generate_messages_cpp
[4.178s] [  0%] Built target std_msgs_generate_messages_cpp
[4.191s] Scanning dependencies of target jsk_footstep_msgs_generate_messages_py
[4.204s] [  0%] Built target jsk_footstep_msgs_generate_messages_py
[4.218s] Scanning dependencies of target sensor_msgs_generate_messages_py
[4.231s] [  0%] Built target sensor_msgs_generate_messages_py
[4.245s] Scanning dependencies of target nodelet_generate_messages_py
[4.259s] [  0%] Built target nodelet_generate_messages_py
[4.271s] Scanning dependencies of target geometry_msgs_generate_messages_eus
[4.286s] [  0%] Built target geometry_msgs_generate_messages_eus
[4.301s] Scanning dependencies of target std_msgs_generate_messages_lisp
[4.314s] [  0%] Built target std_msgs_generate_messages_lisp
[4.329s] Scanning dependencies of target roscpp_generate_messages_nodejs
[4.342s] [  0%] Built target roscpp_generate_messages_nodejs
[4.356s] Scanning dependencies of target geometry_msgs_generate_messages_nodejs
[4.367s] [  0%] Built target geometry_msgs_generate_messages_nodejs
[4.379s] Scanning dependencies of target actionlib_generate_messages_eus
[4.390s] [  0%] Built target actionlib_generate_messages_eus
[4.403s] Scanning dependencies of target pcl_msgs_generate_messages_py
[4.415s] [  0%] Built target pcl_msgs_generate_messages_py
[4.426s] Scanning dependencies of target geometry_msgs_generate_messages_lisp
[4.438s] [  0%] Built target geometry_msgs_generate_messages_lisp
[4.451s] Scanning dependencies of target actionlib_generate_messages_lisp
[4.463s] [  0%] Built target actionlib_generate_messages_lisp
[4.475s] Scanning dependencies of target geometry_msgs_generate_messages_cpp
[4.487s] [  0%] Built target geometry_msgs_generate_messages_cpp
[4.499s] Scanning dependencies of target pcl_msgs_generate_messages_cpp
[4.510s] [  0%] Built target pcl_msgs_generate_messages_cpp
[4.521s] Scanning dependencies of target dynamic_reconfigure_generate_messages_lisp
[4.533s] [  0%] Built target dynamic_reconfigure_generate_messages_lisp
[4.545s] Scanning dependencies of target topic_tools_generate_messages_lisp
[4.556s] [  0%] Built target topic_tools_generate_messages_lisp
[4.574s] Scanning dependencies of target jsk_recognition_msgs_generate_messages_cpp
[4.586s] [  0%] Built target jsk_recognition_msgs_generate_messages_cpp
[4.598s] Scanning dependencies of target autoware_msgs_generate_messages_eus
[4.613s] [  0%] Built target autoware_msgs_generate_messages_eus
[4.626s] Scanning dependencies of target autoware_msgs_generate_messages_lisp
[4.638s] [  0%] Built target autoware_msgs_generate_messages_lisp
[4.651s] Scanning dependencies of target autoware_msgs_generate_messages_py
[4.664s] [  0%] Built target autoware_msgs_generate_messages_py
[4.676s] Scanning dependencies of target nodelet_generate_messages_lisp
[4.690s] [  0%] Built target nodelet_generate_messages_lisp
[4.703s] Scanning dependencies of target actionlib_generate_messages_nodejs
[4.716s] [  0%] Built target actionlib_generate_messages_nodejs
[4.729s] Scanning dependencies of target tf_generate_messages_cpp
[4.743s] [  0%] Built target tf_generate_messages_cpp
[4.755s] Scanning dependencies of target pcl_msgs_generate_messages_lisp
[4.768s] [  0%] Built target pcl_msgs_generate_messages_lisp
[4.780s] Scanning dependencies of target std_msgs_generate_messages_eus
[4.792s] [  0%] Built target std_msgs_generate_messages_eus
[4.803s] Scanning dependencies of target autoware_msgs_generate_messages_nodejs
[4.813s] [  0%] Built target autoware_msgs_generate_messages_nodejs
[4.825s] Scanning dependencies of target jsk_footstep_msgs_generate_messages_eus
[4.835s] [  0%] Built target jsk_footstep_msgs_generate_messages_eus
[4.848s] Scanning dependencies of target actionlib_msgs_generate_messages_py
[4.861s] [  0%] Built target actionlib_msgs_generate_messages_py
[4.873s] Scanning dependencies of target jsk_footstep_msgs_generate_messages_lisp
[4.885s] [  0%] Built target jsk_footstep_msgs_generate_messages_lisp
[4.901s] Scanning dependencies of target jsk_footstep_msgs_generate_messages_nodejs
[4.913s] [  0%] Built target jsk_footstep_msgs_generate_messages_nodejs
[4.924s] Scanning dependencies of target tf_generate_messages_eus
[4.935s] [  0%] Built target tf_generate_messages_eus
[4.946s] Scanning dependencies of target jsk_footstep_msgs_generate_messages_cpp
[4.957s] [  0%] Built target jsk_footstep_msgs_generate_messages_cpp
[4.969s] Scanning dependencies of target actionlib_msgs_generate_messages_cpp
[4.981s] [  0%] Built target actionlib_msgs_generate_messages_cpp
[4.993s] Scanning dependencies of target std_srvs_generate_messages_cpp
[5.005s] [  0%] Built target std_srvs_generate_messages_cpp
[5.017s] Scanning dependencies of target actionlib_msgs_generate_messages_lisp
[5.029s] [  0%] Built target actionlib_msgs_generate_messages_lisp
[5.041s] Scanning dependencies of target pcl_ros_gencfg
[5.053s] [  0%] Built target pcl_ros_gencfg
[5.066s] Scanning dependencies of target dynamic_reconfigure_generate_messages_eus
[5.077s] [  0%] Built target dynamic_reconfigure_generate_messages_eus
[5.089s] Scanning dependencies of target dynamic_reconfigure_generate_messages_nodejs
[5.099s] [  0%] Built target dynamic_reconfigure_generate_messages_nodejs
[5.110s] Scanning dependencies of target dynamic_reconfigure_generate_messages_py
[5.121s] [  0%] Built target dynamic_reconfigure_generate_messages_py
[5.133s] Scanning dependencies of target tf2_msgs_generate_messages_lisp
[5.144s] [  0%] Built target tf2_msgs_generate_messages_lisp
[5.158s] Scanning dependencies of target dynamic_reconfigure_gencfg
[5.171s] [  0%] Built target dynamic_reconfigure_gencfg
[5.184s] Scanning dependencies of target jsk_recognition_msgs_generate_messages_nodejs
[5.197s] [  0%] Built target jsk_recognition_msgs_generate_messages_nodejs
[5.209s] Scanning dependencies of target std_srvs_generate_messages_eus
[5.223s] [  0%] Built target std_srvs_generate_messages_eus
[5.236s] Scanning dependencies of target roscpp_generate_messages_lisp
[5.248s] [  0%] Built target roscpp_generate_messages_lisp
[5.263s] Scanning dependencies of target bond_generate_messages_eus
[5.275s] [  0%] Built target bond_generate_messages_eus
[5.288s] Scanning dependencies of target roscpp_generate_messages_py
[5.301s] [  0%] Built target roscpp_generate_messages_py
[5.314s] Scanning dependencies of target rosgraph_msgs_generate_messages_lisp
[5.329s] [  0%] Built target rosgraph_msgs_generate_messages_lisp
[5.342s] Scanning dependencies of target rosgraph_msgs_generate_messages_nodejs
[5.355s] [  0%] Built target rosgraph_msgs_generate_messages_nodejs
[5.369s] Scanning dependencies of target roscpp_generate_messages_eus
[5.379s] [  0%] Built target roscpp_generate_messages_eus
[5.393s] Scanning dependencies of target actionlib_msgs_generate_messages_eus
[5.406s] [  0%] Built target actionlib_msgs_generate_messages_eus
[5.421s] Scanning dependencies of target rosgraph_msgs_generate_messages_py
[5.432s] [  0%] Built target rosgraph_msgs_generate_messages_py
[5.444s] Scanning dependencies of target nodelet_generate_messages_cpp
[5.462s] [  0%] Built target nodelet_generate_messages_cpp
[5.475s] Scanning dependencies of target bond_generate_messages_py
[5.486s] [  0%] Built target bond_generate_messages_py
[5.500s] Scanning dependencies of target std_srvs_generate_messages_nodejs
[5.512s] [  0%] Built target std_srvs_generate_messages_nodejs
[5.523s] Scanning dependencies of target nodelet_generate_messages_eus
[5.534s] [  0%] Built target nodelet_generate_messages_eus
[5.546s] Scanning dependencies of target bond_generate_messages_cpp
[5.558s] [  0%] Built target bond_generate_messages_cpp
[5.570s] Scanning dependencies of target bond_generate_messages_nodejs
[5.584s] [  0%] Built target bond_generate_messages_nodejs
[5.597s] Scanning dependencies of target topic_tools_generate_messages_py
[5.611s] [  0%] Built target topic_tools_generate_messages_py
[5.625s] Scanning dependencies of target actionlib_msgs_generate_messages_nodejs
[5.636s] [  0%] Built target actionlib_msgs_generate_messages_nodejs
[5.648s] Scanning dependencies of target nodelet_topic_tools_gencfg
[5.662s] [  0%] Built target nodelet_topic_tools_gencfg
[5.676s] Scanning dependencies of target _catkin_empty_exported_target
[5.688s] [  0%] Built target _catkin_empty_exported_target
[5.765s] Scanning dependencies of target lidar_naive_l_shape_detect
[5.793s] [ 33%] Building CXX object CMakeFiles/lidar_naive_l_shape_detect.dir/nodes/lidar_naive_l_shape_detect/lidar_naive_l_shape_detect_node.cpp.o
[13.041s] [ 66%] Building CXX object CMakeFiles/lidar_naive_l_shape_detect.dir/nodes/lidar_naive_l_shape_detect/lidar_naive_l_shape_detect.cpp.o
[22.181s] [100%] Linking CXX executable devel/lib/lidar_naive_l_shape_detect/lidar_naive_l_shape_detect
[22.668s] [100%] Built target lidar_naive_l_shape_detect
[22.684s] Invoked command in '/home/autoware/Autoware/build/lidar_naive_l_shape_detect' returned '0': CMAKE_PREFIX_PATH=/home/autoware/Autoware/install/autoware_msgs:/home/autoware/Autoware/install/autoware_build_flags:${CMAKE_PREFIX_PATH} PKG_CONFIG_PATH=/home/autoware/Autoware/install/autoware_msgs/lib/x86_64-linux-gnu/pkgconfig:/home/autoware/Autoware/install/autoware_msgs/lib/pkgconfig:/home/autoware/Autoware/install/autoware_build_flags/lib/x86_64-linux-gnu/pkgconfig:/home/autoware/Autoware/install/autoware_build_flags/lib/pkgconfig:${PKG_CONFIG_PATH} PYTHONPATH=/home/autoware/Autoware/install/autoware_msgs/lib/python2.7/dist-packages:${PYTHONPATH} ROS_PACKAGE_PATH=/home/autoware/Autoware/install/autoware_msgs/share:/home/autoware/Autoware/install/autoware_build_flags/share:${ROS_PACKAGE_PATH} /usr/bin/cmake --build /home/autoware/Autoware/build/lidar_naive_l_shape_detect -- -j2 -l2
[22.819s] Invoking command in '/home/autoware/Autoware/build/lidar_naive_l_shape_detect': CMAKE_PREFIX_PATH=/home/autoware/Autoware/install/autoware_msgs:/home/autoware/Autoware/install/autoware_build_flags:${CMAKE_PREFIX_PATH} PKG_CONFIG_PATH=/home/autoware/Autoware/install/autoware_msgs/lib/x86_64-linux-gnu/pkgconfig:/home/autoware/Autoware/install/autoware_msgs/lib/pkgconfig:/home/autoware/Autoware/install/autoware_build_flags/lib/x86_64-linux-gnu/pkgconfig:/home/autoware/Autoware/install/autoware_build_flags/lib/pkgconfig:${PKG_CONFIG_PATH} PYTHONPATH=/home/autoware/Autoware/install/autoware_msgs/lib/python2.7/dist-packages:${PYTHONPATH} ROS_PACKAGE_PATH=/home/autoware/Autoware/install/autoware_msgs/share:/home/autoware/Autoware/install/autoware_build_flags/share:${ROS_PACKAGE_PATH} /usr/bin/cmake --build /home/autoware/Autoware/build/lidar_naive_l_shape_detect --target tests -- -j2 -l2
[22.890s] Scanning dependencies of target tests
[22.902s] Built target tests
[22.917s] Invoked command in '/home/autoware/Autoware/build/lidar_naive_l_shape_detect' returned '0': CMAKE_PREFIX_PATH=/home/autoware/Autoware/install/autoware_msgs:/home/autoware/Autoware/install/autoware_build_flags:${CMAKE_PREFIX_PATH} PKG_CONFIG_PATH=/home/autoware/Autoware/install/autoware_msgs/lib/x86_64-linux-gnu/pkgconfig:/home/autoware/Autoware/install/autoware_msgs/lib/pkgconfig:/home/autoware/Autoware/install/autoware_build_flags/lib/x86_64-linux-gnu/pkgconfig:/home/autoware/Autoware/install/autoware_build_flags/lib/pkgconfig:${PKG_CONFIG_PATH} PYTHONPATH=/home/autoware/Autoware/install/autoware_msgs/lib/python2.7/dist-packages:${PYTHONPATH} ROS_PACKAGE_PATH=/home/autoware/Autoware/install/autoware_msgs/share:/home/autoware/Autoware/install/autoware_build_flags/share:${ROS_PACKAGE_PATH} /usr/bin/cmake --build /home/autoware/Autoware/build/lidar_naive_l_shape_detect --target tests -- -j2 -l2
[23.050s] Invoking command in '/home/autoware/Autoware/build/lidar_naive_l_shape_detect': CMAKE_PREFIX_PATH=/home/autoware/Autoware/install/autoware_msgs:/home/autoware/Autoware/install/autoware_build_flags:${CMAKE_PREFIX_PATH} PKG_CONFIG_PATH=/home/autoware/Autoware/install/autoware_msgs/lib/x86_64-linux-gnu/pkgconfig:/home/autoware/Autoware/install/autoware_msgs/lib/pkgconfig:/home/autoware/Autoware/install/autoware_build_flags/lib/x86_64-linux-gnu/pkgconfig:/home/autoware/Autoware/install/autoware_build_flags/lib/pkgconfig:${PKG_CONFIG_PATH} PYTHONPATH=/home/autoware/Autoware/install/autoware_msgs/lib/python2.7/dist-packages:${PYTHONPATH} ROS_PACKAGE_PATH=/home/autoware/Autoware/install/autoware_msgs/share:/home/autoware/Autoware/install/autoware_build_flags/share:${ROS_PACKAGE_PATH} /usr/bin/cmake --build /home/autoware/Autoware/build/lidar_naive_l_shape_detect --target install -- -j2 -l2
[23.114s] [  0%] Built target std_srvs_generate_messages_lisp
[23.138s] [  0%] Built target tf2_msgs_generate_messages_nodejs
[23.163s] [  0%] Built target tf2_msgs_generate_messages_eus
[23.187s] [  0%] Built target tf2_msgs_generate_messages_cpp
[23.212s] [  0%] Built target tf2_msgs_generate_messages_py
[23.233s] [  0%] Built target actionlib_generate_messages_py
[23.255s] [  0%] Built target actionlib_generate_messages_cpp
[23.277s] [  0%] Built target tf_generate_messages_nodejs
[23.297s] [  0%] Built target tf_generate_messages_lisp
[23.320s] [  0%] Built target topic_tools_generate_messages_nodejs
[23.341s] [  0%] Built target topic_tools_generate_messages_eus
[23.362s] [  0%] Built target topic_tools_generate_messages_cpp
[23.385s] [  0%] Built target std_srvs_generate_messages_py
[23.405s] [  0%] Built target geometry_msgs_generate_messages_py
[23.425s] [  0%] Built target sensor_msgs_generate_messages_nodejs
[23.447s] [  0%] Built target roscpp_generate_messages_cpp
[23.467s] [  0%] Built target pcl_msgs_generate_messages_eus
[23.487s] [  0%] Built target rosgraph_msgs_generate_messages_eus
[23.512s] [  0%] Built target jsk_recognition_msgs_generate_messages_lisp
[23.536s] [  0%] Built target jsk_recognition_msgs_generate_messages_eus
[23.560s] [  0%] Built target std_msgs_generate_messages_py
[23.582s] [  0%] Built target std_msgs_generate_messages_nodejs
[23.603s] [  0%] Built target bond_generate_messages_lisp
[23.625s] [  0%] Built target sensor_msgs_generate_messages_eus
[23.650s] [  0%] Built target sensor_msgs_generate_messages_cpp
[23.676s] [  0%] Built target autoware_msgs_generate_messages_cpp
[23.701s] [  0%] Built target tf_generate_messages_py
[23.721s] [  0%] Built target dynamic_reconfigure_generate_messages_cpp
[23.744s] [  0%] Built target rosgraph_msgs_generate_messages_cpp
[23.767s] [  0%] Built target pcl_msgs_generate_messages_nodejs
[23.788s] [  0%] Built target nodelet_generate_messages_nodejs
[23.809s] [  0%] Built target jsk_recognition_msgs_generate_messages_py
[23.830s] [  0%] Built target sensor_msgs_generate_messages_lisp
[23.852s] [  0%] Built target std_msgs_generate_messages_cpp
[23.875s] [  0%] Built target jsk_footstep_msgs_generate_messages_py
[23.899s] [  0%] Built target sensor_msgs_generate_messages_py
[23.922s] [  0%] Built target nodelet_generate_messages_py
[23.947s] [  0%] Built target geometry_msgs_generate_messages_eus
[23.970s] [  0%] Built target std_msgs_generate_messages_lisp
[23.991s] [  0%] Built target roscpp_generate_messages_nodejs
[24.013s] [  0%] Built target geometry_msgs_generate_messages_nodejs
[24.040s] [  0%] Built target actionlib_generate_messages_eus
[24.065s] [  0%] Built target pcl_msgs_generate_messages_py
[24.090s] [  0%] Built target geometry_msgs_generate_messages_lisp
[24.114s] [  0%] Built target actionlib_generate_messages_lisp
[24.137s] [  0%] Built target geometry_msgs_generate_messages_cpp
[24.168s] [  0%] Built target pcl_msgs_generate_messages_cpp
[24.200s] [  0%] Built target dynamic_reconfigure_generate_messages_lisp
[24.226s] [  0%] Built target topic_tools_generate_messages_lisp
[24.256s] [  0%] Built target jsk_recognition_msgs_generate_messages_cpp
[24.287s] [  0%] Built target autoware_msgs_generate_messages_eus
[24.311s] [  0%] Built target autoware_msgs_generate_messages_lisp
[24.332s] [  0%] Built target autoware_msgs_generate_messages_py
[24.354s] [  0%] Built target nodelet_generate_messages_lisp
[24.376s] [  0%] Built target actionlib_generate_messages_nodejs
[24.399s] [  0%] Built target tf_generate_messages_cpp
[24.422s] [  0%] Built target pcl_msgs_generate_messages_lisp
[24.443s] [  0%] Built target std_msgs_generate_messages_eus
[24.468s] [  0%] Built target autoware_msgs_generate_messages_nodejs
[24.495s] [  0%] Built target jsk_footstep_msgs_generate_messages_eus
[24.520s] [  0%] Built target actionlib_msgs_generate_messages_py
[24.545s] [  0%] Built target jsk_footstep_msgs_generate_messages_lisp
[24.568s] [  0%] Built target jsk_footstep_msgs_generate_messages_nodejs
[24.594s] [  0%] Built target tf_generate_messages_eus
[24.616s] [  0%] Built target jsk_footstep_msgs_generate_messages_cpp
[24.637s] [  0%] Built target actionlib_msgs_generate_messages_cpp
[24.662s] [  0%] Built target std_srvs_generate_messages_cpp
[24.689s] [  0%] Built target actionlib_msgs_generate_messages_lisp
[24.713s] [  0%] Built target pcl_ros_gencfg
[24.735s] [  0%] Built target dynamic_reconfigure_generate_messages_eus
[24.758s] [  0%] Built target dynamic_reconfigure_generate_messages_nodejs
[24.780s] [  0%] Built target dynamic_reconfigure_generate_messages_py
[24.802s] [  0%] Built target tf2_msgs_generate_messages_lisp
[24.824s] [  0%] Built target dynamic_reconfigure_gencfg
[24.845s] [  0%] Built target jsk_recognition_msgs_generate_messages_nodejs
[24.867s] [  0%] Built target std_srvs_generate_messages_eus
[24.889s] [  0%] Built target roscpp_generate_messages_lisp
[24.912s] [  0%] Built target bond_generate_messages_eus
[24.938s] [  0%] Built target roscpp_generate_messages_py
[24.964s] [  0%] Built target rosgraph_msgs_generate_messages_lisp
[24.988s] [  0%] Built target rosgraph_msgs_generate_messages_nodejs
[25.012s] [  0%] Built target roscpp_generate_messages_eus
[25.035s] [  0%] Built target actionlib_msgs_generate_messages_eus
[25.059s] [  0%] Built target rosgraph_msgs_generate_messages_py
[25.082s] [  0%] Built target nodelet_generate_messages_cpp
[25.106s] [  0%] Built target bond_generate_messages_py
[25.129s] [  0%] Built target std_srvs_generate_messages_nodejs
[25.160s] [  0%] Built target nodelet_generate_messages_eus
[25.186s] [  0%] Built target bond_generate_messages_cpp
[25.210s] [  0%] Built target bond_generate_messages_nodejs
[25.234s] [  0%] Built target topic_tools_generate_messages_py
[25.261s] [  0%] Built target actionlib_msgs_generate_messages_nodejs
[25.282s] [  0%] Built target nodelet_topic_tools_gencfg
[25.306s] [  0%] Built target _catkin_empty_exported_target
[25.352s] [100%] Built target lidar_naive_l_shape_detect
[25.376s] Install the project...
[25.386s] -- Install configuration: "Release"
[25.386s] -- Installing: /home/autoware/Autoware/install/lidar_naive_l_shape_detect/lib/pkgconfig/lidar_naive_l_shape_detect.pc
[25.387s] -- Installing: /home/autoware/Autoware/install/lidar_naive_l_shape_detect/share/lidar_naive_l_shape_detect/cmake/lidar_naive_l_shape_detectConfig.cmake
[25.387s] -- Installing: /home/autoware/Autoware/install/lidar_naive_l_shape_detect/share/lidar_naive_l_shape_detect/cmake/lidar_naive_l_shape_detectConfig-version.cmake
[25.388s] -- Installing: /home/autoware/Autoware/install/lidar_naive_l_shape_detect/share/lidar_naive_l_shape_detect/package.xml
[25.388s] -- Installing: /home/autoware/Autoware/install/lidar_naive_l_shape_detect/lib/lidar_naive_l_shape_detect/lidar_naive_l_shape_detect
[25.389s] -- Set runtime path of "/home/autoware/Autoware/install/lidar_naive_l_shape_detect/lib/lidar_naive_l_shape_detect/lidar_naive_l_shape_detect" to ""
[25.390s] -- Installing: /home/autoware/Autoware/install/lidar_naive_l_shape_detect/share/lidar_naive_l_shape_detect/launch
[25.390s] -- Installing: /home/autoware/Autoware/install/lidar_naive_l_shape_detect/share/lidar_naive_l_shape_detect/launch/lidar_naive_l_shape_detect.launch
[25.397s] Invoked command in '/home/autoware/Autoware/build/lidar_naive_l_shape_detect' returned '0': CMAKE_PREFIX_PATH=/home/autoware/Autoware/install/autoware_msgs:/home/autoware/Autoware/install/autoware_build_flags:${CMAKE_PREFIX_PATH} PKG_CONFIG_PATH=/home/autoware/Autoware/install/autoware_msgs/lib/x86_64-linux-gnu/pkgconfig:/home/autoware/Autoware/install/autoware_msgs/lib/pkgconfig:/home/autoware/Autoware/install/autoware_build_flags/lib/x86_64-linux-gnu/pkgconfig:/home/autoware/Autoware/install/autoware_build_flags/lib/pkgconfig:${PKG_CONFIG_PATH} PYTHONPATH=/home/autoware/Autoware/install/autoware_msgs/lib/python2.7/dist-packages:${PYTHONPATH} ROS_PACKAGE_PATH=/home/autoware/Autoware/install/autoware_msgs/share:/home/autoware/Autoware/install/autoware_build_flags/share:${ROS_PACKAGE_PATH} /usr/bin/cmake --build /home/autoware/Autoware/build/lidar_naive_l_shape_detect --target install -- -j2 -l2
