[0.014s] Invoking command in '/home/autoware/Autoware/build/gazebo_world_description': /usr/bin/cmake /home/autoware/Autoware/src/autoware/visualization/gazebo_world_description -DCMAKE_BUILD_TYPE=Release -DCATKIN_INSTALL_INTO_PREFIX_ROOT=0 -DCMAKE_INSTALL_PREFIX=/home/autoware/Autoware/install/gazebo_world_description
[0.086s] -- The C compiler identification is GNU 7.5.0
[0.152s] -- The CXX compiler identification is GNU 7.5.0
[0.158s] -- Check for working C compiler: /usr/bin/cc
[0.243s] -- Check for working C compiler: /usr/bin/cc -- works
[0.243s] -- Detecting C compiler ABI info
[0.323s] -- Detecting C compiler ABI info - done
[0.333s] -- Detecting C compile features
[0.576s] -- Detecting C compile features - done
[0.576s] -- Check for working CXX compiler: /usr/bin/c++
[0.676s] -- Check for working CXX compiler: /usr/bin/c++ -- works
[0.676s] -- Detecting CXX compiler ABI info
[0.764s] -- Detecting CXX compiler ABI info - done
[0.771s] -- Detecting CXX compile features
[1.188s] -- Detecting CXX compile features - done
[1.191s] -- Using CATKIN_DEVEL_PREFIX: /home/autoware/Autoware/build/gazebo_world_description/devel
[1.191s] -- Using CMAKE_PREFIX_PATH: /opt/ros/melodic
[1.191s] -- This workspace overlays: /opt/ros/melodic
[1.208s] -- Found PythonInterp: /usr/bin/python2 (found suitable version "2.7.17", minimum required is "2") 
[1.208s] -- Using PYTHON_EXECUTABLE: /usr/bin/python2
[1.208s] -- Using Debian Python package layout
[1.208s] -- Using empy: /usr/bin/empy
[1.361s] -- Using CATKIN_ENABLE_TESTING: ON
[1.361s] -- Call enable_testing()
[1.364s] -- Using CATKIN_TEST_RESULTS_DIR: /home/autoware/Autoware/build/gazebo_world_description/test_results
[1.386s] -- Found gtest sources under '/usr/src/googletest': gtests will be built
[1.386s] -- Found gmock sources under '/usr/src/googletest': gmock will be built
[1.404s] -- Found PythonInterp: /usr/bin/python2 (found version "2.7.17") 
[1.404s] -- Looking for pthread.h
[1.496s] -- Looking for pthread.h - found
[1.496s] -- Looking for pthread_create
[1.576s] -- Looking for pthread_create - not found
[1.576s] -- Looking for pthread_create in pthreads
[1.644s] -- Looking for pthread_create in pthreads - not found
[1.644s] -- Looking for pthread_create in pthread
[1.736s] -- Looking for pthread_create in pthread - found
[1.737s] -- Found Threads: TRUE  
[1.742s] -- Using Python nosetests: /usr/bin/nosetests-2.7
[1.796s] -- catkin 0.7.26
[1.796s] -- BUILD_SHARED_LIBS is on
[2.033s] -- Configuring done
[2.046s] -- Generating done
[2.049s] -- Build files have been written to: /home/autoware/Autoware/build/gazebo_world_description
[2.054s] Invoked command in '/home/autoware/Autoware/build/gazebo_world_description' returned '0': /usr/bin/cmake /home/autoware/Autoware/src/autoware/visualization/gazebo_world_description -DCMAKE_BUILD_TYPE=Release -DCATKIN_INSTALL_INTO_PREFIX_ROOT=0 -DCMAKE_INSTALL_PREFIX=/home/autoware/Autoware/install/gazebo_world_description
[2.055s] Invoking command in '/home/autoware/Autoware/build/gazebo_world_description': /usr/bin/cmake --build /home/autoware/Autoware/build/gazebo_world_description -- -j2 -l2
[2.111s] Invoked command in '/home/autoware/Autoware/build/gazebo_world_description' returned '0': /usr/bin/cmake --build /home/autoware/Autoware/build/gazebo_world_description -- -j2 -l2
[2.150s] Invoking command in '/home/autoware/Autoware/build/gazebo_world_description': /usr/bin/cmake --build /home/autoware/Autoware/build/gazebo_world_description --target tests -- -j2 -l2
[2.223s] Scanning dependencies of target tests
[2.235s] Built target tests
[2.251s] Invoked command in '/home/autoware/Autoware/build/gazebo_world_description' returned '0': /usr/bin/cmake --build /home/autoware/Autoware/build/gazebo_world_description --target tests -- -j2 -l2
[2.291s] Invoking command in '/home/autoware/Autoware/build/gazebo_world_description': /usr/bin/cmake --build /home/autoware/Autoware/build/gazebo_world_description --target install -- -j2 -l2
[2.356s] Install the project...
[2.367s] -- Install configuration: "Release"
[2.368s] -- Installing: /home/autoware/Autoware/install/gazebo_world_description/lib/pkgconfig/gazebo_world_description.pc
[2.368s] -- Installing: /home/autoware/Autoware/install/gazebo_world_description/share/gazebo_world_description/cmake/gazebo_world_descriptionConfig.cmake
[2.369s] -- Installing: /home/autoware/Autoware/install/gazebo_world_description/share/gazebo_world_description/cmake/gazebo_world_descriptionConfig-version.cmake
[2.369s] -- Installing: /home/autoware/Autoware/install/gazebo_world_description/share/gazebo_world_description/package.xml
[2.456s] Invoked command in '/home/autoware/Autoware/build/gazebo_world_description' returned '0': /usr/bin/cmake --build /home/autoware/Autoware/build/gazebo_world_description --target install -- -j2 -l2
