[0.011s] Invoking command in '/home/autoware/Autoware/build/autoware_quickstart_examples': /usr/bin/cmake /home/autoware/Autoware/src/autoware/documentation/autoware_quickstart_examples -DCMAKE_BUILD_TYPE=Release -DCATKIN_INSTALL_INTO_PREFIX_ROOT=0 -DCMAKE_INSTALL_PREFIX=/home/autoware/Autoware/install/autoware_quickstart_examples
[0.088s] -- The C compiler identification is GNU 7.5.0
[0.162s] -- The CXX compiler identification is GNU 7.5.0
[0.168s] -- Check for working C compiler: /usr/bin/cc
[0.407s] -- Check for working C compiler: /usr/bin/cc -- works
[0.407s] -- Detecting C compiler ABI info
[0.495s] -- Detecting C compiler ABI info - done
[0.504s] -- Detecting C compile features
[0.759s] -- Detecting C compile features - done
[0.759s] -- Check for working CXX compiler: /usr/bin/c++
[0.855s] -- Check for working CXX compiler: /usr/bin/c++ -- works
[0.855s] -- Detecting CXX compiler ABI info
[0.951s] -- Detecting CXX compiler ABI info - done
[0.959s] -- Detecting CXX compile features
[1.410s] -- Detecting CXX compile features - done
[1.412s] -- Using CATKIN_DEVEL_PREFIX: /home/autoware/Autoware/build/autoware_quickstart_examples/devel
[1.413s] -- Using CMAKE_PREFIX_PATH: /opt/ros/melodic
[1.413s] -- This workspace overlays: /opt/ros/melodic
[1.431s] -- Found PythonInterp: /usr/bin/python2 (found suitable version "2.7.17", minimum required is "2") 
[1.431s] -- Using PYTHON_EXECUTABLE: /usr/bin/python2
[1.431s] -- Using Debian Python package layout
[1.431s] -- Using empy: /usr/bin/empy
[1.587s] -- Using CATKIN_ENABLE_TESTING: ON
[1.587s] -- Call enable_testing()
[1.595s] -- Using CATKIN_TEST_RESULTS_DIR: /home/autoware/Autoware/build/autoware_quickstart_examples/test_results
[1.619s] -- Found gtest sources under '/usr/src/googletest': gtests will be built
[1.620s] -- Found gmock sources under '/usr/src/googletest': gmock will be built
[1.639s] -- Found PythonInterp: /usr/bin/python2 (found version "2.7.17") 
[1.639s] -- Looking for pthread.h
[1.731s] -- Looking for pthread.h - found
[1.731s] -- Looking for pthread_create
[1.815s] -- Looking for pthread_create - not found
[1.815s] -- Looking for pthread_create in pthreads
[1.891s] -- Looking for pthread_create in pthreads - not found
[1.891s] -- Looking for pthread_create in pthread
[1.979s] -- Looking for pthread_create in pthread - found
[1.979s] -- Found Threads: TRUE  
[1.979s] -- Using Python nosetests: /usr/bin/nosetests-2.7
[2.025s] -- catkin 0.7.26
[2.025s] -- BUILD_SHARED_LIBS is on
[2.278s] -- Configuring done
[2.291s] -- Generating done
[2.294s] -- Build files have been written to: /home/autoware/Autoware/build/autoware_quickstart_examples
[2.301s] Invoked command in '/home/autoware/Autoware/build/autoware_quickstart_examples' returned '0': /usr/bin/cmake /home/autoware/Autoware/src/autoware/documentation/autoware_quickstart_examples -DCMAKE_BUILD_TYPE=Release -DCATKIN_INSTALL_INTO_PREFIX_ROOT=0 -DCMAKE_INSTALL_PREFIX=/home/autoware/Autoware/install/autoware_quickstart_examples
[2.302s] Invoking command in '/home/autoware/Autoware/build/autoware_quickstart_examples': /usr/bin/cmake --build /home/autoware/Autoware/build/autoware_quickstart_examples -- -j2 -l2
[2.353s] Invoked command in '/home/autoware/Autoware/build/autoware_quickstart_examples' returned '0': /usr/bin/cmake --build /home/autoware/Autoware/build/autoware_quickstart_examples -- -j2 -l2
[2.391s] Invoking command in '/home/autoware/Autoware/build/autoware_quickstart_examples': /usr/bin/cmake --build /home/autoware/Autoware/build/autoware_quickstart_examples --target tests -- -j2 -l2
[2.452s] Scanning dependencies of target tests
[2.463s] Built target tests
[2.477s] Invoked command in '/home/autoware/Autoware/build/autoware_quickstart_examples' returned '0': /usr/bin/cmake --build /home/autoware/Autoware/build/autoware_quickstart_examples --target tests -- -j2 -l2
[2.518s] Invoking command in '/home/autoware/Autoware/build/autoware_quickstart_examples': /usr/bin/cmake --build /home/autoware/Autoware/build/autoware_quickstart_examples --target install -- -j2 -l2
[2.581s] Install the project...
[2.594s] -- Install configuration: "Release"
[2.594s] -- Installing: /home/autoware/Autoware/install/autoware_quickstart_examples/lib/pkgconfig/autoware_quickstart_examples.pc
[2.595s] -- Installing: /home/autoware/Autoware/install/autoware_quickstart_examples/share/autoware_quickstart_examples/cmake/autoware_quickstart_examplesConfig.cmake
[2.595s] -- Installing: /home/autoware/Autoware/install/autoware_quickstart_examples/share/autoware_quickstart_examples/cmake/autoware_quickstart_examplesConfig-version.cmake
[2.596s] -- Installing: /home/autoware/Autoware/install/autoware_quickstart_examples/share/autoware_quickstart_examples/package.xml
[2.596s] -- Installing: /home/autoware/Autoware/install/autoware_quickstart_examples/share/autoware_quickstart_examples/launch
[2.597s] -- Installing: /home/autoware/Autoware/install/autoware_quickstart_examples/share/autoware_quickstart_examples/launch/rosbag_demo
[2.597s] -- Installing: /home/autoware/Autoware/install/autoware_quickstart_examples/share/autoware_quickstart_examples/launch/rosbag_demo/my_localization.launch
[2.598s] -- Installing: /home/autoware/Autoware/install/autoware_quickstart_examples/share/autoware_quickstart_examples/launch/rosbag_demo/my_motion_planning.launch
[2.598s] -- Installing: /home/autoware/Autoware/install/autoware_quickstart_examples/share/autoware_quickstart_examples/launch/rosbag_demo/my_map.launch
[2.599s] -- Installing: /home/autoware/Autoware/install/autoware_quickstart_examples/share/autoware_quickstart_examples/launch/rosbag_demo/my_mission_planning.launch
[2.600s] -- Installing: /home/autoware/Autoware/install/autoware_quickstart_examples/share/autoware_quickstart_examples/launch/rosbag_demo/my_detection.launch
[2.601s] -- Installing: /home/autoware/Autoware/install/autoware_quickstart_examples/share/autoware_quickstart_examples/launch/rosbag_demo/my_sensing.launch
[2.601s] -- Installing: /home/autoware/Autoware/install/autoware_quickstart_examples/share/autoware_quickstart_examples/launch/rosbag_demo/README.md
[2.602s] -- Installing: /home/autoware/Autoware/install/autoware_quickstart_examples/share/autoware_quickstart_examples/launch/rosbag_demo/default.rviz
[2.603s] -- Installing: /home/autoware/Autoware/install/autoware_quickstart_examples/share/autoware_quickstart_examples/launch/tf_local.launch
[2.611s] Invoked command in '/home/autoware/Autoware/build/autoware_quickstart_examples' returned '0': /usr/bin/cmake --build /home/autoware/Autoware/build/autoware_quickstart_examples --target install -- -j2 -l2
