[0.038s] Invoking command in '/home/autoware/Autoware/build/road_occupancy_processor': CMAKE_PREFIX_PATH=/home/autoware/Autoware/install/vector_map:/home/autoware/Autoware/install/vector_map_msgs:/home/autoware/Autoware/install/autoware_build_flags:${CMAKE_PREFIX_PATH} LD_LIBRARY_PATH=/home/autoware/Autoware/install/vector_map/lib:${LD_LIBRARY_PATH} PKG_CONFIG_PATH=/home/autoware/Autoware/install/vector_map/lib/x86_64-linux-gnu/pkgconfig:/home/autoware/Autoware/install/vector_map/lib/pkgconfig:/home/autoware/Autoware/install/vector_map_msgs/lib/x86_64-linux-gnu/pkgconfig:/home/autoware/Autoware/install/vector_map_msgs/lib/pkgconfig:/home/autoware/Autoware/install/autoware_build_flags/lib/x86_64-linux-gnu/pkgconfig:/home/autoware/Autoware/install/autoware_build_flags/lib/pkgconfig:${PKG_CONFIG_PATH} PYTHONPATH=/home/autoware/Autoware/install/vector_map_msgs/lib/python2.7/dist-packages:${PYTHONPATH} ROS_PACKAGE_PATH=/home/autoware/Autoware/install/vector_map/share:/home/autoware/Autoware/install/vector_map_msgs/share:/home/autoware/Autoware/install/autoware_build_flags/share:${ROS_PACKAGE_PATH} /usr/bin/cmake /home/autoware/Autoware/src/autoware/core_perception/road_occupancy_processor -DCMAKE_BUILD_TYPE=Release -DCATKIN_INSTALL_INTO_PREFIX_ROOT=0 -DCMAKE_INSTALL_PREFIX=/home/autoware/Autoware/install/road_occupancy_processor
[0.134s] -- The C compiler identification is GNU 7.5.0
[0.208s] -- The CXX compiler identification is GNU 7.5.0
[0.214s] -- Check for working C compiler: /usr/bin/cc
[0.305s] -- Check for working C compiler: /usr/bin/cc -- works
[0.312s] -- Detecting C compiler ABI info
[0.397s] -- Detecting C compiler ABI info - done
[0.402s] -- Detecting C compile features
[0.658s] -- Detecting C compile features - done
[0.662s] -- Check for working CXX compiler: /usr/bin/c++
[0.765s] -- Check for working CXX compiler: /usr/bin/c++ -- works
[0.765s] -- Detecting CXX compiler ABI info
[0.865s] -- Detecting CXX compiler ABI info - done
[0.870s] -- Detecting CXX compile features
[1.300s] -- Detecting CXX compile features - done
[1.303s] -- CUDA compilation status: ON.
[1.305s] -- Using CATKIN_DEVEL_PREFIX: /home/autoware/Autoware/build/road_occupancy_processor/devel
[1.306s] -- Using CMAKE_PREFIX_PATH: /home/autoware/Autoware/install/vector_map;/home/autoware/Autoware/install/vector_map_msgs;/home/autoware/Autoware/install/autoware_build_flags;/opt/ros/melodic
[1.306s] -- This workspace overlays: /home/autoware/Autoware/install/vector_map;/home/autoware/Autoware/install/vector_map_msgs;/home/autoware/Autoware/install/autoware_build_flags;/opt/ros/melodic
[1.327s] -- Found PythonInterp: /usr/bin/python2 (found suitable version "2.7.17", minimum required is "2") 
[1.327s] -- Using PYTHON_EXECUTABLE: /usr/bin/python2
[1.328s] -- Using Debian Python package layout
[1.328s] -- Using empy: /usr/bin/empy
[1.487s] -- Using CATKIN_ENABLE_TESTING: ON
[1.487s] -- Call enable_testing()
[1.493s] -- Using CATKIN_TEST_RESULTS_DIR: /home/autoware/Autoware/build/road_occupancy_processor/test_results
[1.518s] -- Found gtest sources under '/usr/src/googletest': gtests will be built
[1.518s] -- Found gmock sources under '/usr/src/googletest': gmock will be built
[1.536s] -- Found PythonInterp: /usr/bin/python2 (found version "2.7.17") 
[1.537s] -- Looking for pthread.h
[1.629s] -- Looking for pthread.h - found
[1.633s] -- Looking for pthread_create
[1.728s] -- Looking for pthread_create - not found
[1.728s] -- Looking for pthread_create in pthreads
[1.801s] -- Looking for pthread_create in pthreads - not found
[1.801s] -- Looking for pthread_create in pthread
[1.897s] -- Looking for pthread_create in pthread - found
[1.898s] -- Found Threads: TRUE  
[1.904s] -- Using Python nosetests: /usr/bin/nosetests-2.7
[1.956s] -- catkin 0.7.26
[1.956s] -- BUILD_SHARED_LIBS is on
[2.277s] -- Using these message generators: gencpp;geneus;genlisp;gennodejs;genpy
[3.508s] -- Found OpenCV: /usr (found version "3.2.0") 
[3.825s] -- Checking for module 'eigen3'
[3.850s] --   Found eigen3, version 3.3.7
[3.917s] -- Found eigen: /usr/local/include/eigen3  
[4.010s] -- Boost version: 1.65.1
[4.010s] -- Found the following Boost libraries:
[4.010s] --   system
[4.011s] --   filesystem
[4.011s] --   thread
[4.011s] --   date_time
[4.011s] --   iostreams
[4.012s] --   serialization
[4.012s] --   chrono
[4.012s] --   atomic
[4.012s] --   regex
[4.015s] -- Checking for module 'libopenni'
[4.040s] --   Found libopenni, version 1.5.4.0
[4.105s] -- Found openni: /usr/lib/libOpenNI.so  
[4.106s] -- Checking for module 'libopenni2'
[4.129s] --   Found libopenni2, version 2.2.0.3
[4.193s] -- Found OpenNI2: /usr/lib/libOpenNI2.so  
[4.199s] -- Could NOT find ensenso (missing: ENSENSO_LIBRARY ENSENSO_INCLUDE_DIR) 
[4.199s] ** WARNING ** io features related to ensenso will be disabled
[4.203s] -- Could NOT find DAVIDSDK (missing: DAVIDSDK_LIBRARY DAVIDSDK_INCLUDE_DIR) 
[4.203s] ** WARNING ** io features related to davidSDK will be disabled
[4.205s] -- Could NOT find DSSDK (missing: _DSSDK_LIBRARIES) 
[4.206s] ** WARNING ** io features related to dssdk will be disabled
[4.206s] ** WARNING ** io features related to pcap will be disabled
[4.206s] ** WARNING ** io features related to png will be disabled
[4.279s] -- The imported target "vtkRenderingPythonTkWidgets" references the file
[4.279s]    "/usr/lib/x86_64-linux-gnu/libvtkRenderingPythonTkWidgets.so"
[4.279s] but this file does not exist.  Possible reasons include:
[4.279s] * The file was deleted, renamed, or moved to another location.
[4.279s] * An install or uninstall procedure did not complete successfully.
[4.279s] * The installation package was faulty and contained
[4.279s]    "/usr/lib/cmake/vtk-6.3/VTKTargets.cmake"
[4.280s] but not all the files it references.
[4.280s] 
[4.281s] -- The imported target "vtk" references the file
[4.281s]    "/usr/bin/vtk"
[4.281s] but this file does not exist.  Possible reasons include:
[4.281s] * The file was deleted, renamed, or moved to another location.
[4.281s] * An install or uninstall procedure did not complete successfully.
[4.281s] * The installation package was faulty and contained
[4.281s]    "/usr/lib/cmake/vtk-6.3/VTKTargets.cmake"
[4.281s] but not all the files it references.
[4.281s] 
[4.367s] -- Found libusb-1.0: /usr/include  
[4.368s] ** WARNING ** io features related to libusb-1.0 will be disabled
[4.369s] -- Checking for module 'flann'
[4.398s] --   Found flann, version 1.9.1
[4.467s] -- Found Flann: /usr/lib/x86_64-linux-gnu/libflann_cpp_s.a  
[4.519s] -- Could NOT find ensenso (missing: ENSENSO_LIBRARY ENSENSO_INCLUDE_DIR) 
[4.519s] ** WARNING ** visualization features related to ensenso will be disabled
[4.523s] -- Could NOT find DAVIDSDK (missing: DAVIDSDK_LIBRARY DAVIDSDK_INCLUDE_DIR) 
[4.524s] ** WARNING ** visualization features related to davidSDK will be disabled
[4.525s] -- Could NOT find DSSDK (missing: _DSSDK_LIBRARIES) 
[4.526s] ** WARNING ** visualization features related to dssdk will be disabled
[4.527s] -- Could NOT find RSSDK (missing: _RSSDK_LIBRARIES) 
[4.527s] ** WARNING ** visualization features related to rssdk will be disabled
[4.569s] -- Found qhull: /usr/lib/x86_64-linux-gnu/libqhull.so  
[4.608s] -- looking for PCL_COMMON
[4.610s] -- Found PCL_COMMON: /usr/lib/x86_64-linux-gnu/libpcl_common.so  
[4.610s] -- looking for PCL_OCTREE
[4.612s] -- Found PCL_OCTREE: /usr/lib/x86_64-linux-gnu/libpcl_octree.so  
[4.612s] -- looking for PCL_IO
[4.614s] -- Found PCL_IO: /usr/lib/x86_64-linux-gnu/libpcl_io.so  
[4.615s] -- looking for PCL_KDTREE
[4.617s] -- Found PCL_KDTREE: /usr/lib/x86_64-linux-gnu/libpcl_kdtree.so  
[4.617s] -- looking for PCL_SEARCH
[4.619s] -- Found PCL_SEARCH: /usr/lib/x86_64-linux-gnu/libpcl_search.so  
[4.620s] -- looking for PCL_SAMPLE_CONSENSUS
[4.621s] -- Found PCL_SAMPLE_CONSENSUS: /usr/lib/x86_64-linux-gnu/libpcl_sample_consensus.so  
[4.622s] -- looking for PCL_FILTERS
[4.624s] -- Found PCL_FILTERS: /usr/lib/x86_64-linux-gnu/libpcl_filters.so  
[4.625s] -- looking for PCL_2D
[4.626s] -- Found PCL_2D: /usr/include/pcl-1.8  
[4.626s] -- looking for PCL_GEOMETRY
[4.627s] -- Found PCL_GEOMETRY: /usr/include/pcl-1.8  
[4.628s] -- looking for PCL_FEATURES
[4.630s] -- Found PCL_FEATURES: /usr/lib/x86_64-linux-gnu/libpcl_features.so  
[4.631s] -- looking for PCL_ML
[4.633s] -- Found PCL_ML: /usr/lib/x86_64-linux-gnu/libpcl_ml.so  
[4.633s] -- looking for PCL_SEGMENTATION
[4.635s] -- Found PCL_SEGMENTATION: /usr/lib/x86_64-linux-gnu/libpcl_segmentation.so  
[4.636s] -- looking for PCL_VISUALIZATION
[4.638s] -- Found PCL_VISUALIZATION: /usr/lib/x86_64-linux-gnu/libpcl_visualization.so  
[4.639s] -- looking for PCL_SURFACE
[4.641s] -- Found PCL_SURFACE: /usr/lib/x86_64-linux-gnu/libpcl_surface.so  
[4.642s] -- looking for PCL_REGISTRATION
[4.644s] -- Found PCL_REGISTRATION: /usr/lib/x86_64-linux-gnu/libpcl_registration.so  
[4.645s] -- looking for PCL_KEYPOINTS
[4.647s] -- Found PCL_KEYPOINTS: /usr/lib/x86_64-linux-gnu/libpcl_keypoints.so  
[4.648s] -- looking for PCL_TRACKING
[4.650s] -- Found PCL_TRACKING: /usr/lib/x86_64-linux-gnu/libpcl_tracking.so  
[4.651s] -- looking for PCL_RECOGNITION
[4.653s] -- Found PCL_RECOGNITION: /usr/lib/x86_64-linux-gnu/libpcl_recognition.so  
[4.654s] -- looking for PCL_STEREO
[4.656s] -- Found PCL_STEREO: /usr/lib/x86_64-linux-gnu/libpcl_stereo.so  
[4.657s] -- looking for PCL_APPS
[4.658s] -- Found PCL_APPS: /usr/lib/x86_64-linux-gnu/libpcl_apps.so  
[4.663s] -- looking for PCL_IN_HAND_SCANNER
[4.664s] -- Found PCL_IN_HAND_SCANNER: /usr/include/pcl-1.8  
[4.664s] -- looking for PCL_MODELER
[4.665s] -- Found PCL_MODELER: /usr/include/pcl-1.8  
[4.666s] -- looking for PCL_POINT_CLOUD_EDITOR
[4.667s] -- Found PCL_POINT_CLOUD_EDITOR: /usr/include/pcl-1.8  
[4.668s] -- looking for PCL_OUTOFCORE
[4.669s] -- Found PCL_OUTOFCORE: /usr/lib/x86_64-linux-gnu/libpcl_outofcore.so  
[4.670s] -- looking for PCL_PEOPLE
[4.672s] -- Found PCL_PEOPLE: /usr/lib/x86_64-linux-gnu/libpcl_people.so  
[4.702s] -- Found PCL: /usr/lib/x86_64-linux-gnu/libboost_system.so;/usr/lib/x86_64-linux-gnu/libboost_filesystem.so;/usr/lib/x86_64-linux-gnu/libboost_thread.so;/usr/lib/x86_64-linux-gnu/libboost_date_time.so;/usr/lib/x86_64-linux-gnu/libboost_iostreams.so;/usr/lib/x86_64-linux-gnu/libboost_serialization.so;/usr/lib/x86_64-linux-gnu/libboost_chrono.so;/usr/lib/x86_64-linux-gnu/libboost_atomic.so;/usr/lib/x86_64-linux-gnu/libboost_regex.so;/usr/lib/x86_64-linux-gnu/libpthread.so;optimized;/usr/lib/x86_64-linux-gnu/libpcl_common.so;debug;/usr/lib/x86_64-linux-gnu/libpcl_common.so;optimized;/usr/lib/x86_64-linux-gnu/libpcl_octree.so;debug;/usr/lib/x86_64-linux-gnu/libpcl_octree.so;/usr/lib/libOpenNI.so;/usr/lib/libOpenNI2.so;vtkChartsCore;vtkCommonColor;vtkCommonDataModel;vtkCommonMath;vtkCommonCore;vtksys;vtkCommonMisc;vtkCommonSystem;vtkCommonTransforms;vtkInfovisCore;vtkFiltersExtraction;vtkCommonExecutionModel;vtkFiltersCore;vtkFiltersGeneral;vtkCommonComputationalGeometry;vtkFiltersStatistics;vtkImagingFourier;vtkImagingCore;vtkalglib;vtkRenderingContext2D;vtkRenderingCore;vtkFiltersGeometry;vtkFiltersSources;vtkRenderingFreeType;/usr/lib/x86_64-linux-gnu/libfreetype.so;/usr/lib/x86_64-linux-gnu/libz.so;vtkftgl;vtkDICOMParser;vtkDomainsChemistry;vtkIOXML;vtkIOGeometry;vtkIOCore;vtkIOXMLParser;/usr/lib/x86_64-linux-gnu/libexpat.so;vtkFiltersAMR;vtkParallelCore;vtkIOLegacy;vtkFiltersFlowPaths;vtkFiltersGeneric;vtkFiltersHybrid;vtkImagingSources;vtkFiltersHyperTree;vtkFiltersImaging;vtkImagingGeneral;vtkFiltersModeling;vtkFiltersParallel;vtkFiltersParallelFlowPaths;vtkParallelMPI;vtkFiltersParallelGeometry;vtkFiltersParallelImaging;vtkFiltersParallelMPI;vtkFiltersParallelStatistics;vtkFiltersProgrammable;vtkFiltersPython;/usr/lib/x86_64-linux-gnu/libpython2.7.so;vtkWrappingPythonCore;vtkWrappingTools;vtkFiltersReebGraph;vtkFiltersSMP;vtkFiltersSelection;vtkFiltersTexture;vtkFiltersVerdict;verdict;vtkGUISupportQt;vtkInteractionStyle;vtkRenderingOpenGL;vtkImagingHybrid;vtkIOImage;vtkmetaio;/usr/lib/x86_64-linux-gnu/libjpeg.so;/usr/lib/x86_64-linux-gnu/libpng.so;/usr/lib/x86_64-linux-gnu/libtiff.so;vtkGUISupportQtOpenGL;vtkGUISupportQtSQL;vtkIOSQL;sqlite3;vtkGUISupportQtWebkit;vtkViewsQt;vtkViewsInfovis;vtkInfovisLayout;vtkInfovisBoostGraphAlgorithms;vtkRenderingLabel;vtkViewsCore;vtkInteractionWidgets;vtkRenderingAnnotation;vtkImagingColor;vtkRenderingVolume;vtkGeovisCore;/usr/lib/x86_64-linux-gnu/libproj.so;vtkIOAMR;/usr/lib/x86_64-linux-gnu/hdf5/openmpi/libhdf5.so;/usr/lib/x86_64-linux-gnu/libsz.so;/usr/lib/x86_64-linux-gnu/libdl.so;/usr/lib/x86_64-linux-gnu/libm.so;/usr/lib/x86_64-linux-gnu/openmpi/lib/libmpi.so;vtkIOEnSight;vtkIOExodus;vtkexoIIc;/usr/lib/x86_64-linux-gnu/libnetcdf_c++.so;/usr/lib/x86_64-linux-gnu/libnetcdf.so;vtkIOExport;vtkRenderingGL2PS;vtkRenderingContextOpenGL;/usr/lib/x86_64-linux-gnu/libgl2ps.so;vtkIOFFMPEG;vtkIOMovie;/usr/lib/x86_64-linux-gnu/libtheoraenc.so;/usr/lib/x86_64-linux-gnu/libtheoradec.so;/usr/lib/x86_64-linux-gnu/libogg.so;vtkIOGDAL;vtkIOGeoJSON;vtkIOImport;vtkIOInfovis;/usr/lib/x86_64-linux-gnu/libxml2.so;vtkIOLSDyna;vtkIOMINC;vtkIOMPIImage;vtkIOMPIParallel;vtkIOParallel;vtkIONetCDF;/usr/lib/x86_64-linux-gnu/libjsoncpp.so;vtkIOMySQL;vtkIOODBC;vtkIOPLY;vtkIOParallelExodus;vtkIOParallelLSDyna;vtkIOParallelNetCDF;vtkIOParallelXML;vtkIOPostgreSQL;vtkIOVPIC;VPIC;vtkIOVideo;vtkIOXdmf2;vtkxdmf2;vtkImagingMath;vtkImagingMorphological;vtkImagingStatistics;vtkImagingStencil;vtkInteractionImage;vtkLocalExample;vtkParallelMPI4Py;vtkPythonInterpreter;vtkRenderingExternal;vtkRenderingFreeTypeFontConfig;vtkRenderingImage;vtkRenderingLIC;vtkRenderingLOD;vtkRenderingMatplotlib;vtkRenderingParallel;vtkRenderingParallelLIC;vtkRenderingQt;vtkRenderingVolumeAMR;vtkRenderingVolumeOpenGL;vtkTestingGenericBridge;vtkTestingIOSQL;vtkTestingRendering;vtkViewsContext2D;vtkViewsGeovis;vtkWrappingJava;optimized;/usr/lib/x86_64-linux-gnu/libpcl_io.so;debug;/usr/lib/x86_64-linux-gnu/libpcl_io.so;optimized;/usr/lib/x86_64-linux-gnu/libflann_cpp_s.a;debug;/usr/lib/x86_64-linux-gnu/libflann_cpp_s.a;optimized;/usr/lib/x86_64-linux-gnu/libpcl_kdtree.so;debug;/usr/lib/x86_64-linux-gnu/libpcl_kdtree.so;optimized;/usr/lib/x86_64-linux-gnu/libpcl_search.so;debug;/usr/lib/x86_64-linux-gnu/libpcl_search.so;optimized;/usr/lib/x86_64-linux-gnu/libpcl_sample_consensus.so;debug;/usr/lib/x86_64-linux-gnu/libpcl_sample_consensus.so;optimized;/usr/lib/x86_64-linux-gnu/libpcl_filters.so;debug;/usr/lib/x86_64-linux-gnu/libpcl_filters.so;optimized;/usr/lib/x86_64-linux-gnu/libpcl_features.so;debug;/usr/lib/x86_64-linux-gnu/libpcl_features.so;optimized;/usr/lib/x86_64-linux-gnu/libpcl_ml.so;debug;/usr/lib/x86_64-linux-gnu/libpcl_ml.so;optimized;/usr/lib/x86_64-linux-gnu/libpcl_segmentation.so;debug;/usr/lib/x86_64-linux-gnu/libpcl_segmentation.so;optimized;/usr/lib/x86_64-linux-gnu/libpcl_visualization.so;debug;/usr/lib/x86_64-linux-gnu/libpcl_visualization.so;optimized;/usr/lib/x86_64-linux-gnu/libqhull.so;debug;/usr/lib/x86_64-linux-gnu/libqhull.so;optimized;/usr/lib/x86_64-linux-gnu/libpcl_surface.so;debug;/usr/lib/x86_64-linux-gnu/libpcl_surface.so;optimized;/usr/lib/x86_64-linux-gnu/libpcl_registration.so;debug;/usr/lib/x86_64-linux-gnu/libpcl_registration.so;optimized;/usr/lib/x86_64-linux-gnu/libpcl_keypoints.so;debug;/usr/lib/x86_64-linux-gnu/libpcl_keypoints.so;optimized;/usr/lib/x86_64-linux-gnu/libpcl_tracking.so;debug;/usr/lib/x86_64-linux-gnu/libpcl_tracking.so;optimized;/usr/lib/x86_64-linux-gnu/libpcl_recognition.so;debug;/usr/lib/x86_64-linux-gnu/libpcl_recognition.so;optimized;/usr/lib/x86_64-linux-gnu/libpcl_stereo.so;debug;/usr/lib/x86_64-linux-gnu/libpcl_stereo.so;optimized;/usr/lib/x86_64-linux-gnu/libpcl_apps.so;debug;/usr/lib/x86_64-linux-gnu/libpcl_apps.so;optimized;/usr/lib/x86_64-linux-gnu/libpcl_outofcore.so;debug;/usr/lib/x86_64-linux-gnu/libpcl_outofcore.so;optimized;/usr/lib/x86_64-linux-gnu/libpcl_people.so;debug;/usr/lib/x86_64-linux-gnu/libpcl_people.so;/usr/lib/x86_64-linux-gnu/libboost_system.so;/usr/lib/x86_64-linux-gnu/libboost_filesystem.so;/usr/lib/x86_64-linux-gnu/libboost_thread.so;/usr/lib/x86_64-linux-gnu/libboost_date_time.so;/usr/lib/x86_64-linux-gnu/libboost_iostreams.so;/usr/lib/x86_64-linux-gnu/libboost_serialization.so;/usr/lib/x86_64-linux-gnu/libboost_chrono.so;/usr/lib/x86_64-linux-gnu/libboost_atomic.so;/usr/lib/x86_64-linux-gnu/libboost_regex.so;/usr/lib/x86_64-linux-gnu/libpthread.so;optimized;/usr/lib/x86_64-linux-gnu/libqhull.so;debug;/usr/lib/x86_64-linux-gnu/libqhull.so;/usr/lib/libOpenNI.so;/usr/lib/libOpenNI2.so;optimized;/usr/lib/x86_64-linux-gnu/libflann_cpp_s.a;debug;/usr/lib/x86_64-linux-gnu/libflann_cpp_s.a;vtkChartsCore;vtkCommonColor;vtkCommonDataModel;vtkCommonMath;vtkCommonCore;vtksys;vtkCommonMisc;vtkCommonSystem;vtkCommonTransforms;vtkInfovisCore;vtkFiltersExtraction;vtkCommonExecutionModel;vtkFiltersCore;vtkFiltersGeneral;vtkCommonComputationalGeometry;vtkFiltersStatistics;vtkImagingFourier;vtkImagingCore;vtkalglib;vtkRenderingContext2D;vtkRenderingCore;vtkFiltersGeometry;vtkFiltersSources;vtkRenderingFreeType;/usr/lib/x86_64-linux-gnu/libfreetype.so;/usr/lib/x86_64-linux-gnu/libz.so;vtkftgl;vtkDICOMParser;vtkDomainsChemistry;vtkIOXML;vtkIOGeometry;vtkIOCore;vtkIOXMLParser;/usr/lib/x86_64-linux-gnu/libexpat.so;vtkFiltersAMR;vtkParallelCore;vtkIOLegacy;vtkFiltersFlowPaths;vtkFiltersGeneric;vtkFiltersHybrid;vtkImagingSources;vtkFiltersHyperTree;vtkFiltersImaging;vtkImagingGeneral;vtkFiltersModeling;vtkFiltersParallel;vtkFiltersParallelFlowPaths;vtkParallelMPI;vtkFiltersParallelGeometry;vtkFiltersParallelImaging;vtkFiltersParallelMPI;vtkFiltersParallelStatistics;vtkFiltersProgrammable;vtkFiltersPython;/usr/lib/x86_64-linux-gnu/libpython2.7.so;vtkWrappingPythonCore;vtkWrappingTools;vtkFiltersReebGraph;vtkFiltersSMP;vtkFiltersSelection;vtkFiltersTexture;vtkFiltersVerdict;verdict;vtkGUISupportQt;vtkInteractionStyle;vtkRenderingOpenGL;vtkImagingHybrid;vtkIOImage;vtkmetaio;/usr/lib/x86_64-linux-gnu/libjpeg.so;/usr/lib/x86_64-linux-gnu/libpng.so;/usr/lib/x86_64-linux-gnu/libtiff.so;vtkGUISupportQtOpenGL;vtkGUISupportQtSQL;vtkIOSQL;sqlite3;vtkGUISupportQtWebkit;vtkViewsQt;vtkViewsInfovis;vtkInfovisLayout;vtkInfovisBoostGraphAlgorithms;vtkRenderingLabel;vtkViewsCore;vtkInteractionWidgets;vtkRenderingAnnotation;vtkImagingColor;vtkRenderingVolume;vtkGeovisCore;/usr/lib/x86_64-linux-gnu/libproj.so;vtkIOAMR;/usr/lib/x86_64-linux-gnu/hdf5/openmpi/libhdf5.so;/usr/lib/x86_64-linux-gnu/libsz.so;/usr/lib/x86_64-linux-gnu/libdl.so;/usr/lib/x86_64-linux-gnu/libm.so;/usr/lib/x86_64-linux-gnu/openmpi/lib/libmpi.so;vtkIOEnSight;vtkIOExodus;vtkexoIIc;/usr/lib/x86_64-linux-gnu/libnetcdf_c++.so;/usr/lib/x86_64-linux-gnu/libnetcdf.so;vtkIOExport;vtkRenderingGL2PS;vtkRenderingContextOpenGL;/usr/lib/x86_64-linux-gnu/libgl2ps.so;vtkIOFFMPEG;vtkIOMovie;/usr/lib/x86_64-linux-gnu/libtheoraenc.so;/usr/lib/x86_64-linux-gnu/libtheoradec.so;/usr/lib/x86_64-linux-gnu/libogg.so;vtkIOGDAL;vtkIOGeoJSON;vtkIOImport;vtkIOInfovis;/usr/lib/x86_64-linux-gnu/libxml2.so;vtkIOLSDyna;vtkIOMINC;vtkIOMPIImage;vtkIOMPIParallel;vtkIOParallel;vtkIONetCDF;/usr/lib/x86_64-linux-gnu/libjsoncpp.so;vtkIOMySQL;vtkIOODBC;vtkIOPLY;vtkIOParallelExodus;vtkIOParallelLSDyna;vtkIOParallelNetCDF;vtkIOParallelXML;vtkIOPostgreSQL;vtkIOVPIC;VPIC;vtkIOVideo;vtkIOXdmf2;vtkxdmf2;vtkImagingMath;vtkImagingMorphological;vtkImagingStatistics;vtkImagingStencil;vtkInteractionImage;vtkLocalExample;vtkParallelMPI4Py;vtkPythonInterpreter;vtkRenderingExternal;vtkRenderingFreeTypeFontConfig;vtkRenderingImage;vtkRenderingLIC;vtkRenderingLOD;vtkRenderingMatplotlib;vtkRenderingParallel;vtkRenderingParallelLIC;vtkRenderingQt;vtkRenderingVolumeAMR;vtkRenderingVolumeOpenGL;vtkTestingGenericBridge;vtkTestingIOSQL;vtkTestingRendering;vtkViewsContext2D;vtkViewsGeovis;vtkWrappingJava  
[5.032s] -- Found OpenMP_C: -fopenmp (found version "4.5") 
[5.143s] -- Found OpenMP_CXX: -fopenmp (found version "4.5") 
[5.144s] -- Found OpenMP: TRUE (found version "4.5")  
[5.299s] -- Configuring done
[5.606s] -- Generating done
[5.622s] -- Build files have been written to: /home/autoware/Autoware/build/road_occupancy_processor
[5.637s] Invoked command in '/home/autoware/Autoware/build/road_occupancy_processor' returned '0': CMAKE_PREFIX_PATH=/home/autoware/Autoware/install/vector_map:/home/autoware/Autoware/install/vector_map_msgs:/home/autoware/Autoware/install/autoware_build_flags:${CMAKE_PREFIX_PATH} LD_LIBRARY_PATH=/home/autoware/Autoware/install/vector_map/lib:${LD_LIBRARY_PATH} PKG_CONFIG_PATH=/home/autoware/Autoware/install/vector_map/lib/x86_64-linux-gnu/pkgconfig:/home/autoware/Autoware/install/vector_map/lib/pkgconfig:/home/autoware/Autoware/install/vector_map_msgs/lib/x86_64-linux-gnu/pkgconfig:/home/autoware/Autoware/install/vector_map_msgs/lib/pkgconfig:/home/autoware/Autoware/install/autoware_build_flags/lib/x86_64-linux-gnu/pkgconfig:/home/autoware/Autoware/install/autoware_build_flags/lib/pkgconfig:${PKG_CONFIG_PATH} PYTHONPATH=/home/autoware/Autoware/install/vector_map_msgs/lib/python2.7/dist-packages:${PYTHONPATH} ROS_PACKAGE_PATH=/home/autoware/Autoware/install/vector_map/share:/home/autoware/Autoware/install/vector_map_msgs/share:/home/autoware/Autoware/install/autoware_build_flags/share:${ROS_PACKAGE_PATH} /usr/bin/cmake /home/autoware/Autoware/src/autoware/core_perception/road_occupancy_processor -DCMAKE_BUILD_TYPE=Release -DCATKIN_INSTALL_INTO_PREFIX_ROOT=0 -DCMAKE_INSTALL_PREFIX=/home/autoware/Autoware/install/road_occupancy_processor
[5.638s] Invoking command in '/home/autoware/Autoware/build/road_occupancy_processor': CMAKE_PREFIX_PATH=/home/autoware/Autoware/install/vector_map:/home/autoware/Autoware/install/vector_map_msgs:/home/autoware/Autoware/install/autoware_build_flags:${CMAKE_PREFIX_PATH} LD_LIBRARY_PATH=/home/autoware/Autoware/install/vector_map/lib:${LD_LIBRARY_PATH} PKG_CONFIG_PATH=/home/autoware/Autoware/install/vector_map/lib/x86_64-linux-gnu/pkgconfig:/home/autoware/Autoware/install/vector_map/lib/pkgconfig:/home/autoware/Autoware/install/vector_map_msgs/lib/x86_64-linux-gnu/pkgconfig:/home/autoware/Autoware/install/vector_map_msgs/lib/pkgconfig:/home/autoware/Autoware/install/autoware_build_flags/lib/x86_64-linux-gnu/pkgconfig:/home/autoware/Autoware/install/autoware_build_flags/lib/pkgconfig:${PKG_CONFIG_PATH} PYTHONPATH=/home/autoware/Autoware/install/vector_map_msgs/lib/python2.7/dist-packages:${PYTHONPATH} ROS_PACKAGE_PATH=/home/autoware/Autoware/install/vector_map/share:/home/autoware/Autoware/install/vector_map_msgs/share:/home/autoware/Autoware/install/autoware_build_flags/share:${ROS_PACKAGE_PATH} /usr/bin/cmake --build /home/autoware/Autoware/build/road_occupancy_processor -- -j2 -l2
[5.701s] Scanning dependencies of target pcl_msgs_generate_messages_eus
[5.715s] [  0%] Built target pcl_msgs_generate_messages_eus
[5.729s] Scanning dependencies of target vector_map_msgs_generate_messages_py
[5.742s] [  0%] Built target vector_map_msgs_generate_messages_py
[5.755s] Scanning dependencies of target vector_map_msgs_generate_messages_lisp
[5.769s] [  0%] Built target vector_map_msgs_generate_messages_lisp
[5.783s] Scanning dependencies of target vector_map_msgs_generate_messages_eus
[5.795s] [  0%] Built target vector_map_msgs_generate_messages_eus
[5.809s] Scanning dependencies of target vector_map_msgs_generate_messages_cpp
[5.822s] [  0%] Built target vector_map_msgs_generate_messages_cpp
[5.835s] Scanning dependencies of target vector_map_msgs_generate_messages_nodejs
[5.847s] [  0%] Built target vector_map_msgs_generate_messages_nodejs
[5.860s] Scanning dependencies of target bond_generate_messages_py
[5.872s] [  0%] Built target bond_generate_messages_py
[5.884s] Scanning dependencies of target bond_generate_messages_nodejs
[5.896s] [  0%] Built target bond_generate_messages_nodejs
[5.909s] Scanning dependencies of target bond_generate_messages_lisp
[5.924s] [  0%] Built target bond_generate_messages_lisp
[5.938s] Scanning dependencies of target bond_generate_messages_eus
[5.952s] [  0%] Built target bond_generate_messages_eus
[5.966s] Scanning dependencies of target bond_generate_messages_cpp
[5.979s] [  0%] Built target bond_generate_messages_cpp
[5.992s] Scanning dependencies of target nodelet_generate_messages_nodejs
[6.004s] [  0%] Built target nodelet_generate_messages_nodejs
[6.018s] Scanning dependencies of target nodelet_generate_messages_lisp
[6.031s] [  0%] Built target nodelet_generate_messages_lisp
[6.044s] Scanning dependencies of target nodelet_generate_messages_eus
[6.057s] [  0%] Built target nodelet_generate_messages_eus
[6.071s] Scanning dependencies of target nodelet_generate_messages_cpp
[6.083s] [  0%] Built target nodelet_generate_messages_cpp
[6.096s] Scanning dependencies of target dynamic_reconfigure_generate_messages_py
[6.109s] [  0%] Built target dynamic_reconfigure_generate_messages_py
[6.123s] Scanning dependencies of target dynamic_reconfigure_generate_messages_nodejs
[6.136s] [  0%] Built target dynamic_reconfigure_generate_messages_nodejs
[6.149s] Scanning dependencies of target dynamic_reconfigure_generate_messages_lisp
[6.161s] [  0%] Built target dynamic_reconfigure_generate_messages_lisp
[6.173s] Scanning dependencies of target dynamic_reconfigure_generate_messages_eus
[6.187s] [  0%] Built target dynamic_reconfigure_generate_messages_eus
[6.201s] Scanning dependencies of target pcl_ros_gencfg
[6.215s] [  0%] Built target pcl_ros_gencfg
[6.229s] Scanning dependencies of target grid_map_msgs_generate_messages_nodejs
[6.241s] [  0%] Built target grid_map_msgs_generate_messages_nodejs
[6.255s] Scanning dependencies of target grid_map_msgs_generate_messages_eus
[6.268s] [  0%] Built target grid_map_msgs_generate_messages_eus
[6.282s] Scanning dependencies of target roscpp_generate_messages_py
[6.295s] [  0%] Built target roscpp_generate_messages_py
[6.309s] Scanning dependencies of target grid_map_msgs_generate_messages_cpp
[6.323s] [  0%] Built target grid_map_msgs_generate_messages_cpp
[6.336s] Scanning dependencies of target rosgraph_msgs_generate_messages_lisp
[6.349s] [  0%] Built target rosgraph_msgs_generate_messages_lisp
[6.362s] Scanning dependencies of target rosgraph_msgs_generate_messages_eus
[6.374s] [  0%] Built target rosgraph_msgs_generate_messages_eus
[6.387s] Scanning dependencies of target rosgraph_msgs_generate_messages_cpp
[6.399s] [  0%] Built target rosgraph_msgs_generate_messages_cpp
[6.412s] Scanning dependencies of target topic_tools_generate_messages_cpp
[6.427s] [  0%] Built target topic_tools_generate_messages_cpp
[6.439s] Scanning dependencies of target geometry_msgs_generate_messages_eus
[6.453s] [  0%] Built target geometry_msgs_generate_messages_eus
[6.466s] Scanning dependencies of target std_msgs_generate_messages_py
[6.479s] [  0%] Built target std_msgs_generate_messages_py
[6.491s] Scanning dependencies of target std_msgs_generate_messages_nodejs
[6.503s] [  0%] Built target std_msgs_generate_messages_nodejs
[6.516s] Scanning dependencies of target grid_map_msgs_generate_messages_lisp
[6.529s] [  0%] Built target grid_map_msgs_generate_messages_lisp
[6.542s] Scanning dependencies of target actionlib_msgs_generate_messages_lisp
[6.555s] [  0%] Built target actionlib_msgs_generate_messages_lisp
[6.567s] Scanning dependencies of target rosgraph_msgs_generate_messages_nodejs
[6.580s] [  0%] Built target rosgraph_msgs_generate_messages_nodejs
[6.592s] Scanning dependencies of target std_srvs_generate_messages_cpp
[6.604s] [  0%] Built target std_srvs_generate_messages_cpp
[6.617s] Scanning dependencies of target nav_msgs_generate_messages_cpp
[6.629s] [  0%] Built target nav_msgs_generate_messages_cpp
[6.643s] Scanning dependencies of target sensor_msgs_generate_messages_lisp
[6.655s] [  0%] Built target sensor_msgs_generate_messages_lisp
[6.668s] Scanning dependencies of target std_srvs_generate_messages_eus
[6.680s] [  0%] Built target std_srvs_generate_messages_eus
[6.694s] Scanning dependencies of target roscpp_generate_messages_lisp
[6.706s] [  0%] Built target roscpp_generate_messages_lisp
[6.719s] Scanning dependencies of target std_msgs_generate_messages_cpp
[6.731s] [  0%] Built target std_msgs_generate_messages_cpp
[6.743s] Scanning dependencies of target std_msgs_generate_messages_eus
[6.755s] [  0%] Built target std_msgs_generate_messages_eus
[6.768s] Scanning dependencies of target visualization_msgs_generate_messages_lisp
[6.782s] [  0%] Built target visualization_msgs_generate_messages_lisp
[6.795s] Scanning dependencies of target visualization_msgs_generate_messages_nodejs
[6.807s] [  0%] Built target visualization_msgs_generate_messages_nodejs
[6.820s] Scanning dependencies of target nav_msgs_generate_messages_nodejs
[6.832s] [  0%] Built target nav_msgs_generate_messages_nodejs
[6.845s] Scanning dependencies of target roscpp_generate_messages_cpp
[6.858s] [  0%] Built target roscpp_generate_messages_cpp
[6.871s] Scanning dependencies of target sensor_msgs_generate_messages_nodejs
[6.885s] [  0%] Built target sensor_msgs_generate_messages_nodejs
[6.898s] Scanning dependencies of target actionlib_generate_messages_cpp
[6.910s] [  0%] Built target actionlib_generate_messages_cpp
[6.923s] Scanning dependencies of target geometry_msgs_generate_messages_nodejs
[6.937s] [  0%] Built target geometry_msgs_generate_messages_nodejs
[6.952s] Scanning dependencies of target nodelet_generate_messages_py
[6.966s] [  0%] Built target nodelet_generate_messages_py
[6.978s] Scanning dependencies of target sensor_msgs_generate_messages_py
[6.991s] [  0%] Built target sensor_msgs_generate_messages_py
[7.004s] Scanning dependencies of target dynamic_reconfigure_generate_messages_cpp
[7.017s] [  0%] Built target dynamic_reconfigure_generate_messages_cpp
[7.030s] Scanning dependencies of target tf_generate_messages_py
[7.043s] [  0%] Built target tf_generate_messages_py
[7.056s] Scanning dependencies of target geometry_msgs_generate_messages_lisp
[7.069s] [  0%] Built target geometry_msgs_generate_messages_lisp
[7.084s] Scanning dependencies of target roscpp_generate_messages_nodejs
[7.097s] [  0%] Built target roscpp_generate_messages_nodejs
[7.111s] Scanning dependencies of target std_msgs_generate_messages_lisp
[7.123s] [  0%] Built target std_msgs_generate_messages_lisp
[7.136s] Scanning dependencies of target sensor_msgs_generate_messages_cpp
[7.149s] [  0%] Built target sensor_msgs_generate_messages_cpp
[7.162s] Scanning dependencies of target sensor_msgs_generate_messages_eus
[7.175s] [  0%] Built target sensor_msgs_generate_messages_eus
[7.187s] Scanning dependencies of target grid_map_msgs_generate_messages_py
[7.200s] [  0%] Built target grid_map_msgs_generate_messages_py
[7.213s] Scanning dependencies of target geometry_msgs_generate_messages_py
[7.226s] [  0%] Built target geometry_msgs_generate_messages_py
[7.239s] Scanning dependencies of target pcl_msgs_generate_messages_nodejs
[7.253s] [  0%] Built target pcl_msgs_generate_messages_nodejs
[7.266s] Scanning dependencies of target nav_msgs_generate_messages_lisp
[7.279s] [  0%] Built target nav_msgs_generate_messages_lisp
[7.291s] Scanning dependencies of target roscpp_generate_messages_eus
[7.304s] [  0%] Built target roscpp_generate_messages_eus
[7.317s] Scanning dependencies of target rosgraph_msgs_generate_messages_py
[7.329s] [  0%] Built target rosgraph_msgs_generate_messages_py
[7.342s] Scanning dependencies of target actionlib_msgs_generate_messages_eus
[7.354s] [  0%] Built target actionlib_msgs_generate_messages_eus
[7.366s] Scanning dependencies of target actionlib_msgs_generate_messages_py
[7.378s] [  0%] Built target actionlib_msgs_generate_messages_py
[7.390s] Scanning dependencies of target std_srvs_generate_messages_lisp
[7.402s] [  0%] Built target std_srvs_generate_messages_lisp
[7.415s] Scanning dependencies of target topic_tools_generate_messages_lisp
[7.427s] [  0%] Built target topic_tools_generate_messages_lisp
[7.442s] Scanning dependencies of target std_srvs_generate_messages_nodejs
[7.454s] [  0%] Built target std_srvs_generate_messages_nodejs
[7.469s] Scanning dependencies of target geometry_msgs_generate_messages_cpp
[7.481s] [  0%] Built target geometry_msgs_generate_messages_cpp
[7.494s] Scanning dependencies of target actionlib_generate_messages_lisp
[7.507s] [  0%] Built target actionlib_generate_messages_lisp
[7.520s] Scanning dependencies of target std_srvs_generate_messages_py
[7.533s] [  0%] Built target std_srvs_generate_messages_py
[7.546s] Scanning dependencies of target topic_tools_generate_messages_eus
[7.558s] [  0%] Built target topic_tools_generate_messages_eus
[7.570s] Scanning dependencies of target topic_tools_generate_messages_nodejs
[7.583s] [  0%] Built target topic_tools_generate_messages_nodejs
[7.595s] Scanning dependencies of target nodelet_topic_tools_gencfg
[7.607s] [  0%] Built target nodelet_topic_tools_gencfg
[7.620s] Scanning dependencies of target actionlib_msgs_generate_messages_nodejs
[7.632s] [  0%] Built target actionlib_msgs_generate_messages_nodejs
[7.644s] Scanning dependencies of target topic_tools_generate_messages_py
[7.656s] [  0%] Built target topic_tools_generate_messages_py
[7.669s] Scanning dependencies of target actionlib_msgs_generate_messages_cpp
[7.681s] [  0%] Built target actionlib_msgs_generate_messages_cpp
[7.694s] Scanning dependencies of target tf_generate_messages_eus
[7.706s] [  0%] Built target tf_generate_messages_eus
[7.720s] Scanning dependencies of target tf_generate_messages_lisp
[7.733s] [  0%] Built target tf_generate_messages_lisp
[7.747s] Scanning dependencies of target tf_generate_messages_nodejs
[7.760s] [  0%] Built target tf_generate_messages_nodejs
[7.773s] Scanning dependencies of target pcl_msgs_generate_messages_py
[7.785s] [  0%] Built target pcl_msgs_generate_messages_py
[7.799s] Scanning dependencies of target actionlib_generate_messages_eus
[7.812s] [  0%] Built target actionlib_generate_messages_eus
[7.825s] Scanning dependencies of target pcl_msgs_generate_messages_lisp
[7.837s] [  0%] Built target pcl_msgs_generate_messages_lisp
[7.849s] Scanning dependencies of target tf_generate_messages_cpp
[7.862s] [  0%] Built target tf_generate_messages_cpp
[7.875s] Scanning dependencies of target actionlib_generate_messages_nodejs
[7.887s] [  0%] Built target actionlib_generate_messages_nodejs
[7.900s] Scanning dependencies of target tf2_msgs_generate_messages_cpp
[7.913s] [  0%] Built target tf2_msgs_generate_messages_cpp
[7.926s] Scanning dependencies of target dynamic_reconfigure_gencfg
[7.939s] [  0%] Built target dynamic_reconfigure_gencfg
[7.954s] Scanning dependencies of target nav_msgs_generate_messages_py
[7.967s] [  0%] Built target nav_msgs_generate_messages_py
[7.981s] Scanning dependencies of target tf2_msgs_generate_messages_lisp
[7.995s] [  0%] Built target tf2_msgs_generate_messages_lisp
[8.009s] Scanning dependencies of target actionlib_generate_messages_py
[8.022s] [  0%] Built target actionlib_generate_messages_py
[8.037s] Scanning dependencies of target tf2_msgs_generate_messages_py
[8.050s] [  0%] Built target tf2_msgs_generate_messages_py
[8.065s] Scanning dependencies of target tf2_msgs_generate_messages_nodejs
[8.079s] [  0%] Built target tf2_msgs_generate_messages_nodejs
[8.092s] Scanning dependencies of target nav_msgs_generate_messages_eus
[8.104s] [  0%] Built target nav_msgs_generate_messages_eus
[8.118s] Scanning dependencies of target tf2_msgs_generate_messages_eus
[8.130s] [  0%] Built target tf2_msgs_generate_messages_eus
[8.144s] Scanning dependencies of target visualization_msgs_generate_messages_cpp
[8.156s] [  0%] Built target visualization_msgs_generate_messages_cpp
[8.169s] Scanning dependencies of target visualization_msgs_generate_messages_eus
[8.181s] [  0%] Built target visualization_msgs_generate_messages_eus
[8.195s] Scanning dependencies of target visualization_msgs_generate_messages_py
[8.206s] [  0%] Built target visualization_msgs_generate_messages_py
[8.219s] Scanning dependencies of target pcl_msgs_generate_messages_cpp
[8.232s] [  0%] Built target pcl_msgs_generate_messages_cpp
[8.347s] Scanning dependencies of target road_occupancy_processor_lib
[8.384s] [ 25%] Building CXX object CMakeFiles/road_occupancy_processor_lib.dir/src/road_occupancy_processor.cpp.o
[32.892s] [ 50%] Linking CXX shared library devel/lib/libroad_occupancy_processor_lib.so
[34.666s] [ 50%] Built target road_occupancy_processor_lib
[34.781s] Scanning dependencies of target road_occupancy_processor
[34.818s] [ 75%] Building CXX object CMakeFiles/road_occupancy_processor.dir/src/road_occupancy_processor_node.cpp.o
[50.984s] [100%] Linking CXX executable devel/lib/road_occupancy_processor/road_occupancy_processor
[52.553s] [100%] Built target road_occupancy_processor
[52.570s] Invoked command in '/home/autoware/Autoware/build/road_occupancy_processor' returned '0': CMAKE_PREFIX_PATH=/home/autoware/Autoware/install/vector_map:/home/autoware/Autoware/install/vector_map_msgs:/home/autoware/Autoware/install/autoware_build_flags:${CMAKE_PREFIX_PATH} LD_LIBRARY_PATH=/home/autoware/Autoware/install/vector_map/lib:${LD_LIBRARY_PATH} PKG_CONFIG_PATH=/home/autoware/Autoware/install/vector_map/lib/x86_64-linux-gnu/pkgconfig:/home/autoware/Autoware/install/vector_map/lib/pkgconfig:/home/autoware/Autoware/install/vector_map_msgs/lib/x86_64-linux-gnu/pkgconfig:/home/autoware/Autoware/install/vector_map_msgs/lib/pkgconfig:/home/autoware/Autoware/install/autoware_build_flags/lib/x86_64-linux-gnu/pkgconfig:/home/autoware/Autoware/install/autoware_build_flags/lib/pkgconfig:${PKG_CONFIG_PATH} PYTHONPATH=/home/autoware/Autoware/install/vector_map_msgs/lib/python2.7/dist-packages:${PYTHONPATH} ROS_PACKAGE_PATH=/home/autoware/Autoware/install/vector_map/share:/home/autoware/Autoware/install/vector_map_msgs/share:/home/autoware/Autoware/install/autoware_build_flags/share:${ROS_PACKAGE_PATH} /usr/bin/cmake --build /home/autoware/Autoware/build/road_occupancy_processor -- -j2 -l2
[52.728s] Invoking command in '/home/autoware/Autoware/build/road_occupancy_processor': CMAKE_PREFIX_PATH=/home/autoware/Autoware/install/vector_map:/home/autoware/Autoware/install/vector_map_msgs:/home/autoware/Autoware/install/autoware_build_flags:${CMAKE_PREFIX_PATH} LD_LIBRARY_PATH=/home/autoware/Autoware/install/vector_map/lib:${LD_LIBRARY_PATH} PKG_CONFIG_PATH=/home/autoware/Autoware/install/vector_map/lib/x86_64-linux-gnu/pkgconfig:/home/autoware/Autoware/install/vector_map/lib/pkgconfig:/home/autoware/Autoware/install/vector_map_msgs/lib/x86_64-linux-gnu/pkgconfig:/home/autoware/Autoware/install/vector_map_msgs/lib/pkgconfig:/home/autoware/Autoware/install/autoware_build_flags/lib/x86_64-linux-gnu/pkgconfig:/home/autoware/Autoware/install/autoware_build_flags/lib/pkgconfig:${PKG_CONFIG_PATH} PYTHONPATH=/home/autoware/Autoware/install/vector_map_msgs/lib/python2.7/dist-packages:${PYTHONPATH} ROS_PACKAGE_PATH=/home/autoware/Autoware/install/vector_map/share:/home/autoware/Autoware/install/vector_map_msgs/share:/home/autoware/Autoware/install/autoware_build_flags/share:${ROS_PACKAGE_PATH} /usr/bin/cmake --build /home/autoware/Autoware/build/road_occupancy_processor --target tests -- -j2 -l2
[52.813s] Scanning dependencies of target tests
[52.827s] Built target tests
[52.843s] Invoked command in '/home/autoware/Autoware/build/road_occupancy_processor' returned '0': CMAKE_PREFIX_PATH=/home/autoware/Autoware/install/vector_map:/home/autoware/Autoware/install/vector_map_msgs:/home/autoware/Autoware/install/autoware_build_flags:${CMAKE_PREFIX_PATH} LD_LIBRARY_PATH=/home/autoware/Autoware/install/vector_map/lib:${LD_LIBRARY_PATH} PKG_CONFIG_PATH=/home/autoware/Autoware/install/vector_map/lib/x86_64-linux-gnu/pkgconfig:/home/autoware/Autoware/install/vector_map/lib/pkgconfig:/home/autoware/Autoware/install/vector_map_msgs/lib/x86_64-linux-gnu/pkgconfig:/home/autoware/Autoware/install/vector_map_msgs/lib/pkgconfig:/home/autoware/Autoware/install/autoware_build_flags/lib/x86_64-linux-gnu/pkgconfig:/home/autoware/Autoware/install/autoware_build_flags/lib/pkgconfig:${PKG_CONFIG_PATH} PYTHONPATH=/home/autoware/Autoware/install/vector_map_msgs/lib/python2.7/dist-packages:${PYTHONPATH} ROS_PACKAGE_PATH=/home/autoware/Autoware/install/vector_map/share:/home/autoware/Autoware/install/vector_map_msgs/share:/home/autoware/Autoware/install/autoware_build_flags/share:${ROS_PACKAGE_PATH} /usr/bin/cmake --build /home/autoware/Autoware/build/road_occupancy_processor --target tests -- -j2 -l2
[52.995s] Invoking command in '/home/autoware/Autoware/build/road_occupancy_processor': CMAKE_PREFIX_PATH=/home/autoware/Autoware/install/vector_map:/home/autoware/Autoware/install/vector_map_msgs:/home/autoware/Autoware/install/autoware_build_flags:${CMAKE_PREFIX_PATH} LD_LIBRARY_PATH=/home/autoware/Autoware/install/vector_map/lib:${LD_LIBRARY_PATH} PKG_CONFIG_PATH=/home/autoware/Autoware/install/vector_map/lib/x86_64-linux-gnu/pkgconfig:/home/autoware/Autoware/install/vector_map/lib/pkgconfig:/home/autoware/Autoware/install/vector_map_msgs/lib/x86_64-linux-gnu/pkgconfig:/home/autoware/Autoware/install/vector_map_msgs/lib/pkgconfig:/home/autoware/Autoware/install/autoware_build_flags/lib/x86_64-linux-gnu/pkgconfig:/home/autoware/Autoware/install/autoware_build_flags/lib/pkgconfig:${PKG_CONFIG_PATH} PYTHONPATH=/home/autoware/Autoware/install/vector_map_msgs/lib/python2.7/dist-packages:${PYTHONPATH} ROS_PACKAGE_PATH=/home/autoware/Autoware/install/vector_map/share:/home/autoware/Autoware/install/vector_map_msgs/share:/home/autoware/Autoware/install/autoware_build_flags/share:${ROS_PACKAGE_PATH} /usr/bin/cmake --build /home/autoware/Autoware/build/road_occupancy_processor --target install -- -j2 -l2
[53.071s] [  0%] Built target pcl_msgs_generate_messages_eus
[53.103s] [  0%] Built target vector_map_msgs_generate_messages_py
[53.130s] [  0%] Built target vector_map_msgs_generate_messages_lisp
[53.158s] [  0%] Built target vector_map_msgs_generate_messages_eus
[53.187s] [  0%] Built target vector_map_msgs_generate_messages_cpp
[53.214s] [  0%] Built target vector_map_msgs_generate_messages_nodejs
[53.248s] [  0%] Built target bond_generate_messages_py
[53.275s] [  0%] Built target bond_generate_messages_nodejs
[53.301s] [  0%] Built target bond_generate_messages_lisp
[53.325s] [  0%] Built target bond_generate_messages_eus
[53.350s] [  0%] Built target bond_generate_messages_cpp
[53.375s] [  0%] Built target nodelet_generate_messages_nodejs
[53.402s] [  0%] Built target nodelet_generate_messages_lisp
[53.428s] [  0%] Built target nodelet_generate_messages_eus
[53.454s] [  0%] Built target nodelet_generate_messages_cpp
[53.479s] [  0%] Built target dynamic_reconfigure_generate_messages_py
[53.504s] [  0%] Built target dynamic_reconfigure_generate_messages_nodejs
[53.532s] [  0%] Built target dynamic_reconfigure_generate_messages_lisp
[53.560s] [  0%] Built target dynamic_reconfigure_generate_messages_eus
[53.588s] [  0%] Built target pcl_ros_gencfg
[53.616s] [  0%] Built target grid_map_msgs_generate_messages_nodejs
[53.644s] [  0%] Built target grid_map_msgs_generate_messages_eus
[53.672s] [  0%] Built target roscpp_generate_messages_py
[53.701s] [  0%] Built target grid_map_msgs_generate_messages_cpp
[53.729s] [  0%] Built target rosgraph_msgs_generate_messages_lisp
[53.754s] [  0%] Built target rosgraph_msgs_generate_messages_eus
[53.783s] [  0%] Built target rosgraph_msgs_generate_messages_cpp
[53.815s] [  0%] Built target topic_tools_generate_messages_cpp
[53.841s] [  0%] Built target geometry_msgs_generate_messages_eus
[53.867s] [  0%] Built target std_msgs_generate_messages_py
[53.892s] [  0%] Built target std_msgs_generate_messages_nodejs
[53.918s] [  0%] Built target grid_map_msgs_generate_messages_lisp
[53.942s] [  0%] Built target actionlib_msgs_generate_messages_lisp
[53.966s] [  0%] Built target rosgraph_msgs_generate_messages_nodejs
[53.992s] [  0%] Built target std_srvs_generate_messages_cpp
[54.017s] [  0%] Built target nav_msgs_generate_messages_cpp
[54.043s] [  0%] Built target sensor_msgs_generate_messages_lisp
[54.070s] [  0%] Built target std_srvs_generate_messages_eus
[54.099s] [  0%] Built target roscpp_generate_messages_lisp
[54.125s] [  0%] Built target std_msgs_generate_messages_cpp
[54.151s] [  0%] Built target std_msgs_generate_messages_eus
[54.178s] [  0%] Built target visualization_msgs_generate_messages_lisp
[54.209s] [  0%] Built target visualization_msgs_generate_messages_nodejs
[54.235s] [  0%] Built target nav_msgs_generate_messages_nodejs
[54.262s] [  0%] Built target roscpp_generate_messages_cpp
[54.289s] [  0%] Built target sensor_msgs_generate_messages_nodejs
[54.316s] [  0%] Built target actionlib_generate_messages_cpp
[54.341s] [  0%] Built target geometry_msgs_generate_messages_nodejs
[54.367s] [  0%] Built target nodelet_generate_messages_py
[54.393s] [  0%] Built target sensor_msgs_generate_messages_py
[54.418s] [  0%] Built target dynamic_reconfigure_generate_messages_cpp
[54.447s] [  0%] Built target tf_generate_messages_py
[54.473s] [  0%] Built target geometry_msgs_generate_messages_lisp
[54.500s] [  0%] Built target roscpp_generate_messages_nodejs
[54.526s] [  0%] Built target std_msgs_generate_messages_lisp
[54.552s] [  0%] Built target sensor_msgs_generate_messages_cpp
[54.577s] [  0%] Built target sensor_msgs_generate_messages_eus
[54.602s] [  0%] Built target grid_map_msgs_generate_messages_py
[54.627s] [  0%] Built target geometry_msgs_generate_messages_py
[54.653s] [  0%] Built target pcl_msgs_generate_messages_nodejs
[54.683s] [  0%] Built target nav_msgs_generate_messages_lisp
[54.712s] [  0%] Built target roscpp_generate_messages_eus
[54.743s] [  0%] Built target rosgraph_msgs_generate_messages_py
[54.769s] [  0%] Built target actionlib_msgs_generate_messages_eus
[54.797s] [  0%] Built target actionlib_msgs_generate_messages_py
[54.824s] [  0%] Built target std_srvs_generate_messages_lisp
[54.852s] [  0%] Built target topic_tools_generate_messages_lisp
[54.876s] [  0%] Built target std_srvs_generate_messages_nodejs
[54.904s] [  0%] Built target geometry_msgs_generate_messages_cpp
[54.936s] [  0%] Built target actionlib_generate_messages_lisp
[54.962s] [  0%] Built target std_srvs_generate_messages_py
[54.988s] [  0%] Built target topic_tools_generate_messages_eus
[55.014s] [  0%] Built target topic_tools_generate_messages_nodejs
[55.040s] [  0%] Built target nodelet_topic_tools_gencfg
[55.066s] [  0%] Built target actionlib_msgs_generate_messages_nodejs
[55.092s] [  0%] Built target topic_tools_generate_messages_py
[55.117s] [  0%] Built target actionlib_msgs_generate_messages_cpp
[55.143s] [  0%] Built target tf_generate_messages_eus
[55.177s] [  0%] Built target tf_generate_messages_lisp
[55.207s] [  0%] Built target tf_generate_messages_nodejs
[55.232s] [  0%] Built target pcl_msgs_generate_messages_py
[55.258s] [  0%] Built target actionlib_generate_messages_eus
[55.282s] [  0%] Built target pcl_msgs_generate_messages_lisp
[55.307s] [  0%] Built target tf_generate_messages_cpp
[55.334s] [  0%] Built target actionlib_generate_messages_nodejs
[55.358s] [  0%] Built target tf2_msgs_generate_messages_cpp
[55.383s] [  0%] Built target dynamic_reconfigure_gencfg
[55.408s] [  0%] Built target nav_msgs_generate_messages_py
[55.435s] [  0%] Built target tf2_msgs_generate_messages_lisp
[55.461s] [  0%] Built target actionlib_generate_messages_py
[55.487s] [  0%] Built target tf2_msgs_generate_messages_py
[55.512s] [  0%] Built target tf2_msgs_generate_messages_nodejs
[55.538s] [  0%] Built target nav_msgs_generate_messages_eus
[55.562s] [  0%] Built target tf2_msgs_generate_messages_eus
[55.588s] [  0%] Built target visualization_msgs_generate_messages_cpp
[55.614s] [  0%] Built target visualization_msgs_generate_messages_eus
[55.640s] [  0%] Built target visualization_msgs_generate_messages_py
[55.664s] [  0%] Built target pcl_msgs_generate_messages_cpp
[55.725s] [ 50%] Built target road_occupancy_processor_lib
[55.782s] [100%] Built target road_occupancy_processor
[55.812s] Install the project...
[55.823s] -- Install configuration: "Release"
[55.824s] -- Installing: /home/autoware/Autoware/install/road_occupancy_processor/lib/pkgconfig/road_occupancy_processor.pc
[55.824s] -- Installing: /home/autoware/Autoware/install/road_occupancy_processor/share/road_occupancy_processor/cmake/road_occupancy_processorConfig.cmake
[55.825s] -- Installing: /home/autoware/Autoware/install/road_occupancy_processor/share/road_occupancy_processor/cmake/road_occupancy_processorConfig-version.cmake
[55.825s] -- Installing: /home/autoware/Autoware/install/road_occupancy_processor/share/road_occupancy_processor/package.xml
[55.826s] -- Installing: /home/autoware/Autoware/install/road_occupancy_processor/lib/road_occupancy_processor/road_occupancy_processor
[55.839s] -- Set runtime path of "/home/autoware/Autoware/install/road_occupancy_processor/lib/road_occupancy_processor/road_occupancy_processor" to ""
[55.839s] -- Installing: /home/autoware/Autoware/install/road_occupancy_processor/lib/libroad_occupancy_processor_lib.so
[55.860s] -- Set runtime path of "/home/autoware/Autoware/install/road_occupancy_processor/lib/libroad_occupancy_processor_lib.so" to ""
[55.861s] -- Installing: /home/autoware/Autoware/install/road_occupancy_processor/include/road_occupancy_processor
[55.861s] -- Installing: /home/autoware/Autoware/install/road_occupancy_processor/include/road_occupancy_processor/road_occupancy_processor.h
[55.861s] -- Installing: /home/autoware/Autoware/install/road_occupancy_processor/share/road_occupancy_processor/launch
[55.862s] -- Installing: /home/autoware/Autoware/install/road_occupancy_processor/share/road_occupancy_processor/launch/road_occupancy_processor.launch
[55.869s] Invoked command in '/home/autoware/Autoware/build/road_occupancy_processor' returned '0': CMAKE_PREFIX_PATH=/home/autoware/Autoware/install/vector_map:/home/autoware/Autoware/install/vector_map_msgs:/home/autoware/Autoware/install/autoware_build_flags:${CMAKE_PREFIX_PATH} LD_LIBRARY_PATH=/home/autoware/Autoware/install/vector_map/lib:${LD_LIBRARY_PATH} PKG_CONFIG_PATH=/home/autoware/Autoware/install/vector_map/lib/x86_64-linux-gnu/pkgconfig:/home/autoware/Autoware/install/vector_map/lib/pkgconfig:/home/autoware/Autoware/install/vector_map_msgs/lib/x86_64-linux-gnu/pkgconfig:/home/autoware/Autoware/install/vector_map_msgs/lib/pkgconfig:/home/autoware/Autoware/install/autoware_build_flags/lib/x86_64-linux-gnu/pkgconfig:/home/autoware/Autoware/install/autoware_build_flags/lib/pkgconfig:${PKG_CONFIG_PATH} PYTHONPATH=/home/autoware/Autoware/install/vector_map_msgs/lib/python2.7/dist-packages:${PYTHONPATH} ROS_PACKAGE_PATH=/home/autoware/Autoware/install/vector_map/share:/home/autoware/Autoware/install/vector_map_msgs/share:/home/autoware/Autoware/install/autoware_build_flags/share:${ROS_PACKAGE_PATH} /usr/bin/cmake --build /home/autoware/Autoware/build/road_occupancy_processor --target install -- -j2 -l2
