[0.015s] Invoking command in '/home/autoware/Autoware/build/pixel_cloud_fusion': CMAKE_PREFIX_PATH=/home/autoware/Autoware/install/autoware_build_flags:${CMAKE_PREFIX_PATH} PKG_CONFIG_PATH=/home/autoware/Autoware/install/autoware_build_flags/lib/x86_64-linux-gnu/pkgconfig:/home/autoware/Autoware/install/autoware_build_flags/lib/pkgconfig:${PKG_CONFIG_PATH} ROS_PACKAGE_PATH=/home/autoware/Autoware/install/autoware_build_flags/share:${ROS_PACKAGE_PATH} /usr/bin/cmake /home/autoware/Autoware/src/autoware/core_perception/pixel_cloud_fusion -DCMAKE_BUILD_TYPE=Release -DCATKIN_INSTALL_INTO_PREFIX_ROOT=0 -DCMAKE_INSTALL_PREFIX=/home/autoware/Autoware/install/pixel_cloud_fusion
[0.099s] -- The C compiler identification is GNU 7.5.0
[0.179s] -- The CXX compiler identification is GNU 7.5.0
[0.186s] -- Check for working C compiler: /usr/bin/cc
[0.287s] -- Check for working C compiler: /usr/bin/cc -- works
[0.287s] -- Detecting C compiler ABI info
[0.383s] -- Detecting C compiler ABI info - done
[0.394s] -- Detecting C compile features
[0.676s] -- Detecting C compile features - done
[0.681s] -- Check for working CXX compiler: /usr/bin/c++
[0.789s] -- Check for working CXX compiler: /usr/bin/c++ -- works
[0.789s] -- Detecting CXX compiler ABI info
[0.899s] -- Detecting CXX compiler ABI info - done
[0.907s] -- Detecting CXX compile features
[1.391s] -- Detecting CXX compile features - done
[1.393s] -- CUDA compilation status: ON.
[1.396s] -- Using CATKIN_DEVEL_PREFIX: /home/autoware/Autoware/build/pixel_cloud_fusion/devel
[1.396s] -- Using CMAKE_PREFIX_PATH: /home/autoware/Autoware/install/autoware_build_flags;/opt/ros/melodic
[1.397s] -- This workspace overlays: /home/autoware/Autoware/install/autoware_build_flags;/opt/ros/melodic
[1.422s] -- Found PythonInterp: /usr/bin/python2 (found suitable version "2.7.17", minimum required is "2") 
[1.422s] -- Using PYTHON_EXECUTABLE: /usr/bin/python2
[1.422s] -- Using Debian Python package layout
[1.422s] -- Using empy: /usr/bin/empy
[1.606s] -- Using CATKIN_ENABLE_TESTING: ON
[1.606s] -- Call enable_testing()
[1.610s] -- Using CATKIN_TEST_RESULTS_DIR: /home/autoware/Autoware/build/pixel_cloud_fusion/test_results
[1.639s] -- Found gtest sources under '/usr/src/googletest': gtests will be built
[1.640s] -- Found gmock sources under '/usr/src/googletest': gmock will be built
[1.659s] -- Found PythonInterp: /usr/bin/python2 (found version "2.7.17") 
[1.659s] -- Looking for pthread.h
[1.767s] -- Looking for pthread.h - found
[1.767s] -- Looking for pthread_create
[1.867s] -- Looking for pthread_create - not found
[1.867s] -- Looking for pthread_create in pthreads
[1.943s] -- Looking for pthread_create in pthreads - not found
[1.943s] -- Looking for pthread_create in pthread
[2.043s] -- Looking for pthread_create in pthread - found
[2.043s] -- Found Threads: TRUE  
[2.045s] -- Using Python nosetests: /usr/bin/nosetests-2.7
[2.099s] -- catkin 0.7.26
[2.099s] -- BUILD_SHARED_LIBS is on
[3.054s] -- Using these message generators: gencpp;geneus;genlisp;gennodejs;genpy
[3.481s] -- Found OpenCV: /usr (found version "3.2.0") 
[3.495s] -- Checking for module 'eigen3'
[3.520s] --   Found eigen3, version 3.3.7
[3.591s] -- Found eigen: /usr/local/include/eigen3  
[3.681s] -- Boost version: 1.65.1
[3.681s] -- Found the following Boost libraries:
[3.682s] --   system
[3.682s] --   filesystem
[3.682s] --   thread
[3.683s] --   date_time
[3.683s] --   iostreams
[3.683s] --   serialization
[3.683s] --   chrono
[3.684s] --   atomic
[3.684s] --   regex
[3.689s] -- Checking for module 'libopenni'
[3.717s] --   Found libopenni, version 1.5.4.0
[3.789s] -- Found openni: /usr/lib/libOpenNI.so  
[3.791s] -- Checking for module 'libopenni2'
[3.815s] --   Found libopenni2, version 2.2.0.3
[3.897s] -- Found OpenNI2: /usr/lib/libOpenNI2.so  
[3.903s] -- Could NOT find ensenso (missing: ENSENSO_LIBRARY ENSENSO_INCLUDE_DIR) 
[3.903s] ** WARNING ** io features related to ensenso will be disabled
[3.906s] -- Could NOT find DAVIDSDK (missing: DAVIDSDK_LIBRARY DAVIDSDK_INCLUDE_DIR) 
[3.907s] ** WARNING ** io features related to davidSDK will be disabled
[3.909s] -- Could NOT find DSSDK (missing: _DSSDK_LIBRARIES) 
[3.909s] ** WARNING ** io features related to dssdk will be disabled
[3.910s] ** WARNING ** io features related to pcap will be disabled
[3.910s] ** WARNING ** io features related to png will be disabled
[3.985s] -- The imported target "vtkRenderingPythonTkWidgets" references the file
[3.985s]    "/usr/lib/x86_64-linux-gnu/libvtkRenderingPythonTkWidgets.so"
[3.985s] but this file does not exist.  Possible reasons include:
[3.985s] * The file was deleted, renamed, or moved to another location.
[3.985s] * An install or uninstall procedure did not complete successfully.
[3.985s] * The installation package was faulty and contained
[3.986s]    "/usr/lib/cmake/vtk-6.3/VTKTargets.cmake"
[3.986s] but not all the files it references.
[3.986s] 
[3.987s] -- The imported target "vtk" references the file
[3.987s]    "/usr/bin/vtk"
[3.987s] but this file does not exist.  Possible reasons include:
[3.987s] * The file was deleted, renamed, or moved to another location.
[3.987s] * An install or uninstall procedure did not complete successfully.
[3.987s] * The installation package was faulty and contained
[3.987s]    "/usr/lib/cmake/vtk-6.3/VTKTargets.cmake"
[3.988s] but not all the files it references.
[3.988s] 
[4.072s] -- Found libusb-1.0: /usr/include  
[4.073s] ** WARNING ** io features related to libusb-1.0 will be disabled
[4.074s] -- Checking for module 'flann'
[4.101s] --   Found flann, version 1.9.1
[4.170s] -- Found Flann: /usr/lib/x86_64-linux-gnu/libflann_cpp_s.a  
[4.222s] -- Could NOT find ensenso (missing: ENSENSO_LIBRARY ENSENSO_INCLUDE_DIR) 
[4.223s] ** WARNING ** visualization features related to ensenso will be disabled
[4.226s] -- Could NOT find DAVIDSDK (missing: DAVIDSDK_LIBRARY DAVIDSDK_INCLUDE_DIR) 
[4.227s] ** WARNING ** visualization features related to davidSDK will be disabled
[4.228s] -- Could NOT find DSSDK (missing: _DSSDK_LIBRARIES) 
[4.229s] ** WARNING ** visualization features related to dssdk will be disabled
[4.230s] -- Could NOT find RSSDK (missing: _RSSDK_LIBRARIES) 
[4.231s] ** WARNING ** visualization features related to rssdk will be disabled
[4.275s] -- Found qhull: /usr/lib/x86_64-linux-gnu/libqhull.so  
[4.318s] -- looking for PCL_COMMON
[4.320s] -- Found PCL_COMMON: /usr/lib/x86_64-linux-gnu/libpcl_common.so  
[4.321s] -- looking for PCL_OCTREE
[4.323s] -- Found PCL_OCTREE: /usr/lib/x86_64-linux-gnu/libpcl_octree.so  
[4.323s] -- looking for PCL_IO
[4.325s] -- Found PCL_IO: /usr/lib/x86_64-linux-gnu/libpcl_io.so  
[4.326s] -- looking for PCL_KDTREE
[4.328s] -- Found PCL_KDTREE: /usr/lib/x86_64-linux-gnu/libpcl_kdtree.so  
[4.328s] -- looking for PCL_SEARCH
[4.330s] -- Found PCL_SEARCH: /usr/lib/x86_64-linux-gnu/libpcl_search.so  
[4.331s] -- looking for PCL_SAMPLE_CONSENSUS
[4.333s] -- Found PCL_SAMPLE_CONSENSUS: /usr/lib/x86_64-linux-gnu/libpcl_sample_consensus.so  
[4.334s] -- looking for PCL_FILTERS
[4.336s] -- Found PCL_FILTERS: /usr/lib/x86_64-linux-gnu/libpcl_filters.so  
[4.337s] -- looking for PCL_2D
[4.338s] -- Found PCL_2D: /usr/include/pcl-1.8  
[4.338s] -- looking for PCL_GEOMETRY
[4.339s] -- Found PCL_GEOMETRY: /usr/include/pcl-1.8  
[4.340s] -- looking for PCL_FEATURES
[4.342s] -- Found PCL_FEATURES: /usr/lib/x86_64-linux-gnu/libpcl_features.so  
[4.343s] -- looking for PCL_ML
[4.345s] -- Found PCL_ML: /usr/lib/x86_64-linux-gnu/libpcl_ml.so  
[4.346s] -- looking for PCL_SEGMENTATION
[4.348s] -- Found PCL_SEGMENTATION: /usr/lib/x86_64-linux-gnu/libpcl_segmentation.so  
[4.349s] -- looking for PCL_VISUALIZATION
[4.351s] -- Found PCL_VISUALIZATION: /usr/lib/x86_64-linux-gnu/libpcl_visualization.so  
[4.352s] -- looking for PCL_SURFACE
[4.354s] -- Found PCL_SURFACE: /usr/lib/x86_64-linux-gnu/libpcl_surface.so  
[4.355s] -- looking for PCL_REGISTRATION
[4.357s] -- Found PCL_REGISTRATION: /usr/lib/x86_64-linux-gnu/libpcl_registration.so  
[4.358s] -- looking for PCL_KEYPOINTS
[4.360s] -- Found PCL_KEYPOINTS: /usr/lib/x86_64-linux-gnu/libpcl_keypoints.so  
[4.361s] -- looking for PCL_TRACKING
[4.363s] -- Found PCL_TRACKING: /usr/lib/x86_64-linux-gnu/libpcl_tracking.so  
[4.364s] -- looking for PCL_RECOGNITION
[4.366s] -- Found PCL_RECOGNITION: /usr/lib/x86_64-linux-gnu/libpcl_recognition.so  
[4.368s] -- looking for PCL_STEREO
[4.370s] -- Found PCL_STEREO: /usr/lib/x86_64-linux-gnu/libpcl_stereo.so  
[4.371s] -- looking for PCL_APPS
[4.372s] -- Found PCL_APPS: /usr/lib/x86_64-linux-gnu/libpcl_apps.so  
[4.377s] -- looking for PCL_IN_HAND_SCANNER
[4.378s] -- Found PCL_IN_HAND_SCANNER: /usr/include/pcl-1.8  
[4.379s] -- looking for PCL_MODELER
[4.380s] -- Found PCL_MODELER: /usr/include/pcl-1.8  
[4.380s] -- looking for PCL_POINT_CLOUD_EDITOR
[4.382s] -- Found PCL_POINT_CLOUD_EDITOR: /usr/include/pcl-1.8  
[4.383s] -- looking for PCL_OUTOFCORE
[4.385s] -- Found PCL_OUTOFCORE: /usr/lib/x86_64-linux-gnu/libpcl_outofcore.so  
[4.386s] -- looking for PCL_PEOPLE
[4.388s] -- Found PCL_PEOPLE: /usr/lib/x86_64-linux-gnu/libpcl_people.so  
[4.421s] -- Found PCL: /usr/lib/x86_64-linux-gnu/libboost_system.so;/usr/lib/x86_64-linux-gnu/libboost_filesystem.so;/usr/lib/x86_64-linux-gnu/libboost_thread.so;/usr/lib/x86_64-linux-gnu/libboost_date_time.so;/usr/lib/x86_64-linux-gnu/libboost_iostreams.so;/usr/lib/x86_64-linux-gnu/libboost_serialization.so;/usr/lib/x86_64-linux-gnu/libboost_chrono.so;/usr/lib/x86_64-linux-gnu/libboost_atomic.so;/usr/lib/x86_64-linux-gnu/libboost_regex.so;/usr/lib/x86_64-linux-gnu/libpthread.so;optimized;/usr/lib/x86_64-linux-gnu/libpcl_common.so;debug;/usr/lib/x86_64-linux-gnu/libpcl_common.so;optimized;/usr/lib/x86_64-linux-gnu/libpcl_octree.so;debug;/usr/lib/x86_64-linux-gnu/libpcl_octree.so;/usr/lib/libOpenNI.so;/usr/lib/libOpenNI2.so;vtkChartsCore;vtkCommonColor;vtkCommonDataModel;vtkCommonMath;vtkCommonCore;vtksys;vtkCommonMisc;vtkCommonSystem;vtkCommonTransforms;vtkInfovisCore;vtkFiltersExtraction;vtkCommonExecutionModel;vtkFiltersCore;vtkFiltersGeneral;vtkCommonComputationalGeometry;vtkFiltersStatistics;vtkImagingFourier;vtkImagingCore;vtkalglib;vtkRenderingContext2D;vtkRenderingCore;vtkFiltersGeometry;vtkFiltersSources;vtkRenderingFreeType;/usr/lib/x86_64-linux-gnu/libfreetype.so;/usr/lib/x86_64-linux-gnu/libz.so;vtkftgl;vtkDICOMParser;vtkDomainsChemistry;vtkIOXML;vtkIOGeometry;vtkIOCore;vtkIOXMLParser;/usr/lib/x86_64-linux-gnu/libexpat.so;vtkFiltersAMR;vtkParallelCore;vtkIOLegacy;vtkFiltersFlowPaths;vtkFiltersGeneric;vtkFiltersHybrid;vtkImagingSources;vtkFiltersHyperTree;vtkFiltersImaging;vtkImagingGeneral;vtkFiltersModeling;vtkFiltersParallel;vtkFiltersParallelFlowPaths;vtkParallelMPI;vtkFiltersParallelGeometry;vtkFiltersParallelImaging;vtkFiltersParallelMPI;vtkFiltersParallelStatistics;vtkFiltersProgrammable;vtkFiltersPython;/usr/lib/x86_64-linux-gnu/libpython2.7.so;vtkWrappingPythonCore;vtkWrappingTools;vtkFiltersReebGraph;vtkFiltersSMP;vtkFiltersSelection;vtkFiltersTexture;vtkFiltersVerdict;verdict;vtkGUISupportQt;vtkInteractionStyle;vtkRenderingOpenGL;vtkImagingHybrid;vtkIOImage;vtkmetaio;/usr/lib/x86_64-linux-gnu/libjpeg.so;/usr/lib/x86_64-linux-gnu/libpng.so;/usr/lib/x86_64-linux-gnu/libtiff.so;vtkGUISupportQtOpenGL;vtkGUISupportQtSQL;vtkIOSQL;sqlite3;vtkGUISupportQtWebkit;vtkViewsQt;vtkViewsInfovis;vtkInfovisLayout;vtkInfovisBoostGraphAlgorithms;vtkRenderingLabel;vtkViewsCore;vtkInteractionWidgets;vtkRenderingAnnotation;vtkImagingColor;vtkRenderingVolume;vtkGeovisCore;/usr/lib/x86_64-linux-gnu/libproj.so;vtkIOAMR;/usr/lib/x86_64-linux-gnu/hdf5/openmpi/libhdf5.so;/usr/lib/x86_64-linux-gnu/libsz.so;/usr/lib/x86_64-linux-gnu/libdl.so;/usr/lib/x86_64-linux-gnu/libm.so;/usr/lib/x86_64-linux-gnu/openmpi/lib/libmpi.so;vtkIOEnSight;vtkIOExodus;vtkexoIIc;/usr/lib/x86_64-linux-gnu/libnetcdf_c++.so;/usr/lib/x86_64-linux-gnu/libnetcdf.so;vtkIOExport;vtkRenderingGL2PS;vtkRenderingContextOpenGL;/usr/lib/x86_64-linux-gnu/libgl2ps.so;vtkIOFFMPEG;vtkIOMovie;/usr/lib/x86_64-linux-gnu/libtheoraenc.so;/usr/lib/x86_64-linux-gnu/libtheoradec.so;/usr/lib/x86_64-linux-gnu/libogg.so;vtkIOGDAL;vtkIOGeoJSON;vtkIOImport;vtkIOInfovis;/usr/lib/x86_64-linux-gnu/libxml2.so;vtkIOLSDyna;vtkIOMINC;vtkIOMPIImage;vtkIOMPIParallel;vtkIOParallel;vtkIONetCDF;/usr/lib/x86_64-linux-gnu/libjsoncpp.so;vtkIOMySQL;vtkIOODBC;vtkIOPLY;vtkIOParallelExodus;vtkIOParallelLSDyna;vtkIOParallelNetCDF;vtkIOParallelXML;vtkIOPostgreSQL;vtkIOVPIC;VPIC;vtkIOVideo;vtkIOXdmf2;vtkxdmf2;vtkImagingMath;vtkImagingMorphological;vtkImagingStatistics;vtkImagingStencil;vtkInteractionImage;vtkLocalExample;vtkParallelMPI4Py;vtkPythonInterpreter;vtkRenderingExternal;vtkRenderingFreeTypeFontConfig;vtkRenderingImage;vtkRenderingLIC;vtkRenderingLOD;vtkRenderingMatplotlib;vtkRenderingParallel;vtkRenderingParallelLIC;vtkRenderingQt;vtkRenderingVolumeAMR;vtkRenderingVolumeOpenGL;vtkTestingGenericBridge;vtkTestingIOSQL;vtkTestingRendering;vtkViewsContext2D;vtkViewsGeovis;vtkWrappingJava;optimized;/usr/lib/x86_64-linux-gnu/libpcl_io.so;debug;/usr/lib/x86_64-linux-gnu/libpcl_io.so;optimized;/usr/lib/x86_64-linux-gnu/libflann_cpp_s.a;debug;/usr/lib/x86_64-linux-gnu/libflann_cpp_s.a;optimized;/usr/lib/x86_64-linux-gnu/libpcl_kdtree.so;debug;/usr/lib/x86_64-linux-gnu/libpcl_kdtree.so;optimized;/usr/lib/x86_64-linux-gnu/libpcl_search.so;debug;/usr/lib/x86_64-linux-gnu/libpcl_search.so;optimized;/usr/lib/x86_64-linux-gnu/libpcl_sample_consensus.so;debug;/usr/lib/x86_64-linux-gnu/libpcl_sample_consensus.so;optimized;/usr/lib/x86_64-linux-gnu/libpcl_filters.so;debug;/usr/lib/x86_64-linux-gnu/libpcl_filters.so;optimized;/usr/lib/x86_64-linux-gnu/libpcl_features.so;debug;/usr/lib/x86_64-linux-gnu/libpcl_features.so;optimized;/usr/lib/x86_64-linux-gnu/libpcl_ml.so;debug;/usr/lib/x86_64-linux-gnu/libpcl_ml.so;optimized;/usr/lib/x86_64-linux-gnu/libpcl_segmentation.so;debug;/usr/lib/x86_64-linux-gnu/libpcl_segmentation.so;optimized;/usr/lib/x86_64-linux-gnu/libpcl_visualization.so;debug;/usr/lib/x86_64-linux-gnu/libpcl_visualization.so;optimized;/usr/lib/x86_64-linux-gnu/libqhull.so;debug;/usr/lib/x86_64-linux-gnu/libqhull.so;optimized;/usr/lib/x86_64-linux-gnu/libpcl_surface.so;debug;/usr/lib/x86_64-linux-gnu/libpcl_surface.so;optimized;/usr/lib/x86_64-linux-gnu/libpcl_registration.so;debug;/usr/lib/x86_64-linux-gnu/libpcl_registration.so;optimized;/usr/lib/x86_64-linux-gnu/libpcl_keypoints.so;debug;/usr/lib/x86_64-linux-gnu/libpcl_keypoints.so;optimized;/usr/lib/x86_64-linux-gnu/libpcl_tracking.so;debug;/usr/lib/x86_64-linux-gnu/libpcl_tracking.so;optimized;/usr/lib/x86_64-linux-gnu/libpcl_recognition.so;debug;/usr/lib/x86_64-linux-gnu/libpcl_recognition.so;optimized;/usr/lib/x86_64-linux-gnu/libpcl_stereo.so;debug;/usr/lib/x86_64-linux-gnu/libpcl_stereo.so;optimized;/usr/lib/x86_64-linux-gnu/libpcl_apps.so;debug;/usr/lib/x86_64-linux-gnu/libpcl_apps.so;optimized;/usr/lib/x86_64-linux-gnu/libpcl_outofcore.so;debug;/usr/lib/x86_64-linux-gnu/libpcl_outofcore.so;optimized;/usr/lib/x86_64-linux-gnu/libpcl_people.so;debug;/usr/lib/x86_64-linux-gnu/libpcl_people.so;/usr/lib/x86_64-linux-gnu/libboost_system.so;/usr/lib/x86_64-linux-gnu/libboost_filesystem.so;/usr/lib/x86_64-linux-gnu/libboost_thread.so;/usr/lib/x86_64-linux-gnu/libboost_date_time.so;/usr/lib/x86_64-linux-gnu/libboost_iostreams.so;/usr/lib/x86_64-linux-gnu/libboost_serialization.so;/usr/lib/x86_64-linux-gnu/libboost_chrono.so;/usr/lib/x86_64-linux-gnu/libboost_atomic.so;/usr/lib/x86_64-linux-gnu/libboost_regex.so;/usr/lib/x86_64-linux-gnu/libpthread.so;optimized;/usr/lib/x86_64-linux-gnu/libqhull.so;debug;/usr/lib/x86_64-linux-gnu/libqhull.so;/usr/lib/libOpenNI.so;/usr/lib/libOpenNI2.so;optimized;/usr/lib/x86_64-linux-gnu/libflann_cpp_s.a;debug;/usr/lib/x86_64-linux-gnu/libflann_cpp_s.a;vtkChartsCore;vtkCommonColor;vtkCommonDataModel;vtkCommonMath;vtkCommonCore;vtksys;vtkCommonMisc;vtkCommonSystem;vtkCommonTransforms;vtkInfovisCore;vtkFiltersExtraction;vtkCommonExecutionModel;vtkFiltersCore;vtkFiltersGeneral;vtkCommonComputationalGeometry;vtkFiltersStatistics;vtkImagingFourier;vtkImagingCore;vtkalglib;vtkRenderingContext2D;vtkRenderingCore;vtkFiltersGeometry;vtkFiltersSources;vtkRenderingFreeType;/usr/lib/x86_64-linux-gnu/libfreetype.so;/usr/lib/x86_64-linux-gnu/libz.so;vtkftgl;vtkDICOMParser;vtkDomainsChemistry;vtkIOXML;vtkIOGeometry;vtkIOCore;vtkIOXMLParser;/usr/lib/x86_64-linux-gnu/libexpat.so;vtkFiltersAMR;vtkParallelCore;vtkIOLegacy;vtkFiltersFlowPaths;vtkFiltersGeneric;vtkFiltersHybrid;vtkImagingSources;vtkFiltersHyperTree;vtkFiltersImaging;vtkImagingGeneral;vtkFiltersModeling;vtkFiltersParallel;vtkFiltersParallelFlowPaths;vtkParallelMPI;vtkFiltersParallelGeometry;vtkFiltersParallelImaging;vtkFiltersParallelMPI;vtkFiltersParallelStatistics;vtkFiltersProgrammable;vtkFiltersPython;/usr/lib/x86_64-linux-gnu/libpython2.7.so;vtkWrappingPythonCore;vtkWrappingTools;vtkFiltersReebGraph;vtkFiltersSMP;vtkFiltersSelection;vtkFiltersTexture;vtkFiltersVerdict;verdict;vtkGUISupportQt;vtkInteractionStyle;vtkRenderingOpenGL;vtkImagingHybrid;vtkIOImage;vtkmetaio;/usr/lib/x86_64-linux-gnu/libjpeg.so;/usr/lib/x86_64-linux-gnu/libpng.so;/usr/lib/x86_64-linux-gnu/libtiff.so;vtkGUISupportQtOpenGL;vtkGUISupportQtSQL;vtkIOSQL;sqlite3;vtkGUISupportQtWebkit;vtkViewsQt;vtkViewsInfovis;vtkInfovisLayout;vtkInfovisBoostGraphAlgorithms;vtkRenderingLabel;vtkViewsCore;vtkInteractionWidgets;vtkRenderingAnnotation;vtkImagingColor;vtkRenderingVolume;vtkGeovisCore;/usr/lib/x86_64-linux-gnu/libproj.so;vtkIOAMR;/usr/lib/x86_64-linux-gnu/hdf5/openmpi/libhdf5.so;/usr/lib/x86_64-linux-gnu/libsz.so;/usr/lib/x86_64-linux-gnu/libdl.so;/usr/lib/x86_64-linux-gnu/libm.so;/usr/lib/x86_64-linux-gnu/openmpi/lib/libmpi.so;vtkIOEnSight;vtkIOExodus;vtkexoIIc;/usr/lib/x86_64-linux-gnu/libnetcdf_c++.so;/usr/lib/x86_64-linux-gnu/libnetcdf.so;vtkIOExport;vtkRenderingGL2PS;vtkRenderingContextOpenGL;/usr/lib/x86_64-linux-gnu/libgl2ps.so;vtkIOFFMPEG;vtkIOMovie;/usr/lib/x86_64-linux-gnu/libtheoraenc.so;/usr/lib/x86_64-linux-gnu/libtheoradec.so;/usr/lib/x86_64-linux-gnu/libogg.so;vtkIOGDAL;vtkIOGeoJSON;vtkIOImport;vtkIOInfovis;/usr/lib/x86_64-linux-gnu/libxml2.so;vtkIOLSDyna;vtkIOMINC;vtkIOMPIImage;vtkIOMPIParallel;vtkIOParallel;vtkIONetCDF;/usr/lib/x86_64-linux-gnu/libjsoncpp.so;vtkIOMySQL;vtkIOODBC;vtkIOPLY;vtkIOParallelExodus;vtkIOParallelLSDyna;vtkIOParallelNetCDF;vtkIOParallelXML;vtkIOPostgreSQL;vtkIOVPIC;VPIC;vtkIOVideo;vtkIOXdmf2;vtkxdmf2;vtkImagingMath;vtkImagingMorphological;vtkImagingStatistics;vtkImagingStencil;vtkInteractionImage;vtkLocalExample;vtkParallelMPI4Py;vtkPythonInterpreter;vtkRenderingExternal;vtkRenderingFreeTypeFontConfig;vtkRenderingImage;vtkRenderingLIC;vtkRenderingLOD;vtkRenderingMatplotlib;vtkRenderingParallel;vtkRenderingParallelLIC;vtkRenderingQt;vtkRenderingVolumeAMR;vtkRenderingVolumeOpenGL;vtkTestingGenericBridge;vtkTestingIOSQL;vtkTestingRendering;vtkViewsContext2D;vtkViewsGeovis;vtkWrappingJava  
[4.785s] -- Found OpenMP_C: -fopenmp (found version "4.5") 
[4.905s] -- Found OpenMP_CXX: -fopenmp (found version "4.5") 
[4.906s] -- Found OpenMP: TRUE (found version "4.5")  
[5.087s] -- Configuring done
[5.367s] -- Generating done
[5.382s] -- Build files have been written to: /home/autoware/Autoware/build/pixel_cloud_fusion
[5.398s] Invoked command in '/home/autoware/Autoware/build/pixel_cloud_fusion' returned '0': CMAKE_PREFIX_PATH=/home/autoware/Autoware/install/autoware_build_flags:${CMAKE_PREFIX_PATH} PKG_CONFIG_PATH=/home/autoware/Autoware/install/autoware_build_flags/lib/x86_64-linux-gnu/pkgconfig:/home/autoware/Autoware/install/autoware_build_flags/lib/pkgconfig:${PKG_CONFIG_PATH} ROS_PACKAGE_PATH=/home/autoware/Autoware/install/autoware_build_flags/share:${ROS_PACKAGE_PATH} /usr/bin/cmake /home/autoware/Autoware/src/autoware/core_perception/pixel_cloud_fusion -DCMAKE_BUILD_TYPE=Release -DCATKIN_INSTALL_INTO_PREFIX_ROOT=0 -DCMAKE_INSTALL_PREFIX=/home/autoware/Autoware/install/pixel_cloud_fusion
[5.400s] Invoking command in '/home/autoware/Autoware/build/pixel_cloud_fusion': CMAKE_PREFIX_PATH=/home/autoware/Autoware/install/autoware_build_flags:${CMAKE_PREFIX_PATH} PKG_CONFIG_PATH=/home/autoware/Autoware/install/autoware_build_flags/lib/x86_64-linux-gnu/pkgconfig:/home/autoware/Autoware/install/autoware_build_flags/lib/pkgconfig:${PKG_CONFIG_PATH} ROS_PACKAGE_PATH=/home/autoware/Autoware/install/autoware_build_flags/share:${ROS_PACKAGE_PATH} /usr/bin/cmake --build /home/autoware/Autoware/build/pixel_cloud_fusion -- -j2 -l2
[5.472s] Scanning dependencies of target actionlib_msgs_generate_messages_py
[5.488s] [  0%] Built target actionlib_msgs_generate_messages_py
[5.504s] Scanning dependencies of target tf2_msgs_generate_messages_nodejs
[5.519s] [  0%] Built target tf2_msgs_generate_messages_nodejs
[5.535s] Scanning dependencies of target tf2_msgs_generate_messages_eus
[5.550s] [  0%] Built target tf2_msgs_generate_messages_eus
[5.570s] Scanning dependencies of target tf2_msgs_generate_messages_cpp
[5.585s] [  0%] Built target tf2_msgs_generate_messages_cpp
[5.600s] Scanning dependencies of target pcl_msgs_generate_messages_eus
[5.614s] [  0%] Built target pcl_msgs_generate_messages_eus
[5.629s] Scanning dependencies of target rosgraph_msgs_generate_messages_lisp
[5.644s] [  0%] Built target rosgraph_msgs_generate_messages_lisp
[5.660s] Scanning dependencies of target rosgraph_msgs_generate_messages_eus
[5.675s] [  0%] Built target rosgraph_msgs_generate_messages_eus
[5.690s] Scanning dependencies of target rosgraph_msgs_generate_messages_cpp
[5.705s] [  0%] Built target rosgraph_msgs_generate_messages_cpp
[5.720s] Scanning dependencies of target topic_tools_generate_messages_cpp
[5.735s] [  0%] Built target topic_tools_generate_messages_cpp
[5.751s] Scanning dependencies of target geometry_msgs_generate_messages_eus
[5.766s] [  0%] Built target geometry_msgs_generate_messages_eus
[5.781s] Scanning dependencies of target std_msgs_generate_messages_py
[5.796s] [  0%] Built target std_msgs_generate_messages_py
[5.812s] Scanning dependencies of target std_msgs_generate_messages_nodejs
[5.826s] [  0%] Built target std_msgs_generate_messages_nodejs
[5.842s] Scanning dependencies of target bond_generate_messages_lisp
[5.857s] [  0%] Built target bond_generate_messages_lisp
[5.873s] Scanning dependencies of target topic_tools_generate_messages_eus
[5.888s] [  0%] Built target topic_tools_generate_messages_eus
[5.904s] Scanning dependencies of target rosgraph_msgs_generate_messages_nodejs
[5.919s] [  0%] Built target rosgraph_msgs_generate_messages_nodejs
[5.934s] Scanning dependencies of target std_msgs_generate_messages_eus
[5.949s] [  0%] Built target std_msgs_generate_messages_eus
[5.965s] Scanning dependencies of target pcl_msgs_generate_messages_nodejs
[5.980s] [  0%] Built target pcl_msgs_generate_messages_nodejs
[5.996s] Scanning dependencies of target nodelet_generate_messages_nodejs
[6.012s] [  0%] Built target nodelet_generate_messages_nodejs
[6.028s] Scanning dependencies of target sensor_msgs_generate_messages_lisp
[6.044s] [  0%] Built target sensor_msgs_generate_messages_lisp
[6.062s] Scanning dependencies of target pcl_msgs_generate_messages_cpp
[6.078s] [  0%] Built target pcl_msgs_generate_messages_cpp
[6.093s] Scanning dependencies of target dynamic_reconfigure_generate_messages_lisp
[6.109s] [  0%] Built target dynamic_reconfigure_generate_messages_lisp
[6.125s] Scanning dependencies of target std_srvs_generate_messages_eus
[6.140s] [  0%] Built target std_srvs_generate_messages_eus
[6.156s] Scanning dependencies of target roscpp_generate_messages_lisp
[6.172s] [  0%] Built target roscpp_generate_messages_lisp
[6.188s] Scanning dependencies of target bond_generate_messages_eus
[6.204s] [  0%] Built target bond_generate_messages_eus
[6.220s] Scanning dependencies of target std_msgs_generate_messages_cpp
[6.236s] [  0%] Built target std_msgs_generate_messages_cpp
[6.252s] Scanning dependencies of target roscpp_generate_messages_py
[6.267s] [  0%] Built target roscpp_generate_messages_py
[6.283s] Scanning dependencies of target roscpp_generate_messages_cpp
[6.298s] [  0%] Built target roscpp_generate_messages_cpp
[6.313s] Scanning dependencies of target sensor_msgs_generate_messages_nodejs
[6.327s] [  0%] Built target sensor_msgs_generate_messages_nodejs
[6.341s] Scanning dependencies of target actionlib_generate_messages_cpp
[6.356s] [  0%] Built target actionlib_generate_messages_cpp
[6.372s] Scanning dependencies of target geometry_msgs_generate_messages_nodejs
[6.387s] [  0%] Built target geometry_msgs_generate_messages_nodejs
[6.403s] Scanning dependencies of target nodelet_generate_messages_py
[6.419s] [  0%] Built target nodelet_generate_messages_py
[6.435s] Scanning dependencies of target sensor_msgs_generate_messages_py
[6.450s] [  0%] Built target sensor_msgs_generate_messages_py
[6.465s] Scanning dependencies of target dynamic_reconfigure_generate_messages_cpp
[6.480s] [  0%] Built target dynamic_reconfigure_generate_messages_cpp
[6.495s] Scanning dependencies of target tf_generate_messages_py
[6.510s] [  0%] Built target tf_generate_messages_py
[6.526s] Scanning dependencies of target geometry_msgs_generate_messages_lisp
[6.542s] [  0%] Built target geometry_msgs_generate_messages_lisp
[6.558s] Scanning dependencies of target roscpp_generate_messages_nodejs
[6.574s] [  0%] Built target roscpp_generate_messages_nodejs
[6.590s] Scanning dependencies of target std_msgs_generate_messages_lisp
[6.605s] [  0%] Built target std_msgs_generate_messages_lisp
[6.620s] Scanning dependencies of target sensor_msgs_generate_messages_cpp
[6.636s] [  0%] Built target sensor_msgs_generate_messages_cpp
[6.650s] Scanning dependencies of target sensor_msgs_generate_messages_eus
[6.665s] [  0%] Built target sensor_msgs_generate_messages_eus
[6.679s] Scanning dependencies of target pcl_ros_gencfg
[6.693s] [  0%] Built target pcl_ros_gencfg
[6.709s] Scanning dependencies of target topic_tools_generate_messages_nodejs
[6.723s] [  0%] Built target topic_tools_generate_messages_nodejs
[6.737s] Scanning dependencies of target tf2_msgs_generate_messages_py
[6.752s] [  0%] Built target tf2_msgs_generate_messages_py
[6.767s] Scanning dependencies of target actionlib_generate_messages_py
[6.781s] [  0%] Built target actionlib_generate_messages_py
[6.796s] Scanning dependencies of target geometry_msgs_generate_messages_py
[6.811s] [  0%] Built target geometry_msgs_generate_messages_py
[6.825s] Scanning dependencies of target dynamic_reconfigure_generate_messages_eus
[6.839s] [  0%] Built target dynamic_reconfigure_generate_messages_eus
[6.854s] Scanning dependencies of target dynamic_reconfigure_generate_messages_nodejs
[6.868s] [  0%] Built target dynamic_reconfigure_generate_messages_nodejs
[6.883s] Scanning dependencies of target dynamic_reconfigure_generate_messages_py
[6.897s] [  0%] Built target dynamic_reconfigure_generate_messages_py
[6.912s] Scanning dependencies of target tf2_msgs_generate_messages_lisp
[6.927s] [  0%] Built target tf2_msgs_generate_messages_lisp
[6.943s] Scanning dependencies of target dynamic_reconfigure_gencfg
[6.958s] [  0%] Built target dynamic_reconfigure_gencfg
[6.973s] Scanning dependencies of target nodelet_generate_messages_cpp
[6.989s] [  0%] Built target nodelet_generate_messages_cpp
[7.004s] Scanning dependencies of target bond_generate_messages_py
[7.019s] [  0%] Built target bond_generate_messages_py
[7.035s] Scanning dependencies of target std_srvs_generate_messages_nodejs
[7.057s] [  0%] Built target std_srvs_generate_messages_nodejs
[7.072s] Scanning dependencies of target geometry_msgs_generate_messages_cpp
[7.087s] [  0%] Built target geometry_msgs_generate_messages_cpp
[7.102s] Scanning dependencies of target actionlib_generate_messages_lisp
[7.117s] [  0%] Built target actionlib_generate_messages_lisp
[7.131s] Scanning dependencies of target nodelet_generate_messages_eus
[7.145s] [  0%] Built target nodelet_generate_messages_eus
[7.161s] Scanning dependencies of target nodelet_generate_messages_lisp
[7.176s] [  0%] Built target nodelet_generate_messages_lisp
[7.192s] Scanning dependencies of target roscpp_generate_messages_eus
[7.207s] [  0%] Built target roscpp_generate_messages_eus
[7.221s] Scanning dependencies of target rosgraph_msgs_generate_messages_py
[7.236s] [  0%] Built target rosgraph_msgs_generate_messages_py
[7.251s] Scanning dependencies of target actionlib_msgs_generate_messages_eus
[7.265s] [  0%] Built target actionlib_msgs_generate_messages_eus
[7.280s] Scanning dependencies of target bond_generate_messages_cpp
[7.294s] [  0%] Built target bond_generate_messages_cpp
[7.309s] Scanning dependencies of target bond_generate_messages_nodejs
[7.324s] [  0%] Built target bond_generate_messages_nodejs
[7.339s] Scanning dependencies of target actionlib_msgs_generate_messages_nodejs
[7.353s] [  0%] Built target actionlib_msgs_generate_messages_nodejs
[7.367s] Scanning dependencies of target topic_tools_generate_messages_py
[7.381s] [  0%] Built target topic_tools_generate_messages_py
[7.395s] Scanning dependencies of target nodelet_topic_tools_gencfg
[7.419s] [  0%] Built target nodelet_topic_tools_gencfg
[7.434s] Scanning dependencies of target std_srvs_generate_messages_lisp
[7.449s] [  0%] Built target std_srvs_generate_messages_lisp
[7.463s] Scanning dependencies of target topic_tools_generate_messages_lisp
[7.476s] [  0%] Built target topic_tools_generate_messages_lisp
[7.491s] Scanning dependencies of target std_srvs_generate_messages_cpp
[7.504s] [  0%] Built target std_srvs_generate_messages_cpp
[7.518s] Scanning dependencies of target tf_generate_messages_eus
[7.532s] [  0%] Built target tf_generate_messages_eus
[7.547s] Scanning dependencies of target actionlib_msgs_generate_messages_cpp
[7.561s] [  0%] Built target actionlib_msgs_generate_messages_cpp
[7.575s] Scanning dependencies of target std_srvs_generate_messages_py
[7.589s] [  0%] Built target std_srvs_generate_messages_py
[7.604s] Scanning dependencies of target tf_generate_messages_lisp
[7.618s] [  0%] Built target tf_generate_messages_lisp
[7.632s] Scanning dependencies of target tf_generate_messages_nodejs
[7.646s] [  0%] Built target tf_generate_messages_nodejs
[7.661s] Scanning dependencies of target pcl_msgs_generate_messages_py
[7.675s] [  0%] Built target pcl_msgs_generate_messages_py
[7.689s] Scanning dependencies of target actionlib_generate_messages_eus
[7.703s] [  0%] Built target actionlib_generate_messages_eus
[7.717s] Scanning dependencies of target pcl_msgs_generate_messages_lisp
[7.731s] [  0%] Built target pcl_msgs_generate_messages_lisp
[7.746s] Scanning dependencies of target tf_generate_messages_cpp
[7.759s] [  0%] Built target tf_generate_messages_cpp
[7.773s] Scanning dependencies of target actionlib_generate_messages_nodejs
[7.787s] [  0%] Built target actionlib_generate_messages_nodejs
[7.801s] Scanning dependencies of target actionlib_msgs_generate_messages_lisp
[7.814s] [  0%] Built target actionlib_msgs_generate_messages_lisp
[7.943s] Scanning dependencies of target pixel_cloud_fusion_lib
[7.981s] [ 25%] Building CXX object CMakeFiles/pixel_cloud_fusion_lib.dir/src/pixel_cloud_fusion.cpp.o
[27.561s] [ 50%] Linking CXX shared library devel/lib/libpixel_cloud_fusion_lib.so
[29.266s] [ 50%] Built target pixel_cloud_fusion_lib
[29.372s] Scanning dependencies of target pixel_cloud_fusion
[29.410s] [ 75%] Building CXX object CMakeFiles/pixel_cloud_fusion.dir/src/pixel_cloud_fusion_node.cpp.o
[45.220s] [100%] Linking CXX executable devel/lib/pixel_cloud_fusion/pixel_cloud_fusion
[46.743s] [100%] Built target pixel_cloud_fusion
[46.760s] Invoked command in '/home/autoware/Autoware/build/pixel_cloud_fusion' returned '0': CMAKE_PREFIX_PATH=/home/autoware/Autoware/install/autoware_build_flags:${CMAKE_PREFIX_PATH} PKG_CONFIG_PATH=/home/autoware/Autoware/install/autoware_build_flags/lib/x86_64-linux-gnu/pkgconfig:/home/autoware/Autoware/install/autoware_build_flags/lib/pkgconfig:${PKG_CONFIG_PATH} ROS_PACKAGE_PATH=/home/autoware/Autoware/install/autoware_build_flags/share:${ROS_PACKAGE_PATH} /usr/bin/cmake --build /home/autoware/Autoware/build/pixel_cloud_fusion -- -j2 -l2
[46.896s] Invoking command in '/home/autoware/Autoware/build/pixel_cloud_fusion': CMAKE_PREFIX_PATH=/home/autoware/Autoware/install/autoware_build_flags:${CMAKE_PREFIX_PATH} PKG_CONFIG_PATH=/home/autoware/Autoware/install/autoware_build_flags/lib/x86_64-linux-gnu/pkgconfig:/home/autoware/Autoware/install/autoware_build_flags/lib/pkgconfig:${PKG_CONFIG_PATH} ROS_PACKAGE_PATH=/home/autoware/Autoware/install/autoware_build_flags/share:${ROS_PACKAGE_PATH} /usr/bin/cmake --build /home/autoware/Autoware/build/pixel_cloud_fusion --target tests -- -j2 -l2
[46.981s] Scanning dependencies of target tests
[46.995s] Built target tests
[47.012s] Invoked command in '/home/autoware/Autoware/build/pixel_cloud_fusion' returned '0': CMAKE_PREFIX_PATH=/home/autoware/Autoware/install/autoware_build_flags:${CMAKE_PREFIX_PATH} PKG_CONFIG_PATH=/home/autoware/Autoware/install/autoware_build_flags/lib/x86_64-linux-gnu/pkgconfig:/home/autoware/Autoware/install/autoware_build_flags/lib/pkgconfig:${PKG_CONFIG_PATH} ROS_PACKAGE_PATH=/home/autoware/Autoware/install/autoware_build_flags/share:${ROS_PACKAGE_PATH} /usr/bin/cmake --build /home/autoware/Autoware/build/pixel_cloud_fusion --target tests -- -j2 -l2
[47.145s] Invoking command in '/home/autoware/Autoware/build/pixel_cloud_fusion': CMAKE_PREFIX_PATH=/home/autoware/Autoware/install/autoware_build_flags:${CMAKE_PREFIX_PATH} PKG_CONFIG_PATH=/home/autoware/Autoware/install/autoware_build_flags/lib/x86_64-linux-gnu/pkgconfig:/home/autoware/Autoware/install/autoware_build_flags/lib/pkgconfig:${PKG_CONFIG_PATH} ROS_PACKAGE_PATH=/home/autoware/Autoware/install/autoware_build_flags/share:${ROS_PACKAGE_PATH} /usr/bin/cmake --build /home/autoware/Autoware/build/pixel_cloud_fusion --target install -- -j2 -l2
[47.222s] [  0%] Built target actionlib_msgs_generate_messages_py
[47.250s] [  0%] Built target tf2_msgs_generate_messages_nodejs
[47.277s] [  0%] Built target tf2_msgs_generate_messages_eus
[47.304s] [  0%] Built target tf2_msgs_generate_messages_cpp
[47.331s] [  0%] Built target pcl_msgs_generate_messages_eus
[47.359s] [  0%] Built target rosgraph_msgs_generate_messages_lisp
[47.386s] [  0%] Built target rosgraph_msgs_generate_messages_eus
[47.417s] [  0%] Built target rosgraph_msgs_generate_messages_cpp
[47.449s] [  0%] Built target topic_tools_generate_messages_cpp
[47.478s] [  0%] Built target geometry_msgs_generate_messages_eus
[47.505s] [  0%] Built target std_msgs_generate_messages_py
[47.533s] [  0%] Built target std_msgs_generate_messages_nodejs
[47.560s] [  0%] Built target bond_generate_messages_lisp
[47.588s] [  0%] Built target topic_tools_generate_messages_eus
[47.615s] [  0%] Built target rosgraph_msgs_generate_messages_nodejs
[47.652s] [  0%] Built target std_msgs_generate_messages_eus
[47.679s] [  0%] Built target pcl_msgs_generate_messages_nodejs
[47.710s] [  0%] Built target nodelet_generate_messages_nodejs
[47.738s] [  0%] Built target sensor_msgs_generate_messages_lisp
[47.768s] [  0%] Built target pcl_msgs_generate_messages_cpp
[47.797s] [  0%] Built target dynamic_reconfigure_generate_messages_lisp
[47.825s] [  0%] Built target std_srvs_generate_messages_eus
[47.852s] [  0%] Built target roscpp_generate_messages_lisp
[47.879s] [  0%] Built target bond_generate_messages_eus
[47.907s] [  0%] Built target std_msgs_generate_messages_cpp
[47.935s] [  0%] Built target roscpp_generate_messages_py
[47.966s] [  0%] Built target roscpp_generate_messages_cpp
[47.994s] [  0%] Built target sensor_msgs_generate_messages_nodejs
[48.023s] [  0%] Built target actionlib_generate_messages_cpp
[48.050s] [  0%] Built target geometry_msgs_generate_messages_nodejs
[48.078s] [  0%] Built target nodelet_generate_messages_py
[48.105s] [  0%] Built target sensor_msgs_generate_messages_py
[48.133s] [  0%] Built target dynamic_reconfigure_generate_messages_cpp
[48.161s] [  0%] Built target tf_generate_messages_py
[48.187s] [  0%] Built target geometry_msgs_generate_messages_lisp
[48.215s] [  0%] Built target roscpp_generate_messages_nodejs
[48.244s] [  0%] Built target std_msgs_generate_messages_lisp
[48.272s] [  0%] Built target sensor_msgs_generate_messages_cpp
[48.300s] [  0%] Built target sensor_msgs_generate_messages_eus
[48.327s] [  0%] Built target pcl_ros_gencfg
[48.354s] [  0%] Built target topic_tools_generate_messages_nodejs
[48.381s] [  0%] Built target tf2_msgs_generate_messages_py
[48.407s] [  0%] Built target actionlib_generate_messages_py
[48.434s] [  0%] Built target geometry_msgs_generate_messages_py
[48.460s] [  0%] Built target dynamic_reconfigure_generate_messages_eus
[48.487s] [  0%] Built target dynamic_reconfigure_generate_messages_nodejs
[48.514s] [  0%] Built target dynamic_reconfigure_generate_messages_py
[48.542s] [  0%] Built target tf2_msgs_generate_messages_lisp
[48.569s] [  0%] Built target dynamic_reconfigure_gencfg
[48.596s] [  0%] Built target nodelet_generate_messages_cpp
[48.623s] [  0%] Built target bond_generate_messages_py
[48.650s] [  0%] Built target std_srvs_generate_messages_nodejs
[48.676s] [  0%] Built target geometry_msgs_generate_messages_cpp
[48.702s] [  0%] Built target actionlib_generate_messages_lisp
[48.729s] [  0%] Built target nodelet_generate_messages_eus
[48.756s] [  0%] Built target nodelet_generate_messages_lisp
[48.786s] [  0%] Built target roscpp_generate_messages_eus
[48.812s] [  0%] Built target rosgraph_msgs_generate_messages_py
[48.839s] [  0%] Built target actionlib_msgs_generate_messages_eus
[48.866s] [  0%] Built target bond_generate_messages_cpp
[48.893s] [  0%] Built target bond_generate_messages_nodejs
[48.919s] [  0%] Built target actionlib_msgs_generate_messages_nodejs
[48.947s] [  0%] Built target topic_tools_generate_messages_py
[48.973s] [  0%] Built target nodelet_topic_tools_gencfg
[49.000s] [  0%] Built target std_srvs_generate_messages_lisp
[49.027s] [  0%] Built target topic_tools_generate_messages_lisp
[49.054s] [  0%] Built target std_srvs_generate_messages_cpp
[49.082s] [  0%] Built target tf_generate_messages_eus
[49.108s] [  0%] Built target actionlib_msgs_generate_messages_cpp
[49.135s] [  0%] Built target std_srvs_generate_messages_py
[49.161s] [  0%] Built target tf_generate_messages_lisp
[49.189s] [  0%] Built target tf_generate_messages_nodejs
[49.216s] [  0%] Built target pcl_msgs_generate_messages_py
[49.243s] [  0%] Built target actionlib_generate_messages_eus
[49.272s] [  0%] Built target pcl_msgs_generate_messages_lisp
[49.299s] [  0%] Built target tf_generate_messages_cpp
[49.326s] [  0%] Built target actionlib_generate_messages_nodejs
[49.353s] [  0%] Built target actionlib_msgs_generate_messages_lisp
[49.411s] [ 50%] Built target pixel_cloud_fusion_lib
[49.469s] [100%] Built target pixel_cloud_fusion
[49.497s] Install the project...
[49.508s] -- Install configuration: "Release"
[49.508s] -- Installing: /home/autoware/Autoware/install/pixel_cloud_fusion/lib/pkgconfig/pixel_cloud_fusion.pc
[49.509s] -- Installing: /home/autoware/Autoware/install/pixel_cloud_fusion/share/pixel_cloud_fusion/cmake/pixel_cloud_fusionConfig.cmake
[49.509s] -- Installing: /home/autoware/Autoware/install/pixel_cloud_fusion/share/pixel_cloud_fusion/cmake/pixel_cloud_fusionConfig-version.cmake
[49.509s] -- Installing: /home/autoware/Autoware/install/pixel_cloud_fusion/share/pixel_cloud_fusion/package.xml
[49.510s] -- Installing: /home/autoware/Autoware/install/pixel_cloud_fusion/lib/pixel_cloud_fusion/pixel_cloud_fusion
[49.521s] -- Set runtime path of "/home/autoware/Autoware/install/pixel_cloud_fusion/lib/pixel_cloud_fusion/pixel_cloud_fusion" to ""
[49.522s] -- Installing: /home/autoware/Autoware/install/pixel_cloud_fusion/lib/libpixel_cloud_fusion_lib.so
[49.539s] -- Set runtime path of "/home/autoware/Autoware/install/pixel_cloud_fusion/lib/libpixel_cloud_fusion_lib.so" to ""
[49.540s] -- Installing: /home/autoware/Autoware/install/pixel_cloud_fusion/include/pixel_cloud_fusion
[49.540s] -- Installing: /home/autoware/Autoware/install/pixel_cloud_fusion/include/pixel_cloud_fusion/pixel_cloud_fusion.h
[49.540s] -- Installing: /home/autoware/Autoware/install/pixel_cloud_fusion/share/pixel_cloud_fusion/launch
[49.541s] -- Installing: /home/autoware/Autoware/install/pixel_cloud_fusion/share/pixel_cloud_fusion/launch/pixel_cloud_fusion.launch
[49.550s] Invoked command in '/home/autoware/Autoware/build/pixel_cloud_fusion' returned '0': CMAKE_PREFIX_PATH=/home/autoware/Autoware/install/autoware_build_flags:${CMAKE_PREFIX_PATH} PKG_CONFIG_PATH=/home/autoware/Autoware/install/autoware_build_flags/lib/x86_64-linux-gnu/pkgconfig:/home/autoware/Autoware/install/autoware_build_flags/lib/pkgconfig:${PKG_CONFIG_PATH} ROS_PACKAGE_PATH=/home/autoware/Autoware/install/autoware_build_flags/share:${ROS_PACKAGE_PATH} /usr/bin/cmake --build /home/autoware/Autoware/build/pixel_cloud_fusion --target install -- -j2 -l2
