-- The C compiler identification is GNU 7.5.0
-- The CXX compiler identification is GNU 7.5.0
-- Check for working C compiler: /usr/bin/cc
-- Check for working C compiler: /usr/bin/cc -- works
-- Detecting C compiler ABI info
-- Detecting C compiler ABI info - done
-- Detecting C compile features
-- Detecting C compile features - done
-- Check for working CXX compiler: /usr/bin/c++
-- Check for working CXX compiler: /usr/bin/c++ -- works
-- Detecting CXX compiler ABI info
-- Detecting CXX compiler ABI info - done
-- Detecting CXX compile features
-- Detecting CXX compile features - done
-- Using CATKIN_DEVEL_PREFIX: /home/autoware/Autoware/build/custom_msgs/devel
-- Using CMAKE_PREFIX_PATH: /opt/ros/melodic
-- This workspace overlays: /opt/ros/melodic
-- Found PythonInterp: /usr/bin/python2 (found suitable version "2.7.17", minimum required is "2") 
-- Using PYTHON_EXECUTABLE: /usr/bin/python2
-- Using Debian Python package layout
-- Using empy: /usr/bin/empy
-- Using CATKIN_ENABLE_TESTING: ON
-- Call enable_testing()
-- Using CATKIN_TEST_RESULTS_DIR: /home/autoware/Autoware/build/custom_msgs/test_results
-- Found gtest sources under '/usr/src/googletest': gtests will be built
-- Found gmock sources under '/usr/src/googletest': gmock will be built
-- Found PythonInterp: /usr/bin/python2 (found version "2.7.17") 
-- Looking for pthread.h
-- Looking for pthread.h - found
-- Looking for pthread_create
-- Looking for pthread_create - not found
-- Looking for pthread_create in pthreads
-- Looking for pthread_create in pthreads - not found
-- Looking for pthread_create in pthread
-- Looking for pthread_create in pthread - found
-- Found Threads: TRUE  
-- Using Python nosetests: /usr/bin/nosetests-2.7
-- catkin 0.7.26
-- BUILD_SHARED_LIBS is on
-- Using these message generators: gencpp;geneus;genlisp;gennodejs;genpy
-- custom_msgs: 11 messages, 0 services
-- Configuring done
-- Generating done
-- Build files have been written to: /home/autoware/Autoware/build/custom_msgs
Scanning dependencies of target std_msgs_generate_messages_cpp
[  0%] Built target std_msgs_generate_messages_cpp
Scanning dependencies of target sensor_msgs_generate_messages_cpp
[  0%] Built target sensor_msgs_generate_messages_cpp
Scanning dependencies of target _custom_msgs_generate_messages_check_deps_orientationEstimate
[  0%] Built target _custom_msgs_generate_messages_check_deps_orientationEstimate
Scanning dependencies of target _custom_msgs_generate_messages_check_deps_ImuSensorSample
[  0%] Built target _custom_msgs_generate_messages_check_deps_ImuSensorSample
Scanning dependencies of target _custom_msgs_generate_messages_check_deps_GnssSensorSample
[  0%] Built target _custom_msgs_generate_messages_check_deps_GnssSensorSample
Scanning dependencies of target geometry_msgs_generate_messages_cpp
[  0%] Built target geometry_msgs_generate_messages_cpp
Scanning dependencies of target _custom_msgs_generate_messages_check_deps_gnssSample
[  0%] Built target _custom_msgs_generate_messages_check_deps_gnssSample
Scanning dependencies of target _custom_msgs_generate_messages_check_deps_sensorSample
[  0%] Built target _custom_msgs_generate_messages_check_deps_sensorSample
Scanning dependencies of target _custom_msgs_generate_messages_check_deps_positionEstimate
[  0%] Built target _custom_msgs_generate_messages_check_deps_positionEstimate
Scanning dependencies of target _custom_msgs_generate_messages_check_deps_baroSample
[  0%] Built target _custom_msgs_generate_messages_check_deps_baroSample
Scanning dependencies of target _custom_msgs_generate_messages_check_deps_Internal
[  0%] Built target _custom_msgs_generate_messages_check_deps_Internal
Scanning dependencies of target _custom_msgs_generate_messages_check_deps_velocityEstimate
[  0%] Built target _custom_msgs_generate_messages_check_deps_velocityEstimate
Scanning dependencies of target _custom_msgs_generate_messages_check_deps_XsensQuaternion
[  0%] Built target _custom_msgs_generate_messages_check_deps_XsensQuaternion
Scanning dependencies of target _custom_msgs_generate_messages_check_deps_BaroSensorSample
[  0%] Built target _custom_msgs_generate_messages_check_deps_BaroSensorSample
Scanning dependencies of target geometry_msgs_generate_messages_nodejs
[  0%] Built target geometry_msgs_generate_messages_nodejs
Scanning dependencies of target std_msgs_generate_messages_nodejs
[  0%] Built target std_msgs_generate_messages_nodejs
Scanning dependencies of target sensor_msgs_generate_messages_nodejs
[  0%] Built target sensor_msgs_generate_messages_nodejs
Scanning dependencies of target std_msgs_generate_messages_py
[  0%] Built target std_msgs_generate_messages_py
Scanning dependencies of target geometry_msgs_generate_messages_py
[  0%] Built target geometry_msgs_generate_messages_py
Scanning dependencies of target sensor_msgs_generate_messages_py
[  0%] Built target sensor_msgs_generate_messages_py
Scanning dependencies of target std_msgs_generate_messages_lisp
[  0%] Built target std_msgs_generate_messages_lisp
Scanning dependencies of target geometry_msgs_generate_messages_lisp
[  0%] Built target geometry_msgs_generate_messages_lisp
Scanning dependencies of target sensor_msgs_generate_messages_lisp
[  0%] Built target sensor_msgs_generate_messages_lisp
Scanning dependencies of target sensor_msgs_generate_messages_eus
[  0%] Built target sensor_msgs_generate_messages_eus
Scanning dependencies of target std_msgs_generate_messages_eus
[  0%] Built target std_msgs_generate_messages_eus
Scanning dependencies of target geometry_msgs_generate_messages_eus
[  0%] Built target geometry_msgs_generate_messages_eus
Scanning dependencies of target custom_msgs_generate_messages_cpp
[  1%] Generating C++ code from custom_msgs/GnssSensorSample.msg
[  3%] Generating C++ code from custom_msgs/ImuSensorSample.msg
[  5%] Generating C++ code from custom_msgs/baroSample.msg
[  7%] Generating C++ code from custom_msgs/positionEstimate.msg
[  8%] Generating C++ code from custom_msgs/gnssSample.msg
[ 10%] Generating C++ code from custom_msgs/XsensQuaternion.msg
[ 12%] Generating C++ code from custom_msgs/velocityEstimate.msg
[ 14%] Generating C++ code from custom_msgs/orientationEstimate.msg
[ 15%] Generating C++ code from custom_msgs/sensorSample.msg
[ 17%] Generating C++ code from custom_msgs/Internal.msg
[ 19%] Generating C++ code from custom_msgs/BaroSensorSample.msg
[ 19%] Built target custom_msgs_generate_messages_cpp
Scanning dependencies of target custom_msgs_generate_messages_nodejs
[ 21%] Generating Javascript code from custom_msgs/GnssSensorSample.msg
[ 22%] Generating Javascript code from custom_msgs/ImuSensorSample.msg
[ 24%] Generating Javascript code from custom_msgs/baroSample.msg
[ 26%] Generating Javascript code from custom_msgs/positionEstimate.msg
[ 28%] Generating Javascript code from custom_msgs/gnssSample.msg
[ 29%] Generating Javascript code from custom_msgs/XsensQuaternion.msg
[ 31%] Generating Javascript code from custom_msgs/velocityEstimate.msg
[ 33%] Generating Javascript code from custom_msgs/orientationEstimate.msg
[ 35%] Generating Javascript code from custom_msgs/sensorSample.msg
[ 36%] Generating Javascript code from custom_msgs/Internal.msg
[ 38%] Generating Javascript code from custom_msgs/BaroSensorSample.msg
[ 38%] Built target custom_msgs_generate_messages_nodejs
Scanning dependencies of target custom_msgs_generate_messages_py
[ 40%] Generating Python from MSG custom_msgs/GnssSensorSample
[ 42%] Generating Python from MSG custom_msgs/ImuSensorSample
[ 43%] Generating Python from MSG custom_msgs/baroSample
[ 45%] Generating Python from MSG custom_msgs/positionEstimate
[ 47%] Generating Python from MSG custom_msgs/gnssSample
[ 49%] Generating Python from MSG custom_msgs/XsensQuaternion
[ 50%] Generating Python from MSG custom_msgs/velocityEstimate
[ 52%] Generating Python from MSG custom_msgs/orientationEstimate
[ 54%] Generating Python from MSG custom_msgs/sensorSample
[ 56%] Generating Python from MSG custom_msgs/Internal
[ 57%] Generating Python from MSG custom_msgs/BaroSensorSample
[ 59%] Generating Python msg __init__.py for custom_msgs
[ 59%] Built target custom_msgs_generate_messages_py
Scanning dependencies of target custom_msgs_generate_messages_lisp
[ 61%] Generating Lisp code from custom_msgs/GnssSensorSample.msg
[ 63%] Generating Lisp code from custom_msgs/ImuSensorSample.msg
[ 64%] Generating Lisp code from custom_msgs/baroSample.msg
[ 66%] Generating Lisp code from custom_msgs/positionEstimate.msg
[ 68%] Generating Lisp code from custom_msgs/gnssSample.msg
[ 70%] Generating Lisp code from custom_msgs/XsensQuaternion.msg
[ 71%] Generating Lisp code from custom_msgs/velocityEstimate.msg
[ 73%] Generating Lisp code from custom_msgs/orientationEstimate.msg
[ 75%] Generating Lisp code from custom_msgs/sensorSample.msg
[ 77%] Generating Lisp code from custom_msgs/Internal.msg
[ 78%] Generating Lisp code from custom_msgs/BaroSensorSample.msg
[ 78%] Built target custom_msgs_generate_messages_lisp
Scanning dependencies of target custom_msgs_generate_messages_eus
[ 80%] Generating EusLisp code from custom_msgs/GnssSensorSample.msg
[ 82%] Generating EusLisp code from custom_msgs/ImuSensorSample.msg
[ 84%] Generating EusLisp code from custom_msgs/baroSample.msg
[ 85%] Generating EusLisp code from custom_msgs/positionEstimate.msg
[ 87%] Generating EusLisp code from custom_msgs/gnssSample.msg
[ 89%] Generating EusLisp code from custom_msgs/XsensQuaternion.msg
[ 91%] Generating EusLisp code from custom_msgs/velocityEstimate.msg
[ 92%] Generating EusLisp code from custom_msgs/orientationEstimate.msg
[ 94%] Generating EusLisp code from custom_msgs/sensorSample.msg
[ 96%] Generating EusLisp code from custom_msgs/Internal.msg
[ 98%] Generating EusLisp code from custom_msgs/BaroSensorSample.msg
[100%] Generating EusLisp manifest code for custom_msgs
[100%] Built target custom_msgs_generate_messages_eus
Scanning dependencies of target custom_msgs_generate_messages
[100%] Built target custom_msgs_generate_messages
Scanning dependencies of target tests
Built target tests
[  0%] Built target std_msgs_generate_messages_cpp
[  0%] Built target sensor_msgs_generate_messages_cpp
[  0%] Built target _custom_msgs_generate_messages_check_deps_orientationEstimate
[  0%] Built target _custom_msgs_generate_messages_check_deps_ImuSensorSample
[  0%] Built target _custom_msgs_generate_messages_check_deps_GnssSensorSample
[  0%] Built target geometry_msgs_generate_messages_cpp
[  0%] Built target _custom_msgs_generate_messages_check_deps_gnssSample
[  0%] Built target _custom_msgs_generate_messages_check_deps_sensorSample
[  0%] Built target _custom_msgs_generate_messages_check_deps_positionEstimate
[  0%] Built target _custom_msgs_generate_messages_check_deps_baroSample
[  0%] Built target _custom_msgs_generate_messages_check_deps_Internal
[  0%] Built target _custom_msgs_generate_messages_check_deps_velocityEstimate
[  0%] Built target _custom_msgs_generate_messages_check_deps_XsensQuaternion
[  0%] Built target _custom_msgs_generate_messages_check_deps_BaroSensorSample
[  0%] Built target geometry_msgs_generate_messages_nodejs
[  0%] Built target std_msgs_generate_messages_nodejs
[  0%] Built target sensor_msgs_generate_messages_nodejs
[  0%] Built target std_msgs_generate_messages_py
[  0%] Built target geometry_msgs_generate_messages_py
[  0%] Built target sensor_msgs_generate_messages_py
[  0%] Built target std_msgs_generate_messages_lisp
[  0%] Built target geometry_msgs_generate_messages_lisp
[  0%] Built target sensor_msgs_generate_messages_lisp
[  0%] Built target sensor_msgs_generate_messages_eus
[  0%] Built target std_msgs_generate_messages_eus
[  0%] Built target geometry_msgs_generate_messages_eus
[ 19%] Built target custom_msgs_generate_messages_cpp
[ 38%] Built target custom_msgs_generate_messages_nodejs
[ 59%] Built target custom_msgs_generate_messages_py
[ 78%] Built target custom_msgs_generate_messages_lisp
[100%] Built target custom_msgs_generate_messages_eus
[100%] Built target custom_msgs_generate_messages
Install the project...
-- Install configuration: "Release"
-- Installing: /home/autoware/Autoware/install/custom_msgs/share/custom_msgs/msg/BaroSensorSample.msg
-- Installing: /home/autoware/Autoware/install/custom_msgs/share/custom_msgs/msg/GnssSensorSample.msg
-- Installing: /home/autoware/Autoware/install/custom_msgs/share/custom_msgs/msg/ImuSensorSample.msg
-- Installing: /home/autoware/Autoware/install/custom_msgs/share/custom_msgs/msg/Internal.msg
-- Installing: /home/autoware/Autoware/install/custom_msgs/share/custom_msgs/msg/XsensQuaternion.msg
-- Installing: /home/autoware/Autoware/install/custom_msgs/share/custom_msgs/msg/baroSample.msg
-- Installing: /home/autoware/Autoware/install/custom_msgs/share/custom_msgs/msg/gnssSample.msg
-- Installing: /home/autoware/Autoware/install/custom_msgs/share/custom_msgs/msg/orientationEstimate.msg
-- Installing: /home/autoware/Autoware/install/custom_msgs/share/custom_msgs/msg/positionEstimate.msg
-- Installing: /home/autoware/Autoware/install/custom_msgs/share/custom_msgs/msg/sensorSample.msg
-- Installing: /home/autoware/Autoware/install/custom_msgs/share/custom_msgs/msg/velocityEstimate.msg
-- Installing: /home/autoware/Autoware/install/custom_msgs/share/custom_msgs/cmake/custom_msgs-msg-paths.cmake
-- Installing: /home/autoware/Autoware/install/custom_msgs/include/custom_msgs
-- Installing: /home/autoware/Autoware/install/custom_msgs/include/custom_msgs/baroSample.h
-- Installing: /home/autoware/Autoware/install/custom_msgs/include/custom_msgs/orientationEstimate.h
-- Installing: /home/autoware/Autoware/install/custom_msgs/include/custom_msgs/velocityEstimate.h
-- Installing: /home/autoware/Autoware/install/custom_msgs/include/custom_msgs/BaroSensorSample.h
-- Installing: /home/autoware/Autoware/install/custom_msgs/include/custom_msgs/gnssSample.h
-- Installing: /home/autoware/Autoware/install/custom_msgs/include/custom_msgs/XsensQuaternion.h
-- Installing: /home/autoware/Autoware/install/custom_msgs/include/custom_msgs/Internal.h
-- Installing: /home/autoware/Autoware/install/custom_msgs/include/custom_msgs/GnssSensorSample.h
-- Installing: /home/autoware/Autoware/install/custom_msgs/include/custom_msgs/sensorSample.h
-- Installing: /home/autoware/Autoware/install/custom_msgs/include/custom_msgs/positionEstimate.h
-- Installing: /home/autoware/Autoware/install/custom_msgs/include/custom_msgs/ImuSensorSample.h
-- Installing: /home/autoware/Autoware/install/custom_msgs/share/roseus/ros/custom_msgs
-- Installing: /home/autoware/Autoware/install/custom_msgs/share/roseus/ros/custom_msgs/msg
-- Installing: /home/autoware/Autoware/install/custom_msgs/share/roseus/ros/custom_msgs/msg/BaroSensorSample.l
-- Installing: /home/autoware/Autoware/install/custom_msgs/share/roseus/ros/custom_msgs/msg/GnssSensorSample.l
-- Installing: /home/autoware/Autoware/install/custom_msgs/share/roseus/ros/custom_msgs/msg/ImuSensorSample.l
-- Installing: /home/autoware/Autoware/install/custom_msgs/share/roseus/ros/custom_msgs/msg/velocityEstimate.l
-- Installing: /home/autoware/Autoware/install/custom_msgs/share/roseus/ros/custom_msgs/msg/baroSample.l
-- Installing: /home/autoware/Autoware/install/custom_msgs/share/roseus/ros/custom_msgs/msg/positionEstimate.l
-- Installing: /home/autoware/Autoware/install/custom_msgs/share/roseus/ros/custom_msgs/msg/sensorSample.l
-- Installing: /home/autoware/Autoware/install/custom_msgs/share/roseus/ros/custom_msgs/msg/XsensQuaternion.l
-- Installing: /home/autoware/Autoware/install/custom_msgs/share/roseus/ros/custom_msgs/msg/gnssSample.l
-- Installing: /home/autoware/Autoware/install/custom_msgs/share/roseus/ros/custom_msgs/msg/orientationEstimate.l
-- Installing: /home/autoware/Autoware/install/custom_msgs/share/roseus/ros/custom_msgs/msg/Internal.l
-- Installing: /home/autoware/Autoware/install/custom_msgs/share/roseus/ros/custom_msgs/manifest.l
-- Installing: /home/autoware/Autoware/install/custom_msgs/share/common-lisp/ros/custom_msgs
-- Installing: /home/autoware/Autoware/install/custom_msgs/share/common-lisp/ros/custom_msgs/msg
-- Installing: /home/autoware/Autoware/install/custom_msgs/share/common-lisp/ros/custom_msgs/msg/_package_velocityEstimate.lisp
-- Installing: /home/autoware/Autoware/install/custom_msgs/share/common-lisp/ros/custom_msgs/msg/_package.lisp
-- Installing: /home/autoware/Autoware/install/custom_msgs/share/common-lisp/ros/custom_msgs/msg/_package_baroSample.lisp
-- Installing: /home/autoware/Autoware/install/custom_msgs/share/common-lisp/ros/custom_msgs/msg/_package_BaroSensorSample.lisp
-- Installing: /home/autoware/Autoware/install/custom_msgs/share/common-lisp/ros/custom_msgs/msg/gnssSample.lisp
-- Installing: /home/autoware/Autoware/install/custom_msgs/share/common-lisp/ros/custom_msgs/msg/_package_GnssSensorSample.lisp
-- Installing: /home/autoware/Autoware/install/custom_msgs/share/common-lisp/ros/custom_msgs/msg/baroSample.lisp
-- Installing: /home/autoware/Autoware/install/custom_msgs/share/common-lisp/ros/custom_msgs/msg/orientationEstimate.lisp
-- Installing: /home/autoware/Autoware/install/custom_msgs/share/common-lisp/ros/custom_msgs/msg/ImuSensorSample.lisp
-- Installing: /home/autoware/Autoware/install/custom_msgs/share/common-lisp/ros/custom_msgs/msg/custom_msgs-msg.asd
-- Installing: /home/autoware/Autoware/install/custom_msgs/share/common-lisp/ros/custom_msgs/msg/_package_sensorSample.lisp
-- Installing: /home/autoware/Autoware/install/custom_msgs/share/common-lisp/ros/custom_msgs/msg/_package_ImuSensorSample.lisp
-- Installing: /home/autoware/Autoware/install/custom_msgs/share/common-lisp/ros/custom_msgs/msg/GnssSensorSample.lisp
-- Installing: /home/autoware/Autoware/install/custom_msgs/share/common-lisp/ros/custom_msgs/msg/_package_XsensQuaternion.lisp
-- Installing: /home/autoware/Autoware/install/custom_msgs/share/common-lisp/ros/custom_msgs/msg/_package_positionEstimate.lisp
-- Installing: /home/autoware/Autoware/install/custom_msgs/share/common-lisp/ros/custom_msgs/msg/positionEstimate.lisp
-- Installing: /home/autoware/Autoware/install/custom_msgs/share/common-lisp/ros/custom_msgs/msg/XsensQuaternion.lisp
-- Installing: /home/autoware/Autoware/install/custom_msgs/share/common-lisp/ros/custom_msgs/msg/velocityEstimate.lisp
-- Installing: /home/autoware/Autoware/install/custom_msgs/share/common-lisp/ros/custom_msgs/msg/_package_Internal.lisp
-- Installing: /home/autoware/Autoware/install/custom_msgs/share/common-lisp/ros/custom_msgs/msg/sensorSample.lisp
-- Installing: /home/autoware/Autoware/install/custom_msgs/share/common-lisp/ros/custom_msgs/msg/_package_orientationEstimate.lisp
-- Installing: /home/autoware/Autoware/install/custom_msgs/share/common-lisp/ros/custom_msgs/msg/_package_gnssSample.lisp
-- Installing: /home/autoware/Autoware/install/custom_msgs/share/common-lisp/ros/custom_msgs/msg/Internal.lisp
-- Installing: /home/autoware/Autoware/install/custom_msgs/share/common-lisp/ros/custom_msgs/msg/BaroSensorSample.lisp
-- Installing: /home/autoware/Autoware/install/custom_msgs/share/gennodejs/ros/custom_msgs
-- Installing: /home/autoware/Autoware/install/custom_msgs/share/gennodejs/ros/custom_msgs/msg
-- Installing: /home/autoware/Autoware/install/custom_msgs/share/gennodejs/ros/custom_msgs/msg/ImuSensorSample.js
-- Installing: /home/autoware/Autoware/install/custom_msgs/share/gennodejs/ros/custom_msgs/msg/orientationEstimate.js
-- Installing: /home/autoware/Autoware/install/custom_msgs/share/gennodejs/ros/custom_msgs/msg/_index.js
-- Installing: /home/autoware/Autoware/install/custom_msgs/share/gennodejs/ros/custom_msgs/msg/sensorSample.js
-- Installing: /home/autoware/Autoware/install/custom_msgs/share/gennodejs/ros/custom_msgs/msg/gnssSample.js
-- Installing: /home/autoware/Autoware/install/custom_msgs/share/gennodejs/ros/custom_msgs/msg/GnssSensorSample.js
-- Installing: /home/autoware/Autoware/install/custom_msgs/share/gennodejs/ros/custom_msgs/msg/velocityEstimate.js
-- Installing: /home/autoware/Autoware/install/custom_msgs/share/gennodejs/ros/custom_msgs/msg/BaroSensorSample.js
-- Installing: /home/autoware/Autoware/install/custom_msgs/share/gennodejs/ros/custom_msgs/msg/Internal.js
-- Installing: /home/autoware/Autoware/install/custom_msgs/share/gennodejs/ros/custom_msgs/msg/XsensQuaternion.js
-- Installing: /home/autoware/Autoware/install/custom_msgs/share/gennodejs/ros/custom_msgs/msg/baroSample.js
-- Installing: /home/autoware/Autoware/install/custom_msgs/share/gennodejs/ros/custom_msgs/msg/positionEstimate.js
-- Installing: /home/autoware/Autoware/install/custom_msgs/share/gennodejs/ros/custom_msgs/_index.js
Listing /home/autoware/Autoware/build/custom_msgs/devel/lib/python2.7/dist-packages/custom_msgs ...
Compiling /home/autoware/Autoware/build/custom_msgs/devel/lib/python2.7/dist-packages/custom_msgs/__init__.py ...
Listing /home/autoware/Autoware/build/custom_msgs/devel/lib/python2.7/dist-packages/custom_msgs/msg ...
Compiling /home/autoware/Autoware/build/custom_msgs/devel/lib/python2.7/dist-packages/custom_msgs/msg/_BaroSensorSample.py ...
Compiling /home/autoware/Autoware/build/custom_msgs/devel/lib/python2.7/dist-packages/custom_msgs/msg/_GnssSensorSample.py ...
Compiling /home/autoware/Autoware/build/custom_msgs/devel/lib/python2.7/dist-packages/custom_msgs/msg/_ImuSensorSample.py ...
Compiling /home/autoware/Autoware/build/custom_msgs/devel/lib/python2.7/dist-packages/custom_msgs/msg/_Internal.py ...
Compiling /home/autoware/Autoware/build/custom_msgs/devel/lib/python2.7/dist-packages/custom_msgs/msg/_XsensQuaternion.py ...
Compiling /home/autoware/Autoware/build/custom_msgs/devel/lib/python2.7/dist-packages/custom_msgs/msg/__init__.py ...
Compiling /home/autoware/Autoware/build/custom_msgs/devel/lib/python2.7/dist-packages/custom_msgs/msg/_baroSample.py ...
Compiling /home/autoware/Autoware/build/custom_msgs/devel/lib/python2.7/dist-packages/custom_msgs/msg/_gnssSample.py ...
Compiling /home/autoware/Autoware/build/custom_msgs/devel/lib/python2.7/dist-packages/custom_msgs/msg/_orientationEstimate.py ...
Compiling /home/autoware/Autoware/build/custom_msgs/devel/lib/python2.7/dist-packages/custom_msgs/msg/_positionEstimate.py ...
Compiling /home/autoware/Autoware/build/custom_msgs/devel/lib/python2.7/dist-packages/custom_msgs/msg/_sensorSample.py ...
Compiling /home/autoware/Autoware/build/custom_msgs/devel/lib/python2.7/dist-packages/custom_msgs/msg/_velocityEstimate.py ...
-- Installing: /home/autoware/Autoware/install/custom_msgs/lib/python2.7/dist-packages/custom_msgs
-- Installing: /home/autoware/Autoware/install/custom_msgs/lib/python2.7/dist-packages/custom_msgs/msg
-- Installing: /home/autoware/Autoware/install/custom_msgs/lib/python2.7/dist-packages/custom_msgs/msg/_GnssSensorSample.py
-- Installing: /home/autoware/Autoware/install/custom_msgs/lib/python2.7/dist-packages/custom_msgs/msg/_baroSample.py
-- Installing: /home/autoware/Autoware/install/custom_msgs/lib/python2.7/dist-packages/custom_msgs/msg/_Internal.py
-- Installing: /home/autoware/Autoware/install/custom_msgs/lib/python2.7/dist-packages/custom_msgs/msg/_ImuSensorSample.py
-- Installing: /home/autoware/Autoware/install/custom_msgs/lib/python2.7/dist-packages/custom_msgs/msg/_BaroSensorSample.py
-- Installing: /home/autoware/Autoware/install/custom_msgs/lib/python2.7/dist-packages/custom_msgs/msg/_gnssSample.py
-- Installing: /home/autoware/Autoware/install/custom_msgs/lib/python2.7/dist-packages/custom_msgs/msg/_sensorSample.pyc
-- Installing: /home/autoware/Autoware/install/custom_msgs/lib/python2.7/dist-packages/custom_msgs/msg/_XsensQuaternion.pyc
-- Installing: /home/autoware/Autoware/install/custom_msgs/lib/python2.7/dist-packages/custom_msgs/msg/_velocityEstimate.pyc
-- Installing: /home/autoware/Autoware/install/custom_msgs/lib/python2.7/dist-packages/custom_msgs/msg/_orientationEstimate.py
-- Installing: /home/autoware/Autoware/install/custom_msgs/lib/python2.7/dist-packages/custom_msgs/msg/_Internal.pyc
-- Installing: /home/autoware/Autoware/install/custom_msgs/lib/python2.7/dist-packages/custom_msgs/msg/_positionEstimate.pyc
-- Installing: /home/autoware/Autoware/install/custom_msgs/lib/python2.7/dist-packages/custom_msgs/msg/_gnssSample.pyc
-- Installing: /home/autoware/Autoware/install/custom_msgs/lib/python2.7/dist-packages/custom_msgs/msg/__init__.pyc
-- Installing: /home/autoware/Autoware/install/custom_msgs/lib/python2.7/dist-packages/custom_msgs/msg/_BaroSensorSample.pyc
-- Installing: /home/autoware/Autoware/install/custom_msgs/lib/python2.7/dist-packages/custom_msgs/msg/_sensorSample.py
-- Installing: /home/autoware/Autoware/install/custom_msgs/lib/python2.7/dist-packages/custom_msgs/msg/_positionEstimate.py
-- Installing: /home/autoware/Autoware/install/custom_msgs/lib/python2.7/dist-packages/custom_msgs/msg/_XsensQuaternion.py
-- Installing: /home/autoware/Autoware/install/custom_msgs/lib/python2.7/dist-packages/custom_msgs/msg/_ImuSensorSample.pyc
-- Installing: /home/autoware/Autoware/install/custom_msgs/lib/python2.7/dist-packages/custom_msgs/msg/_GnssSensorSample.pyc
-- Installing: /home/autoware/Autoware/install/custom_msgs/lib/python2.7/dist-packages/custom_msgs/msg/_velocityEstimate.py
-- Installing: /home/autoware/Autoware/install/custom_msgs/lib/python2.7/dist-packages/custom_msgs/msg/_orientationEstimate.pyc
-- Installing: /home/autoware/Autoware/install/custom_msgs/lib/python2.7/dist-packages/custom_msgs/msg/__init__.py
-- Installing: /home/autoware/Autoware/install/custom_msgs/lib/python2.7/dist-packages/custom_msgs/msg/_baroSample.pyc
-- Installing: /home/autoware/Autoware/install/custom_msgs/lib/python2.7/dist-packages/custom_msgs/__init__.pyc
-- Installing: /home/autoware/Autoware/install/custom_msgs/lib/python2.7/dist-packages/custom_msgs/__init__.py
-- Installing: /home/autoware/Autoware/install/custom_msgs/lib/pkgconfig/custom_msgs.pc
-- Installing: /home/autoware/Autoware/install/custom_msgs/share/custom_msgs/cmake/custom_msgs-msg-extras.cmake
-- Installing: /home/autoware/Autoware/install/custom_msgs/share/custom_msgs/cmake/custom_msgsConfig.cmake
-- Installing: /home/autoware/Autoware/install/custom_msgs/share/custom_msgs/cmake/custom_msgsConfig-version.cmake
-- Installing: /home/autoware/Autoware/install/custom_msgs/share/custom_msgs/package.xml
