[0.023s] Invoking command in '/home/autoware/Autoware/build/op_utility': CMAKE_PREFIX_PATH=/home/autoware/Autoware/install/vector_map_server:/home/autoware/Autoware/install/vector_map:/home/autoware/Autoware/install/vector_map_msgs:/home/autoware/Autoware/install/autoware_msgs:/home/autoware/Autoware/install/autoware_build_flags:${CMAKE_PREFIX_PATH} LD_LIBRARY_PATH=/home/autoware/Autoware/install/vector_map/lib:${LD_LIBRARY_PATH} PKG_CONFIG_PATH=/home/autoware/Autoware/install/vector_map_server/lib/x86_64-linux-gnu/pkgconfig:/home/autoware/Autoware/install/vector_map_server/lib/pkgconfig:/home/autoware/Autoware/install/vector_map/lib/x86_64-linux-gnu/pkgconfig:/home/autoware/Autoware/install/vector_map/lib/pkgconfig:/home/autoware/Autoware/install/vector_map_msgs/lib/x86_64-linux-gnu/pkgconfig:/home/autoware/Autoware/install/vector_map_msgs/lib/pkgconfig:/home/autoware/Autoware/install/autoware_msgs/lib/x86_64-linux-gnu/pkgconfig:/home/autoware/Autoware/install/autoware_msgs/lib/pkgconfig:/home/autoware/Autoware/install/autoware_build_flags/lib/x86_64-linux-gnu/pkgconfig:/home/autoware/Autoware/install/autoware_build_flags/lib/pkgconfig:${PKG_CONFIG_PATH} PYTHONPATH=/home/autoware/Autoware/install/vector_map_server/lib/python2.7/dist-packages:/home/autoware/Autoware/install/vector_map_msgs/lib/python2.7/dist-packages:/home/autoware/Autoware/install/autoware_msgs/lib/python2.7/dist-packages:${PYTHONPATH} ROS_PACKAGE_PATH=/home/autoware/Autoware/install/vector_map_server/share:/home/autoware/Autoware/install/vector_map/share:/home/autoware/Autoware/install/vector_map_msgs/share:/home/autoware/Autoware/install/autoware_msgs/share:/home/autoware/Autoware/install/autoware_build_flags/share:${ROS_PACKAGE_PATH} /usr/bin/cmake /home/autoware/Autoware/src/autoware/common/op_utility -DCMAKE_BUILD_TYPE=Release -DCATKIN_INSTALL_INTO_PREFIX_ROOT=0 -DCMAKE_INSTALL_PREFIX=/home/autoware/Autoware/install/op_utility
[0.101s] -- The C compiler identification is GNU 7.5.0
[0.177s] -- The CXX compiler identification is GNU 7.5.0
[0.183s] -- Check for working C compiler: /usr/bin/cc
[0.279s] -- Check for working C compiler: /usr/bin/cc -- works
[0.279s] -- Detecting C compiler ABI info
[0.364s] -- Detecting C compiler ABI info - done
[0.375s] -- Detecting C compile features
[0.641s] -- Detecting C compile features - done
[0.646s] -- Check for working CXX compiler: /usr/bin/c++
[0.760s] -- Check for working CXX compiler: /usr/bin/c++ -- works
[0.761s] -- Detecting CXX compiler ABI info
[0.864s] -- Detecting CXX compiler ABI info - done
[0.873s] -- Detecting CXX compile features
[1.324s] -- Detecting CXX compile features - done
[1.327s] -- CUDA compilation status: ON.
[1.330s] -- Using CATKIN_DEVEL_PREFIX: /home/autoware/Autoware/build/op_utility/devel
[1.331s] -- Using CMAKE_PREFIX_PATH: /home/autoware/Autoware/install/vector_map_server;/home/autoware/Autoware/install/vector_map;/home/autoware/Autoware/install/vector_map_msgs;/home/autoware/Autoware/install/autoware_msgs;/home/autoware/Autoware/install/autoware_build_flags;/opt/ros/melodic
[1.331s] -- This workspace overlays: /home/autoware/Autoware/install/vector_map_server;/home/autoware/Autoware/install/vector_map;/home/autoware/Autoware/install/vector_map_msgs;/home/autoware/Autoware/install/autoware_msgs;/home/autoware/Autoware/install/autoware_build_flags;/opt/ros/melodic
[1.352s] -- Found PythonInterp: /usr/bin/python2 (found suitable version "2.7.17", minimum required is "2") 
[1.355s] -- Using PYTHON_EXECUTABLE: /usr/bin/python2
[1.355s] -- Using Debian Python package layout
[1.355s] -- Using empy: /usr/bin/empy
[1.529s] -- Using CATKIN_ENABLE_TESTING: ON
[1.529s] -- Call enable_testing()
[1.540s] -- Using CATKIN_TEST_RESULTS_DIR: /home/autoware/Autoware/build/op_utility/test_results
[1.561s] -- Found gtest sources under '/usr/src/googletest': gtests will be built
[1.561s] -- Found gmock sources under '/usr/src/googletest': gmock will be built
[1.580s] -- Found PythonInterp: /usr/bin/python2 (found version "2.7.17") 
[1.581s] -- Looking for pthread.h
[1.683s] -- Looking for pthread.h - found
[1.683s] -- Looking for pthread_create
[1.780s] -- Looking for pthread_create - not found
[1.780s] -- Looking for pthread_create in pthreads
[1.856s] -- Looking for pthread_create in pthreads - not found
[1.856s] -- Looking for pthread_create in pthread
[1.959s] -- Looking for pthread_create in pthread - found
[1.959s] -- Found Threads: TRUE  
[1.962s] -- Using Python nosetests: /usr/bin/nosetests-2.7
[2.024s] -- catkin 0.7.26
[2.025s] -- BUILD_SHARED_LIBS is on
[2.274s] -- Using these message generators: gencpp;geneus;genlisp;gennodejs;genpy
[2.523s] -- Found TinyXML: /usr/lib/x86_64-linux-gnu/libtinyxml.so  
[2.695s] -- Configuring done
[2.756s] -- Generating done
[2.770s] -- Build files have been written to: /home/autoware/Autoware/build/op_utility
[2.779s] Invoked command in '/home/autoware/Autoware/build/op_utility' returned '0': CMAKE_PREFIX_PATH=/home/autoware/Autoware/install/vector_map_server:/home/autoware/Autoware/install/vector_map:/home/autoware/Autoware/install/vector_map_msgs:/home/autoware/Autoware/install/autoware_msgs:/home/autoware/Autoware/install/autoware_build_flags:${CMAKE_PREFIX_PATH} LD_LIBRARY_PATH=/home/autoware/Autoware/install/vector_map/lib:${LD_LIBRARY_PATH} PKG_CONFIG_PATH=/home/autoware/Autoware/install/vector_map_server/lib/x86_64-linux-gnu/pkgconfig:/home/autoware/Autoware/install/vector_map_server/lib/pkgconfig:/home/autoware/Autoware/install/vector_map/lib/x86_64-linux-gnu/pkgconfig:/home/autoware/Autoware/install/vector_map/lib/pkgconfig:/home/autoware/Autoware/install/vector_map_msgs/lib/x86_64-linux-gnu/pkgconfig:/home/autoware/Autoware/install/vector_map_msgs/lib/pkgconfig:/home/autoware/Autoware/install/autoware_msgs/lib/x86_64-linux-gnu/pkgconfig:/home/autoware/Autoware/install/autoware_msgs/lib/pkgconfig:/home/autoware/Autoware/install/autoware_build_flags/lib/x86_64-linux-gnu/pkgconfig:/home/autoware/Autoware/install/autoware_build_flags/lib/pkgconfig:${PKG_CONFIG_PATH} PYTHONPATH=/home/autoware/Autoware/install/vector_map_server/lib/python2.7/dist-packages:/home/autoware/Autoware/install/vector_map_msgs/lib/python2.7/dist-packages:/home/autoware/Autoware/install/autoware_msgs/lib/python2.7/dist-packages:${PYTHONPATH} ROS_PACKAGE_PATH=/home/autoware/Autoware/install/vector_map_server/share:/home/autoware/Autoware/install/vector_map/share:/home/autoware/Autoware/install/vector_map_msgs/share:/home/autoware/Autoware/install/autoware_msgs/share:/home/autoware/Autoware/install/autoware_build_flags/share:${ROS_PACKAGE_PATH} /usr/bin/cmake /home/autoware/Autoware/src/autoware/common/op_utility -DCMAKE_BUILD_TYPE=Release -DCATKIN_INSTALL_INTO_PREFIX_ROOT=0 -DCMAKE_INSTALL_PREFIX=/home/autoware/Autoware/install/op_utility
[2.780s] Invoking command in '/home/autoware/Autoware/build/op_utility': CMAKE_PREFIX_PATH=/home/autoware/Autoware/install/vector_map_server:/home/autoware/Autoware/install/vector_map:/home/autoware/Autoware/install/vector_map_msgs:/home/autoware/Autoware/install/autoware_msgs:/home/autoware/Autoware/install/autoware_build_flags:${CMAKE_PREFIX_PATH} LD_LIBRARY_PATH=/home/autoware/Autoware/install/vector_map/lib:${LD_LIBRARY_PATH} PKG_CONFIG_PATH=/home/autoware/Autoware/install/vector_map_server/lib/x86_64-linux-gnu/pkgconfig:/home/autoware/Autoware/install/vector_map_server/lib/pkgconfig:/home/autoware/Autoware/install/vector_map/lib/x86_64-linux-gnu/pkgconfig:/home/autoware/Autoware/install/vector_map/lib/pkgconfig:/home/autoware/Autoware/install/vector_map_msgs/lib/x86_64-linux-gnu/pkgconfig:/home/autoware/Autoware/install/vector_map_msgs/lib/pkgconfig:/home/autoware/Autoware/install/autoware_msgs/lib/x86_64-linux-gnu/pkgconfig:/home/autoware/Autoware/install/autoware_msgs/lib/pkgconfig:/home/autoware/Autoware/install/autoware_build_flags/lib/x86_64-linux-gnu/pkgconfig:/home/autoware/Autoware/install/autoware_build_flags/lib/pkgconfig:${PKG_CONFIG_PATH} PYTHONPATH=/home/autoware/Autoware/install/vector_map_server/lib/python2.7/dist-packages:/home/autoware/Autoware/install/vector_map_msgs/lib/python2.7/dist-packages:/home/autoware/Autoware/install/autoware_msgs/lib/python2.7/dist-packages:${PYTHONPATH} ROS_PACKAGE_PATH=/home/autoware/Autoware/install/vector_map_server/share:/home/autoware/Autoware/install/vector_map/share:/home/autoware/Autoware/install/vector_map_msgs/share:/home/autoware/Autoware/install/autoware_msgs/share:/home/autoware/Autoware/install/autoware_build_flags/share:${ROS_PACKAGE_PATH} /usr/bin/cmake --build /home/autoware/Autoware/build/op_utility -- -j2 -l2
[2.849s] Scanning dependencies of target op_utility
[2.872s] [ 33%] Building CXX object CMakeFiles/op_utility.dir/src/DataRW.cpp.o
[6.779s] [ 66%] Building CXX object CMakeFiles/op_utility.dir/src/UtilityH.cpp.o
[7.329s] [100%] Linking CXX shared library devel/lib/libop_utility.so
[7.437s] [100%] Built target op_utility
[7.454s] Invoked command in '/home/autoware/Autoware/build/op_utility' returned '0': CMAKE_PREFIX_PATH=/home/autoware/Autoware/install/vector_map_server:/home/autoware/Autoware/install/vector_map:/home/autoware/Autoware/install/vector_map_msgs:/home/autoware/Autoware/install/autoware_msgs:/home/autoware/Autoware/install/autoware_build_flags:${CMAKE_PREFIX_PATH} LD_LIBRARY_PATH=/home/autoware/Autoware/install/vector_map/lib:${LD_LIBRARY_PATH} PKG_CONFIG_PATH=/home/autoware/Autoware/install/vector_map_server/lib/x86_64-linux-gnu/pkgconfig:/home/autoware/Autoware/install/vector_map_server/lib/pkgconfig:/home/autoware/Autoware/install/vector_map/lib/x86_64-linux-gnu/pkgconfig:/home/autoware/Autoware/install/vector_map/lib/pkgconfig:/home/autoware/Autoware/install/vector_map_msgs/lib/x86_64-linux-gnu/pkgconfig:/home/autoware/Autoware/install/vector_map_msgs/lib/pkgconfig:/home/autoware/Autoware/install/autoware_msgs/lib/x86_64-linux-gnu/pkgconfig:/home/autoware/Autoware/install/autoware_msgs/lib/pkgconfig:/home/autoware/Autoware/install/autoware_build_flags/lib/x86_64-linux-gnu/pkgconfig:/home/autoware/Autoware/install/autoware_build_flags/lib/pkgconfig:${PKG_CONFIG_PATH} PYTHONPATH=/home/autoware/Autoware/install/vector_map_server/lib/python2.7/dist-packages:/home/autoware/Autoware/install/vector_map_msgs/lib/python2.7/dist-packages:/home/autoware/Autoware/install/autoware_msgs/lib/python2.7/dist-packages:${PYTHONPATH} ROS_PACKAGE_PATH=/home/autoware/Autoware/install/vector_map_server/share:/home/autoware/Autoware/install/vector_map/share:/home/autoware/Autoware/install/vector_map_msgs/share:/home/autoware/Autoware/install/autoware_msgs/share:/home/autoware/Autoware/install/autoware_build_flags/share:${ROS_PACKAGE_PATH} /usr/bin/cmake --build /home/autoware/Autoware/build/op_utility -- -j2 -l2
[7.599s] Invoking command in '/home/autoware/Autoware/build/op_utility': CMAKE_PREFIX_PATH=/home/autoware/Autoware/install/vector_map_server:/home/autoware/Autoware/install/vector_map:/home/autoware/Autoware/install/vector_map_msgs:/home/autoware/Autoware/install/autoware_msgs:/home/autoware/Autoware/install/autoware_build_flags:${CMAKE_PREFIX_PATH} LD_LIBRARY_PATH=/home/autoware/Autoware/install/vector_map/lib:${LD_LIBRARY_PATH} PKG_CONFIG_PATH=/home/autoware/Autoware/install/vector_map_server/lib/x86_64-linux-gnu/pkgconfig:/home/autoware/Autoware/install/vector_map_server/lib/pkgconfig:/home/autoware/Autoware/install/vector_map/lib/x86_64-linux-gnu/pkgconfig:/home/autoware/Autoware/install/vector_map/lib/pkgconfig:/home/autoware/Autoware/install/vector_map_msgs/lib/x86_64-linux-gnu/pkgconfig:/home/autoware/Autoware/install/vector_map_msgs/lib/pkgconfig:/home/autoware/Autoware/install/autoware_msgs/lib/x86_64-linux-gnu/pkgconfig:/home/autoware/Autoware/install/autoware_msgs/lib/pkgconfig:/home/autoware/Autoware/install/autoware_build_flags/lib/x86_64-linux-gnu/pkgconfig:/home/autoware/Autoware/install/autoware_build_flags/lib/pkgconfig:${PKG_CONFIG_PATH} PYTHONPATH=/home/autoware/Autoware/install/vector_map_server/lib/python2.7/dist-packages:/home/autoware/Autoware/install/vector_map_msgs/lib/python2.7/dist-packages:/home/autoware/Autoware/install/autoware_msgs/lib/python2.7/dist-packages:${PYTHONPATH} ROS_PACKAGE_PATH=/home/autoware/Autoware/install/vector_map_server/share:/home/autoware/Autoware/install/vector_map/share:/home/autoware/Autoware/install/vector_map_msgs/share:/home/autoware/Autoware/install/autoware_msgs/share:/home/autoware/Autoware/install/autoware_build_flags/share:${ROS_PACKAGE_PATH} /usr/bin/cmake --build /home/autoware/Autoware/build/op_utility --target tests -- -j2 -l2
[7.688s] Scanning dependencies of target gtest
[7.702s] [ 14%] Building CXX object gtest/googlemock/gtest/CMakeFiles/gtest.dir/src/gtest-all.cc.o
[13.348s] [ 28%] Linking CXX shared library libgtest.so
[13.442s] [ 28%] Built target gtest
[13.457s] Scanning dependencies of target visualization_msgs_generate_messages_py
[13.471s] [ 28%] Built target visualization_msgs_generate_messages_py
[13.486s] Scanning dependencies of target visualization_msgs_generate_messages_nodejs
[13.499s] [ 28%] Built target visualization_msgs_generate_messages_nodejs
[13.515s] Scanning dependencies of target tf2_msgs_generate_messages_nodejs
[13.529s] [ 28%] Built target tf2_msgs_generate_messages_nodejs
[13.544s] Scanning dependencies of target rosgraph_msgs_generate_messages_eus
[13.559s] [ 28%] Built target rosgraph_msgs_generate_messages_eus
[13.573s] Scanning dependencies of target jsk_recognition_msgs_generate_messages_lisp
[13.586s] [ 28%] Built target jsk_recognition_msgs_generate_messages_lisp
[13.600s] Scanning dependencies of target jsk_recognition_msgs_generate_messages_eus
[13.613s] [ 28%] Built target jsk_recognition_msgs_generate_messages_eus
[13.629s] Scanning dependencies of target tf2_msgs_generate_messages_cpp
[13.644s] [ 28%] Built target tf2_msgs_generate_messages_cpp
[13.660s] Scanning dependencies of target jsk_recognition_msgs_generate_messages_cpp
[13.675s] [ 28%] Built target jsk_recognition_msgs_generate_messages_cpp
[13.689s] Scanning dependencies of target autoware_msgs_generate_messages_eus
[13.703s] [ 28%] Built target autoware_msgs_generate_messages_eus
[13.718s] Scanning dependencies of target autoware_msgs_generate_messages_cpp
[13.732s] [ 28%] Built target autoware_msgs_generate_messages_cpp
[13.746s] Scanning dependencies of target rosgraph_msgs_generate_messages_cpp
[13.761s] [ 28%] Built target rosgraph_msgs_generate_messages_cpp
[13.776s] Scanning dependencies of target geometry_msgs_generate_messages_py
[13.790s] [ 28%] Built target geometry_msgs_generate_messages_py
[13.805s] Scanning dependencies of target geometry_msgs_generate_messages_lisp
[13.819s] [ 28%] Built target geometry_msgs_generate_messages_lisp
[13.833s] Scanning dependencies of target geometry_msgs_generate_messages_eus
[13.847s] [ 28%] Built target geometry_msgs_generate_messages_eus
[13.861s] Scanning dependencies of target autoware_msgs_generate_messages_lisp
[13.875s] [ 28%] Built target autoware_msgs_generate_messages_lisp
[13.888s] Scanning dependencies of target tf_generate_messages_nodejs
[13.902s] [ 28%] Built target tf_generate_messages_nodejs
[13.916s] Scanning dependencies of target jsk_recognition_msgs_generate_messages_py
[13.930s] [ 28%] Built target jsk_recognition_msgs_generate_messages_py
[13.944s] Scanning dependencies of target sensor_msgs_generate_messages_lisp
[13.958s] [ 28%] Built target sensor_msgs_generate_messages_lisp
[13.971s] Scanning dependencies of target autoware_msgs_generate_messages_py
[13.983s] [ 28%] Built target autoware_msgs_generate_messages_py
[13.996s] Scanning dependencies of target std_msgs_generate_messages_py
[14.009s] [ 28%] Built target std_msgs_generate_messages_py
[14.023s] Scanning dependencies of target std_msgs_generate_messages_cpp
[14.036s] [ 28%] Built target std_msgs_generate_messages_cpp
[14.049s] Scanning dependencies of target vector_map_msgs_generate_messages_nodejs
[14.062s] [ 28%] Built target vector_map_msgs_generate_messages_nodejs
[14.076s] Scanning dependencies of target jsk_footstep_msgs_generate_messages_py
[14.089s] [ 28%] Built target jsk_footstep_msgs_generate_messages_py
[14.102s] Scanning dependencies of target actionlib_msgs_generate_messages_nodejs
[14.115s] [ 28%] Built target actionlib_msgs_generate_messages_nodejs
[14.130s] Scanning dependencies of target autoware_msgs_generate_messages_nodejs
[14.144s] [ 28%] Built target autoware_msgs_generate_messages_nodejs
[14.160s] Scanning dependencies of target visualization_msgs_generate_messages_lisp
[14.174s] [ 28%] Built target visualization_msgs_generate_messages_lisp
[14.187s] Scanning dependencies of target std_msgs_generate_messages_eus
[14.200s] [ 28%] Built target std_msgs_generate_messages_eus
[14.214s] Scanning dependencies of target vector_map_msgs_generate_messages_py
[14.227s] [ 28%] Built target vector_map_msgs_generate_messages_py
[14.241s] Scanning dependencies of target vector_map_msgs_generate_messages_cpp
[14.255s] [ 28%] Built target vector_map_msgs_generate_messages_cpp
[14.269s] Scanning dependencies of target vector_map_msgs_generate_messages_eus
[14.282s] [ 28%] Built target vector_map_msgs_generate_messages_eus
[14.296s] Scanning dependencies of target visualization_msgs_generate_messages_eus
[14.309s] [ 28%] Built target visualization_msgs_generate_messages_eus
[14.324s] Scanning dependencies of target vector_map_server_generate_messages_cpp
[14.338s] [ 28%] Built target vector_map_server_generate_messages_cpp
[14.352s] Scanning dependencies of target geometry_msgs_generate_messages_nodejs
[14.365s] [ 28%] Built target geometry_msgs_generate_messages_nodejs
[14.379s] Scanning dependencies of target vector_map_msgs_generate_messages_lisp
[14.391s] [ 28%] Built target vector_map_msgs_generate_messages_lisp
[14.408s] Scanning dependencies of target sensor_msgs_generate_messages_cpp
[14.421s] [ 28%] Built target sensor_msgs_generate_messages_cpp
[14.435s] Scanning dependencies of target roscpp_generate_messages_nodejs
[14.448s] [ 28%] Built target roscpp_generate_messages_nodejs
[14.462s] Scanning dependencies of target std_msgs_generate_messages_lisp
[14.476s] [ 28%] Built target std_msgs_generate_messages_lisp
[14.490s] Scanning dependencies of target vector_map_server_generate_messages_nodejs
[14.504s] [ 28%] Built target vector_map_server_generate_messages_nodejs
[14.518s] Scanning dependencies of target std_msgs_generate_messages_nodejs
[14.532s] [ 28%] Built target std_msgs_generate_messages_nodejs
[14.545s] Scanning dependencies of target sensor_msgs_generate_messages_eus
[14.558s] [ 28%] Built target sensor_msgs_generate_messages_eus
[14.572s] Scanning dependencies of target sensor_msgs_generate_messages_nodejs
[14.586s] [ 28%] Built target sensor_msgs_generate_messages_nodejs
[14.599s] Scanning dependencies of target vector_map_server_generate_messages_eus
[14.613s] [ 28%] Built target vector_map_server_generate_messages_eus
[14.628s] Scanning dependencies of target roscpp_generate_messages_cpp
[14.644s] [ 28%] Built target roscpp_generate_messages_cpp
[14.659s] Scanning dependencies of target actionlib_generate_messages_cpp
[14.674s] [ 28%] Built target actionlib_generate_messages_cpp
[14.689s] Scanning dependencies of target sensor_msgs_generate_messages_py
[14.703s] [ 28%] Built target sensor_msgs_generate_messages_py
[14.718s] Scanning dependencies of target tf_generate_messages_py
[14.731s] [ 28%] Built target tf_generate_messages_py
[14.745s] Scanning dependencies of target pcl_msgs_generate_messages_cpp
[14.759s] [ 28%] Built target pcl_msgs_generate_messages_cpp
[14.804s] [ 71%] Built target op_utility
[14.820s] Scanning dependencies of target pcl_msgs_generate_messages_eus
[14.835s] [ 71%] Built target pcl_msgs_generate_messages_eus
[14.849s] Scanning dependencies of target pcl_msgs_generate_messages_nodejs
[14.863s] [ 71%] Built target pcl_msgs_generate_messages_nodejs
[14.878s] Scanning dependencies of target jsk_footstep_msgs_generate_messages_eus
[14.893s] [ 71%] Built target jsk_footstep_msgs_generate_messages_eus
[14.906s] Scanning dependencies of target actionlib_msgs_generate_messages_py
[14.921s] [ 71%] Built target actionlib_msgs_generate_messages_py
[14.936s] Scanning dependencies of target vector_map_server_generate_messages_lisp
[14.949s] [ 71%] Built target vector_map_server_generate_messages_lisp
[14.965s] Scanning dependencies of target jsk_footstep_msgs_generate_messages_lisp
[14.979s] [ 71%] Built target jsk_footstep_msgs_generate_messages_lisp
[14.994s] Scanning dependencies of target jsk_footstep_msgs_generate_messages_nodejs
[15.008s] [ 71%] Built target jsk_footstep_msgs_generate_messages_nodejs
[15.023s] Scanning dependencies of target actionlib_msgs_generate_messages_lisp
[15.037s] [ 71%] Built target actionlib_msgs_generate_messages_lisp
[15.052s] Scanning dependencies of target jsk_footstep_msgs_generate_messages_cpp
[15.067s] [ 71%] Built target jsk_footstep_msgs_generate_messages_cpp
[15.081s] Scanning dependencies of target actionlib_msgs_generate_messages_cpp
[15.095s] [ 71%] Built target actionlib_msgs_generate_messages_cpp
[15.110s] Scanning dependencies of target tf_generate_messages_eus
[15.125s] [ 71%] Built target tf_generate_messages_eus
[15.140s] Scanning dependencies of target tf_generate_messages_lisp
[15.154s] [ 71%] Built target tf_generate_messages_lisp
[15.170s] Scanning dependencies of target jsk_recognition_msgs_generate_messages_nodejs
[15.185s] [ 71%] Built target jsk_recognition_msgs_generate_messages_nodejs
[15.199s] Scanning dependencies of target roscpp_generate_messages_lisp
[15.213s] [ 71%] Built target roscpp_generate_messages_lisp
[15.228s] Scanning dependencies of target roscpp_generate_messages_py
[15.242s] [ 71%] Built target roscpp_generate_messages_py
[15.256s] Scanning dependencies of target rosgraph_msgs_generate_messages_lisp
[15.270s] [ 71%] Built target rosgraph_msgs_generate_messages_lisp
[15.284s] Scanning dependencies of target rosgraph_msgs_generate_messages_nodejs
[15.298s] [ 71%] Built target rosgraph_msgs_generate_messages_nodejs
[15.312s] Scanning dependencies of target roscpp_generate_messages_eus
[15.325s] [ 71%] Built target roscpp_generate_messages_eus
[15.340s] Scanning dependencies of target vector_map_server_generate_messages_py
[15.354s] [ 71%] Built target vector_map_server_generate_messages_py
[15.368s] Scanning dependencies of target actionlib_msgs_generate_messages_eus
[15.381s] [ 71%] Built target actionlib_msgs_generate_messages_eus
[15.395s] Scanning dependencies of target rosgraph_msgs_generate_messages_py
[15.408s] [ 71%] Built target rosgraph_msgs_generate_messages_py
[15.422s] Scanning dependencies of target pcl_msgs_generate_messages_py
[15.435s] [ 71%] Built target pcl_msgs_generate_messages_py
[15.449s] Scanning dependencies of target actionlib_generate_messages_eus
[15.462s] [ 71%] Built target actionlib_generate_messages_eus
[15.476s] Scanning dependencies of target geometry_msgs_generate_messages_cpp
[15.488s] [ 71%] Built target geometry_msgs_generate_messages_cpp
[15.502s] Scanning dependencies of target actionlib_generate_messages_lisp
[15.514s] [ 71%] Built target actionlib_generate_messages_lisp
[15.527s] Scanning dependencies of target pcl_msgs_generate_messages_lisp
[15.540s] [ 71%] Built target pcl_msgs_generate_messages_lisp
[15.553s] Scanning dependencies of target tf_generate_messages_cpp
[15.566s] [ 71%] Built target tf_generate_messages_cpp
[15.579s] Scanning dependencies of target actionlib_generate_messages_nodejs
[15.593s] [ 71%] Built target actionlib_generate_messages_nodejs
[15.606s] Scanning dependencies of target tf2_msgs_generate_messages_py
[15.619s] [ 71%] Built target tf2_msgs_generate_messages_py
[15.633s] Scanning dependencies of target actionlib_generate_messages_py
[15.646s] [ 71%] Built target actionlib_generate_messages_py
[15.660s] Scanning dependencies of target visualization_msgs_generate_messages_cpp
[15.678s] [ 71%] Built target visualization_msgs_generate_messages_cpp
[15.692s] Scanning dependencies of target tf2_msgs_generate_messages_eus
[15.705s] [ 71%] Built target tf2_msgs_generate_messages_eus
[15.717s] Scanning dependencies of target tf2_msgs_generate_messages_lisp
[15.730s] [ 71%] Built target tf2_msgs_generate_messages_lisp
[15.759s] Scanning dependencies of target test-op_utility
[15.779s] [ 85%] Building CXX object CMakeFiles/test-op_utility.dir/test/src/test_op_utility.cpp.o
[18.349s] [100%] Linking CXX executable devel/lib/op_utility/test-op_utility
[18.516s] [100%] Built target test-op_utility
[18.531s] Scanning dependencies of target tests
[18.546s] [100%] Built target tests
[18.563s] Invoked command in '/home/autoware/Autoware/build/op_utility' returned '0': CMAKE_PREFIX_PATH=/home/autoware/Autoware/install/vector_map_server:/home/autoware/Autoware/install/vector_map:/home/autoware/Autoware/install/vector_map_msgs:/home/autoware/Autoware/install/autoware_msgs:/home/autoware/Autoware/install/autoware_build_flags:${CMAKE_PREFIX_PATH} LD_LIBRARY_PATH=/home/autoware/Autoware/install/vector_map/lib:${LD_LIBRARY_PATH} PKG_CONFIG_PATH=/home/autoware/Autoware/install/vector_map_server/lib/x86_64-linux-gnu/pkgconfig:/home/autoware/Autoware/install/vector_map_server/lib/pkgconfig:/home/autoware/Autoware/install/vector_map/lib/x86_64-linux-gnu/pkgconfig:/home/autoware/Autoware/install/vector_map/lib/pkgconfig:/home/autoware/Autoware/install/vector_map_msgs/lib/x86_64-linux-gnu/pkgconfig:/home/autoware/Autoware/install/vector_map_msgs/lib/pkgconfig:/home/autoware/Autoware/install/autoware_msgs/lib/x86_64-linux-gnu/pkgconfig:/home/autoware/Autoware/install/autoware_msgs/lib/pkgconfig:/home/autoware/Autoware/install/autoware_build_flags/lib/x86_64-linux-gnu/pkgconfig:/home/autoware/Autoware/install/autoware_build_flags/lib/pkgconfig:${PKG_CONFIG_PATH} PYTHONPATH=/home/autoware/Autoware/install/vector_map_server/lib/python2.7/dist-packages:/home/autoware/Autoware/install/vector_map_msgs/lib/python2.7/dist-packages:/home/autoware/Autoware/install/autoware_msgs/lib/python2.7/dist-packages:${PYTHONPATH} ROS_PACKAGE_PATH=/home/autoware/Autoware/install/vector_map_server/share:/home/autoware/Autoware/install/vector_map/share:/home/autoware/Autoware/install/vector_map_msgs/share:/home/autoware/Autoware/install/autoware_msgs/share:/home/autoware/Autoware/install/autoware_build_flags/share:${ROS_PACKAGE_PATH} /usr/bin/cmake --build /home/autoware/Autoware/build/op_utility --target tests -- -j2 -l2
[18.704s] Invoking command in '/home/autoware/Autoware/build/op_utility': CMAKE_PREFIX_PATH=/home/autoware/Autoware/install/vector_map_server:/home/autoware/Autoware/install/vector_map:/home/autoware/Autoware/install/vector_map_msgs:/home/autoware/Autoware/install/autoware_msgs:/home/autoware/Autoware/install/autoware_build_flags:${CMAKE_PREFIX_PATH} LD_LIBRARY_PATH=/home/autoware/Autoware/install/vector_map/lib:${LD_LIBRARY_PATH} PKG_CONFIG_PATH=/home/autoware/Autoware/install/vector_map_server/lib/x86_64-linux-gnu/pkgconfig:/home/autoware/Autoware/install/vector_map_server/lib/pkgconfig:/home/autoware/Autoware/install/vector_map/lib/x86_64-linux-gnu/pkgconfig:/home/autoware/Autoware/install/vector_map/lib/pkgconfig:/home/autoware/Autoware/install/vector_map_msgs/lib/x86_64-linux-gnu/pkgconfig:/home/autoware/Autoware/install/vector_map_msgs/lib/pkgconfig:/home/autoware/Autoware/install/autoware_msgs/lib/x86_64-linux-gnu/pkgconfig:/home/autoware/Autoware/install/autoware_msgs/lib/pkgconfig:/home/autoware/Autoware/install/autoware_build_flags/lib/x86_64-linux-gnu/pkgconfig:/home/autoware/Autoware/install/autoware_build_flags/lib/pkgconfig:${PKG_CONFIG_PATH} PYTHONPATH=/home/autoware/Autoware/install/vector_map_server/lib/python2.7/dist-packages:/home/autoware/Autoware/install/vector_map_msgs/lib/python2.7/dist-packages:/home/autoware/Autoware/install/autoware_msgs/lib/python2.7/dist-packages:${PYTHONPATH} ROS_PACKAGE_PATH=/home/autoware/Autoware/install/vector_map_server/share:/home/autoware/Autoware/install/vector_map/share:/home/autoware/Autoware/install/vector_map_msgs/share:/home/autoware/Autoware/install/autoware_msgs/share:/home/autoware/Autoware/install/autoware_build_flags/share:${ROS_PACKAGE_PATH} /usr/bin/cmake --build /home/autoware/Autoware/build/op_utility --target install -- -j2 -l2
[18.783s] [100%] Built target op_utility
[18.812s] Install the project...
[18.824s] -- Install configuration: "Release"
[18.824s] -- Installing: /home/autoware/Autoware/install/op_utility/lib/pkgconfig/op_utility.pc
[18.825s] -- Installing: /home/autoware/Autoware/install/op_utility/share/op_utility/cmake/op_utilityConfig.cmake
[18.825s] -- Installing: /home/autoware/Autoware/install/op_utility/share/op_utility/cmake/op_utilityConfig-version.cmake
[18.826s] -- Installing: /home/autoware/Autoware/install/op_utility/share/op_utility/package.xml
[18.826s] -- Installing: /home/autoware/Autoware/install/op_utility/include/op_utility
[18.826s] -- Installing: /home/autoware/Autoware/install/op_utility/include/op_utility/UtilityH.h
[18.827s] -- Installing: /home/autoware/Autoware/install/op_utility/include/op_utility/DataRW.h
[18.827s] -- Installing: /home/autoware/Autoware/install/op_utility/lib/libop_utility.so
[18.828s] -- Set runtime path of "/home/autoware/Autoware/install/op_utility/lib/libop_utility.so" to ""
[18.836s] Invoked command in '/home/autoware/Autoware/build/op_utility' returned '0': CMAKE_PREFIX_PATH=/home/autoware/Autoware/install/vector_map_server:/home/autoware/Autoware/install/vector_map:/home/autoware/Autoware/install/vector_map_msgs:/home/autoware/Autoware/install/autoware_msgs:/home/autoware/Autoware/install/autoware_build_flags:${CMAKE_PREFIX_PATH} LD_LIBRARY_PATH=/home/autoware/Autoware/install/vector_map/lib:${LD_LIBRARY_PATH} PKG_CONFIG_PATH=/home/autoware/Autoware/install/vector_map_server/lib/x86_64-linux-gnu/pkgconfig:/home/autoware/Autoware/install/vector_map_server/lib/pkgconfig:/home/autoware/Autoware/install/vector_map/lib/x86_64-linux-gnu/pkgconfig:/home/autoware/Autoware/install/vector_map/lib/pkgconfig:/home/autoware/Autoware/install/vector_map_msgs/lib/x86_64-linux-gnu/pkgconfig:/home/autoware/Autoware/install/vector_map_msgs/lib/pkgconfig:/home/autoware/Autoware/install/autoware_msgs/lib/x86_64-linux-gnu/pkgconfig:/home/autoware/Autoware/install/autoware_msgs/lib/pkgconfig:/home/autoware/Autoware/install/autoware_build_flags/lib/x86_64-linux-gnu/pkgconfig:/home/autoware/Autoware/install/autoware_build_flags/lib/pkgconfig:${PKG_CONFIG_PATH} PYTHONPATH=/home/autoware/Autoware/install/vector_map_server/lib/python2.7/dist-packages:/home/autoware/Autoware/install/vector_map_msgs/lib/python2.7/dist-packages:/home/autoware/Autoware/install/autoware_msgs/lib/python2.7/dist-packages:${PYTHONPATH} ROS_PACKAGE_PATH=/home/autoware/Autoware/install/vector_map_server/share:/home/autoware/Autoware/install/vector_map/share:/home/autoware/Autoware/install/vector_map_msgs/share:/home/autoware/Autoware/install/autoware_msgs/share:/home/autoware/Autoware/install/autoware_build_flags/share:${ROS_PACKAGE_PATH} /usr/bin/cmake --build /home/autoware/Autoware/build/op_utility --target install -- -j2 -l2
