Determining if the pthread_create exist failed with the following output:
Change Dir: /home/autoware/Autoware/build/ros_observer/CMakeFiles/CMakeTmp

Run Build Command:"/usr/bin/make" "cmTC_be57d/fast"
/usr/bin/make -f CMakeFiles/cmTC_be57d.dir/build.make CMakeFiles/cmTC_be57d.dir/build
make[1]: Entering directory '/home/autoware/Autoware/build/ros_observer/CMakeFiles/CMakeTmp'
Building C object CMakeFiles/cmTC_be57d.dir/CheckSymbolExists.c.o
/usr/bin/cc    -o CMakeFiles/cmTC_be57d.dir/CheckSymbolExists.c.o   -c /home/autoware/Autoware/build/ros_observer/CMakeFiles/CMakeTmp/CheckSymbolExists.c
Linking C executable cmTC_be57d
/usr/bin/cmake -E cmake_link_script CMakeFiles/cmTC_be57d.dir/link.txt --verbose=1
/usr/bin/cc      -rdynamic CMakeFiles/cmTC_be57d.dir/CheckSymbolExists.c.o  -o cmTC_be57d 
CMakeFiles/cmTC_be57d.dir/CheckSymbolExists.c.o: In function `main':
CheckSymbolExists.c:(.text+0x1b): undefined reference to `pthread_create'
collect2: error: ld returned 1 exit status
CMakeFiles/cmTC_be57d.dir/build.make:97: recipe for target 'cmTC_be57d' failed
make[1]: *** [cmTC_be57d] Error 1
make[1]: Leaving directory '/home/autoware/Autoware/build/ros_observer/CMakeFiles/CMakeTmp'
Makefile:126: recipe for target 'cmTC_be57d/fast' failed
make: *** [cmTC_be57d/fast] Error 2

File /home/autoware/Autoware/build/ros_observer/CMakeFiles/CMakeTmp/CheckSymbolExists.c:
/* */
#include <pthread.h>

int main(int argc, char** argv)
{
  (void)argv;
#ifndef pthread_create
  return ((int*)(&pthread_create))[argc];
#else
  (void)argc;
  return 0;
#endif
}

Determining if the function pthread_create exists in the pthreads failed with the following output:
Change Dir: /home/autoware/Autoware/build/ros_observer/CMakeFiles/CMakeTmp

Run Build Command:"/usr/bin/make" "cmTC_07025/fast"
/usr/bin/make -f CMakeFiles/cmTC_07025.dir/build.make CMakeFiles/cmTC_07025.dir/build
make[1]: Entering directory '/home/autoware/Autoware/build/ros_observer/CMakeFiles/CMakeTmp'
Building C object CMakeFiles/cmTC_07025.dir/CheckFunctionExists.c.o
/usr/bin/cc   -DCHECK_FUNCTION_EXISTS=pthread_create   -o CMakeFiles/cmTC_07025.dir/CheckFunctionExists.c.o   -c /usr/share/cmake-3.10/Modules/CheckFunctionExists.c
Linking C executable cmTC_07025
/usr/bin/cmake -E cmake_link_script CMakeFiles/cmTC_07025.dir/link.txt --verbose=1
/usr/bin/cc  -DCHECK_FUNCTION_EXISTS=pthread_create    -rdynamic CMakeFiles/cmTC_07025.dir/CheckFunctionExists.c.o  -o cmTC_07025 -lpthreads 
/usr/bin/ld: cannot find -lpthreads
collect2: error: ld returned 1 exit status
CMakeFiles/cmTC_07025.dir/build.make:97: recipe for target 'cmTC_07025' failed
make[1]: *** [cmTC_07025] Error 1
make[1]: Leaving directory '/home/autoware/Autoware/build/ros_observer/CMakeFiles/CMakeTmp'
Makefile:126: recipe for target 'cmTC_07025/fast' failed
make: *** [cmTC_07025/fast] Error 2


