Determining if the pthread_create exist failed with the following output:
Change Dir: /home/autoware/Autoware/build/vector_map_server/CMakeFiles/CMakeTmp

Run Build Command:"/usr/bin/make" "cmTC_409c8/fast"
/usr/bin/make -f CMakeFiles/cmTC_409c8.dir/build.make CMakeFiles/cmTC_409c8.dir/build
make[1]: Entering directory '/home/autoware/Autoware/build/vector_map_server/CMakeFiles/CMakeTmp'
Building C object CMakeFiles/cmTC_409c8.dir/CheckSymbolExists.c.o
/usr/bin/cc    -o CMakeFiles/cmTC_409c8.dir/CheckSymbolExists.c.o   -c /home/autoware/Autoware/build/vector_map_server/CMakeFiles/CMakeTmp/CheckSymbolExists.c
Linking C executable cmTC_409c8
/usr/bin/cmake -E cmake_link_script CMakeFiles/cmTC_409c8.dir/link.txt --verbose=1
/usr/bin/cc      -rdynamic CMakeFiles/cmTC_409c8.dir/CheckSymbolExists.c.o  -o cmTC_409c8 
CMakeFiles/cmTC_409c8.dir/CheckSymbolExists.c.o: In function `main':
CheckSymbolExists.c:(.text+0x1b): undefined reference to `pthread_create'
collect2: error: ld returned 1 exit status
CMakeFiles/cmTC_409c8.dir/build.make:97: recipe for target 'cmTC_409c8' failed
make[1]: *** [cmTC_409c8] Error 1
make[1]: Leaving directory '/home/autoware/Autoware/build/vector_map_server/CMakeFiles/CMakeTmp'
Makefile:126: recipe for target 'cmTC_409c8/fast' failed
make: *** [cmTC_409c8/fast] Error 2

File /home/autoware/Autoware/build/vector_map_server/CMakeFiles/CMakeTmp/CheckSymbolExists.c:
/* */
#include <pthread.h>

int main(int argc, char** argv)
{
  (void)argv;
#ifndef pthread_create
  return ((int*)(&pthread_create))[argc];
#else
  (void)argc;
  return 0;
#endif
}

Determining if the function pthread_create exists in the pthreads failed with the following output:
Change Dir: /home/autoware/Autoware/build/vector_map_server/CMakeFiles/CMakeTmp

Run Build Command:"/usr/bin/make" "cmTC_46e96/fast"
/usr/bin/make -f CMakeFiles/cmTC_46e96.dir/build.make CMakeFiles/cmTC_46e96.dir/build
make[1]: Entering directory '/home/autoware/Autoware/build/vector_map_server/CMakeFiles/CMakeTmp'
Building C object CMakeFiles/cmTC_46e96.dir/CheckFunctionExists.c.o
/usr/bin/cc   -DCHECK_FUNCTION_EXISTS=pthread_create   -o CMakeFiles/cmTC_46e96.dir/CheckFunctionExists.c.o   -c /usr/share/cmake-3.10/Modules/CheckFunctionExists.c
Linking C executable cmTC_46e96
/usr/bin/cmake -E cmake_link_script CMakeFiles/cmTC_46e96.dir/link.txt --verbose=1
/usr/bin/cc  -DCHECK_FUNCTION_EXISTS=pthread_create    -rdynamic CMakeFiles/cmTC_46e96.dir/CheckFunctionExists.c.o  -o cmTC_46e96 -lpthreads 
/usr/bin/ld: cannot find -lpthreads
collect2: error: ld returned 1 exit status
CMakeFiles/cmTC_46e96.dir/build.make:97: recipe for target 'cmTC_46e96' failed
make[1]: *** [cmTC_46e96] Error 1
make[1]: Leaving directory '/home/autoware/Autoware/build/vector_map_server/CMakeFiles/CMakeTmp'
Makefile:126: recipe for target 'cmTC_46e96/fast' failed
make: *** [cmTC_46e96/fast] Error 2


