-- The C compiler identification is GNU 7.5.0
-- The CXX compiler identification is GNU 7.5.0
-- Check for working C compiler: /usr/bin/cc
-- Check for working C compiler: /usr/bin/cc -- works
-- Detecting C compiler ABI info
-- Detecting C compiler ABI info - done
-- Detecting C compile features
-- Detecting C compile features - done
-- Check for working CXX compiler: /usr/bin/c++
-- Check for working CXX compiler: /usr/bin/c++ -- works
-- Detecting CXX compiler ABI info
-- Detecting CXX compiler ABI info - done
-- Detecting CXX compile features
-- Detecting CXX compile features - done
-- Using CATKIN_DEVEL_PREFIX: /home/autoware/Autoware/build/autoware_system_msgs/devel
-- Using CMAKE_PREFIX_PATH: /opt/ros/melodic
-- This workspace overlays: /opt/ros/melodic
-- Found PythonInterp: /usr/bin/python2 (found suitable version "2.7.17", minimum required is "2") 
-- Using PYTHON_EXECUTABLE: /usr/bin/python2
-- Using Debian Python package layout
-- Using empy: /usr/bin/empy
-- Using CATKIN_ENABLE_TESTING: ON
-- Call enable_testing()
-- Using CATKIN_TEST_RESULTS_DIR: /home/autoware/Autoware/build/autoware_system_msgs/test_results
-- Found gtest sources under '/usr/src/googletest': gtests will be built
-- Found gmock sources under '/usr/src/googletest': gmock will be built
-- Found PythonInterp: /usr/bin/python2 (found version "2.7.17") 
-- Looking for pthread.h
-- Looking for pthread.h - found
-- Looking for pthread_create
-- Looking for pthread_create - not found
-- Looking for pthread_create in pthreads
-- Looking for pthread_create in pthreads - not found
-- Looking for pthread_create in pthread
-- Looking for pthread_create in pthread - found
-- Found Threads: TRUE  
-- Using Python nosetests: /usr/bin/nosetests-2.7
-- catkin 0.7.26
-- BUILD_SHARED_LIBS is on
-- Using these message generators: gencpp;geneus;genlisp;gennodejs;genpy
-- autoware_system_msgs: 5 messages, 0 services
-- Configuring done
-- Generating done
-- Build files have been written to: /home/autoware/Autoware/build/autoware_system_msgs
Scanning dependencies of target _autoware_system_msgs_generate_messages_check_deps_DiagnosticStatus
[  0%] Built target _autoware_system_msgs_generate_messages_check_deps_DiagnosticStatus
Scanning dependencies of target _autoware_system_msgs_generate_messages_check_deps_SystemStatus
[  0%] Built target _autoware_system_msgs_generate_messages_check_deps_SystemStatus
Scanning dependencies of target std_msgs_generate_messages_lisp
[  0%] Built target std_msgs_generate_messages_lisp
Scanning dependencies of target rosgraph_msgs_generate_messages_lisp
[  0%] Built target rosgraph_msgs_generate_messages_lisp
Scanning dependencies of target _autoware_system_msgs_generate_messages_check_deps_NodeStatus
[  0%] Built target _autoware_system_msgs_generate_messages_check_deps_NodeStatus
Scanning dependencies of target _autoware_system_msgs_generate_messages_check_deps_DiagnosticStatusArray
[  0%] Built target _autoware_system_msgs_generate_messages_check_deps_DiagnosticStatusArray
Scanning dependencies of target _autoware_system_msgs_generate_messages_check_deps_HardwareStatus
[  0%] Built target _autoware_system_msgs_generate_messages_check_deps_HardwareStatus
Scanning dependencies of target rosgraph_msgs_generate_messages_cpp
[  0%] Built target rosgraph_msgs_generate_messages_cpp
Scanning dependencies of target std_msgs_generate_messages_cpp
[  0%] Built target std_msgs_generate_messages_cpp
Scanning dependencies of target std_msgs_generate_messages_py
[  0%] Built target std_msgs_generate_messages_py
Scanning dependencies of target rosgraph_msgs_generate_messages_py
[  0%] Built target rosgraph_msgs_generate_messages_py
Scanning dependencies of target std_msgs_generate_messages_nodejs
[  0%] Built target std_msgs_generate_messages_nodejs
Scanning dependencies of target rosgraph_msgs_generate_messages_nodejs
[  0%] Built target rosgraph_msgs_generate_messages_nodejs
Scanning dependencies of target rosgraph_msgs_generate_messages_eus
[  0%] Built target rosgraph_msgs_generate_messages_eus
Scanning dependencies of target std_msgs_generate_messages_eus
[  0%] Built target std_msgs_generate_messages_eus
Scanning dependencies of target autoware_system_msgs_generate_messages_lisp
[  3%] Generating Lisp code from autoware_system_msgs/NodeStatus.msg
[  7%] Generating Lisp code from autoware_system_msgs/DiagnosticStatusArray.msg
[ 11%] Generating Lisp code from autoware_system_msgs/HardwareStatus.msg
[ 14%] Generating Lisp code from autoware_system_msgs/SystemStatus.msg
[ 18%] Generating Lisp code from autoware_system_msgs/DiagnosticStatus.msg
[ 18%] Built target autoware_system_msgs_generate_messages_lisp
Scanning dependencies of target autoware_system_msgs_generate_messages_cpp
[ 22%] Generating C++ code from autoware_system_msgs/NodeStatus.msg
[ 25%] Generating C++ code from autoware_system_msgs/DiagnosticStatusArray.msg
[ 29%] Generating C++ code from autoware_system_msgs/HardwareStatus.msg
[ 33%] Generating C++ code from autoware_system_msgs/SystemStatus.msg
[ 37%] Generating C++ code from autoware_system_msgs/DiagnosticStatus.msg
[ 37%] Built target autoware_system_msgs_generate_messages_cpp
Scanning dependencies of target autoware_system_msgs_generate_messages_py
[ 40%] Generating Python from MSG autoware_system_msgs/NodeStatus
[ 44%] Generating Python from MSG autoware_system_msgs/DiagnosticStatusArray
[ 48%] Generating Python from MSG autoware_system_msgs/HardwareStatus
[ 51%] Generating Python from MSG autoware_system_msgs/SystemStatus
[ 55%] Generating Python from MSG autoware_system_msgs/DiagnosticStatus
[ 59%] Generating Python msg __init__.py for autoware_system_msgs
[ 59%] Built target autoware_system_msgs_generate_messages_py
Scanning dependencies of target autoware_system_msgs_generate_messages_nodejs
[ 62%] Generating Javascript code from autoware_system_msgs/NodeStatus.msg
[ 66%] Generating Javascript code from autoware_system_msgs/DiagnosticStatusArray.msg
[ 70%] Generating Javascript code from autoware_system_msgs/HardwareStatus.msg
[ 74%] Generating Javascript code from autoware_system_msgs/SystemStatus.msg
[ 77%] Generating Javascript code from autoware_system_msgs/DiagnosticStatus.msg
[ 77%] Built target autoware_system_msgs_generate_messages_nodejs
Scanning dependencies of target autoware_system_msgs_generate_messages_eus
[ 81%] Generating EusLisp code from autoware_system_msgs/NodeStatus.msg
[ 85%] Generating EusLisp code from autoware_system_msgs/DiagnosticStatusArray.msg
[ 88%] Generating EusLisp code from autoware_system_msgs/HardwareStatus.msg
[ 92%] Generating EusLisp code from autoware_system_msgs/SystemStatus.msg
[ 96%] Generating EusLisp code from autoware_system_msgs/DiagnosticStatus.msg
[100%] Generating EusLisp manifest code for autoware_system_msgs
[100%] Built target autoware_system_msgs_generate_messages_eus
Scanning dependencies of target autoware_system_msgs_generate_messages
[100%] Built target autoware_system_msgs_generate_messages
Scanning dependencies of target tests
Built target tests
[  0%] Built target _autoware_system_msgs_generate_messages_check_deps_DiagnosticStatus
[  0%] Built target _autoware_system_msgs_generate_messages_check_deps_SystemStatus
[  0%] Built target std_msgs_generate_messages_lisp
[  0%] Built target rosgraph_msgs_generate_messages_lisp
[  0%] Built target _autoware_system_msgs_generate_messages_check_deps_NodeStatus
[  0%] Built target _autoware_system_msgs_generate_messages_check_deps_DiagnosticStatusArray
[  0%] Built target rosgraph_msgs_generate_messages_cpp
[  0%] Built target _autoware_system_msgs_generate_messages_check_deps_HardwareStatus
[  0%] Built target std_msgs_generate_messages_cpp
[  0%] Built target std_msgs_generate_messages_py
[  0%] Built target rosgraph_msgs_generate_messages_py
[  0%] Built target rosgraph_msgs_generate_messages_nodejs
[  0%] Built target rosgraph_msgs_generate_messages_eus
[  0%] Built target std_msgs_generate_messages_nodejs
[  0%] Built target std_msgs_generate_messages_eus
[ 18%] Built target autoware_system_msgs_generate_messages_lisp
[ 37%] Built target autoware_system_msgs_generate_messages_cpp
[ 59%] Built target autoware_system_msgs_generate_messages_py
[ 81%] Built target autoware_system_msgs_generate_messages_eus
[100%] Built target autoware_system_msgs_generate_messages_nodejs
[100%] Built target autoware_system_msgs_generate_messages
Install the project...
-- Install configuration: "Release"
-- Installing: /home/autoware/Autoware/install/autoware_system_msgs/share/autoware_system_msgs/msg/DiagnosticStatus.msg
-- Installing: /home/autoware/Autoware/install/autoware_system_msgs/share/autoware_system_msgs/msg/DiagnosticStatusArray.msg
-- Installing: /home/autoware/Autoware/install/autoware_system_msgs/share/autoware_system_msgs/msg/HardwareStatus.msg
-- Installing: /home/autoware/Autoware/install/autoware_system_msgs/share/autoware_system_msgs/msg/NodeStatus.msg
-- Installing: /home/autoware/Autoware/install/autoware_system_msgs/share/autoware_system_msgs/msg/SystemStatus.msg
-- Installing: /home/autoware/Autoware/install/autoware_system_msgs/share/autoware_system_msgs/cmake/autoware_system_msgs-msg-paths.cmake
-- Installing: /home/autoware/Autoware/install/autoware_system_msgs/include/autoware_system_msgs
-- Installing: /home/autoware/Autoware/install/autoware_system_msgs/include/autoware_system_msgs/DiagnosticStatusArray.h
-- Installing: /home/autoware/Autoware/install/autoware_system_msgs/include/autoware_system_msgs/DiagnosticStatus.h
-- Installing: /home/autoware/Autoware/install/autoware_system_msgs/include/autoware_system_msgs/SystemStatus.h
-- Installing: /home/autoware/Autoware/install/autoware_system_msgs/include/autoware_system_msgs/HardwareStatus.h
-- Installing: /home/autoware/Autoware/install/autoware_system_msgs/include/autoware_system_msgs/NodeStatus.h
-- Installing: /home/autoware/Autoware/install/autoware_system_msgs/share/roseus/ros/autoware_system_msgs
-- Installing: /home/autoware/Autoware/install/autoware_system_msgs/share/roseus/ros/autoware_system_msgs/msg
-- Installing: /home/autoware/Autoware/install/autoware_system_msgs/share/roseus/ros/autoware_system_msgs/msg/DiagnosticStatusArray.l
-- Installing: /home/autoware/Autoware/install/autoware_system_msgs/share/roseus/ros/autoware_system_msgs/msg/HardwareStatus.l
-- Installing: /home/autoware/Autoware/install/autoware_system_msgs/share/roseus/ros/autoware_system_msgs/msg/DiagnosticStatus.l
-- Installing: /home/autoware/Autoware/install/autoware_system_msgs/share/roseus/ros/autoware_system_msgs/msg/NodeStatus.l
-- Installing: /home/autoware/Autoware/install/autoware_system_msgs/share/roseus/ros/autoware_system_msgs/msg/SystemStatus.l
-- Installing: /home/autoware/Autoware/install/autoware_system_msgs/share/roseus/ros/autoware_system_msgs/manifest.l
-- Installing: /home/autoware/Autoware/install/autoware_system_msgs/share/common-lisp/ros/autoware_system_msgs
-- Installing: /home/autoware/Autoware/install/autoware_system_msgs/share/common-lisp/ros/autoware_system_msgs/msg
-- Installing: /home/autoware/Autoware/install/autoware_system_msgs/share/common-lisp/ros/autoware_system_msgs/msg/_package_NodeStatus.lisp
-- Installing: /home/autoware/Autoware/install/autoware_system_msgs/share/common-lisp/ros/autoware_system_msgs/msg/_package_SystemStatus.lisp
-- Installing: /home/autoware/Autoware/install/autoware_system_msgs/share/common-lisp/ros/autoware_system_msgs/msg/_package.lisp
-- Installing: /home/autoware/Autoware/install/autoware_system_msgs/share/common-lisp/ros/autoware_system_msgs/msg/autoware_system_msgs-msg.asd
-- Installing: /home/autoware/Autoware/install/autoware_system_msgs/share/common-lisp/ros/autoware_system_msgs/msg/_package_DiagnosticStatus.lisp
-- Installing: /home/autoware/Autoware/install/autoware_system_msgs/share/common-lisp/ros/autoware_system_msgs/msg/DiagnosticStatusArray.lisp
-- Installing: /home/autoware/Autoware/install/autoware_system_msgs/share/common-lisp/ros/autoware_system_msgs/msg/SystemStatus.lisp
-- Installing: /home/autoware/Autoware/install/autoware_system_msgs/share/common-lisp/ros/autoware_system_msgs/msg/NodeStatus.lisp
-- Installing: /home/autoware/Autoware/install/autoware_system_msgs/share/common-lisp/ros/autoware_system_msgs/msg/_package_DiagnosticStatusArray.lisp
-- Installing: /home/autoware/Autoware/install/autoware_system_msgs/share/common-lisp/ros/autoware_system_msgs/msg/DiagnosticStatus.lisp
-- Installing: /home/autoware/Autoware/install/autoware_system_msgs/share/common-lisp/ros/autoware_system_msgs/msg/_package_HardwareStatus.lisp
-- Installing: /home/autoware/Autoware/install/autoware_system_msgs/share/common-lisp/ros/autoware_system_msgs/msg/HardwareStatus.lisp
-- Installing: /home/autoware/Autoware/install/autoware_system_msgs/share/gennodejs/ros/autoware_system_msgs
-- Installing: /home/autoware/Autoware/install/autoware_system_msgs/share/gennodejs/ros/autoware_system_msgs/msg
-- Installing: /home/autoware/Autoware/install/autoware_system_msgs/share/gennodejs/ros/autoware_system_msgs/msg/DiagnosticStatus.js
-- Installing: /home/autoware/Autoware/install/autoware_system_msgs/share/gennodejs/ros/autoware_system_msgs/msg/DiagnosticStatusArray.js
-- Installing: /home/autoware/Autoware/install/autoware_system_msgs/share/gennodejs/ros/autoware_system_msgs/msg/SystemStatus.js
-- Installing: /home/autoware/Autoware/install/autoware_system_msgs/share/gennodejs/ros/autoware_system_msgs/msg/_index.js
-- Installing: /home/autoware/Autoware/install/autoware_system_msgs/share/gennodejs/ros/autoware_system_msgs/msg/NodeStatus.js
-- Installing: /home/autoware/Autoware/install/autoware_system_msgs/share/gennodejs/ros/autoware_system_msgs/msg/HardwareStatus.js
-- Installing: /home/autoware/Autoware/install/autoware_system_msgs/share/gennodejs/ros/autoware_system_msgs/_index.js
Listing /home/autoware/Autoware/build/autoware_system_msgs/devel/lib/python2.7/dist-packages/autoware_system_msgs ...
Compiling /home/autoware/Autoware/build/autoware_system_msgs/devel/lib/python2.7/dist-packages/autoware_system_msgs/__init__.py ...
Listing /home/autoware/Autoware/build/autoware_system_msgs/devel/lib/python2.7/dist-packages/autoware_system_msgs/msg ...
Compiling /home/autoware/Autoware/build/autoware_system_msgs/devel/lib/python2.7/dist-packages/autoware_system_msgs/msg/_DiagnosticStatus.py ...
Compiling /home/autoware/Autoware/build/autoware_system_msgs/devel/lib/python2.7/dist-packages/autoware_system_msgs/msg/_DiagnosticStatusArray.py ...
Compiling /home/autoware/Autoware/build/autoware_system_msgs/devel/lib/python2.7/dist-packages/autoware_system_msgs/msg/_HardwareStatus.py ...
Compiling /home/autoware/Autoware/build/autoware_system_msgs/devel/lib/python2.7/dist-packages/autoware_system_msgs/msg/_NodeStatus.py ...
Compiling /home/autoware/Autoware/build/autoware_system_msgs/devel/lib/python2.7/dist-packages/autoware_system_msgs/msg/_SystemStatus.py ...
Compiling /home/autoware/Autoware/build/autoware_system_msgs/devel/lib/python2.7/dist-packages/autoware_system_msgs/msg/__init__.py ...
-- Installing: /home/autoware/Autoware/install/autoware_system_msgs/lib/python2.7/dist-packages/autoware_system_msgs
-- Installing: /home/autoware/Autoware/install/autoware_system_msgs/lib/python2.7/dist-packages/autoware_system_msgs/msg
-- Installing: /home/autoware/Autoware/install/autoware_system_msgs/lib/python2.7/dist-packages/autoware_system_msgs/msg/_NodeStatus.py
-- Installing: /home/autoware/Autoware/install/autoware_system_msgs/lib/python2.7/dist-packages/autoware_system_msgs/msg/_HardwareStatus.py
-- Installing: /home/autoware/Autoware/install/autoware_system_msgs/lib/python2.7/dist-packages/autoware_system_msgs/msg/__init__.pyc
-- Installing: /home/autoware/Autoware/install/autoware_system_msgs/lib/python2.7/dist-packages/autoware_system_msgs/msg/_HardwareStatus.pyc
-- Installing: /home/autoware/Autoware/install/autoware_system_msgs/lib/python2.7/dist-packages/autoware_system_msgs/msg/_SystemStatus.pyc
-- Installing: /home/autoware/Autoware/install/autoware_system_msgs/lib/python2.7/dist-packages/autoware_system_msgs/msg/_DiagnosticStatusArray.pyc
-- Installing: /home/autoware/Autoware/install/autoware_system_msgs/lib/python2.7/dist-packages/autoware_system_msgs/msg/_DiagnosticStatusArray.py
-- Installing: /home/autoware/Autoware/install/autoware_system_msgs/lib/python2.7/dist-packages/autoware_system_msgs/msg/_DiagnosticStatus.py
-- Installing: /home/autoware/Autoware/install/autoware_system_msgs/lib/python2.7/dist-packages/autoware_system_msgs/msg/_SystemStatus.py
-- Installing: /home/autoware/Autoware/install/autoware_system_msgs/lib/python2.7/dist-packages/autoware_system_msgs/msg/__init__.py
-- Installing: /home/autoware/Autoware/install/autoware_system_msgs/lib/python2.7/dist-packages/autoware_system_msgs/msg/_DiagnosticStatus.pyc
-- Installing: /home/autoware/Autoware/install/autoware_system_msgs/lib/python2.7/dist-packages/autoware_system_msgs/msg/_NodeStatus.pyc
-- Installing: /home/autoware/Autoware/install/autoware_system_msgs/lib/python2.7/dist-packages/autoware_system_msgs/__init__.pyc
-- Installing: /home/autoware/Autoware/install/autoware_system_msgs/lib/python2.7/dist-packages/autoware_system_msgs/__init__.py
-- Installing: /home/autoware/Autoware/install/autoware_system_msgs/lib/pkgconfig/autoware_system_msgs.pc
-- Installing: /home/autoware/Autoware/install/autoware_system_msgs/share/autoware_system_msgs/cmake/autoware_system_msgs-msg-extras.cmake
-- Installing: /home/autoware/Autoware/install/autoware_system_msgs/share/autoware_system_msgs/cmake/autoware_system_msgsConfig.cmake
-- Installing: /home/autoware/Autoware/install/autoware_system_msgs/share/autoware_system_msgs/cmake/autoware_system_msgsConfig-version.cmake
-- Installing: /home/autoware/Autoware/install/autoware_system_msgs/share/autoware_system_msgs/package.xml
