[0.011s] Invoking command in '/home/autoware/Autoware/build/autoware_system_msgs': /usr/bin/cmake /home/autoware/Autoware/src/autoware/messages/autoware_system_msgs -DCMAKE_BUILD_TYPE=Release -DCATKIN_INSTALL_INTO_PREFIX_ROOT=0 -DCMAKE_INSTALL_PREFIX=/home/autoware/Autoware/install/autoware_system_msgs
[0.095s] -- The C compiler identification is GNU 7.5.0
[0.168s] -- The CXX compiler identification is GNU 7.5.0
[0.175s] -- Check for working C compiler: /usr/bin/cc
[0.263s] -- Check for working C compiler: /usr/bin/cc -- works
[0.264s] -- Detecting C compiler ABI info
[0.351s] -- Detecting C compiler ABI info - done
[0.355s] -- Detecting C compile features
[0.657s] -- Detecting C compile features - done
[0.662s] -- Check for working CXX compiler: /usr/bin/c++
[0.772s] -- Check for working CXX compiler: /usr/bin/c++ -- works
[0.772s] -- Detecting CXX compiler ABI info
[0.872s] -- Detecting CXX compiler ABI info - done
[0.878s] -- Detecting CXX compile features
[1.312s] -- Detecting CXX compile features - done
[1.316s] -- Using CATKIN_DEVEL_PREFIX: /home/autoware/Autoware/build/autoware_system_msgs/devel
[1.316s] -- Using CMAKE_PREFIX_PATH: /opt/ros/melodic
[1.317s] -- This workspace overlays: /opt/ros/melodic
[1.340s] -- Found PythonInterp: /usr/bin/python2 (found suitable version "2.7.17", minimum required is "2") 
[1.340s] -- Using PYTHON_EXECUTABLE: /usr/bin/python2
[1.340s] -- Using Debian Python package layout
[1.340s] -- Using empy: /usr/bin/empy
[1.498s] -- Using CATKIN_ENABLE_TESTING: ON
[1.498s] -- Call enable_testing()
[1.507s] -- Using CATKIN_TEST_RESULTS_DIR: /home/autoware/Autoware/build/autoware_system_msgs/test_results
[1.528s] -- Found gtest sources under '/usr/src/googletest': gtests will be built
[1.528s] -- Found gmock sources under '/usr/src/googletest': gmock will be built
[1.547s] -- Found PythonInterp: /usr/bin/python2 (found version "2.7.17") 
[1.547s] -- Looking for pthread.h
[1.671s] -- Looking for pthread.h - found
[1.671s] -- Looking for pthread_create
[1.771s] -- Looking for pthread_create - not found
[1.772s] -- Looking for pthread_create in pthreads
[1.876s] -- Looking for pthread_create in pthreads - not found
[1.876s] -- Looking for pthread_create in pthread
[1.979s] -- Looking for pthread_create in pthread - found
[1.980s] -- Found Threads: TRUE  
[1.985s] -- Using Python nosetests: /usr/bin/nosetests-2.7
[2.037s] -- catkin 0.7.26
[2.037s] -- BUILD_SHARED_LIBS is on
[2.172s] -- Using these message generators: gencpp;geneus;genlisp;gennodejs;genpy
[2.458s] -- autoware_system_msgs: 5 messages, 0 services
[2.621s] -- Configuring done
[2.652s] -- Generating done
[2.659s] -- Build files have been written to: /home/autoware/Autoware/build/autoware_system_msgs
[2.664s] Invoked command in '/home/autoware/Autoware/build/autoware_system_msgs' returned '0': /usr/bin/cmake /home/autoware/Autoware/src/autoware/messages/autoware_system_msgs -DCMAKE_BUILD_TYPE=Release -DCATKIN_INSTALL_INTO_PREFIX_ROOT=0 -DCMAKE_INSTALL_PREFIX=/home/autoware/Autoware/install/autoware_system_msgs
[2.667s] Invoking command in '/home/autoware/Autoware/build/autoware_system_msgs': /usr/bin/cmake --build /home/autoware/Autoware/build/autoware_system_msgs -- -j2 -l2
[2.720s] Scanning dependencies of target _autoware_system_msgs_generate_messages_check_deps_DiagnosticStatus
[2.764s] [  0%] Built target _autoware_system_msgs_generate_messages_check_deps_DiagnosticStatus
[2.778s] Scanning dependencies of target _autoware_system_msgs_generate_messages_check_deps_SystemStatus
[2.837s] [  0%] Built target _autoware_system_msgs_generate_messages_check_deps_SystemStatus
[2.854s] Scanning dependencies of target std_msgs_generate_messages_lisp
[2.867s] [  0%] Built target std_msgs_generate_messages_lisp
[2.882s] Scanning dependencies of target rosgraph_msgs_generate_messages_lisp
[2.895s] [  0%] Built target rosgraph_msgs_generate_messages_lisp
[2.912s] Scanning dependencies of target _autoware_system_msgs_generate_messages_check_deps_NodeStatus
[2.961s] [  0%] Built target _autoware_system_msgs_generate_messages_check_deps_NodeStatus
[2.982s] Scanning dependencies of target _autoware_system_msgs_generate_messages_check_deps_DiagnosticStatusArray
[3.043s] [  0%] Built target _autoware_system_msgs_generate_messages_check_deps_DiagnosticStatusArray
[3.056s] Scanning dependencies of target _autoware_system_msgs_generate_messages_check_deps_HardwareStatus
[3.099s] [  0%] Built target _autoware_system_msgs_generate_messages_check_deps_HardwareStatus
[3.112s] Scanning dependencies of target rosgraph_msgs_generate_messages_cpp
[3.124s] [  0%] Built target rosgraph_msgs_generate_messages_cpp
[3.138s] Scanning dependencies of target std_msgs_generate_messages_cpp
[3.152s] [  0%] Built target std_msgs_generate_messages_cpp
[3.170s] Scanning dependencies of target std_msgs_generate_messages_py
[3.179s] [  0%] Built target std_msgs_generate_messages_py
[3.192s] Scanning dependencies of target rosgraph_msgs_generate_messages_py
[3.205s] [  0%] Built target rosgraph_msgs_generate_messages_py
[3.229s] Scanning dependencies of target std_msgs_generate_messages_nodejs
[3.244s] [  0%] Built target std_msgs_generate_messages_nodejs
[3.258s] Scanning dependencies of target rosgraph_msgs_generate_messages_nodejs
[3.270s] [  0%] Built target rosgraph_msgs_generate_messages_nodejs
[3.301s] Scanning dependencies of target rosgraph_msgs_generate_messages_eus
[3.322s] [  0%] Built target rosgraph_msgs_generate_messages_eus
[3.336s] Scanning dependencies of target std_msgs_generate_messages_eus
[3.348s] [  0%] Built target std_msgs_generate_messages_eus
[3.361s] Scanning dependencies of target autoware_system_msgs_generate_messages_lisp
[3.375s] [  3%] Generating Lisp code from autoware_system_msgs/NodeStatus.msg
[3.424s] [  7%] Generating Lisp code from autoware_system_msgs/DiagnosticStatusArray.msg
[3.471s] [ 11%] Generating Lisp code from autoware_system_msgs/HardwareStatus.msg
[3.521s] [ 14%] Generating Lisp code from autoware_system_msgs/SystemStatus.msg
[3.570s] [ 18%] Generating Lisp code from autoware_system_msgs/DiagnosticStatus.msg
[3.619s] [ 18%] Built target autoware_system_msgs_generate_messages_lisp
[3.633s] Scanning dependencies of target autoware_system_msgs_generate_messages_cpp
[3.647s] [ 22%] Generating C++ code from autoware_system_msgs/NodeStatus.msg
[3.807s] [ 25%] Generating C++ code from autoware_system_msgs/DiagnosticStatusArray.msg
[3.952s] [ 29%] Generating C++ code from autoware_system_msgs/HardwareStatus.msg
[4.105s] [ 33%] Generating C++ code from autoware_system_msgs/SystemStatus.msg
[4.258s] [ 37%] Generating C++ code from autoware_system_msgs/DiagnosticStatus.msg
[4.416s] [ 37%] Built target autoware_system_msgs_generate_messages_cpp
[4.431s] Scanning dependencies of target autoware_system_msgs_generate_messages_py
[4.445s] [ 40%] Generating Python from MSG autoware_system_msgs/NodeStatus
[4.569s] [ 44%] Generating Python from MSG autoware_system_msgs/DiagnosticStatusArray
[4.694s] [ 48%] Generating Python from MSG autoware_system_msgs/HardwareStatus
[4.823s] [ 51%] Generating Python from MSG autoware_system_msgs/SystemStatus
[4.953s] [ 55%] Generating Python from MSG autoware_system_msgs/DiagnosticStatus
[5.077s] [ 59%] Generating Python msg __init__.py for autoware_system_msgs
[5.202s] [ 59%] Built target autoware_system_msgs_generate_messages_py
[5.221s] Scanning dependencies of target autoware_system_msgs_generate_messages_nodejs
[5.233s] [ 62%] Generating Javascript code from autoware_system_msgs/NodeStatus.msg
[5.282s] [ 66%] Generating Javascript code from autoware_system_msgs/DiagnosticStatusArray.msg
[5.333s] [ 70%] Generating Javascript code from autoware_system_msgs/HardwareStatus.msg
[5.381s] [ 74%] Generating Javascript code from autoware_system_msgs/SystemStatus.msg
[5.429s] [ 77%] Generating Javascript code from autoware_system_msgs/DiagnosticStatus.msg
[5.478s] [ 77%] Built target autoware_system_msgs_generate_messages_nodejs
[5.491s] Scanning dependencies of target autoware_system_msgs_generate_messages_eus
[5.504s] [ 81%] Generating EusLisp code from autoware_system_msgs/NodeStatus.msg
[5.576s] [ 85%] Generating EusLisp code from autoware_system_msgs/DiagnosticStatusArray.msg
[5.647s] [ 88%] Generating EusLisp code from autoware_system_msgs/HardwareStatus.msg
[5.727s] [ 92%] Generating EusLisp code from autoware_system_msgs/SystemStatus.msg
[5.799s] [ 96%] Generating EusLisp code from autoware_system_msgs/DiagnosticStatus.msg
[5.869s] [100%] Generating EusLisp manifest code for autoware_system_msgs
[6.855s] [100%] Built target autoware_system_msgs_generate_messages_eus
[6.875s] Scanning dependencies of target autoware_system_msgs_generate_messages
[6.887s] [100%] Built target autoware_system_msgs_generate_messages
[6.903s] Invoked command in '/home/autoware/Autoware/build/autoware_system_msgs' returned '0': /usr/bin/cmake --build /home/autoware/Autoware/build/autoware_system_msgs -- -j2 -l2
[6.980s] Invoking command in '/home/autoware/Autoware/build/autoware_system_msgs': /usr/bin/cmake --build /home/autoware/Autoware/build/autoware_system_msgs --target tests -- -j2 -l2
[7.049s] Scanning dependencies of target tests
[7.066s] Built target tests
[7.084s] Invoked command in '/home/autoware/Autoware/build/autoware_system_msgs' returned '0': /usr/bin/cmake --build /home/autoware/Autoware/build/autoware_system_msgs --target tests -- -j2 -l2
[7.266s] Invoking command in '/home/autoware/Autoware/build/autoware_system_msgs': /usr/bin/cmake --build /home/autoware/Autoware/build/autoware_system_msgs --target install -- -j2 -l2
[7.397s] [  0%] Built target _autoware_system_msgs_generate_messages_check_deps_DiagnosticStatus
[7.427s] [  0%] Built target _autoware_system_msgs_generate_messages_check_deps_SystemStatus
[7.438s] [  0%] Built target std_msgs_generate_messages_lisp
[7.497s] [  0%] Built target rosgraph_msgs_generate_messages_lisp
[7.587s] [  0%] Built target _autoware_system_msgs_generate_messages_check_deps_NodeStatus
[7.614s] [  0%] Built target _autoware_system_msgs_generate_messages_check_deps_DiagnosticStatusArray
[7.645s] [  0%] Built target rosgraph_msgs_generate_messages_cpp
[7.689s] [  0%] Built target _autoware_system_msgs_generate_messages_check_deps_HardwareStatus
[7.716s] [  0%] Built target std_msgs_generate_messages_cpp
[7.717s] [  0%] Built target std_msgs_generate_messages_py
[7.748s] [  0%] Built target rosgraph_msgs_generate_messages_py
[7.795s] [  0%] Built target rosgraph_msgs_generate_messages_nodejs
[7.821s] [  0%] Built target rosgraph_msgs_generate_messages_eus
[7.825s] [  0%] Built target std_msgs_generate_messages_nodejs
[7.888s] [  0%] Built target std_msgs_generate_messages_eus
[7.901s] [ 18%] Built target autoware_system_msgs_generate_messages_lisp
[7.948s] [ 37%] Built target autoware_system_msgs_generate_messages_cpp
[7.961s] [ 59%] Built target autoware_system_msgs_generate_messages_py
[8.007s] [ 81%] Built target autoware_system_msgs_generate_messages_eus
[8.022s] [100%] Built target autoware_system_msgs_generate_messages_nodejs
[8.047s] [100%] Built target autoware_system_msgs_generate_messages
[8.072s] Install the project...
[8.084s] -- Install configuration: "Release"
[8.085s] -- Installing: /home/autoware/Autoware/install/autoware_system_msgs/share/autoware_system_msgs/msg/DiagnosticStatus.msg
[8.085s] -- Installing: /home/autoware/Autoware/install/autoware_system_msgs/share/autoware_system_msgs/msg/DiagnosticStatusArray.msg
[8.086s] -- Installing: /home/autoware/Autoware/install/autoware_system_msgs/share/autoware_system_msgs/msg/HardwareStatus.msg
[8.086s] -- Installing: /home/autoware/Autoware/install/autoware_system_msgs/share/autoware_system_msgs/msg/NodeStatus.msg
[8.087s] -- Installing: /home/autoware/Autoware/install/autoware_system_msgs/share/autoware_system_msgs/msg/SystemStatus.msg
[8.087s] -- Installing: /home/autoware/Autoware/install/autoware_system_msgs/share/autoware_system_msgs/cmake/autoware_system_msgs-msg-paths.cmake
[8.087s] -- Installing: /home/autoware/Autoware/install/autoware_system_msgs/include/autoware_system_msgs
[8.088s] -- Installing: /home/autoware/Autoware/install/autoware_system_msgs/include/autoware_system_msgs/DiagnosticStatusArray.h
[8.088s] -- Installing: /home/autoware/Autoware/install/autoware_system_msgs/include/autoware_system_msgs/DiagnosticStatus.h
[8.088s] -- Installing: /home/autoware/Autoware/install/autoware_system_msgs/include/autoware_system_msgs/SystemStatus.h
[8.089s] -- Installing: /home/autoware/Autoware/install/autoware_system_msgs/include/autoware_system_msgs/HardwareStatus.h
[8.089s] -- Installing: /home/autoware/Autoware/install/autoware_system_msgs/include/autoware_system_msgs/NodeStatus.h
[8.090s] -- Installing: /home/autoware/Autoware/install/autoware_system_msgs/share/roseus/ros/autoware_system_msgs
[8.090s] -- Installing: /home/autoware/Autoware/install/autoware_system_msgs/share/roseus/ros/autoware_system_msgs/msg
[8.091s] -- Installing: /home/autoware/Autoware/install/autoware_system_msgs/share/roseus/ros/autoware_system_msgs/msg/DiagnosticStatusArray.l
[8.092s] -- Installing: /home/autoware/Autoware/install/autoware_system_msgs/share/roseus/ros/autoware_system_msgs/msg/HardwareStatus.l
[8.092s] -- Installing: /home/autoware/Autoware/install/autoware_system_msgs/share/roseus/ros/autoware_system_msgs/msg/DiagnosticStatus.l
[8.093s] -- Installing: /home/autoware/Autoware/install/autoware_system_msgs/share/roseus/ros/autoware_system_msgs/msg/NodeStatus.l
[8.093s] -- Installing: /home/autoware/Autoware/install/autoware_system_msgs/share/roseus/ros/autoware_system_msgs/msg/SystemStatus.l
[8.094s] -- Installing: /home/autoware/Autoware/install/autoware_system_msgs/share/roseus/ros/autoware_system_msgs/manifest.l
[8.095s] -- Installing: /home/autoware/Autoware/install/autoware_system_msgs/share/common-lisp/ros/autoware_system_msgs
[8.095s] -- Installing: /home/autoware/Autoware/install/autoware_system_msgs/share/common-lisp/ros/autoware_system_msgs/msg
[8.096s] -- Installing: /home/autoware/Autoware/install/autoware_system_msgs/share/common-lisp/ros/autoware_system_msgs/msg/_package_NodeStatus.lisp
[8.096s] -- Installing: /home/autoware/Autoware/install/autoware_system_msgs/share/common-lisp/ros/autoware_system_msgs/msg/_package_SystemStatus.lisp
[8.097s] -- Installing: /home/autoware/Autoware/install/autoware_system_msgs/share/common-lisp/ros/autoware_system_msgs/msg/_package.lisp
[8.098s] -- Installing: /home/autoware/Autoware/install/autoware_system_msgs/share/common-lisp/ros/autoware_system_msgs/msg/autoware_system_msgs-msg.asd
[8.098s] -- Installing: /home/autoware/Autoware/install/autoware_system_msgs/share/common-lisp/ros/autoware_system_msgs/msg/_package_DiagnosticStatus.lisp
[8.099s] -- Installing: /home/autoware/Autoware/install/autoware_system_msgs/share/common-lisp/ros/autoware_system_msgs/msg/DiagnosticStatusArray.lisp
[8.099s] -- Installing: /home/autoware/Autoware/install/autoware_system_msgs/share/common-lisp/ros/autoware_system_msgs/msg/SystemStatus.lisp
[8.100s] -- Installing: /home/autoware/Autoware/install/autoware_system_msgs/share/common-lisp/ros/autoware_system_msgs/msg/NodeStatus.lisp
[8.101s] -- Installing: /home/autoware/Autoware/install/autoware_system_msgs/share/common-lisp/ros/autoware_system_msgs/msg/_package_DiagnosticStatusArray.lisp
[8.101s] -- Installing: /home/autoware/Autoware/install/autoware_system_msgs/share/common-lisp/ros/autoware_system_msgs/msg/DiagnosticStatus.lisp
[8.102s] -- Installing: /home/autoware/Autoware/install/autoware_system_msgs/share/common-lisp/ros/autoware_system_msgs/msg/_package_HardwareStatus.lisp
[8.102s] -- Installing: /home/autoware/Autoware/install/autoware_system_msgs/share/common-lisp/ros/autoware_system_msgs/msg/HardwareStatus.lisp
[8.102s] -- Installing: /home/autoware/Autoware/install/autoware_system_msgs/share/gennodejs/ros/autoware_system_msgs
[8.103s] -- Installing: /home/autoware/Autoware/install/autoware_system_msgs/share/gennodejs/ros/autoware_system_msgs/msg
[8.103s] -- Installing: /home/autoware/Autoware/install/autoware_system_msgs/share/gennodejs/ros/autoware_system_msgs/msg/DiagnosticStatus.js
[8.103s] -- Installing: /home/autoware/Autoware/install/autoware_system_msgs/share/gennodejs/ros/autoware_system_msgs/msg/DiagnosticStatusArray.js
[8.104s] -- Installing: /home/autoware/Autoware/install/autoware_system_msgs/share/gennodejs/ros/autoware_system_msgs/msg/SystemStatus.js
[8.104s] -- Installing: /home/autoware/Autoware/install/autoware_system_msgs/share/gennodejs/ros/autoware_system_msgs/msg/_index.js
[8.105s] -- Installing: /home/autoware/Autoware/install/autoware_system_msgs/share/gennodejs/ros/autoware_system_msgs/msg/NodeStatus.js
[8.105s] -- Installing: /home/autoware/Autoware/install/autoware_system_msgs/share/gennodejs/ros/autoware_system_msgs/msg/HardwareStatus.js
[8.105s] -- Installing: /home/autoware/Autoware/install/autoware_system_msgs/share/gennodejs/ros/autoware_system_msgs/_index.js
[8.139s] Listing /home/autoware/Autoware/build/autoware_system_msgs/devel/lib/python2.7/dist-packages/autoware_system_msgs ...
[8.139s] Compiling /home/autoware/Autoware/build/autoware_system_msgs/devel/lib/python2.7/dist-packages/autoware_system_msgs/__init__.py ...
[8.139s] Listing /home/autoware/Autoware/build/autoware_system_msgs/devel/lib/python2.7/dist-packages/autoware_system_msgs/msg ...
[8.139s] Compiling /home/autoware/Autoware/build/autoware_system_msgs/devel/lib/python2.7/dist-packages/autoware_system_msgs/msg/_DiagnosticStatus.py ...
[8.139s] Compiling /home/autoware/Autoware/build/autoware_system_msgs/devel/lib/python2.7/dist-packages/autoware_system_msgs/msg/_DiagnosticStatusArray.py ...
[8.139s] Compiling /home/autoware/Autoware/build/autoware_system_msgs/devel/lib/python2.7/dist-packages/autoware_system_msgs/msg/_HardwareStatus.py ...
[8.140s] Compiling /home/autoware/Autoware/build/autoware_system_msgs/devel/lib/python2.7/dist-packages/autoware_system_msgs/msg/_NodeStatus.py ...
[8.140s] Compiling /home/autoware/Autoware/build/autoware_system_msgs/devel/lib/python2.7/dist-packages/autoware_system_msgs/msg/_SystemStatus.py ...
[8.140s] Compiling /home/autoware/Autoware/build/autoware_system_msgs/devel/lib/python2.7/dist-packages/autoware_system_msgs/msg/__init__.py ...
[8.143s] -- Installing: /home/autoware/Autoware/install/autoware_system_msgs/lib/python2.7/dist-packages/autoware_system_msgs
[8.143s] -- Installing: /home/autoware/Autoware/install/autoware_system_msgs/lib/python2.7/dist-packages/autoware_system_msgs/msg
[8.144s] -- Installing: /home/autoware/Autoware/install/autoware_system_msgs/lib/python2.7/dist-packages/autoware_system_msgs/msg/_NodeStatus.py
[8.144s] -- Installing: /home/autoware/Autoware/install/autoware_system_msgs/lib/python2.7/dist-packages/autoware_system_msgs/msg/_HardwareStatus.py
[8.144s] -- Installing: /home/autoware/Autoware/install/autoware_system_msgs/lib/python2.7/dist-packages/autoware_system_msgs/msg/__init__.pyc
[8.144s] -- Installing: /home/autoware/Autoware/install/autoware_system_msgs/lib/python2.7/dist-packages/autoware_system_msgs/msg/_HardwareStatus.pyc
[8.144s] -- Installing: /home/autoware/Autoware/install/autoware_system_msgs/lib/python2.7/dist-packages/autoware_system_msgs/msg/_SystemStatus.pyc
[8.144s] -- Installing: /home/autoware/Autoware/install/autoware_system_msgs/lib/python2.7/dist-packages/autoware_system_msgs/msg/_DiagnosticStatusArray.pyc
[8.144s] -- Installing: /home/autoware/Autoware/install/autoware_system_msgs/lib/python2.7/dist-packages/autoware_system_msgs/msg/_DiagnosticStatusArray.py
[8.144s] -- Installing: /home/autoware/Autoware/install/autoware_system_msgs/lib/python2.7/dist-packages/autoware_system_msgs/msg/_DiagnosticStatus.py
[8.147s] -- Installing: /home/autoware/Autoware/install/autoware_system_msgs/lib/python2.7/dist-packages/autoware_system_msgs/msg/_SystemStatus.py
[8.147s] -- Installing: /home/autoware/Autoware/install/autoware_system_msgs/lib/python2.7/dist-packages/autoware_system_msgs/msg/__init__.py
[8.147s] -- Installing: /home/autoware/Autoware/install/autoware_system_msgs/lib/python2.7/dist-packages/autoware_system_msgs/msg/_DiagnosticStatus.pyc
[8.147s] -- Installing: /home/autoware/Autoware/install/autoware_system_msgs/lib/python2.7/dist-packages/autoware_system_msgs/msg/_NodeStatus.pyc
[8.147s] -- Installing: /home/autoware/Autoware/install/autoware_system_msgs/lib/python2.7/dist-packages/autoware_system_msgs/__init__.pyc
[8.147s] -- Installing: /home/autoware/Autoware/install/autoware_system_msgs/lib/python2.7/dist-packages/autoware_system_msgs/__init__.py
[8.147s] -- Installing: /home/autoware/Autoware/install/autoware_system_msgs/lib/pkgconfig/autoware_system_msgs.pc
[8.147s] -- Installing: /home/autoware/Autoware/install/autoware_system_msgs/share/autoware_system_msgs/cmake/autoware_system_msgs-msg-extras.cmake
[8.147s] -- Installing: /home/autoware/Autoware/install/autoware_system_msgs/share/autoware_system_msgs/cmake/autoware_system_msgsConfig.cmake
[8.147s] -- Installing: /home/autoware/Autoware/install/autoware_system_msgs/share/autoware_system_msgs/cmake/autoware_system_msgsConfig-version.cmake
[8.147s] -- Installing: /home/autoware/Autoware/install/autoware_system_msgs/share/autoware_system_msgs/package.xml
[8.155s] Invoked command in '/home/autoware/Autoware/build/autoware_system_msgs' returned '0': /usr/bin/cmake --build /home/autoware/Autoware/build/autoware_system_msgs --target install -- -j2 -l2
