[0.032s] Invoking command in '/home/autoware/Autoware/build/sick_ldmrs_laser': CMAKE_PREFIX_PATH=/home/autoware/Autoware/install/sick_ldmrs_tools:/home/autoware/Autoware/install/sick_ldmrs_driver:/home/autoware/Autoware/install/sick_ldmrs_msgs:/home/autoware/Autoware/install/sick_ldmrs_description:${CMAKE_PREFIX_PATH} LD_LIBRARY_PATH=/home/autoware/Autoware/install/sick_ldmrs_driver/lib:${LD_LIBRARY_PATH} PATH=/home/autoware/Autoware/install/sick_ldmrs_driver/bin:${PATH} PKG_CONFIG_PATH=/home/autoware/Autoware/install/sick_ldmrs_tools/lib/x86_64-linux-gnu/pkgconfig:/home/autoware/Autoware/install/sick_ldmrs_tools/lib/pkgconfig:/home/autoware/Autoware/install/sick_ldmrs_driver/lib/x86_64-linux-gnu/pkgconfig:/home/autoware/Autoware/install/sick_ldmrs_driver/lib/pkgconfig:/home/autoware/Autoware/install/sick_ldmrs_msgs/lib/x86_64-linux-gnu/pkgconfig:/home/autoware/Autoware/install/sick_ldmrs_msgs/lib/pkgconfig:/home/autoware/Autoware/install/sick_ldmrs_description/lib/x86_64-linux-gnu/pkgconfig:/home/autoware/Autoware/install/sick_ldmrs_description/lib/pkgconfig:${PKG_CONFIG_PATH} PYTHONPATH=/home/autoware/Autoware/install/sick_ldmrs_driver/lib/python2.7/dist-packages:/home/autoware/Autoware/install/sick_ldmrs_msgs/lib/python2.7/dist-packages:${PYTHONPATH} ROS_PACKAGE_PATH=/home/autoware/Autoware/install/sick_ldmrs_tools/share:/home/autoware/Autoware/install/sick_ldmrs_driver/share:/home/autoware/Autoware/install/sick_ldmrs_msgs/share:/home/autoware/Autoware/install/sick_ldmrs_description/share:${ROS_PACKAGE_PATH} /usr/bin/cmake /home/autoware/Autoware/src/drivers/awf_drivers/sick_ldmrs_laser -DCMAKE_BUILD_TYPE=Release -DCATKIN_INSTALL_INTO_PREFIX_ROOT=0 -DCMAKE_INSTALL_PREFIX=/home/autoware/Autoware/install/sick_ldmrs_laser
[0.118s] -- The C compiler identification is GNU 7.5.0
[0.198s] -- The CXX compiler identification is GNU 7.5.0
[0.204s] -- Check for working C compiler: /usr/bin/cc
[0.312s] -- Check for working C compiler: /usr/bin/cc -- works
[0.312s] -- Detecting C compiler ABI info
[0.408s] -- Detecting C compiler ABI info - done
[0.420s] -- Detecting C compile features
[0.700s] -- Detecting C compile features - done
[0.703s] -- Check for working CXX compiler: /usr/bin/c++
[0.814s] -- Check for working CXX compiler: /usr/bin/c++ -- works
[0.814s] -- Detecting CXX compiler ABI info
[0.923s] -- Detecting CXX compiler ABI info - done
[0.934s] -- Detecting CXX compile features
[1.413s] -- Detecting CXX compile features - done
[1.417s] -- Using CATKIN_DEVEL_PREFIX: /home/autoware/Autoware/build/sick_ldmrs_laser/devel
[1.418s] -- Using CMAKE_PREFIX_PATH: /home/autoware/Autoware/install/sick_ldmrs_tools;/home/autoware/Autoware/install/sick_ldmrs_driver;/home/autoware/Autoware/install/sick_ldmrs_msgs;/home/autoware/Autoware/install/sick_ldmrs_description;/opt/ros/melodic
[1.418s] -- This workspace overlays: /home/autoware/Autoware/install/sick_ldmrs_tools;/home/autoware/Autoware/install/sick_ldmrs_driver;/home/autoware/Autoware/install/sick_ldmrs_msgs;/home/autoware/Autoware/install/sick_ldmrs_description;/opt/ros/melodic
[1.442s] -- Found PythonInterp: /usr/bin/python2 (found suitable version "2.7.17", minimum required is "2") 
[1.443s] -- Using PYTHON_EXECUTABLE: /usr/bin/python2
[1.443s] -- Using Debian Python package layout
[1.443s] -- Using empy: /usr/bin/empy
[1.619s] -- Using CATKIN_ENABLE_TESTING: ON
[1.619s] -- Call enable_testing()
[1.621s] -- Using CATKIN_TEST_RESULTS_DIR: /home/autoware/Autoware/build/sick_ldmrs_laser/test_results
[1.652s] -- Found gtest sources under '/usr/src/googletest': gtests will be built
[1.652s] -- Found gmock sources under '/usr/src/googletest': gmock will be built
[1.670s] -- Found PythonInterp: /usr/bin/python2 (found version "2.7.17") 
[1.671s] -- Looking for pthread.h
[1.765s] -- Looking for pthread.h - found
[1.765s] -- Looking for pthread_create
[1.861s] -- Looking for pthread_create - not found
[1.861s] -- Looking for pthread_create in pthreads
[1.935s] -- Looking for pthread_create in pthreads - not found
[1.935s] -- Looking for pthread_create in pthread
[2.031s] -- Looking for pthread_create in pthread - found
[2.032s] -- Found Threads: TRUE  
[2.037s] -- Using Python nosetests: /usr/bin/nosetests-2.7
[2.093s] -- catkin 0.7.26
[2.093s] -- BUILD_SHARED_LIBS is on
[2.270s] -- Configuring done
[2.286s] -- Generating done
[2.289s] -- Build files have been written to: /home/autoware/Autoware/build/sick_ldmrs_laser
[2.297s] Invoked command in '/home/autoware/Autoware/build/sick_ldmrs_laser' returned '0': CMAKE_PREFIX_PATH=/home/autoware/Autoware/install/sick_ldmrs_tools:/home/autoware/Autoware/install/sick_ldmrs_driver:/home/autoware/Autoware/install/sick_ldmrs_msgs:/home/autoware/Autoware/install/sick_ldmrs_description:${CMAKE_PREFIX_PATH} LD_LIBRARY_PATH=/home/autoware/Autoware/install/sick_ldmrs_driver/lib:${LD_LIBRARY_PATH} PATH=/home/autoware/Autoware/install/sick_ldmrs_driver/bin:${PATH} PKG_CONFIG_PATH=/home/autoware/Autoware/install/sick_ldmrs_tools/lib/x86_64-linux-gnu/pkgconfig:/home/autoware/Autoware/install/sick_ldmrs_tools/lib/pkgconfig:/home/autoware/Autoware/install/sick_ldmrs_driver/lib/x86_64-linux-gnu/pkgconfig:/home/autoware/Autoware/install/sick_ldmrs_driver/lib/pkgconfig:/home/autoware/Autoware/install/sick_ldmrs_msgs/lib/x86_64-linux-gnu/pkgconfig:/home/autoware/Autoware/install/sick_ldmrs_msgs/lib/pkgconfig:/home/autoware/Autoware/install/sick_ldmrs_description/lib/x86_64-linux-gnu/pkgconfig:/home/autoware/Autoware/install/sick_ldmrs_description/lib/pkgconfig:${PKG_CONFIG_PATH} PYTHONPATH=/home/autoware/Autoware/install/sick_ldmrs_driver/lib/python2.7/dist-packages:/home/autoware/Autoware/install/sick_ldmrs_msgs/lib/python2.7/dist-packages:${PYTHONPATH} ROS_PACKAGE_PATH=/home/autoware/Autoware/install/sick_ldmrs_tools/share:/home/autoware/Autoware/install/sick_ldmrs_driver/share:/home/autoware/Autoware/install/sick_ldmrs_msgs/share:/home/autoware/Autoware/install/sick_ldmrs_description/share:${ROS_PACKAGE_PATH} /usr/bin/cmake /home/autoware/Autoware/src/drivers/awf_drivers/sick_ldmrs_laser -DCMAKE_BUILD_TYPE=Release -DCATKIN_INSTALL_INTO_PREFIX_ROOT=0 -DCMAKE_INSTALL_PREFIX=/home/autoware/Autoware/install/sick_ldmrs_laser
[2.298s] Invoking command in '/home/autoware/Autoware/build/sick_ldmrs_laser': CMAKE_PREFIX_PATH=/home/autoware/Autoware/install/sick_ldmrs_tools:/home/autoware/Autoware/install/sick_ldmrs_driver:/home/autoware/Autoware/install/sick_ldmrs_msgs:/home/autoware/Autoware/install/sick_ldmrs_description:${CMAKE_PREFIX_PATH} LD_LIBRARY_PATH=/home/autoware/Autoware/install/sick_ldmrs_driver/lib:${LD_LIBRARY_PATH} PATH=/home/autoware/Autoware/install/sick_ldmrs_driver/bin:${PATH} PKG_CONFIG_PATH=/home/autoware/Autoware/install/sick_ldmrs_tools/lib/x86_64-linux-gnu/pkgconfig:/home/autoware/Autoware/install/sick_ldmrs_tools/lib/pkgconfig:/home/autoware/Autoware/install/sick_ldmrs_driver/lib/x86_64-linux-gnu/pkgconfig:/home/autoware/Autoware/install/sick_ldmrs_driver/lib/pkgconfig:/home/autoware/Autoware/install/sick_ldmrs_msgs/lib/x86_64-linux-gnu/pkgconfig:/home/autoware/Autoware/install/sick_ldmrs_msgs/lib/pkgconfig:/home/autoware/Autoware/install/sick_ldmrs_description/lib/x86_64-linux-gnu/pkgconfig:/home/autoware/Autoware/install/sick_ldmrs_description/lib/pkgconfig:${PKG_CONFIG_PATH} PYTHONPATH=/home/autoware/Autoware/install/sick_ldmrs_driver/lib/python2.7/dist-packages:/home/autoware/Autoware/install/sick_ldmrs_msgs/lib/python2.7/dist-packages:${PYTHONPATH} ROS_PACKAGE_PATH=/home/autoware/Autoware/install/sick_ldmrs_tools/share:/home/autoware/Autoware/install/sick_ldmrs_driver/share:/home/autoware/Autoware/install/sick_ldmrs_msgs/share:/home/autoware/Autoware/install/sick_ldmrs_description/share:${ROS_PACKAGE_PATH} /usr/bin/cmake --build /home/autoware/Autoware/build/sick_ldmrs_laser -- -j2 -l2
[2.357s] Invoked command in '/home/autoware/Autoware/build/sick_ldmrs_laser' returned '0': CMAKE_PREFIX_PATH=/home/autoware/Autoware/install/sick_ldmrs_tools:/home/autoware/Autoware/install/sick_ldmrs_driver:/home/autoware/Autoware/install/sick_ldmrs_msgs:/home/autoware/Autoware/install/sick_ldmrs_description:${CMAKE_PREFIX_PATH} LD_LIBRARY_PATH=/home/autoware/Autoware/install/sick_ldmrs_driver/lib:${LD_LIBRARY_PATH} PATH=/home/autoware/Autoware/install/sick_ldmrs_driver/bin:${PATH} PKG_CONFIG_PATH=/home/autoware/Autoware/install/sick_ldmrs_tools/lib/x86_64-linux-gnu/pkgconfig:/home/autoware/Autoware/install/sick_ldmrs_tools/lib/pkgconfig:/home/autoware/Autoware/install/sick_ldmrs_driver/lib/x86_64-linux-gnu/pkgconfig:/home/autoware/Autoware/install/sick_ldmrs_driver/lib/pkgconfig:/home/autoware/Autoware/install/sick_ldmrs_msgs/lib/x86_64-linux-gnu/pkgconfig:/home/autoware/Autoware/install/sick_ldmrs_msgs/lib/pkgconfig:/home/autoware/Autoware/install/sick_ldmrs_description/lib/x86_64-linux-gnu/pkgconfig:/home/autoware/Autoware/install/sick_ldmrs_description/lib/pkgconfig:${PKG_CONFIG_PATH} PYTHONPATH=/home/autoware/Autoware/install/sick_ldmrs_driver/lib/python2.7/dist-packages:/home/autoware/Autoware/install/sick_ldmrs_msgs/lib/python2.7/dist-packages:${PYTHONPATH} ROS_PACKAGE_PATH=/home/autoware/Autoware/install/sick_ldmrs_tools/share:/home/autoware/Autoware/install/sick_ldmrs_driver/share:/home/autoware/Autoware/install/sick_ldmrs_msgs/share:/home/autoware/Autoware/install/sick_ldmrs_description/share:${ROS_PACKAGE_PATH} /usr/bin/cmake --build /home/autoware/Autoware/build/sick_ldmrs_laser -- -j2 -l2
[2.399s] Invoking command in '/home/autoware/Autoware/build/sick_ldmrs_laser': CMAKE_PREFIX_PATH=/home/autoware/Autoware/install/sick_ldmrs_tools:/home/autoware/Autoware/install/sick_ldmrs_driver:/home/autoware/Autoware/install/sick_ldmrs_msgs:/home/autoware/Autoware/install/sick_ldmrs_description:${CMAKE_PREFIX_PATH} LD_LIBRARY_PATH=/home/autoware/Autoware/install/sick_ldmrs_driver/lib:${LD_LIBRARY_PATH} PATH=/home/autoware/Autoware/install/sick_ldmrs_driver/bin:${PATH} PKG_CONFIG_PATH=/home/autoware/Autoware/install/sick_ldmrs_tools/lib/x86_64-linux-gnu/pkgconfig:/home/autoware/Autoware/install/sick_ldmrs_tools/lib/pkgconfig:/home/autoware/Autoware/install/sick_ldmrs_driver/lib/x86_64-linux-gnu/pkgconfig:/home/autoware/Autoware/install/sick_ldmrs_driver/lib/pkgconfig:/home/autoware/Autoware/install/sick_ldmrs_msgs/lib/x86_64-linux-gnu/pkgconfig:/home/autoware/Autoware/install/sick_ldmrs_msgs/lib/pkgconfig:/home/autoware/Autoware/install/sick_ldmrs_description/lib/x86_64-linux-gnu/pkgconfig:/home/autoware/Autoware/install/sick_ldmrs_description/lib/pkgconfig:${PKG_CONFIG_PATH} PYTHONPATH=/home/autoware/Autoware/install/sick_ldmrs_driver/lib/python2.7/dist-packages:/home/autoware/Autoware/install/sick_ldmrs_msgs/lib/python2.7/dist-packages:${PYTHONPATH} ROS_PACKAGE_PATH=/home/autoware/Autoware/install/sick_ldmrs_tools/share:/home/autoware/Autoware/install/sick_ldmrs_driver/share:/home/autoware/Autoware/install/sick_ldmrs_msgs/share:/home/autoware/Autoware/install/sick_ldmrs_description/share:${ROS_PACKAGE_PATH} /usr/bin/cmake --build /home/autoware/Autoware/build/sick_ldmrs_laser --target tests -- -j2 -l2
[2.470s] Scanning dependencies of target tests
[2.485s] Built target tests
[2.502s] Invoked command in '/home/autoware/Autoware/build/sick_ldmrs_laser' returned '0': CMAKE_PREFIX_PATH=/home/autoware/Autoware/install/sick_ldmrs_tools:/home/autoware/Autoware/install/sick_ldmrs_driver:/home/autoware/Autoware/install/sick_ldmrs_msgs:/home/autoware/Autoware/install/sick_ldmrs_description:${CMAKE_PREFIX_PATH} LD_LIBRARY_PATH=/home/autoware/Autoware/install/sick_ldmrs_driver/lib:${LD_LIBRARY_PATH} PATH=/home/autoware/Autoware/install/sick_ldmrs_driver/bin:${PATH} PKG_CONFIG_PATH=/home/autoware/Autoware/install/sick_ldmrs_tools/lib/x86_64-linux-gnu/pkgconfig:/home/autoware/Autoware/install/sick_ldmrs_tools/lib/pkgconfig:/home/autoware/Autoware/install/sick_ldmrs_driver/lib/x86_64-linux-gnu/pkgconfig:/home/autoware/Autoware/install/sick_ldmrs_driver/lib/pkgconfig:/home/autoware/Autoware/install/sick_ldmrs_msgs/lib/x86_64-linux-gnu/pkgconfig:/home/autoware/Autoware/install/sick_ldmrs_msgs/lib/pkgconfig:/home/autoware/Autoware/install/sick_ldmrs_description/lib/x86_64-linux-gnu/pkgconfig:/home/autoware/Autoware/install/sick_ldmrs_description/lib/pkgconfig:${PKG_CONFIG_PATH} PYTHONPATH=/home/autoware/Autoware/install/sick_ldmrs_driver/lib/python2.7/dist-packages:/home/autoware/Autoware/install/sick_ldmrs_msgs/lib/python2.7/dist-packages:${PYTHONPATH} ROS_PACKAGE_PATH=/home/autoware/Autoware/install/sick_ldmrs_tools/share:/home/autoware/Autoware/install/sick_ldmrs_driver/share:/home/autoware/Autoware/install/sick_ldmrs_msgs/share:/home/autoware/Autoware/install/sick_ldmrs_description/share:${ROS_PACKAGE_PATH} /usr/bin/cmake --build /home/autoware/Autoware/build/sick_ldmrs_laser --target tests -- -j2 -l2
[2.543s] Invoking command in '/home/autoware/Autoware/build/sick_ldmrs_laser': CMAKE_PREFIX_PATH=/home/autoware/Autoware/install/sick_ldmrs_tools:/home/autoware/Autoware/install/sick_ldmrs_driver:/home/autoware/Autoware/install/sick_ldmrs_msgs:/home/autoware/Autoware/install/sick_ldmrs_description:${CMAKE_PREFIX_PATH} LD_LIBRARY_PATH=/home/autoware/Autoware/install/sick_ldmrs_driver/lib:${LD_LIBRARY_PATH} PATH=/home/autoware/Autoware/install/sick_ldmrs_driver/bin:${PATH} PKG_CONFIG_PATH=/home/autoware/Autoware/install/sick_ldmrs_tools/lib/x86_64-linux-gnu/pkgconfig:/home/autoware/Autoware/install/sick_ldmrs_tools/lib/pkgconfig:/home/autoware/Autoware/install/sick_ldmrs_driver/lib/x86_64-linux-gnu/pkgconfig:/home/autoware/Autoware/install/sick_ldmrs_driver/lib/pkgconfig:/home/autoware/Autoware/install/sick_ldmrs_msgs/lib/x86_64-linux-gnu/pkgconfig:/home/autoware/Autoware/install/sick_ldmrs_msgs/lib/pkgconfig:/home/autoware/Autoware/install/sick_ldmrs_description/lib/x86_64-linux-gnu/pkgconfig:/home/autoware/Autoware/install/sick_ldmrs_description/lib/pkgconfig:${PKG_CONFIG_PATH} PYTHONPATH=/home/autoware/Autoware/install/sick_ldmrs_driver/lib/python2.7/dist-packages:/home/autoware/Autoware/install/sick_ldmrs_msgs/lib/python2.7/dist-packages:${PYTHONPATH} ROS_PACKAGE_PATH=/home/autoware/Autoware/install/sick_ldmrs_tools/share:/home/autoware/Autoware/install/sick_ldmrs_driver/share:/home/autoware/Autoware/install/sick_ldmrs_msgs/share:/home/autoware/Autoware/install/sick_ldmrs_description/share:${ROS_PACKAGE_PATH} /usr/bin/cmake --build /home/autoware/Autoware/build/sick_ldmrs_laser --target install -- -j2 -l2
[2.607s] Install the project...
[2.618s] -- Install configuration: "Release"
[2.619s] -- Installing: /home/autoware/Autoware/install/sick_ldmrs_laser/share/sick_ldmrs_laser/package.xml
[2.629s] Invoked command in '/home/autoware/Autoware/build/sick_ldmrs_laser' returned '0': CMAKE_PREFIX_PATH=/home/autoware/Autoware/install/sick_ldmrs_tools:/home/autoware/Autoware/install/sick_ldmrs_driver:/home/autoware/Autoware/install/sick_ldmrs_msgs:/home/autoware/Autoware/install/sick_ldmrs_description:${CMAKE_PREFIX_PATH} LD_LIBRARY_PATH=/home/autoware/Autoware/install/sick_ldmrs_driver/lib:${LD_LIBRARY_PATH} PATH=/home/autoware/Autoware/install/sick_ldmrs_driver/bin:${PATH} PKG_CONFIG_PATH=/home/autoware/Autoware/install/sick_ldmrs_tools/lib/x86_64-linux-gnu/pkgconfig:/home/autoware/Autoware/install/sick_ldmrs_tools/lib/pkgconfig:/home/autoware/Autoware/install/sick_ldmrs_driver/lib/x86_64-linux-gnu/pkgconfig:/home/autoware/Autoware/install/sick_ldmrs_driver/lib/pkgconfig:/home/autoware/Autoware/install/sick_ldmrs_msgs/lib/x86_64-linux-gnu/pkgconfig:/home/autoware/Autoware/install/sick_ldmrs_msgs/lib/pkgconfig:/home/autoware/Autoware/install/sick_ldmrs_description/lib/x86_64-linux-gnu/pkgconfig:/home/autoware/Autoware/install/sick_ldmrs_description/lib/pkgconfig:${PKG_CONFIG_PATH} PYTHONPATH=/home/autoware/Autoware/install/sick_ldmrs_driver/lib/python2.7/dist-packages:/home/autoware/Autoware/install/sick_ldmrs_msgs/lib/python2.7/dist-packages:${PYTHONPATH} ROS_PACKAGE_PATH=/home/autoware/Autoware/install/sick_ldmrs_tools/share:/home/autoware/Autoware/install/sick_ldmrs_driver/share:/home/autoware/Autoware/install/sick_ldmrs_msgs/share:/home/autoware/Autoware/install/sick_ldmrs_description/share:${ROS_PACKAGE_PATH} /usr/bin/cmake --build /home/autoware/Autoware/build/sick_ldmrs_laser --target install -- -j2 -l2
