[0.039s] Invoking command in '/home/autoware/Autoware/build/lane_planner': CMAKE_PREFIX_PATH=/home/autoware/Autoware/install/libwaypoint_follower:/home/autoware/Autoware/install/lanelet2_extension:/home/autoware/Autoware/install/vector_map:/home/autoware/Autoware/install/amathutils_lib:/home/autoware/Autoware/install/vector_map_msgs:/home/autoware/Autoware/install/tablet_socket_msgs:/home/autoware/Autoware/install/gnss:/home/autoware/Autoware/install/autoware_msgs:/home/autoware/Autoware/install/autoware_lanelet2_msgs:/home/autoware/Autoware/install/autoware_config_msgs:/home/autoware/Autoware/install/autoware_build_flags:${CMAKE_PREFIX_PATH} LD_LIBRARY_PATH=/home/autoware/Autoware/install/libwaypoint_follower/lib:/home/autoware/Autoware/install/lanelet2_extension/lib:/home/autoware/Autoware/install/vector_map/lib:/home/autoware/Autoware/install/amathutils_lib/lib:/home/autoware/Autoware/install/gnss/lib:${LD_LIBRARY_PATH} PKG_CONFIG_PATH=/home/autoware/Autoware/install/libwaypoint_follower/lib/x86_64-linux-gnu/pkgconfig:/home/autoware/Autoware/install/libwaypoint_follower/lib/pkgconfig:/home/autoware/Autoware/install/lanelet2_extension/lib/x86_64-linux-gnu/pkgconfig:/home/autoware/Autoware/install/lanelet2_extension/lib/pkgconfig:/home/autoware/Autoware/install/vector_map/lib/x86_64-linux-gnu/pkgconfig:/home/autoware/Autoware/install/vector_map/lib/pkgconfig:/home/autoware/Autoware/install/amathutils_lib/lib/x86_64-linux-gnu/pkgconfig:/home/autoware/Autoware/install/amathutils_lib/lib/pkgconfig:/home/autoware/Autoware/install/vector_map_msgs/lib/x86_64-linux-gnu/pkgconfig:/home/autoware/Autoware/install/vector_map_msgs/lib/pkgconfig:/home/autoware/Autoware/install/tablet_socket_msgs/lib/x86_64-linux-gnu/pkgconfig:/home/autoware/Autoware/install/tablet_socket_msgs/lib/pkgconfig:/home/autoware/Autoware/install/gnss/lib/x86_64-linux-gnu/pkgconfig:/home/autoware/Autoware/install/gnss/lib/pkgconfig:/home/autoware/Autoware/install/autoware_msgs/lib/x86_64-linux-gnu/pkgconfig:/home/autoware/Autoware/install/autoware_msgs/lib/pkgconfig:/home/autoware/Autoware/install/autoware_lanelet2_msgs/lib/x86_64-linux-gnu/pkgconfig:/home/autoware/Autoware/install/autoware_lanelet2_msgs/lib/pkgconfig:/home/autoware/Autoware/install/autoware_config_msgs/lib/x86_64-linux-gnu/pkgconfig:/home/autoware/Autoware/install/autoware_config_msgs/lib/pkgconfig:/home/autoware/Autoware/install/autoware_build_flags/lib/x86_64-linux-gnu/pkgconfig:/home/autoware/Autoware/install/autoware_build_flags/lib/pkgconfig:${PKG_CONFIG_PATH} PYTHONPATH=/home/autoware/Autoware/install/vector_map_msgs/lib/python2.7/dist-packages:/home/autoware/Autoware/install/tablet_socket_msgs/lib/python2.7/dist-packages:/home/autoware/Autoware/install/autoware_msgs/lib/python2.7/dist-packages:/home/autoware/Autoware/install/autoware_lanelet2_msgs/lib/python2.7/dist-packages:/home/autoware/Autoware/install/autoware_config_msgs/lib/python2.7/dist-packages:${PYTHONPATH} ROS_PACKAGE_PATH=/home/autoware/Autoware/install/libwaypoint_follower/share:/home/autoware/Autoware/install/lanelet2_extension/share:/home/autoware/Autoware/install/vector_map/share:/home/autoware/Autoware/install/amathutils_lib/share:/home/autoware/Autoware/install/vector_map_msgs/share:/home/autoware/Autoware/install/tablet_socket_msgs/share:/home/autoware/Autoware/install/gnss/share:/home/autoware/Autoware/install/autoware_msgs/share:/home/autoware/Autoware/install/autoware_lanelet2_msgs/share:/home/autoware/Autoware/install/autoware_config_msgs/share:/home/autoware/Autoware/install/autoware_build_flags/share:${ROS_PACKAGE_PATH} /usr/bin/cmake /home/autoware/Autoware/src/autoware/core_planning/lane_planner -DCMAKE_BUILD_TYPE=Release -DCATKIN_INSTALL_INTO_PREFIX_ROOT=0 -DCMAKE_INSTALL_PREFIX=/home/autoware/Autoware/install/lane_planner
[0.114s] -- The C compiler identification is GNU 7.5.0
[0.180s] -- The CXX compiler identification is GNU 7.5.0
[0.187s] -- Check for working C compiler: /usr/bin/cc
[0.282s] -- Check for working C compiler: /usr/bin/cc -- works
[0.282s] -- Detecting C compiler ABI info
[0.397s] -- Detecting C compiler ABI info - done
[0.408s] -- Detecting C compile features
[0.723s] -- Detecting C compile features - done
[0.726s] -- Check for working CXX compiler: /usr/bin/c++
[0.821s] -- Check for working CXX compiler: /usr/bin/c++ -- works
[0.822s] -- Detecting CXX compiler ABI info
[0.926s] -- Detecting CXX compiler ABI info - done
[0.928s] -- Detecting CXX compile features
[1.350s] -- Detecting CXX compile features - done
[1.354s] -- CUDA compilation status: ON.
[1.357s] -- Using CATKIN_DEVEL_PREFIX: /home/autoware/Autoware/build/lane_planner/devel
[1.358s] -- Using CMAKE_PREFIX_PATH: /home/autoware/Autoware/install/libwaypoint_follower;/home/autoware/Autoware/install/lanelet2_extension;/home/autoware/Autoware/install/vector_map;/home/autoware/Autoware/install/amathutils_lib;/home/autoware/Autoware/install/vector_map_msgs;/home/autoware/Autoware/install/tablet_socket_msgs;/home/autoware/Autoware/install/gnss;/home/autoware/Autoware/install/autoware_msgs;/home/autoware/Autoware/install/autoware_lanelet2_msgs;/home/autoware/Autoware/install/autoware_config_msgs;/home/autoware/Autoware/install/autoware_build_flags;/opt/ros/melodic
[1.360s] -- This workspace overlays: /home/autoware/Autoware/install/libwaypoint_follower;/home/autoware/Autoware/install/lanelet2_extension;/home/autoware/Autoware/install/vector_map;/home/autoware/Autoware/install/amathutils_lib;/home/autoware/Autoware/install/vector_map_msgs;/home/autoware/Autoware/install/tablet_socket_msgs;/home/autoware/Autoware/install/gnss;/home/autoware/Autoware/install/autoware_msgs;/home/autoware/Autoware/install/autoware_lanelet2_msgs;/home/autoware/Autoware/install/autoware_config_msgs;/home/autoware/Autoware/install/autoware_build_flags;/opt/ros/melodic
[1.382s] -- Found PythonInterp: /usr/bin/python2 (found suitable version "2.7.17", minimum required is "2") 
[1.382s] -- Using PYTHON_EXECUTABLE: /usr/bin/python2
[1.382s] -- Using Debian Python package layout
[1.382s] -- Using empy: /usr/bin/empy
[1.534s] -- Using CATKIN_ENABLE_TESTING: ON
[1.534s] -- Call enable_testing()
[1.536s] -- Using CATKIN_TEST_RESULTS_DIR: /home/autoware/Autoware/build/lane_planner/test_results
[1.566s] -- Found gtest sources under '/usr/src/googletest': gtests will be built
[1.566s] -- Found gmock sources under '/usr/src/googletest': gmock will be built
[1.583s] -- Found PythonInterp: /usr/bin/python2 (found version "2.7.17") 
[1.584s] -- Looking for pthread.h
[1.676s] -- Looking for pthread.h - found
[1.678s] -- Looking for pthread_create
[1.771s] -- Looking for pthread_create - not found
[1.771s] -- Looking for pthread_create in pthreads
[1.833s] -- Looking for pthread_create in pthreads - not found
[1.834s] -- Looking for pthread_create in pthread
[1.914s] -- Looking for pthread_create in pthread - found
[1.916s] -- Found Threads: TRUE  
[1.920s] -- Using Python nosetests: /usr/bin/nosetests-2.7
[1.969s] -- catkin 0.7.26
[1.969s] -- BUILD_SHARED_LIBS is on
[2.185s] -- Using these message generators: gencpp;geneus;genlisp;gennodejs;genpy
[2.512s] -- Boost version: 1.65.1
[2.512s] -- Found the following Boost libraries:
[2.512s] --   wserialization
[2.512s] --   thread
[2.512s] --   random
[2.512s] --   serialization
[2.512s] --   log_setup
[2.513s] --   prg_exec_monitor
[2.513s] --   wave
[2.513s] --   system
[2.513s] --   chrono
[2.513s] --   filesystem
[2.513s] --   locale
[2.513s] --   timer
[2.513s] --   date_time
[2.513s] --   regex
[2.514s] --   graph
[2.514s] --   program_options
[2.514s] --   unit_test_framework
[2.514s] --   log
[2.514s] --   atomic
[2.841s] -- Found OpenMP_C: -fopenmp (found version "4.5") 
[2.952s] -- Found OpenMP_CXX: -fopenmp (found version "4.5") 
[2.954s] -- Found OpenMP: TRUE (found version "4.5")  
[2.965s] -- Found pugixml: /usr/lib/x86_64-linux-gnu/libpugixml.so  
[2.986s] -- Found PkgConfig: /usr/bin/pkg-config (found version "0.29.1") 
[2.988s] -- Found GeographicLib: /usr/lib/x86_64-linux-gnu/libGeographic.so  
[3.327s] -- Configuring done
[3.477s] -- Generating done
[3.492s] -- Build files have been written to: /home/autoware/Autoware/build/lane_planner
[3.499s] Invoked command in '/home/autoware/Autoware/build/lane_planner' returned '0': CMAKE_PREFIX_PATH=/home/autoware/Autoware/install/libwaypoint_follower:/home/autoware/Autoware/install/lanelet2_extension:/home/autoware/Autoware/install/vector_map:/home/autoware/Autoware/install/amathutils_lib:/home/autoware/Autoware/install/vector_map_msgs:/home/autoware/Autoware/install/tablet_socket_msgs:/home/autoware/Autoware/install/gnss:/home/autoware/Autoware/install/autoware_msgs:/home/autoware/Autoware/install/autoware_lanelet2_msgs:/home/autoware/Autoware/install/autoware_config_msgs:/home/autoware/Autoware/install/autoware_build_flags:${CMAKE_PREFIX_PATH} LD_LIBRARY_PATH=/home/autoware/Autoware/install/libwaypoint_follower/lib:/home/autoware/Autoware/install/lanelet2_extension/lib:/home/autoware/Autoware/install/vector_map/lib:/home/autoware/Autoware/install/amathutils_lib/lib:/home/autoware/Autoware/install/gnss/lib:${LD_LIBRARY_PATH} PKG_CONFIG_PATH=/home/autoware/Autoware/install/libwaypoint_follower/lib/x86_64-linux-gnu/pkgconfig:/home/autoware/Autoware/install/libwaypoint_follower/lib/pkgconfig:/home/autoware/Autoware/install/lanelet2_extension/lib/x86_64-linux-gnu/pkgconfig:/home/autoware/Autoware/install/lanelet2_extension/lib/pkgconfig:/home/autoware/Autoware/install/vector_map/lib/x86_64-linux-gnu/pkgconfig:/home/autoware/Autoware/install/vector_map/lib/pkgconfig:/home/autoware/Autoware/install/amathutils_lib/lib/x86_64-linux-gnu/pkgconfig:/home/autoware/Autoware/install/amathutils_lib/lib/pkgconfig:/home/autoware/Autoware/install/vector_map_msgs/lib/x86_64-linux-gnu/pkgconfig:/home/autoware/Autoware/install/vector_map_msgs/lib/pkgconfig:/home/autoware/Autoware/install/tablet_socket_msgs/lib/x86_64-linux-gnu/pkgconfig:/home/autoware/Autoware/install/tablet_socket_msgs/lib/pkgconfig:/home/autoware/Autoware/install/gnss/lib/x86_64-linux-gnu/pkgconfig:/home/autoware/Autoware/install/gnss/lib/pkgconfig:/home/autoware/Autoware/install/autoware_msgs/lib/x86_64-linux-gnu/pkgconfig:/home/autoware/Autoware/install/autoware_msgs/lib/pkgconfig:/home/autoware/Autoware/install/autoware_lanelet2_msgs/lib/x86_64-linux-gnu/pkgconfig:/home/autoware/Autoware/install/autoware_lanelet2_msgs/lib/pkgconfig:/home/autoware/Autoware/install/autoware_config_msgs/lib/x86_64-linux-gnu/pkgconfig:/home/autoware/Autoware/install/autoware_config_msgs/lib/pkgconfig:/home/autoware/Autoware/install/autoware_build_flags/lib/x86_64-linux-gnu/pkgconfig:/home/autoware/Autoware/install/autoware_build_flags/lib/pkgconfig:${PKG_CONFIG_PATH} PYTHONPATH=/home/autoware/Autoware/install/vector_map_msgs/lib/python2.7/dist-packages:/home/autoware/Autoware/install/tablet_socket_msgs/lib/python2.7/dist-packages:/home/autoware/Autoware/install/autoware_msgs/lib/python2.7/dist-packages:/home/autoware/Autoware/install/autoware_lanelet2_msgs/lib/python2.7/dist-packages:/home/autoware/Autoware/install/autoware_config_msgs/lib/python2.7/dist-packages:${PYTHONPATH} ROS_PACKAGE_PATH=/home/autoware/Autoware/install/libwaypoint_follower/share:/home/autoware/Autoware/install/lanelet2_extension/share:/home/autoware/Autoware/install/vector_map/share:/home/autoware/Autoware/install/amathutils_lib/share:/home/autoware/Autoware/install/vector_map_msgs/share:/home/autoware/Autoware/install/tablet_socket_msgs/share:/home/autoware/Autoware/install/gnss/share:/home/autoware/Autoware/install/autoware_msgs/share:/home/autoware/Autoware/install/autoware_lanelet2_msgs/share:/home/autoware/Autoware/install/autoware_config_msgs/share:/home/autoware/Autoware/install/autoware_build_flags/share:${ROS_PACKAGE_PATH} /usr/bin/cmake /home/autoware/Autoware/src/autoware/core_planning/lane_planner -DCMAKE_BUILD_TYPE=Release -DCATKIN_INSTALL_INTO_PREFIX_ROOT=0 -DCMAKE_INSTALL_PREFIX=/home/autoware/Autoware/install/lane_planner
[3.502s] Invoking command in '/home/autoware/Autoware/build/lane_planner': CMAKE_PREFIX_PATH=/home/autoware/Autoware/install/libwaypoint_follower:/home/autoware/Autoware/install/lanelet2_extension:/home/autoware/Autoware/install/vector_map:/home/autoware/Autoware/install/amathutils_lib:/home/autoware/Autoware/install/vector_map_msgs:/home/autoware/Autoware/install/tablet_socket_msgs:/home/autoware/Autoware/install/gnss:/home/autoware/Autoware/install/autoware_msgs:/home/autoware/Autoware/install/autoware_lanelet2_msgs:/home/autoware/Autoware/install/autoware_config_msgs:/home/autoware/Autoware/install/autoware_build_flags:${CMAKE_PREFIX_PATH} LD_LIBRARY_PATH=/home/autoware/Autoware/install/libwaypoint_follower/lib:/home/autoware/Autoware/install/lanelet2_extension/lib:/home/autoware/Autoware/install/vector_map/lib:/home/autoware/Autoware/install/amathutils_lib/lib:/home/autoware/Autoware/install/gnss/lib:${LD_LIBRARY_PATH} PKG_CONFIG_PATH=/home/autoware/Autoware/install/libwaypoint_follower/lib/x86_64-linux-gnu/pkgconfig:/home/autoware/Autoware/install/libwaypoint_follower/lib/pkgconfig:/home/autoware/Autoware/install/lanelet2_extension/lib/x86_64-linux-gnu/pkgconfig:/home/autoware/Autoware/install/lanelet2_extension/lib/pkgconfig:/home/autoware/Autoware/install/vector_map/lib/x86_64-linux-gnu/pkgconfig:/home/autoware/Autoware/install/vector_map/lib/pkgconfig:/home/autoware/Autoware/install/amathutils_lib/lib/x86_64-linux-gnu/pkgconfig:/home/autoware/Autoware/install/amathutils_lib/lib/pkgconfig:/home/autoware/Autoware/install/vector_map_msgs/lib/x86_64-linux-gnu/pkgconfig:/home/autoware/Autoware/install/vector_map_msgs/lib/pkgconfig:/home/autoware/Autoware/install/tablet_socket_msgs/lib/x86_64-linux-gnu/pkgconfig:/home/autoware/Autoware/install/tablet_socket_msgs/lib/pkgconfig:/home/autoware/Autoware/install/gnss/lib/x86_64-linux-gnu/pkgconfig:/home/autoware/Autoware/install/gnss/lib/pkgconfig:/home/autoware/Autoware/install/autoware_msgs/lib/x86_64-linux-gnu/pkgconfig:/home/autoware/Autoware/install/autoware_msgs/lib/pkgconfig:/home/autoware/Autoware/install/autoware_lanelet2_msgs/lib/x86_64-linux-gnu/pkgconfig:/home/autoware/Autoware/install/autoware_lanelet2_msgs/lib/pkgconfig:/home/autoware/Autoware/install/autoware_config_msgs/lib/x86_64-linux-gnu/pkgconfig:/home/autoware/Autoware/install/autoware_config_msgs/lib/pkgconfig:/home/autoware/Autoware/install/autoware_build_flags/lib/x86_64-linux-gnu/pkgconfig:/home/autoware/Autoware/install/autoware_build_flags/lib/pkgconfig:${PKG_CONFIG_PATH} PYTHONPATH=/home/autoware/Autoware/install/vector_map_msgs/lib/python2.7/dist-packages:/home/autoware/Autoware/install/tablet_socket_msgs/lib/python2.7/dist-packages:/home/autoware/Autoware/install/autoware_msgs/lib/python2.7/dist-packages:/home/autoware/Autoware/install/autoware_lanelet2_msgs/lib/python2.7/dist-packages:/home/autoware/Autoware/install/autoware_config_msgs/lib/python2.7/dist-packages:${PYTHONPATH} ROS_PACKAGE_PATH=/home/autoware/Autoware/install/libwaypoint_follower/share:/home/autoware/Autoware/install/lanelet2_extension/share:/home/autoware/Autoware/install/vector_map/share:/home/autoware/Autoware/install/amathutils_lib/share:/home/autoware/Autoware/install/vector_map_msgs/share:/home/autoware/Autoware/install/tablet_socket_msgs/share:/home/autoware/Autoware/install/gnss/share:/home/autoware/Autoware/install/autoware_msgs/share:/home/autoware/Autoware/install/autoware_lanelet2_msgs/share:/home/autoware/Autoware/install/autoware_config_msgs/share:/home/autoware/Autoware/install/autoware_build_flags/share:${ROS_PACKAGE_PATH} /usr/bin/cmake --build /home/autoware/Autoware/build/lane_planner -- -j2 -l2
[3.568s] Scanning dependencies of target autoware_lanelet2_msgs_generate_messages_lisp
[3.582s] [  0%] Built target autoware_lanelet2_msgs_generate_messages_lisp
[3.595s] Scanning dependencies of target vector_map_msgs_generate_messages_py
[3.608s] [  0%] Built target vector_map_msgs_generate_messages_py
[3.622s] Scanning dependencies of target vector_map_msgs_generate_messages_nodejs
[3.635s] [  0%] Built target vector_map_msgs_generate_messages_nodejs
[3.648s] Scanning dependencies of target vector_map_msgs_generate_messages_lisp
[3.662s] [  0%] Built target vector_map_msgs_generate_messages_lisp
[3.675s] Scanning dependencies of target vector_map_msgs_generate_messages_eus
[3.689s] [  0%] Built target vector_map_msgs_generate_messages_eus
[3.701s] Scanning dependencies of target vector_map_msgs_generate_messages_cpp
[3.714s] [  0%] Built target vector_map_msgs_generate_messages_cpp
[3.728s] Scanning dependencies of target visualization_msgs_generate_messages_py
[3.742s] [  0%] Built target visualization_msgs_generate_messages_py
[3.756s] Scanning dependencies of target tablet_socket_msgs_generate_messages_lisp
[3.770s] [  0%] Built target tablet_socket_msgs_generate_messages_lisp
[3.784s] Scanning dependencies of target visualization_msgs_generate_messages_nodejs
[3.797s] [  0%] Built target visualization_msgs_generate_messages_nodejs
[3.811s] Scanning dependencies of target visualization_msgs_generate_messages_eus
[3.824s] [  0%] Built target visualization_msgs_generate_messages_eus
[3.838s] Scanning dependencies of target sensor_msgs_generate_messages_nodejs
[3.849s] [  0%] Built target sensor_msgs_generate_messages_nodejs
[3.862s] Scanning dependencies of target roscpp_generate_messages_cpp
[3.877s] [  0%] Built target roscpp_generate_messages_cpp
[3.891s] Scanning dependencies of target actionlib_generate_messages_cpp
[3.904s] [  0%] Built target actionlib_generate_messages_cpp
[3.920s] Scanning dependencies of target rosgraph_msgs_generate_messages_eus
[3.933s] [  0%] Built target rosgraph_msgs_generate_messages_eus
[3.947s] Scanning dependencies of target jsk_recognition_msgs_generate_messages_lisp
[3.960s] [  0%] Built target jsk_recognition_msgs_generate_messages_lisp
[3.973s] Scanning dependencies of target jsk_recognition_msgs_generate_messages_eus
[3.986s] [  0%] Built target jsk_recognition_msgs_generate_messages_eus
[4.001s] Scanning dependencies of target tf2_msgs_generate_messages_cpp
[4.013s] [  0%] Built target tf2_msgs_generate_messages_cpp
[4.027s] Scanning dependencies of target geometry_msgs_generate_messages_py
[4.040s] [  0%] Built target geometry_msgs_generate_messages_py
[4.054s] Scanning dependencies of target geometry_msgs_generate_messages_lisp
[4.067s] [  0%] Built target geometry_msgs_generate_messages_lisp
[4.081s] Scanning dependencies of target geometry_msgs_generate_messages_eus
[4.095s] [  0%] Built target geometry_msgs_generate_messages_eus
[4.108s] Scanning dependencies of target autoware_msgs_generate_messages_lisp
[4.122s] [  0%] Built target autoware_msgs_generate_messages_lisp
[4.136s] Scanning dependencies of target pcl_msgs_generate_messages_cpp
[4.148s] [  0%] Built target pcl_msgs_generate_messages_cpp
[4.161s] Scanning dependencies of target sensor_msgs_generate_messages_lisp
[4.174s] [  0%] Built target sensor_msgs_generate_messages_lisp
[4.188s] Scanning dependencies of target jsk_recognition_msgs_generate_messages_cpp
[4.201s] [  0%] Built target jsk_recognition_msgs_generate_messages_cpp
[4.214s] Scanning dependencies of target autoware_msgs_generate_messages_eus
[4.228s] [  0%] Built target autoware_msgs_generate_messages_eus
[4.243s] Scanning dependencies of target jsk_recognition_msgs_generate_messages_py
[4.258s] [  0%] Built target jsk_recognition_msgs_generate_messages_py
[4.273s] Scanning dependencies of target sensor_msgs_generate_messages_py
[4.287s] [  0%] Built target sensor_msgs_generate_messages_py
[4.300s] Scanning dependencies of target tablet_socket_msgs_generate_messages_nodejs
[4.313s] [  0%] Built target tablet_socket_msgs_generate_messages_nodejs
[4.325s] Scanning dependencies of target tf_generate_messages_py
[4.337s] [  0%] Built target tf_generate_messages_py
[4.350s] Scanning dependencies of target autoware_msgs_generate_messages_py
[4.361s] [  0%] Built target autoware_msgs_generate_messages_py
[4.376s] Scanning dependencies of target std_msgs_generate_messages_py
[4.391s] [  0%] Built target std_msgs_generate_messages_py
[4.407s] Scanning dependencies of target std_msgs_generate_messages_cpp
[4.422s] [  0%] Built target std_msgs_generate_messages_cpp
[4.435s] Scanning dependencies of target tablet_socket_msgs_generate_messages_py
[4.448s] [  0%] Built target tablet_socket_msgs_generate_messages_py
[4.460s] Scanning dependencies of target jsk_footstep_msgs_generate_messages_py
[4.472s] [  0%] Built target jsk_footstep_msgs_generate_messages_py
[4.485s] Scanning dependencies of target actionlib_msgs_generate_messages_nodejs
[4.498s] [  0%] Built target actionlib_msgs_generate_messages_nodejs
[4.511s] Scanning dependencies of target autoware_config_msgs_generate_messages_py
[4.523s] [  0%] Built target autoware_config_msgs_generate_messages_py
[4.536s] Scanning dependencies of target roscpp_generate_messages_eus
[4.548s] [  0%] Built target roscpp_generate_messages_eus
[4.561s] Scanning dependencies of target actionlib_msgs_generate_messages_eus
[4.574s] [  0%] Built target actionlib_msgs_generate_messages_eus
[4.589s] Scanning dependencies of target rosgraph_msgs_generate_messages_py
[4.603s] [  0%] Built target rosgraph_msgs_generate_messages_py
[4.618s] Scanning dependencies of target autoware_msgs_generate_messages_nodejs
[4.631s] [  0%] Built target autoware_msgs_generate_messages_nodejs
[4.645s] Scanning dependencies of target visualization_msgs_generate_messages_lisp
[4.659s] [  0%] Built target visualization_msgs_generate_messages_lisp
[4.672s] Scanning dependencies of target std_msgs_generate_messages_eus
[4.686s] [  0%] Built target std_msgs_generate_messages_eus
[4.700s] Scanning dependencies of target geometry_msgs_generate_messages_nodejs
[4.713s] [  0%] Built target geometry_msgs_generate_messages_nodejs
[4.727s] Scanning dependencies of target autoware_config_msgs_generate_messages_eus
[4.740s] [  0%] Built target autoware_config_msgs_generate_messages_eus
[4.756s] Scanning dependencies of target tablet_socket_msgs_generate_messages_cpp
[4.770s] [  0%] Built target tablet_socket_msgs_generate_messages_cpp
[4.783s] Scanning dependencies of target autoware_config_msgs_generate_messages_lisp
[4.797s] [  0%] Built target autoware_config_msgs_generate_messages_lisp
[4.809s] Scanning dependencies of target sensor_msgs_generate_messages_eus
[4.822s] [  0%] Built target sensor_msgs_generate_messages_eus
[4.834s] Scanning dependencies of target sensor_msgs_generate_messages_cpp
[4.847s] [  0%] Built target sensor_msgs_generate_messages_cpp
[4.862s] Scanning dependencies of target roscpp_generate_messages_nodejs
[4.883s] [  0%] Built target roscpp_generate_messages_nodejs
[4.895s] Scanning dependencies of target std_msgs_generate_messages_lisp
[4.907s] [  0%] Built target std_msgs_generate_messages_lisp
[4.924s] Scanning dependencies of target std_msgs_generate_messages_nodejs
[4.937s] [  0%] Built target std_msgs_generate_messages_nodejs
[4.952s] Scanning dependencies of target autoware_msgs_generate_messages_cpp
[4.968s] [  0%] Built target autoware_msgs_generate_messages_cpp
[4.982s] Scanning dependencies of target rosgraph_msgs_generate_messages_cpp
[4.995s] [  0%] Built target rosgraph_msgs_generate_messages_cpp
[5.015s] Scanning dependencies of target pcl_msgs_generate_messages_eus
[5.028s] [  0%] Built target pcl_msgs_generate_messages_eus
[5.042s] Scanning dependencies of target pcl_msgs_generate_messages_nodejs
[5.054s] [  0%] Built target pcl_msgs_generate_messages_nodejs
[5.067s] Scanning dependencies of target jsk_footstep_msgs_generate_messages_eus
[5.079s] [  0%] Built target jsk_footstep_msgs_generate_messages_eus
[5.091s] Scanning dependencies of target actionlib_msgs_generate_messages_py
[5.104s] [  0%] Built target actionlib_msgs_generate_messages_py
[5.116s] Scanning dependencies of target jsk_footstep_msgs_generate_messages_lisp
[5.128s] [  0%] Built target jsk_footstep_msgs_generate_messages_lisp
[5.141s] Scanning dependencies of target jsk_footstep_msgs_generate_messages_nodejs
[5.154s] [  0%] Built target jsk_footstep_msgs_generate_messages_nodejs
[5.167s] Scanning dependencies of target actionlib_msgs_generate_messages_lisp
[5.179s] [  0%] Built target actionlib_msgs_generate_messages_lisp
[5.192s] Scanning dependencies of target jsk_footstep_msgs_generate_messages_cpp
[5.205s] [  0%] Built target jsk_footstep_msgs_generate_messages_cpp
[5.218s] Scanning dependencies of target actionlib_msgs_generate_messages_cpp
[5.230s] [  0%] Built target actionlib_msgs_generate_messages_cpp
[5.244s] Scanning dependencies of target tf_generate_messages_eus
[5.258s] [  0%] Built target tf_generate_messages_eus
[5.271s] Scanning dependencies of target tf_generate_messages_lisp
[5.284s] [  0%] Built target tf_generate_messages_lisp
[5.298s] Scanning dependencies of target autoware_config_msgs_generate_messages_nodejs
[5.310s] [  0%] Built target autoware_config_msgs_generate_messages_nodejs
[5.323s] Scanning dependencies of target tf_generate_messages_nodejs
[5.335s] [  0%] Built target tf_generate_messages_nodejs
[5.347s] Scanning dependencies of target autoware_lanelet2_msgs_generate_messages_cpp
[5.359s] [  0%] Built target autoware_lanelet2_msgs_generate_messages_cpp
[5.372s] Scanning dependencies of target autoware_lanelet2_msgs_generate_messages_py
[5.384s] [  0%] Built target autoware_lanelet2_msgs_generate_messages_py
[5.396s] Scanning dependencies of target jsk_recognition_msgs_generate_messages_nodejs
[5.408s] [  0%] Built target jsk_recognition_msgs_generate_messages_nodejs
[5.426s] Scanning dependencies of target roscpp_generate_messages_lisp
[5.437s] [  0%] Built target roscpp_generate_messages_lisp
[5.450s] Scanning dependencies of target autoware_lanelet2_msgs_generate_messages_nodejs
[5.464s] [  0%] Built target autoware_lanelet2_msgs_generate_messages_nodejs
[5.478s] Scanning dependencies of target roscpp_generate_messages_py
[5.492s] [  0%] Built target roscpp_generate_messages_py
[5.505s] Scanning dependencies of target rosgraph_msgs_generate_messages_lisp
[5.521s] [  0%] Built target rosgraph_msgs_generate_messages_lisp
[5.535s] Scanning dependencies of target autoware_config_msgs_generate_messages_cpp
[5.549s] [  0%] Built target autoware_config_msgs_generate_messages_cpp
[5.563s] Scanning dependencies of target rosgraph_msgs_generate_messages_nodejs
[5.576s] [  0%] Built target rosgraph_msgs_generate_messages_nodejs
[5.591s] Scanning dependencies of target pcl_msgs_generate_messages_py
[5.605s] [  0%] Built target pcl_msgs_generate_messages_py
[5.619s] Scanning dependencies of target actionlib_generate_messages_eus
[5.634s] [  0%] Built target actionlib_generate_messages_eus
[5.648s] Scanning dependencies of target geometry_msgs_generate_messages_cpp
[5.662s] [  0%] Built target geometry_msgs_generate_messages_cpp
[5.675s] Scanning dependencies of target actionlib_generate_messages_lisp
[5.687s] [  0%] Built target actionlib_generate_messages_lisp
[5.699s] Scanning dependencies of target pcl_msgs_generate_messages_lisp
[5.712s] [  0%] Built target pcl_msgs_generate_messages_lisp
[5.725s] Scanning dependencies of target tf_generate_messages_cpp
[5.736s] [  0%] Built target tf_generate_messages_cpp
[5.748s] Scanning dependencies of target actionlib_generate_messages_nodejs
[5.760s] [  0%] Built target actionlib_generate_messages_nodejs
[5.774s] Scanning dependencies of target tablet_socket_msgs_generate_messages_eus
[5.789s] [  0%] Built target tablet_socket_msgs_generate_messages_eus
[5.803s] Scanning dependencies of target visualization_msgs_generate_messages_cpp
[5.817s] [  0%] Built target visualization_msgs_generate_messages_cpp
[5.830s] Scanning dependencies of target tf2_msgs_generate_messages_eus
[5.842s] [  0%] Built target tf2_msgs_generate_messages_eus
[5.855s] Scanning dependencies of target tf2_msgs_generate_messages_lisp
[5.866s] [  0%] Built target tf2_msgs_generate_messages_lisp
[5.879s] Scanning dependencies of target actionlib_generate_messages_py
[5.891s] [  0%] Built target actionlib_generate_messages_py
[5.904s] Scanning dependencies of target tf2_msgs_generate_messages_py
[5.919s] [  0%] Built target tf2_msgs_generate_messages_py
[5.931s] Scanning dependencies of target autoware_lanelet2_msgs_generate_messages_eus
[5.943s] [  0%] Built target autoware_lanelet2_msgs_generate_messages_eus
[5.955s] Scanning dependencies of target tf2_msgs_generate_messages_nodejs
[5.967s] [  0%] Built target tf2_msgs_generate_messages_nodejs
[6.016s] Scanning dependencies of target lane_select
[6.033s] [  7%] Building CXX object CMakeFiles/lane_select.dir/nodes/lane_select/lane_select_node.cpp.o
[9.876s] [ 14%] Building CXX object CMakeFiles/lane_select.dir/nodes/lane_select/lane_select_core.cpp.o
[17.270s] [ 21%] Building CXX object CMakeFiles/lane_select.dir/nodes/lane_select/hermite_curve.cpp.o
[18.915s] [ 28%] Linking CXX executable devel/lib/lane_planner/lane_select
[19.121s] [ 28%] Built target lane_select
[19.160s] Scanning dependencies of target lane_planner
[19.181s] [ 35%] Building CXX object CMakeFiles/lane_planner.dir/lib/lane_planner/lane_planner_vmap.cpp.o
[21.983s] [ 42%] Linking CXX shared library devel/lib/liblane_planner.so
[22.115s] [ 42%] Built target lane_planner
[22.150s] Scanning dependencies of target lane_stop
[22.171s] [ 50%] Building CXX object CMakeFiles/lane_stop.dir/nodes/lane_stop/lane_stop.cpp.o
[25.619s] [ 57%] Linking CXX executable devel/lib/lane_planner/lane_stop
[25.796s] [ 57%] Built target lane_stop
[25.872s] Scanning dependencies of target lane_rule_lanelet2
[25.899s] [ 64%] Building CXX object CMakeFiles/lane_rule_lanelet2.dir/nodes/lane_rule_lanelet2/lane_rule_lanelet2.cpp.o
[39.298s] [ 71%] Linking CXX executable devel/lib/lane_planner/lane_rule_lanelet2
[39.503s] [ 71%] Built target lane_rule_lanelet2
[39.539s] Scanning dependencies of target lane_rule
[39.561s] [ 78%] Building CXX object CMakeFiles/lane_rule.dir/nodes/lane_rule/lane_rule.cpp.o
[44.678s] [ 85%] Linking CXX executable devel/lib/lane_planner/lane_rule
[44.859s] [ 85%] Built target lane_rule
[44.897s] Scanning dependencies of target lane_navi
[44.919s] [ 92%] Building CXX object CMakeFiles/lane_navi.dir/nodes/lane_navi/lane_navi.cpp.o
[48.993s] [100%] Linking CXX executable devel/lib/lane_planner/lane_navi
[49.165s] [100%] Built target lane_navi
[49.183s] Invoked command in '/home/autoware/Autoware/build/lane_planner' returned '0': CMAKE_PREFIX_PATH=/home/autoware/Autoware/install/libwaypoint_follower:/home/autoware/Autoware/install/lanelet2_extension:/home/autoware/Autoware/install/vector_map:/home/autoware/Autoware/install/amathutils_lib:/home/autoware/Autoware/install/vector_map_msgs:/home/autoware/Autoware/install/tablet_socket_msgs:/home/autoware/Autoware/install/gnss:/home/autoware/Autoware/install/autoware_msgs:/home/autoware/Autoware/install/autoware_lanelet2_msgs:/home/autoware/Autoware/install/autoware_config_msgs:/home/autoware/Autoware/install/autoware_build_flags:${CMAKE_PREFIX_PATH} LD_LIBRARY_PATH=/home/autoware/Autoware/install/libwaypoint_follower/lib:/home/autoware/Autoware/install/lanelet2_extension/lib:/home/autoware/Autoware/install/vector_map/lib:/home/autoware/Autoware/install/amathutils_lib/lib:/home/autoware/Autoware/install/gnss/lib:${LD_LIBRARY_PATH} PKG_CONFIG_PATH=/home/autoware/Autoware/install/libwaypoint_follower/lib/x86_64-linux-gnu/pkgconfig:/home/autoware/Autoware/install/libwaypoint_follower/lib/pkgconfig:/home/autoware/Autoware/install/lanelet2_extension/lib/x86_64-linux-gnu/pkgconfig:/home/autoware/Autoware/install/lanelet2_extension/lib/pkgconfig:/home/autoware/Autoware/install/vector_map/lib/x86_64-linux-gnu/pkgconfig:/home/autoware/Autoware/install/vector_map/lib/pkgconfig:/home/autoware/Autoware/install/amathutils_lib/lib/x86_64-linux-gnu/pkgconfig:/home/autoware/Autoware/install/amathutils_lib/lib/pkgconfig:/home/autoware/Autoware/install/vector_map_msgs/lib/x86_64-linux-gnu/pkgconfig:/home/autoware/Autoware/install/vector_map_msgs/lib/pkgconfig:/home/autoware/Autoware/install/tablet_socket_msgs/lib/x86_64-linux-gnu/pkgconfig:/home/autoware/Autoware/install/tablet_socket_msgs/lib/pkgconfig:/home/autoware/Autoware/install/gnss/lib/x86_64-linux-gnu/pkgconfig:/home/autoware/Autoware/install/gnss/lib/pkgconfig:/home/autoware/Autoware/install/autoware_msgs/lib/x86_64-linux-gnu/pkgconfig:/home/autoware/Autoware/install/autoware_msgs/lib/pkgconfig:/home/autoware/Autoware/install/autoware_lanelet2_msgs/lib/x86_64-linux-gnu/pkgconfig:/home/autoware/Autoware/install/autoware_lanelet2_msgs/lib/pkgconfig:/home/autoware/Autoware/install/autoware_config_msgs/lib/x86_64-linux-gnu/pkgconfig:/home/autoware/Autoware/install/autoware_config_msgs/lib/pkgconfig:/home/autoware/Autoware/install/autoware_build_flags/lib/x86_64-linux-gnu/pkgconfig:/home/autoware/Autoware/install/autoware_build_flags/lib/pkgconfig:${PKG_CONFIG_PATH} PYTHONPATH=/home/autoware/Autoware/install/vector_map_msgs/lib/python2.7/dist-packages:/home/autoware/Autoware/install/tablet_socket_msgs/lib/python2.7/dist-packages:/home/autoware/Autoware/install/autoware_msgs/lib/python2.7/dist-packages:/home/autoware/Autoware/install/autoware_lanelet2_msgs/lib/python2.7/dist-packages:/home/autoware/Autoware/install/autoware_config_msgs/lib/python2.7/dist-packages:${PYTHONPATH} ROS_PACKAGE_PATH=/home/autoware/Autoware/install/libwaypoint_follower/share:/home/autoware/Autoware/install/lanelet2_extension/share:/home/autoware/Autoware/install/vector_map/share:/home/autoware/Autoware/install/amathutils_lib/share:/home/autoware/Autoware/install/vector_map_msgs/share:/home/autoware/Autoware/install/tablet_socket_msgs/share:/home/autoware/Autoware/install/gnss/share:/home/autoware/Autoware/install/autoware_msgs/share:/home/autoware/Autoware/install/autoware_lanelet2_msgs/share:/home/autoware/Autoware/install/autoware_config_msgs/share:/home/autoware/Autoware/install/autoware_build_flags/share:${ROS_PACKAGE_PATH} /usr/bin/cmake --build /home/autoware/Autoware/build/lane_planner -- -j2 -l2
[49.333s] Invoking command in '/home/autoware/Autoware/build/lane_planner': CMAKE_PREFIX_PATH=/home/autoware/Autoware/install/libwaypoint_follower:/home/autoware/Autoware/install/lanelet2_extension:/home/autoware/Autoware/install/vector_map:/home/autoware/Autoware/install/amathutils_lib:/home/autoware/Autoware/install/vector_map_msgs:/home/autoware/Autoware/install/tablet_socket_msgs:/home/autoware/Autoware/install/gnss:/home/autoware/Autoware/install/autoware_msgs:/home/autoware/Autoware/install/autoware_lanelet2_msgs:/home/autoware/Autoware/install/autoware_config_msgs:/home/autoware/Autoware/install/autoware_build_flags:${CMAKE_PREFIX_PATH} LD_LIBRARY_PATH=/home/autoware/Autoware/install/libwaypoint_follower/lib:/home/autoware/Autoware/install/lanelet2_extension/lib:/home/autoware/Autoware/install/vector_map/lib:/home/autoware/Autoware/install/amathutils_lib/lib:/home/autoware/Autoware/install/gnss/lib:${LD_LIBRARY_PATH} PKG_CONFIG_PATH=/home/autoware/Autoware/install/libwaypoint_follower/lib/x86_64-linux-gnu/pkgconfig:/home/autoware/Autoware/install/libwaypoint_follower/lib/pkgconfig:/home/autoware/Autoware/install/lanelet2_extension/lib/x86_64-linux-gnu/pkgconfig:/home/autoware/Autoware/install/lanelet2_extension/lib/pkgconfig:/home/autoware/Autoware/install/vector_map/lib/x86_64-linux-gnu/pkgconfig:/home/autoware/Autoware/install/vector_map/lib/pkgconfig:/home/autoware/Autoware/install/amathutils_lib/lib/x86_64-linux-gnu/pkgconfig:/home/autoware/Autoware/install/amathutils_lib/lib/pkgconfig:/home/autoware/Autoware/install/vector_map_msgs/lib/x86_64-linux-gnu/pkgconfig:/home/autoware/Autoware/install/vector_map_msgs/lib/pkgconfig:/home/autoware/Autoware/install/tablet_socket_msgs/lib/x86_64-linux-gnu/pkgconfig:/home/autoware/Autoware/install/tablet_socket_msgs/lib/pkgconfig:/home/autoware/Autoware/install/gnss/lib/x86_64-linux-gnu/pkgconfig:/home/autoware/Autoware/install/gnss/lib/pkgconfig:/home/autoware/Autoware/install/autoware_msgs/lib/x86_64-linux-gnu/pkgconfig:/home/autoware/Autoware/install/autoware_msgs/lib/pkgconfig:/home/autoware/Autoware/install/autoware_lanelet2_msgs/lib/x86_64-linux-gnu/pkgconfig:/home/autoware/Autoware/install/autoware_lanelet2_msgs/lib/pkgconfig:/home/autoware/Autoware/install/autoware_config_msgs/lib/x86_64-linux-gnu/pkgconfig:/home/autoware/Autoware/install/autoware_config_msgs/lib/pkgconfig:/home/autoware/Autoware/install/autoware_build_flags/lib/x86_64-linux-gnu/pkgconfig:/home/autoware/Autoware/install/autoware_build_flags/lib/pkgconfig:${PKG_CONFIG_PATH} PYTHONPATH=/home/autoware/Autoware/install/vector_map_msgs/lib/python2.7/dist-packages:/home/autoware/Autoware/install/tablet_socket_msgs/lib/python2.7/dist-packages:/home/autoware/Autoware/install/autoware_msgs/lib/python2.7/dist-packages:/home/autoware/Autoware/install/autoware_lanelet2_msgs/lib/python2.7/dist-packages:/home/autoware/Autoware/install/autoware_config_msgs/lib/python2.7/dist-packages:${PYTHONPATH} ROS_PACKAGE_PATH=/home/autoware/Autoware/install/libwaypoint_follower/share:/home/autoware/Autoware/install/lanelet2_extension/share:/home/autoware/Autoware/install/vector_map/share:/home/autoware/Autoware/install/amathutils_lib/share:/home/autoware/Autoware/install/vector_map_msgs/share:/home/autoware/Autoware/install/tablet_socket_msgs/share:/home/autoware/Autoware/install/gnss/share:/home/autoware/Autoware/install/autoware_msgs/share:/home/autoware/Autoware/install/autoware_lanelet2_msgs/share:/home/autoware/Autoware/install/autoware_config_msgs/share:/home/autoware/Autoware/install/autoware_build_flags/share:${ROS_PACKAGE_PATH} /usr/bin/cmake --build /home/autoware/Autoware/build/lane_planner --target tests -- -j2 -l2
[49.415s] Scanning dependencies of target gtest
[49.428s] [ 16%] Building CXX object gtest/googlemock/gtest/CMakeFiles/gtest.dir/src/gtest-all.cc.o
[54.411s] [ 33%] Linking CXX shared library libgtest.so
[54.506s] [ 33%] Built target gtest
[54.536s] [ 33%] Built target vector_map_msgs_generate_messages_py
[54.564s] [ 33%] Built target vector_map_msgs_generate_messages_nodejs
[54.592s] [ 33%] Built target vector_map_msgs_generate_messages_lisp
[54.621s] [ 33%] Built target vector_map_msgs_generate_messages_eus
[54.651s] [ 33%] Built target vector_map_msgs_generate_messages_cpp
[54.680s] [ 33%] Built target visualization_msgs_generate_messages_py
[54.709s] [ 33%] Built target tablet_socket_msgs_generate_messages_lisp
[54.736s] [ 33%] Built target visualization_msgs_generate_messages_nodejs
[54.765s] [ 33%] Built target visualization_msgs_generate_messages_eus
[54.796s] [ 33%] Built target sensor_msgs_generate_messages_nodejs
[54.826s] [ 33%] Built target roscpp_generate_messages_cpp
[54.861s] [ 33%] Built target actionlib_generate_messages_cpp
[54.891s] [ 33%] Built target rosgraph_msgs_generate_messages_eus
[54.922s] [ 33%] Built target jsk_recognition_msgs_generate_messages_lisp
[54.957s] [ 33%] Built target jsk_recognition_msgs_generate_messages_eus
[54.990s] [ 33%] Built target tf2_msgs_generate_messages_cpp
[55.017s] [ 33%] Built target geometry_msgs_generate_messages_py
[55.046s] [ 33%] Built target geometry_msgs_generate_messages_lisp
[55.074s] [ 33%] Built target geometry_msgs_generate_messages_eus
[55.100s] [ 33%] Built target autoware_msgs_generate_messages_lisp
[55.128s] [ 33%] Built target pcl_msgs_generate_messages_cpp
[55.154s] [ 33%] Built target sensor_msgs_generate_messages_lisp
[55.183s] [ 33%] Built target jsk_recognition_msgs_generate_messages_cpp
[55.214s] [ 33%] Built target autoware_msgs_generate_messages_eus
[55.244s] [ 33%] Built target jsk_recognition_msgs_generate_messages_py
[55.273s] [ 33%] Built target sensor_msgs_generate_messages_py
[55.303s] [ 33%] Built target tablet_socket_msgs_generate_messages_nodejs
[55.333s] [ 33%] Built target tf_generate_messages_py
[55.360s] [ 33%] Built target autoware_msgs_generate_messages_py
[55.393s] [ 33%] Built target std_msgs_generate_messages_py
[55.423s] [ 33%] Built target std_msgs_generate_messages_cpp
[55.449s] [ 33%] Built target tablet_socket_msgs_generate_messages_py
[55.476s] [ 33%] Built target jsk_footstep_msgs_generate_messages_py
[55.502s] [ 33%] Built target actionlib_msgs_generate_messages_nodejs
[55.529s] [ 33%] Built target autoware_config_msgs_generate_messages_py
[55.553s] [ 33%] Built target roscpp_generate_messages_eus
[55.579s] [ 33%] Built target actionlib_msgs_generate_messages_eus
[55.604s] [ 33%] Built target rosgraph_msgs_generate_messages_py
[55.632s] [ 33%] Built target autoware_msgs_generate_messages_nodejs
[55.662s] [ 33%] Built target visualization_msgs_generate_messages_lisp
[55.692s] [ 33%] Built target std_msgs_generate_messages_eus
[55.720s] [ 33%] Built target geometry_msgs_generate_messages_nodejs
[55.744s] [ 33%] Built target autoware_config_msgs_generate_messages_eus
[55.767s] [ 33%] Built target tablet_socket_msgs_generate_messages_cpp
[55.793s] [ 33%] Built target autoware_config_msgs_generate_messages_lisp
[55.826s] [ 33%] Built target sensor_msgs_generate_messages_eus
[55.855s] [ 33%] Built target sensor_msgs_generate_messages_cpp
[55.882s] [ 33%] Built target roscpp_generate_messages_nodejs
[55.907s] [ 33%] Built target std_msgs_generate_messages_lisp
[55.931s] [ 33%] Built target std_msgs_generate_messages_nodejs
[55.954s] [ 33%] Built target autoware_msgs_generate_messages_cpp
[55.978s] [ 33%] Built target rosgraph_msgs_generate_messages_cpp
[56.002s] [ 33%] Built target pcl_msgs_generate_messages_eus
[56.026s] [ 33%] Built target pcl_msgs_generate_messages_nodejs
[56.049s] [ 33%] Built target jsk_footstep_msgs_generate_messages_eus
[56.072s] [ 33%] Built target actionlib_msgs_generate_messages_py
[56.096s] [ 33%] Built target jsk_footstep_msgs_generate_messages_lisp
[56.121s] [ 33%] Built target jsk_footstep_msgs_generate_messages_nodejs
[56.147s] [ 33%] Built target actionlib_msgs_generate_messages_lisp
[56.170s] [ 33%] Built target jsk_footstep_msgs_generate_messages_cpp
[56.193s] [ 33%] Built target actionlib_msgs_generate_messages_cpp
[56.220s] [ 33%] Built target tf_generate_messages_eus
[56.245s] [ 33%] Built target tf_generate_messages_lisp
[56.270s] [ 33%] Built target autoware_config_msgs_generate_messages_nodejs
[56.295s] [ 33%] Built target tf_generate_messages_nodejs
[56.324s] [ 33%] Built target autoware_lanelet2_msgs_generate_messages_cpp
[56.354s] [ 33%] Built target autoware_lanelet2_msgs_generate_messages_py
[56.378s] [ 33%] Built target jsk_recognition_msgs_generate_messages_nodejs
[56.409s] [ 33%] Built target roscpp_generate_messages_lisp
[56.436s] [ 33%] Built target autoware_lanelet2_msgs_generate_messages_nodejs
[56.460s] [ 33%] Built target roscpp_generate_messages_py
[56.484s] [ 33%] Built target rosgraph_msgs_generate_messages_lisp
[56.509s] [ 33%] Built target autoware_config_msgs_generate_messages_cpp
[56.533s] [ 33%] Built target rosgraph_msgs_generate_messages_nodejs
[56.565s] [ 33%] Built target pcl_msgs_generate_messages_py
[56.591s] [ 33%] Built target actionlib_generate_messages_eus
[56.617s] [ 33%] Built target geometry_msgs_generate_messages_cpp
[56.644s] [ 33%] Built target actionlib_generate_messages_lisp
[56.673s] [ 33%] Built target pcl_msgs_generate_messages_lisp
[56.698s] [ 33%] Built target tf_generate_messages_cpp
[56.721s] [ 33%] Built target actionlib_generate_messages_nodejs
[56.746s] [ 33%] Built target tablet_socket_msgs_generate_messages_eus
[56.771s] [ 33%] Built target visualization_msgs_generate_messages_cpp
[56.795s] [ 33%] Built target tf2_msgs_generate_messages_eus
[56.826s] [ 33%] Built target tf2_msgs_generate_messages_lisp
[56.852s] [ 33%] Built target actionlib_generate_messages_py
[56.879s] [ 33%] Built target tf2_msgs_generate_messages_py
[56.905s] [ 33%] Built target autoware_lanelet2_msgs_generate_messages_eus
[56.931s] [ 33%] Built target tf2_msgs_generate_messages_nodejs
[56.955s] [ 33%] Built target autoware_lanelet2_msgs_generate_messages_lisp
[57.003s] Scanning dependencies of target test-lane_select
[57.028s] [ 50%] Building CXX object CMakeFiles/test-lane_select.dir/test/src/test_lane_select.cpp.o
[62.508s] [ 66%] Building CXX object CMakeFiles/test-lane_select.dir/nodes/lane_select/lane_select_core.cpp.o
[69.593s] [ 83%] Building CXX object CMakeFiles/test-lane_select.dir/nodes/lane_select/hermite_curve.cpp.o
[71.443s] [100%] Linking CXX executable devel/lib/lane_planner/test-lane_select
[71.668s] [100%] Built target test-lane_select
[71.685s] Scanning dependencies of target tests
[71.701s] [100%] Built target tests
[71.719s] Invoked command in '/home/autoware/Autoware/build/lane_planner' returned '0': CMAKE_PREFIX_PATH=/home/autoware/Autoware/install/libwaypoint_follower:/home/autoware/Autoware/install/lanelet2_extension:/home/autoware/Autoware/install/vector_map:/home/autoware/Autoware/install/amathutils_lib:/home/autoware/Autoware/install/vector_map_msgs:/home/autoware/Autoware/install/tablet_socket_msgs:/home/autoware/Autoware/install/gnss:/home/autoware/Autoware/install/autoware_msgs:/home/autoware/Autoware/install/autoware_lanelet2_msgs:/home/autoware/Autoware/install/autoware_config_msgs:/home/autoware/Autoware/install/autoware_build_flags:${CMAKE_PREFIX_PATH} LD_LIBRARY_PATH=/home/autoware/Autoware/install/libwaypoint_follower/lib:/home/autoware/Autoware/install/lanelet2_extension/lib:/home/autoware/Autoware/install/vector_map/lib:/home/autoware/Autoware/install/amathutils_lib/lib:/home/autoware/Autoware/install/gnss/lib:${LD_LIBRARY_PATH} PKG_CONFIG_PATH=/home/autoware/Autoware/install/libwaypoint_follower/lib/x86_64-linux-gnu/pkgconfig:/home/autoware/Autoware/install/libwaypoint_follower/lib/pkgconfig:/home/autoware/Autoware/install/lanelet2_extension/lib/x86_64-linux-gnu/pkgconfig:/home/autoware/Autoware/install/lanelet2_extension/lib/pkgconfig:/home/autoware/Autoware/install/vector_map/lib/x86_64-linux-gnu/pkgconfig:/home/autoware/Autoware/install/vector_map/lib/pkgconfig:/home/autoware/Autoware/install/amathutils_lib/lib/x86_64-linux-gnu/pkgconfig:/home/autoware/Autoware/install/amathutils_lib/lib/pkgconfig:/home/autoware/Autoware/install/vector_map_msgs/lib/x86_64-linux-gnu/pkgconfig:/home/autoware/Autoware/install/vector_map_msgs/lib/pkgconfig:/home/autoware/Autoware/install/tablet_socket_msgs/lib/x86_64-linux-gnu/pkgconfig:/home/autoware/Autoware/install/tablet_socket_msgs/lib/pkgconfig:/home/autoware/Autoware/install/gnss/lib/x86_64-linux-gnu/pkgconfig:/home/autoware/Autoware/install/gnss/lib/pkgconfig:/home/autoware/Autoware/install/autoware_msgs/lib/x86_64-linux-gnu/pkgconfig:/home/autoware/Autoware/install/autoware_msgs/lib/pkgconfig:/home/autoware/Autoware/install/autoware_lanelet2_msgs/lib/x86_64-linux-gnu/pkgconfig:/home/autoware/Autoware/install/autoware_lanelet2_msgs/lib/pkgconfig:/home/autoware/Autoware/install/autoware_config_msgs/lib/x86_64-linux-gnu/pkgconfig:/home/autoware/Autoware/install/autoware_config_msgs/lib/pkgconfig:/home/autoware/Autoware/install/autoware_build_flags/lib/x86_64-linux-gnu/pkgconfig:/home/autoware/Autoware/install/autoware_build_flags/lib/pkgconfig:${PKG_CONFIG_PATH} PYTHONPATH=/home/autoware/Autoware/install/vector_map_msgs/lib/python2.7/dist-packages:/home/autoware/Autoware/install/tablet_socket_msgs/lib/python2.7/dist-packages:/home/autoware/Autoware/install/autoware_msgs/lib/python2.7/dist-packages:/home/autoware/Autoware/install/autoware_lanelet2_msgs/lib/python2.7/dist-packages:/home/autoware/Autoware/install/autoware_config_msgs/lib/python2.7/dist-packages:${PYTHONPATH} ROS_PACKAGE_PATH=/home/autoware/Autoware/install/libwaypoint_follower/share:/home/autoware/Autoware/install/lanelet2_extension/share:/home/autoware/Autoware/install/vector_map/share:/home/autoware/Autoware/install/amathutils_lib/share:/home/autoware/Autoware/install/vector_map_msgs/share:/home/autoware/Autoware/install/tablet_socket_msgs/share:/home/autoware/Autoware/install/gnss/share:/home/autoware/Autoware/install/autoware_msgs/share:/home/autoware/Autoware/install/autoware_lanelet2_msgs/share:/home/autoware/Autoware/install/autoware_config_msgs/share:/home/autoware/Autoware/install/autoware_build_flags/share:${ROS_PACKAGE_PATH} /usr/bin/cmake --build /home/autoware/Autoware/build/lane_planner --target tests -- -j2 -l2
[71.893s] Invoking command in '/home/autoware/Autoware/build/lane_planner': CMAKE_PREFIX_PATH=/home/autoware/Autoware/install/libwaypoint_follower:/home/autoware/Autoware/install/lanelet2_extension:/home/autoware/Autoware/install/vector_map:/home/autoware/Autoware/install/amathutils_lib:/home/autoware/Autoware/install/vector_map_msgs:/home/autoware/Autoware/install/tablet_socket_msgs:/home/autoware/Autoware/install/gnss:/home/autoware/Autoware/install/autoware_msgs:/home/autoware/Autoware/install/autoware_lanelet2_msgs:/home/autoware/Autoware/install/autoware_config_msgs:/home/autoware/Autoware/install/autoware_build_flags:${CMAKE_PREFIX_PATH} LD_LIBRARY_PATH=/home/autoware/Autoware/install/libwaypoint_follower/lib:/home/autoware/Autoware/install/lanelet2_extension/lib:/home/autoware/Autoware/install/vector_map/lib:/home/autoware/Autoware/install/amathutils_lib/lib:/home/autoware/Autoware/install/gnss/lib:${LD_LIBRARY_PATH} PKG_CONFIG_PATH=/home/autoware/Autoware/install/libwaypoint_follower/lib/x86_64-linux-gnu/pkgconfig:/home/autoware/Autoware/install/libwaypoint_follower/lib/pkgconfig:/home/autoware/Autoware/install/lanelet2_extension/lib/x86_64-linux-gnu/pkgconfig:/home/autoware/Autoware/install/lanelet2_extension/lib/pkgconfig:/home/autoware/Autoware/install/vector_map/lib/x86_64-linux-gnu/pkgconfig:/home/autoware/Autoware/install/vector_map/lib/pkgconfig:/home/autoware/Autoware/install/amathutils_lib/lib/x86_64-linux-gnu/pkgconfig:/home/autoware/Autoware/install/amathutils_lib/lib/pkgconfig:/home/autoware/Autoware/install/vector_map_msgs/lib/x86_64-linux-gnu/pkgconfig:/home/autoware/Autoware/install/vector_map_msgs/lib/pkgconfig:/home/autoware/Autoware/install/tablet_socket_msgs/lib/x86_64-linux-gnu/pkgconfig:/home/autoware/Autoware/install/tablet_socket_msgs/lib/pkgconfig:/home/autoware/Autoware/install/gnss/lib/x86_64-linux-gnu/pkgconfig:/home/autoware/Autoware/install/gnss/lib/pkgconfig:/home/autoware/Autoware/install/autoware_msgs/lib/x86_64-linux-gnu/pkgconfig:/home/autoware/Autoware/install/autoware_msgs/lib/pkgconfig:/home/autoware/Autoware/install/autoware_lanelet2_msgs/lib/x86_64-linux-gnu/pkgconfig:/home/autoware/Autoware/install/autoware_lanelet2_msgs/lib/pkgconfig:/home/autoware/Autoware/install/autoware_config_msgs/lib/x86_64-linux-gnu/pkgconfig:/home/autoware/Autoware/install/autoware_config_msgs/lib/pkgconfig:/home/autoware/Autoware/install/autoware_build_flags/lib/x86_64-linux-gnu/pkgconfig:/home/autoware/Autoware/install/autoware_build_flags/lib/pkgconfig:${PKG_CONFIG_PATH} PYTHONPATH=/home/autoware/Autoware/install/vector_map_msgs/lib/python2.7/dist-packages:/home/autoware/Autoware/install/tablet_socket_msgs/lib/python2.7/dist-packages:/home/autoware/Autoware/install/autoware_msgs/lib/python2.7/dist-packages:/home/autoware/Autoware/install/autoware_lanelet2_msgs/lib/python2.7/dist-packages:/home/autoware/Autoware/install/autoware_config_msgs/lib/python2.7/dist-packages:${PYTHONPATH} ROS_PACKAGE_PATH=/home/autoware/Autoware/install/libwaypoint_follower/share:/home/autoware/Autoware/install/lanelet2_extension/share:/home/autoware/Autoware/install/vector_map/share:/home/autoware/Autoware/install/amathutils_lib/share:/home/autoware/Autoware/install/vector_map_msgs/share:/home/autoware/Autoware/install/tablet_socket_msgs/share:/home/autoware/Autoware/install/gnss/share:/home/autoware/Autoware/install/autoware_msgs/share:/home/autoware/Autoware/install/autoware_lanelet2_msgs/share:/home/autoware/Autoware/install/autoware_config_msgs/share:/home/autoware/Autoware/install/autoware_build_flags/share:${ROS_PACKAGE_PATH} /usr/bin/cmake --build /home/autoware/Autoware/build/lane_planner --target install -- -j2 -l2
[71.971s] [  0%] Built target autoware_lanelet2_msgs_generate_messages_lisp
[71.998s] [  0%] Built target vector_map_msgs_generate_messages_py
[72.024s] [  0%] Built target vector_map_msgs_generate_messages_nodejs
[72.054s] [  0%] Built target vector_map_msgs_generate_messages_lisp
[72.089s] [  0%] Built target vector_map_msgs_generate_messages_eus
[72.126s] [  0%] Built target vector_map_msgs_generate_messages_cpp
[72.158s] [  0%] Built target visualization_msgs_generate_messages_py
[72.190s] [  0%] Built target tablet_socket_msgs_generate_messages_lisp
[72.222s] [  0%] Built target visualization_msgs_generate_messages_nodejs
[72.250s] [  0%] Built target visualization_msgs_generate_messages_eus
[72.277s] [  0%] Built target sensor_msgs_generate_messages_nodejs
[72.305s] [  0%] Built target roscpp_generate_messages_cpp
[72.338s] [  0%] Built target actionlib_generate_messages_cpp
[72.365s] [  0%] Built target rosgraph_msgs_generate_messages_eus
[72.394s] [  0%] Built target jsk_recognition_msgs_generate_messages_lisp
[72.422s] [  0%] Built target jsk_recognition_msgs_generate_messages_eus
[72.455s] [  0%] Built target tf2_msgs_generate_messages_cpp
[72.491s] [  0%] Built target geometry_msgs_generate_messages_py
[72.520s] [  0%] Built target geometry_msgs_generate_messages_lisp
[72.550s] [  0%] Built target geometry_msgs_generate_messages_eus
[72.580s] [  0%] Built target autoware_msgs_generate_messages_lisp
[72.610s] [  0%] Built target pcl_msgs_generate_messages_cpp
[72.641s] [  0%] Built target sensor_msgs_generate_messages_lisp
[72.673s] [  0%] Built target jsk_recognition_msgs_generate_messages_cpp
[72.705s] [  0%] Built target autoware_msgs_generate_messages_eus
[72.736s] [  0%] Built target jsk_recognition_msgs_generate_messages_py
[72.767s] [  0%] Built target sensor_msgs_generate_messages_py
[72.797s] [  0%] Built target tablet_socket_msgs_generate_messages_nodejs
[72.826s] [  0%] Built target tf_generate_messages_py
[72.853s] [  0%] Built target autoware_msgs_generate_messages_py
[72.887s] [  0%] Built target std_msgs_generate_messages_py
[72.916s] [  0%] Built target std_msgs_generate_messages_cpp
[72.944s] [  0%] Built target tablet_socket_msgs_generate_messages_py
[72.972s] [  0%] Built target jsk_footstep_msgs_generate_messages_py
[73.000s] [  0%] Built target actionlib_msgs_generate_messages_nodejs
[73.032s] [  0%] Built target autoware_config_msgs_generate_messages_py
[73.061s] [  0%] Built target roscpp_generate_messages_eus
[73.094s] [  0%] Built target actionlib_msgs_generate_messages_eus
[73.125s] [  0%] Built target rosgraph_msgs_generate_messages_py
[73.160s] [  0%] Built target autoware_msgs_generate_messages_nodejs
[73.191s] [  0%] Built target visualization_msgs_generate_messages_lisp
[73.227s] [  0%] Built target std_msgs_generate_messages_eus
[73.258s] [  0%] Built target geometry_msgs_generate_messages_nodejs
[73.287s] [  0%] Built target autoware_config_msgs_generate_messages_eus
[73.319s] [  0%] Built target tablet_socket_msgs_generate_messages_cpp
[73.355s] [  0%] Built target autoware_config_msgs_generate_messages_lisp
[73.389s] [  0%] Built target sensor_msgs_generate_messages_eus
[73.424s] [  0%] Built target sensor_msgs_generate_messages_cpp
[73.457s] [  0%] Built target roscpp_generate_messages_nodejs
[73.494s] [  0%] Built target std_msgs_generate_messages_lisp
[73.526s] [  0%] Built target std_msgs_generate_messages_nodejs
[73.557s] [  0%] Built target autoware_msgs_generate_messages_cpp
[73.588s] [  0%] Built target rosgraph_msgs_generate_messages_cpp
[73.617s] [  0%] Built target pcl_msgs_generate_messages_eus
[73.647s] [  0%] Built target pcl_msgs_generate_messages_nodejs
[73.678s] [  0%] Built target jsk_footstep_msgs_generate_messages_eus
[73.714s] [  0%] Built target actionlib_msgs_generate_messages_py
[73.749s] [  0%] Built target jsk_footstep_msgs_generate_messages_lisp
[73.783s] [  0%] Built target jsk_footstep_msgs_generate_messages_nodejs
[73.815s] [  0%] Built target actionlib_msgs_generate_messages_lisp
[73.845s] [  0%] Built target jsk_footstep_msgs_generate_messages_cpp
[73.874s] [  0%] Built target actionlib_msgs_generate_messages_cpp
[73.905s] [  0%] Built target tf_generate_messages_eus
[73.935s] [  0%] Built target tf_generate_messages_lisp
[73.966s] [  0%] Built target autoware_config_msgs_generate_messages_nodejs
[73.997s] [  0%] Built target tf_generate_messages_nodejs
[74.028s] [  0%] Built target autoware_lanelet2_msgs_generate_messages_cpp
[74.059s] [  0%] Built target autoware_lanelet2_msgs_generate_messages_py
[74.089s] [  0%] Built target jsk_recognition_msgs_generate_messages_nodejs
[74.118s] [  0%] Built target roscpp_generate_messages_lisp
[74.145s] [  0%] Built target autoware_lanelet2_msgs_generate_messages_nodejs
[74.172s] [  0%] Built target roscpp_generate_messages_py
[74.201s] [  0%] Built target rosgraph_msgs_generate_messages_lisp
[74.232s] [  0%] Built target autoware_config_msgs_generate_messages_cpp
[74.262s] [  0%] Built target rosgraph_msgs_generate_messages_nodejs
[74.292s] [  0%] Built target pcl_msgs_generate_messages_py
[74.320s] [  0%] Built target actionlib_generate_messages_eus
[74.349s] [  0%] Built target geometry_msgs_generate_messages_cpp
[74.376s] [  0%] Built target actionlib_generate_messages_lisp
[74.404s] [  0%] Built target pcl_msgs_generate_messages_lisp
[74.431s] [  0%] Built target tf_generate_messages_cpp
[74.458s] [  0%] Built target actionlib_generate_messages_nodejs
[74.486s] [  0%] Built target tablet_socket_msgs_generate_messages_eus
[74.515s] [  0%] Built target visualization_msgs_generate_messages_cpp
[74.544s] [  0%] Built target tf2_msgs_generate_messages_eus
[74.575s] [  0%] Built target tf2_msgs_generate_messages_lisp
[74.606s] [  0%] Built target actionlib_generate_messages_py
[74.635s] [  0%] Built target tf2_msgs_generate_messages_py
[74.663s] [  0%] Built target autoware_lanelet2_msgs_generate_messages_eus
[74.691s] [  0%] Built target tf2_msgs_generate_messages_nodejs
[74.732s] [ 28%] Built target lane_select
[74.770s] [ 42%] Built target lane_planner
[74.810s] [ 57%] Built target lane_stop
[74.858s] [ 71%] Built target lane_rule_lanelet2
[74.899s] [ 85%] Built target lane_rule
[74.943s] [100%] Built target lane_navi
[74.977s] Install the project...
[74.990s] -- Install configuration: "Release"
[74.990s] -- Installing: /home/autoware/Autoware/install/lane_planner/lib/pkgconfig/lane_planner.pc
[74.991s] -- Installing: /home/autoware/Autoware/install/lane_planner/share/lane_planner/cmake/lane_plannerConfig.cmake
[74.991s] -- Installing: /home/autoware/Autoware/install/lane_planner/share/lane_planner/cmake/lane_plannerConfig-version.cmake
[74.992s] -- Installing: /home/autoware/Autoware/install/lane_planner/share/lane_planner/package.xml
[74.992s] -- Installing: /home/autoware/Autoware/install/lane_planner/include/lane_planner
[74.993s] -- Installing: /home/autoware/Autoware/install/lane_planner/include/lane_planner/lane_planner_vmap.hpp
[74.993s] -- Installing: /home/autoware/Autoware/install/lane_planner/lib/lane_planner/lane_navi
[74.994s] -- Set runtime path of "/home/autoware/Autoware/install/lane_planner/lib/lane_planner/lane_navi" to ""
[74.995s] -- Installing: /home/autoware/Autoware/install/lane_planner/lib/liblane_planner.so
[74.995s] -- Set runtime path of "/home/autoware/Autoware/install/lane_planner/lib/liblane_planner.so" to ""
[74.996s] -- Installing: /home/autoware/Autoware/install/lane_planner/lib/lane_planner/lane_rule
[74.997s] -- Set runtime path of "/home/autoware/Autoware/install/lane_planner/lib/lane_planner/lane_rule" to ""
[74.997s] -- Installing: /home/autoware/Autoware/install/lane_planner/lib/lane_planner/lane_rule_lanelet2
[74.999s] -- Set runtime path of "/home/autoware/Autoware/install/lane_planner/lib/lane_planner/lane_rule_lanelet2" to ""
[75.000s] -- Installing: /home/autoware/Autoware/install/lane_planner/lib/lane_planner/lane_select
[75.003s] -- Set runtime path of "/home/autoware/Autoware/install/lane_planner/lib/lane_planner/lane_select" to ""
[75.003s] -- Installing: /home/autoware/Autoware/install/lane_planner/lib/lane_planner/lane_stop
[75.004s] -- Set runtime path of "/home/autoware/Autoware/install/lane_planner/lib/lane_planner/lane_stop" to ""
[75.004s] -- Installing: /home/autoware/Autoware/install/lane_planner/share/lane_planner/launch
[75.005s] -- Installing: /home/autoware/Autoware/install/lane_planner/share/lane_planner/launch/lane_navi.launch
[75.006s] -- Installing: /home/autoware/Autoware/install/lane_planner/share/lane_planner/launch/lane_select.launch
[75.007s] -- Installing: /home/autoware/Autoware/install/lane_planner/share/lane_planner/launch/lane_rule_option.launch
[75.018s] Invoked command in '/home/autoware/Autoware/build/lane_planner' returned '0': CMAKE_PREFIX_PATH=/home/autoware/Autoware/install/libwaypoint_follower:/home/autoware/Autoware/install/lanelet2_extension:/home/autoware/Autoware/install/vector_map:/home/autoware/Autoware/install/amathutils_lib:/home/autoware/Autoware/install/vector_map_msgs:/home/autoware/Autoware/install/tablet_socket_msgs:/home/autoware/Autoware/install/gnss:/home/autoware/Autoware/install/autoware_msgs:/home/autoware/Autoware/install/autoware_lanelet2_msgs:/home/autoware/Autoware/install/autoware_config_msgs:/home/autoware/Autoware/install/autoware_build_flags:${CMAKE_PREFIX_PATH} LD_LIBRARY_PATH=/home/autoware/Autoware/install/libwaypoint_follower/lib:/home/autoware/Autoware/install/lanelet2_extension/lib:/home/autoware/Autoware/install/vector_map/lib:/home/autoware/Autoware/install/amathutils_lib/lib:/home/autoware/Autoware/install/gnss/lib:${LD_LIBRARY_PATH} PKG_CONFIG_PATH=/home/autoware/Autoware/install/libwaypoint_follower/lib/x86_64-linux-gnu/pkgconfig:/home/autoware/Autoware/install/libwaypoint_follower/lib/pkgconfig:/home/autoware/Autoware/install/lanelet2_extension/lib/x86_64-linux-gnu/pkgconfig:/home/autoware/Autoware/install/lanelet2_extension/lib/pkgconfig:/home/autoware/Autoware/install/vector_map/lib/x86_64-linux-gnu/pkgconfig:/home/autoware/Autoware/install/vector_map/lib/pkgconfig:/home/autoware/Autoware/install/amathutils_lib/lib/x86_64-linux-gnu/pkgconfig:/home/autoware/Autoware/install/amathutils_lib/lib/pkgconfig:/home/autoware/Autoware/install/vector_map_msgs/lib/x86_64-linux-gnu/pkgconfig:/home/autoware/Autoware/install/vector_map_msgs/lib/pkgconfig:/home/autoware/Autoware/install/tablet_socket_msgs/lib/x86_64-linux-gnu/pkgconfig:/home/autoware/Autoware/install/tablet_socket_msgs/lib/pkgconfig:/home/autoware/Autoware/install/gnss/lib/x86_64-linux-gnu/pkgconfig:/home/autoware/Autoware/install/gnss/lib/pkgconfig:/home/autoware/Autoware/install/autoware_msgs/lib/x86_64-linux-gnu/pkgconfig:/home/autoware/Autoware/install/autoware_msgs/lib/pkgconfig:/home/autoware/Autoware/install/autoware_lanelet2_msgs/lib/x86_64-linux-gnu/pkgconfig:/home/autoware/Autoware/install/autoware_lanelet2_msgs/lib/pkgconfig:/home/autoware/Autoware/install/autoware_config_msgs/lib/x86_64-linux-gnu/pkgconfig:/home/autoware/Autoware/install/autoware_config_msgs/lib/pkgconfig:/home/autoware/Autoware/install/autoware_build_flags/lib/x86_64-linux-gnu/pkgconfig:/home/autoware/Autoware/install/autoware_build_flags/lib/pkgconfig:${PKG_CONFIG_PATH} PYTHONPATH=/home/autoware/Autoware/install/vector_map_msgs/lib/python2.7/dist-packages:/home/autoware/Autoware/install/tablet_socket_msgs/lib/python2.7/dist-packages:/home/autoware/Autoware/install/autoware_msgs/lib/python2.7/dist-packages:/home/autoware/Autoware/install/autoware_lanelet2_msgs/lib/python2.7/dist-packages:/home/autoware/Autoware/install/autoware_config_msgs/lib/python2.7/dist-packages:${PYTHONPATH} ROS_PACKAGE_PATH=/home/autoware/Autoware/install/libwaypoint_follower/share:/home/autoware/Autoware/install/lanelet2_extension/share:/home/autoware/Autoware/install/vector_map/share:/home/autoware/Autoware/install/amathutils_lib/share:/home/autoware/Autoware/install/vector_map_msgs/share:/home/autoware/Autoware/install/tablet_socket_msgs/share:/home/autoware/Autoware/install/gnss/share:/home/autoware/Autoware/install/autoware_msgs/share:/home/autoware/Autoware/install/autoware_lanelet2_msgs/share:/home/autoware/Autoware/install/autoware_config_msgs/share:/home/autoware/Autoware/install/autoware_build_flags/share:${ROS_PACKAGE_PATH} /usr/bin/cmake --build /home/autoware/Autoware/build/lane_planner --target install -- -j2 -l2
