[0.050s] Invoking command in '/home/autoware/Autoware/build/op_local_planner': CMAKE_PREFIX_PATH=/home/autoware/Autoware/install/op_ros_helpers:/home/autoware/Autoware/install/op_simu:/home/autoware/Autoware/install/op_planner:/home/autoware/Autoware/install/op_utility:/home/autoware/Autoware/install/map_file:/home/autoware/Autoware/install/vector_map_server:/home/autoware/Autoware/install/libwaypoint_follower:/home/autoware/Autoware/install/lanelet2_extension:/home/autoware/Autoware/install/vector_map:/home/autoware/Autoware/install/amathutils_lib:/home/autoware/Autoware/install/vector_map_msgs:/home/autoware/Autoware/install/autoware_msgs:/home/autoware/Autoware/install/autoware_lanelet2_msgs:/home/autoware/Autoware/install/autoware_can_msgs:/home/autoware/Autoware/install/autoware_build_flags:${CMAKE_PREFIX_PATH} LD_LIBRARY_PATH=/home/autoware/Autoware/install/op_ros_helpers/lib:/home/autoware/Autoware/install/op_simu/lib:/home/autoware/Autoware/install/op_planner/lib:/home/autoware/Autoware/install/op_utility/lib:/home/autoware/Autoware/install/map_file/lib:/home/autoware/Autoware/install/libwaypoint_follower/lib:/home/autoware/Autoware/install/lanelet2_extension/lib:/home/autoware/Autoware/install/vector_map/lib:/home/autoware/Autoware/install/amathutils_lib/lib:${LD_LIBRARY_PATH} PKG_CONFIG_PATH=/home/autoware/Autoware/install/op_ros_helpers/lib/x86_64-linux-gnu/pkgconfig:/home/autoware/Autoware/install/op_ros_helpers/lib/pkgconfig:/home/autoware/Autoware/install/op_simu/lib/x86_64-linux-gnu/pkgconfig:/home/autoware/Autoware/install/op_simu/lib/pkgconfig:/home/autoware/Autoware/install/op_planner/lib/x86_64-linux-gnu/pkgconfig:/home/autoware/Autoware/install/op_planner/lib/pkgconfig:/home/autoware/Autoware/install/op_utility/lib/x86_64-linux-gnu/pkgconfig:/home/autoware/Autoware/install/op_utility/lib/pkgconfig:/home/autoware/Autoware/install/map_file/lib/x86_64-linux-gnu/pkgconfig:/home/autoware/Autoware/install/map_file/lib/pkgconfig:/home/autoware/Autoware/install/vector_map_server/lib/x86_64-linux-gnu/pkgconfig:/home/autoware/Autoware/install/vector_map_server/lib/pkgconfig:/home/autoware/Autoware/install/libwaypoint_follower/lib/x86_64-linux-gnu/pkgconfig:/home/autoware/Autoware/install/libwaypoint_follower/lib/pkgconfig:/home/autoware/Autoware/install/lanelet2_extension/lib/x86_64-linux-gnu/pkgconfig:/home/autoware/Autoware/install/lanelet2_extension/lib/pkgconfig:/home/autoware/Autoware/install/vector_map/lib/x86_64-linux-gnu/pkgconfig:/home/autoware/Autoware/install/vector_map/lib/pkgconfig:/home/autoware/Autoware/install/amathutils_lib/lib/x86_64-linux-gnu/pkgconfig:/home/autoware/Autoware/install/amathutils_lib/lib/pkgconfig:/home/autoware/Autoware/install/vector_map_msgs/lib/x86_64-linux-gnu/pkgconfig:/home/autoware/Autoware/install/vector_map_msgs/lib/pkgconfig:/home/autoware/Autoware/install/autoware_msgs/lib/x86_64-linux-gnu/pkgconfig:/home/autoware/Autoware/install/autoware_msgs/lib/pkgconfig:/home/autoware/Autoware/install/autoware_lanelet2_msgs/lib/x86_64-linux-gnu/pkgconfig:/home/autoware/Autoware/install/autoware_lanelet2_msgs/lib/pkgconfig:/home/autoware/Autoware/install/autoware_can_msgs/lib/x86_64-linux-gnu/pkgconfig:/home/autoware/Autoware/install/autoware_can_msgs/lib/pkgconfig:/home/autoware/Autoware/install/autoware_build_flags/lib/x86_64-linux-gnu/pkgconfig:/home/autoware/Autoware/install/autoware_build_flags/lib/pkgconfig:${PKG_CONFIG_PATH} PYTHONPATH=/home/autoware/Autoware/install/vector_map_server/lib/python2.7/dist-packages:/home/autoware/Autoware/install/vector_map_msgs/lib/python2.7/dist-packages:/home/autoware/Autoware/install/autoware_msgs/lib/python2.7/dist-packages:/home/autoware/Autoware/install/autoware_lanelet2_msgs/lib/python2.7/dist-packages:/home/autoware/Autoware/install/autoware_can_msgs/lib/python2.7/dist-packages:${PYTHONPATH} ROS_PACKAGE_PATH=/home/autoware/Autoware/install/op_ros_helpers/share:/home/autoware/Autoware/install/op_simu/share:/home/autoware/Autoware/install/op_planner/share:/home/autoware/Autoware/install/op_utility/share:/home/autoware/Autoware/install/map_file/share:/home/autoware/Autoware/install/vector_map_server/share:/home/autoware/Autoware/install/libwaypoint_follower/share:/home/autoware/Autoware/install/lanelet2_extension/share:/home/autoware/Autoware/install/vector_map/share:/home/autoware/Autoware/install/amathutils_lib/share:/home/autoware/Autoware/install/vector_map_msgs/share:/home/autoware/Autoware/install/autoware_msgs/share:/home/autoware/Autoware/install/autoware_lanelet2_msgs/share:/home/autoware/Autoware/install/autoware_can_msgs/share:/home/autoware/Autoware/install/autoware_build_flags/share:${ROS_PACKAGE_PATH} /usr/bin/cmake /home/autoware/Autoware/src/autoware/core_planning/op_local_planner -DCMAKE_BUILD_TYPE=Release -DCATKIN_INSTALL_INTO_PREFIX_ROOT=0 -DCMAKE_INSTALL_PREFIX=/home/autoware/Autoware/install/op_local_planner
[0.150s] -- The C compiler identification is GNU 7.5.0
[0.235s] -- The CXX compiler identification is GNU 7.5.0
[0.242s] -- Check for working C compiler: /usr/bin/cc
[0.345s] -- Check for working C compiler: /usr/bin/cc -- works
[0.353s] -- Detecting C compiler ABI info
[0.461s] -- Detecting C compiler ABI info - done
[0.465s] -- Detecting C compile features
[0.786s] -- Detecting C compile features - done
[0.790s] -- Check for working CXX compiler: /usr/bin/c++
[0.905s] -- Check for working CXX compiler: /usr/bin/c++ -- works
[0.905s] -- Detecting CXX compiler ABI info
[1.021s] -- Detecting CXX compiler ABI info - done
[1.026s] -- Detecting CXX compile features
[1.539s] -- Detecting CXX compile features - done
[1.543s] -- CUDA compilation status: ON.
[1.548s] -- Using CATKIN_DEVEL_PREFIX: /home/autoware/Autoware/build/op_local_planner/devel
[1.548s] -- Using CMAKE_PREFIX_PATH: /home/autoware/Autoware/install/op_ros_helpers;/home/autoware/Autoware/install/op_simu;/home/autoware/Autoware/install/op_planner;/home/autoware/Autoware/install/op_utility;/home/autoware/Autoware/install/map_file;/home/autoware/Autoware/install/vector_map_server;/home/autoware/Autoware/install/libwaypoint_follower;/home/autoware/Autoware/install/lanelet2_extension;/home/autoware/Autoware/install/vector_map;/home/autoware/Autoware/install/amathutils_lib;/home/autoware/Autoware/install/vector_map_msgs;/home/autoware/Autoware/install/autoware_msgs;/home/autoware/Autoware/install/autoware_lanelet2_msgs;/home/autoware/Autoware/install/autoware_can_msgs;/home/autoware/Autoware/install/autoware_build_flags;/opt/ros/melodic
[1.549s] -- This workspace overlays: /home/autoware/Autoware/install/op_ros_helpers;/home/autoware/Autoware/install/op_simu;/home/autoware/Autoware/install/op_planner;/home/autoware/Autoware/install/op_utility;/home/autoware/Autoware/install/map_file;/home/autoware/Autoware/install/vector_map_server;/home/autoware/Autoware/install/libwaypoint_follower;/home/autoware/Autoware/install/lanelet2_extension;/home/autoware/Autoware/install/vector_map;/home/autoware/Autoware/install/amathutils_lib;/home/autoware/Autoware/install/vector_map_msgs;/home/autoware/Autoware/install/autoware_msgs;/home/autoware/Autoware/install/autoware_lanelet2_msgs;/home/autoware/Autoware/install/autoware_can_msgs;/home/autoware/Autoware/install/autoware_build_flags;/opt/ros/melodic
[1.573s] -- Found PythonInterp: /usr/bin/python2 (found suitable version "2.7.17", minimum required is "2") 
[1.573s] -- Using PYTHON_EXECUTABLE: /usr/bin/python2
[1.573s] -- Using Debian Python package layout
[1.573s] -- Using empy: /usr/bin/empy
[1.753s] -- Using CATKIN_ENABLE_TESTING: ON
[1.753s] -- Call enable_testing()
[1.758s] -- Using CATKIN_TEST_RESULTS_DIR: /home/autoware/Autoware/build/op_local_planner/test_results
[1.792s] -- Found gtest sources under '/usr/src/googletest': gtests will be built
[1.792s] -- Found gmock sources under '/usr/src/googletest': gmock will be built
[1.817s] -- Found PythonInterp: /usr/bin/python2 (found version "2.7.17") 
[1.817s] -- Looking for pthread.h
[1.925s] -- Looking for pthread.h - found
[1.925s] -- Looking for pthread_create
[2.034s] -- Looking for pthread_create - not found
[2.034s] -- Looking for pthread_create in pthreads
[2.125s] -- Looking for pthread_create in pthreads - not found
[2.125s] -- Looking for pthread_create in pthread
[2.233s] -- Looking for pthread_create in pthread - found
[2.235s] -- Found Threads: TRUE  
[2.240s] -- Using Python nosetests: /usr/bin/nosetests-2.7
[2.300s] -- catkin 0.7.26
[2.300s] -- BUILD_SHARED_LIBS is on
[2.568s] -- Using these message generators: gencpp;geneus;genlisp;gennodejs;genpy
[4.216s] -- Configuring done
[4.518s] -- Generating done
[4.536s] -- Build files have been written to: /home/autoware/Autoware/build/op_local_planner
[4.547s] Invoked command in '/home/autoware/Autoware/build/op_local_planner' returned '0': CMAKE_PREFIX_PATH=/home/autoware/Autoware/install/op_ros_helpers:/home/autoware/Autoware/install/op_simu:/home/autoware/Autoware/install/op_planner:/home/autoware/Autoware/install/op_utility:/home/autoware/Autoware/install/map_file:/home/autoware/Autoware/install/vector_map_server:/home/autoware/Autoware/install/libwaypoint_follower:/home/autoware/Autoware/install/lanelet2_extension:/home/autoware/Autoware/install/vector_map:/home/autoware/Autoware/install/amathutils_lib:/home/autoware/Autoware/install/vector_map_msgs:/home/autoware/Autoware/install/autoware_msgs:/home/autoware/Autoware/install/autoware_lanelet2_msgs:/home/autoware/Autoware/install/autoware_can_msgs:/home/autoware/Autoware/install/autoware_build_flags:${CMAKE_PREFIX_PATH} LD_LIBRARY_PATH=/home/autoware/Autoware/install/op_ros_helpers/lib:/home/autoware/Autoware/install/op_simu/lib:/home/autoware/Autoware/install/op_planner/lib:/home/autoware/Autoware/install/op_utility/lib:/home/autoware/Autoware/install/map_file/lib:/home/autoware/Autoware/install/libwaypoint_follower/lib:/home/autoware/Autoware/install/lanelet2_extension/lib:/home/autoware/Autoware/install/vector_map/lib:/home/autoware/Autoware/install/amathutils_lib/lib:${LD_LIBRARY_PATH} PKG_CONFIG_PATH=/home/autoware/Autoware/install/op_ros_helpers/lib/x86_64-linux-gnu/pkgconfig:/home/autoware/Autoware/install/op_ros_helpers/lib/pkgconfig:/home/autoware/Autoware/install/op_simu/lib/x86_64-linux-gnu/pkgconfig:/home/autoware/Autoware/install/op_simu/lib/pkgconfig:/home/autoware/Autoware/install/op_planner/lib/x86_64-linux-gnu/pkgconfig:/home/autoware/Autoware/install/op_planner/lib/pkgconfig:/home/autoware/Autoware/install/op_utility/lib/x86_64-linux-gnu/pkgconfig:/home/autoware/Autoware/install/op_utility/lib/pkgconfig:/home/autoware/Autoware/install/map_file/lib/x86_64-linux-gnu/pkgconfig:/home/autoware/Autoware/install/map_file/lib/pkgconfig:/home/autoware/Autoware/install/vector_map_server/lib/x86_64-linux-gnu/pkgconfig:/home/autoware/Autoware/install/vector_map_server/lib/pkgconfig:/home/autoware/Autoware/install/libwaypoint_follower/lib/x86_64-linux-gnu/pkgconfig:/home/autoware/Autoware/install/libwaypoint_follower/lib/pkgconfig:/home/autoware/Autoware/install/lanelet2_extension/lib/x86_64-linux-gnu/pkgconfig:/home/autoware/Autoware/install/lanelet2_extension/lib/pkgconfig:/home/autoware/Autoware/install/vector_map/lib/x86_64-linux-gnu/pkgconfig:/home/autoware/Autoware/install/vector_map/lib/pkgconfig:/home/autoware/Autoware/install/amathutils_lib/lib/x86_64-linux-gnu/pkgconfig:/home/autoware/Autoware/install/amathutils_lib/lib/pkgconfig:/home/autoware/Autoware/install/vector_map_msgs/lib/x86_64-linux-gnu/pkgconfig:/home/autoware/Autoware/install/vector_map_msgs/lib/pkgconfig:/home/autoware/Autoware/install/autoware_msgs/lib/x86_64-linux-gnu/pkgconfig:/home/autoware/Autoware/install/autoware_msgs/lib/pkgconfig:/home/autoware/Autoware/install/autoware_lanelet2_msgs/lib/x86_64-linux-gnu/pkgconfig:/home/autoware/Autoware/install/autoware_lanelet2_msgs/lib/pkgconfig:/home/autoware/Autoware/install/autoware_can_msgs/lib/x86_64-linux-gnu/pkgconfig:/home/autoware/Autoware/install/autoware_can_msgs/lib/pkgconfig:/home/autoware/Autoware/install/autoware_build_flags/lib/x86_64-linux-gnu/pkgconfig:/home/autoware/Autoware/install/autoware_build_flags/lib/pkgconfig:${PKG_CONFIG_PATH} PYTHONPATH=/home/autoware/Autoware/install/vector_map_server/lib/python2.7/dist-packages:/home/autoware/Autoware/install/vector_map_msgs/lib/python2.7/dist-packages:/home/autoware/Autoware/install/autoware_msgs/lib/python2.7/dist-packages:/home/autoware/Autoware/install/autoware_lanelet2_msgs/lib/python2.7/dist-packages:/home/autoware/Autoware/install/autoware_can_msgs/lib/python2.7/dist-packages:${PYTHONPATH} ROS_PACKAGE_PATH=/home/autoware/Autoware/install/op_ros_helpers/share:/home/autoware/Autoware/install/op_simu/share:/home/autoware/Autoware/install/op_planner/share:/home/autoware/Autoware/install/op_utility/share:/home/autoware/Autoware/install/map_file/share:/home/autoware/Autoware/install/vector_map_server/share:/home/autoware/Autoware/install/libwaypoint_follower/share:/home/autoware/Autoware/install/lanelet2_extension/share:/home/autoware/Autoware/install/vector_map/share:/home/autoware/Autoware/install/amathutils_lib/share:/home/autoware/Autoware/install/vector_map_msgs/share:/home/autoware/Autoware/install/autoware_msgs/share:/home/autoware/Autoware/install/autoware_lanelet2_msgs/share:/home/autoware/Autoware/install/autoware_can_msgs/share:/home/autoware/Autoware/install/autoware_build_flags/share:${ROS_PACKAGE_PATH} /usr/bin/cmake /home/autoware/Autoware/src/autoware/core_planning/op_local_planner -DCMAKE_BUILD_TYPE=Release -DCATKIN_INSTALL_INTO_PREFIX_ROOT=0 -DCMAKE_INSTALL_PREFIX=/home/autoware/Autoware/install/op_local_planner
[4.548s] Invoking command in '/home/autoware/Autoware/build/op_local_planner': CMAKE_PREFIX_PATH=/home/autoware/Autoware/install/op_ros_helpers:/home/autoware/Autoware/install/op_simu:/home/autoware/Autoware/install/op_planner:/home/autoware/Autoware/install/op_utility:/home/autoware/Autoware/install/map_file:/home/autoware/Autoware/install/vector_map_server:/home/autoware/Autoware/install/libwaypoint_follower:/home/autoware/Autoware/install/lanelet2_extension:/home/autoware/Autoware/install/vector_map:/home/autoware/Autoware/install/amathutils_lib:/home/autoware/Autoware/install/vector_map_msgs:/home/autoware/Autoware/install/autoware_msgs:/home/autoware/Autoware/install/autoware_lanelet2_msgs:/home/autoware/Autoware/install/autoware_can_msgs:/home/autoware/Autoware/install/autoware_build_flags:${CMAKE_PREFIX_PATH} LD_LIBRARY_PATH=/home/autoware/Autoware/install/op_ros_helpers/lib:/home/autoware/Autoware/install/op_simu/lib:/home/autoware/Autoware/install/op_planner/lib:/home/autoware/Autoware/install/op_utility/lib:/home/autoware/Autoware/install/map_file/lib:/home/autoware/Autoware/install/libwaypoint_follower/lib:/home/autoware/Autoware/install/lanelet2_extension/lib:/home/autoware/Autoware/install/vector_map/lib:/home/autoware/Autoware/install/amathutils_lib/lib:${LD_LIBRARY_PATH} PKG_CONFIG_PATH=/home/autoware/Autoware/install/op_ros_helpers/lib/x86_64-linux-gnu/pkgconfig:/home/autoware/Autoware/install/op_ros_helpers/lib/pkgconfig:/home/autoware/Autoware/install/op_simu/lib/x86_64-linux-gnu/pkgconfig:/home/autoware/Autoware/install/op_simu/lib/pkgconfig:/home/autoware/Autoware/install/op_planner/lib/x86_64-linux-gnu/pkgconfig:/home/autoware/Autoware/install/op_planner/lib/pkgconfig:/home/autoware/Autoware/install/op_utility/lib/x86_64-linux-gnu/pkgconfig:/home/autoware/Autoware/install/op_utility/lib/pkgconfig:/home/autoware/Autoware/install/map_file/lib/x86_64-linux-gnu/pkgconfig:/home/autoware/Autoware/install/map_file/lib/pkgconfig:/home/autoware/Autoware/install/vector_map_server/lib/x86_64-linux-gnu/pkgconfig:/home/autoware/Autoware/install/vector_map_server/lib/pkgconfig:/home/autoware/Autoware/install/libwaypoint_follower/lib/x86_64-linux-gnu/pkgconfig:/home/autoware/Autoware/install/libwaypoint_follower/lib/pkgconfig:/home/autoware/Autoware/install/lanelet2_extension/lib/x86_64-linux-gnu/pkgconfig:/home/autoware/Autoware/install/lanelet2_extension/lib/pkgconfig:/home/autoware/Autoware/install/vector_map/lib/x86_64-linux-gnu/pkgconfig:/home/autoware/Autoware/install/vector_map/lib/pkgconfig:/home/autoware/Autoware/install/amathutils_lib/lib/x86_64-linux-gnu/pkgconfig:/home/autoware/Autoware/install/amathutils_lib/lib/pkgconfig:/home/autoware/Autoware/install/vector_map_msgs/lib/x86_64-linux-gnu/pkgconfig:/home/autoware/Autoware/install/vector_map_msgs/lib/pkgconfig:/home/autoware/Autoware/install/autoware_msgs/lib/x86_64-linux-gnu/pkgconfig:/home/autoware/Autoware/install/autoware_msgs/lib/pkgconfig:/home/autoware/Autoware/install/autoware_lanelet2_msgs/lib/x86_64-linux-gnu/pkgconfig:/home/autoware/Autoware/install/autoware_lanelet2_msgs/lib/pkgconfig:/home/autoware/Autoware/install/autoware_can_msgs/lib/x86_64-linux-gnu/pkgconfig:/home/autoware/Autoware/install/autoware_can_msgs/lib/pkgconfig:/home/autoware/Autoware/install/autoware_build_flags/lib/x86_64-linux-gnu/pkgconfig:/home/autoware/Autoware/install/autoware_build_flags/lib/pkgconfig:${PKG_CONFIG_PATH} PYTHONPATH=/home/autoware/Autoware/install/vector_map_server/lib/python2.7/dist-packages:/home/autoware/Autoware/install/vector_map_msgs/lib/python2.7/dist-packages:/home/autoware/Autoware/install/autoware_msgs/lib/python2.7/dist-packages:/home/autoware/Autoware/install/autoware_lanelet2_msgs/lib/python2.7/dist-packages:/home/autoware/Autoware/install/autoware_can_msgs/lib/python2.7/dist-packages:${PYTHONPATH} ROS_PACKAGE_PATH=/home/autoware/Autoware/install/op_ros_helpers/share:/home/autoware/Autoware/install/op_simu/share:/home/autoware/Autoware/install/op_planner/share:/home/autoware/Autoware/install/op_utility/share:/home/autoware/Autoware/install/map_file/share:/home/autoware/Autoware/install/vector_map_server/share:/home/autoware/Autoware/install/libwaypoint_follower/share:/home/autoware/Autoware/install/lanelet2_extension/share:/home/autoware/Autoware/install/vector_map/share:/home/autoware/Autoware/install/amathutils_lib/share:/home/autoware/Autoware/install/vector_map_msgs/share:/home/autoware/Autoware/install/autoware_msgs/share:/home/autoware/Autoware/install/autoware_lanelet2_msgs/share:/home/autoware/Autoware/install/autoware_can_msgs/share:/home/autoware/Autoware/install/autoware_build_flags/share:${ROS_PACKAGE_PATH} /usr/bin/cmake --build /home/autoware/Autoware/build/op_local_planner -- -j2 -l2
[4.723s] Scanning dependencies of target op_trajectory_evaluator
[4.755s] [  7%] Building CXX object CMakeFiles/op_trajectory_evaluator.dir/nodes/op_trajectory_evaluator/op_trajectory_evaluator.cpp.o
[6.826s] [ 14%] Building CXX object CMakeFiles/op_trajectory_evaluator.dir/nodes/op_trajectory_evaluator/op_trajectory_evaluator_core.cpp.o
[19.211s] [ 21%] Linking CXX executable devel/lib/op_local_planner/op_trajectory_evaluator
[19.676s] [ 21%] Built target op_trajectory_evaluator
[19.791s] Scanning dependencies of target op_motion_predictor
[19.819s] [ 28%] Building CXX object CMakeFiles/op_motion_predictor.dir/nodes/op_motion_predictor/op_motion_predictor.cpp.o
[22.618s] [ 35%] Building CXX object CMakeFiles/op_motion_predictor.dir/nodes/op_motion_predictor/op_motion_predictor_core.cpp.o
[39.447s] [ 42%] Linking CXX executable devel/lib/op_local_planner/op_motion_predictor
[39.926s] [ 42%] Built target op_motion_predictor
[39.944s] Scanning dependencies of target visualization_msgs_generate_messages_eus
[39.962s] [ 42%] Built target visualization_msgs_generate_messages_eus
[39.980s] Scanning dependencies of target topic_tools_generate_messages_nodejs
[39.997s] [ 42%] Built target topic_tools_generate_messages_nodejs
[40.014s] Scanning dependencies of target topic_tools_generate_messages_eus
[40.030s] [ 42%] Built target topic_tools_generate_messages_eus
[40.046s] Scanning dependencies of target topic_tools_generate_messages_cpp
[40.061s] [ 42%] Built target topic_tools_generate_messages_cpp
[40.076s] Scanning dependencies of target std_srvs_generate_messages_py
[40.091s] [ 42%] Built target std_srvs_generate_messages_py
[40.107s] Scanning dependencies of target std_srvs_generate_messages_nodejs
[40.121s] [ 42%] Built target std_srvs_generate_messages_nodejs
[40.139s] Scanning dependencies of target std_srvs_generate_messages_lisp
[40.155s] [ 42%] Built target std_srvs_generate_messages_lisp
[40.171s] Scanning dependencies of target bond_generate_messages_nodejs
[40.188s] [ 42%] Built target bond_generate_messages_nodejs
[40.205s] Scanning dependencies of target bond_generate_messages_lisp
[40.222s] [ 42%] Built target bond_generate_messages_lisp
[40.239s] Scanning dependencies of target bond_generate_messages_eus
[40.256s] [ 42%] Built target bond_generate_messages_eus
[40.274s] Scanning dependencies of target bond_generate_messages_cpp
[40.290s] [ 42%] Built target bond_generate_messages_cpp
[40.307s] Scanning dependencies of target nodelet_generate_messages_nodejs
[40.324s] [ 42%] Built target nodelet_generate_messages_nodejs
[40.343s] Scanning dependencies of target nodelet_generate_messages_eus
[40.360s] [ 42%] Built target nodelet_generate_messages_eus
[40.378s] Scanning dependencies of target nodelet_generate_messages_cpp
[40.395s] [ 42%] Built target nodelet_generate_messages_cpp
[40.503s] Scanning dependencies of target op_trajectory_generator
[40.532s] [ 50%] Building CXX object CMakeFiles/op_trajectory_generator.dir/nodes/op_trajectory_generator/op_trajectory_generator.cpp.o
[42.274s] [ 57%] Building CXX object CMakeFiles/op_trajectory_generator.dir/nodes/op_trajectory_generator/op_trajectory_generator_core.cpp.o
[53.331s] [ 64%] Linking CXX executable devel/lib/op_local_planner/op_trajectory_generator
[53.812s] [ 64%] Built target op_trajectory_generator
[53.831s] Scanning dependencies of target dynamic_reconfigure_generate_messages_lisp
[53.853s] [ 64%] Built target dynamic_reconfigure_generate_messages_lisp
[53.875s] Scanning dependencies of target dynamic_reconfigure_generate_messages_eus
[53.894s] [ 64%] Built target dynamic_reconfigure_generate_messages_eus
[53.914s] Scanning dependencies of target pcl_ros_gencfg
[53.933s] [ 64%] Built target pcl_ros_gencfg
[53.953s] Scanning dependencies of target vector_map_server_generate_messages_nodejs
[53.972s] [ 64%] Built target vector_map_server_generate_messages_nodejs
[53.992s] Scanning dependencies of target vector_map_msgs_generate_messages_py
[54.010s] [ 64%] Built target vector_map_msgs_generate_messages_py
[54.029s] Scanning dependencies of target bond_generate_messages_py
[54.047s] [ 64%] Built target bond_generate_messages_py
[54.067s] Scanning dependencies of target vector_map_msgs_generate_messages_nodejs
[54.085s] [ 64%] Built target vector_map_msgs_generate_messages_nodejs
[54.105s] Scanning dependencies of target vector_map_msgs_generate_messages_lisp
[54.124s] [ 64%] Built target vector_map_msgs_generate_messages_lisp
[54.143s] Scanning dependencies of target vector_map_msgs_generate_messages_eus
[54.161s] [ 64%] Built target vector_map_msgs_generate_messages_eus
[54.280s] Scanning dependencies of target op_behavior_selector
[54.316s] [ 71%] Building CXX object CMakeFiles/op_behavior_selector.dir/nodes/op_behavior_selector/op_behavior_selector.cpp.o
[56.537s] [ 78%] Building CXX object CMakeFiles/op_behavior_selector.dir/nodes/op_behavior_selector/op_behavior_selector_core.cpp.o
[75.293s] [ 85%] Linking CXX executable devel/lib/op_local_planner/op_behavior_selector
[75.852s] [ 85%] Built target op_behavior_selector
[75.872s] Scanning dependencies of target vector_map_msgs_generate_messages_cpp
[75.890s] [ 85%] Built target vector_map_msgs_generate_messages_cpp
[75.909s] Scanning dependencies of target visualization_msgs_generate_messages_py
[75.929s] [ 85%] Built target visualization_msgs_generate_messages_py
[75.948s] Scanning dependencies of target visualization_msgs_generate_messages_nodejs
[75.967s] [ 85%] Built target visualization_msgs_generate_messages_nodejs
[75.987s] Scanning dependencies of target geometry_msgs_generate_messages_py
[76.005s] [ 85%] Built target geometry_msgs_generate_messages_py
[76.026s] Scanning dependencies of target sensor_msgs_generate_messages_nodejs
[76.045s] [ 85%] Built target sensor_msgs_generate_messages_nodejs
[76.065s] Scanning dependencies of target vector_map_server_generate_messages_eus
[76.085s] [ 85%] Built target vector_map_server_generate_messages_eus
[76.105s] Scanning dependencies of target roscpp_generate_messages_cpp
[76.124s] [ 85%] Built target roscpp_generate_messages_cpp
[76.143s] Scanning dependencies of target actionlib_generate_messages_cpp
[76.160s] [ 85%] Built target actionlib_generate_messages_cpp
[76.180s] Scanning dependencies of target pcl_msgs_generate_messages_eus
[76.206s] [ 85%] Built target pcl_msgs_generate_messages_eus
[76.226s] Scanning dependencies of target rosgraph_msgs_generate_messages_eus
[76.244s] [ 85%] Built target rosgraph_msgs_generate_messages_eus
[76.263s] Scanning dependencies of target jsk_recognition_msgs_generate_messages_lisp
[76.282s] [ 85%] Built target jsk_recognition_msgs_generate_messages_lisp
[76.300s] Scanning dependencies of target jsk_recognition_msgs_generate_messages_eus
[76.319s] [ 85%] Built target jsk_recognition_msgs_generate_messages_eus
[76.338s] Scanning dependencies of target tf2_msgs_generate_messages_cpp
[76.356s] [ 85%] Built target tf2_msgs_generate_messages_cpp
[76.375s] Scanning dependencies of target pcl_msgs_generate_messages_cpp
[76.393s] [ 85%] Built target pcl_msgs_generate_messages_cpp
[76.411s] Scanning dependencies of target sensor_msgs_generate_messages_lisp
[76.429s] [ 85%] Built target sensor_msgs_generate_messages_lisp
[76.448s] Scanning dependencies of target std_srvs_generate_messages_cpp
[76.467s] [ 85%] Built target std_srvs_generate_messages_cpp
[76.487s] Scanning dependencies of target topic_tools_generate_messages_lisp
[76.505s] [ 85%] Built target topic_tools_generate_messages_lisp
[76.524s] Scanning dependencies of target jsk_recognition_msgs_generate_messages_cpp
[76.543s] [ 85%] Built target jsk_recognition_msgs_generate_messages_cpp
[76.565s] Scanning dependencies of target geometry_msgs_generate_messages_lisp
[76.585s] [ 85%] Built target geometry_msgs_generate_messages_lisp
[76.604s] Scanning dependencies of target geometry_msgs_generate_messages_eus
[76.624s] [ 85%] Built target geometry_msgs_generate_messages_eus
[76.644s] Scanning dependencies of target autoware_can_msgs_generate_messages_cpp
[76.662s] [ 85%] Built target autoware_can_msgs_generate_messages_cpp
[76.683s] Scanning dependencies of target dynamic_reconfigure_generate_messages_py
[76.701s] [ 85%] Built target dynamic_reconfigure_generate_messages_py
[76.722s] Scanning dependencies of target autoware_can_msgs_generate_messages_lisp
[76.740s] [ 85%] Built target autoware_can_msgs_generate_messages_lisp
[76.758s] Scanning dependencies of target autoware_can_msgs_generate_messages_nodejs
[76.777s] [ 85%] Built target autoware_can_msgs_generate_messages_nodejs
[76.796s] Scanning dependencies of target pcl_msgs_generate_messages_nodejs
[76.815s] [ 85%] Built target pcl_msgs_generate_messages_nodejs
[76.835s] Scanning dependencies of target jsk_recognition_msgs_generate_messages_py
[76.852s] [ 85%] Built target jsk_recognition_msgs_generate_messages_py
[76.871s] Scanning dependencies of target nodelet_generate_messages_py
[76.889s] [ 85%] Built target nodelet_generate_messages_py
[76.908s] Scanning dependencies of target sensor_msgs_generate_messages_py
[76.927s] [ 85%] Built target sensor_msgs_generate_messages_py
[76.946s] Scanning dependencies of target dynamic_reconfigure_generate_messages_cpp
[76.963s] [ 85%] Built target dynamic_reconfigure_generate_messages_cpp
[76.982s] Scanning dependencies of target tf_generate_messages_py
[77.000s] [ 85%] Built target tf_generate_messages_py
[77.019s] Scanning dependencies of target topic_tools_generate_messages_py
[77.037s] [ 85%] Built target topic_tools_generate_messages_py
[77.056s] Scanning dependencies of target nodelet_topic_tools_gencfg
[77.076s] [ 85%] Built target nodelet_topic_tools_gencfg
[77.095s] Scanning dependencies of target actionlib_msgs_generate_messages_nodejs
[77.115s] [ 85%] Built target actionlib_msgs_generate_messages_nodejs
[77.135s] Scanning dependencies of target std_msgs_generate_messages_cpp
[77.154s] [ 85%] Built target std_msgs_generate_messages_cpp
[77.174s] Scanning dependencies of target jsk_footstep_msgs_generate_messages_py
[77.193s] [ 85%] Built target jsk_footstep_msgs_generate_messages_py
[77.212s] Scanning dependencies of target visualization_msgs_generate_messages_lisp
[77.231s] [ 85%] Built target visualization_msgs_generate_messages_lisp
[77.250s] Scanning dependencies of target std_msgs_generate_messages_eus
[77.268s] [ 85%] Built target std_msgs_generate_messages_eus
[77.287s] Scanning dependencies of target geometry_msgs_generate_messages_nodejs
[77.304s] [ 85%] Built target geometry_msgs_generate_messages_nodejs
[77.323s] Scanning dependencies of target dynamic_reconfigure_generate_messages_nodejs
[77.342s] [ 85%] Built target dynamic_reconfigure_generate_messages_nodejs
[77.362s] Scanning dependencies of target autoware_can_msgs_generate_messages_py
[77.381s] [ 85%] Built target autoware_can_msgs_generate_messages_py
[77.401s] Scanning dependencies of target sensor_msgs_generate_messages_eus
[77.419s] [ 85%] Built target sensor_msgs_generate_messages_eus
[77.438s] Scanning dependencies of target sensor_msgs_generate_messages_cpp
[77.456s] [ 85%] Built target sensor_msgs_generate_messages_cpp
[77.475s] Scanning dependencies of target roscpp_generate_messages_nodejs
[77.494s] [ 85%] Built target roscpp_generate_messages_nodejs
[77.512s] Scanning dependencies of target std_msgs_generate_messages_lisp
[77.531s] [ 85%] Built target std_msgs_generate_messages_lisp
[77.550s] Scanning dependencies of target std_msgs_generate_messages_nodejs
[77.568s] [ 85%] Built target std_msgs_generate_messages_nodejs
[77.588s] Scanning dependencies of target std_msgs_generate_messages_py
[77.608s] [ 85%] Built target std_msgs_generate_messages_py
[77.628s] Scanning dependencies of target nodelet_generate_messages_lisp
[77.647s] [ 85%] Built target nodelet_generate_messages_lisp
[77.667s] Scanning dependencies of target autoware_msgs_generate_messages_py
[77.686s] [ 85%] Built target autoware_msgs_generate_messages_py
[77.705s] Scanning dependencies of target jsk_footstep_msgs_generate_messages_eus
[77.724s] [ 85%] Built target jsk_footstep_msgs_generate_messages_eus
[77.743s] Scanning dependencies of target actionlib_msgs_generate_messages_py
[77.761s] [ 85%] Built target actionlib_msgs_generate_messages_py
[77.780s] Scanning dependencies of target vector_map_server_generate_messages_lisp
[77.800s] [ 85%] Built target vector_map_server_generate_messages_lisp
[77.820s] Scanning dependencies of target jsk_footstep_msgs_generate_messages_lisp
[77.838s] [ 85%] Built target jsk_footstep_msgs_generate_messages_lisp
[77.856s] Scanning dependencies of target jsk_footstep_msgs_generate_messages_nodejs
[77.874s] [ 85%] Built target jsk_footstep_msgs_generate_messages_nodejs
[77.893s] Scanning dependencies of target autoware_msgs_generate_messages_lisp
[77.910s] [ 85%] Built target autoware_msgs_generate_messages_lisp
[77.930s] Scanning dependencies of target actionlib_msgs_generate_messages_lisp
[77.949s] [ 85%] Built target actionlib_msgs_generate_messages_lisp
[77.969s] Scanning dependencies of target autoware_msgs_generate_messages_cpp
[77.989s] [ 85%] Built target autoware_msgs_generate_messages_cpp
[78.007s] Scanning dependencies of target rosgraph_msgs_generate_messages_cpp
[78.027s] [ 85%] Built target rosgraph_msgs_generate_messages_cpp
[78.046s] Scanning dependencies of target autoware_msgs_generate_messages_eus
[78.066s] [ 85%] Built target autoware_msgs_generate_messages_eus
[78.087s] Scanning dependencies of target autoware_msgs_generate_messages_nodejs
[78.113s] [ 85%] Built target autoware_msgs_generate_messages_nodejs
[78.137s] Scanning dependencies of target actionlib_generate_messages_nodejs
[78.156s] [ 85%] Built target actionlib_generate_messages_nodejs
[78.174s] Scanning dependencies of target pcl_msgs_generate_messages_lisp
[78.192s] [ 85%] Built target pcl_msgs_generate_messages_lisp
[78.211s] Scanning dependencies of target tf_generate_messages_cpp
[78.229s] [ 85%] Built target tf_generate_messages_cpp
[78.248s] Scanning dependencies of target jsk_footstep_msgs_generate_messages_cpp
[78.265s] [ 85%] Built target jsk_footstep_msgs_generate_messages_cpp
[78.284s] Scanning dependencies of target actionlib_msgs_generate_messages_cpp
[78.301s] [ 85%] Built target actionlib_msgs_generate_messages_cpp
[78.319s] Scanning dependencies of target tf_generate_messages_eus
[78.338s] [ 85%] Built target tf_generate_messages_eus
[78.356s] Scanning dependencies of target tf_generate_messages_lisp
[78.375s] [ 85%] Built target tf_generate_messages_lisp
[78.392s] Scanning dependencies of target tf_generate_messages_nodejs
[78.410s] [ 85%] Built target tf_generate_messages_nodejs
[78.428s] Scanning dependencies of target std_srvs_generate_messages_eus
[78.446s] [ 85%] Built target std_srvs_generate_messages_eus
[78.464s] Scanning dependencies of target jsk_recognition_msgs_generate_messages_nodejs
[78.481s] [ 85%] Built target jsk_recognition_msgs_generate_messages_nodejs
[78.499s] Scanning dependencies of target roscpp_generate_messages_lisp
[78.517s] [ 85%] Built target roscpp_generate_messages_lisp
[78.539s] Scanning dependencies of target roscpp_generate_messages_py
[78.557s] [ 85%] Built target roscpp_generate_messages_py
[78.575s] Scanning dependencies of target rosgraph_msgs_generate_messages_lisp
[78.595s] [ 85%] Built target rosgraph_msgs_generate_messages_lisp
[78.614s] Scanning dependencies of target rosgraph_msgs_generate_messages_nodejs
[78.632s] [ 85%] Built target rosgraph_msgs_generate_messages_nodejs
[78.651s] Scanning dependencies of target vector_map_server_generate_messages_py
[78.668s] [ 85%] Built target vector_map_server_generate_messages_py
[78.686s] Scanning dependencies of target roscpp_generate_messages_eus
[78.703s] [ 85%] Built target roscpp_generate_messages_eus
[78.720s] Scanning dependencies of target autoware_can_msgs_generate_messages_eus
[78.738s] [ 85%] Built target autoware_can_msgs_generate_messages_eus
[78.756s] Scanning dependencies of target actionlib_msgs_generate_messages_eus
[78.774s] [ 85%] Built target actionlib_msgs_generate_messages_eus
[78.792s] Scanning dependencies of target rosgraph_msgs_generate_messages_py
[78.809s] [ 85%] Built target rosgraph_msgs_generate_messages_py
[78.827s] Scanning dependencies of target pcl_msgs_generate_messages_py
[78.844s] [ 85%] Built target pcl_msgs_generate_messages_py
[78.863s] Scanning dependencies of target actionlib_generate_messages_eus
[78.880s] [ 85%] Built target actionlib_generate_messages_eus
[78.898s] Scanning dependencies of target geometry_msgs_generate_messages_cpp
[78.915s] [ 85%] Built target geometry_msgs_generate_messages_cpp
[78.933s] Scanning dependencies of target actionlib_generate_messages_lisp
[78.950s] [ 85%] Built target actionlib_generate_messages_lisp
[78.968s] Scanning dependencies of target dynamic_reconfigure_gencfg
[78.986s] [ 85%] Built target dynamic_reconfigure_gencfg
[79.006s] Scanning dependencies of target tf2_msgs_generate_messages_lisp
[79.024s] [ 85%] Built target tf2_msgs_generate_messages_lisp
[79.042s] Scanning dependencies of target actionlib_generate_messages_py
[79.060s] [ 85%] Built target actionlib_generate_messages_py
[79.078s] Scanning dependencies of target tf2_msgs_generate_messages_py
[79.098s] [ 85%] Built target tf2_msgs_generate_messages_py
[79.117s] Scanning dependencies of target tf2_msgs_generate_messages_nodejs
[79.136s] [ 85%] Built target tf2_msgs_generate_messages_nodejs
[79.155s] Scanning dependencies of target tf2_msgs_generate_messages_eus
[79.174s] [ 85%] Built target tf2_msgs_generate_messages_eus
[79.193s] Scanning dependencies of target visualization_msgs_generate_messages_cpp
[79.210s] [ 85%] Built target visualization_msgs_generate_messages_cpp
[79.227s] Scanning dependencies of target vector_map_server_generate_messages_cpp
[79.245s] [ 85%] Built target vector_map_server_generate_messages_cpp
[79.285s] Scanning dependencies of target op_common_params
[79.315s] [ 92%] Building CXX object CMakeFiles/op_common_params.dir/nodes/op_common_params/op_common_params.cpp.o
[81.273s] [100%] Linking CXX executable devel/lib/op_local_planner/op_common_params
[81.702s] [100%] Built target op_common_params
[81.722s] Invoked command in '/home/autoware/Autoware/build/op_local_planner' returned '0': CMAKE_PREFIX_PATH=/home/autoware/Autoware/install/op_ros_helpers:/home/autoware/Autoware/install/op_simu:/home/autoware/Autoware/install/op_planner:/home/autoware/Autoware/install/op_utility:/home/autoware/Autoware/install/map_file:/home/autoware/Autoware/install/vector_map_server:/home/autoware/Autoware/install/libwaypoint_follower:/home/autoware/Autoware/install/lanelet2_extension:/home/autoware/Autoware/install/vector_map:/home/autoware/Autoware/install/amathutils_lib:/home/autoware/Autoware/install/vector_map_msgs:/home/autoware/Autoware/install/autoware_msgs:/home/autoware/Autoware/install/autoware_lanelet2_msgs:/home/autoware/Autoware/install/autoware_can_msgs:/home/autoware/Autoware/install/autoware_build_flags:${CMAKE_PREFIX_PATH} LD_LIBRARY_PATH=/home/autoware/Autoware/install/op_ros_helpers/lib:/home/autoware/Autoware/install/op_simu/lib:/home/autoware/Autoware/install/op_planner/lib:/home/autoware/Autoware/install/op_utility/lib:/home/autoware/Autoware/install/map_file/lib:/home/autoware/Autoware/install/libwaypoint_follower/lib:/home/autoware/Autoware/install/lanelet2_extension/lib:/home/autoware/Autoware/install/vector_map/lib:/home/autoware/Autoware/install/amathutils_lib/lib:${LD_LIBRARY_PATH} PKG_CONFIG_PATH=/home/autoware/Autoware/install/op_ros_helpers/lib/x86_64-linux-gnu/pkgconfig:/home/autoware/Autoware/install/op_ros_helpers/lib/pkgconfig:/home/autoware/Autoware/install/op_simu/lib/x86_64-linux-gnu/pkgconfig:/home/autoware/Autoware/install/op_simu/lib/pkgconfig:/home/autoware/Autoware/install/op_planner/lib/x86_64-linux-gnu/pkgconfig:/home/autoware/Autoware/install/op_planner/lib/pkgconfig:/home/autoware/Autoware/install/op_utility/lib/x86_64-linux-gnu/pkgconfig:/home/autoware/Autoware/install/op_utility/lib/pkgconfig:/home/autoware/Autoware/install/map_file/lib/x86_64-linux-gnu/pkgconfig:/home/autoware/Autoware/install/map_file/lib/pkgconfig:/home/autoware/Autoware/install/vector_map_server/lib/x86_64-linux-gnu/pkgconfig:/home/autoware/Autoware/install/vector_map_server/lib/pkgconfig:/home/autoware/Autoware/install/libwaypoint_follower/lib/x86_64-linux-gnu/pkgconfig:/home/autoware/Autoware/install/libwaypoint_follower/lib/pkgconfig:/home/autoware/Autoware/install/lanelet2_extension/lib/x86_64-linux-gnu/pkgconfig:/home/autoware/Autoware/install/lanelet2_extension/lib/pkgconfig:/home/autoware/Autoware/install/vector_map/lib/x86_64-linux-gnu/pkgconfig:/home/autoware/Autoware/install/vector_map/lib/pkgconfig:/home/autoware/Autoware/install/amathutils_lib/lib/x86_64-linux-gnu/pkgconfig:/home/autoware/Autoware/install/amathutils_lib/lib/pkgconfig:/home/autoware/Autoware/install/vector_map_msgs/lib/x86_64-linux-gnu/pkgconfig:/home/autoware/Autoware/install/vector_map_msgs/lib/pkgconfig:/home/autoware/Autoware/install/autoware_msgs/lib/x86_64-linux-gnu/pkgconfig:/home/autoware/Autoware/install/autoware_msgs/lib/pkgconfig:/home/autoware/Autoware/install/autoware_lanelet2_msgs/lib/x86_64-linux-gnu/pkgconfig:/home/autoware/Autoware/install/autoware_lanelet2_msgs/lib/pkgconfig:/home/autoware/Autoware/install/autoware_can_msgs/lib/x86_64-linux-gnu/pkgconfig:/home/autoware/Autoware/install/autoware_can_msgs/lib/pkgconfig:/home/autoware/Autoware/install/autoware_build_flags/lib/x86_64-linux-gnu/pkgconfig:/home/autoware/Autoware/install/autoware_build_flags/lib/pkgconfig:${PKG_CONFIG_PATH} PYTHONPATH=/home/autoware/Autoware/install/vector_map_server/lib/python2.7/dist-packages:/home/autoware/Autoware/install/vector_map_msgs/lib/python2.7/dist-packages:/home/autoware/Autoware/install/autoware_msgs/lib/python2.7/dist-packages:/home/autoware/Autoware/install/autoware_lanelet2_msgs/lib/python2.7/dist-packages:/home/autoware/Autoware/install/autoware_can_msgs/lib/python2.7/dist-packages:${PYTHONPATH} ROS_PACKAGE_PATH=/home/autoware/Autoware/install/op_ros_helpers/share:/home/autoware/Autoware/install/op_simu/share:/home/autoware/Autoware/install/op_planner/share:/home/autoware/Autoware/install/op_utility/share:/home/autoware/Autoware/install/map_file/share:/home/autoware/Autoware/install/vector_map_server/share:/home/autoware/Autoware/install/libwaypoint_follower/share:/home/autoware/Autoware/install/lanelet2_extension/share:/home/autoware/Autoware/install/vector_map/share:/home/autoware/Autoware/install/amathutils_lib/share:/home/autoware/Autoware/install/vector_map_msgs/share:/home/autoware/Autoware/install/autoware_msgs/share:/home/autoware/Autoware/install/autoware_lanelet2_msgs/share:/home/autoware/Autoware/install/autoware_can_msgs/share:/home/autoware/Autoware/install/autoware_build_flags/share:${ROS_PACKAGE_PATH} /usr/bin/cmake --build /home/autoware/Autoware/build/op_local_planner -- -j2 -l2
[81.923s] Invoking command in '/home/autoware/Autoware/build/op_local_planner': CMAKE_PREFIX_PATH=/home/autoware/Autoware/install/op_ros_helpers:/home/autoware/Autoware/install/op_simu:/home/autoware/Autoware/install/op_planner:/home/autoware/Autoware/install/op_utility:/home/autoware/Autoware/install/map_file:/home/autoware/Autoware/install/vector_map_server:/home/autoware/Autoware/install/libwaypoint_follower:/home/autoware/Autoware/install/lanelet2_extension:/home/autoware/Autoware/install/vector_map:/home/autoware/Autoware/install/amathutils_lib:/home/autoware/Autoware/install/vector_map_msgs:/home/autoware/Autoware/install/autoware_msgs:/home/autoware/Autoware/install/autoware_lanelet2_msgs:/home/autoware/Autoware/install/autoware_can_msgs:/home/autoware/Autoware/install/autoware_build_flags:${CMAKE_PREFIX_PATH} LD_LIBRARY_PATH=/home/autoware/Autoware/install/op_ros_helpers/lib:/home/autoware/Autoware/install/op_simu/lib:/home/autoware/Autoware/install/op_planner/lib:/home/autoware/Autoware/install/op_utility/lib:/home/autoware/Autoware/install/map_file/lib:/home/autoware/Autoware/install/libwaypoint_follower/lib:/home/autoware/Autoware/install/lanelet2_extension/lib:/home/autoware/Autoware/install/vector_map/lib:/home/autoware/Autoware/install/amathutils_lib/lib:${LD_LIBRARY_PATH} PKG_CONFIG_PATH=/home/autoware/Autoware/install/op_ros_helpers/lib/x86_64-linux-gnu/pkgconfig:/home/autoware/Autoware/install/op_ros_helpers/lib/pkgconfig:/home/autoware/Autoware/install/op_simu/lib/x86_64-linux-gnu/pkgconfig:/home/autoware/Autoware/install/op_simu/lib/pkgconfig:/home/autoware/Autoware/install/op_planner/lib/x86_64-linux-gnu/pkgconfig:/home/autoware/Autoware/install/op_planner/lib/pkgconfig:/home/autoware/Autoware/install/op_utility/lib/x86_64-linux-gnu/pkgconfig:/home/autoware/Autoware/install/op_utility/lib/pkgconfig:/home/autoware/Autoware/install/map_file/lib/x86_64-linux-gnu/pkgconfig:/home/autoware/Autoware/install/map_file/lib/pkgconfig:/home/autoware/Autoware/install/vector_map_server/lib/x86_64-linux-gnu/pkgconfig:/home/autoware/Autoware/install/vector_map_server/lib/pkgconfig:/home/autoware/Autoware/install/libwaypoint_follower/lib/x86_64-linux-gnu/pkgconfig:/home/autoware/Autoware/install/libwaypoint_follower/lib/pkgconfig:/home/autoware/Autoware/install/lanelet2_extension/lib/x86_64-linux-gnu/pkgconfig:/home/autoware/Autoware/install/lanelet2_extension/lib/pkgconfig:/home/autoware/Autoware/install/vector_map/lib/x86_64-linux-gnu/pkgconfig:/home/autoware/Autoware/install/vector_map/lib/pkgconfig:/home/autoware/Autoware/install/amathutils_lib/lib/x86_64-linux-gnu/pkgconfig:/home/autoware/Autoware/install/amathutils_lib/lib/pkgconfig:/home/autoware/Autoware/install/vector_map_msgs/lib/x86_64-linux-gnu/pkgconfig:/home/autoware/Autoware/install/vector_map_msgs/lib/pkgconfig:/home/autoware/Autoware/install/autoware_msgs/lib/x86_64-linux-gnu/pkgconfig:/home/autoware/Autoware/install/autoware_msgs/lib/pkgconfig:/home/autoware/Autoware/install/autoware_lanelet2_msgs/lib/x86_64-linux-gnu/pkgconfig:/home/autoware/Autoware/install/autoware_lanelet2_msgs/lib/pkgconfig:/home/autoware/Autoware/install/autoware_can_msgs/lib/x86_64-linux-gnu/pkgconfig:/home/autoware/Autoware/install/autoware_can_msgs/lib/pkgconfig:/home/autoware/Autoware/install/autoware_build_flags/lib/x86_64-linux-gnu/pkgconfig:/home/autoware/Autoware/install/autoware_build_flags/lib/pkgconfig:${PKG_CONFIG_PATH} PYTHONPATH=/home/autoware/Autoware/install/vector_map_server/lib/python2.7/dist-packages:/home/autoware/Autoware/install/vector_map_msgs/lib/python2.7/dist-packages:/home/autoware/Autoware/install/autoware_msgs/lib/python2.7/dist-packages:/home/autoware/Autoware/install/autoware_lanelet2_msgs/lib/python2.7/dist-packages:/home/autoware/Autoware/install/autoware_can_msgs/lib/python2.7/dist-packages:${PYTHONPATH} ROS_PACKAGE_PATH=/home/autoware/Autoware/install/op_ros_helpers/share:/home/autoware/Autoware/install/op_simu/share:/home/autoware/Autoware/install/op_planner/share:/home/autoware/Autoware/install/op_utility/share:/home/autoware/Autoware/install/map_file/share:/home/autoware/Autoware/install/vector_map_server/share:/home/autoware/Autoware/install/libwaypoint_follower/share:/home/autoware/Autoware/install/lanelet2_extension/share:/home/autoware/Autoware/install/vector_map/share:/home/autoware/Autoware/install/amathutils_lib/share:/home/autoware/Autoware/install/vector_map_msgs/share:/home/autoware/Autoware/install/autoware_msgs/share:/home/autoware/Autoware/install/autoware_lanelet2_msgs/share:/home/autoware/Autoware/install/autoware_can_msgs/share:/home/autoware/Autoware/install/autoware_build_flags/share:${ROS_PACKAGE_PATH} /usr/bin/cmake --build /home/autoware/Autoware/build/op_local_planner --target tests -- -j2 -l2
[82.024s] Scanning dependencies of target tests
[82.042s] Built target tests
[82.061s] Invoked command in '/home/autoware/Autoware/build/op_local_planner' returned '0': CMAKE_PREFIX_PATH=/home/autoware/Autoware/install/op_ros_helpers:/home/autoware/Autoware/install/op_simu:/home/autoware/Autoware/install/op_planner:/home/autoware/Autoware/install/op_utility:/home/autoware/Autoware/install/map_file:/home/autoware/Autoware/install/vector_map_server:/home/autoware/Autoware/install/libwaypoint_follower:/home/autoware/Autoware/install/lanelet2_extension:/home/autoware/Autoware/install/vector_map:/home/autoware/Autoware/install/amathutils_lib:/home/autoware/Autoware/install/vector_map_msgs:/home/autoware/Autoware/install/autoware_msgs:/home/autoware/Autoware/install/autoware_lanelet2_msgs:/home/autoware/Autoware/install/autoware_can_msgs:/home/autoware/Autoware/install/autoware_build_flags:${CMAKE_PREFIX_PATH} LD_LIBRARY_PATH=/home/autoware/Autoware/install/op_ros_helpers/lib:/home/autoware/Autoware/install/op_simu/lib:/home/autoware/Autoware/install/op_planner/lib:/home/autoware/Autoware/install/op_utility/lib:/home/autoware/Autoware/install/map_file/lib:/home/autoware/Autoware/install/libwaypoint_follower/lib:/home/autoware/Autoware/install/lanelet2_extension/lib:/home/autoware/Autoware/install/vector_map/lib:/home/autoware/Autoware/install/amathutils_lib/lib:${LD_LIBRARY_PATH} PKG_CONFIG_PATH=/home/autoware/Autoware/install/op_ros_helpers/lib/x86_64-linux-gnu/pkgconfig:/home/autoware/Autoware/install/op_ros_helpers/lib/pkgconfig:/home/autoware/Autoware/install/op_simu/lib/x86_64-linux-gnu/pkgconfig:/home/autoware/Autoware/install/op_simu/lib/pkgconfig:/home/autoware/Autoware/install/op_planner/lib/x86_64-linux-gnu/pkgconfig:/home/autoware/Autoware/install/op_planner/lib/pkgconfig:/home/autoware/Autoware/install/op_utility/lib/x86_64-linux-gnu/pkgconfig:/home/autoware/Autoware/install/op_utility/lib/pkgconfig:/home/autoware/Autoware/install/map_file/lib/x86_64-linux-gnu/pkgconfig:/home/autoware/Autoware/install/map_file/lib/pkgconfig:/home/autoware/Autoware/install/vector_map_server/lib/x86_64-linux-gnu/pkgconfig:/home/autoware/Autoware/install/vector_map_server/lib/pkgconfig:/home/autoware/Autoware/install/libwaypoint_follower/lib/x86_64-linux-gnu/pkgconfig:/home/autoware/Autoware/install/libwaypoint_follower/lib/pkgconfig:/home/autoware/Autoware/install/lanelet2_extension/lib/x86_64-linux-gnu/pkgconfig:/home/autoware/Autoware/install/lanelet2_extension/lib/pkgconfig:/home/autoware/Autoware/install/vector_map/lib/x86_64-linux-gnu/pkgconfig:/home/autoware/Autoware/install/vector_map/lib/pkgconfig:/home/autoware/Autoware/install/amathutils_lib/lib/x86_64-linux-gnu/pkgconfig:/home/autoware/Autoware/install/amathutils_lib/lib/pkgconfig:/home/autoware/Autoware/install/vector_map_msgs/lib/x86_64-linux-gnu/pkgconfig:/home/autoware/Autoware/install/vector_map_msgs/lib/pkgconfig:/home/autoware/Autoware/install/autoware_msgs/lib/x86_64-linux-gnu/pkgconfig:/home/autoware/Autoware/install/autoware_msgs/lib/pkgconfig:/home/autoware/Autoware/install/autoware_lanelet2_msgs/lib/x86_64-linux-gnu/pkgconfig:/home/autoware/Autoware/install/autoware_lanelet2_msgs/lib/pkgconfig:/home/autoware/Autoware/install/autoware_can_msgs/lib/x86_64-linux-gnu/pkgconfig:/home/autoware/Autoware/install/autoware_can_msgs/lib/pkgconfig:/home/autoware/Autoware/install/autoware_build_flags/lib/x86_64-linux-gnu/pkgconfig:/home/autoware/Autoware/install/autoware_build_flags/lib/pkgconfig:${PKG_CONFIG_PATH} PYTHONPATH=/home/autoware/Autoware/install/vector_map_server/lib/python2.7/dist-packages:/home/autoware/Autoware/install/vector_map_msgs/lib/python2.7/dist-packages:/home/autoware/Autoware/install/autoware_msgs/lib/python2.7/dist-packages:/home/autoware/Autoware/install/autoware_lanelet2_msgs/lib/python2.7/dist-packages:/home/autoware/Autoware/install/autoware_can_msgs/lib/python2.7/dist-packages:${PYTHONPATH} ROS_PACKAGE_PATH=/home/autoware/Autoware/install/op_ros_helpers/share:/home/autoware/Autoware/install/op_simu/share:/home/autoware/Autoware/install/op_planner/share:/home/autoware/Autoware/install/op_utility/share:/home/autoware/Autoware/install/map_file/share:/home/autoware/Autoware/install/vector_map_server/share:/home/autoware/Autoware/install/libwaypoint_follower/share:/home/autoware/Autoware/install/lanelet2_extension/share:/home/autoware/Autoware/install/vector_map/share:/home/autoware/Autoware/install/amathutils_lib/share:/home/autoware/Autoware/install/vector_map_msgs/share:/home/autoware/Autoware/install/autoware_msgs/share:/home/autoware/Autoware/install/autoware_lanelet2_msgs/share:/home/autoware/Autoware/install/autoware_can_msgs/share:/home/autoware/Autoware/install/autoware_build_flags/share:${ROS_PACKAGE_PATH} /usr/bin/cmake --build /home/autoware/Autoware/build/op_local_planner --target tests -- -j2 -l2
[82.262s] Invoking command in '/home/autoware/Autoware/build/op_local_planner': CMAKE_PREFIX_PATH=/home/autoware/Autoware/install/op_ros_helpers:/home/autoware/Autoware/install/op_simu:/home/autoware/Autoware/install/op_planner:/home/autoware/Autoware/install/op_utility:/home/autoware/Autoware/install/map_file:/home/autoware/Autoware/install/vector_map_server:/home/autoware/Autoware/install/libwaypoint_follower:/home/autoware/Autoware/install/lanelet2_extension:/home/autoware/Autoware/install/vector_map:/home/autoware/Autoware/install/amathutils_lib:/home/autoware/Autoware/install/vector_map_msgs:/home/autoware/Autoware/install/autoware_msgs:/home/autoware/Autoware/install/autoware_lanelet2_msgs:/home/autoware/Autoware/install/autoware_can_msgs:/home/autoware/Autoware/install/autoware_build_flags:${CMAKE_PREFIX_PATH} LD_LIBRARY_PATH=/home/autoware/Autoware/install/op_ros_helpers/lib:/home/autoware/Autoware/install/op_simu/lib:/home/autoware/Autoware/install/op_planner/lib:/home/autoware/Autoware/install/op_utility/lib:/home/autoware/Autoware/install/map_file/lib:/home/autoware/Autoware/install/libwaypoint_follower/lib:/home/autoware/Autoware/install/lanelet2_extension/lib:/home/autoware/Autoware/install/vector_map/lib:/home/autoware/Autoware/install/amathutils_lib/lib:${LD_LIBRARY_PATH} PKG_CONFIG_PATH=/home/autoware/Autoware/install/op_ros_helpers/lib/x86_64-linux-gnu/pkgconfig:/home/autoware/Autoware/install/op_ros_helpers/lib/pkgconfig:/home/autoware/Autoware/install/op_simu/lib/x86_64-linux-gnu/pkgconfig:/home/autoware/Autoware/install/op_simu/lib/pkgconfig:/home/autoware/Autoware/install/op_planner/lib/x86_64-linux-gnu/pkgconfig:/home/autoware/Autoware/install/op_planner/lib/pkgconfig:/home/autoware/Autoware/install/op_utility/lib/x86_64-linux-gnu/pkgconfig:/home/autoware/Autoware/install/op_utility/lib/pkgconfig:/home/autoware/Autoware/install/map_file/lib/x86_64-linux-gnu/pkgconfig:/home/autoware/Autoware/install/map_file/lib/pkgconfig:/home/autoware/Autoware/install/vector_map_server/lib/x86_64-linux-gnu/pkgconfig:/home/autoware/Autoware/install/vector_map_server/lib/pkgconfig:/home/autoware/Autoware/install/libwaypoint_follower/lib/x86_64-linux-gnu/pkgconfig:/home/autoware/Autoware/install/libwaypoint_follower/lib/pkgconfig:/home/autoware/Autoware/install/lanelet2_extension/lib/x86_64-linux-gnu/pkgconfig:/home/autoware/Autoware/install/lanelet2_extension/lib/pkgconfig:/home/autoware/Autoware/install/vector_map/lib/x86_64-linux-gnu/pkgconfig:/home/autoware/Autoware/install/vector_map/lib/pkgconfig:/home/autoware/Autoware/install/amathutils_lib/lib/x86_64-linux-gnu/pkgconfig:/home/autoware/Autoware/install/amathutils_lib/lib/pkgconfig:/home/autoware/Autoware/install/vector_map_msgs/lib/x86_64-linux-gnu/pkgconfig:/home/autoware/Autoware/install/vector_map_msgs/lib/pkgconfig:/home/autoware/Autoware/install/autoware_msgs/lib/x86_64-linux-gnu/pkgconfig:/home/autoware/Autoware/install/autoware_msgs/lib/pkgconfig:/home/autoware/Autoware/install/autoware_lanelet2_msgs/lib/x86_64-linux-gnu/pkgconfig:/home/autoware/Autoware/install/autoware_lanelet2_msgs/lib/pkgconfig:/home/autoware/Autoware/install/autoware_can_msgs/lib/x86_64-linux-gnu/pkgconfig:/home/autoware/Autoware/install/autoware_can_msgs/lib/pkgconfig:/home/autoware/Autoware/install/autoware_build_flags/lib/x86_64-linux-gnu/pkgconfig:/home/autoware/Autoware/install/autoware_build_flags/lib/pkgconfig:${PKG_CONFIG_PATH} PYTHONPATH=/home/autoware/Autoware/install/vector_map_server/lib/python2.7/dist-packages:/home/autoware/Autoware/install/vector_map_msgs/lib/python2.7/dist-packages:/home/autoware/Autoware/install/autoware_msgs/lib/python2.7/dist-packages:/home/autoware/Autoware/install/autoware_lanelet2_msgs/lib/python2.7/dist-packages:/home/autoware/Autoware/install/autoware_can_msgs/lib/python2.7/dist-packages:${PYTHONPATH} ROS_PACKAGE_PATH=/home/autoware/Autoware/install/op_ros_helpers/share:/home/autoware/Autoware/install/op_simu/share:/home/autoware/Autoware/install/op_planner/share:/home/autoware/Autoware/install/op_utility/share:/home/autoware/Autoware/install/map_file/share:/home/autoware/Autoware/install/vector_map_server/share:/home/autoware/Autoware/install/libwaypoint_follower/share:/home/autoware/Autoware/install/lanelet2_extension/share:/home/autoware/Autoware/install/vector_map/share:/home/autoware/Autoware/install/amathutils_lib/share:/home/autoware/Autoware/install/vector_map_msgs/share:/home/autoware/Autoware/install/autoware_msgs/share:/home/autoware/Autoware/install/autoware_lanelet2_msgs/share:/home/autoware/Autoware/install/autoware_can_msgs/share:/home/autoware/Autoware/install/autoware_build_flags/share:${ROS_PACKAGE_PATH} /usr/bin/cmake --build /home/autoware/Autoware/build/op_local_planner --target install -- -j2 -l2
[82.389s] [ 21%] Built target op_trajectory_evaluator
[82.465s] [ 42%] Built target op_motion_predictor
[82.500s] [ 42%] Built target visualization_msgs_generate_messages_eus
[82.535s] [ 42%] Built target topic_tools_generate_messages_nodejs
[82.572s] [ 42%] Built target topic_tools_generate_messages_eus
[82.607s] [ 42%] Built target topic_tools_generate_messages_cpp
[82.642s] [ 42%] Built target std_srvs_generate_messages_py
[82.677s] [ 42%] Built target std_srvs_generate_messages_nodejs
[82.713s] [ 42%] Built target std_srvs_generate_messages_lisp
[82.746s] [ 42%] Built target bond_generate_messages_nodejs
[82.779s] [ 42%] Built target bond_generate_messages_lisp
[82.813s] [ 42%] Built target bond_generate_messages_eus
[82.847s] [ 42%] Built target bond_generate_messages_cpp
[82.879s] [ 42%] Built target nodelet_generate_messages_nodejs
[82.913s] [ 42%] Built target nodelet_generate_messages_eus
[82.946s] [ 42%] Built target nodelet_generate_messages_cpp
[83.008s] [ 64%] Built target op_trajectory_generator
[83.042s] [ 64%] Built target dynamic_reconfigure_generate_messages_lisp
[83.076s] [ 64%] Built target dynamic_reconfigure_generate_messages_eus
[83.110s] [ 64%] Built target pcl_ros_gencfg
[83.144s] [ 64%] Built target vector_map_server_generate_messages_nodejs
[83.179s] [ 64%] Built target vector_map_msgs_generate_messages_py
[83.213s] [ 64%] Built target bond_generate_messages_py
[83.249s] [ 64%] Built target vector_map_msgs_generate_messages_nodejs
[83.285s] [ 64%] Built target vector_map_msgs_generate_messages_lisp
[83.319s] [ 64%] Built target vector_map_msgs_generate_messages_eus
[83.381s] [ 85%] Built target op_behavior_selector
[83.414s] [ 85%] Built target vector_map_msgs_generate_messages_cpp
[83.447s] [ 85%] Built target visualization_msgs_generate_messages_py
[83.480s] [ 85%] Built target visualization_msgs_generate_messages_nodejs
[83.513s] [ 85%] Built target geometry_msgs_generate_messages_py
[83.547s] [ 85%] Built target sensor_msgs_generate_messages_nodejs
[83.581s] [ 85%] Built target vector_map_server_generate_messages_eus
[83.616s] [ 85%] Built target roscpp_generate_messages_cpp
[83.651s] [ 85%] Built target actionlib_generate_messages_cpp
[83.687s] [ 85%] Built target pcl_msgs_generate_messages_eus
[83.724s] [ 85%] Built target rosgraph_msgs_generate_messages_eus
[83.760s] [ 85%] Built target jsk_recognition_msgs_generate_messages_lisp
[83.794s] [ 85%] Built target jsk_recognition_msgs_generate_messages_eus
[83.830s] [ 85%] Built target tf2_msgs_generate_messages_cpp
[83.865s] [ 85%] Built target pcl_msgs_generate_messages_cpp
[83.901s] [ 85%] Built target sensor_msgs_generate_messages_lisp
[83.935s] [ 85%] Built target std_srvs_generate_messages_cpp
[83.971s] [ 85%] Built target topic_tools_generate_messages_lisp
[84.007s] [ 85%] Built target jsk_recognition_msgs_generate_messages_cpp
[84.043s] [ 85%] Built target geometry_msgs_generate_messages_lisp
[84.079s] [ 85%] Built target geometry_msgs_generate_messages_eus
[84.114s] [ 85%] Built target autoware_can_msgs_generate_messages_cpp
[84.154s] [ 85%] Built target dynamic_reconfigure_generate_messages_py
[84.190s] [ 85%] Built target autoware_can_msgs_generate_messages_lisp
[84.227s] [ 85%] Built target autoware_can_msgs_generate_messages_nodejs
[84.263s] [ 85%] Built target pcl_msgs_generate_messages_nodejs
[84.299s] [ 85%] Built target jsk_recognition_msgs_generate_messages_py
[84.335s] [ 85%] Built target nodelet_generate_messages_py
[84.371s] [ 85%] Built target sensor_msgs_generate_messages_py
[84.405s] [ 85%] Built target dynamic_reconfigure_generate_messages_cpp
[84.439s] [ 85%] Built target tf_generate_messages_py
[84.472s] [ 85%] Built target topic_tools_generate_messages_py
[84.505s] [ 85%] Built target nodelet_topic_tools_gencfg
[84.538s] [ 85%] Built target actionlib_msgs_generate_messages_nodejs
[84.572s] [ 85%] Built target std_msgs_generate_messages_cpp
[84.605s] [ 85%] Built target jsk_footstep_msgs_generate_messages_py
[84.638s] [ 85%] Built target visualization_msgs_generate_messages_lisp
[84.672s] [ 85%] Built target std_msgs_generate_messages_eus
[84.707s] [ 85%] Built target geometry_msgs_generate_messages_nodejs
[84.742s] [ 85%] Built target dynamic_reconfigure_generate_messages_nodejs
[84.776s] [ 85%] Built target autoware_can_msgs_generate_messages_py
[84.811s] [ 85%] Built target sensor_msgs_generate_messages_eus
[84.846s] [ 85%] Built target sensor_msgs_generate_messages_cpp
[84.881s] [ 85%] Built target roscpp_generate_messages_nodejs
[84.915s] [ 85%] Built target std_msgs_generate_messages_lisp
[84.949s] [ 85%] Built target std_msgs_generate_messages_nodejs
[84.982s] [ 85%] Built target std_msgs_generate_messages_py
[85.016s] [ 85%] Built target nodelet_generate_messages_lisp
[85.052s] [ 85%] Built target autoware_msgs_generate_messages_py
[85.088s] [ 85%] Built target jsk_footstep_msgs_generate_messages_eus
[85.123s] [ 85%] Built target actionlib_msgs_generate_messages_py
[85.164s] [ 85%] Built target vector_map_server_generate_messages_lisp
[85.198s] [ 85%] Built target jsk_footstep_msgs_generate_messages_lisp
[85.233s] [ 85%] Built target jsk_footstep_msgs_generate_messages_nodejs
[85.266s] [ 85%] Built target autoware_msgs_generate_messages_lisp
[85.298s] [ 85%] Built target actionlib_msgs_generate_messages_lisp
[85.330s] [ 85%] Built target autoware_msgs_generate_messages_cpp
[85.366s] [ 85%] Built target rosgraph_msgs_generate_messages_cpp
[85.401s] [ 85%] Built target autoware_msgs_generate_messages_eus
[85.435s] [ 85%] Built target autoware_msgs_generate_messages_nodejs
[85.469s] [ 85%] Built target actionlib_generate_messages_nodejs
[85.502s] [ 85%] Built target pcl_msgs_generate_messages_lisp
[85.536s] [ 85%] Built target tf_generate_messages_cpp
[85.571s] [ 85%] Built target jsk_footstep_msgs_generate_messages_cpp
[85.604s] [ 85%] Built target actionlib_msgs_generate_messages_cpp
[85.638s] [ 85%] Built target tf_generate_messages_eus
[85.671s] [ 85%] Built target tf_generate_messages_lisp
[85.704s] [ 85%] Built target tf_generate_messages_nodejs
[85.741s] [ 85%] Built target std_srvs_generate_messages_eus
[85.782s] [ 85%] Built target jsk_recognition_msgs_generate_messages_nodejs
[85.824s] [ 85%] Built target roscpp_generate_messages_lisp
[85.858s] [ 85%] Built target roscpp_generate_messages_py
[85.894s] [ 85%] Built target rosgraph_msgs_generate_messages_lisp
[85.932s] [ 85%] Built target rosgraph_msgs_generate_messages_nodejs
[85.968s] [ 85%] Built target vector_map_server_generate_messages_py
[86.005s] [ 85%] Built target roscpp_generate_messages_eus
[86.043s] [ 85%] Built target autoware_can_msgs_generate_messages_eus
[86.080s] [ 85%] Built target actionlib_msgs_generate_messages_eus
[86.116s] [ 85%] Built target rosgraph_msgs_generate_messages_py
[86.161s] [ 85%] Built target pcl_msgs_generate_messages_py
[86.200s] [ 85%] Built target actionlib_generate_messages_eus
[86.237s] [ 85%] Built target geometry_msgs_generate_messages_cpp
[86.279s] [ 85%] Built target actionlib_generate_messages_lisp
[86.316s] [ 85%] Built target dynamic_reconfigure_gencfg
[86.356s] [ 85%] Built target tf2_msgs_generate_messages_lisp
[86.392s] [ 85%] Built target actionlib_generate_messages_py
[86.430s] [ 85%] Built target tf2_msgs_generate_messages_py
[86.466s] [ 85%] Built target tf2_msgs_generate_messages_nodejs
[86.502s] [ 85%] Built target tf2_msgs_generate_messages_eus
[86.539s] [ 85%] Built target visualization_msgs_generate_messages_cpp
[86.575s] [ 85%] Built target vector_map_server_generate_messages_cpp
[86.624s] [100%] Built target op_common_params
[86.662s] Install the project...
[86.675s] -- Install configuration: "Release"
[86.676s] -- Installing: /home/autoware/Autoware/install/op_local_planner/lib/pkgconfig/op_local_planner.pc
[86.677s] -- Installing: /home/autoware/Autoware/install/op_local_planner/share/op_local_planner/cmake/op_local_plannerConfig.cmake
[86.677s] -- Installing: /home/autoware/Autoware/install/op_local_planner/share/op_local_planner/cmake/op_local_plannerConfig-version.cmake
[86.678s] -- Installing: /home/autoware/Autoware/install/op_local_planner/share/op_local_planner/package.xml
[86.678s] -- Installing: /home/autoware/Autoware/install/op_local_planner/lib/op_local_planner/op_common_params
[86.679s] -- Set runtime path of "/home/autoware/Autoware/install/op_local_planner/lib/op_local_planner/op_common_params" to ""
[86.679s] -- Installing: /home/autoware/Autoware/install/op_local_planner/lib/op_local_planner/op_trajectory_generator
[86.681s] -- Set runtime path of "/home/autoware/Autoware/install/op_local_planner/lib/op_local_planner/op_trajectory_generator" to ""
[86.681s] -- Installing: /home/autoware/Autoware/install/op_local_planner/lib/op_local_planner/op_trajectory_evaluator
[86.683s] -- Set runtime path of "/home/autoware/Autoware/install/op_local_planner/lib/op_local_planner/op_trajectory_evaluator" to ""
[86.683s] -- Installing: /home/autoware/Autoware/install/op_local_planner/lib/op_local_planner/op_behavior_selector
[86.685s] -- Set runtime path of "/home/autoware/Autoware/install/op_local_planner/lib/op_local_planner/op_behavior_selector" to ""
[86.686s] -- Installing: /home/autoware/Autoware/install/op_local_planner/lib/op_local_planner/op_motion_predictor
[86.688s] -- Set runtime path of "/home/autoware/Autoware/install/op_local_planner/lib/op_local_planner/op_motion_predictor" to ""
[86.688s] -- Installing: /home/autoware/Autoware/install/op_local_planner/share/op_local_planner/launch
[86.689s] -- Installing: /home/autoware/Autoware/install/op_local_planner/share/op_local_planner/launch/op_motion_predictor.launch
[86.690s] -- Installing: /home/autoware/Autoware/install/op_local_planner/share/op_local_planner/launch/op_trajectory_generator.launch
[86.691s] -- Installing: /home/autoware/Autoware/install/op_local_planner/share/op_local_planner/launch/op_trajectory_evaluator.launch
[86.691s] -- Installing: /home/autoware/Autoware/install/op_local_planner/share/op_local_planner/launch/op_common_params.launch
[86.692s] -- Installing: /home/autoware/Autoware/install/op_local_planner/share/op_local_planner/launch/op_behavior_selector.launch
[86.705s] Invoked command in '/home/autoware/Autoware/build/op_local_planner' returned '0': CMAKE_PREFIX_PATH=/home/autoware/Autoware/install/op_ros_helpers:/home/autoware/Autoware/install/op_simu:/home/autoware/Autoware/install/op_planner:/home/autoware/Autoware/install/op_utility:/home/autoware/Autoware/install/map_file:/home/autoware/Autoware/install/vector_map_server:/home/autoware/Autoware/install/libwaypoint_follower:/home/autoware/Autoware/install/lanelet2_extension:/home/autoware/Autoware/install/vector_map:/home/autoware/Autoware/install/amathutils_lib:/home/autoware/Autoware/install/vector_map_msgs:/home/autoware/Autoware/install/autoware_msgs:/home/autoware/Autoware/install/autoware_lanelet2_msgs:/home/autoware/Autoware/install/autoware_can_msgs:/home/autoware/Autoware/install/autoware_build_flags:${CMAKE_PREFIX_PATH} LD_LIBRARY_PATH=/home/autoware/Autoware/install/op_ros_helpers/lib:/home/autoware/Autoware/install/op_simu/lib:/home/autoware/Autoware/install/op_planner/lib:/home/autoware/Autoware/install/op_utility/lib:/home/autoware/Autoware/install/map_file/lib:/home/autoware/Autoware/install/libwaypoint_follower/lib:/home/autoware/Autoware/install/lanelet2_extension/lib:/home/autoware/Autoware/install/vector_map/lib:/home/autoware/Autoware/install/amathutils_lib/lib:${LD_LIBRARY_PATH} PKG_CONFIG_PATH=/home/autoware/Autoware/install/op_ros_helpers/lib/x86_64-linux-gnu/pkgconfig:/home/autoware/Autoware/install/op_ros_helpers/lib/pkgconfig:/home/autoware/Autoware/install/op_simu/lib/x86_64-linux-gnu/pkgconfig:/home/autoware/Autoware/install/op_simu/lib/pkgconfig:/home/autoware/Autoware/install/op_planner/lib/x86_64-linux-gnu/pkgconfig:/home/autoware/Autoware/install/op_planner/lib/pkgconfig:/home/autoware/Autoware/install/op_utility/lib/x86_64-linux-gnu/pkgconfig:/home/autoware/Autoware/install/op_utility/lib/pkgconfig:/home/autoware/Autoware/install/map_file/lib/x86_64-linux-gnu/pkgconfig:/home/autoware/Autoware/install/map_file/lib/pkgconfig:/home/autoware/Autoware/install/vector_map_server/lib/x86_64-linux-gnu/pkgconfig:/home/autoware/Autoware/install/vector_map_server/lib/pkgconfig:/home/autoware/Autoware/install/libwaypoint_follower/lib/x86_64-linux-gnu/pkgconfig:/home/autoware/Autoware/install/libwaypoint_follower/lib/pkgconfig:/home/autoware/Autoware/install/lanelet2_extension/lib/x86_64-linux-gnu/pkgconfig:/home/autoware/Autoware/install/lanelet2_extension/lib/pkgconfig:/home/autoware/Autoware/install/vector_map/lib/x86_64-linux-gnu/pkgconfig:/home/autoware/Autoware/install/vector_map/lib/pkgconfig:/home/autoware/Autoware/install/amathutils_lib/lib/x86_64-linux-gnu/pkgconfig:/home/autoware/Autoware/install/amathutils_lib/lib/pkgconfig:/home/autoware/Autoware/install/vector_map_msgs/lib/x86_64-linux-gnu/pkgconfig:/home/autoware/Autoware/install/vector_map_msgs/lib/pkgconfig:/home/autoware/Autoware/install/autoware_msgs/lib/x86_64-linux-gnu/pkgconfig:/home/autoware/Autoware/install/autoware_msgs/lib/pkgconfig:/home/autoware/Autoware/install/autoware_lanelet2_msgs/lib/x86_64-linux-gnu/pkgconfig:/home/autoware/Autoware/install/autoware_lanelet2_msgs/lib/pkgconfig:/home/autoware/Autoware/install/autoware_can_msgs/lib/x86_64-linux-gnu/pkgconfig:/home/autoware/Autoware/install/autoware_can_msgs/lib/pkgconfig:/home/autoware/Autoware/install/autoware_build_flags/lib/x86_64-linux-gnu/pkgconfig:/home/autoware/Autoware/install/autoware_build_flags/lib/pkgconfig:${PKG_CONFIG_PATH} PYTHONPATH=/home/autoware/Autoware/install/vector_map_server/lib/python2.7/dist-packages:/home/autoware/Autoware/install/vector_map_msgs/lib/python2.7/dist-packages:/home/autoware/Autoware/install/autoware_msgs/lib/python2.7/dist-packages:/home/autoware/Autoware/install/autoware_lanelet2_msgs/lib/python2.7/dist-packages:/home/autoware/Autoware/install/autoware_can_msgs/lib/python2.7/dist-packages:${PYTHONPATH} ROS_PACKAGE_PATH=/home/autoware/Autoware/install/op_ros_helpers/share:/home/autoware/Autoware/install/op_simu/share:/home/autoware/Autoware/install/op_planner/share:/home/autoware/Autoware/install/op_utility/share:/home/autoware/Autoware/install/map_file/share:/home/autoware/Autoware/install/vector_map_server/share:/home/autoware/Autoware/install/libwaypoint_follower/share:/home/autoware/Autoware/install/lanelet2_extension/share:/home/autoware/Autoware/install/vector_map/share:/home/autoware/Autoware/install/amathutils_lib/share:/home/autoware/Autoware/install/vector_map_msgs/share:/home/autoware/Autoware/install/autoware_msgs/share:/home/autoware/Autoware/install/autoware_lanelet2_msgs/share:/home/autoware/Autoware/install/autoware_can_msgs/share:/home/autoware/Autoware/install/autoware_build_flags/share:${ROS_PACKAGE_PATH} /usr/bin/cmake --build /home/autoware/Autoware/build/op_local_planner --target install -- -j2 -l2
