[0.032s] Invoking command in '/home/autoware/Autoware/build/kitti_launch': CMAKE_PREFIX_PATH=/home/autoware/Autoware/install/kitti_player:/home/autoware/Autoware/install/kitti_box_publisher:/home/autoware/Autoware/install/autoware_msgs:${CMAKE_PREFIX_PATH} PKG_CONFIG_PATH=/home/autoware/Autoware/install/kitti_player/lib/x86_64-linux-gnu/pkgconfig:/home/autoware/Autoware/install/kitti_player/lib/pkgconfig:/home/autoware/Autoware/install/kitti_box_publisher/lib/x86_64-linux-gnu/pkgconfig:/home/autoware/Autoware/install/kitti_box_publisher/lib/pkgconfig:/home/autoware/Autoware/install/autoware_msgs/lib/x86_64-linux-gnu/pkgconfig:/home/autoware/Autoware/install/autoware_msgs/lib/pkgconfig:${PKG_CONFIG_PATH} PYTHONPATH=/home/autoware/Autoware/install/kitti_player/lib/python2.7/dist-packages:/home/autoware/Autoware/install/autoware_msgs/lib/python2.7/dist-packages:${PYTHONPATH} ROS_PACKAGE_PATH=/home/autoware/Autoware/install/kitti_player/share:/home/autoware/Autoware/install/kitti_box_publisher/share:/home/autoware/Autoware/install/autoware_msgs/share:${ROS_PACKAGE_PATH} /usr/bin/cmake /home/autoware/Autoware/src/autoware/utilities/kitti_launch -DCMAKE_BUILD_TYPE=Release -DCATKIN_INSTALL_INTO_PREFIX_ROOT=0 -DCMAKE_INSTALL_PREFIX=/home/autoware/Autoware/install/kitti_launch
[0.115s] -- The C compiler identification is GNU 7.5.0
[0.194s] -- The CXX compiler identification is GNU 7.5.0
[0.200s] -- Check for working C compiler: /usr/bin/cc
[0.294s] -- Check for working C compiler: /usr/bin/cc -- works
[0.294s] -- Detecting C compiler ABI info
[0.382s] -- Detecting C compiler ABI info - done
[0.392s] -- Detecting C compile features
[0.664s] -- Detecting C compile features - done
[0.669s] -- Check for working CXX compiler: /usr/bin/c++
[0.774s] -- Check for working CXX compiler: /usr/bin/c++ -- works
[0.775s] -- Detecting CXX compiler ABI info
[0.882s] -- Detecting CXX compiler ABI info - done
[0.892s] -- Detecting CXX compile features
[1.359s] -- Detecting CXX compile features - done
[1.363s] -- Using CATKIN_DEVEL_PREFIX: /home/autoware/Autoware/build/kitti_launch/devel
[1.364s] -- Using CMAKE_PREFIX_PATH: /home/autoware/Autoware/install/kitti_player;/home/autoware/Autoware/install/kitti_box_publisher;/home/autoware/Autoware/install/autoware_msgs;/opt/ros/melodic
[1.364s] -- This workspace overlays: /home/autoware/Autoware/install/kitti_player;/home/autoware/Autoware/install/kitti_box_publisher;/home/autoware/Autoware/install/autoware_msgs;/opt/ros/melodic
[1.385s] -- Found PythonInterp: /usr/bin/python2 (found suitable version "2.7.17", minimum required is "2") 
[1.386s] -- Using PYTHON_EXECUTABLE: /usr/bin/python2
[1.386s] -- Using Debian Python package layout
[1.386s] -- Using empy: /usr/bin/empy
[1.556s] -- Using CATKIN_ENABLE_TESTING: ON
[1.556s] -- Call enable_testing()
[1.564s] -- Using CATKIN_TEST_RESULTS_DIR: /home/autoware/Autoware/build/kitti_launch/test_results
[1.588s] -- Found gtest sources under '/usr/src/googletest': gtests will be built
[1.588s] -- Found gmock sources under '/usr/src/googletest': gmock will be built
[1.610s] -- Found PythonInterp: /usr/bin/python2 (found version "2.7.17") 
[1.610s] -- Looking for pthread.h
[1.710s] -- Looking for pthread.h - found
[1.710s] -- Looking for pthread_create
[1.806s] -- Looking for pthread_create - not found
[1.806s] -- Looking for pthread_create in pthreads
[1.882s] -- Looking for pthread_create in pthreads - not found
[1.882s] -- Looking for pthread_create in pthread
[1.974s] -- Looking for pthread_create in pthread - found
[1.974s] -- Found Threads: TRUE  
[1.976s] -- Using Python nosetests: /usr/bin/nosetests-2.7
[2.030s] -- catkin 0.7.26
[2.030s] -- BUILD_SHARED_LIBS is on
[2.311s] -- Configuring done
[2.325s] -- Generating done
[2.328s] -- Build files have been written to: /home/autoware/Autoware/build/kitti_launch
[2.336s] Invoked command in '/home/autoware/Autoware/build/kitti_launch' returned '0': CMAKE_PREFIX_PATH=/home/autoware/Autoware/install/kitti_player:/home/autoware/Autoware/install/kitti_box_publisher:/home/autoware/Autoware/install/autoware_msgs:${CMAKE_PREFIX_PATH} PKG_CONFIG_PATH=/home/autoware/Autoware/install/kitti_player/lib/x86_64-linux-gnu/pkgconfig:/home/autoware/Autoware/install/kitti_player/lib/pkgconfig:/home/autoware/Autoware/install/kitti_box_publisher/lib/x86_64-linux-gnu/pkgconfig:/home/autoware/Autoware/install/kitti_box_publisher/lib/pkgconfig:/home/autoware/Autoware/install/autoware_msgs/lib/x86_64-linux-gnu/pkgconfig:/home/autoware/Autoware/install/autoware_msgs/lib/pkgconfig:${PKG_CONFIG_PATH} PYTHONPATH=/home/autoware/Autoware/install/kitti_player/lib/python2.7/dist-packages:/home/autoware/Autoware/install/autoware_msgs/lib/python2.7/dist-packages:${PYTHONPATH} ROS_PACKAGE_PATH=/home/autoware/Autoware/install/kitti_player/share:/home/autoware/Autoware/install/kitti_box_publisher/share:/home/autoware/Autoware/install/autoware_msgs/share:${ROS_PACKAGE_PATH} /usr/bin/cmake /home/autoware/Autoware/src/autoware/utilities/kitti_launch -DCMAKE_BUILD_TYPE=Release -DCATKIN_INSTALL_INTO_PREFIX_ROOT=0 -DCMAKE_INSTALL_PREFIX=/home/autoware/Autoware/install/kitti_launch
[2.337s] Invoking command in '/home/autoware/Autoware/build/kitti_launch': CMAKE_PREFIX_PATH=/home/autoware/Autoware/install/kitti_player:/home/autoware/Autoware/install/kitti_box_publisher:/home/autoware/Autoware/install/autoware_msgs:${CMAKE_PREFIX_PATH} PKG_CONFIG_PATH=/home/autoware/Autoware/install/kitti_player/lib/x86_64-linux-gnu/pkgconfig:/home/autoware/Autoware/install/kitti_player/lib/pkgconfig:/home/autoware/Autoware/install/kitti_box_publisher/lib/x86_64-linux-gnu/pkgconfig:/home/autoware/Autoware/install/kitti_box_publisher/lib/pkgconfig:/home/autoware/Autoware/install/autoware_msgs/lib/x86_64-linux-gnu/pkgconfig:/home/autoware/Autoware/install/autoware_msgs/lib/pkgconfig:${PKG_CONFIG_PATH} PYTHONPATH=/home/autoware/Autoware/install/kitti_player/lib/python2.7/dist-packages:/home/autoware/Autoware/install/autoware_msgs/lib/python2.7/dist-packages:${PYTHONPATH} ROS_PACKAGE_PATH=/home/autoware/Autoware/install/kitti_player/share:/home/autoware/Autoware/install/kitti_box_publisher/share:/home/autoware/Autoware/install/autoware_msgs/share:${ROS_PACKAGE_PATH} /usr/bin/cmake --build /home/autoware/Autoware/build/kitti_launch -- -j2 -l2
[2.396s] Invoked command in '/home/autoware/Autoware/build/kitti_launch' returned '0': CMAKE_PREFIX_PATH=/home/autoware/Autoware/install/kitti_player:/home/autoware/Autoware/install/kitti_box_publisher:/home/autoware/Autoware/install/autoware_msgs:${CMAKE_PREFIX_PATH} PKG_CONFIG_PATH=/home/autoware/Autoware/install/kitti_player/lib/x86_64-linux-gnu/pkgconfig:/home/autoware/Autoware/install/kitti_player/lib/pkgconfig:/home/autoware/Autoware/install/kitti_box_publisher/lib/x86_64-linux-gnu/pkgconfig:/home/autoware/Autoware/install/kitti_box_publisher/lib/pkgconfig:/home/autoware/Autoware/install/autoware_msgs/lib/x86_64-linux-gnu/pkgconfig:/home/autoware/Autoware/install/autoware_msgs/lib/pkgconfig:${PKG_CONFIG_PATH} PYTHONPATH=/home/autoware/Autoware/install/kitti_player/lib/python2.7/dist-packages:/home/autoware/Autoware/install/autoware_msgs/lib/python2.7/dist-packages:${PYTHONPATH} ROS_PACKAGE_PATH=/home/autoware/Autoware/install/kitti_player/share:/home/autoware/Autoware/install/kitti_box_publisher/share:/home/autoware/Autoware/install/autoware_msgs/share:${ROS_PACKAGE_PATH} /usr/bin/cmake --build /home/autoware/Autoware/build/kitti_launch -- -j2 -l2
[2.438s] Invoking command in '/home/autoware/Autoware/build/kitti_launch': CMAKE_PREFIX_PATH=/home/autoware/Autoware/install/kitti_player:/home/autoware/Autoware/install/kitti_box_publisher:/home/autoware/Autoware/install/autoware_msgs:${CMAKE_PREFIX_PATH} PKG_CONFIG_PATH=/home/autoware/Autoware/install/kitti_player/lib/x86_64-linux-gnu/pkgconfig:/home/autoware/Autoware/install/kitti_player/lib/pkgconfig:/home/autoware/Autoware/install/kitti_box_publisher/lib/x86_64-linux-gnu/pkgconfig:/home/autoware/Autoware/install/kitti_box_publisher/lib/pkgconfig:/home/autoware/Autoware/install/autoware_msgs/lib/x86_64-linux-gnu/pkgconfig:/home/autoware/Autoware/install/autoware_msgs/lib/pkgconfig:${PKG_CONFIG_PATH} PYTHONPATH=/home/autoware/Autoware/install/kitti_player/lib/python2.7/dist-packages:/home/autoware/Autoware/install/autoware_msgs/lib/python2.7/dist-packages:${PYTHONPATH} ROS_PACKAGE_PATH=/home/autoware/Autoware/install/kitti_player/share:/home/autoware/Autoware/install/kitti_box_publisher/share:/home/autoware/Autoware/install/autoware_msgs/share:${ROS_PACKAGE_PATH} /usr/bin/cmake --build /home/autoware/Autoware/build/kitti_launch --target tests -- -j2 -l2
[2.505s] Scanning dependencies of target tests
[2.517s] Built target tests
[2.533s] Invoked command in '/home/autoware/Autoware/build/kitti_launch' returned '0': CMAKE_PREFIX_PATH=/home/autoware/Autoware/install/kitti_player:/home/autoware/Autoware/install/kitti_box_publisher:/home/autoware/Autoware/install/autoware_msgs:${CMAKE_PREFIX_PATH} PKG_CONFIG_PATH=/home/autoware/Autoware/install/kitti_player/lib/x86_64-linux-gnu/pkgconfig:/home/autoware/Autoware/install/kitti_player/lib/pkgconfig:/home/autoware/Autoware/install/kitti_box_publisher/lib/x86_64-linux-gnu/pkgconfig:/home/autoware/Autoware/install/kitti_box_publisher/lib/pkgconfig:/home/autoware/Autoware/install/autoware_msgs/lib/x86_64-linux-gnu/pkgconfig:/home/autoware/Autoware/install/autoware_msgs/lib/pkgconfig:${PKG_CONFIG_PATH} PYTHONPATH=/home/autoware/Autoware/install/kitti_player/lib/python2.7/dist-packages:/home/autoware/Autoware/install/autoware_msgs/lib/python2.7/dist-packages:${PYTHONPATH} ROS_PACKAGE_PATH=/home/autoware/Autoware/install/kitti_player/share:/home/autoware/Autoware/install/kitti_box_publisher/share:/home/autoware/Autoware/install/autoware_msgs/share:${ROS_PACKAGE_PATH} /usr/bin/cmake --build /home/autoware/Autoware/build/kitti_launch --target tests -- -j2 -l2
[2.574s] Invoking command in '/home/autoware/Autoware/build/kitti_launch': CMAKE_PREFIX_PATH=/home/autoware/Autoware/install/kitti_player:/home/autoware/Autoware/install/kitti_box_publisher:/home/autoware/Autoware/install/autoware_msgs:${CMAKE_PREFIX_PATH} PKG_CONFIG_PATH=/home/autoware/Autoware/install/kitti_player/lib/x86_64-linux-gnu/pkgconfig:/home/autoware/Autoware/install/kitti_player/lib/pkgconfig:/home/autoware/Autoware/install/kitti_box_publisher/lib/x86_64-linux-gnu/pkgconfig:/home/autoware/Autoware/install/kitti_box_publisher/lib/pkgconfig:/home/autoware/Autoware/install/autoware_msgs/lib/x86_64-linux-gnu/pkgconfig:/home/autoware/Autoware/install/autoware_msgs/lib/pkgconfig:${PKG_CONFIG_PATH} PYTHONPATH=/home/autoware/Autoware/install/kitti_player/lib/python2.7/dist-packages:/home/autoware/Autoware/install/autoware_msgs/lib/python2.7/dist-packages:${PYTHONPATH} ROS_PACKAGE_PATH=/home/autoware/Autoware/install/kitti_player/share:/home/autoware/Autoware/install/kitti_box_publisher/share:/home/autoware/Autoware/install/autoware_msgs/share:${ROS_PACKAGE_PATH} /usr/bin/cmake --build /home/autoware/Autoware/build/kitti_launch --target install -- -j2 -l2
[2.640s] Install the project...
[2.652s] -- Install configuration: "Release"
[2.652s] -- Installing: /home/autoware/Autoware/install/kitti_launch/lib/pkgconfig/kitti_launch.pc
[2.653s] -- Installing: /home/autoware/Autoware/install/kitti_launch/share/kitti_launch/cmake/kitti_launchConfig.cmake
[2.653s] -- Installing: /home/autoware/Autoware/install/kitti_launch/share/kitti_launch/cmake/kitti_launchConfig-version.cmake
[2.654s] -- Installing: /home/autoware/Autoware/install/kitti_launch/share/kitti_launch/package.xml
[2.654s] -- Installing: /home/autoware/Autoware/install/kitti_launch/share/kitti_launch/launch/launch
[2.654s] -- Installing: /home/autoware/Autoware/install/kitti_launch/share/kitti_launch/launch/launch/xml
[2.656s] -- Installing: /home/autoware/Autoware/install/kitti_launch/share/kitti_launch/launch/launch/xml/points_raw.xml
[2.657s] -- Installing: /home/autoware/Autoware/install/kitti_launch/share/kitti_launch/launch/launch/xml/camera_lidar.xml
[2.658s] -- Installing: /home/autoware/Autoware/install/kitti_launch/share/kitti_launch/launch/launch/kittiplayer.launch
[2.658s] -- Installing: /home/autoware/Autoware/install/kitti_launch/share/kitti_launch/launch/xml/xml
[2.659s] -- Installing: /home/autoware/Autoware/install/kitti_launch/share/kitti_launch/launch/xml/xml/points_raw.xml
[2.659s] -- Installing: /home/autoware/Autoware/install/kitti_launch/share/kitti_launch/launch/xml/xml/camera_lidar.xml
[2.660s] -- Installing: /home/autoware/Autoware/install/kitti_launch/share/kitti_launch/calib/calib
[2.660s] -- Installing: /home/autoware/Autoware/install/kitti_launch/share/kitti_launch/calib/calib/kitti_cam02_sync_kitti_conv.yml
[2.661s] -- Installing: /home/autoware/Autoware/install/kitti_launch/share/kitti_launch/calib/calib/kitti_cam02_sync.yml
[2.668s] Invoked command in '/home/autoware/Autoware/build/kitti_launch' returned '0': CMAKE_PREFIX_PATH=/home/autoware/Autoware/install/kitti_player:/home/autoware/Autoware/install/kitti_box_publisher:/home/autoware/Autoware/install/autoware_msgs:${CMAKE_PREFIX_PATH} PKG_CONFIG_PATH=/home/autoware/Autoware/install/kitti_player/lib/x86_64-linux-gnu/pkgconfig:/home/autoware/Autoware/install/kitti_player/lib/pkgconfig:/home/autoware/Autoware/install/kitti_box_publisher/lib/x86_64-linux-gnu/pkgconfig:/home/autoware/Autoware/install/kitti_box_publisher/lib/pkgconfig:/home/autoware/Autoware/install/autoware_msgs/lib/x86_64-linux-gnu/pkgconfig:/home/autoware/Autoware/install/autoware_msgs/lib/pkgconfig:${PKG_CONFIG_PATH} PYTHONPATH=/home/autoware/Autoware/install/kitti_player/lib/python2.7/dist-packages:/home/autoware/Autoware/install/autoware_msgs/lib/python2.7/dist-packages:${PYTHONPATH} ROS_PACKAGE_PATH=/home/autoware/Autoware/install/kitti_player/share:/home/autoware/Autoware/install/kitti_box_publisher/share:/home/autoware/Autoware/install/autoware_msgs/share:${ROS_PACKAGE_PATH} /usr/bin/cmake --build /home/autoware/Autoware/build/kitti_launch --target install -- -j2 -l2
