-- The C compiler identification is GNU 7.5.0
-- The CXX compiler identification is GNU 7.5.0
-- Check for working C compiler: /usr/bin/cc
-- Check for working C compiler: /usr/bin/cc -- works
-- Detecting C compiler ABI info
-- Detecting C compiler ABI info - done
-- Detecting C compile features
-- Detecting C compile features - done
-- Check for working CXX compiler: /usr/bin/c++
-- Check for working CXX compiler: /usr/bin/c++ -- works
-- Detecting CXX compiler ABI info
-- Detecting CXX compiler ABI info - done
-- Detecting CXX compile features
-- Detecting CXX compile features - done
-- Using CATKIN_DEVEL_PREFIX: /home/autoware/Autoware/build/autoware_health_checker/devel
-- Using CMAKE_PREFIX_PATH: /home/autoware/Autoware/install/ros_observer;/home/autoware/Autoware/install/autoware_system_msgs;/opt/ros/melodic
-- This workspace overlays: /home/autoware/Autoware/install/ros_observer;/home/autoware/Autoware/install/autoware_system_msgs;/opt/ros/melodic
-- Found PythonInterp: /usr/bin/python2 (found suitable version "2.7.17", minimum required is "2") 
-- Using PYTHON_EXECUTABLE: /usr/bin/python2
-- Using Debian Python package layout
-- Using empy: /usr/bin/empy
-- Using CATKIN_ENABLE_TESTING: ON
-- Call enable_testing()
-- Using CATKIN_TEST_RESULTS_DIR: /home/autoware/Autoware/build/autoware_health_checker/test_results
-- Found gtest sources under '/usr/src/googletest': gtests will be built
-- Found gmock sources under '/usr/src/googletest': gmock will be built
-- Found PythonInterp: /usr/bin/python2 (found version "2.7.17") 
-- Looking for pthread.h
-- Looking for pthread.h - found
-- Looking for pthread_create
-- Looking for pthread_create - not found
-- Looking for pthread_create in pthreads
-- Looking for pthread_create in pthreads - not found
-- Looking for pthread_create in pthread
-- Looking for pthread_create in pthread - found
-- Found Threads: TRUE  
-- Using Python nosetests: /usr/bin/nosetests-2.7
-- catkin 0.7.26
-- BUILD_SHARED_LIBS is on
-- Using these message generators: gencpp;geneus;genlisp;gennodejs;genpy
-- Configuring done
-- Generating done
-- Build files have been written to: /home/autoware/Autoware/build/autoware_health_checker
Scanning dependencies of target dynamic_reconfigure_generate_messages_nodejs
[  0%] Built target dynamic_reconfigure_generate_messages_nodejs
Scanning dependencies of target nav_msgs_generate_messages_nodejs
[  0%] Built target nav_msgs_generate_messages_nodejs
Scanning dependencies of target map_msgs_generate_messages_lisp
[  0%] Built target map_msgs_generate_messages_lisp
Scanning dependencies of target rviz_generate_messages_py
[  0%] Built target rviz_generate_messages_py
Scanning dependencies of target rviz_generate_messages_cpp
[  0%] Built target rviz_generate_messages_cpp
Scanning dependencies of target people_msgs_generate_messages_lisp
[  0%] Built target people_msgs_generate_messages_lisp
Scanning dependencies of target rviz_generate_messages_eus
[  0%] Built target rviz_generate_messages_eus
Scanning dependencies of target people_msgs_generate_messages_eus
[  0%] Built target people_msgs_generate_messages_eus
Scanning dependencies of target people_msgs_generate_messages_cpp
[  0%] Built target people_msgs_generate_messages_cpp
Scanning dependencies of target visualization_msgs_generate_messages_py
[  0%] Built target visualization_msgs_generate_messages_py
Scanning dependencies of target visualization_msgs_generate_messages_nodejs
[  0%] Built target visualization_msgs_generate_messages_nodejs
Scanning dependencies of target visualization_msgs_generate_messages_eus
[  0%] Built target visualization_msgs_generate_messages_eus
Scanning dependencies of target tf2_msgs_generate_messages_nodejs
[  0%] Built target tf2_msgs_generate_messages_nodejs
Scanning dependencies of target nav_msgs_generate_messages_eus
[  0%] Built target nav_msgs_generate_messages_eus
Scanning dependencies of target visualization_msgs_generate_messages_cpp
[  0%] Built target visualization_msgs_generate_messages_cpp
Scanning dependencies of target tf2_msgs_generate_messages_eus
[  0%] Built target tf2_msgs_generate_messages_eus
Scanning dependencies of target tf2_msgs_generate_messages_cpp
[  0%] Built target tf2_msgs_generate_messages_cpp
Scanning dependencies of target map_msgs_generate_messages_cpp
[  0%] Built target map_msgs_generate_messages_cpp
Scanning dependencies of target tf2_msgs_generate_messages_py
[  0%] Built target tf2_msgs_generate_messages_py
Scanning dependencies of target actionlib_generate_messages_py
[  0%] Built target actionlib_generate_messages_py
Scanning dependencies of target actionlib_generate_messages_cpp
[  0%] Built target actionlib_generate_messages_cpp
Scanning dependencies of target tf_generate_messages_nodejs
[  0%] Built target tf_generate_messages_nodejs
Scanning dependencies of target tf_generate_messages_lisp
[  0%] Built target tf_generate_messages_lisp
Scanning dependencies of target topic_tools_generate_messages_nodejs
[  0%] Built target topic_tools_generate_messages_nodejs
Scanning dependencies of target topic_tools_generate_messages_eus
[  0%] Built target topic_tools_generate_messages_eus
Scanning dependencies of target topic_tools_generate_messages_cpp
[  0%] Built target topic_tools_generate_messages_cpp
Scanning dependencies of target std_srvs_generate_messages_py
[  0%] Built target std_srvs_generate_messages_py
Scanning dependencies of target std_srvs_generate_messages_nodejs
[  0%] Built target std_srvs_generate_messages_nodejs
Scanning dependencies of target std_srvs_generate_messages_lisp
[  0%] Built target std_srvs_generate_messages_lisp
Scanning dependencies of target bond_generate_messages_py
[  0%] Built target bond_generate_messages_py
Scanning dependencies of target bond_generate_messages_nodejs
[  0%] Built target bond_generate_messages_nodejs
Scanning dependencies of target bond_generate_messages_lisp
[  0%] Built target bond_generate_messages_lisp
Scanning dependencies of target bond_generate_messages_eus
[  0%] Built target bond_generate_messages_eus
Scanning dependencies of target bond_generate_messages_cpp
[  0%] Built target bond_generate_messages_cpp
Scanning dependencies of target nodelet_generate_messages_nodejs
[  0%] Built target nodelet_generate_messages_nodejs
Scanning dependencies of target nodelet_generate_messages_lisp
[  0%] Built target nodelet_generate_messages_lisp
Scanning dependencies of target map_msgs_generate_messages_eus
[  0%] Built target map_msgs_generate_messages_eus
Scanning dependencies of target nodelet_generate_messages_eus
[  0%] Built target nodelet_generate_messages_eus
Scanning dependencies of target nodelet_generate_messages_cpp
[  0%] Built target nodelet_generate_messages_cpp
Scanning dependencies of target nav_msgs_generate_messages_py
[  0%] Built target nav_msgs_generate_messages_py
Scanning dependencies of target tf2_msgs_generate_messages_lisp
[  0%] Built target tf2_msgs_generate_messages_lisp
Scanning dependencies of target dynamic_reconfigure_gencfg
[  0%] Built target dynamic_reconfigure_gencfg
Scanning dependencies of target jsk_rviz_plugins_generate_messages_py
[  0%] Built target jsk_rviz_plugins_generate_messages_py
Scanning dependencies of target jsk_hark_msgs_generate_messages_eus
[  0%] Built target jsk_hark_msgs_generate_messages_eus
Scanning dependencies of target jsk_rviz_plugins_generate_messages_nodejs
[  0%] Built target jsk_rviz_plugins_generate_messages_nodejs
Scanning dependencies of target rviz_generate_messages_lisp
[  0%] Built target rviz_generate_messages_lisp
Scanning dependencies of target jsk_rviz_plugins_gencfg
[  0%] Built target jsk_rviz_plugins_gencfg
Scanning dependencies of target visualization_msgs_generate_messages_lisp
[  0%] Built target visualization_msgs_generate_messages_lisp
Scanning dependencies of target std_msgs_generate_messages_eus
[  0%] Built target std_msgs_generate_messages_eus
Scanning dependencies of target diagnostic_msgs_generate_messages_nodejs
[  0%] Built target diagnostic_msgs_generate_messages_nodejs
Scanning dependencies of target dynamic_reconfigure_generate_messages_py
[  0%] Built target dynamic_reconfigure_generate_messages_py
Scanning dependencies of target rviz_generate_messages_nodejs
[  0%] Built target rviz_generate_messages_nodejs
Scanning dependencies of target jsk_hark_msgs_generate_messages_nodejs
[  0%] Built target jsk_hark_msgs_generate_messages_nodejs
Scanning dependencies of target diagnostic_msgs_generate_messages_lisp
[  0%] Built target diagnostic_msgs_generate_messages_lisp
Scanning dependencies of target dynamic_reconfigure_generate_messages_eus
[  0%] Built target dynamic_reconfigure_generate_messages_eus
Scanning dependencies of target roscpp_generate_messages_py
[  0%] Built target roscpp_generate_messages_py
Scanning dependencies of target people_msgs_generate_messages_py
[  0%] Built target people_msgs_generate_messages_py
Scanning dependencies of target autoware_system_msgs_generate_messages_cpp
[  0%] Built target autoware_system_msgs_generate_messages_cpp
Scanning dependencies of target geometry_msgs_generate_messages_eus
[  0%] Built target geometry_msgs_generate_messages_eus
Scanning dependencies of target std_msgs_generate_messages_py
[  0%] Built target std_msgs_generate_messages_py
Scanning dependencies of target sensor_msgs_generate_messages_eus
[  0%] Built target sensor_msgs_generate_messages_eus
Scanning dependencies of target std_srvs_generate_messages_cpp
[  0%] Built target std_srvs_generate_messages_cpp
Scanning dependencies of target nav_msgs_generate_messages_cpp
[  0%] Built target nav_msgs_generate_messages_cpp
Scanning dependencies of target sensor_msgs_generate_messages_lisp
[  0%] Built target sensor_msgs_generate_messages_lisp
Scanning dependencies of target map_msgs_generate_messages_nodejs
[  0%] Built target map_msgs_generate_messages_nodejs
Scanning dependencies of target topic_tools_generate_messages_py
[  0%] Built target topic_tools_generate_messages_py
Scanning dependencies of target nodelet_topic_tools_gencfg
[  0%] Built target nodelet_topic_tools_gencfg
Scanning dependencies of target actionlib_msgs_generate_messages_nodejs
[  0%] Built target actionlib_msgs_generate_messages_nodejs
Scanning dependencies of target diagnostic_msgs_generate_messages_eus
[  0%] Built target diagnostic_msgs_generate_messages_eus
Scanning dependencies of target autoware_system_msgs_generate_messages_nodejs
[  0%] Built target autoware_system_msgs_generate_messages_nodejs
Scanning dependencies of target actionlib_msgs_generate_messages_lisp
[  0%] Built target actionlib_msgs_generate_messages_lisp
Scanning dependencies of target std_msgs_generate_messages_cpp
[  0%] Built target std_msgs_generate_messages_cpp
Scanning dependencies of target jsk_footstep_msgs_generate_messages_py
[  0%] Built target jsk_footstep_msgs_generate_messages_py
Scanning dependencies of target autoware_system_msgs_generate_messages_lisp
[  0%] Built target autoware_system_msgs_generate_messages_lisp
Scanning dependencies of target roscpp_generate_messages_cpp
[  0%] Built target roscpp_generate_messages_cpp
Scanning dependencies of target autoware_system_msgs_generate_messages_py
[  0%] Built target autoware_system_msgs_generate_messages_py
Scanning dependencies of target sensor_msgs_generate_messages_nodejs
[  0%] Built target sensor_msgs_generate_messages_nodejs
Scanning dependencies of target geometry_msgs_generate_messages_nodejs
[  0%] Built target geometry_msgs_generate_messages_nodejs
Scanning dependencies of target diagnostic_msgs_generate_messages_py
[  0%] Built target diagnostic_msgs_generate_messages_py
Scanning dependencies of target autoware_system_msgs_generate_messages_eus
[  0%] Built target autoware_system_msgs_generate_messages_eus
Scanning dependencies of target jsk_rviz_plugins_generate_messages_cpp
[  0%] Built target jsk_rviz_plugins_generate_messages_cpp
Scanning dependencies of target roscpp_generate_messages_nodejs
[  0%] Built target roscpp_generate_messages_nodejs
Scanning dependencies of target std_msgs_generate_messages_lisp
[  0%] Built target std_msgs_generate_messages_lisp
Scanning dependencies of target rosgraph_msgs_generate_messages_lisp
[  0%] Built target rosgraph_msgs_generate_messages_lisp
Scanning dependencies of target actionlib_generate_messages_lisp
[  0%] Built target actionlib_generate_messages_lisp
Scanning dependencies of target geometry_msgs_generate_messages_cpp
[  0%] Built target geometry_msgs_generate_messages_cpp
Scanning dependencies of target geometry_msgs_generate_messages_lisp
[  0%] Built target geometry_msgs_generate_messages_lisp
Scanning dependencies of target rosgraph_msgs_generate_messages_cpp
[  0%] Built target rosgraph_msgs_generate_messages_cpp
Scanning dependencies of target tf_generate_messages_py
[  0%] Built target tf_generate_messages_py
Scanning dependencies of target dynamic_reconfigure_generate_messages_cpp
[  0%] Built target dynamic_reconfigure_generate_messages_cpp
Scanning dependencies of target rosgraph_msgs_generate_messages_eus
[  0%] Built target rosgraph_msgs_generate_messages_eus
Scanning dependencies of target std_srvs_generate_messages_eus
[  0%] Built target std_srvs_generate_messages_eus
Scanning dependencies of target roscpp_generate_messages_lisp
[  0%] Built target roscpp_generate_messages_lisp
Scanning dependencies of target jsk_recognition_msgs_generate_messages_nodejs
[  0%] Built target jsk_recognition_msgs_generate_messages_nodejs
Scanning dependencies of target jsk_rviz_plugins_generate_messages_lisp
[  0%] Built target jsk_rviz_plugins_generate_messages_lisp
Scanning dependencies of target jsk_recognition_utils_gencfg
[  0%] Built target jsk_recognition_utils_gencfg
Scanning dependencies of target rosgraph_msgs_generate_messages_nodejs
[  0%] Built target rosgraph_msgs_generate_messages_nodejs
Scanning dependencies of target jsk_hark_msgs_generate_messages_cpp
[  0%] Built target jsk_hark_msgs_generate_messages_cpp
Scanning dependencies of target std_msgs_generate_messages_nodejs
[  0%] Built target std_msgs_generate_messages_nodejs
Scanning dependencies of target jsk_hark_msgs_generate_messages_lisp
[  0%] Built target jsk_hark_msgs_generate_messages_lisp
Scanning dependencies of target jsk_footstep_msgs_generate_messages_eus
[  0%] Built target jsk_footstep_msgs_generate_messages_eus
Scanning dependencies of target actionlib_msgs_generate_messages_py
[  0%] Built target actionlib_msgs_generate_messages_py
Scanning dependencies of target jsk_hark_msgs_generate_messages_py
[  0%] Built target jsk_hark_msgs_generate_messages_py
Scanning dependencies of target nav_msgs_generate_messages_lisp
[  0%] Built target nav_msgs_generate_messages_lisp
Scanning dependencies of target pcl_msgs_generate_messages_nodejs
[  0%] Built target pcl_msgs_generate_messages_nodejs
Scanning dependencies of target geometry_msgs_generate_messages_py
[  0%] Built target geometry_msgs_generate_messages_py
Scanning dependencies of target jsk_footstep_msgs_generate_messages_lisp
[  0%] Built target jsk_footstep_msgs_generate_messages_lisp
Scanning dependencies of target jsk_footstep_msgs_generate_messages_nodejs
[  0%] Built target jsk_footstep_msgs_generate_messages_nodejs
Scanning dependencies of target tf_generate_messages_eus
[  0%] Built target tf_generate_messages_eus
Scanning dependencies of target jsk_footstep_msgs_generate_messages_cpp
[  0%] Built target jsk_footstep_msgs_generate_messages_cpp
Scanning dependencies of target actionlib_msgs_generate_messages_cpp
[  0%] Built target actionlib_msgs_generate_messages_cpp
Scanning dependencies of target roscpp_generate_messages_eus
[  0%] Built target roscpp_generate_messages_eus
Scanning dependencies of target rosgraph_msgs_generate_messages_py
[  0%] Built target rosgraph_msgs_generate_messages_py
Scanning dependencies of target actionlib_msgs_generate_messages_eus
[  0%] Built target actionlib_msgs_generate_messages_eus
Scanning dependencies of target topic_tools_generate_messages_lisp
[  0%] Built target topic_tools_generate_messages_lisp
Scanning dependencies of target jsk_recognition_msgs_generate_messages_cpp
[  0%] Built target jsk_recognition_msgs_generate_messages_cpp
Scanning dependencies of target jsk_recognition_msgs_generate_messages_eus
[  0%] Built target jsk_recognition_msgs_generate_messages_eus
Scanning dependencies of target jsk_recognition_msgs_generate_messages_lisp
[  0%] Built target jsk_recognition_msgs_generate_messages_lisp
Scanning dependencies of target jsk_recognition_msgs_generate_messages_py
[  0%] Built target jsk_recognition_msgs_generate_messages_py
Scanning dependencies of target sensor_msgs_generate_messages_cpp
[  0%] Built target sensor_msgs_generate_messages_cpp
Scanning dependencies of target nodelet_generate_messages_py
[  0%] Built target nodelet_generate_messages_py
Scanning dependencies of target sensor_msgs_generate_messages_py
[  0%] Built target sensor_msgs_generate_messages_py
Scanning dependencies of target pcl_msgs_generate_messages_cpp
[  0%] Built target pcl_msgs_generate_messages_cpp
Scanning dependencies of target people_msgs_generate_messages_nodejs
[  0%] Built target people_msgs_generate_messages_nodejs
Scanning dependencies of target dynamic_reconfigure_generate_messages_lisp
[  0%] Built target dynamic_reconfigure_generate_messages_lisp
Scanning dependencies of target pcl_msgs_generate_messages_eus
[  0%] Built target pcl_msgs_generate_messages_eus
Scanning dependencies of target actionlib_generate_messages_nodejs
[  0%] Built target actionlib_generate_messages_nodejs
Scanning dependencies of target tf_generate_messages_cpp
[  0%] Built target tf_generate_messages_cpp
Scanning dependencies of target pcl_msgs_generate_messages_lisp
[  0%] Built target pcl_msgs_generate_messages_lisp
Scanning dependencies of target actionlib_generate_messages_eus
[  0%] Built target actionlib_generate_messages_eus
Scanning dependencies of target jsk_rviz_plugins_generate_messages_eus
[  0%] Built target jsk_rviz_plugins_generate_messages_eus
Scanning dependencies of target diagnostic_msgs_generate_messages_cpp
[  0%] Built target diagnostic_msgs_generate_messages_cpp
Scanning dependencies of target pcl_msgs_generate_messages_py
[  0%] Built target pcl_msgs_generate_messages_py
Scanning dependencies of target map_msgs_generate_messages_py
[  0%] Built target map_msgs_generate_messages_py
Scanning dependencies of target pcl_ros_gencfg
[  0%] Built target pcl_ros_gencfg
Scanning dependencies of target health_checker
[  6%] Building CXX object CMakeFiles/health_checker.dir/src/health_checker/health_checker.cpp.o
[ 13%] Building CXX object CMakeFiles/health_checker.dir/src/health_checker/diag_buffer.cpp.o
[ 20%] Building CXX object CMakeFiles/health_checker.dir/src/health_checker/rate_checker.cpp.o
[ 26%] Building CXX object CMakeFiles/health_checker.dir/src/health_checker/value_manager.cpp.o
[ 33%] Building CXX object CMakeFiles/health_checker.dir/src/health_checker/param_manager.cpp.o
[ 40%] Linking CXX shared library devel/lib/libhealth_checker.so
[ 40%] Built target health_checker
Scanning dependencies of target system_status_subscriber
[ 46%] Building CXX object CMakeFiles/system_status_subscriber.dir/src/system_status_subscriber/system_status_subscriber.cpp.o
[ 53%] Linking CXX shared library devel/lib/libsystem_status_subscriber.so
[ 53%] Built target system_status_subscriber
Scanning dependencies of target health_analyzer
[ 60%] Building CXX object CMakeFiles/health_analyzer.dir/src/health_analyzer/health_analyzer_node.cpp.o
[ 66%] Building CXX object CMakeFiles/health_analyzer.dir/src/health_analyzer/health_analyzer.cpp.o
[ 73%] Linking CXX executable devel/lib/autoware_health_checker/health_analyzer
[ 73%] Built target health_analyzer
Scanning dependencies of target health_aggregator
[ 80%] Building CXX object CMakeFiles/health_aggregator.dir/src/health_aggregator/health_aggregator_node.cpp.o
[ 86%] Building CXX object CMakeFiles/health_aggregator.dir/src/health_aggregator/health_aggregator.cpp.o
[ 93%] Building CXX object CMakeFiles/health_aggregator.dir/src/health_aggregator/status_monitor.cpp.o
[100%] Linking CXX executable devel/lib/autoware_health_checker/health_aggregator
[100%] Built target health_aggregator
Scanning dependencies of target gtest
[ 11%] Building CXX object gtest/googlemock/gtest/CMakeFiles/gtest.dir/src/gtest-all.cc.o
[ 22%] Linking CXX shared library libgtest.so
[ 22%] Built target gtest
Scanning dependencies of target test-autoware_health_checker
[ 33%] Building CXX object CMakeFiles/test-autoware_health_checker.dir/test/src/test_autoware_health_checker.cpp.o
[ 44%] Building CXX object CMakeFiles/test-autoware_health_checker.dir/src/health_checker/health_checker.cpp.o
[ 55%] Building CXX object CMakeFiles/test-autoware_health_checker.dir/src/health_checker/diag_buffer.cpp.o
[ 66%] Building CXX object CMakeFiles/test-autoware_health_checker.dir/src/health_checker/rate_checker.cpp.o
[ 77%] Building CXX object CMakeFiles/test-autoware_health_checker.dir/src/health_checker/value_manager.cpp.o
[ 88%] Building CXX object CMakeFiles/test-autoware_health_checker.dir/src/health_checker/param_manager.cpp.o
[100%] Linking CXX executable devel/lib/autoware_health_checker/test-autoware_health_checker
[100%] Built target test-autoware_health_checker
Scanning dependencies of target tests
[100%] Built target tests
[  0%] Built target dynamic_reconfigure_generate_messages_nodejs
[  0%] Built target nav_msgs_generate_messages_nodejs
[  0%] Built target map_msgs_generate_messages_lisp
[  0%] Built target rviz_generate_messages_py
[  0%] Built target rviz_generate_messages_cpp
[  0%] Built target people_msgs_generate_messages_lisp
[  0%] Built target rviz_generate_messages_eus
[  0%] Built target people_msgs_generate_messages_eus
[  0%] Built target people_msgs_generate_messages_cpp
[  0%] Built target visualization_msgs_generate_messages_py
[  0%] Built target visualization_msgs_generate_messages_nodejs
[  0%] Built target visualization_msgs_generate_messages_eus
[  0%] Built target tf2_msgs_generate_messages_nodejs
[  0%] Built target nav_msgs_generate_messages_eus
[  0%] Built target visualization_msgs_generate_messages_cpp
[  0%] Built target tf2_msgs_generate_messages_eus
[  0%] Built target tf2_msgs_generate_messages_cpp
[  0%] Built target map_msgs_generate_messages_cpp
[  0%] Built target tf2_msgs_generate_messages_py
[  0%] Built target actionlib_generate_messages_py
[  0%] Built target actionlib_generate_messages_cpp
[  0%] Built target tf_generate_messages_nodejs
[  0%] Built target tf_generate_messages_lisp
[  0%] Built target topic_tools_generate_messages_nodejs
[  0%] Built target topic_tools_generate_messages_eus
[  0%] Built target topic_tools_generate_messages_cpp
[  0%] Built target std_srvs_generate_messages_py
[  0%] Built target std_srvs_generate_messages_nodejs
[  0%] Built target std_srvs_generate_messages_lisp
[  0%] Built target bond_generate_messages_py
[  0%] Built target bond_generate_messages_nodejs
[  0%] Built target bond_generate_messages_lisp
[  0%] Built target bond_generate_messages_eus
[  0%] Built target bond_generate_messages_cpp
[  0%] Built target nodelet_generate_messages_nodejs
[  0%] Built target nodelet_generate_messages_lisp
[  0%] Built target map_msgs_generate_messages_eus
[  0%] Built target nodelet_generate_messages_eus
[  0%] Built target nodelet_generate_messages_cpp
[  0%] Built target nav_msgs_generate_messages_py
[  0%] Built target tf2_msgs_generate_messages_lisp
[  0%] Built target dynamic_reconfigure_gencfg
[  0%] Built target jsk_rviz_plugins_generate_messages_py
[  0%] Built target jsk_hark_msgs_generate_messages_eus
[  0%] Built target jsk_rviz_plugins_generate_messages_nodejs
[  0%] Built target rviz_generate_messages_lisp
[  0%] Built target jsk_rviz_plugins_gencfg
[  0%] Built target visualization_msgs_generate_messages_lisp
[  0%] Built target std_msgs_generate_messages_eus
[  0%] Built target diagnostic_msgs_generate_messages_nodejs
[  0%] Built target dynamic_reconfigure_generate_messages_py
[  0%] Built target rviz_generate_messages_nodejs
[  0%] Built target jsk_hark_msgs_generate_messages_nodejs
[  0%] Built target diagnostic_msgs_generate_messages_lisp
[  0%] Built target dynamic_reconfigure_generate_messages_eus
[  0%] Built target roscpp_generate_messages_py
[  0%] Built target people_msgs_generate_messages_py
[  0%] Built target autoware_system_msgs_generate_messages_cpp
[  0%] Built target geometry_msgs_generate_messages_eus
[  0%] Built target std_msgs_generate_messages_py
[  0%] Built target sensor_msgs_generate_messages_eus
[  0%] Built target std_srvs_generate_messages_cpp
[  0%] Built target nav_msgs_generate_messages_cpp
[  0%] Built target sensor_msgs_generate_messages_lisp
[  0%] Built target map_msgs_generate_messages_nodejs
[  0%] Built target topic_tools_generate_messages_py
[  0%] Built target nodelet_topic_tools_gencfg
[  0%] Built target actionlib_msgs_generate_messages_nodejs
[  0%] Built target diagnostic_msgs_generate_messages_eus
[  0%] Built target autoware_system_msgs_generate_messages_nodejs
[  0%] Built target actionlib_msgs_generate_messages_lisp
[  0%] Built target std_msgs_generate_messages_cpp
[  0%] Built target jsk_footstep_msgs_generate_messages_py
[  0%] Built target autoware_system_msgs_generate_messages_lisp
[  0%] Built target roscpp_generate_messages_cpp
[  0%] Built target autoware_system_msgs_generate_messages_py
[  0%] Built target sensor_msgs_generate_messages_nodejs
[  0%] Built target geometry_msgs_generate_messages_nodejs
[  0%] Built target diagnostic_msgs_generate_messages_py
[  0%] Built target autoware_system_msgs_generate_messages_eus
[  0%] Built target jsk_rviz_plugins_generate_messages_cpp
[  0%] Built target roscpp_generate_messages_nodejs
[  0%] Built target std_msgs_generate_messages_lisp
[  0%] Built target rosgraph_msgs_generate_messages_lisp
[  0%] Built target actionlib_generate_messages_lisp
[  0%] Built target geometry_msgs_generate_messages_cpp
[  0%] Built target geometry_msgs_generate_messages_lisp
[  0%] Built target rosgraph_msgs_generate_messages_cpp
[  0%] Built target tf_generate_messages_py
[  0%] Built target dynamic_reconfigure_generate_messages_cpp
[  0%] Built target rosgraph_msgs_generate_messages_eus
[  0%] Built target std_srvs_generate_messages_eus
[  0%] Built target roscpp_generate_messages_lisp
[  0%] Built target jsk_recognition_msgs_generate_messages_nodejs
[  0%] Built target jsk_rviz_plugins_generate_messages_lisp
[  0%] Built target jsk_recognition_utils_gencfg
[  0%] Built target rosgraph_msgs_generate_messages_nodejs
[  0%] Built target jsk_hark_msgs_generate_messages_cpp
[  0%] Built target std_msgs_generate_messages_nodejs
[  0%] Built target jsk_hark_msgs_generate_messages_lisp
[  0%] Built target jsk_footstep_msgs_generate_messages_eus
[  0%] Built target actionlib_msgs_generate_messages_py
[  0%] Built target jsk_hark_msgs_generate_messages_py
[  0%] Built target nav_msgs_generate_messages_lisp
[  0%] Built target pcl_msgs_generate_messages_nodejs
[  0%] Built target geometry_msgs_generate_messages_py
[  0%] Built target jsk_footstep_msgs_generate_messages_lisp
[  0%] Built target jsk_footstep_msgs_generate_messages_nodejs
[  0%] Built target tf_generate_messages_eus
[  0%] Built target jsk_footstep_msgs_generate_messages_cpp
[  0%] Built target actionlib_msgs_generate_messages_cpp
[  0%] Built target roscpp_generate_messages_eus
[  0%] Built target rosgraph_msgs_generate_messages_py
[  0%] Built target actionlib_msgs_generate_messages_eus
[  0%] Built target topic_tools_generate_messages_lisp
[  0%] Built target jsk_recognition_msgs_generate_messages_cpp
[  0%] Built target jsk_recognition_msgs_generate_messages_eus
[  0%] Built target jsk_recognition_msgs_generate_messages_lisp
[  0%] Built target jsk_recognition_msgs_generate_messages_py
[  0%] Built target sensor_msgs_generate_messages_cpp
[  0%] Built target nodelet_generate_messages_py
[  0%] Built target sensor_msgs_generate_messages_py
[  0%] Built target pcl_msgs_generate_messages_cpp
[  0%] Built target people_msgs_generate_messages_nodejs
[  0%] Built target dynamic_reconfigure_generate_messages_lisp
[  0%] Built target pcl_msgs_generate_messages_eus
[  0%] Built target actionlib_generate_messages_nodejs
[  0%] Built target tf_generate_messages_cpp
[  0%] Built target pcl_msgs_generate_messages_lisp
[  0%] Built target actionlib_generate_messages_eus
[  0%] Built target jsk_rviz_plugins_generate_messages_eus
[  0%] Built target diagnostic_msgs_generate_messages_cpp
[  0%] Built target pcl_msgs_generate_messages_py
[  0%] Built target map_msgs_generate_messages_py
[  0%] Built target pcl_ros_gencfg
[ 40%] Built target health_checker
[ 53%] Built target system_status_subscriber
[ 73%] Built target health_analyzer
[100%] Built target health_aggregator
Install the project...
-- Install configuration: "Release"
-- Installing: /home/autoware/Autoware/install/autoware_health_checker/lib/pkgconfig/autoware_health_checker.pc
-- Installing: /home/autoware/Autoware/install/autoware_health_checker/share/autoware_health_checker/cmake/autoware_health_checkerConfig.cmake
-- Installing: /home/autoware/Autoware/install/autoware_health_checker/share/autoware_health_checker/cmake/autoware_health_checkerConfig-version.cmake
-- Installing: /home/autoware/Autoware/install/autoware_health_checker/share/autoware_health_checker/package.xml
-- Installing: /home/autoware/Autoware/install/autoware_health_checker/lib/autoware_health_checker/health_aggregator
-- Set runtime path of "/home/autoware/Autoware/install/autoware_health_checker/lib/autoware_health_checker/health_aggregator" to ""
-- Installing: /home/autoware/Autoware/install/autoware_health_checker/lib/autoware_health_checker/health_analyzer
-- Set runtime path of "/home/autoware/Autoware/install/autoware_health_checker/lib/autoware_health_checker/health_analyzer" to ""
-- Installing: /home/autoware/Autoware/install/autoware_health_checker/include/autoware_health_checker
-- Installing: /home/autoware/Autoware/install/autoware_health_checker/include/autoware_health_checker/health_analyzer
-- Installing: /home/autoware/Autoware/install/autoware_health_checker/include/autoware_health_checker/health_analyzer/health_analyzer.h
-- Installing: /home/autoware/Autoware/install/autoware_health_checker/include/autoware_health_checker/health_checker
-- Installing: /home/autoware/Autoware/install/autoware_health_checker/include/autoware_health_checker/health_checker/health_checker.h
-- Installing: /home/autoware/Autoware/install/autoware_health_checker/include/autoware_health_checker/health_checker/value_manager.h
-- Installing: /home/autoware/Autoware/install/autoware_health_checker/include/autoware_health_checker/health_checker/param_manager.h
-- Installing: /home/autoware/Autoware/install/autoware_health_checker/include/autoware_health_checker/health_checker/rate_checker.h
-- Installing: /home/autoware/Autoware/install/autoware_health_checker/include/autoware_health_checker/health_checker/diag_buffer.h
-- Installing: /home/autoware/Autoware/install/autoware_health_checker/include/autoware_health_checker/constants.h
-- Installing: /home/autoware/Autoware/install/autoware_health_checker/include/autoware_health_checker/system_status_subscriber
-- Installing: /home/autoware/Autoware/install/autoware_health_checker/include/autoware_health_checker/system_status_subscriber/system_status_subscriber.h
-- Installing: /home/autoware/Autoware/install/autoware_health_checker/include/autoware_health_checker/health_aggregator
-- Installing: /home/autoware/Autoware/install/autoware_health_checker/include/autoware_health_checker/health_aggregator/health_aggregator.h
-- Installing: /home/autoware/Autoware/install/autoware_health_checker/include/autoware_health_checker/health_aggregator/status_monitor.h
-- Installing: /home/autoware/Autoware/install/autoware_health_checker/lib/libhealth_checker.so
-- Set runtime path of "/home/autoware/Autoware/install/autoware_health_checker/lib/libhealth_checker.so" to ""
-- Installing: /home/autoware/Autoware/install/autoware_health_checker/lib/libsystem_status_subscriber.so
-- Set runtime path of "/home/autoware/Autoware/install/autoware_health_checker/lib/libsystem_status_subscriber.so" to ""
-- Installing: /home/autoware/Autoware/install/autoware_health_checker/share/autoware_health_checker/launch
-- Installing: /home/autoware/Autoware/install/autoware_health_checker/share/autoware_health_checker/launch/health_checker.launch
-- Installing: /home/autoware/Autoware/install/autoware_health_checker/share/autoware_health_checker/launch/health_analyzer.launch
-- Installing: /home/autoware/Autoware/install/autoware_health_checker/share/autoware_health_checker/config
-- Installing: /home/autoware/Autoware/install/autoware_health_checker/share/autoware_health_checker/config/README.md
