[0.028s] Invoking command in '/home/autoware/Autoware/build/mpc_follower': CMAKE_PREFIX_PATH=/home/autoware/Autoware/install/autoware_health_checker:/home/autoware/Autoware/install/amathutils_lib:/home/autoware/Autoware/install/ros_observer:/home/autoware/Autoware/install/autoware_system_msgs:/home/autoware/Autoware/install/autoware_msgs:/home/autoware/Autoware/install/autoware_build_flags:${CMAKE_PREFIX_PATH} LD_LIBRARY_PATH=/home/autoware/Autoware/install/autoware_health_checker/lib:/home/autoware/Autoware/install/amathutils_lib/lib:/home/autoware/Autoware/install/ros_observer/lib:${LD_LIBRARY_PATH} PKG_CONFIG_PATH=/home/autoware/Autoware/install/autoware_health_checker/lib/x86_64-linux-gnu/pkgconfig:/home/autoware/Autoware/install/autoware_health_checker/lib/pkgconfig:/home/autoware/Autoware/install/amathutils_lib/lib/x86_64-linux-gnu/pkgconfig:/home/autoware/Autoware/install/amathutils_lib/lib/pkgconfig:/home/autoware/Autoware/install/ros_observer/lib/x86_64-linux-gnu/pkgconfig:/home/autoware/Autoware/install/ros_observer/lib/pkgconfig:/home/autoware/Autoware/install/autoware_system_msgs/lib/x86_64-linux-gnu/pkgconfig:/home/autoware/Autoware/install/autoware_system_msgs/lib/pkgconfig:/home/autoware/Autoware/install/autoware_msgs/lib/x86_64-linux-gnu/pkgconfig:/home/autoware/Autoware/install/autoware_msgs/lib/pkgconfig:/home/autoware/Autoware/install/autoware_build_flags/lib/x86_64-linux-gnu/pkgconfig:/home/autoware/Autoware/install/autoware_build_flags/lib/pkgconfig:${PKG_CONFIG_PATH} PYTHONPATH=/home/autoware/Autoware/install/autoware_system_msgs/lib/python2.7/dist-packages:/home/autoware/Autoware/install/autoware_msgs/lib/python2.7/dist-packages:${PYTHONPATH} ROS_PACKAGE_PATH=/home/autoware/Autoware/install/autoware_health_checker/share:/home/autoware/Autoware/install/amathutils_lib/share:/home/autoware/Autoware/install/ros_observer/share:/home/autoware/Autoware/install/autoware_system_msgs/share:/home/autoware/Autoware/install/autoware_msgs/share:/home/autoware/Autoware/install/autoware_build_flags/share:${ROS_PACKAGE_PATH} /usr/bin/cmake /home/autoware/Autoware/src/autoware/core_planning/mpc_follower -DCMAKE_BUILD_TYPE=Release -DCATKIN_INSTALL_INTO_PREFIX_ROOT=0 -DCMAKE_INSTALL_PREFIX=/home/autoware/Autoware/install/mpc_follower
[0.118s] -- The C compiler identification is GNU 7.5.0
[0.197s] -- The CXX compiler identification is GNU 7.5.0
[0.204s] -- Check for working C compiler: /usr/bin/cc
[0.300s] -- Check for working C compiler: /usr/bin/cc -- works
[0.300s] -- Detecting C compiler ABI info
[0.396s] -- Detecting C compiler ABI info - done
[0.403s] -- Detecting C compile features
[0.677s] -- Detecting C compile features - done
[0.681s] -- Check for working CXX compiler: /usr/bin/c++
[0.801s] -- Check for working CXX compiler: /usr/bin/c++ -- works
[0.801s] -- Detecting CXX compiler ABI info
[0.904s] -- Detecting CXX compiler ABI info - done
[0.911s] -- Detecting CXX compile features
[1.398s] -- Detecting CXX compile features - done
[1.402s] -- Using CATKIN_DEVEL_PREFIX: /home/autoware/Autoware/build/mpc_follower/devel
[1.403s] -- Using CMAKE_PREFIX_PATH: /home/autoware/Autoware/install/autoware_health_checker;/home/autoware/Autoware/install/amathutils_lib;/home/autoware/Autoware/install/ros_observer;/home/autoware/Autoware/install/autoware_system_msgs;/home/autoware/Autoware/install/autoware_msgs;/home/autoware/Autoware/install/autoware_build_flags;/opt/ros/melodic
[1.403s] -- This workspace overlays: /home/autoware/Autoware/install/autoware_health_checker;/home/autoware/Autoware/install/amathutils_lib;/home/autoware/Autoware/install/ros_observer;/home/autoware/Autoware/install/autoware_system_msgs;/home/autoware/Autoware/install/autoware_msgs;/home/autoware/Autoware/install/autoware_build_flags;/opt/ros/melodic
[1.424s] -- Found PythonInterp: /usr/bin/python2 (found suitable version "2.7.17", minimum required is "2") 
[1.424s] -- Using PYTHON_EXECUTABLE: /usr/bin/python2
[1.424s] -- Using Debian Python package layout
[1.424s] -- Using empy: /usr/bin/empy
[1.598s] -- Using CATKIN_ENABLE_TESTING: ON
[1.598s] -- Call enable_testing()
[1.608s] -- Using CATKIN_TEST_RESULTS_DIR: /home/autoware/Autoware/build/mpc_follower/test_results
[1.634s] -- Found gtest sources under '/usr/src/googletest': gtests will be built
[1.634s] -- Found gmock sources under '/usr/src/googletest': gmock will be built
[1.656s] -- Found PythonInterp: /usr/bin/python2 (found version "2.7.17") 
[1.656s] -- Looking for pthread.h
[1.756s] -- Looking for pthread.h - found
[1.756s] -- Looking for pthread_create
[1.864s] -- Looking for pthread_create - not found
[1.864s] -- Looking for pthread_create in pthreads
[1.944s] -- Looking for pthread_create in pthreads - not found
[1.948s] -- Looking for pthread_create in pthread
[2.040s] -- Looking for pthread_create in pthread - found
[2.041s] -- Found Threads: TRUE  
[2.047s] -- Using Python nosetests: /usr/bin/nosetests-2.7
[2.100s] -- catkin 0.7.26
[2.101s] -- BUILD_SHARED_LIBS is on
[2.333s] -- Using these message generators: gencpp;geneus;genlisp;gennodejs;genpy
[2.498s] -- CUDA compilation status: ON.
[2.795s] -- Configuring done
[2.893s] -- Generating done
[2.908s] -- Build files have been written to: /home/autoware/Autoware/build/mpc_follower
[2.914s] Invoked command in '/home/autoware/Autoware/build/mpc_follower' returned '0': CMAKE_PREFIX_PATH=/home/autoware/Autoware/install/autoware_health_checker:/home/autoware/Autoware/install/amathutils_lib:/home/autoware/Autoware/install/ros_observer:/home/autoware/Autoware/install/autoware_system_msgs:/home/autoware/Autoware/install/autoware_msgs:/home/autoware/Autoware/install/autoware_build_flags:${CMAKE_PREFIX_PATH} LD_LIBRARY_PATH=/home/autoware/Autoware/install/autoware_health_checker/lib:/home/autoware/Autoware/install/amathutils_lib/lib:/home/autoware/Autoware/install/ros_observer/lib:${LD_LIBRARY_PATH} PKG_CONFIG_PATH=/home/autoware/Autoware/install/autoware_health_checker/lib/x86_64-linux-gnu/pkgconfig:/home/autoware/Autoware/install/autoware_health_checker/lib/pkgconfig:/home/autoware/Autoware/install/amathutils_lib/lib/x86_64-linux-gnu/pkgconfig:/home/autoware/Autoware/install/amathutils_lib/lib/pkgconfig:/home/autoware/Autoware/install/ros_observer/lib/x86_64-linux-gnu/pkgconfig:/home/autoware/Autoware/install/ros_observer/lib/pkgconfig:/home/autoware/Autoware/install/autoware_system_msgs/lib/x86_64-linux-gnu/pkgconfig:/home/autoware/Autoware/install/autoware_system_msgs/lib/pkgconfig:/home/autoware/Autoware/install/autoware_msgs/lib/x86_64-linux-gnu/pkgconfig:/home/autoware/Autoware/install/autoware_msgs/lib/pkgconfig:/home/autoware/Autoware/install/autoware_build_flags/lib/x86_64-linux-gnu/pkgconfig:/home/autoware/Autoware/install/autoware_build_flags/lib/pkgconfig:${PKG_CONFIG_PATH} PYTHONPATH=/home/autoware/Autoware/install/autoware_system_msgs/lib/python2.7/dist-packages:/home/autoware/Autoware/install/autoware_msgs/lib/python2.7/dist-packages:${PYTHONPATH} ROS_PACKAGE_PATH=/home/autoware/Autoware/install/autoware_health_checker/share:/home/autoware/Autoware/install/amathutils_lib/share:/home/autoware/Autoware/install/ros_observer/share:/home/autoware/Autoware/install/autoware_system_msgs/share:/home/autoware/Autoware/install/autoware_msgs/share:/home/autoware/Autoware/install/autoware_build_flags/share:${ROS_PACKAGE_PATH} /usr/bin/cmake /home/autoware/Autoware/src/autoware/core_planning/mpc_follower -DCMAKE_BUILD_TYPE=Release -DCATKIN_INSTALL_INTO_PREFIX_ROOT=0 -DCMAKE_INSTALL_PREFIX=/home/autoware/Autoware/install/mpc_follower
[2.917s] Invoking command in '/home/autoware/Autoware/build/mpc_follower': CMAKE_PREFIX_PATH=/home/autoware/Autoware/install/autoware_health_checker:/home/autoware/Autoware/install/amathutils_lib:/home/autoware/Autoware/install/ros_observer:/home/autoware/Autoware/install/autoware_system_msgs:/home/autoware/Autoware/install/autoware_msgs:/home/autoware/Autoware/install/autoware_build_flags:${CMAKE_PREFIX_PATH} LD_LIBRARY_PATH=/home/autoware/Autoware/install/autoware_health_checker/lib:/home/autoware/Autoware/install/amathutils_lib/lib:/home/autoware/Autoware/install/ros_observer/lib:${LD_LIBRARY_PATH} PKG_CONFIG_PATH=/home/autoware/Autoware/install/autoware_health_checker/lib/x86_64-linux-gnu/pkgconfig:/home/autoware/Autoware/install/autoware_health_checker/lib/pkgconfig:/home/autoware/Autoware/install/amathutils_lib/lib/x86_64-linux-gnu/pkgconfig:/home/autoware/Autoware/install/amathutils_lib/lib/pkgconfig:/home/autoware/Autoware/install/ros_observer/lib/x86_64-linux-gnu/pkgconfig:/home/autoware/Autoware/install/ros_observer/lib/pkgconfig:/home/autoware/Autoware/install/autoware_system_msgs/lib/x86_64-linux-gnu/pkgconfig:/home/autoware/Autoware/install/autoware_system_msgs/lib/pkgconfig:/home/autoware/Autoware/install/autoware_msgs/lib/x86_64-linux-gnu/pkgconfig:/home/autoware/Autoware/install/autoware_msgs/lib/pkgconfig:/home/autoware/Autoware/install/autoware_build_flags/lib/x86_64-linux-gnu/pkgconfig:/home/autoware/Autoware/install/autoware_build_flags/lib/pkgconfig:${PKG_CONFIG_PATH} PYTHONPATH=/home/autoware/Autoware/install/autoware_system_msgs/lib/python2.7/dist-packages:/home/autoware/Autoware/install/autoware_msgs/lib/python2.7/dist-packages:${PYTHONPATH} ROS_PACKAGE_PATH=/home/autoware/Autoware/install/autoware_health_checker/share:/home/autoware/Autoware/install/amathutils_lib/share:/home/autoware/Autoware/install/ros_observer/share:/home/autoware/Autoware/install/autoware_system_msgs/share:/home/autoware/Autoware/install/autoware_msgs/share:/home/autoware/Autoware/install/autoware_build_flags/share:${ROS_PACKAGE_PATH} /usr/bin/cmake --build /home/autoware/Autoware/build/mpc_follower -- -j2 -l2
[2.990s] Scanning dependencies of target autoware_system_msgs_generate_messages_py
[3.004s] [  0%] Built target autoware_system_msgs_generate_messages_py
[3.018s] Scanning dependencies of target geometry_msgs_generate_messages_py
[3.033s] [  0%] Built target geometry_msgs_generate_messages_py
[3.052s] Scanning dependencies of target roscpp_generate_messages_cpp
[3.067s] [  0%] Built target roscpp_generate_messages_cpp
[3.085s] Scanning dependencies of target actionlib_generate_messages_cpp
[3.099s] [  0%] Built target actionlib_generate_messages_cpp
[3.113s] Scanning dependencies of target pcl_msgs_generate_messages_eus
[3.127s] [  0%] Built target pcl_msgs_generate_messages_eus
[3.141s] Scanning dependencies of target rosgraph_msgs_generate_messages_eus
[3.157s] [  0%] Built target rosgraph_msgs_generate_messages_eus
[3.172s] Scanning dependencies of target jsk_recognition_msgs_generate_messages_lisp
[3.189s] [  0%] Built target jsk_recognition_msgs_generate_messages_lisp
[3.203s] Scanning dependencies of target jsk_recognition_msgs_generate_messages_eus
[3.217s] [  0%] Built target jsk_recognition_msgs_generate_messages_eus
[3.232s] Scanning dependencies of target tf2_msgs_generate_messages_cpp
[3.246s] [  0%] Built target tf2_msgs_generate_messages_cpp
[3.263s] Scanning dependencies of target std_msgs_generate_messages_py
[3.277s] [  0%] Built target std_msgs_generate_messages_py
[3.291s] Scanning dependencies of target autoware_msgs_generate_messages_py
[3.305s] [  0%] Built target autoware_msgs_generate_messages_py
[3.323s] Scanning dependencies of target std_msgs_generate_messages_nodejs
[3.339s] [  0%] Built target std_msgs_generate_messages_nodejs
[3.354s] Scanning dependencies of target sensor_msgs_generate_messages_eus
[3.371s] [  0%] Built target sensor_msgs_generate_messages_eus
[3.386s] Scanning dependencies of target _catkin_empty_exported_target
[3.401s] [  0%] Built target _catkin_empty_exported_target
[3.416s] Scanning dependencies of target sensor_msgs_generate_messages_cpp
[3.432s] [  0%] Built target sensor_msgs_generate_messages_cpp
[3.450s] Scanning dependencies of target autoware_msgs_generate_messages_cpp
[3.465s] [  0%] Built target autoware_msgs_generate_messages_cpp
[3.481s] Scanning dependencies of target rosgraph_msgs_generate_messages_cpp
[3.496s] [  0%] Built target rosgraph_msgs_generate_messages_cpp
[3.513s] Scanning dependencies of target pcl_msgs_generate_messages_nodejs
[3.529s] [  0%] Built target pcl_msgs_generate_messages_nodejs
[3.545s] Scanning dependencies of target jsk_recognition_msgs_generate_messages_py
[3.560s] [  0%] Built target jsk_recognition_msgs_generate_messages_py
[3.578s] Scanning dependencies of target sensor_msgs_generate_messages_lisp
[3.593s] [  0%] Built target sensor_msgs_generate_messages_lisp
[3.610s] Scanning dependencies of target sensor_msgs_generate_messages_py
[3.625s] [  0%] Built target sensor_msgs_generate_messages_py
[3.641s] Scanning dependencies of target tf_generate_messages_py
[3.656s] [  0%] Built target tf_generate_messages_py
[3.672s] Scanning dependencies of target std_msgs_generate_messages_cpp
[3.687s] [  0%] Built target std_msgs_generate_messages_cpp
[3.703s] Scanning dependencies of target jsk_footstep_msgs_generate_messages_py
[3.718s] [  0%] Built target jsk_footstep_msgs_generate_messages_py
[3.734s] Scanning dependencies of target actionlib_msgs_generate_messages_nodejs
[3.749s] [  0%] Built target actionlib_msgs_generate_messages_nodejs
[3.765s] Scanning dependencies of target geometry_msgs_generate_messages_eus
[3.779s] [  0%] Built target geometry_msgs_generate_messages_eus
[3.795s] Scanning dependencies of target std_msgs_generate_messages_lisp
[3.809s] [  0%] Built target std_msgs_generate_messages_lisp
[3.825s] Scanning dependencies of target roscpp_generate_messages_nodejs
[3.840s] [  0%] Built target roscpp_generate_messages_nodejs
[3.857s] Scanning dependencies of target autoware_system_msgs_generate_messages_cpp
[3.873s] [  0%] Built target autoware_system_msgs_generate_messages_cpp
[3.889s] Scanning dependencies of target geometry_msgs_generate_messages_nodejs
[3.905s] [  0%] Built target geometry_msgs_generate_messages_nodejs
[3.920s] Scanning dependencies of target geometry_msgs_generate_messages_lisp
[3.935s] [  0%] Built target geometry_msgs_generate_messages_lisp
[3.950s] Scanning dependencies of target pcl_msgs_generate_messages_cpp
[3.967s] [  0%] Built target pcl_msgs_generate_messages_cpp
[3.982s] Scanning dependencies of target jsk_recognition_msgs_generate_messages_cpp
[3.998s] [  0%] Built target jsk_recognition_msgs_generate_messages_cpp
[4.016s] Scanning dependencies of target autoware_msgs_generate_messages_eus
[4.032s] [  0%] Built target autoware_msgs_generate_messages_eus
[4.049s] Scanning dependencies of target autoware_msgs_generate_messages_lisp
[4.064s] [  0%] Built target autoware_msgs_generate_messages_lisp
[4.079s] Scanning dependencies of target std_msgs_generate_messages_eus
[4.094s] [  0%] Built target std_msgs_generate_messages_eus
[4.109s] Scanning dependencies of target autoware_msgs_generate_messages_nodejs
[4.123s] [  0%] Built target autoware_msgs_generate_messages_nodejs
[4.137s] Scanning dependencies of target jsk_footstep_msgs_generate_messages_eus
[4.152s] [  0%] Built target jsk_footstep_msgs_generate_messages_eus
[4.166s] Scanning dependencies of target actionlib_msgs_generate_messages_py
[4.180s] [  0%] Built target actionlib_msgs_generate_messages_py
[4.195s] Scanning dependencies of target jsk_footstep_msgs_generate_messages_lisp
[4.210s] [  0%] Built target jsk_footstep_msgs_generate_messages_lisp
[4.226s] Scanning dependencies of target jsk_footstep_msgs_generate_messages_nodejs
[4.240s] [  0%] Built target jsk_footstep_msgs_generate_messages_nodejs
[4.255s] Scanning dependencies of target autoware_system_msgs_generate_messages_nodejs
[4.269s] [  0%] Built target autoware_system_msgs_generate_messages_nodejs
[4.284s] Scanning dependencies of target actionlib_msgs_generate_messages_lisp
[4.298s] [  0%] Built target actionlib_msgs_generate_messages_lisp
[4.312s] Scanning dependencies of target jsk_footstep_msgs_generate_messages_cpp
[4.326s] [  0%] Built target jsk_footstep_msgs_generate_messages_cpp
[4.341s] Scanning dependencies of target actionlib_msgs_generate_messages_cpp
[4.355s] [  0%] Built target actionlib_msgs_generate_messages_cpp
[4.372s] Scanning dependencies of target tf_generate_messages_eus
[4.386s] [  0%] Built target tf_generate_messages_eus
[4.401s] Scanning dependencies of target tf_generate_messages_lisp
[4.415s] [  0%] Built target tf_generate_messages_lisp
[4.430s] Scanning dependencies of target tf_generate_messages_nodejs
[4.445s] [  0%] Built target tf_generate_messages_nodejs
[4.460s] Scanning dependencies of target jsk_recognition_msgs_generate_messages_nodejs
[4.475s] [  0%] Built target jsk_recognition_msgs_generate_messages_nodejs
[4.491s] Scanning dependencies of target roscpp_generate_messages_lisp
[4.508s] [  0%] Built target roscpp_generate_messages_lisp
[4.524s] Scanning dependencies of target roscpp_generate_messages_py
[4.545s] [  0%] Built target roscpp_generate_messages_py
[4.560s] Scanning dependencies of target rosgraph_msgs_generate_messages_lisp
[4.575s] [  0%] Built target rosgraph_msgs_generate_messages_lisp
[4.590s] Scanning dependencies of target rosgraph_msgs_generate_messages_nodejs
[4.605s] [  0%] Built target rosgraph_msgs_generate_messages_nodejs
[4.620s] Scanning dependencies of target roscpp_generate_messages_eus
[4.639s] [  0%] Built target roscpp_generate_messages_eus
[4.654s] Scanning dependencies of target actionlib_msgs_generate_messages_eus
[4.669s] [  0%] Built target actionlib_msgs_generate_messages_eus
[4.684s] Scanning dependencies of target rosgraph_msgs_generate_messages_py
[4.699s] [  0%] Built target rosgraph_msgs_generate_messages_py
[4.714s] Scanning dependencies of target pcl_msgs_generate_messages_py
[4.729s] [  0%] Built target pcl_msgs_generate_messages_py
[4.743s] Scanning dependencies of target actionlib_generate_messages_eus
[4.758s] [  0%] Built target actionlib_generate_messages_eus
[4.776s] Scanning dependencies of target geometry_msgs_generate_messages_cpp
[4.790s] [  0%] Built target geometry_msgs_generate_messages_cpp
[4.808s] Scanning dependencies of target actionlib_generate_messages_lisp
[4.822s] [  0%] Built target actionlib_generate_messages_lisp
[4.843s] Scanning dependencies of target pcl_msgs_generate_messages_lisp
[4.857s] [  0%] Built target pcl_msgs_generate_messages_lisp
[4.870s] Scanning dependencies of target tf_generate_messages_cpp
[4.886s] [  0%] Built target tf_generate_messages_cpp
[4.901s] Scanning dependencies of target actionlib_generate_messages_nodejs
[4.915s] [  0%] Built target actionlib_generate_messages_nodejs
[4.930s] Scanning dependencies of target autoware_system_msgs_generate_messages_eus
[4.945s] [  0%] Built target autoware_system_msgs_generate_messages_eus
[4.960s] Scanning dependencies of target tf2_msgs_generate_messages_eus
[4.976s] [  0%] Built target tf2_msgs_generate_messages_eus
[4.993s] Scanning dependencies of target tf2_msgs_generate_messages_lisp
[5.008s] [  0%] Built target tf2_msgs_generate_messages_lisp
[5.024s] Scanning dependencies of target actionlib_generate_messages_py
[5.039s] [  0%] Built target actionlib_generate_messages_py
[5.056s] Scanning dependencies of target tf2_msgs_generate_messages_py
[5.071s] [  0%] Built target tf2_msgs_generate_messages_py
[5.087s] Scanning dependencies of target autoware_system_msgs_generate_messages_lisp
[5.101s] [  0%] Built target autoware_system_msgs_generate_messages_lisp
[5.116s] Scanning dependencies of target tf2_msgs_generate_messages_nodejs
[5.130s] [  0%] Built target tf2_msgs_generate_messages_nodejs
[5.145s] Scanning dependencies of target sensor_msgs_generate_messages_nodejs
[5.159s] [  0%] Built target sensor_msgs_generate_messages_nodejs
[5.239s] Scanning dependencies of target mpc_follower
[5.262s] [  6%] Building CXX object CMakeFiles/mpc_follower.dir/src/mpc_follower_node.cpp.o
[8.796s] [ 13%] Building CXX object CMakeFiles/mpc_follower.dir/src/mpc_follower_core.cpp.o
[18.480s] [ 20%] Building CXX object CMakeFiles/mpc_follower.dir/src/mpc_utils.cpp.o
[21.972s] [ 26%] Building CXX object CMakeFiles/mpc_follower.dir/src/mpc_trajectory.cpp.o
[22.294s] [ 33%] Building CXX object CMakeFiles/mpc_follower.dir/src/lowpass_filter.cpp.o
[22.746s] [ 40%] Building CXX object CMakeFiles/mpc_follower.dir/src/vehicle_model/vehicle_model_interface.cpp.o
[23.378s] [ 46%] Building CXX object CMakeFiles/mpc_follower.dir/src/vehicle_model/vehicle_model_bicycle_kinematics.cpp.o
[26.259s] [ 53%] Building CXX object CMakeFiles/mpc_follower.dir/src/vehicle_model/vehicle_model_bicycle_dynamics.cpp.o
[29.364s] [ 60%] Building CXX object CMakeFiles/mpc_follower.dir/src/vehicle_model/vehicle_model_bicycle_kinematics_no_delay.cpp.o
[30.182s] [ 66%] Building CXX object CMakeFiles/mpc_follower.dir/src/qp_solver/qp_solver_unconstr.cpp.o
[33.026s] [ 73%] Building CXX object CMakeFiles/mpc_follower.dir/src/qp_solver/qp_solver_unconstr_fast.cpp.o
[36.670s] [ 80%] Building CXX object CMakeFiles/mpc_follower.dir/src/qp_solver/qp_solver_qpoases.cpp.o
[37.639s] [ 86%] Linking CXX executable devel/lib/mpc_follower/mpc_follower
[37.838s] [ 86%] Built target mpc_follower
[37.869s] Scanning dependencies of target mpc_waypoints_converter
[37.892s] [ 93%] Building CXX object CMakeFiles/mpc_waypoints_converter.dir/src/mpc_waypoints_converter.cpp.o
[41.462s] [100%] Linking CXX executable devel/lib/mpc_follower/mpc_waypoints_converter
[41.653s] [100%] Built target mpc_waypoints_converter
[41.671s] Invoked command in '/home/autoware/Autoware/build/mpc_follower' returned '0': CMAKE_PREFIX_PATH=/home/autoware/Autoware/install/autoware_health_checker:/home/autoware/Autoware/install/amathutils_lib:/home/autoware/Autoware/install/ros_observer:/home/autoware/Autoware/install/autoware_system_msgs:/home/autoware/Autoware/install/autoware_msgs:/home/autoware/Autoware/install/autoware_build_flags:${CMAKE_PREFIX_PATH} LD_LIBRARY_PATH=/home/autoware/Autoware/install/autoware_health_checker/lib:/home/autoware/Autoware/install/amathutils_lib/lib:/home/autoware/Autoware/install/ros_observer/lib:${LD_LIBRARY_PATH} PKG_CONFIG_PATH=/home/autoware/Autoware/install/autoware_health_checker/lib/x86_64-linux-gnu/pkgconfig:/home/autoware/Autoware/install/autoware_health_checker/lib/pkgconfig:/home/autoware/Autoware/install/amathutils_lib/lib/x86_64-linux-gnu/pkgconfig:/home/autoware/Autoware/install/amathutils_lib/lib/pkgconfig:/home/autoware/Autoware/install/ros_observer/lib/x86_64-linux-gnu/pkgconfig:/home/autoware/Autoware/install/ros_observer/lib/pkgconfig:/home/autoware/Autoware/install/autoware_system_msgs/lib/x86_64-linux-gnu/pkgconfig:/home/autoware/Autoware/install/autoware_system_msgs/lib/pkgconfig:/home/autoware/Autoware/install/autoware_msgs/lib/x86_64-linux-gnu/pkgconfig:/home/autoware/Autoware/install/autoware_msgs/lib/pkgconfig:/home/autoware/Autoware/install/autoware_build_flags/lib/x86_64-linux-gnu/pkgconfig:/home/autoware/Autoware/install/autoware_build_flags/lib/pkgconfig:${PKG_CONFIG_PATH} PYTHONPATH=/home/autoware/Autoware/install/autoware_system_msgs/lib/python2.7/dist-packages:/home/autoware/Autoware/install/autoware_msgs/lib/python2.7/dist-packages:${PYTHONPATH} ROS_PACKAGE_PATH=/home/autoware/Autoware/install/autoware_health_checker/share:/home/autoware/Autoware/install/amathutils_lib/share:/home/autoware/Autoware/install/ros_observer/share:/home/autoware/Autoware/install/autoware_system_msgs/share:/home/autoware/Autoware/install/autoware_msgs/share:/home/autoware/Autoware/install/autoware_build_flags/share:${ROS_PACKAGE_PATH} /usr/bin/cmake --build /home/autoware/Autoware/build/mpc_follower -- -j2 -l2
[41.877s] Invoking command in '/home/autoware/Autoware/build/mpc_follower': CMAKE_PREFIX_PATH=/home/autoware/Autoware/install/autoware_health_checker:/home/autoware/Autoware/install/amathutils_lib:/home/autoware/Autoware/install/ros_observer:/home/autoware/Autoware/install/autoware_system_msgs:/home/autoware/Autoware/install/autoware_msgs:/home/autoware/Autoware/install/autoware_build_flags:${CMAKE_PREFIX_PATH} LD_LIBRARY_PATH=/home/autoware/Autoware/install/autoware_health_checker/lib:/home/autoware/Autoware/install/amathutils_lib/lib:/home/autoware/Autoware/install/ros_observer/lib:${LD_LIBRARY_PATH} PKG_CONFIG_PATH=/home/autoware/Autoware/install/autoware_health_checker/lib/x86_64-linux-gnu/pkgconfig:/home/autoware/Autoware/install/autoware_health_checker/lib/pkgconfig:/home/autoware/Autoware/install/amathutils_lib/lib/x86_64-linux-gnu/pkgconfig:/home/autoware/Autoware/install/amathutils_lib/lib/pkgconfig:/home/autoware/Autoware/install/ros_observer/lib/x86_64-linux-gnu/pkgconfig:/home/autoware/Autoware/install/ros_observer/lib/pkgconfig:/home/autoware/Autoware/install/autoware_system_msgs/lib/x86_64-linux-gnu/pkgconfig:/home/autoware/Autoware/install/autoware_system_msgs/lib/pkgconfig:/home/autoware/Autoware/install/autoware_msgs/lib/x86_64-linux-gnu/pkgconfig:/home/autoware/Autoware/install/autoware_msgs/lib/pkgconfig:/home/autoware/Autoware/install/autoware_build_flags/lib/x86_64-linux-gnu/pkgconfig:/home/autoware/Autoware/install/autoware_build_flags/lib/pkgconfig:${PKG_CONFIG_PATH} PYTHONPATH=/home/autoware/Autoware/install/autoware_system_msgs/lib/python2.7/dist-packages:/home/autoware/Autoware/install/autoware_msgs/lib/python2.7/dist-packages:${PYTHONPATH} ROS_PACKAGE_PATH=/home/autoware/Autoware/install/autoware_health_checker/share:/home/autoware/Autoware/install/amathutils_lib/share:/home/autoware/Autoware/install/ros_observer/share:/home/autoware/Autoware/install/autoware_system_msgs/share:/home/autoware/Autoware/install/autoware_msgs/share:/home/autoware/Autoware/install/autoware_build_flags/share:${ROS_PACKAGE_PATH} /usr/bin/cmake --build /home/autoware/Autoware/build/mpc_follower --target tests -- -j2 -l2
[41.969s] Scanning dependencies of target gtest
[41.985s] [  3%] Building CXX object gtest/googlemock/gtest/CMakeFiles/gtest.dir/src/gtest-all.cc.o
[47.677s] [  6%] Linking CXX shared library libgtest.so
[47.774s] [  6%] Built target gtest
[47.804s] [  6%] Built target geometry_msgs_generate_messages_py
[47.838s] [  6%] Built target roscpp_generate_messages_cpp
[47.867s] [  6%] Built target actionlib_generate_messages_cpp
[47.895s] [  6%] Built target pcl_msgs_generate_messages_eus
[47.923s] [  6%] Built target rosgraph_msgs_generate_messages_eus
[47.952s] [  6%] Built target jsk_recognition_msgs_generate_messages_lisp
[47.979s] [  6%] Built target jsk_recognition_msgs_generate_messages_eus
[48.007s] [  6%] Built target tf2_msgs_generate_messages_cpp
[48.036s] [  6%] Built target std_msgs_generate_messages_py
[48.063s] [  6%] Built target autoware_msgs_generate_messages_py
[48.092s] [  6%] Built target std_msgs_generate_messages_nodejs
[48.121s] [  6%] Built target sensor_msgs_generate_messages_eus
[48.150s] [  6%] Built target _catkin_empty_exported_target
[48.179s] [  6%] Built target sensor_msgs_generate_messages_cpp
[48.209s] [  6%] Built target autoware_msgs_generate_messages_cpp
[48.240s] [  6%] Built target rosgraph_msgs_generate_messages_cpp
[48.269s] [  6%] Built target pcl_msgs_generate_messages_nodejs
[48.298s] [  6%] Built target jsk_recognition_msgs_generate_messages_py
[48.328s] [  6%] Built target sensor_msgs_generate_messages_lisp
[48.357s] [  6%] Built target sensor_msgs_generate_messages_py
[48.384s] [  6%] Built target tf_generate_messages_py
[48.412s] [  6%] Built target std_msgs_generate_messages_cpp
[48.440s] [  6%] Built target jsk_footstep_msgs_generate_messages_py
[48.469s] [  6%] Built target actionlib_msgs_generate_messages_nodejs
[48.497s] [  6%] Built target geometry_msgs_generate_messages_eus
[48.526s] [  6%] Built target std_msgs_generate_messages_lisp
[48.555s] [  6%] Built target roscpp_generate_messages_nodejs
[48.584s] [  6%] Built target autoware_system_msgs_generate_messages_cpp
[48.614s] [  6%] Built target geometry_msgs_generate_messages_nodejs
[48.648s] [  6%] Built target geometry_msgs_generate_messages_lisp
[48.677s] [  6%] Built target pcl_msgs_generate_messages_cpp
[48.708s] [  6%] Built target jsk_recognition_msgs_generate_messages_cpp
[48.738s] [  6%] Built target autoware_msgs_generate_messages_eus
[48.765s] [  6%] Built target autoware_msgs_generate_messages_lisp
[48.794s] [  6%] Built target std_msgs_generate_messages_eus
[48.823s] [  6%] Built target autoware_msgs_generate_messages_nodejs
[48.852s] [  6%] Built target jsk_footstep_msgs_generate_messages_eus
[48.881s] [  6%] Built target actionlib_msgs_generate_messages_py
[48.910s] [  6%] Built target jsk_footstep_msgs_generate_messages_lisp
[48.938s] [  6%] Built target jsk_footstep_msgs_generate_messages_nodejs
[48.967s] [  6%] Built target autoware_system_msgs_generate_messages_nodejs
[48.997s] [  6%] Built target actionlib_msgs_generate_messages_lisp
[49.025s] [  6%] Built target jsk_footstep_msgs_generate_messages_cpp
[49.054s] [  6%] Built target actionlib_msgs_generate_messages_cpp
[49.083s] [  6%] Built target tf_generate_messages_eus
[49.112s] [  6%] Built target tf_generate_messages_lisp
[49.141s] [  6%] Built target tf_generate_messages_nodejs
[49.171s] [  6%] Built target jsk_recognition_msgs_generate_messages_nodejs
[49.202s] [  6%] Built target roscpp_generate_messages_lisp
[49.232s] [  6%] Built target roscpp_generate_messages_py
[49.264s] [  6%] Built target rosgraph_msgs_generate_messages_lisp
[49.293s] [  6%] Built target rosgraph_msgs_generate_messages_nodejs
[49.327s] [  6%] Built target roscpp_generate_messages_eus
[49.357s] [  6%] Built target actionlib_msgs_generate_messages_eus
[49.387s] [  6%] Built target rosgraph_msgs_generate_messages_py
[49.415s] [  6%] Built target pcl_msgs_generate_messages_py
[49.445s] [  6%] Built target actionlib_generate_messages_eus
[49.474s] [  6%] Built target geometry_msgs_generate_messages_cpp
[49.522s] [  6%] Built target actionlib_generate_messages_lisp
[49.553s] [  6%] Built target pcl_msgs_generate_messages_lisp
[49.582s] [  6%] Built target tf_generate_messages_cpp
[49.612s] [  6%] Built target actionlib_generate_messages_nodejs
[49.641s] [  6%] Built target autoware_system_msgs_generate_messages_eus
[49.670s] [  6%] Built target tf2_msgs_generate_messages_eus
[49.699s] [  6%] Built target tf2_msgs_generate_messages_lisp
[49.730s] [  6%] Built target actionlib_generate_messages_py
[49.763s] [  6%] Built target tf2_msgs_generate_messages_py
[49.794s] [  6%] Built target autoware_system_msgs_generate_messages_lisp
[49.825s] [  6%] Built target tf2_msgs_generate_messages_nodejs
[49.856s] [  6%] Built target sensor_msgs_generate_messages_nodejs
[49.892s] [  6%] Built target autoware_system_msgs_generate_messages_py
[49.930s] Scanning dependencies of target test-mpc_lowpass_filter
[49.954s] [ 10%] Building CXX object CMakeFiles/test-mpc_lowpass_filter.dir/test/src/test_mpc_lowpass_filter.cpp.o
[52.005s] [ 13%] Building CXX object CMakeFiles/test-mpc_lowpass_filter.dir/src/lowpass_filter.cpp.o
[52.455s] [ 16%] Linking CXX executable devel/lib/mpc_follower/test-mpc_lowpass_filter
[52.604s] [ 16%] Built target test-mpc_lowpass_filter
[52.660s] Scanning dependencies of target test-mpc_follower
[52.680s] [ 20%] Building CXX object CMakeFiles/test-mpc_follower.dir/test/src/test_mpc_follower.cpp.o
[58.292s] [ 23%] Building CXX object CMakeFiles/test-mpc_follower.dir/src/mpc_follower_core.cpp.o
[68.176s] [ 26%] Building CXX object CMakeFiles/test-mpc_follower.dir/src/mpc_utils.cpp.o
[71.576s] [ 30%] Building CXX object CMakeFiles/test-mpc_follower.dir/src/mpc_trajectory.cpp.o
[71.880s] [ 33%] Building CXX object CMakeFiles/test-mpc_follower.dir/src/lowpass_filter.cpp.o
[72.304s] [ 36%] Building CXX object CMakeFiles/test-mpc_follower.dir/src/vehicle_model/vehicle_model_interface.cpp.o
[72.904s] [ 40%] Building CXX object CMakeFiles/test-mpc_follower.dir/src/vehicle_model/vehicle_model_bicycle_kinematics.cpp.o
[75.629s] [ 43%] Building CXX object CMakeFiles/test-mpc_follower.dir/src/vehicle_model/vehicle_model_bicycle_dynamics.cpp.o
[78.631s] [ 46%] Building CXX object CMakeFiles/test-mpc_follower.dir/src/vehicle_model/vehicle_model_bicycle_kinematics_no_delay.cpp.o
[79.453s] [ 50%] Building CXX object CMakeFiles/test-mpc_follower.dir/src/qp_solver/qp_solver_unconstr.cpp.o
[82.358s] [ 53%] Building CXX object CMakeFiles/test-mpc_follower.dir/src/qp_solver/qp_solver_unconstr_fast.cpp.o
[86.076s] [ 56%] Building CXX object CMakeFiles/test-mpc_follower.dir/src/qp_solver/qp_solver_qpoases.cpp.o
[87.083s] [ 60%] Linking CXX executable devel/lib/mpc_follower/test-mpc_follower
[87.289s] [ 60%] Built target test-mpc_follower
[87.343s] Scanning dependencies of target test-mpc_utils
[87.365s] [ 63%] Building CXX object CMakeFiles/test-mpc_utils.dir/test/src/test_mpc_utils.cpp.o
[91.951s] [ 66%] Building CXX object CMakeFiles/test-mpc_utils.dir/src/mpc_utils.cpp.o
[95.578s] [ 70%] Building CXX object CMakeFiles/test-mpc_utils.dir/src/mpc_trajectory.cpp.o
[95.874s] [ 73%] Building CXX object CMakeFiles/test-mpc_utils.dir/src/lowpass_filter.cpp.o
[96.299s] [ 76%] Building CXX object CMakeFiles/test-mpc_utils.dir/src/vehicle_model/vehicle_model_interface.cpp.o
[96.997s] [ 80%] Building CXX object CMakeFiles/test-mpc_utils.dir/src/vehicle_model/vehicle_model_bicycle_kinematics.cpp.o
[99.789s] [ 83%] Building CXX object CMakeFiles/test-mpc_utils.dir/src/vehicle_model/vehicle_model_bicycle_dynamics.cpp.o
[102.710s] [ 86%] Building CXX object CMakeFiles/test-mpc_utils.dir/src/vehicle_model/vehicle_model_bicycle_kinematics_no_delay.cpp.o
[103.478s] [ 90%] Building CXX object CMakeFiles/test-mpc_utils.dir/src/qp_solver/qp_solver_unconstr.cpp.o
[106.229s] [ 93%] Building CXX object CMakeFiles/test-mpc_utils.dir/src/qp_solver/qp_solver_unconstr_fast.cpp.o
[109.634s] [ 96%] Building CXX object CMakeFiles/test-mpc_utils.dir/src/qp_solver/qp_solver_qpoases.cpp.o
[110.560s] [100%] Linking CXX executable devel/lib/mpc_follower/test-mpc_utils
[110.746s] [100%] Built target test-mpc_utils
[110.763s] Scanning dependencies of target tests
[110.778s] [100%] Built target tests
[110.796s] Invoked command in '/home/autoware/Autoware/build/mpc_follower' returned '0': CMAKE_PREFIX_PATH=/home/autoware/Autoware/install/autoware_health_checker:/home/autoware/Autoware/install/amathutils_lib:/home/autoware/Autoware/install/ros_observer:/home/autoware/Autoware/install/autoware_system_msgs:/home/autoware/Autoware/install/autoware_msgs:/home/autoware/Autoware/install/autoware_build_flags:${CMAKE_PREFIX_PATH} LD_LIBRARY_PATH=/home/autoware/Autoware/install/autoware_health_checker/lib:/home/autoware/Autoware/install/amathutils_lib/lib:/home/autoware/Autoware/install/ros_observer/lib:${LD_LIBRARY_PATH} PKG_CONFIG_PATH=/home/autoware/Autoware/install/autoware_health_checker/lib/x86_64-linux-gnu/pkgconfig:/home/autoware/Autoware/install/autoware_health_checker/lib/pkgconfig:/home/autoware/Autoware/install/amathutils_lib/lib/x86_64-linux-gnu/pkgconfig:/home/autoware/Autoware/install/amathutils_lib/lib/pkgconfig:/home/autoware/Autoware/install/ros_observer/lib/x86_64-linux-gnu/pkgconfig:/home/autoware/Autoware/install/ros_observer/lib/pkgconfig:/home/autoware/Autoware/install/autoware_system_msgs/lib/x86_64-linux-gnu/pkgconfig:/home/autoware/Autoware/install/autoware_system_msgs/lib/pkgconfig:/home/autoware/Autoware/install/autoware_msgs/lib/x86_64-linux-gnu/pkgconfig:/home/autoware/Autoware/install/autoware_msgs/lib/pkgconfig:/home/autoware/Autoware/install/autoware_build_flags/lib/x86_64-linux-gnu/pkgconfig:/home/autoware/Autoware/install/autoware_build_flags/lib/pkgconfig:${PKG_CONFIG_PATH} PYTHONPATH=/home/autoware/Autoware/install/autoware_system_msgs/lib/python2.7/dist-packages:/home/autoware/Autoware/install/autoware_msgs/lib/python2.7/dist-packages:${PYTHONPATH} ROS_PACKAGE_PATH=/home/autoware/Autoware/install/autoware_health_checker/share:/home/autoware/Autoware/install/amathutils_lib/share:/home/autoware/Autoware/install/ros_observer/share:/home/autoware/Autoware/install/autoware_system_msgs/share:/home/autoware/Autoware/install/autoware_msgs/share:/home/autoware/Autoware/install/autoware_build_flags/share:${ROS_PACKAGE_PATH} /usr/bin/cmake --build /home/autoware/Autoware/build/mpc_follower --target tests -- -j2 -l2
[110.969s] Invoking command in '/home/autoware/Autoware/build/mpc_follower': CMAKE_PREFIX_PATH=/home/autoware/Autoware/install/autoware_health_checker:/home/autoware/Autoware/install/amathutils_lib:/home/autoware/Autoware/install/ros_observer:/home/autoware/Autoware/install/autoware_system_msgs:/home/autoware/Autoware/install/autoware_msgs:/home/autoware/Autoware/install/autoware_build_flags:${CMAKE_PREFIX_PATH} LD_LIBRARY_PATH=/home/autoware/Autoware/install/autoware_health_checker/lib:/home/autoware/Autoware/install/amathutils_lib/lib:/home/autoware/Autoware/install/ros_observer/lib:${LD_LIBRARY_PATH} PKG_CONFIG_PATH=/home/autoware/Autoware/install/autoware_health_checker/lib/x86_64-linux-gnu/pkgconfig:/home/autoware/Autoware/install/autoware_health_checker/lib/pkgconfig:/home/autoware/Autoware/install/amathutils_lib/lib/x86_64-linux-gnu/pkgconfig:/home/autoware/Autoware/install/amathutils_lib/lib/pkgconfig:/home/autoware/Autoware/install/ros_observer/lib/x86_64-linux-gnu/pkgconfig:/home/autoware/Autoware/install/ros_observer/lib/pkgconfig:/home/autoware/Autoware/install/autoware_system_msgs/lib/x86_64-linux-gnu/pkgconfig:/home/autoware/Autoware/install/autoware_system_msgs/lib/pkgconfig:/home/autoware/Autoware/install/autoware_msgs/lib/x86_64-linux-gnu/pkgconfig:/home/autoware/Autoware/install/autoware_msgs/lib/pkgconfig:/home/autoware/Autoware/install/autoware_build_flags/lib/x86_64-linux-gnu/pkgconfig:/home/autoware/Autoware/install/autoware_build_flags/lib/pkgconfig:${PKG_CONFIG_PATH} PYTHONPATH=/home/autoware/Autoware/install/autoware_system_msgs/lib/python2.7/dist-packages:/home/autoware/Autoware/install/autoware_msgs/lib/python2.7/dist-packages:${PYTHONPATH} ROS_PACKAGE_PATH=/home/autoware/Autoware/install/autoware_health_checker/share:/home/autoware/Autoware/install/amathutils_lib/share:/home/autoware/Autoware/install/ros_observer/share:/home/autoware/Autoware/install/autoware_system_msgs/share:/home/autoware/Autoware/install/autoware_msgs/share:/home/autoware/Autoware/install/autoware_build_flags/share:${ROS_PACKAGE_PATH} /usr/bin/cmake --build /home/autoware/Autoware/build/mpc_follower --target install -- -j2 -l2
[111.047s] [  0%] Built target autoware_system_msgs_generate_messages_py
[111.077s] [  0%] Built target geometry_msgs_generate_messages_py
[111.109s] [  0%] Built target roscpp_generate_messages_cpp
[111.140s] [  0%] Built target actionlib_generate_messages_cpp
[111.172s] [  0%] Built target pcl_msgs_generate_messages_eus
[111.202s] [  0%] Built target rosgraph_msgs_generate_messages_eus
[111.234s] [  0%] Built target jsk_recognition_msgs_generate_messages_lisp
[111.265s] [  0%] Built target jsk_recognition_msgs_generate_messages_eus
[111.295s] [  0%] Built target tf2_msgs_generate_messages_cpp
[111.324s] [  0%] Built target std_msgs_generate_messages_py
[111.351s] [  0%] Built target autoware_msgs_generate_messages_py
[111.380s] [  0%] Built target std_msgs_generate_messages_nodejs
[111.408s] [  0%] Built target sensor_msgs_generate_messages_eus
[111.443s] [  0%] Built target _catkin_empty_exported_target
[111.472s] [  0%] Built target sensor_msgs_generate_messages_cpp
[111.501s] [  0%] Built target autoware_msgs_generate_messages_cpp
[111.528s] [  0%] Built target rosgraph_msgs_generate_messages_cpp
[111.556s] [  0%] Built target pcl_msgs_generate_messages_nodejs
[111.582s] [  0%] Built target jsk_recognition_msgs_generate_messages_py
[111.609s] [  0%] Built target sensor_msgs_generate_messages_lisp
[111.634s] [  0%] Built target sensor_msgs_generate_messages_py
[111.664s] [  0%] Built target tf_generate_messages_py
[111.691s] [  0%] Built target std_msgs_generate_messages_cpp
[111.719s] [  0%] Built target jsk_footstep_msgs_generate_messages_py
[111.748s] [  0%] Built target actionlib_msgs_generate_messages_nodejs
[111.774s] [  0%] Built target geometry_msgs_generate_messages_eus
[111.798s] [  0%] Built target std_msgs_generate_messages_lisp
[111.821s] [  0%] Built target roscpp_generate_messages_nodejs
[111.846s] [  0%] Built target autoware_system_msgs_generate_messages_cpp
[111.871s] [  0%] Built target geometry_msgs_generate_messages_nodejs
[111.895s] [  0%] Built target geometry_msgs_generate_messages_lisp
[111.922s] [  0%] Built target pcl_msgs_generate_messages_cpp
[111.948s] [  0%] Built target jsk_recognition_msgs_generate_messages_cpp
[111.976s] [  0%] Built target autoware_msgs_generate_messages_eus
[112.002s] [  0%] Built target autoware_msgs_generate_messages_lisp
[112.030s] [  0%] Built target std_msgs_generate_messages_eus
[112.057s] [  0%] Built target autoware_msgs_generate_messages_nodejs
[112.085s] [  0%] Built target jsk_footstep_msgs_generate_messages_eus
[112.113s] [  0%] Built target actionlib_msgs_generate_messages_py
[112.141s] [  0%] Built target jsk_footstep_msgs_generate_messages_lisp
[112.169s] [  0%] Built target jsk_footstep_msgs_generate_messages_nodejs
[112.197s] [  0%] Built target autoware_system_msgs_generate_messages_nodejs
[112.225s] [  0%] Built target actionlib_msgs_generate_messages_lisp
[112.254s] [  0%] Built target jsk_footstep_msgs_generate_messages_cpp
[112.282s] [  0%] Built target actionlib_msgs_generate_messages_cpp
[112.308s] [  0%] Built target tf_generate_messages_eus
[112.340s] [  0%] Built target tf_generate_messages_lisp
[112.368s] [  0%] Built target tf_generate_messages_nodejs
[112.395s] [  0%] Built target jsk_recognition_msgs_generate_messages_nodejs
[112.421s] [  0%] Built target roscpp_generate_messages_lisp
[112.447s] [  0%] Built target roscpp_generate_messages_py
[112.474s] [  0%] Built target rosgraph_msgs_generate_messages_lisp
[112.502s] [  0%] Built target rosgraph_msgs_generate_messages_nodejs
[112.530s] [  0%] Built target roscpp_generate_messages_eus
[112.564s] [  0%] Built target actionlib_msgs_generate_messages_eus
[112.605s] [  0%] Built target rosgraph_msgs_generate_messages_py
[112.634s] [  0%] Built target pcl_msgs_generate_messages_py
[112.663s] [  0%] Built target actionlib_generate_messages_eus
[112.692s] [  0%] Built target geometry_msgs_generate_messages_cpp
[112.722s] [  0%] Built target actionlib_generate_messages_lisp
[112.749s] [  0%] Built target pcl_msgs_generate_messages_lisp
[112.781s] [  0%] Built target tf_generate_messages_cpp
[112.809s] [  0%] Built target actionlib_generate_messages_nodejs
[112.835s] [  0%] Built target autoware_system_msgs_generate_messages_eus
[112.863s] [  0%] Built target tf2_msgs_generate_messages_eus
[112.890s] [  0%] Built target tf2_msgs_generate_messages_lisp
[112.918s] [  0%] Built target actionlib_generate_messages_py
[112.944s] [  0%] Built target tf2_msgs_generate_messages_py
[112.971s] [  0%] Built target autoware_system_msgs_generate_messages_lisp
[112.998s] [  0%] Built target tf2_msgs_generate_messages_nodejs
[113.023s] [  0%] Built target sensor_msgs_generate_messages_nodejs
[113.066s] [ 86%] Built target mpc_follower
[113.102s] [100%] Built target mpc_waypoints_converter
[113.131s] Install the project...
[113.143s] -- Install configuration: "Release"
[113.143s] -- Installing: /home/autoware/Autoware/install/mpc_follower/lib/pkgconfig/mpc_follower.pc
[113.144s] -- Installing: /home/autoware/Autoware/install/mpc_follower/share/mpc_follower/cmake/mpc_followerConfig.cmake
[113.144s] -- Installing: /home/autoware/Autoware/install/mpc_follower/share/mpc_follower/cmake/mpc_followerConfig-version.cmake
[113.145s] -- Installing: /home/autoware/Autoware/install/mpc_follower/share/mpc_follower/package.xml
[113.145s] -- Installing: /home/autoware/Autoware/install/mpc_follower/lib/mpc_follower/mpc_follower
[113.148s] -- Set runtime path of "/home/autoware/Autoware/install/mpc_follower/lib/mpc_follower/mpc_follower" to ""
[113.148s] -- Installing: /home/autoware/Autoware/install/mpc_follower/lib/mpc_follower/mpc_waypoints_converter
[113.149s] -- Set runtime path of "/home/autoware/Autoware/install/mpc_follower/lib/mpc_follower/mpc_waypoints_converter" to ""
[113.149s] -- Installing: /home/autoware/Autoware/install/mpc_follower/include/mpc_follower
[113.150s] -- Installing: /home/autoware/Autoware/install/mpc_follower/include/mpc_follower/lowpass_filter.h
[113.150s] -- Installing: /home/autoware/Autoware/install/mpc_follower/include/mpc_follower/mpc_follower_core.h
[113.150s] -- Installing: /home/autoware/Autoware/install/mpc_follower/include/mpc_follower/mpc_trajectory.h
[113.151s] -- Installing: /home/autoware/Autoware/install/mpc_follower/include/mpc_follower/mpc_utils.h
[113.151s] -- Installing: /home/autoware/Autoware/install/mpc_follower/include/mpc_follower/qp_solver
[113.152s] -- Installing: /home/autoware/Autoware/install/mpc_follower/include/mpc_follower/qp_solver/qp_solver_qpoases.h
[113.152s] -- Installing: /home/autoware/Autoware/install/mpc_follower/include/mpc_follower/qp_solver/qp_solver_unconstr_fast.h
[113.152s] -- Installing: /home/autoware/Autoware/install/mpc_follower/include/mpc_follower/qp_solver/qp_solver_interface.h
[113.153s] -- Installing: /home/autoware/Autoware/install/mpc_follower/include/mpc_follower/qp_solver/qp_solver_unconstr.h
[113.153s] -- Installing: /home/autoware/Autoware/install/mpc_follower/include/mpc_follower/vehicle_model
[113.154s] -- Installing: /home/autoware/Autoware/install/mpc_follower/include/mpc_follower/vehicle_model/vehicle_model_interface.h
[113.154s] -- Installing: /home/autoware/Autoware/install/mpc_follower/include/mpc_follower/vehicle_model/vehicle_model_bicycle_kinematics_no_delay.h
[113.154s] -- Installing: /home/autoware/Autoware/install/mpc_follower/include/mpc_follower/vehicle_model/vehicle_model_bicycle_kinematics.h
[113.155s] -- Installing: /home/autoware/Autoware/install/mpc_follower/include/mpc_follower/vehicle_model/vehicle_model_bicycle_dynamics.h
[113.155s] -- Installing: /home/autoware/Autoware/install/mpc_follower/share/mpc_follower/launch
[113.156s] -- Installing: /home/autoware/Autoware/install/mpc_follower/share/mpc_follower/launch/mpc_follower.launch
[113.168s] Invoked command in '/home/autoware/Autoware/build/mpc_follower' returned '0': CMAKE_PREFIX_PATH=/home/autoware/Autoware/install/autoware_health_checker:/home/autoware/Autoware/install/amathutils_lib:/home/autoware/Autoware/install/ros_observer:/home/autoware/Autoware/install/autoware_system_msgs:/home/autoware/Autoware/install/autoware_msgs:/home/autoware/Autoware/install/autoware_build_flags:${CMAKE_PREFIX_PATH} LD_LIBRARY_PATH=/home/autoware/Autoware/install/autoware_health_checker/lib:/home/autoware/Autoware/install/amathutils_lib/lib:/home/autoware/Autoware/install/ros_observer/lib:${LD_LIBRARY_PATH} PKG_CONFIG_PATH=/home/autoware/Autoware/install/autoware_health_checker/lib/x86_64-linux-gnu/pkgconfig:/home/autoware/Autoware/install/autoware_health_checker/lib/pkgconfig:/home/autoware/Autoware/install/amathutils_lib/lib/x86_64-linux-gnu/pkgconfig:/home/autoware/Autoware/install/amathutils_lib/lib/pkgconfig:/home/autoware/Autoware/install/ros_observer/lib/x86_64-linux-gnu/pkgconfig:/home/autoware/Autoware/install/ros_observer/lib/pkgconfig:/home/autoware/Autoware/install/autoware_system_msgs/lib/x86_64-linux-gnu/pkgconfig:/home/autoware/Autoware/install/autoware_system_msgs/lib/pkgconfig:/home/autoware/Autoware/install/autoware_msgs/lib/x86_64-linux-gnu/pkgconfig:/home/autoware/Autoware/install/autoware_msgs/lib/pkgconfig:/home/autoware/Autoware/install/autoware_build_flags/lib/x86_64-linux-gnu/pkgconfig:/home/autoware/Autoware/install/autoware_build_flags/lib/pkgconfig:${PKG_CONFIG_PATH} PYTHONPATH=/home/autoware/Autoware/install/autoware_system_msgs/lib/python2.7/dist-packages:/home/autoware/Autoware/install/autoware_msgs/lib/python2.7/dist-packages:${PYTHONPATH} ROS_PACKAGE_PATH=/home/autoware/Autoware/install/autoware_health_checker/share:/home/autoware/Autoware/install/amathutils_lib/share:/home/autoware/Autoware/install/ros_observer/share:/home/autoware/Autoware/install/autoware_system_msgs/share:/home/autoware/Autoware/install/autoware_msgs/share:/home/autoware/Autoware/install/autoware_build_flags/share:${ROS_PACKAGE_PATH} /usr/bin/cmake --build /home/autoware/Autoware/build/mpc_follower --target install -- -j2 -l2
