[0.012s] Invoking command in '/home/autoware/Autoware/build/tablet_socket_msgs': /usr/bin/cmake /home/autoware/Autoware/src/autoware/messages/tablet_socket_msgs -DCMAKE_BUILD_TYPE=Release -DCATKIN_INSTALL_INTO_PREFIX_ROOT=0 -DCMAKE_INSTALL_PREFIX=/home/autoware/Autoware/install/tablet_socket_msgs
[0.091s] -- The C compiler identification is GNU 7.5.0
[0.165s] -- The CXX compiler identification is GNU 7.5.0
[0.171s] -- Check for working C compiler: /usr/bin/cc
[0.261s] -- Check for working C compiler: /usr/bin/cc -- works
[0.261s] -- Detecting C compiler ABI info
[0.353s] -- Detecting C compiler ABI info - done
[0.364s] -- Detecting C compile features
[0.639s] -- Detecting C compile features - done
[0.643s] -- Check for working CXX compiler: /usr/bin/c++
[0.749s] -- Check for working CXX compiler: /usr/bin/c++ -- works
[0.749s] -- Detecting CXX compiler ABI info
[0.849s] -- Detecting CXX compiler ABI info - done
[0.859s] -- Detecting CXX compile features
[1.327s] -- Detecting CXX compile features - done
[1.330s] -- Using CATKIN_DEVEL_PREFIX: /home/autoware/Autoware/build/tablet_socket_msgs/devel
[1.331s] -- Using CMAKE_PREFIX_PATH: /opt/ros/melodic
[1.331s] -- This workspace overlays: /opt/ros/melodic
[1.349s] -- Found PythonInterp: /usr/bin/python2 (found suitable version "2.7.17", minimum required is "2") 
[1.349s] -- Using PYTHON_EXECUTABLE: /usr/bin/python2
[1.349s] -- Using Debian Python package layout
[1.349s] -- Using empy: /usr/bin/empy
[1.510s] -- Using CATKIN_ENABLE_TESTING: ON
[1.510s] -- Call enable_testing()
[1.513s] -- Using CATKIN_TEST_RESULTS_DIR: /home/autoware/Autoware/build/tablet_socket_msgs/test_results
[1.540s] -- Found gtest sources under '/usr/src/googletest': gtests will be built
[1.541s] -- Found gmock sources under '/usr/src/googletest': gmock will be built
[1.559s] -- Found PythonInterp: /usr/bin/python2 (found version "2.7.17") 
[1.559s] -- Looking for pthread.h
[1.659s] -- Looking for pthread.h - found
[1.660s] -- Looking for pthread_create
[1.753s] -- Looking for pthread_create - not found
[1.753s] -- Looking for pthread_create in pthreads
[1.832s] -- Looking for pthread_create in pthreads - not found
[1.832s] -- Looking for pthread_create in pthread
[1.917s] -- Looking for pthread_create in pthread - found
[1.917s] -- Found Threads: TRUE  
[1.917s] -- Using Python nosetests: /usr/bin/nosetests-2.7
[1.966s] -- catkin 0.7.26
[1.966s] -- BUILD_SHARED_LIBS is on
[2.094s] -- Using these message generators: gencpp;geneus;genlisp;gennodejs;genpy
[2.377s] -- tablet_socket_msgs: 6 messages, 0 services
[2.544s] -- Configuring done
[2.570s] -- Generating done
[2.576s] -- Build files have been written to: /home/autoware/Autoware/build/tablet_socket_msgs
[2.581s] Invoked command in '/home/autoware/Autoware/build/tablet_socket_msgs' returned '0': /usr/bin/cmake /home/autoware/Autoware/src/autoware/messages/tablet_socket_msgs -DCMAKE_BUILD_TYPE=Release -DCATKIN_INSTALL_INTO_PREFIX_ROOT=0 -DCMAKE_INSTALL_PREFIX=/home/autoware/Autoware/install/tablet_socket_msgs
[2.583s] Invoking command in '/home/autoware/Autoware/build/tablet_socket_msgs': /usr/bin/cmake --build /home/autoware/Autoware/build/tablet_socket_msgs -- -j2 -l2
[2.658s] Scanning dependencies of target _tablet_socket_msgs_generate_messages_check_deps_Waypoint
[2.699s] [  0%] Built target _tablet_socket_msgs_generate_messages_check_deps_Waypoint
[2.714s] Scanning dependencies of target _tablet_socket_msgs_generate_messages_check_deps_gear_cmd
[2.755s] [  0%] Built target _tablet_socket_msgs_generate_messages_check_deps_gear_cmd
[2.770s] Scanning dependencies of target _tablet_socket_msgs_generate_messages_check_deps_mode_cmd
[2.815s] [  0%] Built target _tablet_socket_msgs_generate_messages_check_deps_mode_cmd
[2.829s] Scanning dependencies of target _tablet_socket_msgs_generate_messages_check_deps_error_info
[2.870s] [  0%] Built target _tablet_socket_msgs_generate_messages_check_deps_error_info
[2.883s] Scanning dependencies of target _tablet_socket_msgs_generate_messages_check_deps_route_cmd
[2.926s] [  0%] Built target _tablet_socket_msgs_generate_messages_check_deps_route_cmd
[2.940s] Scanning dependencies of target std_msgs_generate_messages_cpp
[2.953s] [  0%] Built target std_msgs_generate_messages_cpp
[2.967s] Scanning dependencies of target _tablet_socket_msgs_generate_messages_check_deps_mode_info
[3.010s] [  0%] Built target _tablet_socket_msgs_generate_messages_check_deps_mode_info
[3.024s] Scanning dependencies of target std_msgs_generate_messages_py
[3.037s] [  0%] Built target std_msgs_generate_messages_py
[3.051s] Scanning dependencies of target std_msgs_generate_messages_nodejs
[3.063s] [  0%] Built target std_msgs_generate_messages_nodejs
[3.077s] Scanning dependencies of target std_msgs_generate_messages_eus
[3.090s] [  0%] Built target std_msgs_generate_messages_eus
[3.105s] Scanning dependencies of target std_msgs_generate_messages_lisp
[3.120s] [  0%] Built target std_msgs_generate_messages_lisp
[3.135s] Scanning dependencies of target tablet_socket_msgs_generate_messages_cpp
[3.150s] [  3%] Generating C++ code from tablet_socket_msgs/mode_cmd.msg
[3.301s] [  6%] Generating C++ code from tablet_socket_msgs/mode_info.msg
[3.452s] [  9%] Generating C++ code from tablet_socket_msgs/error_info.msg
[3.608s] [ 12%] Generating C++ code from tablet_socket_msgs/Waypoint.msg
[3.756s] [ 15%] Generating C++ code from tablet_socket_msgs/gear_cmd.msg
[3.917s] [ 18%] Generating C++ code from tablet_socket_msgs/route_cmd.msg
[4.075s] [ 18%] Built target tablet_socket_msgs_generate_messages_cpp
[4.091s] Scanning dependencies of target tablet_socket_msgs_generate_messages_py
[4.104s] [ 21%] Generating Python from MSG tablet_socket_msgs/mode_cmd
[4.228s] [ 25%] Generating Python from MSG tablet_socket_msgs/mode_info
[4.355s] [ 28%] Generating Python from MSG tablet_socket_msgs/error_info
[4.478s] [ 31%] Generating Python from MSG tablet_socket_msgs/Waypoint
[4.600s] [ 34%] Generating Python from MSG tablet_socket_msgs/gear_cmd
[4.722s] [ 37%] Generating Python from MSG tablet_socket_msgs/route_cmd
[4.849s] [ 40%] Generating Python msg __init__.py for tablet_socket_msgs
[4.972s] [ 40%] Built target tablet_socket_msgs_generate_messages_py
[4.988s] Scanning dependencies of target tablet_socket_msgs_generate_messages_nodejs
[5.004s] [ 43%] Generating Javascript code from tablet_socket_msgs/mode_cmd.msg
[5.057s] [ 46%] Generating Javascript code from tablet_socket_msgs/mode_info.msg
[5.107s] [ 50%] Generating Javascript code from tablet_socket_msgs/error_info.msg
[5.161s] [ 53%] Generating Javascript code from tablet_socket_msgs/Waypoint.msg
[5.209s] [ 56%] Generating Javascript code from tablet_socket_msgs/gear_cmd.msg
[5.259s] [ 59%] Generating Javascript code from tablet_socket_msgs/route_cmd.msg
[5.310s] [ 59%] Built target tablet_socket_msgs_generate_messages_nodejs
[5.325s] Scanning dependencies of target tablet_socket_msgs_generate_messages_eus
[5.339s] [ 62%] Generating EusLisp code from tablet_socket_msgs/mode_cmd.msg
[5.414s] [ 65%] Generating EusLisp code from tablet_socket_msgs/mode_info.msg
[5.483s] [ 68%] Generating EusLisp code from tablet_socket_msgs/error_info.msg
[5.555s] [ 71%] Generating EusLisp code from tablet_socket_msgs/Waypoint.msg
[5.628s] [ 75%] Generating EusLisp code from tablet_socket_msgs/gear_cmd.msg
[5.700s] [ 78%] Generating EusLisp code from tablet_socket_msgs/route_cmd.msg
[5.775s] [ 81%] Generating EusLisp manifest code for tablet_socket_msgs
[6.657s] [ 81%] Built target tablet_socket_msgs_generate_messages_eus
[6.671s] Scanning dependencies of target tablet_socket_msgs_generate_messages_lisp
[6.685s] [ 84%] Generating Lisp code from tablet_socket_msgs/mode_cmd.msg
[6.737s] [ 87%] Generating Lisp code from tablet_socket_msgs/mode_info.msg
[6.786s] [ 90%] Generating Lisp code from tablet_socket_msgs/error_info.msg
[6.835s] [ 93%] Generating Lisp code from tablet_socket_msgs/Waypoint.msg
[6.885s] [ 96%] Generating Lisp code from tablet_socket_msgs/gear_cmd.msg
[6.945s] [100%] Generating Lisp code from tablet_socket_msgs/route_cmd.msg
[6.997s] [100%] Built target tablet_socket_msgs_generate_messages_lisp
[7.012s] Scanning dependencies of target tablet_socket_msgs_generate_messages
[7.027s] [100%] Built target tablet_socket_msgs_generate_messages
[7.045s] Invoked command in '/home/autoware/Autoware/build/tablet_socket_msgs' returned '0': /usr/bin/cmake --build /home/autoware/Autoware/build/tablet_socket_msgs -- -j2 -l2
[7.108s] Invoking command in '/home/autoware/Autoware/build/tablet_socket_msgs': /usr/bin/cmake --build /home/autoware/Autoware/build/tablet_socket_msgs --target tests -- -j2 -l2
[7.179s] Scanning dependencies of target tests
[7.191s] Built target tests
[7.207s] Invoked command in '/home/autoware/Autoware/build/tablet_socket_msgs' returned '0': /usr/bin/cmake --build /home/autoware/Autoware/build/tablet_socket_msgs --target tests -- -j2 -l2
[7.270s] Invoking command in '/home/autoware/Autoware/build/tablet_socket_msgs': /usr/bin/cmake --build /home/autoware/Autoware/build/tablet_socket_msgs --target install -- -j2 -l2
[7.368s] [  0%] Built target _tablet_socket_msgs_generate_messages_check_deps_Waypoint
[7.426s] [  0%] Built target _tablet_socket_msgs_generate_messages_check_deps_gear_cmd
[7.481s] [  0%] Built target _tablet_socket_msgs_generate_messages_check_deps_mode_cmd
[7.536s] [  0%] Built target _tablet_socket_msgs_generate_messages_check_deps_error_info
[7.587s] [  0%] Built target _tablet_socket_msgs_generate_messages_check_deps_route_cmd
[7.627s] [  0%] Built target std_msgs_generate_messages_cpp
[7.685s] [  0%] Built target _tablet_socket_msgs_generate_messages_check_deps_mode_info
[7.717s] [  0%] Built target std_msgs_generate_messages_py
[7.742s] [  0%] Built target std_msgs_generate_messages_nodejs
[7.767s] [  0%] Built target std_msgs_generate_messages_eus
[7.792s] [  0%] Built target std_msgs_generate_messages_lisp
[7.817s] [ 18%] Built target tablet_socket_msgs_generate_messages_cpp
[7.844s] [ 40%] Built target tablet_socket_msgs_generate_messages_py
[7.875s] [ 59%] Built target tablet_socket_msgs_generate_messages_nodejs
[7.904s] [ 81%] Built target tablet_socket_msgs_generate_messages_eus
[7.930s] [100%] Built target tablet_socket_msgs_generate_messages_lisp
[7.957s] [100%] Built target tablet_socket_msgs_generate_messages
[7.981s] Install the project...
[7.991s] -- Install configuration: "Release"
[7.992s] -- Installing: /home/autoware/Autoware/install/tablet_socket_msgs/share/tablet_socket_msgs/msg/Waypoint.msg
[7.992s] -- Installing: /home/autoware/Autoware/install/tablet_socket_msgs/share/tablet_socket_msgs/msg/error_info.msg
[7.993s] -- Installing: /home/autoware/Autoware/install/tablet_socket_msgs/share/tablet_socket_msgs/msg/gear_cmd.msg
[7.993s] -- Installing: /home/autoware/Autoware/install/tablet_socket_msgs/share/tablet_socket_msgs/msg/mode_cmd.msg
[7.994s] -- Installing: /home/autoware/Autoware/install/tablet_socket_msgs/share/tablet_socket_msgs/msg/mode_info.msg
[7.994s] -- Installing: /home/autoware/Autoware/install/tablet_socket_msgs/share/tablet_socket_msgs/msg/route_cmd.msg
[7.994s] -- Installing: /home/autoware/Autoware/install/tablet_socket_msgs/share/tablet_socket_msgs/cmake/tablet_socket_msgs-msg-paths.cmake
[7.995s] -- Installing: /home/autoware/Autoware/install/tablet_socket_msgs/include/tablet_socket_msgs
[7.995s] -- Installing: /home/autoware/Autoware/install/tablet_socket_msgs/include/tablet_socket_msgs/mode_cmd.h
[7.995s] -- Installing: /home/autoware/Autoware/install/tablet_socket_msgs/include/tablet_socket_msgs/Waypoint.h
[7.996s] -- Installing: /home/autoware/Autoware/install/tablet_socket_msgs/include/tablet_socket_msgs/mode_info.h
[7.996s] -- Installing: /home/autoware/Autoware/install/tablet_socket_msgs/include/tablet_socket_msgs/error_info.h
[7.997s] -- Installing: /home/autoware/Autoware/install/tablet_socket_msgs/include/tablet_socket_msgs/gear_cmd.h
[7.997s] -- Installing: /home/autoware/Autoware/install/tablet_socket_msgs/include/tablet_socket_msgs/route_cmd.h
[7.997s] -- Installing: /home/autoware/Autoware/install/tablet_socket_msgs/share/roseus/ros/tablet_socket_msgs
[7.998s] -- Installing: /home/autoware/Autoware/install/tablet_socket_msgs/share/roseus/ros/tablet_socket_msgs/msg
[7.998s] -- Installing: /home/autoware/Autoware/install/tablet_socket_msgs/share/roseus/ros/tablet_socket_msgs/msg/route_cmd.l
[7.998s] -- Installing: /home/autoware/Autoware/install/tablet_socket_msgs/share/roseus/ros/tablet_socket_msgs/msg/gear_cmd.l
[7.999s] -- Installing: /home/autoware/Autoware/install/tablet_socket_msgs/share/roseus/ros/tablet_socket_msgs/msg/Waypoint.l
[7.999s] -- Installing: /home/autoware/Autoware/install/tablet_socket_msgs/share/roseus/ros/tablet_socket_msgs/msg/mode_cmd.l
[8.000s] -- Installing: /home/autoware/Autoware/install/tablet_socket_msgs/share/roseus/ros/tablet_socket_msgs/msg/error_info.l
[8.000s] -- Installing: /home/autoware/Autoware/install/tablet_socket_msgs/share/roseus/ros/tablet_socket_msgs/msg/mode_info.l
[8.000s] -- Installing: /home/autoware/Autoware/install/tablet_socket_msgs/share/roseus/ros/tablet_socket_msgs/manifest.l
[8.001s] -- Installing: /home/autoware/Autoware/install/tablet_socket_msgs/share/common-lisp/ros/tablet_socket_msgs
[8.001s] -- Installing: /home/autoware/Autoware/install/tablet_socket_msgs/share/common-lisp/ros/tablet_socket_msgs/msg
[8.001s] -- Installing: /home/autoware/Autoware/install/tablet_socket_msgs/share/common-lisp/ros/tablet_socket_msgs/msg/_package_error_info.lisp
[8.002s] -- Installing: /home/autoware/Autoware/install/tablet_socket_msgs/share/common-lisp/ros/tablet_socket_msgs/msg/_package.lisp
[8.002s] -- Installing: /home/autoware/Autoware/install/tablet_socket_msgs/share/common-lisp/ros/tablet_socket_msgs/msg/mode_cmd.lisp
[8.003s] -- Installing: /home/autoware/Autoware/install/tablet_socket_msgs/share/common-lisp/ros/tablet_socket_msgs/msg/error_info.lisp
[8.003s] -- Installing: /home/autoware/Autoware/install/tablet_socket_msgs/share/common-lisp/ros/tablet_socket_msgs/msg/_package_route_cmd.lisp
[8.003s] -- Installing: /home/autoware/Autoware/install/tablet_socket_msgs/share/common-lisp/ros/tablet_socket_msgs/msg/_package_gear_cmd.lisp
[8.004s] -- Installing: /home/autoware/Autoware/install/tablet_socket_msgs/share/common-lisp/ros/tablet_socket_msgs/msg/Waypoint.lisp
[8.004s] -- Installing: /home/autoware/Autoware/install/tablet_socket_msgs/share/common-lisp/ros/tablet_socket_msgs/msg/_package_Waypoint.lisp
[8.004s] -- Installing: /home/autoware/Autoware/install/tablet_socket_msgs/share/common-lisp/ros/tablet_socket_msgs/msg/_package_mode_cmd.lisp
[8.005s] -- Installing: /home/autoware/Autoware/install/tablet_socket_msgs/share/common-lisp/ros/tablet_socket_msgs/msg/_package_mode_info.lisp
[8.005s] -- Installing: /home/autoware/Autoware/install/tablet_socket_msgs/share/common-lisp/ros/tablet_socket_msgs/msg/mode_info.lisp
[8.006s] -- Installing: /home/autoware/Autoware/install/tablet_socket_msgs/share/common-lisp/ros/tablet_socket_msgs/msg/gear_cmd.lisp
[8.006s] -- Installing: /home/autoware/Autoware/install/tablet_socket_msgs/share/common-lisp/ros/tablet_socket_msgs/msg/route_cmd.lisp
[8.006s] -- Installing: /home/autoware/Autoware/install/tablet_socket_msgs/share/common-lisp/ros/tablet_socket_msgs/msg/tablet_socket_msgs-msg.asd
[8.007s] -- Installing: /home/autoware/Autoware/install/tablet_socket_msgs/share/gennodejs/ros/tablet_socket_msgs
[8.007s] -- Installing: /home/autoware/Autoware/install/tablet_socket_msgs/share/gennodejs/ros/tablet_socket_msgs/msg
[8.008s] -- Installing: /home/autoware/Autoware/install/tablet_socket_msgs/share/gennodejs/ros/tablet_socket_msgs/msg/gear_cmd.js
[8.008s] -- Installing: /home/autoware/Autoware/install/tablet_socket_msgs/share/gennodejs/ros/tablet_socket_msgs/msg/Waypoint.js
[8.008s] -- Installing: /home/autoware/Autoware/install/tablet_socket_msgs/share/gennodejs/ros/tablet_socket_msgs/msg/route_cmd.js
[8.009s] -- Installing: /home/autoware/Autoware/install/tablet_socket_msgs/share/gennodejs/ros/tablet_socket_msgs/msg/_index.js
[8.009s] -- Installing: /home/autoware/Autoware/install/tablet_socket_msgs/share/gennodejs/ros/tablet_socket_msgs/msg/error_info.js
[8.009s] -- Installing: /home/autoware/Autoware/install/tablet_socket_msgs/share/gennodejs/ros/tablet_socket_msgs/msg/mode_cmd.js
[8.010s] -- Installing: /home/autoware/Autoware/install/tablet_socket_msgs/share/gennodejs/ros/tablet_socket_msgs/msg/mode_info.js
[8.010s] -- Installing: /home/autoware/Autoware/install/tablet_socket_msgs/share/gennodejs/ros/tablet_socket_msgs/_index.js
[8.031s] Listing /home/autoware/Autoware/build/tablet_socket_msgs/devel/lib/python2.7/dist-packages/tablet_socket_msgs ...
[8.031s] Compiling /home/autoware/Autoware/build/tablet_socket_msgs/devel/lib/python2.7/dist-packages/tablet_socket_msgs/__init__.py ...
[8.031s] Listing /home/autoware/Autoware/build/tablet_socket_msgs/devel/lib/python2.7/dist-packages/tablet_socket_msgs/msg ...
[8.031s] Compiling /home/autoware/Autoware/build/tablet_socket_msgs/devel/lib/python2.7/dist-packages/tablet_socket_msgs/msg/_Waypoint.py ...
[8.032s] Compiling /home/autoware/Autoware/build/tablet_socket_msgs/devel/lib/python2.7/dist-packages/tablet_socket_msgs/msg/__init__.py ...
[8.032s] Compiling /home/autoware/Autoware/build/tablet_socket_msgs/devel/lib/python2.7/dist-packages/tablet_socket_msgs/msg/_error_info.py ...
[8.032s] Compiling /home/autoware/Autoware/build/tablet_socket_msgs/devel/lib/python2.7/dist-packages/tablet_socket_msgs/msg/_gear_cmd.py ...
[8.032s] Compiling /home/autoware/Autoware/build/tablet_socket_msgs/devel/lib/python2.7/dist-packages/tablet_socket_msgs/msg/_mode_cmd.py ...
[8.032s] Compiling /home/autoware/Autoware/build/tablet_socket_msgs/devel/lib/python2.7/dist-packages/tablet_socket_msgs/msg/_mode_info.py ...
[8.032s] Compiling /home/autoware/Autoware/build/tablet_socket_msgs/devel/lib/python2.7/dist-packages/tablet_socket_msgs/msg/_route_cmd.py ...
[8.041s] -- Installing: /home/autoware/Autoware/install/tablet_socket_msgs/lib/python2.7/dist-packages/tablet_socket_msgs
[8.041s] -- Installing: /home/autoware/Autoware/install/tablet_socket_msgs/lib/python2.7/dist-packages/tablet_socket_msgs/msg
[8.041s] -- Installing: /home/autoware/Autoware/install/tablet_socket_msgs/lib/python2.7/dist-packages/tablet_socket_msgs/msg/_error_info.pyc
[8.041s] -- Installing: /home/autoware/Autoware/install/tablet_socket_msgs/lib/python2.7/dist-packages/tablet_socket_msgs/msg/_gear_cmd.py
[8.041s] -- Installing: /home/autoware/Autoware/install/tablet_socket_msgs/lib/python2.7/dist-packages/tablet_socket_msgs/msg/_gear_cmd.pyc
[8.041s] -- Installing: /home/autoware/Autoware/install/tablet_socket_msgs/lib/python2.7/dist-packages/tablet_socket_msgs/msg/__init__.pyc
[8.041s] -- Installing: /home/autoware/Autoware/install/tablet_socket_msgs/lib/python2.7/dist-packages/tablet_socket_msgs/msg/_mode_info.pyc
[8.041s] -- Installing: /home/autoware/Autoware/install/tablet_socket_msgs/lib/python2.7/dist-packages/tablet_socket_msgs/msg/_route_cmd.py
[8.041s] -- Installing: /home/autoware/Autoware/install/tablet_socket_msgs/lib/python2.7/dist-packages/tablet_socket_msgs/msg/_mode_info.py
[8.041s] -- Installing: /home/autoware/Autoware/install/tablet_socket_msgs/lib/python2.7/dist-packages/tablet_socket_msgs/msg/_Waypoint.py
[8.041s] -- Installing: /home/autoware/Autoware/install/tablet_socket_msgs/lib/python2.7/dist-packages/tablet_socket_msgs/msg/_Waypoint.pyc
[8.041s] -- Installing: /home/autoware/Autoware/install/tablet_socket_msgs/lib/python2.7/dist-packages/tablet_socket_msgs/msg/_mode_cmd.pyc
[8.041s] -- Installing: /home/autoware/Autoware/install/tablet_socket_msgs/lib/python2.7/dist-packages/tablet_socket_msgs/msg/_route_cmd.pyc
[8.042s] -- Installing: /home/autoware/Autoware/install/tablet_socket_msgs/lib/python2.7/dist-packages/tablet_socket_msgs/msg/_mode_cmd.py
[8.042s] -- Installing: /home/autoware/Autoware/install/tablet_socket_msgs/lib/python2.7/dist-packages/tablet_socket_msgs/msg/__init__.py
[8.042s] -- Installing: /home/autoware/Autoware/install/tablet_socket_msgs/lib/python2.7/dist-packages/tablet_socket_msgs/msg/_error_info.py
[8.042s] -- Installing: /home/autoware/Autoware/install/tablet_socket_msgs/lib/python2.7/dist-packages/tablet_socket_msgs/__init__.pyc
[8.042s] -- Installing: /home/autoware/Autoware/install/tablet_socket_msgs/lib/python2.7/dist-packages/tablet_socket_msgs/__init__.py
[8.042s] -- Installing: /home/autoware/Autoware/install/tablet_socket_msgs/lib/pkgconfig/tablet_socket_msgs.pc
[8.042s] -- Installing: /home/autoware/Autoware/install/tablet_socket_msgs/share/tablet_socket_msgs/cmake/tablet_socket_msgs-msg-extras.cmake
[8.042s] -- Installing: /home/autoware/Autoware/install/tablet_socket_msgs/share/tablet_socket_msgs/cmake/tablet_socket_msgsConfig.cmake
[8.042s] -- Installing: /home/autoware/Autoware/install/tablet_socket_msgs/share/tablet_socket_msgs/cmake/tablet_socket_msgsConfig-version.cmake
[8.042s] -- Installing: /home/autoware/Autoware/install/tablet_socket_msgs/share/tablet_socket_msgs/package.xml
[8.045s] Invoked command in '/home/autoware/Autoware/build/tablet_socket_msgs' returned '0': /usr/bin/cmake --build /home/autoware/Autoware/build/tablet_socket_msgs --target install -- -j2 -l2
