[0.017s] Invoking command in '/home/autoware/Autoware/build/autoware_camera_lidar_calibrator': CMAKE_PREFIX_PATH=/home/autoware/Autoware/install/autoware_msgs:/home/autoware/Autoware/install/autoware_build_flags:${CMAKE_PREFIX_PATH} PKG_CONFIG_PATH=/home/autoware/Autoware/install/autoware_msgs/lib/x86_64-linux-gnu/pkgconfig:/home/autoware/Autoware/install/autoware_msgs/lib/pkgconfig:/home/autoware/Autoware/install/autoware_build_flags/lib/x86_64-linux-gnu/pkgconfig:/home/autoware/Autoware/install/autoware_build_flags/lib/pkgconfig:${PKG_CONFIG_PATH} PYTHONPATH=/home/autoware/Autoware/install/autoware_msgs/lib/python2.7/dist-packages:${PYTHONPATH} ROS_PACKAGE_PATH=/home/autoware/Autoware/install/autoware_msgs/share:/home/autoware/Autoware/install/autoware_build_flags/share:${ROS_PACKAGE_PATH} /usr/bin/cmake /home/autoware/Autoware/src/autoware/utilities/autoware_camera_lidar_calibrator -DCMAKE_BUILD_TYPE=Release -DCATKIN_INSTALL_INTO_PREFIX_ROOT=0 -DCMAKE_INSTALL_PREFIX=/home/autoware/Autoware/install/autoware_camera_lidar_calibrator
[0.093s] -- The C compiler identification is GNU 7.5.0
[0.164s] -- The CXX compiler identification is GNU 7.5.0
[0.170s] -- Check for working C compiler: /usr/bin/cc
[0.253s] -- Check for working C compiler: /usr/bin/cc -- works
[0.253s] -- Detecting C compiler ABI info
[0.333s] -- Detecting C compiler ABI info - done
[0.342s] -- Detecting C compile features
[0.583s] -- Detecting C compile features - done
[0.587s] -- Check for working CXX compiler: /usr/bin/c++
[0.685s] -- Check for working CXX compiler: /usr/bin/c++ -- works
[0.685s] -- Detecting CXX compiler ABI info
[0.789s] -- Detecting CXX compiler ABI info - done
[0.796s] -- Detecting CXX compile features
[1.221s] -- Detecting CXX compile features - done
[1.229s] -- Found PkgConfig: /usr/bin/pkg-config (found version "0.29.1") 
[1.229s] -- CUDA compilation status: ON.
[1.230s] -- Using CATKIN_DEVEL_PREFIX: /home/autoware/Autoware/build/autoware_camera_lidar_calibrator/devel
[1.231s] -- Using CMAKE_PREFIX_PATH: /home/autoware/Autoware/install/autoware_msgs;/home/autoware/Autoware/install/autoware_build_flags;/opt/ros/melodic
[1.231s] -- This workspace overlays: /home/autoware/Autoware/install/autoware_msgs;/home/autoware/Autoware/install/autoware_build_flags;/opt/ros/melodic
[1.249s] -- Found PythonInterp: /usr/bin/python2 (found suitable version "2.7.17", minimum required is "2") 
[1.249s] -- Using PYTHON_EXECUTABLE: /usr/bin/python2
[1.249s] -- Using Debian Python package layout
[1.249s] -- Using empy: /usr/bin/empy
[1.423s] -- Using CATKIN_ENABLE_TESTING: ON
[1.423s] -- Call enable_testing()
[1.429s] -- Using CATKIN_TEST_RESULTS_DIR: /home/autoware/Autoware/build/autoware_camera_lidar_calibrator/test_results
[1.455s] -- Found gtest sources under '/usr/src/googletest': gtests will be built
[1.455s] -- Found gmock sources under '/usr/src/googletest': gmock will be built
[1.473s] -- Found PythonInterp: /usr/bin/python2 (found version "2.7.17") 
[1.475s] -- Looking for pthread.h
[1.569s] -- Looking for pthread.h - found
[1.569s] -- Looking for pthread_create
[1.653s] -- Looking for pthread_create - not found
[1.653s] -- Looking for pthread_create in pthreads
[1.726s] -- Looking for pthread_create in pthreads - not found
[1.726s] -- Looking for pthread_create in pthread
[1.813s] -- Looking for pthread_create in pthread - found
[1.813s] -- Found Threads: TRUE  
[1.817s] -- Using Python nosetests: /usr/bin/nosetests-2.7
[1.865s] -- catkin 0.7.26
[1.865s] -- BUILD_SHARED_LIBS is on
[2.055s] -- Using these message generators: gencpp;geneus;genlisp;gennodejs;genpy
[3.170s] -- Found OpenCV: /usr (found version "3.2.0") 
[3.181s] -- Checking for module 'eigen3'
[3.203s] --   Found eigen3, version 3.3.7
[3.265s] -- Found eigen: /usr/local/include/eigen3  
[3.349s] -- Boost version: 1.65.1
[3.349s] -- Found the following Boost libraries:
[3.350s] --   system
[3.350s] --   filesystem
[3.350s] --   thread
[3.350s] --   date_time
[3.351s] --   iostreams
[3.351s] --   serialization
[3.351s] --   chrono
[3.351s] --   atomic
[3.352s] --   regex
[3.354s] -- Checking for module 'libopenni'
[3.377s] --   Found libopenni, version 1.5.4.0
[3.445s] -- Found openni: /usr/lib/libOpenNI.so  
[3.447s] -- Checking for module 'libopenni2'
[3.472s] --   Found libopenni2, version 2.2.0.3
[3.530s] -- Found OpenNI2: /usr/lib/libOpenNI2.so  
[3.536s] -- Could NOT find ensenso (missing: ENSENSO_LIBRARY ENSENSO_INCLUDE_DIR) 
[3.536s] ** WARNING ** io features related to ensenso will be disabled
[3.539s] -- Could NOT find DAVIDSDK (missing: DAVIDSDK_LIBRARY DAVIDSDK_INCLUDE_DIR) 
[3.540s] ** WARNING ** io features related to davidSDK will be disabled
[3.541s] -- Could NOT find DSSDK (missing: _DSSDK_LIBRARIES) 
[3.541s] ** WARNING ** io features related to dssdk will be disabled
[3.542s] ** WARNING ** io features related to pcap will be disabled
[3.542s] ** WARNING ** io features related to png will be disabled
[3.609s] -- The imported target "vtkRenderingPythonTkWidgets" references the file
[3.609s]    "/usr/lib/x86_64-linux-gnu/libvtkRenderingPythonTkWidgets.so"
[3.609s] but this file does not exist.  Possible reasons include:
[3.609s] * The file was deleted, renamed, or moved to another location.
[3.609s] * An install or uninstall procedure did not complete successfully.
[3.609s] * The installation package was faulty and contained
[3.609s]    "/usr/lib/cmake/vtk-6.3/VTKTargets.cmake"
[3.609s] but not all the files it references.
[3.609s] 
[3.610s] -- The imported target "vtk" references the file
[3.611s]    "/usr/bin/vtk"
[3.611s] but this file does not exist.  Possible reasons include:
[3.611s] * The file was deleted, renamed, or moved to another location.
[3.611s] * An install or uninstall procedure did not complete successfully.
[3.611s] * The installation package was faulty and contained
[3.611s]    "/usr/lib/cmake/vtk-6.3/VTKTargets.cmake"
[3.611s] but not all the files it references.
[3.611s] 
[3.688s] -- Found libusb-1.0: /usr/include  
[3.689s] ** WARNING ** io features related to libusb-1.0 will be disabled
[3.690s] -- Checking for module 'flann'
[3.713s] --   Found flann, version 1.9.1
[3.777s] -- Found Flann: /usr/lib/x86_64-linux-gnu/libflann_cpp_s.a  
[3.822s] -- Could NOT find ensenso (missing: ENSENSO_LIBRARY ENSENSO_INCLUDE_DIR) 
[3.823s] ** WARNING ** visualization features related to ensenso will be disabled
[3.825s] -- Could NOT find DAVIDSDK (missing: DAVIDSDK_LIBRARY DAVIDSDK_INCLUDE_DIR) 
[3.826s] ** WARNING ** visualization features related to davidSDK will be disabled
[3.827s] -- Could NOT find DSSDK (missing: _DSSDK_LIBRARIES) 
[3.828s] ** WARNING ** visualization features related to dssdk will be disabled
[3.829s] -- Could NOT find RSSDK (missing: _RSSDK_LIBRARIES) 
[3.829s] ** WARNING ** visualization features related to rssdk will be disabled
[3.869s] -- Found qhull: /usr/lib/x86_64-linux-gnu/libqhull.so  
[3.906s] -- looking for PCL_COMMON
[3.908s] -- Found PCL_COMMON: /usr/lib/x86_64-linux-gnu/libpcl_common.so  
[3.908s] -- looking for PCL_OCTREE
[3.910s] -- Found PCL_OCTREE: /usr/lib/x86_64-linux-gnu/libpcl_octree.so  
[3.910s] -- looking for PCL_IO
[3.912s] -- Found PCL_IO: /usr/lib/x86_64-linux-gnu/libpcl_io.so  
[3.913s] -- looking for PCL_KDTREE
[3.914s] -- Found PCL_KDTREE: /usr/lib/x86_64-linux-gnu/libpcl_kdtree.so  
[3.915s] -- looking for PCL_SEARCH
[3.916s] -- Found PCL_SEARCH: /usr/lib/x86_64-linux-gnu/libpcl_search.so  
[3.917s] -- looking for PCL_SAMPLE_CONSENSUS
[3.919s] -- Found PCL_SAMPLE_CONSENSUS: /usr/lib/x86_64-linux-gnu/libpcl_sample_consensus.so  
[3.919s] -- looking for PCL_FILTERS
[3.921s] -- Found PCL_FILTERS: /usr/lib/x86_64-linux-gnu/libpcl_filters.so  
[3.922s] -- looking for PCL_2D
[3.923s] -- Found PCL_2D: /usr/include/pcl-1.8  
[3.923s] -- looking for PCL_GEOMETRY
[3.924s] -- Found PCL_GEOMETRY: /usr/include/pcl-1.8  
[3.925s] -- looking for PCL_FEATURES
[3.926s] -- Found PCL_FEATURES: /usr/lib/x86_64-linux-gnu/libpcl_features.so  
[3.927s] -- looking for PCL_ML
[3.929s] -- Found PCL_ML: /usr/lib/x86_64-linux-gnu/libpcl_ml.so  
[3.930s] -- looking for PCL_SEGMENTATION
[3.931s] -- Found PCL_SEGMENTATION: /usr/lib/x86_64-linux-gnu/libpcl_segmentation.so  
[3.932s] -- looking for PCL_VISUALIZATION
[3.934s] -- Found PCL_VISUALIZATION: /usr/lib/x86_64-linux-gnu/libpcl_visualization.so  
[3.935s] -- looking for PCL_SURFACE
[3.936s] -- Found PCL_SURFACE: /usr/lib/x86_64-linux-gnu/libpcl_surface.so  
[3.937s] -- looking for PCL_REGISTRATION
[3.939s] -- Found PCL_REGISTRATION: /usr/lib/x86_64-linux-gnu/libpcl_registration.so  
[3.940s] -- looking for PCL_KEYPOINTS
[3.942s] -- Found PCL_KEYPOINTS: /usr/lib/x86_64-linux-gnu/libpcl_keypoints.so  
[3.943s] -- looking for PCL_TRACKING
[3.945s] -- Found PCL_TRACKING: /usr/lib/x86_64-linux-gnu/libpcl_tracking.so  
[3.946s] -- looking for PCL_RECOGNITION
[3.948s] -- Found PCL_RECOGNITION: /usr/lib/x86_64-linux-gnu/libpcl_recognition.so  
[3.949s] -- looking for PCL_STEREO
[3.952s] -- Found PCL_STEREO: /usr/lib/x86_64-linux-gnu/libpcl_stereo.so  
[3.952s] -- looking for PCL_APPS
[3.954s] -- Found PCL_APPS: /usr/lib/x86_64-linux-gnu/libpcl_apps.so  
[3.958s] -- looking for PCL_IN_HAND_SCANNER
[3.959s] -- Found PCL_IN_HAND_SCANNER: /usr/include/pcl-1.8  
[3.960s] -- looking for PCL_MODELER
[3.961s] -- Found PCL_MODELER: /usr/include/pcl-1.8  
[3.962s] -- looking for PCL_POINT_CLOUD_EDITOR
[3.963s] -- Found PCL_POINT_CLOUD_EDITOR: /usr/include/pcl-1.8  
[3.963s] -- looking for PCL_OUTOFCORE
[3.965s] -- Found PCL_OUTOFCORE: /usr/lib/x86_64-linux-gnu/libpcl_outofcore.so  
[3.966s] -- looking for PCL_PEOPLE
[3.968s] -- Found PCL_PEOPLE: /usr/lib/x86_64-linux-gnu/libpcl_people.so  
[3.996s] -- Found PCL: /usr/lib/x86_64-linux-gnu/libboost_system.so;/usr/lib/x86_64-linux-gnu/libboost_filesystem.so;/usr/lib/x86_64-linux-gnu/libboost_thread.so;/usr/lib/x86_64-linux-gnu/libboost_date_time.so;/usr/lib/x86_64-linux-gnu/libboost_iostreams.so;/usr/lib/x86_64-linux-gnu/libboost_serialization.so;/usr/lib/x86_64-linux-gnu/libboost_chrono.so;/usr/lib/x86_64-linux-gnu/libboost_atomic.so;/usr/lib/x86_64-linux-gnu/libboost_regex.so;/usr/lib/x86_64-linux-gnu/libpthread.so;optimized;/usr/lib/x86_64-linux-gnu/libpcl_common.so;debug;/usr/lib/x86_64-linux-gnu/libpcl_common.so;optimized;/usr/lib/x86_64-linux-gnu/libpcl_octree.so;debug;/usr/lib/x86_64-linux-gnu/libpcl_octree.so;/usr/lib/libOpenNI.so;/usr/lib/libOpenNI2.so;vtkChartsCore;vtkCommonColor;vtkCommonDataModel;vtkCommonMath;vtkCommonCore;vtksys;vtkCommonMisc;vtkCommonSystem;vtkCommonTransforms;vtkInfovisCore;vtkFiltersExtraction;vtkCommonExecutionModel;vtkFiltersCore;vtkFiltersGeneral;vtkCommonComputationalGeometry;vtkFiltersStatistics;vtkImagingFourier;vtkImagingCore;vtkalglib;vtkRenderingContext2D;vtkRenderingCore;vtkFiltersGeometry;vtkFiltersSources;vtkRenderingFreeType;/usr/lib/x86_64-linux-gnu/libfreetype.so;/usr/lib/x86_64-linux-gnu/libz.so;vtkftgl;vtkDICOMParser;vtkDomainsChemistry;vtkIOXML;vtkIOGeometry;vtkIOCore;vtkIOXMLParser;/usr/lib/x86_64-linux-gnu/libexpat.so;vtkFiltersAMR;vtkParallelCore;vtkIOLegacy;vtkFiltersFlowPaths;vtkFiltersGeneric;vtkFiltersHybrid;vtkImagingSources;vtkFiltersHyperTree;vtkFiltersImaging;vtkImagingGeneral;vtkFiltersModeling;vtkFiltersParallel;vtkFiltersParallelFlowPaths;vtkParallelMPI;vtkFiltersParallelGeometry;vtkFiltersParallelImaging;vtkFiltersParallelMPI;vtkFiltersParallelStatistics;vtkFiltersProgrammable;vtkFiltersPython;/usr/lib/x86_64-linux-gnu/libpython2.7.so;vtkWrappingPythonCore;vtkWrappingTools;vtkFiltersReebGraph;vtkFiltersSMP;vtkFiltersSelection;vtkFiltersTexture;vtkFiltersVerdict;verdict;vtkGUISupportQt;vtkInteractionStyle;vtkRenderingOpenGL;vtkImagingHybrid;vtkIOImage;vtkmetaio;/usr/lib/x86_64-linux-gnu/libjpeg.so;/usr/lib/x86_64-linux-gnu/libpng.so;/usr/lib/x86_64-linux-gnu/libtiff.so;vtkGUISupportQtOpenGL;vtkGUISupportQtSQL;vtkIOSQL;sqlite3;vtkGUISupportQtWebkit;vtkViewsQt;vtkViewsInfovis;vtkInfovisLayout;vtkInfovisBoostGraphAlgorithms;vtkRenderingLabel;vtkViewsCore;vtkInteractionWidgets;vtkRenderingAnnotation;vtkImagingColor;vtkRenderingVolume;vtkGeovisCore;/usr/lib/x86_64-linux-gnu/libproj.so;vtkIOAMR;/usr/lib/x86_64-linux-gnu/hdf5/openmpi/libhdf5.so;/usr/lib/x86_64-linux-gnu/libsz.so;/usr/lib/x86_64-linux-gnu/libdl.so;/usr/lib/x86_64-linux-gnu/libm.so;/usr/lib/x86_64-linux-gnu/openmpi/lib/libmpi.so;vtkIOEnSight;vtkIOExodus;vtkexoIIc;/usr/lib/x86_64-linux-gnu/libnetcdf_c++.so;/usr/lib/x86_64-linux-gnu/libnetcdf.so;vtkIOExport;vtkRenderingGL2PS;vtkRenderingContextOpenGL;/usr/lib/x86_64-linux-gnu/libgl2ps.so;vtkIOFFMPEG;vtkIOMovie;/usr/lib/x86_64-linux-gnu/libtheoraenc.so;/usr/lib/x86_64-linux-gnu/libtheoradec.so;/usr/lib/x86_64-linux-gnu/libogg.so;vtkIOGDAL;vtkIOGeoJSON;vtkIOImport;vtkIOInfovis;/usr/lib/x86_64-linux-gnu/libxml2.so;vtkIOLSDyna;vtkIOMINC;vtkIOMPIImage;vtkIOMPIParallel;vtkIOParallel;vtkIONetCDF;/usr/lib/x86_64-linux-gnu/libjsoncpp.so;vtkIOMySQL;vtkIOODBC;vtkIOPLY;vtkIOParallelExodus;vtkIOParallelLSDyna;vtkIOParallelNetCDF;vtkIOParallelXML;vtkIOPostgreSQL;vtkIOVPIC;VPIC;vtkIOVideo;vtkIOXdmf2;vtkxdmf2;vtkImagingMath;vtkImagingMorphological;vtkImagingStatistics;vtkImagingStencil;vtkInteractionImage;vtkLocalExample;vtkParallelMPI4Py;vtkPythonInterpreter;vtkRenderingExternal;vtkRenderingFreeTypeFontConfig;vtkRenderingImage;vtkRenderingLIC;vtkRenderingLOD;vtkRenderingMatplotlib;vtkRenderingParallel;vtkRenderingParallelLIC;vtkRenderingQt;vtkRenderingVolumeAMR;vtkRenderingVolumeOpenGL;vtkTestingGenericBridge;vtkTestingIOSQL;vtkTestingRendering;vtkViewsContext2D;vtkViewsGeovis;vtkWrappingJava;optimized;/usr/lib/x86_64-linux-gnu/libpcl_io.so;debug;/usr/lib/x86_64-linux-gnu/libpcl_io.so;optimized;/usr/lib/x86_64-linux-gnu/libflann_cpp_s.a;debug;/usr/lib/x86_64-linux-gnu/libflann_cpp_s.a;optimized;/usr/lib/x86_64-linux-gnu/libpcl_kdtree.so;debug;/usr/lib/x86_64-linux-gnu/libpcl_kdtree.so;optimized;/usr/lib/x86_64-linux-gnu/libpcl_search.so;debug;/usr/lib/x86_64-linux-gnu/libpcl_search.so;optimized;/usr/lib/x86_64-linux-gnu/libpcl_sample_consensus.so;debug;/usr/lib/x86_64-linux-gnu/libpcl_sample_consensus.so;optimized;/usr/lib/x86_64-linux-gnu/libpcl_filters.so;debug;/usr/lib/x86_64-linux-gnu/libpcl_filters.so;optimized;/usr/lib/x86_64-linux-gnu/libpcl_features.so;debug;/usr/lib/x86_64-linux-gnu/libpcl_features.so;optimized;/usr/lib/x86_64-linux-gnu/libpcl_ml.so;debug;/usr/lib/x86_64-linux-gnu/libpcl_ml.so;optimized;/usr/lib/x86_64-linux-gnu/libpcl_segmentation.so;debug;/usr/lib/x86_64-linux-gnu/libpcl_segmentation.so;optimized;/usr/lib/x86_64-linux-gnu/libpcl_visualization.so;debug;/usr/lib/x86_64-linux-gnu/libpcl_visualization.so;optimized;/usr/lib/x86_64-linux-gnu/libqhull.so;debug;/usr/lib/x86_64-linux-gnu/libqhull.so;optimized;/usr/lib/x86_64-linux-gnu/libpcl_surface.so;debug;/usr/lib/x86_64-linux-gnu/libpcl_surface.so;optimized;/usr/lib/x86_64-linux-gnu/libpcl_registration.so;debug;/usr/lib/x86_64-linux-gnu/libpcl_registration.so;optimized;/usr/lib/x86_64-linux-gnu/libpcl_keypoints.so;debug;/usr/lib/x86_64-linux-gnu/libpcl_keypoints.so;optimized;/usr/lib/x86_64-linux-gnu/libpcl_tracking.so;debug;/usr/lib/x86_64-linux-gnu/libpcl_tracking.so;optimized;/usr/lib/x86_64-linux-gnu/libpcl_recognition.so;debug;/usr/lib/x86_64-linux-gnu/libpcl_recognition.so;optimized;/usr/lib/x86_64-linux-gnu/libpcl_stereo.so;debug;/usr/lib/x86_64-linux-gnu/libpcl_stereo.so;optimized;/usr/lib/x86_64-linux-gnu/libpcl_apps.so;debug;/usr/lib/x86_64-linux-gnu/libpcl_apps.so;optimized;/usr/lib/x86_64-linux-gnu/libpcl_outofcore.so;debug;/usr/lib/x86_64-linux-gnu/libpcl_outofcore.so;optimized;/usr/lib/x86_64-linux-gnu/libpcl_people.so;debug;/usr/lib/x86_64-linux-gnu/libpcl_people.so;/usr/lib/x86_64-linux-gnu/libboost_system.so;/usr/lib/x86_64-linux-gnu/libboost_filesystem.so;/usr/lib/x86_64-linux-gnu/libboost_thread.so;/usr/lib/x86_64-linux-gnu/libboost_date_time.so;/usr/lib/x86_64-linux-gnu/libboost_iostreams.so;/usr/lib/x86_64-linux-gnu/libboost_serialization.so;/usr/lib/x86_64-linux-gnu/libboost_chrono.so;/usr/lib/x86_64-linux-gnu/libboost_atomic.so;/usr/lib/x86_64-linux-gnu/libboost_regex.so;/usr/lib/x86_64-linux-gnu/libpthread.so;optimized;/usr/lib/x86_64-linux-gnu/libqhull.so;debug;/usr/lib/x86_64-linux-gnu/libqhull.so;/usr/lib/libOpenNI.so;/usr/lib/libOpenNI2.so;optimized;/usr/lib/x86_64-linux-gnu/libflann_cpp_s.a;debug;/usr/lib/x86_64-linux-gnu/libflann_cpp_s.a;vtkChartsCore;vtkCommonColor;vtkCommonDataModel;vtkCommonMath;vtkCommonCore;vtksys;vtkCommonMisc;vtkCommonSystem;vtkCommonTransforms;vtkInfovisCore;vtkFiltersExtraction;vtkCommonExecutionModel;vtkFiltersCore;vtkFiltersGeneral;vtkCommonComputationalGeometry;vtkFiltersStatistics;vtkImagingFourier;vtkImagingCore;vtkalglib;vtkRenderingContext2D;vtkRenderingCore;vtkFiltersGeometry;vtkFiltersSources;vtkRenderingFreeType;/usr/lib/x86_64-linux-gnu/libfreetype.so;/usr/lib/x86_64-linux-gnu/libz.so;vtkftgl;vtkDICOMParser;vtkDomainsChemistry;vtkIOXML;vtkIOGeometry;vtkIOCore;vtkIOXMLParser;/usr/lib/x86_64-linux-gnu/libexpat.so;vtkFiltersAMR;vtkParallelCore;vtkIOLegacy;vtkFiltersFlowPaths;vtkFiltersGeneric;vtkFiltersHybrid;vtkImagingSources;vtkFiltersHyperTree;vtkFiltersImaging;vtkImagingGeneral;vtkFiltersModeling;vtkFiltersParallel;vtkFiltersParallelFlowPaths;vtkParallelMPI;vtkFiltersParallelGeometry;vtkFiltersParallelImaging;vtkFiltersParallelMPI;vtkFiltersParallelStatistics;vtkFiltersProgrammable;vtkFiltersPython;/usr/lib/x86_64-linux-gnu/libpython2.7.so;vtkWrappingPythonCore;vtkWrappingTools;vtkFiltersReebGraph;vtkFiltersSMP;vtkFiltersSelection;vtkFiltersTexture;vtkFiltersVerdict;verdict;vtkGUISupportQt;vtkInteractionStyle;vtkRenderingOpenGL;vtkImagingHybrid;vtkIOImage;vtkmetaio;/usr/lib/x86_64-linux-gnu/libjpeg.so;/usr/lib/x86_64-linux-gnu/libpng.so;/usr/lib/x86_64-linux-gnu/libtiff.so;vtkGUISupportQtOpenGL;vtkGUISupportQtSQL;vtkIOSQL;sqlite3;vtkGUISupportQtWebkit;vtkViewsQt;vtkViewsInfovis;vtkInfovisLayout;vtkInfovisBoostGraphAlgorithms;vtkRenderingLabel;vtkViewsCore;vtkInteractionWidgets;vtkRenderingAnnotation;vtkImagingColor;vtkRenderingVolume;vtkGeovisCore;/usr/lib/x86_64-linux-gnu/libproj.so;vtkIOAMR;/usr/lib/x86_64-linux-gnu/hdf5/openmpi/libhdf5.so;/usr/lib/x86_64-linux-gnu/libsz.so;/usr/lib/x86_64-linux-gnu/libdl.so;/usr/lib/x86_64-linux-gnu/libm.so;/usr/lib/x86_64-linux-gnu/openmpi/lib/libmpi.so;vtkIOEnSight;vtkIOExodus;vtkexoIIc;/usr/lib/x86_64-linux-gnu/libnetcdf_c++.so;/usr/lib/x86_64-linux-gnu/libnetcdf.so;vtkIOExport;vtkRenderingGL2PS;vtkRenderingContextOpenGL;/usr/lib/x86_64-linux-gnu/libgl2ps.so;vtkIOFFMPEG;vtkIOMovie;/usr/lib/x86_64-linux-gnu/libtheoraenc.so;/usr/lib/x86_64-linux-gnu/libtheoradec.so;/usr/lib/x86_64-linux-gnu/libogg.so;vtkIOGDAL;vtkIOGeoJSON;vtkIOImport;vtkIOInfovis;/usr/lib/x86_64-linux-gnu/libxml2.so;vtkIOLSDyna;vtkIOMINC;vtkIOMPIImage;vtkIOMPIParallel;vtkIOParallel;vtkIONetCDF;/usr/lib/x86_64-linux-gnu/libjsoncpp.so;vtkIOMySQL;vtkIOODBC;vtkIOPLY;vtkIOParallelExodus;vtkIOParallelLSDyna;vtkIOParallelNetCDF;vtkIOParallelXML;vtkIOPostgreSQL;vtkIOVPIC;VPIC;vtkIOVideo;vtkIOXdmf2;vtkxdmf2;vtkImagingMath;vtkImagingMorphological;vtkImagingStatistics;vtkImagingStencil;vtkInteractionImage;vtkLocalExample;vtkParallelMPI4Py;vtkPythonInterpreter;vtkRenderingExternal;vtkRenderingFreeTypeFontConfig;vtkRenderingImage;vtkRenderingLIC;vtkRenderingLOD;vtkRenderingMatplotlib;vtkRenderingParallel;vtkRenderingParallelLIC;vtkRenderingQt;vtkRenderingVolumeAMR;vtkRenderingVolumeOpenGL;vtkTestingGenericBridge;vtkTestingIOSQL;vtkTestingRendering;vtkViewsContext2D;vtkViewsGeovis;vtkWrappingJava  
[4.464s] -- Configuring done
[4.618s] -- Generating done
[4.638s] -- Build files have been written to: /home/autoware/Autoware/build/autoware_camera_lidar_calibrator
[4.654s] Invoked command in '/home/autoware/Autoware/build/autoware_camera_lidar_calibrator' returned '0': CMAKE_PREFIX_PATH=/home/autoware/Autoware/install/autoware_msgs:/home/autoware/Autoware/install/autoware_build_flags:${CMAKE_PREFIX_PATH} PKG_CONFIG_PATH=/home/autoware/Autoware/install/autoware_msgs/lib/x86_64-linux-gnu/pkgconfig:/home/autoware/Autoware/install/autoware_msgs/lib/pkgconfig:/home/autoware/Autoware/install/autoware_build_flags/lib/x86_64-linux-gnu/pkgconfig:/home/autoware/Autoware/install/autoware_build_flags/lib/pkgconfig:${PKG_CONFIG_PATH} PYTHONPATH=/home/autoware/Autoware/install/autoware_msgs/lib/python2.7/dist-packages:${PYTHONPATH} ROS_PACKAGE_PATH=/home/autoware/Autoware/install/autoware_msgs/share:/home/autoware/Autoware/install/autoware_build_flags/share:${ROS_PACKAGE_PATH} /usr/bin/cmake /home/autoware/Autoware/src/autoware/utilities/autoware_camera_lidar_calibrator -DCMAKE_BUILD_TYPE=Release -DCATKIN_INSTALL_INTO_PREFIX_ROOT=0 -DCMAKE_INSTALL_PREFIX=/home/autoware/Autoware/install/autoware_camera_lidar_calibrator
[4.655s] Invoking command in '/home/autoware/Autoware/build/autoware_camera_lidar_calibrator': CMAKE_PREFIX_PATH=/home/autoware/Autoware/install/autoware_msgs:/home/autoware/Autoware/install/autoware_build_flags:${CMAKE_PREFIX_PATH} PKG_CONFIG_PATH=/home/autoware/Autoware/install/autoware_msgs/lib/x86_64-linux-gnu/pkgconfig:/home/autoware/Autoware/install/autoware_msgs/lib/pkgconfig:/home/autoware/Autoware/install/autoware_build_flags/lib/x86_64-linux-gnu/pkgconfig:/home/autoware/Autoware/install/autoware_build_flags/lib/pkgconfig:${PKG_CONFIG_PATH} PYTHONPATH=/home/autoware/Autoware/install/autoware_msgs/lib/python2.7/dist-packages:${PYTHONPATH} ROS_PACKAGE_PATH=/home/autoware/Autoware/install/autoware_msgs/share:/home/autoware/Autoware/install/autoware_build_flags/share:${ROS_PACKAGE_PATH} /usr/bin/cmake --build /home/autoware/Autoware/build/autoware_camera_lidar_calibrator -- -j2 -l2
[4.717s] Scanning dependencies of target std_srvs_generate_messages_lisp
[4.729s] [  0%] Built target std_srvs_generate_messages_lisp
[4.743s] Scanning dependencies of target tf2_msgs_generate_messages_nodejs
[4.754s] [  0%] Built target tf2_msgs_generate_messages_nodejs
[4.767s] Scanning dependencies of target tf2_msgs_generate_messages_eus
[4.779s] [  0%] Built target tf2_msgs_generate_messages_eus
[4.792s] Scanning dependencies of target tf2_msgs_generate_messages_cpp
[4.804s] [  0%] Built target tf2_msgs_generate_messages_cpp
[4.817s] Scanning dependencies of target tf2_msgs_generate_messages_py
[4.829s] [  0%] Built target tf2_msgs_generate_messages_py
[4.841s] Scanning dependencies of target actionlib_generate_messages_py
[4.853s] [  0%] Built target actionlib_generate_messages_py
[4.866s] Scanning dependencies of target actionlib_generate_messages_cpp
[4.877s] [  0%] Built target actionlib_generate_messages_cpp
[4.891s] Scanning dependencies of target tf_generate_messages_nodejs
[4.903s] [  0%] Built target tf_generate_messages_nodejs
[4.916s] Scanning dependencies of target tf_generate_messages_lisp
[4.928s] [  0%] Built target tf_generate_messages_lisp
[4.940s] Scanning dependencies of target topic_tools_generate_messages_nodejs
[4.953s] [  0%] Built target topic_tools_generate_messages_nodejs
[4.966s] Scanning dependencies of target topic_tools_generate_messages_eus
[4.980s] [  0%] Built target topic_tools_generate_messages_eus
[4.996s] Scanning dependencies of target topic_tools_generate_messages_cpp
[5.008s] [  0%] Built target topic_tools_generate_messages_cpp
[5.021s] Scanning dependencies of target std_srvs_generate_messages_py
[5.033s] [  0%] Built target std_srvs_generate_messages_py
[5.046s] Scanning dependencies of target geometry_msgs_generate_messages_py
[5.059s] [  0%] Built target geometry_msgs_generate_messages_py
[5.072s] Scanning dependencies of target sensor_msgs_generate_messages_nodejs
[5.085s] [  0%] Built target sensor_msgs_generate_messages_nodejs
[5.098s] Scanning dependencies of target roscpp_generate_messages_cpp
[5.110s] [  0%] Built target roscpp_generate_messages_cpp
[5.122s] Scanning dependencies of target pcl_msgs_generate_messages_eus
[5.134s] [  0%] Built target pcl_msgs_generate_messages_eus
[5.147s] Scanning dependencies of target rosgraph_msgs_generate_messages_eus
[5.158s] [  0%] Built target rosgraph_msgs_generate_messages_eus
[5.172s] Scanning dependencies of target jsk_recognition_msgs_generate_messages_lisp
[5.184s] [  0%] Built target jsk_recognition_msgs_generate_messages_lisp
[5.197s] Scanning dependencies of target jsk_recognition_msgs_generate_messages_eus
[5.210s] [  0%] Built target jsk_recognition_msgs_generate_messages_eus
[5.223s] Scanning dependencies of target std_msgs_generate_messages_py
[5.235s] [  0%] Built target std_msgs_generate_messages_py
[5.247s] Scanning dependencies of target std_msgs_generate_messages_nodejs
[5.259s] [  0%] Built target std_msgs_generate_messages_nodejs
[5.272s] Scanning dependencies of target bond_generate_messages_lisp
[5.285s] [  0%] Built target bond_generate_messages_lisp
[5.298s] Scanning dependencies of target sensor_msgs_generate_messages_eus
[5.310s] [  0%] Built target sensor_msgs_generate_messages_eus
[5.322s] Scanning dependencies of target sensor_msgs_generate_messages_cpp
[5.333s] [  0%] Built target sensor_msgs_generate_messages_cpp
[5.344s] Scanning dependencies of target autoware_msgs_generate_messages_cpp
[5.356s] [  0%] Built target autoware_msgs_generate_messages_cpp
[5.370s] Scanning dependencies of target rosgraph_msgs_generate_messages_cpp
[5.384s] [  0%] Built target rosgraph_msgs_generate_messages_cpp
[5.398s] Scanning dependencies of target tf_generate_messages_py
[5.410s] [  0%] Built target tf_generate_messages_py
[5.423s] Scanning dependencies of target dynamic_reconfigure_generate_messages_cpp
[5.434s] [  0%] Built target dynamic_reconfigure_generate_messages_cpp
[5.447s] Scanning dependencies of target pcl_msgs_generate_messages_nodejs
[5.459s] [  0%] Built target pcl_msgs_generate_messages_nodejs
[5.472s] Scanning dependencies of target nodelet_generate_messages_nodejs
[5.486s] [  0%] Built target nodelet_generate_messages_nodejs
[5.500s] Scanning dependencies of target jsk_recognition_msgs_generate_messages_py
[5.515s] [  0%] Built target jsk_recognition_msgs_generate_messages_py
[5.527s] Scanning dependencies of target sensor_msgs_generate_messages_lisp
[5.539s] [  0%] Built target sensor_msgs_generate_messages_lisp
[5.550s] Scanning dependencies of target std_msgs_generate_messages_cpp
[5.561s] [  0%] Built target std_msgs_generate_messages_cpp
[5.572s] Scanning dependencies of target jsk_footstep_msgs_generate_messages_py
[5.583s] [  0%] Built target jsk_footstep_msgs_generate_messages_py
[5.594s] Scanning dependencies of target sensor_msgs_generate_messages_py
[5.606s] [  0%] Built target sensor_msgs_generate_messages_py
[5.620s] Scanning dependencies of target nodelet_generate_messages_py
[5.632s] [  0%] Built target nodelet_generate_messages_py
[5.645s] Scanning dependencies of target geometry_msgs_generate_messages_eus
[5.658s] [  0%] Built target geometry_msgs_generate_messages_eus
[5.670s] Scanning dependencies of target std_msgs_generate_messages_lisp
[5.682s] [  0%] Built target std_msgs_generate_messages_lisp
[5.694s] Scanning dependencies of target roscpp_generate_messages_nodejs
[5.706s] [  0%] Built target roscpp_generate_messages_nodejs
[5.717s] Scanning dependencies of target geometry_msgs_generate_messages_nodejs
[5.728s] [  0%] Built target geometry_msgs_generate_messages_nodejs
[5.738s] Scanning dependencies of target actionlib_generate_messages_eus
[5.749s] [  0%] Built target actionlib_generate_messages_eus
[5.761s] Scanning dependencies of target pcl_msgs_generate_messages_py
[5.772s] [  0%] Built target pcl_msgs_generate_messages_py
[5.785s] Scanning dependencies of target geometry_msgs_generate_messages_lisp
[5.796s] [  0%] Built target geometry_msgs_generate_messages_lisp
[5.808s] Scanning dependencies of target actionlib_generate_messages_lisp
[5.818s] [  0%] Built target actionlib_generate_messages_lisp
[5.829s] Scanning dependencies of target geometry_msgs_generate_messages_cpp
[5.841s] [  0%] Built target geometry_msgs_generate_messages_cpp
[5.853s] Scanning dependencies of target pcl_msgs_generate_messages_cpp
[5.865s] [  0%] Built target pcl_msgs_generate_messages_cpp
[5.876s] Scanning dependencies of target dynamic_reconfigure_generate_messages_lisp
[5.887s] [  0%] Built target dynamic_reconfigure_generate_messages_lisp
[5.897s] Scanning dependencies of target topic_tools_generate_messages_lisp
[5.908s] [  0%] Built target topic_tools_generate_messages_lisp
[5.920s] Scanning dependencies of target jsk_recognition_msgs_generate_messages_cpp
[5.932s] [  0%] Built target jsk_recognition_msgs_generate_messages_cpp
[5.944s] Scanning dependencies of target autoware_msgs_generate_messages_eus
[5.956s] [  0%] Built target autoware_msgs_generate_messages_eus
[5.969s] Scanning dependencies of target autoware_msgs_generate_messages_lisp
[5.980s] [  0%] Built target autoware_msgs_generate_messages_lisp
[5.993s] Scanning dependencies of target autoware_msgs_generate_messages_py
[6.005s] [  0%] Built target autoware_msgs_generate_messages_py
[6.020s] Scanning dependencies of target nodelet_generate_messages_lisp
[6.032s] [  0%] Built target nodelet_generate_messages_lisp
[6.044s] Scanning dependencies of target actionlib_generate_messages_nodejs
[6.056s] [  0%] Built target actionlib_generate_messages_nodejs
[6.069s] Scanning dependencies of target tf_generate_messages_cpp
[6.081s] [  0%] Built target tf_generate_messages_cpp
[6.094s] Scanning dependencies of target pcl_msgs_generate_messages_lisp
[6.105s] [  0%] Built target pcl_msgs_generate_messages_lisp
[6.118s] Scanning dependencies of target std_msgs_generate_messages_eus
[6.130s] [  0%] Built target std_msgs_generate_messages_eus
[6.149s] Scanning dependencies of target autoware_msgs_generate_messages_nodejs
[6.162s] [  0%] Built target autoware_msgs_generate_messages_nodejs
[6.176s] Scanning dependencies of target jsk_footstep_msgs_generate_messages_eus
[6.189s] [  0%] Built target jsk_footstep_msgs_generate_messages_eus
[6.202s] Scanning dependencies of target actionlib_msgs_generate_messages_py
[6.214s] [  0%] Built target actionlib_msgs_generate_messages_py
[6.227s] Scanning dependencies of target jsk_footstep_msgs_generate_messages_lisp
[6.239s] [  0%] Built target jsk_footstep_msgs_generate_messages_lisp
[6.252s] Scanning dependencies of target jsk_footstep_msgs_generate_messages_nodejs
[6.265s] [  0%] Built target jsk_footstep_msgs_generate_messages_nodejs
[6.278s] Scanning dependencies of target tf_generate_messages_eus
[6.290s] [  0%] Built target tf_generate_messages_eus
[6.301s] Scanning dependencies of target jsk_footstep_msgs_generate_messages_cpp
[6.314s] [  0%] Built target jsk_footstep_msgs_generate_messages_cpp
[6.325s] Scanning dependencies of target actionlib_msgs_generate_messages_cpp
[6.337s] [  0%] Built target actionlib_msgs_generate_messages_cpp
[6.349s] Scanning dependencies of target std_srvs_generate_messages_cpp
[6.369s] [  0%] Built target std_srvs_generate_messages_cpp
[6.381s] Scanning dependencies of target actionlib_msgs_generate_messages_lisp
[6.392s] [  0%] Built target actionlib_msgs_generate_messages_lisp
[6.404s] Scanning dependencies of target jsk_recognition_msgs_generate_messages_nodejs
[6.416s] [  0%] Built target jsk_recognition_msgs_generate_messages_nodejs
[6.427s] Scanning dependencies of target std_srvs_generate_messages_eus
[6.439s] [  0%] Built target std_srvs_generate_messages_eus
[6.451s] Scanning dependencies of target roscpp_generate_messages_lisp
[6.463s] [  0%] Built target roscpp_generate_messages_lisp
[6.474s] Scanning dependencies of target bond_generate_messages_eus
[6.488s] [  0%] Built target bond_generate_messages_eus
[6.500s] Scanning dependencies of target roscpp_generate_messages_py
[6.514s] [  0%] Built target roscpp_generate_messages_py
[6.526s] Scanning dependencies of target rosgraph_msgs_generate_messages_lisp
[6.536s] [  0%] Built target rosgraph_msgs_generate_messages_lisp
[6.548s] Scanning dependencies of target rosgraph_msgs_generate_messages_nodejs
[6.560s] [  0%] Built target rosgraph_msgs_generate_messages_nodejs
[6.573s] Scanning dependencies of target roscpp_generate_messages_eus
[6.583s] [  0%] Built target roscpp_generate_messages_eus
[6.596s] Scanning dependencies of target actionlib_msgs_generate_messages_eus
[6.607s] [  0%] Built target actionlib_msgs_generate_messages_eus
[6.620s] Scanning dependencies of target rosgraph_msgs_generate_messages_py
[6.632s] [  0%] Built target rosgraph_msgs_generate_messages_py
[6.644s] Scanning dependencies of target pcl_ros_gencfg
[6.656s] [  0%] Built target pcl_ros_gencfg
[6.668s] Scanning dependencies of target dynamic_reconfigure_generate_messages_eus
[6.679s] [  0%] Built target dynamic_reconfigure_generate_messages_eus
[6.692s] Scanning dependencies of target dynamic_reconfigure_generate_messages_nodejs
[6.705s] [  0%] Built target dynamic_reconfigure_generate_messages_nodejs
[6.718s] Scanning dependencies of target dynamic_reconfigure_generate_messages_py
[6.731s] [  0%] Built target dynamic_reconfigure_generate_messages_py
[6.744s] Scanning dependencies of target tf2_msgs_generate_messages_lisp
[6.755s] [  0%] Built target tf2_msgs_generate_messages_lisp
[6.767s] Scanning dependencies of target dynamic_reconfigure_gencfg
[6.779s] [  0%] Built target dynamic_reconfigure_gencfg
[6.793s] Scanning dependencies of target nodelet_generate_messages_cpp
[6.807s] [  0%] Built target nodelet_generate_messages_cpp
[6.821s] Scanning dependencies of target bond_generate_messages_py
[6.835s] [  0%] Built target bond_generate_messages_py
[6.849s] Scanning dependencies of target std_srvs_generate_messages_nodejs
[6.861s] [  0%] Built target std_srvs_generate_messages_nodejs
[6.875s] Scanning dependencies of target nodelet_generate_messages_eus
[6.888s] [  0%] Built target nodelet_generate_messages_eus
[6.903s] Scanning dependencies of target bond_generate_messages_cpp
[6.915s] [  0%] Built target bond_generate_messages_cpp
[6.926s] Scanning dependencies of target bond_generate_messages_nodejs
[6.939s] [  0%] Built target bond_generate_messages_nodejs
[6.953s] Scanning dependencies of target topic_tools_generate_messages_py
[6.966s] [  0%] Built target topic_tools_generate_messages_py
[6.979s] Scanning dependencies of target actionlib_msgs_generate_messages_nodejs
[6.993s] [  0%] Built target actionlib_msgs_generate_messages_nodejs
[7.007s] Scanning dependencies of target nodelet_topic_tools_gencfg
[7.019s] [  0%] Built target nodelet_topic_tools_gencfg
[7.034s] Scanning dependencies of target _catkin_empty_exported_target
[7.047s] [  0%] Built target _catkin_empty_exported_target
[7.128s] Scanning dependencies of target autoware_camera_lidar_calibration_node
[7.164s] [ 50%] Building CXX object CMakeFiles/autoware_camera_lidar_calibration_node.dir/src/autoware_camera_lidar_calibration/camera_lidar_calibration_node.cpp.o
[16.907s] [100%] Linking CXX executable devel/lib/autoware_camera_lidar_calibrator/autoware_camera_lidar_calibration_node
[18.339s] [100%] Built target autoware_camera_lidar_calibration_node
[18.357s] Invoked command in '/home/autoware/Autoware/build/autoware_camera_lidar_calibrator' returned '0': CMAKE_PREFIX_PATH=/home/autoware/Autoware/install/autoware_msgs:/home/autoware/Autoware/install/autoware_build_flags:${CMAKE_PREFIX_PATH} PKG_CONFIG_PATH=/home/autoware/Autoware/install/autoware_msgs/lib/x86_64-linux-gnu/pkgconfig:/home/autoware/Autoware/install/autoware_msgs/lib/pkgconfig:/home/autoware/Autoware/install/autoware_build_flags/lib/x86_64-linux-gnu/pkgconfig:/home/autoware/Autoware/install/autoware_build_flags/lib/pkgconfig:${PKG_CONFIG_PATH} PYTHONPATH=/home/autoware/Autoware/install/autoware_msgs/lib/python2.7/dist-packages:${PYTHONPATH} ROS_PACKAGE_PATH=/home/autoware/Autoware/install/autoware_msgs/share:/home/autoware/Autoware/install/autoware_build_flags/share:${ROS_PACKAGE_PATH} /usr/bin/cmake --build /home/autoware/Autoware/build/autoware_camera_lidar_calibrator -- -j2 -l2
[18.499s] Invoking command in '/home/autoware/Autoware/build/autoware_camera_lidar_calibrator': CMAKE_PREFIX_PATH=/home/autoware/Autoware/install/autoware_msgs:/home/autoware/Autoware/install/autoware_build_flags:${CMAKE_PREFIX_PATH} PKG_CONFIG_PATH=/home/autoware/Autoware/install/autoware_msgs/lib/x86_64-linux-gnu/pkgconfig:/home/autoware/Autoware/install/autoware_msgs/lib/pkgconfig:/home/autoware/Autoware/install/autoware_build_flags/lib/x86_64-linux-gnu/pkgconfig:/home/autoware/Autoware/install/autoware_build_flags/lib/pkgconfig:${PKG_CONFIG_PATH} PYTHONPATH=/home/autoware/Autoware/install/autoware_msgs/lib/python2.7/dist-packages:${PYTHONPATH} ROS_PACKAGE_PATH=/home/autoware/Autoware/install/autoware_msgs/share:/home/autoware/Autoware/install/autoware_build_flags/share:${ROS_PACKAGE_PATH} /usr/bin/cmake --build /home/autoware/Autoware/build/autoware_camera_lidar_calibrator --target tests -- -j2 -l2
[18.576s] Scanning dependencies of target tests
[18.588s] Built target tests
[18.603s] Invoked command in '/home/autoware/Autoware/build/autoware_camera_lidar_calibrator' returned '0': CMAKE_PREFIX_PATH=/home/autoware/Autoware/install/autoware_msgs:/home/autoware/Autoware/install/autoware_build_flags:${CMAKE_PREFIX_PATH} PKG_CONFIG_PATH=/home/autoware/Autoware/install/autoware_msgs/lib/x86_64-linux-gnu/pkgconfig:/home/autoware/Autoware/install/autoware_msgs/lib/pkgconfig:/home/autoware/Autoware/install/autoware_build_flags/lib/x86_64-linux-gnu/pkgconfig:/home/autoware/Autoware/install/autoware_build_flags/lib/pkgconfig:${PKG_CONFIG_PATH} PYTHONPATH=/home/autoware/Autoware/install/autoware_msgs/lib/python2.7/dist-packages:${PYTHONPATH} ROS_PACKAGE_PATH=/home/autoware/Autoware/install/autoware_msgs/share:/home/autoware/Autoware/install/autoware_build_flags/share:${ROS_PACKAGE_PATH} /usr/bin/cmake --build /home/autoware/Autoware/build/autoware_camera_lidar_calibrator --target tests -- -j2 -l2
[18.742s] Invoking command in '/home/autoware/Autoware/build/autoware_camera_lidar_calibrator': CMAKE_PREFIX_PATH=/home/autoware/Autoware/install/autoware_msgs:/home/autoware/Autoware/install/autoware_build_flags:${CMAKE_PREFIX_PATH} PKG_CONFIG_PATH=/home/autoware/Autoware/install/autoware_msgs/lib/x86_64-linux-gnu/pkgconfig:/home/autoware/Autoware/install/autoware_msgs/lib/pkgconfig:/home/autoware/Autoware/install/autoware_build_flags/lib/x86_64-linux-gnu/pkgconfig:/home/autoware/Autoware/install/autoware_build_flags/lib/pkgconfig:${PKG_CONFIG_PATH} PYTHONPATH=/home/autoware/Autoware/install/autoware_msgs/lib/python2.7/dist-packages:${PYTHONPATH} ROS_PACKAGE_PATH=/home/autoware/Autoware/install/autoware_msgs/share:/home/autoware/Autoware/install/autoware_build_flags/share:${ROS_PACKAGE_PATH} /usr/bin/cmake --build /home/autoware/Autoware/build/autoware_camera_lidar_calibrator --target install -- -j2 -l2
[18.812s] [  0%] Built target std_srvs_generate_messages_lisp
[18.833s] [  0%] Built target tf2_msgs_generate_messages_nodejs
[18.856s] [  0%] Built target tf2_msgs_generate_messages_eus
[18.878s] [  0%] Built target tf2_msgs_generate_messages_cpp
[18.900s] [  0%] Built target tf2_msgs_generate_messages_py
[18.924s] [  0%] Built target actionlib_generate_messages_py
[18.947s] [  0%] Built target actionlib_generate_messages_cpp
[18.969s] [  0%] Built target tf_generate_messages_nodejs
[18.990s] [  0%] Built target tf_generate_messages_lisp
[19.011s] [  0%] Built target topic_tools_generate_messages_nodejs
[19.033s] [  0%] Built target topic_tools_generate_messages_eus
[19.054s] [  0%] Built target topic_tools_generate_messages_cpp
[19.076s] [  0%] Built target std_srvs_generate_messages_py
[19.098s] [  0%] Built target geometry_msgs_generate_messages_py
[19.120s] [  0%] Built target sensor_msgs_generate_messages_nodejs
[19.141s] [  0%] Built target roscpp_generate_messages_cpp
[19.162s] [  0%] Built target pcl_msgs_generate_messages_eus
[19.183s] [  0%] Built target rosgraph_msgs_generate_messages_eus
[19.207s] [  0%] Built target jsk_recognition_msgs_generate_messages_lisp
[19.232s] [  0%] Built target jsk_recognition_msgs_generate_messages_eus
[19.256s] [  0%] Built target std_msgs_generate_messages_py
[19.279s] [  0%] Built target std_msgs_generate_messages_nodejs
[19.302s] [  0%] Built target bond_generate_messages_lisp
[19.326s] [  0%] Built target sensor_msgs_generate_messages_eus
[19.351s] [  0%] Built target sensor_msgs_generate_messages_cpp
[19.375s] [  0%] Built target autoware_msgs_generate_messages_cpp
[19.402s] [  0%] Built target rosgraph_msgs_generate_messages_cpp
[19.428s] [  0%] Built target tf_generate_messages_py
[19.451s] [  0%] Built target dynamic_reconfigure_generate_messages_cpp
[19.473s] [  0%] Built target pcl_msgs_generate_messages_nodejs
[19.494s] [  0%] Built target nodelet_generate_messages_nodejs
[19.516s] [  0%] Built target jsk_recognition_msgs_generate_messages_py
[19.537s] [  0%] Built target sensor_msgs_generate_messages_lisp
[19.559s] [  0%] Built target std_msgs_generate_messages_cpp
[19.581s] [  0%] Built target jsk_footstep_msgs_generate_messages_py
[19.604s] [  0%] Built target sensor_msgs_generate_messages_py
[19.625s] [  0%] Built target nodelet_generate_messages_py
[19.648s] [  0%] Built target geometry_msgs_generate_messages_eus
[19.670s] [  0%] Built target std_msgs_generate_messages_lisp
[19.692s] [  0%] Built target roscpp_generate_messages_nodejs
[19.717s] [  0%] Built target geometry_msgs_generate_messages_nodejs
[19.748s] [  0%] Built target actionlib_generate_messages_eus
[19.774s] [  0%] Built target pcl_msgs_generate_messages_py
[19.796s] [  0%] Built target geometry_msgs_generate_messages_lisp
[19.820s] [  0%] Built target actionlib_generate_messages_lisp
[19.843s] [  0%] Built target geometry_msgs_generate_messages_cpp
[19.864s] [  0%] Built target pcl_msgs_generate_messages_cpp
[19.887s] [  0%] Built target dynamic_reconfigure_generate_messages_lisp
[19.910s] [  0%] Built target topic_tools_generate_messages_lisp
[19.931s] [  0%] Built target jsk_recognition_msgs_generate_messages_cpp
[19.953s] [  0%] Built target autoware_msgs_generate_messages_eus
[19.974s] [  0%] Built target autoware_msgs_generate_messages_lisp
[19.996s] [  0%] Built target autoware_msgs_generate_messages_py
[20.025s] [  0%] Built target nodelet_generate_messages_lisp
[20.046s] [  0%] Built target actionlib_generate_messages_nodejs
[20.067s] [  0%] Built target tf_generate_messages_cpp
[20.089s] [  0%] Built target pcl_msgs_generate_messages_lisp
[20.112s] [  0%] Built target std_msgs_generate_messages_eus
[20.135s] [  0%] Built target autoware_msgs_generate_messages_nodejs
[20.158s] [  0%] Built target jsk_footstep_msgs_generate_messages_eus
[20.180s] [  0%] Built target actionlib_msgs_generate_messages_py
[20.201s] [  0%] Built target jsk_footstep_msgs_generate_messages_lisp
[20.223s] [  0%] Built target jsk_footstep_msgs_generate_messages_nodejs
[20.248s] [  0%] Built target tf_generate_messages_eus
[20.273s] [  0%] Built target jsk_footstep_msgs_generate_messages_cpp
[20.295s] [  0%] Built target actionlib_msgs_generate_messages_cpp
[20.316s] [  0%] Built target std_srvs_generate_messages_cpp
[20.339s] [  0%] Built target actionlib_msgs_generate_messages_lisp
[20.360s] [  0%] Built target jsk_recognition_msgs_generate_messages_nodejs
[20.382s] [  0%] Built target std_srvs_generate_messages_eus
[20.404s] [  0%] Built target roscpp_generate_messages_lisp
[20.425s] [  0%] Built target bond_generate_messages_eus
[20.447s] [  0%] Built target roscpp_generate_messages_py
[20.469s] [  0%] Built target rosgraph_msgs_generate_messages_lisp
[20.492s] [  0%] Built target rosgraph_msgs_generate_messages_nodejs
[20.514s] [  0%] Built target roscpp_generate_messages_eus
[20.537s] [  0%] Built target actionlib_msgs_generate_messages_eus
[20.559s] [  0%] Built target rosgraph_msgs_generate_messages_py
[20.581s] [  0%] Built target pcl_ros_gencfg
[20.602s] [  0%] Built target dynamic_reconfigure_generate_messages_eus
[20.624s] [  0%] Built target dynamic_reconfigure_generate_messages_nodejs
[20.645s] [  0%] Built target dynamic_reconfigure_generate_messages_py
[20.671s] [  0%] Built target tf2_msgs_generate_messages_lisp
[20.695s] [  0%] Built target dynamic_reconfigure_gencfg
[20.719s] [  0%] Built target nodelet_generate_messages_cpp
[20.745s] [  0%] Built target bond_generate_messages_py
[20.770s] [  0%] Built target std_srvs_generate_messages_nodejs
[20.793s] [  0%] Built target nodelet_generate_messages_eus
[20.817s] [  0%] Built target bond_generate_messages_cpp
[20.840s] [  0%] Built target bond_generate_messages_nodejs
[20.863s] [  0%] Built target topic_tools_generate_messages_py
[20.892s] [  0%] Built target actionlib_msgs_generate_messages_nodejs
[20.917s] [  0%] Built target nodelet_topic_tools_gencfg
[20.939s] [  0%] Built target _catkin_empty_exported_target
[20.986s] [100%] Built target autoware_camera_lidar_calibration_node
[21.010s] Install the project...
[21.019s] -- Install configuration: "Release"
[21.020s] -- Installing: /home/autoware/Autoware/install/autoware_camera_lidar_calibrator/lib/pkgconfig/autoware_camera_lidar_calibrator.pc
[21.020s] -- Installing: /home/autoware/Autoware/install/autoware_camera_lidar_calibrator/share/autoware_camera_lidar_calibrator/cmake/autoware_camera_lidar_calibratorConfig.cmake
[21.021s] -- Installing: /home/autoware/Autoware/install/autoware_camera_lidar_calibrator/share/autoware_camera_lidar_calibrator/cmake/autoware_camera_lidar_calibratorConfig-version.cmake
[21.021s] -- Installing: /home/autoware/Autoware/install/autoware_camera_lidar_calibrator/share/autoware_camera_lidar_calibrator/package.xml
[21.023s] + cd /home/autoware/Autoware/src/autoware/utilities/autoware_camera_lidar_calibrator
[21.023s] + mkdir -p /home/autoware/Autoware/install/autoware_camera_lidar_calibrator/lib/python2.7/dist-packages
[21.025s] + /usr/bin/env PYTHONPATH=/home/autoware/Autoware/install/autoware_camera_lidar_calibrator/lib/python2.7/dist-packages:/home/autoware/Autoware/build/autoware_camera_lidar_calibrator/lib/python2.7/dist-packages:/home/autoware/Autoware/install/autoware_msgs/lib/python2.7/dist-packages:/opt/ros/melodic/lib/python2.7/dist-packages CATKIN_BINARY_DIR=/home/autoware/Autoware/build/autoware_camera_lidar_calibrator /usr/bin/python2 /home/autoware/Autoware/src/autoware/utilities/autoware_camera_lidar_calibrator/setup.py build --build-base /home/autoware/Autoware/build/autoware_camera_lidar_calibrator install --root=/ --install-layout=deb --prefix=/home/autoware/Autoware/install/autoware_camera_lidar_calibrator --install-scripts=/home/autoware/Autoware/install/autoware_camera_lidar_calibrator/bin
[21.071s] running build
[21.071s] running build_py
[21.072s] creating /home/autoware/Autoware/build/autoware_camera_lidar_calibrator/lib.linux-x86_64-2.7
[21.073s] creating /home/autoware/Autoware/build/autoware_camera_lidar_calibrator/lib.linux-x86_64-2.7/autoware_camera_calibration
[21.073s] copying src/autoware_camera_calibration/calibrator.py -> /home/autoware/Autoware/build/autoware_camera_lidar_calibrator/lib.linux-x86_64-2.7/autoware_camera_calibration
[21.258s] copying src/autoware_camera_calibration/camera_checker.py -> /home/autoware/Autoware/build/autoware_camera_lidar_calibrator/lib.linux-x86_64-2.7/autoware_camera_calibration
[21.352s] copying src/autoware_camera_calibration/camera_calibrator.py -> /home/autoware/Autoware/build/autoware_camera_lidar_calibrator/lib.linux-x86_64-2.7/autoware_camera_calibration
[21.400s] copying src/autoware_camera_calibration/__init__.py -> /home/autoware/Autoware/build/autoware_camera_lidar_calibrator/lib.linux-x86_64-2.7/autoware_camera_calibration
[21.401s] running install
[21.402s] running install_lib
[21.402s] creating /home/autoware/Autoware/install/autoware_camera_lidar_calibrator/lib/python2.7/dist-packages/autoware_camera_calibration
[21.403s] copying /home/autoware/Autoware/build/autoware_camera_lidar_calibrator/lib.linux-x86_64-2.7/autoware_camera_calibration/calibrator.py -> /home/autoware/Autoware/install/autoware_camera_lidar_calibrator/lib/python2.7/dist-packages/autoware_camera_calibration
[21.403s] copying /home/autoware/Autoware/build/autoware_camera_lidar_calibrator/lib.linux-x86_64-2.7/autoware_camera_calibration/camera_checker.py -> /home/autoware/Autoware/install/autoware_camera_lidar_calibrator/lib/python2.7/dist-packages/autoware_camera_calibration
[21.404s] copying /home/autoware/Autoware/build/autoware_camera_lidar_calibrator/lib.linux-x86_64-2.7/autoware_camera_calibration/camera_calibrator.py -> /home/autoware/Autoware/install/autoware_camera_lidar_calibrator/lib/python2.7/dist-packages/autoware_camera_calibration
[21.404s] copying /home/autoware/Autoware/build/autoware_camera_lidar_calibrator/lib.linux-x86_64-2.7/autoware_camera_calibration/__init__.py -> /home/autoware/Autoware/install/autoware_camera_lidar_calibrator/lib/python2.7/dist-packages/autoware_camera_calibration
[21.405s] byte-compiling /home/autoware/Autoware/install/autoware_camera_lidar_calibrator/lib/python2.7/dist-packages/autoware_camera_calibration/calibrator.py to calibrator.pyc
[21.416s] byte-compiling /home/autoware/Autoware/install/autoware_camera_lidar_calibrator/lib/python2.7/dist-packages/autoware_camera_calibration/camera_checker.py to camera_checker.pyc
[21.417s] byte-compiling /home/autoware/Autoware/install/autoware_camera_lidar_calibrator/lib/python2.7/dist-packages/autoware_camera_calibration/camera_calibrator.py to camera_calibrator.pyc
[21.420s] byte-compiling /home/autoware/Autoware/install/autoware_camera_lidar_calibrator/lib/python2.7/dist-packages/autoware_camera_calibration/__init__.py to __init__.pyc
[21.420s] running install_egg_info
[21.421s] Writing /home/autoware/Autoware/install/autoware_camera_lidar_calibrator/lib/python2.7/dist-packages/autoware_camera_lidar_calibrator-1.12.0.egg-info
[21.429s] -- Installing: /home/autoware/Autoware/install/autoware_camera_lidar_calibrator/lib/autoware_camera_lidar_calibrator/cameracalibrator.py
[21.429s] -- Installing: /home/autoware/Autoware/install/autoware_camera_lidar_calibrator/lib/autoware_camera_lidar_calibrator/cameracheck.py
[21.429s] -- Installing: /home/autoware/Autoware/install/autoware_camera_lidar_calibrator/lib/autoware_camera_lidar_calibrator/tarfile_calibration.py
[21.429s] -- Installing: /home/autoware/Autoware/install/autoware_camera_lidar_calibrator/lib/autoware_camera_lidar_calibrator/autoware_camera_lidar_calibration_node
[21.432s] -- Set runtime path of "/home/autoware/Autoware/install/autoware_camera_lidar_calibrator/lib/autoware_camera_lidar_calibrator/autoware_camera_lidar_calibration_node" to ""
[21.432s] -- Installing: /home/autoware/Autoware/install/autoware_camera_lidar_calibrator/share/autoware_camera_lidar_calibrator/launch
[21.433s] -- Installing: /home/autoware/Autoware/install/autoware_camera_lidar_calibrator/share/autoware_camera_lidar_calibrator/launch/camera_lidar_calibration.launch
[21.433s] -- Installing: /home/autoware/Autoware/install/autoware_camera_lidar_calibrator/share/autoware_camera_lidar_calibrator/docs
[21.434s] -- Installing: /home/autoware/Autoware/install/autoware_camera_lidar_calibrator/share/autoware_camera_lidar_calibrator/docs/camera_lidar_calibration.jpg
[21.436s] -- Installing: /home/autoware/Autoware/install/autoware_camera_lidar_calibrator/share/autoware_camera_lidar_calibrator/docs/camera_calibration.jpg
[21.437s] -- Installing: /home/autoware/Autoware/install/autoware_camera_lidar_calibrator/share/autoware_camera_lidar_calibrator/docs/autoware_logo.jpg
[21.449s] Invoked command in '/home/autoware/Autoware/build/autoware_camera_lidar_calibrator' returned '0': CMAKE_PREFIX_PATH=/home/autoware/Autoware/install/autoware_msgs:/home/autoware/Autoware/install/autoware_build_flags:${CMAKE_PREFIX_PATH} PKG_CONFIG_PATH=/home/autoware/Autoware/install/autoware_msgs/lib/x86_64-linux-gnu/pkgconfig:/home/autoware/Autoware/install/autoware_msgs/lib/pkgconfig:/home/autoware/Autoware/install/autoware_build_flags/lib/x86_64-linux-gnu/pkgconfig:/home/autoware/Autoware/install/autoware_build_flags/lib/pkgconfig:${PKG_CONFIG_PATH} PYTHONPATH=/home/autoware/Autoware/install/autoware_msgs/lib/python2.7/dist-packages:${PYTHONPATH} ROS_PACKAGE_PATH=/home/autoware/Autoware/install/autoware_msgs/share:/home/autoware/Autoware/install/autoware_build_flags/share:${ROS_PACKAGE_PATH} /usr/bin/cmake --build /home/autoware/Autoware/build/autoware_camera_lidar_calibrator --target install -- -j2 -l2
