[0.013s] Invoking command in '/home/autoware/Autoware/build/autoware_launcher_rviz': CMAKE_PREFIX_PATH=/home/autoware/Autoware/install/autoware_build_flags:${CMAKE_PREFIX_PATH} PKG_CONFIG_PATH=/home/autoware/Autoware/install/autoware_build_flags/lib/x86_64-linux-gnu/pkgconfig:/home/autoware/Autoware/install/autoware_build_flags/lib/pkgconfig:${PKG_CONFIG_PATH} ROS_PACKAGE_PATH=/home/autoware/Autoware/install/autoware_build_flags/share:${ROS_PACKAGE_PATH} /usr/bin/cmake /home/autoware/Autoware/src/autoware/utilities/autoware_launcher_rviz -DCMAKE_BUILD_TYPE=Release -DCATKIN_INSTALL_INTO_PREFIX_ROOT=0 -DCMAKE_INSTALL_PREFIX=/home/autoware/Autoware/install/autoware_launcher_rviz
[0.146s] -- The C compiler identification is GNU 7.5.0
[0.216s] -- The CXX compiler identification is GNU 7.5.0
[0.221s] -- Check for working C compiler: /usr/bin/cc
[0.304s] -- Check for working C compiler: /usr/bin/cc -- works
[0.304s] -- Detecting C compiler ABI info
[0.388s] -- Detecting C compiler ABI info - done
[0.394s] -- Detecting C compile features
[0.636s] -- Detecting C compile features - done
[0.636s] -- Check for working CXX compiler: /usr/bin/c++
[0.727s] -- Check for working CXX compiler: /usr/bin/c++ -- works
[0.727s] -- Detecting CXX compiler ABI info
[0.806s] -- Detecting CXX compiler ABI info - done
[0.813s] -- Detecting CXX compile features
[1.263s] -- Detecting CXX compile features - done
[1.266s] -- Using CATKIN_DEVEL_PREFIX: /home/autoware/Autoware/build/autoware_launcher_rviz/devel
[1.266s] -- Using CMAKE_PREFIX_PATH: /home/autoware/Autoware/install/autoware_build_flags;/opt/ros/melodic
[1.266s] -- This workspace overlays: /home/autoware/Autoware/install/autoware_build_flags;/opt/ros/melodic
[1.283s] -- Found PythonInterp: /usr/bin/python2 (found suitable version "2.7.17", minimum required is "2") 
[1.283s] -- Using PYTHON_EXECUTABLE: /usr/bin/python2
[1.283s] -- Using Debian Python package layout
[1.283s] -- Using empy: /usr/bin/empy
[1.433s] -- Using CATKIN_ENABLE_TESTING: ON
[1.433s] -- Call enable_testing()
[1.440s] -- Using CATKIN_TEST_RESULTS_DIR: /home/autoware/Autoware/build/autoware_launcher_rviz/test_results
[1.460s] -- Found gtest sources under '/usr/src/googletest': gtests will be built
[1.460s] -- Found gmock sources under '/usr/src/googletest': gmock will be built
[1.479s] -- Found PythonInterp: /usr/bin/python2 (found version "2.7.17") 
[1.479s] -- Looking for pthread.h
[1.564s] -- Looking for pthread.h - found
[1.564s] -- Looking for pthread_create
[1.648s] -- Looking for pthread_create - not found
[1.648s] -- Looking for pthread_create in pthreads
[1.708s] -- Looking for pthread_create in pthreads - not found
[1.708s] -- Looking for pthread_create in pthread
[1.792s] -- Looking for pthread_create in pthread - found
[1.792s] -- Found Threads: TRUE  
[1.792s] -- Using Python nosetests: /usr/bin/nosetests-2.7
[1.832s] -- catkin 0.7.26
[1.833s] -- BUILD_SHARED_LIBS is on
[2.087s] -- Using these message generators: gencpp;geneus;genlisp;gennodejs;genpy
[2.265s] -- CUDA compilation status: ON.
[2.505s] -- Configuring done
[2.557s] -- Generating done
[2.569s] -- Build files have been written to: /home/autoware/Autoware/build/autoware_launcher_rviz
[2.579s] Invoked command in '/home/autoware/Autoware/build/autoware_launcher_rviz' returned '0': CMAKE_PREFIX_PATH=/home/autoware/Autoware/install/autoware_build_flags:${CMAKE_PREFIX_PATH} PKG_CONFIG_PATH=/home/autoware/Autoware/install/autoware_build_flags/lib/x86_64-linux-gnu/pkgconfig:/home/autoware/Autoware/install/autoware_build_flags/lib/pkgconfig:${PKG_CONFIG_PATH} ROS_PACKAGE_PATH=/home/autoware/Autoware/install/autoware_build_flags/share:${ROS_PACKAGE_PATH} /usr/bin/cmake /home/autoware/Autoware/src/autoware/utilities/autoware_launcher_rviz -DCMAKE_BUILD_TYPE=Release -DCATKIN_INSTALL_INTO_PREFIX_ROOT=0 -DCMAKE_INSTALL_PREFIX=/home/autoware/Autoware/install/autoware_launcher_rviz
[2.580s] Invoking command in '/home/autoware/Autoware/build/autoware_launcher_rviz': CMAKE_PREFIX_PATH=/home/autoware/Autoware/install/autoware_build_flags:${CMAKE_PREFIX_PATH} PKG_CONFIG_PATH=/home/autoware/Autoware/install/autoware_build_flags/lib/x86_64-linux-gnu/pkgconfig:/home/autoware/Autoware/install/autoware_build_flags/lib/pkgconfig:${PKG_CONFIG_PATH} ROS_PACKAGE_PATH=/home/autoware/Autoware/install/autoware_build_flags/share:${ROS_PACKAGE_PATH} /usr/bin/cmake --build /home/autoware/Autoware/build/autoware_launcher_rviz -- -j2 -l2
[2.631s] [ 25%] Generating src/moc_module_panel.cpp
[2.675s] Scanning dependencies of target autoware_launcher_rviz
[2.697s] [ 50%] Building CXX object CMakeFiles/autoware_launcher_rviz.dir/src/moc_module_panel.cpp.o
[3.719s] [ 75%] Building CXX object CMakeFiles/autoware_launcher_rviz.dir/src/module_panel.cpp.o
[5.888s] [100%] Linking CXX shared library devel/lib/libautoware_launcher_rviz.so
[6.243s] [100%] Built target autoware_launcher_rviz
[6.255s] Invoked command in '/home/autoware/Autoware/build/autoware_launcher_rviz' returned '0': CMAKE_PREFIX_PATH=/home/autoware/Autoware/install/autoware_build_flags:${CMAKE_PREFIX_PATH} PKG_CONFIG_PATH=/home/autoware/Autoware/install/autoware_build_flags/lib/x86_64-linux-gnu/pkgconfig:/home/autoware/Autoware/install/autoware_build_flags/lib/pkgconfig:${PKG_CONFIG_PATH} ROS_PACKAGE_PATH=/home/autoware/Autoware/install/autoware_build_flags/share:${ROS_PACKAGE_PATH} /usr/bin/cmake --build /home/autoware/Autoware/build/autoware_launcher_rviz -- -j2 -l2
[6.368s] Invoking command in '/home/autoware/Autoware/build/autoware_launcher_rviz': CMAKE_PREFIX_PATH=/home/autoware/Autoware/install/autoware_build_flags:${CMAKE_PREFIX_PATH} PKG_CONFIG_PATH=/home/autoware/Autoware/install/autoware_build_flags/lib/x86_64-linux-gnu/pkgconfig:/home/autoware/Autoware/install/autoware_build_flags/lib/pkgconfig:${PKG_CONFIG_PATH} ROS_PACKAGE_PATH=/home/autoware/Autoware/install/autoware_build_flags/share:${ROS_PACKAGE_PATH} /usr/bin/cmake --build /home/autoware/Autoware/build/autoware_launcher_rviz --target tests -- -j2 -l2
[6.434s] Scanning dependencies of target tests
[6.445s] Built target tests
[6.458s] Invoked command in '/home/autoware/Autoware/build/autoware_launcher_rviz' returned '0': CMAKE_PREFIX_PATH=/home/autoware/Autoware/install/autoware_build_flags:${CMAKE_PREFIX_PATH} PKG_CONFIG_PATH=/home/autoware/Autoware/install/autoware_build_flags/lib/x86_64-linux-gnu/pkgconfig:/home/autoware/Autoware/install/autoware_build_flags/lib/pkgconfig:${PKG_CONFIG_PATH} ROS_PACKAGE_PATH=/home/autoware/Autoware/install/autoware_build_flags/share:${ROS_PACKAGE_PATH} /usr/bin/cmake --build /home/autoware/Autoware/build/autoware_launcher_rviz --target tests -- -j2 -l2
[6.576s] Invoking command in '/home/autoware/Autoware/build/autoware_launcher_rviz': CMAKE_PREFIX_PATH=/home/autoware/Autoware/install/autoware_build_flags:${CMAKE_PREFIX_PATH} PKG_CONFIG_PATH=/home/autoware/Autoware/install/autoware_build_flags/lib/x86_64-linux-gnu/pkgconfig:/home/autoware/Autoware/install/autoware_build_flags/lib/pkgconfig:${PKG_CONFIG_PATH} ROS_PACKAGE_PATH=/home/autoware/Autoware/install/autoware_build_flags/share:${ROS_PACKAGE_PATH} /usr/bin/cmake --build /home/autoware/Autoware/build/autoware_launcher_rviz --target install -- -j2 -l2
[6.656s] [100%] Built target autoware_launcher_rviz
[6.681s] Install the project...
[6.692s] -- Install configuration: "Release"
[6.693s] -- Installing: /home/autoware/Autoware/install/autoware_launcher_rviz/lib/pkgconfig/autoware_launcher_rviz.pc
[6.693s] -- Installing: /home/autoware/Autoware/install/autoware_launcher_rviz/share/autoware_launcher_rviz/cmake/autoware_launcher_rvizConfig.cmake
[6.693s] -- Installing: /home/autoware/Autoware/install/autoware_launcher_rviz/share/autoware_launcher_rviz/cmake/autoware_launcher_rvizConfig-version.cmake
[6.694s] -- Installing: /home/autoware/Autoware/install/autoware_launcher_rviz/share/autoware_launcher_rviz/package.xml
[6.694s] -- Installing: /home/autoware/Autoware/install/autoware_launcher_rviz/lib/libautoware_launcher_rviz.so
[6.695s] -- Set runtime path of "/home/autoware/Autoware/install/autoware_launcher_rviz/lib/libautoware_launcher_rviz.so" to ""
[6.696s] -- Installing: /home/autoware/Autoware/install/autoware_launcher_rviz/share/autoware_launcher_rviz/plugin_description.xml
[6.696s] -- Installing: /home/autoware/Autoware/install/autoware_launcher_rviz/share/autoware_launcher_rviz/icons/icons
[6.697s] -- Installing: /home/autoware/Autoware/install/autoware_launcher_rviz/share/autoware_launcher_rviz/icons/icons/classes
[6.697s] -- Installing: /home/autoware/Autoware/install/autoware_launcher_rviz/share/autoware_launcher_rviz/icons/icons/classes/ModulePanel.png
[6.706s] Invoked command in '/home/autoware/Autoware/build/autoware_launcher_rviz' returned '0': CMAKE_PREFIX_PATH=/home/autoware/Autoware/install/autoware_build_flags:${CMAKE_PREFIX_PATH} PKG_CONFIG_PATH=/home/autoware/Autoware/install/autoware_build_flags/lib/x86_64-linux-gnu/pkgconfig:/home/autoware/Autoware/install/autoware_build_flags/lib/pkgconfig:${PKG_CONFIG_PATH} ROS_PACKAGE_PATH=/home/autoware/Autoware/install/autoware_build_flags/share:${ROS_PACKAGE_PATH} /usr/bin/cmake --build /home/autoware/Autoware/build/autoware_launcher_rviz --target install -- -j2 -l2
