[0.014s] Invoking command in '/home/autoware/Autoware/build/ndt_cpu': /usr/bin/cmake /home/autoware/Autoware/src/autoware/core_perception/ndt_cpu -DCMAKE_BUILD_TYPE=Release -DCATKIN_INSTALL_INTO_PREFIX_ROOT=0 -DCMAKE_INSTALL_PREFIX=/home/autoware/Autoware/install/ndt_cpu
[0.103s] -- The C compiler identification is GNU 7.5.0
[0.183s] -- The CXX compiler identification is GNU 7.5.0
[0.189s] -- Check for working C compiler: /usr/bin/cc
[0.287s] -- Check for working C compiler: /usr/bin/cc -- works
[0.287s] -- Detecting C compiler ABI info
[0.383s] -- Detecting C compiler ABI info - done
[0.388s] -- Detecting C compile features
[0.669s] -- Detecting C compile features - done
[0.674s] -- Check for working CXX compiler: /usr/bin/c++
[0.791s] -- Check for working CXX compiler: /usr/bin/c++ -- works
[0.791s] -- Detecting CXX compiler ABI info
[0.907s] -- Detecting CXX compiler ABI info - done
[0.910s] -- Detecting CXX compile features
[1.415s] -- Detecting CXX compile features - done
[1.418s] -- Using CATKIN_DEVEL_PREFIX: /home/autoware/Autoware/build/ndt_cpu/devel
[1.418s] -- Using CMAKE_PREFIX_PATH: /opt/ros/melodic
[1.418s] -- This workspace overlays: /opt/ros/melodic
[1.436s] -- Found PythonInterp: /usr/bin/python2 (found suitable version "2.7.17", minimum required is "2") 
[1.436s] -- Using PYTHON_EXECUTABLE: /usr/bin/python2
[1.436s] -- Using Debian Python package layout
[1.437s] -- Using empy: /usr/bin/empy
[1.614s] -- Using CATKIN_ENABLE_TESTING: ON
[1.614s] -- Call enable_testing()
[1.617s] -- Using CATKIN_TEST_RESULTS_DIR: /home/autoware/Autoware/build/ndt_cpu/test_results
[1.646s] -- Found gtest sources under '/usr/src/googletest': gtests will be built
[1.646s] -- Found gmock sources under '/usr/src/googletest': gmock will be built
[1.664s] -- Found PythonInterp: /usr/bin/python2 (found version "2.7.17") 
[1.666s] -- Looking for pthread.h
[1.763s] -- Looking for pthread.h - found
[1.764s] -- Looking for pthread_create
[1.865s] -- Looking for pthread_create - not found
[1.865s] -- Looking for pthread_create in pthreads
[1.945s] -- Looking for pthread_create in pthreads - not found
[1.945s] -- Looking for pthread_create in pthread
[2.039s] -- Looking for pthread_create in pthread - found
[2.041s] -- Found Threads: TRUE  
[2.046s] -- Using Python nosetests: /usr/bin/nosetests-2.7
[2.099s] -- catkin 0.7.26
[2.099s] -- BUILD_SHARED_LIBS is on
[2.226s] -- Checking for module 'eigen3'
[2.251s] --   Found eigen3, version 3.3.7
[2.318s] -- Found eigen: /usr/local/include/eigen3  
[2.405s] -- Boost version: 1.65.1
[2.405s] -- Found the following Boost libraries:
[2.405s] --   system
[2.405s] --   filesystem
[2.405s] --   thread
[2.405s] --   date_time
[2.405s] --   iostreams
[2.406s] --   serialization
[2.406s] --   chrono
[2.406s] --   atomic
[2.406s] --   regex
[2.407s] -- Checking for module 'libopenni'
[2.432s] --   Found libopenni, version 1.5.4.0
[2.498s] -- Found openni: /usr/lib/libOpenNI.so  
[2.499s] -- Checking for module 'libopenni2'
[2.522s] --   Found libopenni2, version 2.2.0.3
[2.589s] -- Found OpenNI2: /usr/lib/libOpenNI2.so  
[2.594s] -- Could NOT find ensenso (missing: ENSENSO_LIBRARY ENSENSO_INCLUDE_DIR) 
[2.594s] ** WARNING ** io features related to ensenso will be disabled
[2.598s] -- Could NOT find DAVIDSDK (missing: DAVIDSDK_LIBRARY DAVIDSDK_INCLUDE_DIR) 
[2.598s] ** WARNING ** io features related to davidSDK will be disabled
[2.599s] -- Could NOT find DSSDK (missing: _DSSDK_LIBRARIES) 
[2.599s] ** WARNING ** io features related to dssdk will be disabled
[2.599s] ** WARNING ** io features related to pcap will be disabled
[2.599s] ** WARNING ** io features related to png will be disabled
[2.671s] -- The imported target "vtkRenderingPythonTkWidgets" references the file
[2.671s]    "/usr/lib/x86_64-linux-gnu/libvtkRenderingPythonTkWidgets.so"
[2.671s] but this file does not exist.  Possible reasons include:
[2.671s] * The file was deleted, renamed, or moved to another location.
[2.671s] * An install or uninstall procedure did not complete successfully.
[2.671s] * The installation package was faulty and contained
[2.671s]    "/usr/lib/cmake/vtk-6.3/VTKTargets.cmake"
[2.671s] but not all the files it references.
[2.671s] 
[2.675s] -- The imported target "vtk" references the file
[2.675s]    "/usr/bin/vtk"
[2.675s] but this file does not exist.  Possible reasons include:
[2.675s] * The file was deleted, renamed, or moved to another location.
[2.676s] * An install or uninstall procedure did not complete successfully.
[2.676s] * The installation package was faulty and contained
[2.676s]    "/usr/lib/cmake/vtk-6.3/VTKTargets.cmake"
[2.676s] but not all the files it references.
[2.676s] 
[2.760s] -- Found libusb-1.0: /usr/include  
[2.760s] ** WARNING ** io features related to libusb-1.0 will be disabled
[2.761s] -- Checking for module 'flann'
[2.787s] --   Found flann, version 1.9.1
[2.855s] -- Found Flann: /usr/lib/x86_64-linux-gnu/libflann_cpp_s.a  
[2.908s] -- Could NOT find ensenso (missing: ENSENSO_LIBRARY ENSENSO_INCLUDE_DIR) 
[2.909s] ** WARNING ** visualization features related to ensenso will be disabled
[2.913s] -- Could NOT find DAVIDSDK (missing: DAVIDSDK_LIBRARY DAVIDSDK_INCLUDE_DIR) 
[2.913s] ** WARNING ** visualization features related to davidSDK will be disabled
[2.915s] -- Could NOT find DSSDK (missing: _DSSDK_LIBRARIES) 
[2.915s] ** WARNING ** visualization features related to dssdk will be disabled
[2.916s] -- Could NOT find RSSDK (missing: _RSSDK_LIBRARIES) 
[2.917s] ** WARNING ** visualization features related to rssdk will be disabled
[2.963s] -- Found qhull: /usr/lib/x86_64-linux-gnu/libqhull.so  
[3.007s] -- looking for PCL_COMMON
[3.009s] -- Found PCL_COMMON: /usr/lib/x86_64-linux-gnu/libpcl_common.so  
[3.010s] -- looking for PCL_OCTREE
[3.011s] -- Found PCL_OCTREE: /usr/lib/x86_64-linux-gnu/libpcl_octree.so  
[3.012s] -- looking for PCL_IO
[3.014s] -- Found PCL_IO: /usr/lib/x86_64-linux-gnu/libpcl_io.so  
[3.014s] -- looking for PCL_KDTREE
[3.016s] -- Found PCL_KDTREE: /usr/lib/x86_64-linux-gnu/libpcl_kdtree.so  
[3.017s] -- looking for PCL_SEARCH
[3.019s] -- Found PCL_SEARCH: /usr/lib/x86_64-linux-gnu/libpcl_search.so  
[3.020s] -- looking for PCL_SAMPLE_CONSENSUS
[3.021s] -- Found PCL_SAMPLE_CONSENSUS: /usr/lib/x86_64-linux-gnu/libpcl_sample_consensus.so  
[3.022s] -- looking for PCL_FILTERS
[3.024s] -- Found PCL_FILTERS: /usr/lib/x86_64-linux-gnu/libpcl_filters.so  
[3.025s] -- looking for PCL_2D
[3.026s] -- Found PCL_2D: /usr/include/pcl-1.8  
[3.026s] -- looking for PCL_GEOMETRY
[3.027s] -- Found PCL_GEOMETRY: /usr/include/pcl-1.8  
[3.028s] -- looking for PCL_FEATURES
[3.030s] -- Found PCL_FEATURES: /usr/lib/x86_64-linux-gnu/libpcl_features.so  
[3.031s] -- looking for PCL_ML
[3.033s] -- Found PCL_ML: /usr/lib/x86_64-linux-gnu/libpcl_ml.so  
[3.033s] -- looking for PCL_SEGMENTATION
[3.035s] -- Found PCL_SEGMENTATION: /usr/lib/x86_64-linux-gnu/libpcl_segmentation.so  
[3.037s] -- looking for PCL_VISUALIZATION
[3.039s] -- Found PCL_VISUALIZATION: /usr/lib/x86_64-linux-gnu/libpcl_visualization.so  
[3.040s] -- looking for PCL_SURFACE
[3.041s] -- Found PCL_SURFACE: /usr/lib/x86_64-linux-gnu/libpcl_surface.so  
[3.042s] -- looking for PCL_REGISTRATION
[3.044s] -- Found PCL_REGISTRATION: /usr/lib/x86_64-linux-gnu/libpcl_registration.so  
[3.045s] -- looking for PCL_KEYPOINTS
[3.047s] -- Found PCL_KEYPOINTS: /usr/lib/x86_64-linux-gnu/libpcl_keypoints.so  
[3.048s] -- looking for PCL_TRACKING
[3.050s] -- Found PCL_TRACKING: /usr/lib/x86_64-linux-gnu/libpcl_tracking.so  
[3.051s] -- looking for PCL_RECOGNITION
[3.053s] -- Found PCL_RECOGNITION: /usr/lib/x86_64-linux-gnu/libpcl_recognition.so  
[3.054s] -- looking for PCL_STEREO
[3.056s] -- Found PCL_STEREO: /usr/lib/x86_64-linux-gnu/libpcl_stereo.so  
[3.057s] -- looking for PCL_APPS
[3.059s] -- Found PCL_APPS: /usr/lib/x86_64-linux-gnu/libpcl_apps.so  
[3.063s] -- looking for PCL_IN_HAND_SCANNER
[3.064s] -- Found PCL_IN_HAND_SCANNER: /usr/include/pcl-1.8  
[3.064s] -- looking for PCL_MODELER
[3.066s] -- Found PCL_MODELER: /usr/include/pcl-1.8  
[3.066s] -- looking for PCL_POINT_CLOUD_EDITOR
[3.068s] -- Found PCL_POINT_CLOUD_EDITOR: /usr/include/pcl-1.8  
[3.068s] -- looking for PCL_OUTOFCORE
[3.070s] -- Found PCL_OUTOFCORE: /usr/lib/x86_64-linux-gnu/libpcl_outofcore.so  
[3.071s] -- looking for PCL_PEOPLE
[3.074s] -- Found PCL_PEOPLE: /usr/lib/x86_64-linux-gnu/libpcl_people.so  
[3.107s] -- Found PCL: /usr/lib/x86_64-linux-gnu/libboost_system.so;/usr/lib/x86_64-linux-gnu/libboost_filesystem.so;/usr/lib/x86_64-linux-gnu/libboost_thread.so;/usr/lib/x86_64-linux-gnu/libboost_date_time.so;/usr/lib/x86_64-linux-gnu/libboost_iostreams.so;/usr/lib/x86_64-linux-gnu/libboost_serialization.so;/usr/lib/x86_64-linux-gnu/libboost_chrono.so;/usr/lib/x86_64-linux-gnu/libboost_atomic.so;/usr/lib/x86_64-linux-gnu/libboost_regex.so;/usr/lib/x86_64-linux-gnu/libpthread.so;optimized;/usr/lib/x86_64-linux-gnu/libpcl_common.so;debug;/usr/lib/x86_64-linux-gnu/libpcl_common.so;optimized;/usr/lib/x86_64-linux-gnu/libpcl_octree.so;debug;/usr/lib/x86_64-linux-gnu/libpcl_octree.so;/usr/lib/libOpenNI.so;/usr/lib/libOpenNI2.so;vtkChartsCore;vtkCommonColor;vtkCommonDataModel;vtkCommonMath;vtkCommonCore;vtksys;vtkCommonMisc;vtkCommonSystem;vtkCommonTransforms;vtkInfovisCore;vtkFiltersExtraction;vtkCommonExecutionModel;vtkFiltersCore;vtkFiltersGeneral;vtkCommonComputationalGeometry;vtkFiltersStatistics;vtkImagingFourier;vtkImagingCore;vtkalglib;vtkRenderingContext2D;vtkRenderingCore;vtkFiltersGeometry;vtkFiltersSources;vtkRenderingFreeType;/usr/lib/x86_64-linux-gnu/libfreetype.so;/usr/lib/x86_64-linux-gnu/libz.so;vtkftgl;vtkDICOMParser;vtkDomainsChemistry;vtkIOXML;vtkIOGeometry;vtkIOCore;vtkIOXMLParser;/usr/lib/x86_64-linux-gnu/libexpat.so;vtkFiltersAMR;vtkParallelCore;vtkIOLegacy;vtkFiltersFlowPaths;vtkFiltersGeneric;vtkFiltersHybrid;vtkImagingSources;vtkFiltersHyperTree;vtkFiltersImaging;vtkImagingGeneral;vtkFiltersModeling;vtkFiltersParallel;vtkFiltersParallelFlowPaths;vtkParallelMPI;vtkFiltersParallelGeometry;vtkFiltersParallelImaging;vtkFiltersParallelMPI;vtkFiltersParallelStatistics;vtkFiltersProgrammable;vtkFiltersPython;/usr/lib/x86_64-linux-gnu/libpython2.7.so;vtkWrappingPythonCore;vtkWrappingTools;vtkFiltersReebGraph;vtkFiltersSMP;vtkFiltersSelection;vtkFiltersTexture;vtkFiltersVerdict;verdict;vtkGUISupportQt;vtkInteractionStyle;vtkRenderingOpenGL;vtkImagingHybrid;vtkIOImage;vtkmetaio;/usr/lib/x86_64-linux-gnu/libjpeg.so;/usr/lib/x86_64-linux-gnu/libpng.so;/usr/lib/x86_64-linux-gnu/libtiff.so;vtkGUISupportQtOpenGL;vtkGUISupportQtSQL;vtkIOSQL;sqlite3;vtkGUISupportQtWebkit;vtkViewsQt;vtkViewsInfovis;vtkInfovisLayout;vtkInfovisBoostGraphAlgorithms;vtkRenderingLabel;vtkViewsCore;vtkInteractionWidgets;vtkRenderingAnnotation;vtkImagingColor;vtkRenderingVolume;vtkGeovisCore;/usr/lib/x86_64-linux-gnu/libproj.so;vtkIOAMR;/usr/lib/x86_64-linux-gnu/hdf5/openmpi/libhdf5.so;/usr/lib/x86_64-linux-gnu/libsz.so;/usr/lib/x86_64-linux-gnu/libdl.so;/usr/lib/x86_64-linux-gnu/libm.so;/usr/lib/x86_64-linux-gnu/openmpi/lib/libmpi.so;vtkIOEnSight;vtkIOExodus;vtkexoIIc;/usr/lib/x86_64-linux-gnu/libnetcdf_c++.so;/usr/lib/x86_64-linux-gnu/libnetcdf.so;vtkIOExport;vtkRenderingGL2PS;vtkRenderingContextOpenGL;/usr/lib/x86_64-linux-gnu/libgl2ps.so;vtkIOFFMPEG;vtkIOMovie;/usr/lib/x86_64-linux-gnu/libtheoraenc.so;/usr/lib/x86_64-linux-gnu/libtheoradec.so;/usr/lib/x86_64-linux-gnu/libogg.so;vtkIOGDAL;vtkIOGeoJSON;vtkIOImport;vtkIOInfovis;/usr/lib/x86_64-linux-gnu/libxml2.so;vtkIOLSDyna;vtkIOMINC;vtkIOMPIImage;vtkIOMPIParallel;vtkIOParallel;vtkIONetCDF;/usr/lib/x86_64-linux-gnu/libjsoncpp.so;vtkIOMySQL;vtkIOODBC;vtkIOPLY;vtkIOParallelExodus;vtkIOParallelLSDyna;vtkIOParallelNetCDF;vtkIOParallelXML;vtkIOPostgreSQL;vtkIOVPIC;VPIC;vtkIOVideo;vtkIOXdmf2;vtkxdmf2;vtkImagingMath;vtkImagingMorphological;vtkImagingStatistics;vtkImagingStencil;vtkInteractionImage;vtkLocalExample;vtkParallelMPI4Py;vtkPythonInterpreter;vtkRenderingExternal;vtkRenderingFreeTypeFontConfig;vtkRenderingImage;vtkRenderingLIC;vtkRenderingLOD;vtkRenderingMatplotlib;vtkRenderingParallel;vtkRenderingParallelLIC;vtkRenderingQt;vtkRenderingVolumeAMR;vtkRenderingVolumeOpenGL;vtkTestingGenericBridge;vtkTestingIOSQL;vtkTestingRendering;vtkViewsContext2D;vtkViewsGeovis;vtkWrappingJava;optimized;/usr/lib/x86_64-linux-gnu/libpcl_io.so;debug;/usr/lib/x86_64-linux-gnu/libpcl_io.so;optimized;/usr/lib/x86_64-linux-gnu/libflann_cpp_s.a;debug;/usr/lib/x86_64-linux-gnu/libflann_cpp_s.a;optimized;/usr/lib/x86_64-linux-gnu/libpcl_kdtree.so;debug;/usr/lib/x86_64-linux-gnu/libpcl_kdtree.so;optimized;/usr/lib/x86_64-linux-gnu/libpcl_search.so;debug;/usr/lib/x86_64-linux-gnu/libpcl_search.so;optimized;/usr/lib/x86_64-linux-gnu/libpcl_sample_consensus.so;debug;/usr/lib/x86_64-linux-gnu/libpcl_sample_consensus.so;optimized;/usr/lib/x86_64-linux-gnu/libpcl_filters.so;debug;/usr/lib/x86_64-linux-gnu/libpcl_filters.so;optimized;/usr/lib/x86_64-linux-gnu/libpcl_features.so;debug;/usr/lib/x86_64-linux-gnu/libpcl_features.so;optimized;/usr/lib/x86_64-linux-gnu/libpcl_ml.so;debug;/usr/lib/x86_64-linux-gnu/libpcl_ml.so;optimized;/usr/lib/x86_64-linux-gnu/libpcl_segmentation.so;debug;/usr/lib/x86_64-linux-gnu/libpcl_segmentation.so;optimized;/usr/lib/x86_64-linux-gnu/libpcl_visualization.so;debug;/usr/lib/x86_64-linux-gnu/libpcl_visualization.so;optimized;/usr/lib/x86_64-linux-gnu/libqhull.so;debug;/usr/lib/x86_64-linux-gnu/libqhull.so;optimized;/usr/lib/x86_64-linux-gnu/libpcl_surface.so;debug;/usr/lib/x86_64-linux-gnu/libpcl_surface.so;optimized;/usr/lib/x86_64-linux-gnu/libpcl_registration.so;debug;/usr/lib/x86_64-linux-gnu/libpcl_registration.so;optimized;/usr/lib/x86_64-linux-gnu/libpcl_keypoints.so;debug;/usr/lib/x86_64-linux-gnu/libpcl_keypoints.so;optimized;/usr/lib/x86_64-linux-gnu/libpcl_tracking.so;debug;/usr/lib/x86_64-linux-gnu/libpcl_tracking.so;optimized;/usr/lib/x86_64-linux-gnu/libpcl_recognition.so;debug;/usr/lib/x86_64-linux-gnu/libpcl_recognition.so;optimized;/usr/lib/x86_64-linux-gnu/libpcl_stereo.so;debug;/usr/lib/x86_64-linux-gnu/libpcl_stereo.so;optimized;/usr/lib/x86_64-linux-gnu/libpcl_apps.so;debug;/usr/lib/x86_64-linux-gnu/libpcl_apps.so;optimized;/usr/lib/x86_64-linux-gnu/libpcl_outofcore.so;debug;/usr/lib/x86_64-linux-gnu/libpcl_outofcore.so;optimized;/usr/lib/x86_64-linux-gnu/libpcl_people.so;debug;/usr/lib/x86_64-linux-gnu/libpcl_people.so;/usr/lib/x86_64-linux-gnu/libboost_system.so;/usr/lib/x86_64-linux-gnu/libboost_filesystem.so;/usr/lib/x86_64-linux-gnu/libboost_thread.so;/usr/lib/x86_64-linux-gnu/libboost_date_time.so;/usr/lib/x86_64-linux-gnu/libboost_iostreams.so;/usr/lib/x86_64-linux-gnu/libboost_serialization.so;/usr/lib/x86_64-linux-gnu/libboost_chrono.so;/usr/lib/x86_64-linux-gnu/libboost_atomic.so;/usr/lib/x86_64-linux-gnu/libboost_regex.so;/usr/lib/x86_64-linux-gnu/libpthread.so;optimized;/usr/lib/x86_64-linux-gnu/libqhull.so;debug;/usr/lib/x86_64-linux-gnu/libqhull.so;/usr/lib/libOpenNI.so;/usr/lib/libOpenNI2.so;optimized;/usr/lib/x86_64-linux-gnu/libflann_cpp_s.a;debug;/usr/lib/x86_64-linux-gnu/libflann_cpp_s.a;vtkChartsCore;vtkCommonColor;vtkCommonDataModel;vtkCommonMath;vtkCommonCore;vtksys;vtkCommonMisc;vtkCommonSystem;vtkCommonTransforms;vtkInfovisCore;vtkFiltersExtraction;vtkCommonExecutionModel;vtkFiltersCore;vtkFiltersGeneral;vtkCommonComputationalGeometry;vtkFiltersStatistics;vtkImagingFourier;vtkImagingCore;vtkalglib;vtkRenderingContext2D;vtkRenderingCore;vtkFiltersGeometry;vtkFiltersSources;vtkRenderingFreeType;/usr/lib/x86_64-linux-gnu/libfreetype.so;/usr/lib/x86_64-linux-gnu/libz.so;vtkftgl;vtkDICOMParser;vtkDomainsChemistry;vtkIOXML;vtkIOGeometry;vtkIOCore;vtkIOXMLParser;/usr/lib/x86_64-linux-gnu/libexpat.so;vtkFiltersAMR;vtkParallelCore;vtkIOLegacy;vtkFiltersFlowPaths;vtkFiltersGeneric;vtkFiltersHybrid;vtkImagingSources;vtkFiltersHyperTree;vtkFiltersImaging;vtkImagingGeneral;vtkFiltersModeling;vtkFiltersParallel;vtkFiltersParallelFlowPaths;vtkParallelMPI;vtkFiltersParallelGeometry;vtkFiltersParallelImaging;vtkFiltersParallelMPI;vtkFiltersParallelStatistics;vtkFiltersProgrammable;vtkFiltersPython;/usr/lib/x86_64-linux-gnu/libpython2.7.so;vtkWrappingPythonCore;vtkWrappingTools;vtkFiltersReebGraph;vtkFiltersSMP;vtkFiltersSelection;vtkFiltersTexture;vtkFiltersVerdict;verdict;vtkGUISupportQt;vtkInteractionStyle;vtkRenderingOpenGL;vtkImagingHybrid;vtkIOImage;vtkmetaio;/usr/lib/x86_64-linux-gnu/libjpeg.so;/usr/lib/x86_64-linux-gnu/libpng.so;/usr/lib/x86_64-linux-gnu/libtiff.so;vtkGUISupportQtOpenGL;vtkGUISupportQtSQL;vtkIOSQL;sqlite3;vtkGUISupportQtWebkit;vtkViewsQt;vtkViewsInfovis;vtkInfovisLayout;vtkInfovisBoostGraphAlgorithms;vtkRenderingLabel;vtkViewsCore;vtkInteractionWidgets;vtkRenderingAnnotation;vtkImagingColor;vtkRenderingVolume;vtkGeovisCore;/usr/lib/x86_64-linux-gnu/libproj.so;vtkIOAMR;/usr/lib/x86_64-linux-gnu/hdf5/openmpi/libhdf5.so;/usr/lib/x86_64-linux-gnu/libsz.so;/usr/lib/x86_64-linux-gnu/libdl.so;/usr/lib/x86_64-linux-gnu/libm.so;/usr/lib/x86_64-linux-gnu/openmpi/lib/libmpi.so;vtkIOEnSight;vtkIOExodus;vtkexoIIc;/usr/lib/x86_64-linux-gnu/libnetcdf_c++.so;/usr/lib/x86_64-linux-gnu/libnetcdf.so;vtkIOExport;vtkRenderingGL2PS;vtkRenderingContextOpenGL;/usr/lib/x86_64-linux-gnu/libgl2ps.so;vtkIOFFMPEG;vtkIOMovie;/usr/lib/x86_64-linux-gnu/libtheoraenc.so;/usr/lib/x86_64-linux-gnu/libtheoradec.so;/usr/lib/x86_64-linux-gnu/libogg.so;vtkIOGDAL;vtkIOGeoJSON;vtkIOImport;vtkIOInfovis;/usr/lib/x86_64-linux-gnu/libxml2.so;vtkIOLSDyna;vtkIOMINC;vtkIOMPIImage;vtkIOMPIParallel;vtkIOParallel;vtkIONetCDF;/usr/lib/x86_64-linux-gnu/libjsoncpp.so;vtkIOMySQL;vtkIOODBC;vtkIOPLY;vtkIOParallelExodus;vtkIOParallelLSDyna;vtkIOParallelNetCDF;vtkIOParallelXML;vtkIOPostgreSQL;vtkIOVPIC;VPIC;vtkIOVideo;vtkIOXdmf2;vtkxdmf2;vtkImagingMath;vtkImagingMorphological;vtkImagingStatistics;vtkImagingStencil;vtkInteractionImage;vtkLocalExample;vtkParallelMPI4Py;vtkPythonInterpreter;vtkRenderingExternal;vtkRenderingFreeTypeFontConfig;vtkRenderingImage;vtkRenderingLIC;vtkRenderingLOD;vtkRenderingMatplotlib;vtkRenderingParallel;vtkRenderingParallelLIC;vtkRenderingQt;vtkRenderingVolumeAMR;vtkRenderingVolumeOpenGL;vtkTestingGenericBridge;vtkTestingIOSQL;vtkTestingRendering;vtkViewsContext2D;vtkViewsGeovis;vtkWrappingJava  
[3.486s] CMake Warning at CMakeLists.txt:49 (message):
[3.486s]   Adding 'EIGEN_DISABLE_UNALIGNED_ARRAY_ASSERT' macro to prevent
[3.486s]   ndt_matching's runtime error in debug mode.
[3.486s] 
[3.486s]     The bug reasons and solutions are written in http://eigen.tuxfamily.org/dox-devel/group__TopicUnalignedArrayAssert.html .
[3.486s]     This workaround was discussed on https://gitlab.com/autowarefoundation/autoware.ai/core_perception/merge_requests/57 .
[3.486s] 
[3.487s] 
[3.492s] -- Configuring done
[3.564s] -- Generating done
[3.568s] -- Build files have been written to: /home/autoware/Autoware/build/ndt_cpu
[3.582s] Invoked command in '/home/autoware/Autoware/build/ndt_cpu' returned '0': /usr/bin/cmake /home/autoware/Autoware/src/autoware/core_perception/ndt_cpu -DCMAKE_BUILD_TYPE=Release -DCATKIN_INSTALL_INTO_PREFIX_ROOT=0 -DCMAKE_INSTALL_PREFIX=/home/autoware/Autoware/install/ndt_cpu
[3.583s] Invoking command in '/home/autoware/Autoware/build/ndt_cpu': /usr/bin/cmake --build /home/autoware/Autoware/build/ndt_cpu -- -j2 -l2
[3.735s] Scanning dependencies of target ndt_cpu
[3.766s] [ 20%] Building CXX object CMakeFiles/ndt_cpu.dir/src/NormalDistributionsTransform.cpp.o
[15.893s] [ 40%] Building CXX object CMakeFiles/ndt_cpu.dir/src/Registration.cpp.o
[18.642s] [ 60%] Building CXX object CMakeFiles/ndt_cpu.dir/src/VoxelGrid.cpp.o
[23.623s] [ 80%] Building CXX object CMakeFiles/ndt_cpu.dir/src/Octree.cpp.o
[27.978s] [100%] Linking CXX shared library devel/lib/libndt_cpu.so
[28.605s] [100%] Built target ndt_cpu
[28.621s] Invoked command in '/home/autoware/Autoware/build/ndt_cpu' returned '0': /usr/bin/cmake --build /home/autoware/Autoware/build/ndt_cpu -- -j2 -l2
[28.680s] Invoking command in '/home/autoware/Autoware/build/ndt_cpu': /usr/bin/cmake --build /home/autoware/Autoware/build/ndt_cpu --target tests -- -j2 -l2
[28.750s] Scanning dependencies of target tests
[28.763s] Built target tests
[28.779s] Invoked command in '/home/autoware/Autoware/build/ndt_cpu' returned '0': /usr/bin/cmake --build /home/autoware/Autoware/build/ndt_cpu --target tests -- -j2 -l2
[28.832s] Invoking command in '/home/autoware/Autoware/build/ndt_cpu': /usr/bin/cmake --build /home/autoware/Autoware/build/ndt_cpu --target install -- -j2 -l2
[28.928s] [100%] Built target ndt_cpu
[28.953s] Install the project...
[28.964s] -- Install configuration: "Release"
[28.965s] -- Installing: /home/autoware/Autoware/install/ndt_cpu/lib/pkgconfig/ndt_cpu.pc
[28.965s] -- Installing: /home/autoware/Autoware/install/ndt_cpu/share/ndt_cpu/cmake/ndt_cpuConfig.cmake
[28.966s] -- Installing: /home/autoware/Autoware/install/ndt_cpu/share/ndt_cpu/cmake/ndt_cpuConfig-version.cmake
[28.966s] -- Installing: /home/autoware/Autoware/install/ndt_cpu/share/ndt_cpu/package.xml
[28.967s] -- Installing: /home/autoware/Autoware/install/ndt_cpu/include/ndt_cpu
[28.967s] -- Installing: /home/autoware/Autoware/install/ndt_cpu/include/ndt_cpu/VoxelGrid.h
[28.967s] -- Installing: /home/autoware/Autoware/install/ndt_cpu/include/ndt_cpu/SymmetricEigenSolver.h
[28.968s] -- Installing: /home/autoware/Autoware/install/ndt_cpu/include/ndt_cpu/debug.h
[28.968s] -- Installing: /home/autoware/Autoware/install/ndt_cpu/include/ndt_cpu/Registration.h
[28.968s] -- Installing: /home/autoware/Autoware/install/ndt_cpu/include/ndt_cpu/NormalDistributionsTransform.h
[28.969s] -- Installing: /home/autoware/Autoware/install/ndt_cpu/include/ndt_cpu/Octree.h
[28.969s] -- Installing: /home/autoware/Autoware/install/ndt_cpu/lib/libndt_cpu.so
[28.970s] -- Set runtime path of "/home/autoware/Autoware/install/ndt_cpu/lib/libndt_cpu.so" to ""
[28.979s] Invoked command in '/home/autoware/Autoware/build/ndt_cpu' returned '0': /usr/bin/cmake --build /home/autoware/Autoware/build/ndt_cpu --target install -- -j2 -l2
